Fold 0
{'activation': 'ReLU',
 'atom_messages': False,
 'batch_size': 50,
 'bias': False,
 'checkpoint_dir': None,
 'checkpoint_path': None,
 'checkpoint_paths': None,
 'config_path': None,
 'crossval_index_dir': None,
 'crossval_index_file': None,
 'cuda': False,
 'data_path': 'Data/Multitask_data/All_datasets/Splits/Predict_carbonate_all_with_all_data/train.csv',
 'dataset_type': 'regression',
 'depth': 3,
 'dropout': 0.0,
 'ensemble_size': 1,
 'epochs': 40,
 'features_generator': None,
 'features_only': False,
 'features_path': ['Data/Multitask_data/All_datasets/Splits/Predict_carbonate_all_with_all_data/train_extra_x.csv'],
 'features_scaling': True,
 'ffn_hidden_size': 300,
 'ffn_num_layers': 3,
 'final_lr': 0.0001,
 'folds_file': None,
 'gpu': None,
 'hidden_size': 300,
 'init_lr': 0.0001,
 'log_frequency': 10,
 'max_data_size': None,
 'max_lr': 0.001,
 'metric': 'rmse',
 'minimize_score': True,
 'multiclass_num_classes': 3,
 'no_cache': False,
 'num_folds': 1,
 'num_lrs': 1,
 'quiet': False,
 'save_dir': 'Data/Multitask_data/All_datasets/Splits/Predict_carbonate_all_with_all_data/trained_model/fold_0',
 'save_smiles_splits': False,
 'seed': 5,
 'separate_test_features_path': ['Data/Multitask_data/All_datasets/Splits/Predict_carbonate_all_with_all_data/test_extra_x.csv'],
 'separate_test_path': 'Data/Multitask_data/All_datasets/Splits/Predict_carbonate_all_with_all_data/test.csv',
 'separate_val_features_path': ['Data/Multitask_data/All_datasets/Splits/Predict_carbonate_all_with_all_data/valid_extra_x.csv'],
 'separate_val_path': 'Data/Multitask_data/All_datasets/Splits/Predict_carbonate_all_with_all_data/valid.csv',
 'show_individual_scores': False,
 'split_sizes': [0.675, 0.075, 0.25],
 'split_type': 'random',
 'test': False,
 'test_fold_index': None,
 'undirected': False,
 'use_compound_names': False,
 'use_input_features': True,
 'val_fold_index': None,
 'warmup_epochs': 2.0}
Loading data
Number of tasks = 2
Splitting data with seed 5
Total size = 3,609 | train size = 3,609 | val size = 527 | test size = 720
Fitting scaler
Building model 0
MoleculeModel(
  (encoder): MPN(
    (encoder): MPNEncoder(
      (dropout_layer): Dropout(p=0.0, inplace=False)
      (act_func): ReLU()
      (W_i): Linear(in_features=147, out_features=300, bias=False)
      (W_h): Linear(in_features=300, out_features=300, bias=False)
      (W_o): Linear(in_features=433, out_features=300, bias=True)
    )
  )
  (ffn): Sequential(
    (0): Dropout(p=0.0, inplace=False)
    (1): Linear(in_features=324, out_features=300, bias=True)
    (2): ReLU()
    (3): Dropout(p=0.0, inplace=False)
    (4): Linear(in_features=300, out_features=300, bias=True)
    (5): ReLU()
    (6): Dropout(p=0.0, inplace=False)
    (7): Linear(in_features=300, out_features=2, bias=True)
  )
)
Number of parameters = 452,702
Epoch 0
Loss = 1.7080e-02, PNorm = 38.3272, GNorm = 1.6648, lr_0 = 1.6875e-04
Loss = 1.9524e-02, PNorm = 38.3332, GNorm = 2.4549, lr_0 = 2.3125e-04
Loss = 1.4085e-02, PNorm = 38.3411, GNorm = 4.1349, lr_0 = 2.9375e-04
Loss = 1.5541e-02, PNorm = 38.3477, GNorm = 2.6072, lr_0 = 3.5625e-04
Loss = 1.3586e-02, PNorm = 38.3561, GNorm = 5.4601, lr_0 = 4.1875e-04
Loss = 1.5125e-02, PNorm = 38.3690, GNorm = 1.8607, lr_0 = 4.8125e-04
Loss = 1.6238e-02, PNorm = 38.3868, GNorm = 1.2840, lr_0 = 5.4375e-04
Validation rmse = 0.557957
Epoch 1
Loss = 1.4426e-02, PNorm = 38.4128, GNorm = 4.7162, lr_0 = 6.0625e-04
Loss = 1.3709e-02, PNorm = 38.4380, GNorm = 2.7031, lr_0 = 6.6875e-04
Loss = 1.3430e-02, PNorm = 38.4583, GNorm = 2.7021, lr_0 = 7.3125e-04
Loss = 1.3180e-02, PNorm = 38.4864, GNorm = 1.6311, lr_0 = 7.9375e-04
Loss = 1.3138e-02, PNorm = 38.5034, GNorm = 0.8056, lr_0 = 8.5625e-04
Loss = 1.2983e-02, PNorm = 38.5309, GNorm = 1.3016, lr_0 = 9.1875e-04
Loss = 1.4108e-02, PNorm = 38.5761, GNorm = 1.6622, lr_0 = 9.8125e-04
Validation rmse = 0.522415
Epoch 2
Loss = 1.4104e-02, PNorm = 38.6172, GNorm = 1.4112, lr_0 = 9.9413e-04
Loss = 1.5720e-02, PNorm = 38.6540, GNorm = 3.7079, lr_0 = 9.8579e-04
Loss = 1.4048e-02, PNorm = 38.7086, GNorm = 1.0969, lr_0 = 9.7753e-04
Loss = 1.3297e-02, PNorm = 38.7549, GNorm = 1.0643, lr_0 = 9.6934e-04
Loss = 1.2566e-02, PNorm = 38.8025, GNorm = 1.2224, lr_0 = 9.6122e-04
Loss = 1.2752e-02, PNorm = 38.8519, GNorm = 1.8973, lr_0 = 9.5316e-04
Loss = 1.0574e-02, PNorm = 38.8916, GNorm = 1.8229, lr_0 = 9.4517e-04
Validation rmse = 0.528004
Epoch 3
Loss = 1.3595e-02, PNorm = 38.9403, GNorm = 1.3262, lr_0 = 9.3725e-04
Loss = 1.2903e-02, PNorm = 38.9897, GNorm = 2.0317, lr_0 = 9.2940e-04
Loss = 1.1797e-02, PNorm = 39.0373, GNorm = 1.4014, lr_0 = 9.2161e-04
Loss = 1.2348e-02, PNorm = 39.0942, GNorm = 1.2671, lr_0 = 9.1389e-04
Loss = 1.2687e-02, PNorm = 39.1406, GNorm = 1.6664, lr_0 = 9.0623e-04
Loss = 1.3212e-02, PNorm = 39.1999, GNorm = 1.8128, lr_0 = 8.9863e-04
Loss = 1.2260e-02, PNorm = 39.2554, GNorm = 1.8280, lr_0 = 8.9110e-04
Validation rmse = 0.511188
Epoch 4
Loss = 8.8758e-03, PNorm = 39.3194, GNorm = 1.7420, lr_0 = 8.8363e-04
Loss = 1.0107e-02, PNorm = 39.3818, GNorm = 1.0998, lr_0 = 8.7623e-04
Loss = 9.7749e-03, PNorm = 39.4421, GNorm = 1.6251, lr_0 = 8.6888e-04
Loss = 1.4026e-02, PNorm = 39.5044, GNorm = 3.6640, lr_0 = 8.6160e-04
Loss = 1.1106e-02, PNorm = 39.5660, GNorm = 1.4120, lr_0 = 8.5438e-04
Loss = 1.2518e-02, PNorm = 39.6575, GNorm = 1.2127, lr_0 = 8.4722e-04
Loss = 1.1383e-02, PNorm = 39.7163, GNorm = 2.0248, lr_0 = 8.4012e-04
Loss = 1.0521e-02, PNorm = 39.7459, GNorm = 1.0337, lr_0 = 8.3308e-04
Validation rmse = 0.507707
Epoch 5
Loss = 1.0084e-02, PNorm = 39.7985, GNorm = 1.3804, lr_0 = 8.2610e-04
Loss = 1.1776e-02, PNorm = 39.8629, GNorm = 2.7468, lr_0 = 8.1918e-04
Loss = 1.0219e-02, PNorm = 39.9306, GNorm = 1.4354, lr_0 = 8.1231e-04
Loss = 1.0290e-02, PNorm = 39.9914, GNorm = 1.5243, lr_0 = 8.0550e-04
Loss = 1.0124e-02, PNorm = 40.0373, GNorm = 1.5648, lr_0 = 7.9875e-04
Loss = 9.7707e-03, PNorm = 40.0982, GNorm = 1.3928, lr_0 = 7.9206e-04
Loss = 1.0891e-02, PNorm = 40.1499, GNorm = 1.3219, lr_0 = 7.8542e-04
Validation rmse = 0.480321
Epoch 6
Loss = 1.0682e-02, PNorm = 40.1957, GNorm = 1.8491, lr_0 = 7.7884e-04
Loss = 1.1533e-02, PNorm = 40.2193, GNorm = 0.8844, lr_0 = 7.7231e-04
Loss = 1.0338e-02, PNorm = 40.2467, GNorm = 1.5914, lr_0 = 7.6584e-04
Loss = 1.0464e-02, PNorm = 40.3045, GNorm = 1.3681, lr_0 = 7.5942e-04
Loss = 1.0250e-02, PNorm = 40.3569, GNorm = 1.1980, lr_0 = 7.5306e-04
Loss = 9.7793e-03, PNorm = 40.4030, GNorm = 1.4100, lr_0 = 7.4675e-04
Loss = 9.6207e-03, PNorm = 40.4434, GNorm = 1.2490, lr_0 = 7.4049e-04
Validation rmse = 0.491690
Epoch 7
Loss = 9.7855e-03, PNorm = 40.4935, GNorm = 1.8580, lr_0 = 7.3428e-04
Loss = 1.0276e-02, PNorm = 40.5474, GNorm = 0.8422, lr_0 = 7.2813e-04
Loss = 9.0430e-03, PNorm = 40.5981, GNorm = 1.3235, lr_0 = 7.2203e-04
Loss = 1.1084e-02, PNorm = 40.6537, GNorm = 1.5744, lr_0 = 7.1597e-04
Loss = 9.5160e-03, PNorm = 40.6872, GNorm = 1.7677, lr_0 = 7.0997e-04
Loss = 9.5430e-03, PNorm = 40.7397, GNorm = 0.7573, lr_0 = 7.0402e-04
Loss = 9.6533e-03, PNorm = 40.7709, GNorm = 1.4275, lr_0 = 6.9812e-04
Validation rmse = 0.482756
Epoch 8
Loss = 8.9692e-03, PNorm = 40.7978, GNorm = 0.8049, lr_0 = 6.9227e-04
Loss = 1.0369e-02, PNorm = 40.8443, GNorm = 3.1716, lr_0 = 6.8647e-04
Loss = 1.0873e-02, PNorm = 40.8906, GNorm = 2.0695, lr_0 = 6.8072e-04
Loss = 9.8103e-03, PNorm = 40.9343, GNorm = 1.3546, lr_0 = 6.7501e-04
Loss = 8.6276e-03, PNorm = 40.9756, GNorm = 1.2599, lr_0 = 6.6936e-04
Loss = 8.0427e-03, PNorm = 41.0113, GNorm = 1.4251, lr_0 = 6.6375e-04
Loss = 9.3034e-03, PNorm = 41.0401, GNorm = 1.0491, lr_0 = 6.5818e-04
Validation rmse = 0.472844
Epoch 9
Loss = 7.3322e-03, PNorm = 41.0849, GNorm = 1.4148, lr_0 = 6.5267e-04
Loss = 1.0294e-02, PNorm = 41.1260, GNorm = 1.7553, lr_0 = 6.4720e-04
Loss = 8.3724e-03, PNorm = 41.1716, GNorm = 0.9401, lr_0 = 6.4178e-04
Loss = 7.9056e-03, PNorm = 41.2261, GNorm = 0.8933, lr_0 = 6.3640e-04
Loss = 9.9944e-03, PNorm = 41.2516, GNorm = 1.0641, lr_0 = 6.3106e-04
Loss = 9.8321e-03, PNorm = 41.2736, GNorm = 1.0893, lr_0 = 6.2577e-04
Loss = 8.5196e-03, PNorm = 41.3024, GNorm = 1.6628, lr_0 = 6.2053e-04
Loss = 9.4641e-03, PNorm = 41.3442, GNorm = 1.3911, lr_0 = 6.1533e-04
Validation rmse = 0.461736
Epoch 10
Loss = 8.2276e-03, PNorm = 41.3733, GNorm = 0.9456, lr_0 = 6.1017e-04
Loss = 8.5703e-03, PNorm = 41.3937, GNorm = 1.2338, lr_0 = 6.0506e-04
Loss = 8.3577e-03, PNorm = 41.4311, GNorm = 1.2052, lr_0 = 5.9999e-04
Loss = 9.6734e-03, PNorm = 41.4825, GNorm = 0.6597, lr_0 = 5.9496e-04
Loss = 1.0677e-02, PNorm = 41.5111, GNorm = 1.4591, lr_0 = 5.8997e-04
Loss = 9.0072e-03, PNorm = 41.5532, GNorm = 1.3032, lr_0 = 5.8503e-04
Loss = 7.2197e-03, PNorm = 41.5834, GNorm = 1.1766, lr_0 = 5.8013e-04
Validation rmse = 0.469854
Epoch 11
Loss = 7.9307e-03, PNorm = 41.6319, GNorm = 1.6642, lr_0 = 5.7527e-04
Loss = 8.3360e-03, PNorm = 41.6748, GNorm = 1.3610, lr_0 = 5.7044e-04
Loss = 9.3439e-03, PNorm = 41.7025, GNorm = 2.4177, lr_0 = 5.6566e-04
Loss = 8.1407e-03, PNorm = 41.7345, GNorm = 1.2181, lr_0 = 5.6092e-04
Loss = 7.7470e-03, PNorm = 41.7587, GNorm = 1.4926, lr_0 = 5.5622e-04
Loss = 8.6783e-03, PNorm = 41.7832, GNorm = 0.9848, lr_0 = 5.5156e-04
Loss = 9.7048e-03, PNorm = 41.8227, GNorm = 2.1006, lr_0 = 5.4694e-04
Validation rmse = 0.478397
Epoch 12
Loss = 9.3229e-03, PNorm = 41.8467, GNorm = 1.0650, lr_0 = 5.4235e-04
Loss = 8.5717e-03, PNorm = 41.8700, GNorm = 1.9961, lr_0 = 5.3781e-04
Loss = 7.8151e-03, PNorm = 41.9073, GNorm = 1.7472, lr_0 = 5.3330e-04
Loss = 9.1137e-03, PNorm = 41.9370, GNorm = 1.3911, lr_0 = 5.2883e-04
Loss = 8.2669e-03, PNorm = 41.9696, GNorm = 0.7033, lr_0 = 5.2440e-04
Loss = 7.7677e-03, PNorm = 41.9946, GNorm = 2.4315, lr_0 = 5.2001e-04
Loss = 7.7570e-03, PNorm = 42.0200, GNorm = 0.8076, lr_0 = 5.1565e-04
Validation rmse = 0.453456
Epoch 13
Loss = 8.4883e-03, PNorm = 42.0515, GNorm = 1.3729, lr_0 = 5.1133e-04
Loss = 7.6078e-03, PNorm = 42.0788, GNorm = 2.8519, lr_0 = 5.0704e-04
Loss = 8.7334e-03, PNorm = 42.1135, GNorm = 1.1761, lr_0 = 5.0279e-04
Loss = 8.1200e-03, PNorm = 42.1551, GNorm = 1.7728, lr_0 = 4.9858e-04
Loss = 6.4218e-03, PNorm = 42.1800, GNorm = 1.5529, lr_0 = 4.9440e-04
Loss = 8.6543e-03, PNorm = 42.1938, GNorm = 1.2392, lr_0 = 4.9026e-04
Loss = 8.3115e-03, PNorm = 42.2198, GNorm = 1.6672, lr_0 = 4.8615e-04
Validation rmse = 0.457278
Epoch 14
Loss = 7.1990e-03, PNorm = 42.2511, GNorm = 0.8732, lr_0 = 4.8207e-04
Loss = 7.1235e-03, PNorm = 42.2842, GNorm = 1.0137, lr_0 = 4.7803e-04
Loss = 8.0097e-03, PNorm = 42.3136, GNorm = 1.3940, lr_0 = 4.7403e-04
Loss = 7.8384e-03, PNorm = 42.3420, GNorm = 1.4653, lr_0 = 4.7006e-04
Loss = 8.5949e-03, PNorm = 42.3685, GNorm = 1.5765, lr_0 = 4.6612e-04
Loss = 7.5092e-03, PNorm = 42.3878, GNorm = 1.4730, lr_0 = 4.6221e-04
Loss = 8.0529e-03, PNorm = 42.4140, GNorm = 1.4936, lr_0 = 4.5834e-04
Loss = 8.4422e-03, PNorm = 42.4388, GNorm = 2.1276, lr_0 = 4.5450e-04
Validation rmse = 0.456479
Epoch 15
Loss = 7.7177e-03, PNorm = 42.4647, GNorm = 2.2730, lr_0 = 4.5069e-04
Loss = 7.5690e-03, PNorm = 42.4951, GNorm = 2.1841, lr_0 = 4.4691e-04
Loss = 7.5840e-03, PNorm = 42.5247, GNorm = 1.3510, lr_0 = 4.4316e-04
Loss = 8.0894e-03, PNorm = 42.5620, GNorm = 1.8409, lr_0 = 4.3945e-04
Loss = 7.5217e-03, PNorm = 42.5925, GNorm = 1.4424, lr_0 = 4.3577e-04
Loss = 7.0120e-03, PNorm = 42.6179, GNorm = 1.5101, lr_0 = 4.3212e-04
Loss = 8.5266e-03, PNorm = 42.6482, GNorm = 2.1065, lr_0 = 4.2849e-04
Validation rmse = 0.512257
Epoch 16
Loss = 7.7434e-03, PNorm = 42.6713, GNorm = 1.1701, lr_0 = 4.2490e-04
Loss = 7.8929e-03, PNorm = 42.6954, GNorm = 2.8208, lr_0 = 4.2134e-04
Loss = 6.6301e-03, PNorm = 42.7271, GNorm = 1.2995, lr_0 = 4.1781e-04
Loss = 7.0471e-03, PNorm = 42.7529, GNorm = 1.0350, lr_0 = 4.1431e-04
Loss = 9.1306e-03, PNorm = 42.7847, GNorm = 1.9501, lr_0 = 4.1084e-04
Loss = 8.1675e-03, PNorm = 42.8133, GNorm = 1.2185, lr_0 = 4.0739e-04
Loss = 7.0494e-03, PNorm = 42.8242, GNorm = 1.4210, lr_0 = 4.0398e-04
Validation rmse = 0.478672
Epoch 17
Loss = 7.5992e-03, PNorm = 42.8615, GNorm = 0.8359, lr_0 = 4.0059e-04
Loss = 7.9651e-03, PNorm = 42.8807, GNorm = 1.8782, lr_0 = 3.9724e-04
Loss = 7.5629e-03, PNorm = 42.9006, GNorm = 2.4462, lr_0 = 3.9391e-04
Loss = 7.4511e-03, PNorm = 42.9325, GNorm = 1.1244, lr_0 = 3.9061e-04
Loss = 8.4622e-03, PNorm = 42.9560, GNorm = 2.2946, lr_0 = 3.8733e-04
Loss = 7.1932e-03, PNorm = 42.9681, GNorm = 0.7434, lr_0 = 3.8409e-04
Loss = 6.3194e-03, PNorm = 42.9831, GNorm = 1.3045, lr_0 = 3.8087e-04
Validation rmse = 0.441595
Epoch 18
Loss = 6.7019e-03, PNorm = 43.0041, GNorm = 0.9939, lr_0 = 3.7768e-04
Loss = 6.5682e-03, PNorm = 43.0300, GNorm = 1.1241, lr_0 = 3.7451e-04
Loss = 8.2204e-03, PNorm = 43.0550, GNorm = 1.9463, lr_0 = 3.7137e-04
Loss = 8.2615e-03, PNorm = 43.0787, GNorm = 2.6475, lr_0 = 3.6826e-04
Loss = 6.5016e-03, PNorm = 43.1049, GNorm = 2.4569, lr_0 = 3.6517e-04
Loss = 7.5404e-03, PNorm = 43.1258, GNorm = 2.0328, lr_0 = 3.6211e-04
Loss = 7.0567e-03, PNorm = 43.1318, GNorm = 1.0875, lr_0 = 3.5908e-04
Validation rmse = 0.435403
Epoch 19
Loss = 7.3345e-03, PNorm = 43.1421, GNorm = 0.7624, lr_0 = 3.5607e-04
Loss = 6.8129e-03, PNorm = 43.1552, GNorm = 1.6529, lr_0 = 3.5309e-04
Loss = 7.2553e-03, PNorm = 43.1741, GNorm = 0.9808, lr_0 = 3.5013e-04
Loss = 7.0023e-03, PNorm = 43.1984, GNorm = 1.2602, lr_0 = 3.4719e-04
Loss = 7.7526e-03, PNorm = 43.2093, GNorm = 1.4927, lr_0 = 3.4428e-04
Loss = 7.0135e-03, PNorm = 43.2266, GNorm = 1.4586, lr_0 = 3.4140e-04
Loss = 7.1075e-03, PNorm = 43.2450, GNorm = 1.9981, lr_0 = 3.3854e-04
Loss = 5.9973e-03, PNorm = 43.2651, GNorm = 0.8282, lr_0 = 3.3570e-04
Validation rmse = 0.443163
Epoch 20
Loss = 6.8230e-03, PNorm = 43.2785, GNorm = 0.8509, lr_0 = 3.3289e-04
Loss = 5.5622e-03, PNorm = 43.2942, GNorm = 1.0705, lr_0 = 3.3010e-04
Loss = 6.9388e-03, PNorm = 43.3148, GNorm = 1.8970, lr_0 = 3.2733e-04
Loss = 6.6477e-03, PNorm = 43.3357, GNorm = 1.5568, lr_0 = 3.2459e-04
Loss = 7.2494e-03, PNorm = 43.3459, GNorm = 1.9561, lr_0 = 3.2187e-04
Loss = 6.5838e-03, PNorm = 43.3608, GNorm = 1.5736, lr_0 = 3.1917e-04
Loss = 7.9379e-03, PNorm = 43.3661, GNorm = 2.3654, lr_0 = 3.1649e-04
Validation rmse = 0.435634
Epoch 21
Loss = 6.4722e-03, PNorm = 43.3820, GNorm = 1.1367, lr_0 = 3.1384e-04
Loss = 7.2161e-03, PNorm = 43.3963, GNorm = 2.6305, lr_0 = 3.1121e-04
Loss = 8.4719e-03, PNorm = 43.4153, GNorm = 2.1456, lr_0 = 3.0860e-04
Loss = 6.5117e-03, PNorm = 43.4282, GNorm = 1.3632, lr_0 = 3.0602e-04
Loss = 6.0498e-03, PNorm = 43.4378, GNorm = 1.7425, lr_0 = 3.0345e-04
Loss = 6.9267e-03, PNorm = 43.4540, GNorm = 1.5801, lr_0 = 3.0091e-04
Loss = 6.5212e-03, PNorm = 43.4722, GNorm = 1.2778, lr_0 = 2.9839e-04
Validation rmse = 0.432563
Epoch 22
Loss = 7.2793e-03, PNorm = 43.4866, GNorm = 1.4086, lr_0 = 2.9589e-04
Loss = 5.8217e-03, PNorm = 43.5029, GNorm = 0.9868, lr_0 = 2.9341e-04
Loss = 5.7031e-03, PNorm = 43.5126, GNorm = 1.3775, lr_0 = 2.9095e-04
Loss = 6.4115e-03, PNorm = 43.5284, GNorm = 1.2014, lr_0 = 2.8851e-04
Loss = 6.8419e-03, PNorm = 43.5386, GNorm = 1.4646, lr_0 = 2.8609e-04
Loss = 6.9094e-03, PNorm = 43.5523, GNorm = 0.8532, lr_0 = 2.8369e-04
Loss = 6.6268e-03, PNorm = 43.5662, GNorm = 1.0743, lr_0 = 2.8132e-04
Validation rmse = 0.439641
Epoch 23
Loss = 6.0990e-03, PNorm = 43.5806, GNorm = 1.6452, lr_0 = 2.7896e-04
Loss = 6.2432e-03, PNorm = 43.5929, GNorm = 1.6359, lr_0 = 2.7662e-04
Loss = 5.9321e-03, PNorm = 43.6056, GNorm = 1.3039, lr_0 = 2.7430e-04
Loss = 6.3536e-03, PNorm = 43.6269, GNorm = 1.6722, lr_0 = 2.7200e-04
Loss = 6.3491e-03, PNorm = 43.6362, GNorm = 1.3225, lr_0 = 2.6972e-04
Loss = 7.6640e-03, PNorm = 43.6446, GNorm = 1.5904, lr_0 = 2.6746e-04
Loss = 6.3604e-03, PNorm = 43.6590, GNorm = 0.6990, lr_0 = 2.6522e-04
Validation rmse = 0.435190
Epoch 24
Loss = 5.0820e-03, PNorm = 43.6729, GNorm = 1.7863, lr_0 = 2.6300e-04
Loss = 6.3473e-03, PNorm = 43.6825, GNorm = 2.2968, lr_0 = 2.6080e-04
Loss = 7.1532e-03, PNorm = 43.6974, GNorm = 1.6046, lr_0 = 2.5861e-04
Loss = 6.4677e-03, PNorm = 43.7067, GNorm = 1.0873, lr_0 = 2.5644e-04
Loss = 6.3164e-03, PNorm = 43.7190, GNorm = 1.3612, lr_0 = 2.5429e-04
Loss = 5.8606e-03, PNorm = 43.7342, GNorm = 0.8479, lr_0 = 2.5216e-04
Loss = 6.2231e-03, PNorm = 43.7444, GNorm = 1.2043, lr_0 = 2.5005e-04
Loss = 6.6853e-03, PNorm = 43.7511, GNorm = 1.8892, lr_0 = 2.4795e-04
Validation rmse = 0.434870
Epoch 25
Loss = 6.9712e-03, PNorm = 43.7656, GNorm = 1.7136, lr_0 = 2.4588e-04
Loss = 6.7689e-03, PNorm = 43.7813, GNorm = 1.7297, lr_0 = 2.4382e-04
Loss = 5.9369e-03, PNorm = 43.7949, GNorm = 2.6321, lr_0 = 2.4177e-04
Loss = 5.5931e-03, PNorm = 43.8020, GNorm = 2.1163, lr_0 = 2.3975e-04
Loss = 7.6080e-03, PNorm = 43.8060, GNorm = 1.5119, lr_0 = 2.3774e-04
Loss = 6.4211e-03, PNorm = 43.8125, GNorm = 1.9056, lr_0 = 2.3574e-04
Loss = 5.4510e-03, PNorm = 43.8283, GNorm = 0.7993, lr_0 = 2.3377e-04
Validation rmse = 0.441634
Epoch 26
Loss = 6.3794e-03, PNorm = 43.8353, GNorm = 1.8757, lr_0 = 2.3181e-04
Loss = 5.7796e-03, PNorm = 43.8417, GNorm = 1.1436, lr_0 = 2.2987e-04
Loss = 5.9838e-03, PNorm = 43.8532, GNorm = 1.8037, lr_0 = 2.2794e-04
Loss = 6.5360e-03, PNorm = 43.8621, GNorm = 1.5299, lr_0 = 2.2603e-04
Loss = 6.5948e-03, PNorm = 43.8734, GNorm = 2.4659, lr_0 = 2.2414e-04
Loss = 7.0310e-03, PNorm = 43.8837, GNorm = 1.0580, lr_0 = 2.2226e-04
Loss = 5.4183e-03, PNorm = 43.8981, GNorm = 1.7456, lr_0 = 2.2040e-04
Validation rmse = 0.430303
Epoch 27
Loss = 6.2863e-03, PNorm = 43.9091, GNorm = 2.1399, lr_0 = 2.1855e-04
Loss = 7.0194e-03, PNorm = 43.9195, GNorm = 1.3170, lr_0 = 2.1672e-04
Loss = 6.3133e-03, PNorm = 43.9279, GNorm = 1.6618, lr_0 = 2.1490e-04
Loss = 5.8073e-03, PNorm = 43.9377, GNorm = 1.4776, lr_0 = 2.1310e-04
Loss = 6.3809e-03, PNorm = 43.9440, GNorm = 1.2296, lr_0 = 2.1131e-04
Loss = 6.3201e-03, PNorm = 43.9494, GNorm = 1.8059, lr_0 = 2.0954e-04
Loss = 5.6701e-03, PNorm = 43.9545, GNorm = 1.3098, lr_0 = 2.0779e-04
Validation rmse = 0.432554
Epoch 28
Loss = 4.8947e-03, PNorm = 43.9661, GNorm = 0.9409, lr_0 = 2.0604e-04
Loss = 6.0383e-03, PNorm = 43.9782, GNorm = 1.5019, lr_0 = 2.0432e-04
Loss = 5.5704e-03, PNorm = 43.9871, GNorm = 0.9326, lr_0 = 2.0261e-04
Loss = 5.2844e-03, PNorm = 43.9990, GNorm = 2.6799, lr_0 = 2.0091e-04
Loss = 6.1129e-03, PNorm = 44.0074, GNorm = 1.9491, lr_0 = 1.9922e-04
Loss = 5.9847e-03, PNorm = 44.0149, GNorm = 1.4061, lr_0 = 1.9755e-04
Loss = 6.4993e-03, PNorm = 44.0187, GNorm = 1.4363, lr_0 = 1.9590e-04
Validation rmse = 0.435040
Epoch 29
Loss = 4.8418e-03, PNorm = 44.0259, GNorm = 1.8534, lr_0 = 1.9426e-04
Loss = 4.7882e-03, PNorm = 44.0371, GNorm = 0.8712, lr_0 = 1.9263e-04
Loss = 5.9226e-03, PNorm = 44.0447, GNorm = 1.4547, lr_0 = 1.9101e-04
Loss = 6.7111e-03, PNorm = 44.0528, GNorm = 1.5045, lr_0 = 1.8941e-04
Loss = 5.6408e-03, PNorm = 44.0569, GNorm = 2.0017, lr_0 = 1.8783e-04
Loss = 6.1349e-03, PNorm = 44.0614, GNorm = 1.3742, lr_0 = 1.8625e-04
Loss = 6.7904e-03, PNorm = 44.0695, GNorm = 2.7939, lr_0 = 1.8469e-04
Loss = 6.2578e-03, PNorm = 44.0753, GNorm = 1.2716, lr_0 = 1.8314e-04
Validation rmse = 0.455262
Epoch 30
Loss = 6.5253e-03, PNorm = 44.0871, GNorm = 0.8386, lr_0 = 1.8161e-04
Loss = 5.8929e-03, PNorm = 44.0947, GNorm = 2.0999, lr_0 = 1.8009e-04
Loss = 5.7624e-03, PNorm = 44.1000, GNorm = 1.0260, lr_0 = 1.7858e-04
Loss = 6.2267e-03, PNorm = 44.1079, GNorm = 1.2075, lr_0 = 1.7708e-04
Loss = 5.5896e-03, PNorm = 44.1170, GNorm = 0.8527, lr_0 = 1.7560e-04
Loss = 6.3446e-03, PNorm = 44.1260, GNorm = 1.3879, lr_0 = 1.7413e-04
Loss = 5.7489e-03, PNorm = 44.1330, GNorm = 1.2724, lr_0 = 1.7267e-04
Validation rmse = 0.431696
Epoch 31
Loss = 4.4482e-03, PNorm = 44.1401, GNorm = 1.0171, lr_0 = 1.7122e-04
Loss = 6.0770e-03, PNorm = 44.1437, GNorm = 0.9059, lr_0 = 1.6978e-04
Loss = 5.3423e-03, PNorm = 44.1485, GNorm = 0.7680, lr_0 = 1.6836e-04
Loss = 6.9402e-03, PNorm = 44.1567, GNorm = 1.1159, lr_0 = 1.6695e-04
Loss = 6.3373e-03, PNorm = 44.1670, GNorm = 2.3362, lr_0 = 1.6555e-04
Loss = 5.7366e-03, PNorm = 44.1735, GNorm = 1.5488, lr_0 = 1.6416e-04
Loss = 5.3108e-03, PNorm = 44.1800, GNorm = 1.8112, lr_0 = 1.6279e-04
Validation rmse = 0.430272
Epoch 32
Loss = 6.4711e-03, PNorm = 44.1865, GNorm = 3.3222, lr_0 = 1.6142e-04
Loss = 6.0761e-03, PNorm = 44.1907, GNorm = 2.6071, lr_0 = 1.6007e-04
Loss = 5.3645e-03, PNorm = 44.1956, GNorm = 1.0336, lr_0 = 1.5873e-04
Loss = 5.5656e-03, PNorm = 44.2018, GNorm = 1.2817, lr_0 = 1.5740e-04
Loss = 4.5469e-03, PNorm = 44.2082, GNorm = 2.1404, lr_0 = 1.5608e-04
Loss = 5.8322e-03, PNorm = 44.2154, GNorm = 1.1270, lr_0 = 1.5477e-04
Loss = 6.3073e-03, PNorm = 44.2212, GNorm = 1.0227, lr_0 = 1.5348e-04
Validation rmse = 0.431777
Epoch 33
Loss = 4.5899e-03, PNorm = 44.2276, GNorm = 1.3212, lr_0 = 1.5219e-04
Loss = 4.5702e-03, PNorm = 44.2339, GNorm = 1.3713, lr_0 = 1.5091e-04
Loss = 5.2992e-03, PNorm = 44.2400, GNorm = 1.9129, lr_0 = 1.4965e-04
Loss = 6.2554e-03, PNorm = 44.2486, GNorm = 1.8357, lr_0 = 1.4839e-04
Loss = 6.1457e-03, PNorm = 44.2527, GNorm = 0.8188, lr_0 = 1.4715e-04
Loss = 6.0169e-03, PNorm = 44.2563, GNorm = 2.0325, lr_0 = 1.4592e-04
Loss = 4.9606e-03, PNorm = 44.2639, GNorm = 1.5965, lr_0 = 1.4469e-04
Validation rmse = 0.435475
Epoch 34
Loss = 4.8946e-03, PNorm = 44.2696, GNorm = 1.2976, lr_0 = 1.4348e-04
Loss = 5.2971e-03, PNorm = 44.2754, GNorm = 1.5812, lr_0 = 1.4228e-04
Loss = 5.5918e-03, PNorm = 44.2820, GNorm = 1.1009, lr_0 = 1.4109e-04
Loss = 6.2784e-03, PNorm = 44.2869, GNorm = 1.1325, lr_0 = 1.3991e-04
Loss = 5.3098e-03, PNorm = 44.2939, GNorm = 1.5995, lr_0 = 1.3873e-04
Loss = 6.1444e-03, PNorm = 44.3001, GNorm = 2.3603, lr_0 = 1.3757e-04
Loss = 5.0398e-03, PNorm = 44.3067, GNorm = 1.5440, lr_0 = 1.3642e-04
Loss = 5.6880e-03, PNorm = 44.3123, GNorm = 1.6374, lr_0 = 1.3527e-04
Validation rmse = 0.446436
Epoch 35
Loss = 5.8615e-03, PNorm = 44.3202, GNorm = 0.8529, lr_0 = 1.3414e-04
Loss = 5.6743e-03, PNorm = 44.3259, GNorm = 1.1392, lr_0 = 1.3302e-04
Loss = 5.0240e-03, PNorm = 44.3313, GNorm = 1.7778, lr_0 = 1.3190e-04
Loss = 5.3484e-03, PNorm = 44.3343, GNorm = 1.6756, lr_0 = 1.3080e-04
Loss = 6.0918e-03, PNorm = 44.3384, GNorm = 2.3707, lr_0 = 1.2970e-04
Loss = 5.6360e-03, PNorm = 44.3470, GNorm = 1.4151, lr_0 = 1.2861e-04
Loss = 5.4826e-03, PNorm = 44.3537, GNorm = 2.0209, lr_0 = 1.2753e-04
Validation rmse = 0.435779
Epoch 36
Loss = 5.0998e-03, PNorm = 44.3561, GNorm = 0.8103, lr_0 = 1.2647e-04
Loss = 4.7570e-03, PNorm = 44.3596, GNorm = 1.1185, lr_0 = 1.2541e-04
Loss = 4.9342e-03, PNorm = 44.3640, GNorm = 2.2823, lr_0 = 1.2436e-04
Loss = 6.6414e-03, PNorm = 44.3719, GNorm = 2.7233, lr_0 = 1.2331e-04
Loss = 5.7352e-03, PNorm = 44.3765, GNorm = 1.8013, lr_0 = 1.2228e-04
Loss = 5.7044e-03, PNorm = 44.3825, GNorm = 1.6150, lr_0 = 1.2125e-04
Loss = 4.9377e-03, PNorm = 44.3850, GNorm = 2.5060, lr_0 = 1.2024e-04
Validation rmse = 0.431772
Epoch 37
Loss = 5.0635e-03, PNorm = 44.3859, GNorm = 1.0654, lr_0 = 1.1923e-04
Loss = 5.3654e-03, PNorm = 44.3905, GNorm = 1.1469, lr_0 = 1.1823e-04
Loss = 5.7012e-03, PNorm = 44.3979, GNorm = 1.3036, lr_0 = 1.1724e-04
Loss = 6.1000e-03, PNorm = 44.4035, GNorm = 1.6482, lr_0 = 1.1626e-04
Loss = 5.2416e-03, PNorm = 44.4069, GNorm = 1.6073, lr_0 = 1.1528e-04
Loss = 4.8115e-03, PNorm = 44.4114, GNorm = 2.4751, lr_0 = 1.1432e-04
Loss = 5.8172e-03, PNorm = 44.4161, GNorm = 1.9683, lr_0 = 1.1336e-04
Validation rmse = 0.453720
Epoch 38
Loss = 4.4010e-03, PNorm = 44.4208, GNorm = 1.2285, lr_0 = 1.1241e-04
Loss = 5.3378e-03, PNorm = 44.4273, GNorm = 2.3537, lr_0 = 1.1147e-04
Loss = 5.0474e-03, PNorm = 44.4301, GNorm = 1.5224, lr_0 = 1.1053e-04
Loss = 5.6240e-03, PNorm = 44.4336, GNorm = 0.9433, lr_0 = 1.0961e-04
Loss = 5.3770e-03, PNorm = 44.4377, GNorm = 1.2816, lr_0 = 1.0869e-04
Loss = 5.6015e-03, PNorm = 44.4430, GNorm = 2.1477, lr_0 = 1.0778e-04
Loss = 5.5157e-03, PNorm = 44.4466, GNorm = 1.3841, lr_0 = 1.0687e-04
Validation rmse = 0.430915
Epoch 39
Loss = 6.3819e-03, PNorm = 44.4496, GNorm = 1.5119, lr_0 = 1.0598e-04
Loss = 6.0537e-03, PNorm = 44.4535, GNorm = 1.8386, lr_0 = 1.0509e-04
Loss = 6.0076e-03, PNorm = 44.4570, GNorm = 1.5851, lr_0 = 1.0421e-04
Loss = 4.9011e-03, PNorm = 44.4624, GNorm = 1.6492, lr_0 = 1.0334e-04
Loss = 5.8062e-03, PNorm = 44.4671, GNorm = 1.9541, lr_0 = 1.0247e-04
Loss = 4.5304e-03, PNorm = 44.4704, GNorm = 0.9285, lr_0 = 1.0161e-04
Loss = 4.9830e-03, PNorm = 44.4730, GNorm = 0.9717, lr_0 = 1.0076e-04
Loss = 5.1313e-03, PNorm = 44.4763, GNorm = 1.5550, lr_0 = 1.0000e-04
Validation rmse = 0.439959
Model 0 best validation rmse = 0.430272 on epoch 31
Loading pretrained parameter "encoder.encoder.cached_zero_vector".
Loading pretrained parameter "encoder.encoder.W_i.weight".
Loading pretrained parameter "encoder.encoder.W_h.weight".
Loading pretrained parameter "encoder.encoder.W_o.weight".
Loading pretrained parameter "encoder.encoder.W_o.bias".
Loading pretrained parameter "ffn.1.weight".
Loading pretrained parameter "ffn.1.bias".
Loading pretrained parameter "ffn.4.weight".
Loading pretrained parameter "ffn.4.bias".
Loading pretrained parameter "ffn.7.weight".
Loading pretrained parameter "ffn.7.bias".
Model 0 test rmse = 1.421438
Ensemble test rmse = 1.421438
1-fold cross validation
Seed 5 ==> test rmse = 1.421438
Overall test rmse = 1.421438 +/- 0.000000
Fold 0
{'activation': 'ReLU',
 'atom_messages': False,
 'batch_size': 50,
 'bias': False,
 'checkpoint_dir': None,
 'checkpoint_path': None,
 'checkpoint_paths': None,
 'config_path': None,
 'crossval_index_dir': None,
 'crossval_index_file': None,
 'cuda': False,
 'data_path': 'Data/Multitask_data/All_datasets/Splits/Predict_whitehead_amines_with_all_data/train.csv',
 'dataset_type': 'regression',
 'depth': 3,
 'dropout': 0.0,
 'ensemble_size': 1,
 'epochs': 40,
 'features_generator': None,
 'features_only': False,
 'features_path': ['Data/Multitask_data/All_datasets/Splits/Predict_whitehead_amines_with_all_data/train_extra_x.csv'],
 'features_scaling': True,
 'ffn_hidden_size': 300,
 'ffn_num_layers': 3,
 'final_lr': 0.0001,
 'folds_file': None,
 'gpu': None,
 'hidden_size': 300,
 'init_lr': 0.0001,
 'log_frequency': 10,
 'max_data_size': None,
 'max_lr': 0.001,
 'metric': 'rmse',
 'minimize_score': True,
 'multiclass_num_classes': 3,
 'no_cache': False,
 'num_folds': 1,
 'num_lrs': 1,
 'quiet': False,
 'save_dir': 'Data/Multitask_data/All_datasets/Splits/Predict_whitehead_amines_with_all_data/trained_model/fold_0',
 'save_smiles_splits': False,
 'seed': 5,
 'separate_test_features_path': ['Data/Multitask_data/All_datasets/Splits/Predict_whitehead_amines_with_all_data/test_extra_x.csv'],
 'separate_test_path': 'Data/Multitask_data/All_datasets/Splits/Predict_whitehead_amines_with_all_data/test.csv',
 'separate_val_features_path': ['Data/Multitask_data/All_datasets/Splits/Predict_whitehead_amines_with_all_data/valid_extra_x.csv'],
 'separate_val_path': 'Data/Multitask_data/All_datasets/Splits/Predict_whitehead_amines_with_all_data/valid.csv',
 'show_individual_scores': False,
 'split_sizes': [0.675, 0.075, 0.25],
 'split_type': 'random',
 'test': False,
 'test_fold_index': None,
 'undirected': False,
 'use_compound_names': False,
 'use_input_features': True,
 'val_fold_index': None,
 'warmup_epochs': 2.0}
Loading data
Number of tasks = 1
Splitting data with seed 5
Total size = 4,344 | train size = 4,344 | val size = 264 | test size = 248
Fitting scaler
Building model 0
MoleculeModel(
  (encoder): MPN(
    (encoder): MPNEncoder(
      (dropout_layer): Dropout(p=0.0, inplace=False)
      (act_func): ReLU()
      (W_i): Linear(in_features=147, out_features=300, bias=False)
      (W_h): Linear(in_features=300, out_features=300, bias=False)
      (W_o): Linear(in_features=433, out_features=300, bias=True)
    )
  )
  (ffn): Sequential(
    (0): Dropout(p=0.0, inplace=False)
    (1): Linear(in_features=324, out_features=300, bias=True)
    (2): ReLU()
    (3): Dropout(p=0.0, inplace=False)
    (4): Linear(in_features=300, out_features=300, bias=True)
    (5): ReLU()
    (6): Dropout(p=0.0, inplace=False)
    (7): Linear(in_features=300, out_features=1, bias=True)
  )
)
Number of parameters = 452,401
Epoch 0
Loss = 1.1981e-02, PNorm = 38.3064, GNorm = 2.4320, lr_0 = 1.5756e-04
Loss = 1.6737e-02, PNorm = 38.3088, GNorm = 0.8112, lr_0 = 2.0988e-04
Loss = 1.5028e-02, PNorm = 38.3126, GNorm = 9.2311, lr_0 = 2.6221e-04
Loss = 1.4813e-02, PNorm = 38.3164, GNorm = 3.8360, lr_0 = 3.1453e-04
Loss = 1.8109e-02, PNorm = 38.3237, GNorm = 11.8150, lr_0 = 3.6686e-04
Loss = 2.4499e-02, PNorm = 38.3300, GNorm = 6.4700, lr_0 = 4.1919e-04
Loss = 1.8833e-02, PNorm = 38.3375, GNorm = 5.0883, lr_0 = 4.7151e-04
Loss = 1.8313e-02, PNorm = 38.3426, GNorm = 2.2788, lr_0 = 5.2384e-04
Validation rmse = 0.174937
Epoch 1
Loss = 1.1193e-02, PNorm = 38.3566, GNorm = 5.5976, lr_0 = 5.7616e-04
Loss = 1.5305e-02, PNorm = 38.3739, GNorm = 0.6908, lr_0 = 6.2849e-04
Loss = 2.1870e-02, PNorm = 38.3834, GNorm = 4.4845, lr_0 = 6.8081e-04
Loss = 2.3878e-02, PNorm = 38.4016, GNorm = 2.2302, lr_0 = 7.3314e-04
Loss = 1.6579e-02, PNorm = 38.4218, GNorm = 3.6420, lr_0 = 7.8547e-04
Loss = 2.4017e-02, PNorm = 38.4315, GNorm = 7.6684, lr_0 = 8.3779e-04
Loss = 1.5406e-02, PNorm = 38.4568, GNorm = 3.5622, lr_0 = 8.9012e-04
Loss = 1.1679e-02, PNorm = 38.4720, GNorm = 2.0876, lr_0 = 9.4244e-04
Loss = 1.9062e-02, PNorm = 38.4933, GNorm = 1.5541, lr_0 = 9.9477e-04
Validation rmse = 0.183076
Epoch 2
Loss = 1.6010e-02, PNorm = 38.5198, GNorm = 1.9052, lr_0 = 9.9368e-04
Loss = 2.4090e-02, PNorm = 38.5788, GNorm = 4.4334, lr_0 = 9.8670e-04
Loss = 1.5559e-02, PNorm = 38.6160, GNorm = 5.2522, lr_0 = 9.7977e-04
Loss = 1.9914e-02, PNorm = 38.6390, GNorm = 15.0511, lr_0 = 9.7290e-04
Loss = 2.0185e-02, PNorm = 38.6628, GNorm = 0.9113, lr_0 = 9.6606e-04
Loss = 3.1627e-02, PNorm = 38.6847, GNorm = 1.0973, lr_0 = 9.5928e-04
Loss = 1.2665e-02, PNorm = 38.7094, GNorm = 1.5024, lr_0 = 9.5255e-04
Loss = 1.4236e-02, PNorm = 38.7311, GNorm = 1.7967, lr_0 = 9.4586e-04
Validation rmse = 0.180516
Epoch 3
Loss = 3.6566e-03, PNorm = 38.7508, GNorm = 1.3994, lr_0 = 9.3922e-04
Loss = 1.8168e-02, PNorm = 38.7756, GNorm = 8.2418, lr_0 = 9.3262e-04
Loss = 1.3432e-02, PNorm = 38.7969, GNorm = 0.7621, lr_0 = 9.2608e-04
Loss = 1.7801e-02, PNorm = 38.8202, GNorm = 1.1013, lr_0 = 9.1957e-04
Loss = 2.0044e-02, PNorm = 38.8542, GNorm = 5.5705, lr_0 = 9.1312e-04
Loss = 1.7693e-02, PNorm = 38.8696, GNorm = 4.0498, lr_0 = 9.0671e-04
Loss = 1.1070e-02, PNorm = 38.8977, GNorm = 1.5435, lr_0 = 9.0034e-04
Loss = 1.4498e-02, PNorm = 38.9304, GNorm = 2.6326, lr_0 = 8.9402e-04
Loss = 1.3456e-02, PNorm = 38.9593, GNorm = 3.4023, lr_0 = 8.8774e-04
Validation rmse = 0.190777
Epoch 4
Loss = 1.0516e-02, PNorm = 38.9779, GNorm = 1.2414, lr_0 = 8.8151e-04
Loss = 1.5972e-02, PNorm = 39.0096, GNorm = 7.7716, lr_0 = 8.7532e-04
Loss = 1.8130e-02, PNorm = 39.0254, GNorm = 2.4184, lr_0 = 8.6917e-04
Loss = 1.8451e-02, PNorm = 39.0437, GNorm = 3.2624, lr_0 = 8.6307e-04
Loss = 1.5113e-02, PNorm = 39.0852, GNorm = 4.4405, lr_0 = 8.5701e-04
Loss = 1.4999e-02, PNorm = 39.1205, GNorm = 4.1502, lr_0 = 8.5099e-04
Loss = 2.5528e-02, PNorm = 39.1471, GNorm = 6.0840, lr_0 = 8.4502e-04
Loss = 1.6895e-02, PNorm = 39.1815, GNorm = 1.0453, lr_0 = 8.3909e-04
Loss = 1.5319e-02, PNorm = 39.2187, GNorm = 8.1756, lr_0 = 8.3319e-04
Validation rmse = 0.165859
Epoch 5
Loss = 1.2323e-02, PNorm = 39.2361, GNorm = 3.1492, lr_0 = 8.2735e-04
Loss = 1.6318e-02, PNorm = 39.2629, GNorm = 4.6181, lr_0 = 8.2154e-04
Loss = 1.3522e-02, PNorm = 39.2995, GNorm = 3.7935, lr_0 = 8.1577e-04
Loss = 1.7076e-02, PNorm = 39.3181, GNorm = 4.8148, lr_0 = 8.1004e-04
Loss = 1.4712e-02, PNorm = 39.3456, GNorm = 4.1360, lr_0 = 8.0435e-04
Loss = 1.5626e-02, PNorm = 39.3817, GNorm = 1.7405, lr_0 = 7.9871e-04
Loss = 1.7495e-02, PNorm = 39.3844, GNorm = 3.9527, lr_0 = 7.9310e-04
Loss = 1.6351e-02, PNorm = 39.4079, GNorm = 1.9440, lr_0 = 7.8753e-04
Validation rmse = 0.161921
Epoch 6
Loss = 2.2617e-02, PNorm = 39.4467, GNorm = 4.3401, lr_0 = 7.8200e-04
Loss = 6.5736e-03, PNorm = 39.4765, GNorm = 4.3405, lr_0 = 7.7651e-04
Loss = 1.9323e-02, PNorm = 39.4898, GNorm = 4.8338, lr_0 = 7.7106e-04
Loss = 1.6527e-02, PNorm = 39.5028, GNorm = 2.7587, lr_0 = 7.6564e-04
Loss = 1.2618e-02, PNorm = 39.5278, GNorm = 1.2626, lr_0 = 7.6027e-04
Loss = 2.1608e-02, PNorm = 39.5550, GNorm = 4.3318, lr_0 = 7.5493e-04
Loss = 1.3376e-02, PNorm = 39.5823, GNorm = 3.4372, lr_0 = 7.4963e-04
Loss = 1.5478e-02, PNorm = 39.6094, GNorm = 0.2212, lr_0 = 7.4437e-04
Loss = 1.5930e-02, PNorm = 39.6206, GNorm = 1.9175, lr_0 = 7.3914e-04
Validation rmse = 0.163311
Epoch 7
Loss = 2.1151e-02, PNorm = 39.6437, GNorm = 2.8779, lr_0 = 7.3395e-04
Loss = 2.1702e-02, PNorm = 39.6760, GNorm = 2.6974, lr_0 = 7.2880e-04
Loss = 8.3695e-03, PNorm = 39.6984, GNorm = 4.3179, lr_0 = 7.2368e-04
Loss = 1.4018e-02, PNorm = 39.7191, GNorm = 4.1069, lr_0 = 7.1860e-04
Loss = 1.1400e-02, PNorm = 39.7488, GNorm = 0.6102, lr_0 = 7.1355e-04
Loss = 1.0622e-02, PNorm = 39.7623, GNorm = 3.4055, lr_0 = 7.0854e-04
Loss = 9.0755e-03, PNorm = 39.7670, GNorm = 3.2455, lr_0 = 7.0357e-04
Loss = 1.3330e-02, PNorm = 39.7785, GNorm = 1.2198, lr_0 = 6.9863e-04
Validation rmse = 0.161950
Epoch 8
Loss = 3.1061e-02, PNorm = 39.8071, GNorm = 2.0164, lr_0 = 6.9372e-04
Loss = 1.5103e-02, PNorm = 39.8622, GNorm = 5.8083, lr_0 = 6.8885e-04
Loss = 1.2920e-02, PNorm = 39.8967, GNorm = 1.2578, lr_0 = 6.8402e-04
Loss = 9.5318e-03, PNorm = 39.9211, GNorm = 1.2108, lr_0 = 6.7922e-04
Loss = 2.1125e-02, PNorm = 39.9344, GNorm = 0.8726, lr_0 = 6.7445e-04
Loss = 1.5065e-02, PNorm = 39.9700, GNorm = 5.6054, lr_0 = 6.6971e-04
Loss = 1.8305e-02, PNorm = 39.9975, GNorm = 0.7774, lr_0 = 6.6501e-04
Loss = 1.6447e-02, PNorm = 40.0195, GNorm = 1.4873, lr_0 = 6.6034e-04
Loss = 1.1687e-02, PNorm = 40.0467, GNorm = 1.6339, lr_0 = 6.5570e-04
Validation rmse = 0.158277
Epoch 9
Loss = 1.8545e-02, PNorm = 40.0680, GNorm = 7.8058, lr_0 = 6.5110e-04
Loss = 1.2018e-02, PNorm = 40.0802, GNorm = 3.1389, lr_0 = 6.4653e-04
Loss = 1.2784e-02, PNorm = 40.1058, GNorm = 3.5660, lr_0 = 6.4199e-04
Loss = 1.2130e-02, PNorm = 40.1190, GNorm = 5.0437, lr_0 = 6.3748e-04
Loss = 1.0954e-02, PNorm = 40.1316, GNorm = 1.6231, lr_0 = 6.3301e-04
Loss = 1.7466e-02, PNorm = 40.1556, GNorm = 7.4912, lr_0 = 6.2856e-04
Loss = 1.1482e-02, PNorm = 40.1805, GNorm = 2.7329, lr_0 = 6.2415e-04
Loss = 1.3129e-02, PNorm = 40.2072, GNorm = 2.5034, lr_0 = 6.1977e-04
Loss = 1.7859e-02, PNorm = 40.2519, GNorm = 6.2648, lr_0 = 6.1541e-04
Validation rmse = 0.175866
Epoch 10
Loss = 1.3132e-02, PNorm = 40.3263, GNorm = 0.9054, lr_0 = 6.1109e-04
Loss = 1.2577e-02, PNorm = 40.3604, GNorm = 1.6662, lr_0 = 6.0680e-04
Loss = 1.2801e-02, PNorm = 40.3742, GNorm = 2.4584, lr_0 = 6.0254e-04
Loss = 1.7243e-02, PNorm = 40.3914, GNorm = 1.3192, lr_0 = 5.9831e-04
Loss = 2.1735e-02, PNorm = 40.4285, GNorm = 1.0941, lr_0 = 5.9411e-04
Loss = 1.7196e-02, PNorm = 40.4592, GNorm = 1.1947, lr_0 = 5.8994e-04
Loss = 1.1695e-02, PNorm = 40.4806, GNorm = 1.6271, lr_0 = 5.8580e-04
Loss = 1.2941e-02, PNorm = 40.5064, GNorm = 1.4107, lr_0 = 5.8169e-04
Validation rmse = 0.159152
Epoch 11
Loss = 1.1538e-02, PNorm = 40.5293, GNorm = 2.1029, lr_0 = 5.7760e-04
Loss = 1.6939e-02, PNorm = 40.5400, GNorm = 5.9589, lr_0 = 5.7355e-04
Loss = 1.6240e-02, PNorm = 40.5528, GNorm = 0.2661, lr_0 = 5.6952e-04
Loss = 1.0702e-02, PNorm = 40.5829, GNorm = 6.3158, lr_0 = 5.6552e-04
Loss = 1.5111e-02, PNorm = 40.5868, GNorm = 1.1278, lr_0 = 5.6155e-04
Loss = 9.4648e-03, PNorm = 40.5866, GNorm = 1.0576, lr_0 = 5.5761e-04
Loss = 1.2074e-02, PNorm = 40.5973, GNorm = 6.6345, lr_0 = 5.5369e-04
Loss = 1.2929e-02, PNorm = 40.6175, GNorm = 5.2534, lr_0 = 5.4980e-04
Loss = 1.6184e-02, PNorm = 40.6295, GNorm = 5.6843, lr_0 = 5.4594e-04
Validation rmse = 0.156775
Epoch 12
Loss = 1.4758e-02, PNorm = 40.6585, GNorm = 2.2348, lr_0 = 5.4211e-04
Loss = 1.5508e-02, PNorm = 40.7011, GNorm = 2.9030, lr_0 = 5.3830e-04
Loss = 1.0250e-02, PNorm = 40.7365, GNorm = 1.6226, lr_0 = 5.3453e-04
Loss = 1.7861e-02, PNorm = 40.7520, GNorm = 3.7320, lr_0 = 5.3077e-04
Loss = 1.4104e-02, PNorm = 40.7668, GNorm = 1.8130, lr_0 = 5.2705e-04
Loss = 1.4390e-02, PNorm = 40.7916, GNorm = 5.0321, lr_0 = 5.2335e-04
Loss = 9.1341e-03, PNorm = 40.8188, GNorm = 2.2229, lr_0 = 5.1967e-04
Loss = 2.0163e-02, PNorm = 40.8180, GNorm = 4.7631, lr_0 = 5.1602e-04
Validation rmse = 0.165621
Epoch 13
Loss = 8.1117e-03, PNorm = 40.8244, GNorm = 1.9484, lr_0 = 5.1240e-04
Loss = 1.0753e-02, PNorm = 40.8372, GNorm = 1.0112, lr_0 = 5.0880e-04
Loss = 1.5280e-02, PNorm = 40.8506, GNorm = 1.9183, lr_0 = 5.0523e-04
Loss = 1.0306e-02, PNorm = 40.8618, GNorm = 1.3547, lr_0 = 5.0168e-04
Loss = 1.5093e-02, PNorm = 40.8775, GNorm = 1.9318, lr_0 = 4.9816e-04
Loss = 1.1655e-02, PNorm = 40.8936, GNorm = 1.8615, lr_0 = 4.9466e-04
Loss = 8.5372e-03, PNorm = 40.9150, GNorm = 2.9509, lr_0 = 4.9119e-04
Loss = 1.6826e-02, PNorm = 40.9445, GNorm = 0.7231, lr_0 = 4.8774e-04
Loss = 8.5132e-03, PNorm = 40.9550, GNorm = 4.2021, lr_0 = 4.8432e-04
Validation rmse = 0.160830
Epoch 14
Loss = 1.0203e-02, PNorm = 40.9729, GNorm = 1.8023, lr_0 = 4.8092e-04
Loss = 2.2382e-02, PNorm = 40.9934, GNorm = 5.0876, lr_0 = 4.7754e-04
Loss = 1.3864e-02, PNorm = 41.0198, GNorm = 3.8318, lr_0 = 4.7419e-04
Loss = 1.5190e-02, PNorm = 41.0484, GNorm = 5.4106, lr_0 = 4.7086e-04
Loss = 1.2022e-02, PNorm = 41.0695, GNorm = 2.0383, lr_0 = 4.6755e-04
Loss = 6.9694e-03, PNorm = 41.0749, GNorm = 0.6070, lr_0 = 4.6427e-04
Loss = 7.3917e-03, PNorm = 41.0758, GNorm = 6.1247, lr_0 = 4.6101e-04
Loss = 1.3168e-02, PNorm = 41.0833, GNorm = 3.7047, lr_0 = 4.5777e-04
Loss = 1.0066e-02, PNorm = 41.1199, GNorm = 2.7101, lr_0 = 4.5456e-04
Validation rmse = 0.156041
Epoch 15
Loss = 1.4497e-02, PNorm = 41.1388, GNorm = 2.6797, lr_0 = 4.5137e-04
Loss = 1.1773e-02, PNorm = 41.1606, GNorm = 4.0868, lr_0 = 4.4820e-04
Loss = 1.3234e-02, PNorm = 41.1817, GNorm = 5.8859, lr_0 = 4.4505e-04
Loss = 1.2310e-02, PNorm = 41.1977, GNorm = 5.6795, lr_0 = 4.4193e-04
Loss = 1.0065e-02, PNorm = 41.2038, GNorm = 2.5284, lr_0 = 4.3882e-04
Loss = 7.4659e-03, PNorm = 41.2152, GNorm = 2.4489, lr_0 = 4.3574e-04
Loss = 7.9440e-03, PNorm = 41.2357, GNorm = 3.8873, lr_0 = 4.3268e-04
Loss = 1.5265e-02, PNorm = 41.2577, GNorm = 4.4191, lr_0 = 4.2964e-04
Validation rmse = 0.162085
Epoch 16
Loss = 7.3667e-03, PNorm = 41.2708, GNorm = 0.8912, lr_0 = 4.2663e-04
Loss = 8.9580e-03, PNorm = 41.2861, GNorm = 5.2264, lr_0 = 4.2363e-04
Loss = 1.1389e-02, PNorm = 41.3036, GNorm = 5.8028, lr_0 = 4.2066e-04
Loss = 8.4817e-03, PNorm = 41.3138, GNorm = 1.1731, lr_0 = 4.1770e-04
Loss = 1.6571e-02, PNorm = 41.3217, GNorm = 3.8559, lr_0 = 4.1477e-04
Loss = 1.4381e-02, PNorm = 41.3471, GNorm = 0.6414, lr_0 = 4.1186e-04
Loss = 1.1700e-02, PNorm = 41.3679, GNorm = 2.9905, lr_0 = 4.0897e-04
Loss = 1.3112e-02, PNorm = 41.3873, GNorm = 2.5696, lr_0 = 4.0610e-04
Loss = 5.9352e-03, PNorm = 41.4090, GNorm = 1.3586, lr_0 = 4.0325e-04
Validation rmse = 0.158222
Epoch 17
Loss = 9.1954e-03, PNorm = 41.4233, GNorm = 0.8268, lr_0 = 4.0041e-04
Loss = 1.0823e-02, PNorm = 41.4344, GNorm = 4.9916, lr_0 = 3.9760e-04
Loss = 1.6379e-02, PNorm = 41.4497, GNorm = 1.0217, lr_0 = 3.9481e-04
Loss = 8.9856e-03, PNorm = 41.4677, GNorm = 8.0687, lr_0 = 3.9204e-04
Loss = 1.2106e-02, PNorm = 41.4962, GNorm = 3.5702, lr_0 = 3.8929e-04
Loss = 1.1784e-02, PNorm = 41.5174, GNorm = 1.3698, lr_0 = 3.8655e-04
Loss = 1.0239e-02, PNorm = 41.5310, GNorm = 2.7098, lr_0 = 3.8384e-04
Loss = 9.5463e-03, PNorm = 41.5415, GNorm = 1.4855, lr_0 = 3.8114e-04
Validation rmse = 0.162367
Epoch 18
Loss = 9.4385e-03, PNorm = 41.5491, GNorm = 6.7533, lr_0 = 3.7847e-04
Loss = 8.3827e-03, PNorm = 41.5760, GNorm = 3.6791, lr_0 = 3.7581e-04
Loss = 9.9627e-03, PNorm = 41.5912, GNorm = 1.3141, lr_0 = 3.7317e-04
Loss = 1.4160e-02, PNorm = 41.5995, GNorm = 1.7326, lr_0 = 3.7055e-04
Loss = 9.2274e-03, PNorm = 41.6179, GNorm = 1.1690, lr_0 = 3.6795e-04
Loss = 1.3436e-02, PNorm = 41.6398, GNorm = 3.3604, lr_0 = 3.6537e-04
Loss = 1.1170e-02, PNorm = 41.6559, GNorm = 2.8642, lr_0 = 3.6280e-04
Loss = 1.0862e-02, PNorm = 41.6741, GNorm = 4.7129, lr_0 = 3.6025e-04
Loss = 1.6622e-02, PNorm = 41.6900, GNorm = 6.8924, lr_0 = 3.5773e-04
Validation rmse = 0.148803
Epoch 19
Loss = 1.3864e-02, PNorm = 41.7001, GNorm = 11.9693, lr_0 = 3.5521e-04
Loss = 9.9391e-03, PNorm = 41.7083, GNorm = 1.2109, lr_0 = 3.5272e-04
Loss = 6.3805e-03, PNorm = 41.7309, GNorm = 1.2292, lr_0 = 3.5024e-04
Loss = 8.0547e-03, PNorm = 41.7464, GNorm = 3.2642, lr_0 = 3.4778e-04
Loss = 1.3428e-02, PNorm = 41.7660, GNorm = 2.9040, lr_0 = 3.4534e-04
Loss = 1.3913e-02, PNorm = 41.7796, GNorm = 4.3288, lr_0 = 3.4292e-04
Loss = 1.1411e-02, PNorm = 41.7938, GNorm = 5.8140, lr_0 = 3.4051e-04
Loss = 7.5678e-03, PNorm = 41.8209, GNorm = 1.7278, lr_0 = 3.3812e-04
Loss = 1.5514e-02, PNorm = 41.8280, GNorm = 4.1003, lr_0 = 3.3575e-04
Validation rmse = 0.148329
Epoch 20
Loss = 1.2522e-02, PNorm = 41.8558, GNorm = 3.7168, lr_0 = 3.3339e-04
Loss = 8.6554e-03, PNorm = 41.8828, GNorm = 0.4472, lr_0 = 3.3105e-04
Loss = 6.5208e-03, PNorm = 41.8972, GNorm = 3.2008, lr_0 = 3.2872e-04
Loss = 1.0493e-02, PNorm = 41.9127, GNorm = 6.9888, lr_0 = 3.2641e-04
Loss = 1.0762e-02, PNorm = 41.9200, GNorm = 2.3609, lr_0 = 3.2412e-04
