Fold 0
Model 0 best validation rmse = 0.737973 on epoch 46
Model 0 test rmse = 0.799217
Ensemble test rmse = 0.799217
1-fold cross validation
Seed 5 ==> test rmse = 0.799217
Overall test rmse = 0.799217 +/- 0.000000
Fold 0
Model 0 best validation rmse = 0.741208 on epoch 45
Model 0 test rmse = 0.778669
Ensemble test rmse = 0.778669
1-fold cross validation
Seed 5 ==> test rmse = 0.778669
Overall test rmse = 0.778669 +/- 0.000000
Fold 0
Model 0 best validation rmse = 0.743201 on epoch 47
Model 0 test rmse = 0.795822
Ensemble test rmse = 0.795822
1-fold cross validation
Seed 5 ==> test rmse = 0.795822
Overall test rmse = 0.795822 +/- 0.000000
