Fold 0
{'activation': 'ReLU',
 'atom_messages': False,
 'batch_size': 50,
 'bias': False,
 'checkpoint_dir': None,
 'checkpoint_path': None,
 'checkpoint_paths': None,
 'config_path': None,
 'crossval_index_dir': None,
 'crossval_index_file': None,
 'cuda': False,
 'data_path': 'Data/Multitask_data/All_datasets/Splits/Ubermodel_split/train.csv',
 'dataset_type': 'regression',
 'depth': 3,
 'dropout': 0.35000000000000003,
 'ensemble_size': 1,
 'epochs': 50,
 'features_generator': None,
 'features_only': False,
 'features_path': ['Data/Multitask_data/All_datasets/Splits/Ubermodel_split/train_extra_x.csv'],
 'features_scaling': True,
 'ffn_hidden_size': 300,
 'ffn_num_layers': 1,
 'final_lr': 0.0001,
 'folds_file': None,
 'gpu': None,
 'hidden_size': 300,
 'init_lr': 0.0001,
 'log_frequency': 10,
 'max_data_size': None,
 'max_lr': 0.001,
 'metric': 'rmse',
 'minimize_score': True,
 'multiclass_num_classes': 3,
 'no_cache': False,
 'num_folds': 1,
 'num_lrs': 1,
 'quiet': False,
 'save_dir': 'Data/Multitask_data/All_datasets/Splits/Ubermodel_split/trained_model/fold_0',
 'save_smiles_splits': False,
 'seed': 5,
 'separate_test_features_path': ['Data/Multitask_data/All_datasets/Splits/Ubermodel_split/test_extra_x.csv'],
 'separate_test_path': 'Data/Multitask_data/All_datasets/Splits/Ubermodel_split/test.csv',
 'separate_val_features_path': ['Data/Multitask_data/All_datasets/Splits/Ubermodel_split/valid_extra_x.csv'],
 'separate_val_path': 'Data/Multitask_data/All_datasets/Splits/Ubermodel_split/valid.csv',
 'show_individual_scores': False,
 'split_sizes': [0.675, 0.075, 0.25],
 'split_type': 'random',
 'test': False,
 'test_fold_index': None,
 'undirected': False,
 'use_compound_names': False,
 'use_input_features': True,
 'val_fold_index': None,
 'warmup_epochs': 2.0}
Loading data
Number of tasks = 1
Splitting data with seed 5
Total size = 8,795 | train size = 8,795 | val size = 426 | test size = 5
Fitting scaler
Building model 0
MoleculeModel(
  (encoder): MPN(
    (encoder): MPNEncoder(
      (dropout_layer): Dropout(p=0.35000000000000003, inplace=False)
      (act_func): ReLU()
      (W_i): Linear(in_features=147, out_features=300, bias=False)
      (W_h): Linear(in_features=300, out_features=300, bias=False)
      (W_o): Linear(in_features=433, out_features=300, bias=True)
    )
  )
  (ffn): Sequential(
    (0): Dropout(p=0.35000000000000003, inplace=False)
    (1): Linear(in_features=326, out_features=1, bias=True)
  )
)
Number of parameters = 264,627
Epoch 0
Loss = 2.7246e-02, PNorm = 29.2313, GNorm = 3.3066, lr_0 = 1.2829e-04
Loss = 2.5272e-02, PNorm = 29.2312, GNorm = 7.0524, lr_0 = 1.5400e-04
Loss = 2.4289e-02, PNorm = 29.2309, GNorm = 3.5541, lr_0 = 1.7971e-04
Loss = 2.6381e-02, PNorm = 29.2311, GNorm = 5.1451, lr_0 = 2.0543e-04
Loss = 2.4977e-02, PNorm = 29.2319, GNorm = 4.6891, lr_0 = 2.3114e-04
Loss = 2.5775e-02, PNorm = 29.2334, GNorm = 4.2617, lr_0 = 2.5686e-04
Loss = 2.3752e-02, PNorm = 29.2363, GNorm = 3.1642, lr_0 = 2.8257e-04
Loss = 1.9844e-02, PNorm = 29.2367, GNorm = 5.4764, lr_0 = 3.0829e-04
Loss = 2.4458e-02, PNorm = 29.2387, GNorm = 2.3128, lr_0 = 3.3400e-04
Loss = 2.1387e-02, PNorm = 29.2408, GNorm = 1.8502, lr_0 = 3.5971e-04
Loss = 2.4594e-02, PNorm = 29.2426, GNorm = 2.7113, lr_0 = 3.8543e-04
Loss = 2.5583e-02, PNorm = 29.2469, GNorm = 4.6946, lr_0 = 4.1114e-04
Loss = 2.3316e-02, PNorm = 29.2508, GNorm = 2.6978, lr_0 = 4.3686e-04
Loss = 2.3037e-02, PNorm = 29.2550, GNorm = 4.3811, lr_0 = 4.6257e-04
Loss = 2.2750e-02, PNorm = 29.2590, GNorm = 2.4776, lr_0 = 4.8829e-04
Loss = 1.9972e-02, PNorm = 29.2638, GNorm = 2.4885, lr_0 = 5.1400e-04
Loss = 2.0775e-02, PNorm = 29.2654, GNorm = 2.9090, lr_0 = 5.3971e-04
Validation rmse = 1.020173
Epoch 1
Loss = 2.2154e-02, PNorm = 29.2712, GNorm = 1.9181, lr_0 = 5.6543e-04
Loss = 2.0987e-02, PNorm = 29.2779, GNorm = 2.3917, lr_0 = 5.9114e-04
Loss = 2.2155e-02, PNorm = 29.2836, GNorm = 1.5022, lr_0 = 6.1686e-04
Loss = 2.4761e-02, PNorm = 29.2938, GNorm = 2.7007, lr_0 = 6.4257e-04
Loss = 2.2691e-02, PNorm = 29.3037, GNorm = 3.9086, lr_0 = 6.6829e-04
Loss = 2.0631e-02, PNorm = 29.3117, GNorm = 1.8499, lr_0 = 6.9400e-04
Loss = 2.2795e-02, PNorm = 29.3220, GNorm = 3.6780, lr_0 = 7.1971e-04
Loss = 1.6285e-02, PNorm = 29.3275, GNorm = 1.8287, lr_0 = 7.4543e-04
Loss = 1.9187e-02, PNorm = 29.3332, GNorm = 1.7328, lr_0 = 7.7114e-04
Loss = 2.2389e-02, PNorm = 29.3413, GNorm = 2.0207, lr_0 = 7.9686e-04
Loss = 2.0814e-02, PNorm = 29.3538, GNorm = 1.6868, lr_0 = 8.2257e-04
Loss = 2.1401e-02, PNorm = 29.3559, GNorm = 2.5005, lr_0 = 8.4829e-04
Loss = 2.3764e-02, PNorm = 29.3666, GNorm = 2.0821, lr_0 = 8.7400e-04
Loss = 1.8881e-02, PNorm = 29.3819, GNorm = 1.9162, lr_0 = 8.9971e-04
Loss = 1.9919e-02, PNorm = 29.3937, GNorm = 1.2751, lr_0 = 9.2543e-04
Loss = 1.8160e-02, PNorm = 29.4108, GNorm = 1.9879, lr_0 = 9.5114e-04
Loss = 1.8549e-02, PNorm = 29.4231, GNorm = 2.0768, lr_0 = 9.7686e-04
Loss = 1.5717e-02, PNorm = 29.4311, GNorm = 1.5014, lr_0 = 9.9973e-04
Validation rmse = 1.014044
Epoch 2
Loss = 2.0554e-02, PNorm = 29.4410, GNorm = 1.1756, lr_0 = 9.9699e-04
Loss = 1.9057e-02, PNorm = 29.4576, GNorm = 1.6612, lr_0 = 9.9426e-04
Loss = 2.1206e-02, PNorm = 29.4724, GNorm = 2.4665, lr_0 = 9.9154e-04
Loss = 2.2283e-02, PNorm = 29.4846, GNorm = 1.9897, lr_0 = 9.8882e-04
Loss = 1.6215e-02, PNorm = 29.4977, GNorm = 1.8967, lr_0 = 9.8612e-04
Loss = 2.2192e-02, PNorm = 29.5083, GNorm = 2.9687, lr_0 = 9.8342e-04
Loss = 1.8480e-02, PNorm = 29.5246, GNorm = 1.1446, lr_0 = 9.8073e-04
Loss = 1.9469e-02, PNorm = 29.5459, GNorm = 1.5875, lr_0 = 9.7804e-04
Loss = 2.0609e-02, PNorm = 29.5674, GNorm = 2.5762, lr_0 = 9.7536e-04
Loss = 1.7478e-02, PNorm = 29.5842, GNorm = 1.3663, lr_0 = 9.7269e-04
Loss = 1.7716e-02, PNorm = 29.5989, GNorm = 1.5590, lr_0 = 9.7003e-04
Loss = 1.8797e-02, PNorm = 29.6128, GNorm = 2.5357, lr_0 = 9.6738e-04
Loss = 1.7606e-02, PNorm = 29.6319, GNorm = 1.3499, lr_0 = 9.6473e-04
Loss = 2.0238e-02, PNorm = 29.6474, GNorm = 1.5264, lr_0 = 9.6209e-04
Loss = 1.9037e-02, PNorm = 29.6589, GNorm = 1.2427, lr_0 = 9.5945e-04
Loss = 2.1102e-02, PNorm = 29.6774, GNorm = 1.5212, lr_0 = 9.5683e-04
Loss = 1.9793e-02, PNorm = 29.6908, GNorm = 1.5552, lr_0 = 9.5421e-04
Validation rmse = 1.010167
Epoch 3
Loss = 2.1311e-02, PNorm = 29.7107, GNorm = 1.6338, lr_0 = 9.5160e-04
Loss = 1.7225e-02, PNorm = 29.7298, GNorm = 2.0115, lr_0 = 9.4899e-04
Loss = 1.8088e-02, PNorm = 29.7497, GNorm = 1.4049, lr_0 = 9.4639e-04
Loss = 2.2108e-02, PNorm = 29.7702, GNorm = 2.4520, lr_0 = 9.4380e-04
Loss = 1.9139e-02, PNorm = 29.7931, GNorm = 2.5016, lr_0 = 9.4122e-04
Loss = 1.8007e-02, PNorm = 29.8117, GNorm = 2.4544, lr_0 = 9.3864e-04
Loss = 1.9399e-02, PNorm = 29.8273, GNorm = 2.0365, lr_0 = 9.3607e-04
Loss = 1.8664e-02, PNorm = 29.8471, GNorm = 1.8022, lr_0 = 9.3351e-04
Loss = 1.7880e-02, PNorm = 29.8788, GNorm = 1.6772, lr_0 = 9.3095e-04
Loss = 2.0477e-02, PNorm = 29.8992, GNorm = 1.5845, lr_0 = 9.2841e-04
Loss = 2.0541e-02, PNorm = 29.9312, GNorm = 2.0406, lr_0 = 9.2586e-04
Loss = 1.7265e-02, PNorm = 29.9543, GNorm = 1.1559, lr_0 = 9.2333e-04
Loss = 1.8743e-02, PNorm = 29.9857, GNorm = 1.7677, lr_0 = 9.2080e-04
Loss = 1.9913e-02, PNorm = 30.0219, GNorm = 2.0411, lr_0 = 9.1828e-04
Loss = 1.8870e-02, PNorm = 30.0495, GNorm = 2.2052, lr_0 = 9.1577e-04
Loss = 1.9837e-02, PNorm = 30.0751, GNorm = 1.8513, lr_0 = 9.1326e-04
Loss = 1.8940e-02, PNorm = 30.1075, GNorm = 2.1888, lr_0 = 9.1076e-04
Loss = 1.7498e-02, PNorm = 30.1363, GNorm = 1.4276, lr_0 = 9.0827e-04
Validation rmse = 1.009443
Epoch 4
Loss = 1.6660e-02, PNorm = 30.1621, GNorm = 1.5633, lr_0 = 9.0578e-04
Loss = 1.8374e-02, PNorm = 30.1891, GNorm = 1.4314, lr_0 = 9.0330e-04
Loss = 1.7986e-02, PNorm = 30.2052, GNorm = 2.7408, lr_0 = 9.0083e-04
Loss = 1.8005e-02, PNorm = 30.2231, GNorm = 2.2748, lr_0 = 8.9836e-04
Loss = 1.9353e-02, PNorm = 30.2372, GNorm = 1.1336, lr_0 = 8.9590e-04
Loss = 1.7075e-02, PNorm = 30.2522, GNorm = 1.6055, lr_0 = 8.9345e-04
Loss = 1.8584e-02, PNorm = 30.2722, GNorm = 1.9521, lr_0 = 8.9101e-04
Loss = 2.0258e-02, PNorm = 30.2942, GNorm = 1.6579, lr_0 = 8.8857e-04
Loss = 1.7433e-02, PNorm = 30.3283, GNorm = 1.1671, lr_0 = 8.8614e-04
Loss = 2.3783e-02, PNorm = 30.3539, GNorm = 2.3273, lr_0 = 8.8371e-04
Loss = 1.6577e-02, PNorm = 30.3797, GNorm = 1.6727, lr_0 = 8.8129e-04
Loss = 1.8499e-02, PNorm = 30.4071, GNorm = 1.8458, lr_0 = 8.7888e-04
Loss = 1.8359e-02, PNorm = 30.4372, GNorm = 1.8796, lr_0 = 8.7647e-04
Loss = 1.7428e-02, PNorm = 30.4585, GNorm = 1.9153, lr_0 = 8.7407e-04
Loss = 1.8898e-02, PNorm = 30.4941, GNorm = 2.7336, lr_0 = 8.7168e-04
Loss = 2.1698e-02, PNorm = 30.5231, GNorm = 1.3493, lr_0 = 8.6929e-04
Loss = 1.8770e-02, PNorm = 30.5601, GNorm = 1.3825, lr_0 = 8.6691e-04
Validation rmse = 1.035465
Epoch 5
Loss = 2.0007e-02, PNorm = 30.5882, GNorm = 1.8917, lr_0 = 8.6454e-04
Loss = 2.1189e-02, PNorm = 30.6193, GNorm = 2.0371, lr_0 = 8.6217e-04
Loss = 1.8560e-02, PNorm = 30.6627, GNorm = 1.9631, lr_0 = 8.5981e-04
Loss = 1.8933e-02, PNorm = 30.7125, GNorm = 1.3660, lr_0 = 8.5746e-04
Loss = 1.8139e-02, PNorm = 30.7454, GNorm = 1.5318, lr_0 = 8.5511e-04
Loss = 1.9655e-02, PNorm = 30.7767, GNorm = 2.5061, lr_0 = 8.5277e-04
Loss = 1.8781e-02, PNorm = 30.7952, GNorm = 3.1986, lr_0 = 8.5044e-04
Loss = 1.6620e-02, PNorm = 30.8162, GNorm = 1.8828, lr_0 = 8.4811e-04
Loss = 1.5715e-02, PNorm = 30.8461, GNorm = 1.3587, lr_0 = 8.4579e-04
Loss = 2.0278e-02, PNorm = 30.8656, GNorm = 1.7262, lr_0 = 8.4347e-04
Loss = 1.7884e-02, PNorm = 30.8819, GNorm = 1.3992, lr_0 = 8.4116e-04
Loss = 1.7495e-02, PNorm = 30.9115, GNorm = 1.3389, lr_0 = 8.3886e-04
Loss = 2.0045e-02, PNorm = 30.9398, GNorm = 3.3795, lr_0 = 8.3657e-04
Loss = 1.7414e-02, PNorm = 30.9718, GNorm = 1.6670, lr_0 = 8.3428e-04
Loss = 2.1154e-02, PNorm = 30.9855, GNorm = 1.7423, lr_0 = 8.3199e-04
Loss = 1.8004e-02, PNorm = 30.9979, GNorm = 1.3154, lr_0 = 8.2971e-04
Loss = 1.6436e-02, PNorm = 31.0340, GNorm = 1.6319, lr_0 = 8.2744e-04
Loss = 1.8980e-02, PNorm = 31.0548, GNorm = 1.6330, lr_0 = 8.2518e-04
Validation rmse = 1.016200
Epoch 6
Loss = 1.9860e-02, PNorm = 31.0819, GNorm = 1.5882, lr_0 = 8.2292e-04
Loss = 1.7594e-02, PNorm = 31.0978, GNorm = 1.2799, lr_0 = 8.2067e-04
Loss = 1.7285e-02, PNorm = 31.1154, GNorm = 0.9505, lr_0 = 8.1842e-04
Loss = 1.5594e-02, PNorm = 31.1424, GNorm = 0.9803, lr_0 = 8.1618e-04
Loss = 1.8363e-02, PNorm = 31.1526, GNorm = 1.5758, lr_0 = 8.1395e-04
Loss = 1.9536e-02, PNorm = 31.1789, GNorm = 1.0029, lr_0 = 8.1172e-04
Loss = 1.9414e-02, PNorm = 31.2186, GNorm = 2.1532, lr_0 = 8.0950e-04
Loss = 1.7726e-02, PNorm = 31.2506, GNorm = 1.6305, lr_0 = 8.0728e-04
Loss = 1.7476e-02, PNorm = 31.2729, GNorm = 2.9690, lr_0 = 8.0507e-04
Loss = 1.7973e-02, PNorm = 31.2975, GNorm = 1.8318, lr_0 = 8.0287e-04
Loss = 2.0984e-02, PNorm = 31.3203, GNorm = 1.8746, lr_0 = 8.0067e-04
Loss = 2.0435e-02, PNorm = 31.3510, GNorm = 1.0764, lr_0 = 7.9848e-04
Loss = 1.6943e-02, PNorm = 31.3753, GNorm = 1.3219, lr_0 = 7.9629e-04
Loss = 1.8298e-02, PNorm = 31.3931, GNorm = 1.0556, lr_0 = 7.9411e-04
Loss = 1.7136e-02, PNorm = 31.4285, GNorm = 2.3496, lr_0 = 7.9194e-04
Loss = 1.7639e-02, PNorm = 31.4735, GNorm = 2.6765, lr_0 = 7.8977e-04
Loss = 1.9995e-02, PNorm = 31.4865, GNorm = 1.5152, lr_0 = 7.8761e-04
Validation rmse = 1.030403
Epoch 7
Loss = 1.7018e-02, PNorm = 31.5026, GNorm = 2.1990, lr_0 = 7.8545e-04
Loss = 1.9333e-02, PNorm = 31.5355, GNorm = 1.2522, lr_0 = 7.8330e-04
Loss = 1.8544e-02, PNorm = 31.5727, GNorm = 2.2427, lr_0 = 7.8116e-04
Loss = 1.7521e-02, PNorm = 31.6059, GNorm = 1.5327, lr_0 = 7.7902e-04
Loss = 2.0030e-02, PNorm = 31.6277, GNorm = 1.8920, lr_0 = 7.7689e-04
Loss = 1.8258e-02, PNorm = 31.6464, GNorm = 1.0193, lr_0 = 7.7476e-04
Loss = 1.5975e-02, PNorm = 31.6662, GNorm = 1.4994, lr_0 = 7.7264e-04
Loss = 1.9239e-02, PNorm = 31.6834, GNorm = 2.4665, lr_0 = 7.7052e-04
Loss = 1.8276e-02, PNorm = 31.6985, GNorm = 1.7774, lr_0 = 7.6841e-04
Loss = 1.7957e-02, PNorm = 31.7064, GNorm = 1.5183, lr_0 = 7.6631e-04
Loss = 1.6784e-02, PNorm = 31.7260, GNorm = 1.3703, lr_0 = 7.6421e-04
Loss = 1.9962e-02, PNorm = 31.7555, GNorm = 4.1657, lr_0 = 7.6212e-04
Loss = 2.0054e-02, PNorm = 31.7799, GNorm = 2.2031, lr_0 = 7.6003e-04
Loss = 1.9756e-02, PNorm = 31.7990, GNorm = 2.1925, lr_0 = 7.5795e-04
Loss = 1.6631e-02, PNorm = 31.8156, GNorm = 1.7771, lr_0 = 7.5588e-04
Loss = 1.7527e-02, PNorm = 31.8302, GNorm = 0.9766, lr_0 = 7.5381e-04
Loss = 1.8777e-02, PNorm = 31.8495, GNorm = 1.2429, lr_0 = 7.5175e-04
Loss = 1.7420e-02, PNorm = 31.8737, GNorm = 1.7573, lr_0 = 7.4969e-04
Validation rmse = 1.025805
Epoch 8
Loss = 1.7775e-02, PNorm = 31.9037, GNorm = 0.9951, lr_0 = 7.4764e-04
Loss = 1.6329e-02, PNorm = 31.9225, GNorm = 1.3761, lr_0 = 7.4559e-04
Loss = 1.9828e-02, PNorm = 31.9431, GNorm = 1.3217, lr_0 = 7.4355e-04
Loss = 1.8701e-02, PNorm = 31.9632, GNorm = 1.3040, lr_0 = 7.4151e-04
Loss = 2.1830e-02, PNorm = 31.9936, GNorm = 3.3292, lr_0 = 7.3948e-04
Loss = 1.9357e-02, PNorm = 32.0206, GNorm = 0.9258, lr_0 = 7.3746e-04
Loss = 1.9340e-02, PNorm = 32.0344, GNorm = 1.4058, lr_0 = 7.3544e-04
Loss = 1.9683e-02, PNorm = 32.0640, GNorm = 1.9291, lr_0 = 7.3343e-04
Loss = 1.7124e-02, PNorm = 32.0910, GNorm = 1.7573, lr_0 = 7.3142e-04
Loss = 1.7159e-02, PNorm = 32.0971, GNorm = 1.9486, lr_0 = 7.2942e-04
Loss = 1.7854e-02, PNorm = 32.1147, GNorm = 1.6109, lr_0 = 7.2742e-04
Loss = 1.6910e-02, PNorm = 32.1302, GNorm = 1.3914, lr_0 = 7.2543e-04
Loss = 2.1448e-02, PNorm = 32.1474, GNorm = 1.6855, lr_0 = 7.2344e-04
Loss = 1.6603e-02, PNorm = 32.1678, GNorm = 1.4132, lr_0 = 7.2146e-04
Loss = 1.8862e-02, PNorm = 32.1869, GNorm = 1.4566, lr_0 = 7.1949e-04
Loss = 1.5571e-02, PNorm = 32.2098, GNorm = 1.9913, lr_0 = 7.1752e-04
Loss = 1.6985e-02, PNorm = 32.2143, GNorm = 1.1550, lr_0 = 7.1555e-04
Validation rmse = 1.021724
Epoch 9
Loss = 1.6011e-02, PNorm = 32.2333, GNorm = 1.6950, lr_0 = 7.1360e-04
Loss = 1.7526e-02, PNorm = 32.2528, GNorm = 1.0549, lr_0 = 7.1164e-04
Loss = 2.0168e-02, PNorm = 32.2854, GNorm = 1.0444, lr_0 = 7.0969e-04
Loss = 1.4905e-02, PNorm = 32.3121, GNorm = 1.3638, lr_0 = 7.0775e-04
Loss = 1.8828e-02, PNorm = 32.3174, GNorm = 1.1415, lr_0 = 7.0581e-04
Loss = 1.7742e-02, PNorm = 32.3263, GNorm = 1.4847, lr_0 = 7.0388e-04
Loss = 1.9489e-02, PNorm = 32.3496, GNorm = 1.5455, lr_0 = 7.0196e-04
Loss = 1.6724e-02, PNorm = 32.3716, GNorm = 1.9661, lr_0 = 7.0003e-04
Loss = 1.9709e-02, PNorm = 32.3963, GNorm = 2.6874, lr_0 = 6.9812e-04
Loss = 1.4950e-02, PNorm = 32.4178, GNorm = 1.9561, lr_0 = 6.9621e-04
Loss = 1.9513e-02, PNorm = 32.4229, GNorm = 1.7440, lr_0 = 6.9430e-04
Loss = 1.6858e-02, PNorm = 32.4452, GNorm = 2.8329, lr_0 = 6.9240e-04
Loss = 1.8477e-02, PNorm = 32.4566, GNorm = 1.8846, lr_0 = 6.9050e-04
Loss = 1.7973e-02, PNorm = 32.4690, GNorm = 2.3852, lr_0 = 6.8861e-04
Loss = 2.1130e-02, PNorm = 32.4964, GNorm = 1.2817, lr_0 = 6.8673e-04
Loss = 1.7534e-02, PNorm = 32.5225, GNorm = 2.8676, lr_0 = 6.8485e-04
Loss = 1.8388e-02, PNorm = 32.5491, GNorm = 1.4417, lr_0 = 6.8297e-04
Loss = 1.7025e-02, PNorm = 32.5763, GNorm = 1.8493, lr_0 = 6.8111e-04
Validation rmse = 1.029073
Epoch 10
Loss = 1.8273e-02, PNorm = 32.5920, GNorm = 1.3155, lr_0 = 6.7924e-04
Loss = 1.6411e-02, PNorm = 32.6174, GNorm = 1.5955, lr_0 = 6.7738e-04
Loss = 1.5376e-02, PNorm = 32.6367, GNorm = 1.6953, lr_0 = 6.7553e-04
Loss = 1.6507e-02, PNorm = 32.6457, GNorm = 1.6752, lr_0 = 6.7368e-04
Loss = 1.8763e-02, PNorm = 32.6685, GNorm = 2.0021, lr_0 = 6.7183e-04
Loss = 1.8510e-02, PNorm = 32.6901, GNorm = 2.7258, lr_0 = 6.6999e-04
Loss = 1.8242e-02, PNorm = 32.7121, GNorm = 1.2425, lr_0 = 6.6816e-04
Loss = 1.8474e-02, PNorm = 32.7398, GNorm = 1.5280, lr_0 = 6.6633e-04
Loss = 1.4648e-02, PNorm = 32.7566, GNorm = 1.7072, lr_0 = 6.6451e-04
Loss = 1.8759e-02, PNorm = 32.7777, GNorm = 1.5583, lr_0 = 6.6269e-04
Loss = 1.7044e-02, PNorm = 32.7974, GNorm = 1.6872, lr_0 = 6.6087e-04
Loss = 1.7348e-02, PNorm = 32.8172, GNorm = 1.5392, lr_0 = 6.5907e-04
Loss = 1.7908e-02, PNorm = 32.8378, GNorm = 3.1760, lr_0 = 6.5726e-04
Loss = 2.0754e-02, PNorm = 32.8612, GNorm = 2.7751, lr_0 = 6.5546e-04
Loss = 2.2056e-02, PNorm = 32.8853, GNorm = 1.1852, lr_0 = 6.5367e-04
Loss = 1.7137e-02, PNorm = 32.8995, GNorm = 1.9245, lr_0 = 6.5188e-04
Loss = 1.9205e-02, PNorm = 32.9144, GNorm = 1.8189, lr_0 = 6.5009e-04
Validation rmse = 1.034150
Epoch 11
Loss = 1.7306e-02, PNorm = 32.9280, GNorm = 1.6643, lr_0 = 6.4831e-04
Loss = 1.6637e-02, PNorm = 32.9469, GNorm = 1.6323, lr_0 = 6.4654e-04
Loss = 1.9021e-02, PNorm = 32.9722, GNorm = 1.9271, lr_0 = 6.4477e-04
Loss = 1.6628e-02, PNorm = 32.9879, GNorm = 2.3613, lr_0 = 6.4300e-04
Loss = 2.1416e-02, PNorm = 33.0003, GNorm = 1.2237, lr_0 = 6.4124e-04
Loss = 1.7566e-02, PNorm = 33.0209, GNorm = 2.1924, lr_0 = 6.3949e-04
Loss = 1.6818e-02, PNorm = 33.0455, GNorm = 1.8600, lr_0 = 6.3774e-04
Loss = 1.6744e-02, PNorm = 33.0632, GNorm = 2.0334, lr_0 = 6.3599e-04
Loss = 1.6681e-02, PNorm = 33.0768, GNorm = 2.6065, lr_0 = 6.3425e-04
Loss = 1.9681e-02, PNorm = 33.0870, GNorm = 1.8259, lr_0 = 6.3252e-04
Loss = 1.7402e-02, PNorm = 33.1099, GNorm = 1.3952, lr_0 = 6.3078e-04
Loss = 2.0788e-02, PNorm = 33.1312, GNorm = 1.6646, lr_0 = 6.2906e-04
Loss = 1.4737e-02, PNorm = 33.1570, GNorm = 1.3695, lr_0 = 6.2734e-04
Loss = 1.8770e-02, PNorm = 33.1703, GNorm = 2.0064, lr_0 = 6.2562e-04
Loss = 1.8974e-02, PNorm = 33.1933, GNorm = 1.5962, lr_0 = 6.2391e-04
Loss = 1.7384e-02, PNorm = 33.2219, GNorm = 1.6054, lr_0 = 6.2220e-04
Loss = 1.6267e-02, PNorm = 33.2419, GNorm = 1.5525, lr_0 = 6.2049e-04
Loss = 1.9486e-02, PNorm = 33.2634, GNorm = 1.4430, lr_0 = 6.1880e-04
Validation rmse = 1.019139
Epoch 12
Loss = 1.8775e-02, PNorm = 33.2814, GNorm = 2.8439, lr_0 = 6.1710e-04
Loss = 1.8488e-02, PNorm = 33.2967, GNorm = 2.2771, lr_0 = 6.1541e-04
Loss = 1.6285e-02, PNorm = 33.3285, GNorm = 1.8947, lr_0 = 6.1373e-04
Loss = 1.6575e-02, PNorm = 33.3418, GNorm = 1.4217, lr_0 = 6.1205e-04
Loss = 1.6654e-02, PNorm = 33.3571, GNorm = 1.3935, lr_0 = 6.1037e-04
Loss = 1.7092e-02, PNorm = 33.3736, GNorm = 2.2879, lr_0 = 6.0870e-04
Loss = 1.7958e-02, PNorm = 33.4000, GNorm = 3.9277, lr_0 = 6.0704e-04
Loss = 1.8084e-02, PNorm = 33.4079, GNorm = 1.6626, lr_0 = 6.0537e-04
Loss = 1.5197e-02, PNorm = 33.4208, GNorm = 1.4006, lr_0 = 6.0372e-04
Loss = 1.7866e-02, PNorm = 33.4323, GNorm = 1.6321, lr_0 = 6.0206e-04
Loss = 1.8327e-02, PNorm = 33.4511, GNorm = 1.9149, lr_0 = 6.0042e-04
Loss = 1.8591e-02, PNorm = 33.4699, GNorm = 1.3365, lr_0 = 5.9877e-04
Loss = 1.9442e-02, PNorm = 33.4935, GNorm = 2.2782, lr_0 = 5.9713e-04
Loss = 1.6975e-02, PNorm = 33.5128, GNorm = 1.0686, lr_0 = 5.9550e-04
Loss = 1.8207e-02, PNorm = 33.5262, GNorm = 1.5743, lr_0 = 5.9387e-04
Loss = 1.9045e-02, PNorm = 33.5404, GNorm = 1.1179, lr_0 = 5.9224e-04
Loss = 1.8202e-02, PNorm = 33.5623, GNorm = 1.1060, lr_0 = 5.9062e-04
Validation rmse = 1.027023
Epoch 13
Loss = 1.7437e-02, PNorm = 33.5768, GNorm = 1.4788, lr_0 = 5.8901e-04
Loss = 1.8954e-02, PNorm = 33.5959, GNorm = 2.4082, lr_0 = 5.8739e-04
Loss = 1.4600e-02, PNorm = 33.6142, GNorm = 1.2783, lr_0 = 5.8578e-04
Loss = 1.5177e-02, PNorm = 33.6298, GNorm = 1.8481, lr_0 = 5.8418e-04
Loss = 1.9119e-02, PNorm = 33.6453, GNorm = 1.6280, lr_0 = 5.8258e-04
Loss = 1.8775e-02, PNorm = 33.6616, GNorm = 1.4502, lr_0 = 5.8099e-04
Loss = 1.9250e-02, PNorm = 33.6804, GNorm = 1.9542, lr_0 = 5.7940e-04
Loss = 1.6873e-02, PNorm = 33.6947, GNorm = 1.8979, lr_0 = 5.7781e-04
Loss = 1.6718e-02, PNorm = 33.7133, GNorm = 1.2971, lr_0 = 5.7623e-04
Loss = 1.5400e-02, PNorm = 33.7339, GNorm = 1.4563, lr_0 = 5.7465e-04
Loss = 1.7387e-02, PNorm = 33.7449, GNorm = 1.8556, lr_0 = 5.7308e-04
Loss = 1.8208e-02, PNorm = 33.7648, GNorm = 2.2211, lr_0 = 5.7151e-04
Loss = 1.9075e-02, PNorm = 33.7769, GNorm = 1.4338, lr_0 = 5.6995e-04
Loss = 2.0578e-02, PNorm = 33.7966, GNorm = 2.4127, lr_0 = 5.6839e-04
Loss = 1.8156e-02, PNorm = 33.8261, GNorm = 2.3179, lr_0 = 5.6683e-04
Loss = 1.8234e-02, PNorm = 33.8462, GNorm = 3.4240, lr_0 = 5.6528e-04
Loss = 1.6671e-02, PNorm = 33.8596, GNorm = 1.7818, lr_0 = 5.6373e-04
Loss = 1.8373e-02, PNorm = 33.8778, GNorm = 2.3726, lr_0 = 5.6219e-04
Validation rmse = 1.024833
Epoch 14
Loss = 1.9395e-02, PNorm = 33.8940, GNorm = 2.3719, lr_0 = 5.6065e-04
Loss = 2.0739e-02, PNorm = 33.9129, GNorm = 1.5544, lr_0 = 5.5911e-04
Loss = 1.7163e-02, PNorm = 33.9321, GNorm = 1.2767, lr_0 = 5.5758e-04
Loss = 1.7050e-02, PNorm = 33.9518, GNorm = 2.2958, lr_0 = 5.5606e-04
Loss = 1.7835e-02, PNorm = 33.9700, GNorm = 2.4697, lr_0 = 5.5453e-04
Loss = 1.8204e-02, PNorm = 33.9954, GNorm = 2.2009, lr_0 = 5.5302e-04
Loss = 1.7963e-02, PNorm = 34.0098, GNorm = 1.4585, lr_0 = 5.5150e-04
Loss = 1.4802e-02, PNorm = 34.0187, GNorm = 1.5968, lr_0 = 5.4999e-04
Loss = 1.5673e-02, PNorm = 34.0328, GNorm = 2.3125, lr_0 = 5.4849e-04
Loss = 2.1171e-02, PNorm = 34.0478, GNorm = 1.7805, lr_0 = 5.4699e-04
Loss = 1.7074e-02, PNorm = 34.0635, GNorm = 2.3381, lr_0 = 5.4549e-04
Loss = 1.5789e-02, PNorm = 34.0728, GNorm = 1.1319, lr_0 = 5.4400e-04
Loss = 1.9288e-02, PNorm = 34.0820, GNorm = 2.8978, lr_0 = 5.4251e-04
Loss = 1.7218e-02, PNorm = 34.1070, GNorm = 1.5249, lr_0 = 5.4102e-04
Loss = 1.2411e-02, PNorm = 34.1280, GNorm = 1.7514, lr_0 = 5.3954e-04
Loss = 1.5659e-02, PNorm = 34.1479, GNorm = 1.7207, lr_0 = 5.3806e-04
Loss = 1.8201e-02, PNorm = 34.1644, GNorm = 1.9085, lr_0 = 5.3659e-04
Validation rmse = 1.029609
Epoch 15
Loss = 1.5434e-02, PNorm = 34.1905, GNorm = 1.3330, lr_0 = 5.3512e-04
Loss = 2.1726e-02, PNorm = 34.2131, GNorm = 1.2887, lr_0 = 5.3366e-04
Loss = 1.9171e-02, PNorm = 34.2349, GNorm = 0.9956, lr_0 = 5.3220e-04
Loss = 1.8728e-02, PNorm = 34.2476, GNorm = 1.7887, lr_0 = 5.3074e-04
Loss = 1.7225e-02, PNorm = 34.2653, GNorm = 2.2698, lr_0 = 5.2929e-04
Loss = 1.8677e-02, PNorm = 34.2805, GNorm = 1.6032, lr_0 = 5.2784e-04
Loss = 1.3923e-02, PNorm = 34.3024, GNorm = 1.2547, lr_0 = 5.2639e-04
Loss = 1.6708e-02, PNorm = 34.3205, GNorm = 1.9776, lr_0 = 5.2495e-04
Loss = 1.6577e-02, PNorm = 34.3416, GNorm = 3.3647, lr_0 = 5.2351e-04
Loss = 1.5823e-02, PNorm = 34.3592, GNorm = 2.3008, lr_0 = 5.2208e-04
Loss = 1.9246e-02, PNorm = 34.3761, GNorm = 1.9467, lr_0 = 5.2065e-04
Loss = 1.7139e-02, PNorm = 34.3875, GNorm = 1.2642, lr_0 = 5.1923e-04
Loss = 1.6473e-02, PNorm = 34.3936, GNorm = 0.8421, lr_0 = 5.1781e-04
Loss = 2.1726e-02, PNorm = 34.4075, GNorm = 1.9942, lr_0 = 5.1639e-04
Loss = 1.6676e-02, PNorm = 34.4222, GNorm = 1.8602, lr_0 = 5.1497e-04
Loss = 1.6019e-02, PNorm = 34.4327, GNorm = 1.3265, lr_0 = 5.1356e-04
Loss = 1.4758e-02, PNorm = 34.4461, GNorm = 1.3980, lr_0 = 5.1216e-04
Loss = 1.6653e-02, PNorm = 34.4588, GNorm = 2.1332, lr_0 = 5.1076e-04
Validation rmse = 1.021412
Epoch 16
Loss = 1.6820e-02, PNorm = 34.4762, GNorm = 1.4958, lr_0 = 5.0936e-04
Loss = 1.7160e-02, PNorm = 34.4926, GNorm = 2.6493, lr_0 = 5.0796e-04
Loss = 1.4686e-02, PNorm = 34.5076, GNorm = 1.0976, lr_0 = 5.0657e-04
Loss = 1.7664e-02, PNorm = 34.5283, GNorm = 1.2811, lr_0 = 5.0519e-04
Loss = 1.8674e-02, PNorm = 34.5435, GNorm = 2.0531, lr_0 = 5.0380e-04
Loss = 1.9346e-02, PNorm = 34.5620, GNorm = 2.6070, lr_0 = 5.0243e-04
Loss = 2.0437e-02, PNorm = 34.5866, GNorm = 2.1216, lr_0 = 5.0105e-04
Loss = 1.9143e-02, PNorm = 34.6104, GNorm = 1.7265, lr_0 = 4.9968e-04
Loss = 1.4655e-02, PNorm = 34.6350, GNorm = 2.2470, lr_0 = 4.9831e-04
Loss = 1.8735e-02, PNorm = 34.6526, GNorm = 1.9715, lr_0 = 4.9695e-04
Loss = 1.4165e-02, PNorm = 34.6637, GNorm = 1.3657, lr_0 = 4.9559e-04
Loss = 1.6859e-02, PNorm = 34.6726, GNorm = 1.7780, lr_0 = 4.9423e-04
Loss = 1.7323e-02, PNorm = 34.6846, GNorm = 1.2339, lr_0 = 4.9288e-04
Loss = 1.4978e-02, PNorm = 34.7023, GNorm = 1.2533, lr_0 = 4.9153e-04
Loss = 1.7105e-02, PNorm = 34.7171, GNorm = 1.2022, lr_0 = 4.9018e-04
Loss = 1.6846e-02, PNorm = 34.7393, GNorm = 2.4974, lr_0 = 4.8884e-04
Loss = 2.0312e-02, PNorm = 34.7577, GNorm = 1.5895, lr_0 = 4.8750e-04
Validation rmse = 1.068971
Epoch 17
Loss = 1.9628e-02, PNorm = 34.7764, GNorm = 1.5843, lr_0 = 4.8617e-04
Loss = 2.0809e-02, PNorm = 34.7934, GNorm = 1.5722, lr_0 = 4.8484e-04
Loss = 1.5845e-02, PNorm = 34.8056, GNorm = 1.2436, lr_0 = 4.8351e-04
Loss = 1.7254e-02, PNorm = 34.8244, GNorm = 1.4402, lr_0 = 4.8219e-04
Loss = 1.7322e-02, PNorm = 34.8360, GNorm = 2.7888, lr_0 = 4.8087e-04
Loss = 1.5918e-02, PNorm = 34.8486, GNorm = 1.6974, lr_0 = 4.7955e-04
Loss = 1.5949e-02, PNorm = 34.8670, GNorm = 1.5964, lr_0 = 4.7824e-04
Loss = 1.5692e-02, PNorm = 34.8738, GNorm = 0.9996, lr_0 = 4.7693e-04
Loss = 1.6066e-02, PNorm = 34.8919, GNorm = 2.9672, lr_0 = 4.7562e-04
Loss = 1.7423e-02, PNorm = 34.9095, GNorm = 1.9044, lr_0 = 4.7432e-04
Loss = 1.5046e-02, PNorm = 34.9182, GNorm = 1.3039, lr_0 = 4.7302e-04
Loss = 1.7218e-02, PNorm = 34.9319, GNorm = 1.3088, lr_0 = 4.7173e-04
Loss = 2.0600e-02, PNorm = 34.9433, GNorm = 2.3958, lr_0 = 4.7044e-04
Loss = 1.7540e-02, PNorm = 34.9573, GNorm = 1.3449, lr_0 = 4.6915e-04
Loss = 1.6751e-02, PNorm = 34.9731, GNorm = 1.1414, lr_0 = 4.6786e-04
Loss = 1.7001e-02, PNorm = 34.9892, GNorm = 1.7040, lr_0 = 4.6658e-04
Loss = 1.7955e-02, PNorm = 35.0006, GNorm = 1.6180, lr_0 = 4.6531e-04
Loss = 1.8634e-02, PNorm = 35.0157, GNorm = 1.8404, lr_0 = 4.6403e-04
Validation rmse = 1.030205
Epoch 18
Loss = 1.5658e-02, PNorm = 35.0324, GNorm = 1.6945, lr_0 = 4.6276e-04
Loss = 1.8710e-02, PNorm = 35.0475, GNorm = 1.6773, lr_0 = 4.6149e-04
Loss = 1.4147e-02, PNorm = 35.0659, GNorm = 1.3577, lr_0 = 4.6023e-04
Loss = 1.6564e-02, PNorm = 35.0777, GNorm = 1.9215, lr_0 = 4.5897e-04
Loss = 1.6114e-02, PNorm = 35.0928, GNorm = 1.4750, lr_0 = 4.5772e-04
Loss = 1.8504e-02, PNorm = 35.1047, GNorm = 1.3962, lr_0 = 4.5646e-04
Loss = 1.6773e-02, PNorm = 35.1139, GNorm = 1.5689, lr_0 = 4.5521e-04
Loss = 1.8319e-02, PNorm = 35.1337, GNorm = 2.7636, lr_0 = 4.5397e-04
Loss = 1.5770e-02, PNorm = 35.1508, GNorm = 1.4533, lr_0 = 4.5272e-04
Loss = 1.6687e-02, PNorm = 35.1551, GNorm = 1.4374, lr_0 = 4.5148e-04
Loss = 1.4697e-02, PNorm = 35.1673, GNorm = 1.4079, lr_0 = 4.5025e-04
Loss = 1.8595e-02, PNorm = 35.1874, GNorm = 1.4888, lr_0 = 4.4902e-04
Loss = 1.9488e-02, PNorm = 35.2015, GNorm = 1.2217, lr_0 = 4.4779e-04
Loss = 1.7677e-02, PNorm = 35.2162, GNorm = 1.7673, lr_0 = 4.4656e-04
Loss = 1.7799e-02, PNorm = 35.2211, GNorm = 2.1843, lr_0 = 4.4534e-04
Loss = 1.8600e-02, PNorm = 35.2322, GNorm = 1.3117, lr_0 = 4.4412e-04
Loss = 1.6220e-02, PNorm = 35.2497, GNorm = 1.6720, lr_0 = 4.4290e-04
Validation rmse = 1.014879
Epoch 19
Loss = 1.7670e-02, PNorm = 35.2615, GNorm = 1.7268, lr_0 = 4.4169e-04
Loss = 1.7390e-02, PNorm = 35.2788, GNorm = 1.2721, lr_0 = 4.4048e-04
Loss = 1.8942e-02, PNorm = 35.2943, GNorm = 2.0322, lr_0 = 4.3928e-04
Loss = 1.5479e-02, PNorm = 35.3094, GNorm = 2.1673, lr_0 = 4.3807e-04
Loss = 1.8006e-02, PNorm = 35.3211, GNorm = 1.3587, lr_0 = 4.3687e-04
Loss = 1.8996e-02, PNorm = 35.3344, GNorm = 2.5190, lr_0 = 4.3568e-04
Loss = 1.6760e-02, PNorm = 35.3512, GNorm = 1.2036, lr_0 = 4.3449e-04
Loss = 1.6785e-02, PNorm = 35.3613, GNorm = 1.3489, lr_0 = 4.3330e-04
Loss = 1.7321e-02, PNorm = 35.3698, GNorm = 3.8899, lr_0 = 4.3211e-04
Loss = 1.5839e-02, PNorm = 35.3809, GNorm = 1.4209, lr_0 = 4.3093e-04
Loss = 1.6207e-02, PNorm = 35.3946, GNorm = 1.1548, lr_0 = 4.2975e-04
Loss = 1.8084e-02, PNorm = 35.4028, GNorm = 1.2317, lr_0 = 4.2857e-04
Loss = 1.5747e-02, PNorm = 35.4137, GNorm = 1.3245, lr_0 = 4.2740e-04
Loss = 1.9052e-02, PNorm = 35.4250, GNorm = 1.5058, lr_0 = 4.2623e-04
Loss = 1.5848e-02, PNorm = 35.4343, GNorm = 1.8284, lr_0 = 4.2506e-04
Loss = 1.8934e-02, PNorm = 35.4464, GNorm = 2.1926, lr_0 = 4.2390e-04
Loss = 1.6439e-02, PNorm = 35.4664, GNorm = 1.4657, lr_0 = 4.2274e-04
Loss = 1.6465e-02, PNorm = 35.4770, GNorm = 1.7570, lr_0 = 4.2158e-04
Validation rmse = 1.017957
Epoch 20
Loss = 1.6165e-02, PNorm = 35.4908, GNorm = 1.7507, lr_0 = 4.2043e-04
Loss = 1.8891e-02, PNorm = 35.5063, GNorm = 1.8113, lr_0 = 4.1928e-04
Loss = 1.5091e-02, PNorm = 35.5210, GNorm = 2.1261, lr_0 = 4.1813e-04
Loss = 1.7425e-02, PNorm = 35.5352, GNorm = 1.5281, lr_0 = 4.1698e-04
Loss = 1.3418e-02, PNorm = 35.5444, GNorm = 0.8616, lr_0 = 4.1584e-04
Loss = 1.5969e-02, PNorm = 35.5515, GNorm = 1.5851, lr_0 = 4.1470e-04
Loss = 1.7146e-02, PNorm = 35.5630, GNorm = 1.3470, lr_0 = 4.1357e-04
Loss = 1.6553e-02, PNorm = 35.5788, GNorm = 1.7818, lr_0 = 4.1244e-04
Loss = 1.8728e-02, PNorm = 35.5985, GNorm = 1.8057, lr_0 = 4.1131e-04
Loss = 1.6900e-02, PNorm = 35.6151, GNorm = 1.5318, lr_0 = 4.1018e-04
Loss = 1.7908e-02, PNorm = 35.6265, GNorm = 2.4204, lr_0 = 4.0906e-04
Loss = 1.9482e-02, PNorm = 35.6412, GNorm = 2.2279, lr_0 = 4.0794e-04
Loss = 1.8353e-02, PNorm = 35.6539, GNorm = 1.5614, lr_0 = 4.0682e-04
Loss = 1.4935e-02, PNorm = 35.6633, GNorm = 1.7728, lr_0 = 4.0571e-04
Loss = 1.5417e-02, PNorm = 35.6727, GNorm = 2.0435, lr_0 = 4.0460e-04
Loss = 1.9768e-02, PNorm = 35.6843, GNorm = 1.7721, lr_0 = 4.0349e-04
Loss = 1.5778e-02, PNorm = 35.6949, GNorm = 1.4347, lr_0 = 4.0239e-04
Validation rmse = 1.029959
Epoch 21
Loss = 1.8571e-02, PNorm = 35.7049, GNorm = 1.2738, lr_0 = 4.0128e-04
Loss = 1.4669e-02, PNorm = 35.7133, GNorm = 1.3267, lr_0 = 4.0019e-04
Loss = 1.7532e-02, PNorm = 35.7232, GNorm = 1.4680, lr_0 = 3.9909e-04
Loss = 1.7329e-02, PNorm = 35.7348, GNorm = 1.2632, lr_0 = 3.9800e-04
Loss = 1.6683e-02, PNorm = 35.7476, GNorm = 0.9861, lr_0 = 3.9691e-04
Loss = 1.4484e-02, PNorm = 35.7565, GNorm = 1.4633, lr_0 = 3.9582e-04
Loss = 1.7273e-02, PNorm = 35.7607, GNorm = 1.2400, lr_0 = 3.9474e-04
Loss = 1.7257e-02, PNorm = 35.7723, GNorm = 1.5494, lr_0 = 3.9366e-04
Loss = 1.6513e-02, PNorm = 35.7904, GNorm = 1.8262, lr_0 = 3.9258e-04
Loss = 1.7779e-02, PNorm = 35.8039, GNorm = 1.3388, lr_0 = 3.9151e-04
Loss = 1.5876e-02, PNorm = 35.8156, GNorm = 1.6148, lr_0 = 3.9043e-04
Loss = 1.5766e-02, PNorm = 35.8292, GNorm = 3.4950, lr_0 = 3.8937e-04
Loss = 1.7971e-02, PNorm = 35.8372, GNorm = 1.1197, lr_0 = 3.8830e-04
Loss = 1.8385e-02, PNorm = 35.8485, GNorm = 2.8318, lr_0 = 3.8724e-04
Loss = 1.8412e-02, PNorm = 35.8605, GNorm = 1.8308, lr_0 = 3.8618e-04
Loss = 1.7605e-02, PNorm = 35.8701, GNorm = 1.9177, lr_0 = 3.8512e-04
Loss = 1.7010e-02, PNorm = 35.8838, GNorm = 1.5531, lr_0 = 3.8407e-04
Loss = 1.6732e-02, PNorm = 35.8949, GNorm = 1.2728, lr_0 = 3.8301e-04
Validation rmse = 1.012959
Epoch 22
Loss = 1.5436e-02, PNorm = 35.9042, GNorm = 1.8203, lr_0 = 3.8197e-04
Loss = 1.8506e-02, PNorm = 35.9213, GNorm = 1.9125, lr_0 = 3.8092e-04
Loss = 1.9186e-02, PNorm = 35.9388, GNorm = 1.3872, lr_0 = 3.7988e-04
Loss = 1.4515e-02, PNorm = 35.9518, GNorm = 1.9457, lr_0 = 3.7884e-04
Loss = 1.5084e-02, PNorm = 35.9603, GNorm = 1.0729, lr_0 = 3.7780e-04
Loss = 1.5545e-02, PNorm = 35.9689, GNorm = 1.1839, lr_0 = 3.7677e-04
Loss = 1.7202e-02, PNorm = 35.9791, GNorm = 1.5743, lr_0 = 3.7573e-04
Loss = 1.6740e-02, PNorm = 35.9856, GNorm = 2.3269, lr_0 = 3.7471e-04
Loss = 1.6667e-02, PNorm = 35.9955, GNorm = 1.8740, lr_0 = 3.7368e-04
Loss = 1.9256e-02, PNorm = 36.0050, GNorm = 1.9717, lr_0 = 3.7266e-04
Loss = 1.7224e-02, PNorm = 36.0138, GNorm = 2.1341, lr_0 = 3.7164e-04
Loss = 1.7578e-02, PNorm = 36.0224, GNorm = 1.0278, lr_0 = 3.7062e-04
Loss = 1.6374e-02, PNorm = 36.0286, GNorm = 1.4833, lr_0 = 3.6961e-04
Loss = 1.8164e-02, PNorm = 36.0423, GNorm = 0.9765, lr_0 = 3.6859e-04
Loss = 1.3227e-02, PNorm = 36.0528, GNorm = 0.9667, lr_0 = 3.6758e-04
Loss = 1.6458e-02, PNorm = 36.0635, GNorm = 1.4203, lr_0 = 3.6658e-04
Loss = 1.8416e-02, PNorm = 36.0751, GNorm = 2.0731, lr_0 = 3.6557e-04
Validation rmse = 1.030729
Epoch 23
Loss = 1.8608e-02, PNorm = 36.0860, GNorm = 1.7354, lr_0 = 3.6457e-04
Loss = 1.4741e-02, PNorm = 36.0943, GNorm = 1.5031, lr_0 = 3.6358e-04
Loss = 1.6841e-02, PNorm = 36.1034, GNorm = 1.9394, lr_0 = 3.6258e-04
Loss = 1.7249e-02, PNorm = 36.1119, GNorm = 1.3842, lr_0 = 3.6159e-04
Loss = 1.7036e-02, PNorm = 36.1215, GNorm = 1.2032, lr_0 = 3.6060e-04
Loss = 1.7111e-02, PNorm = 36.1342, GNorm = 1.4488, lr_0 = 3.5961e-04
Loss = 1.5627e-02, PNorm = 36.1434, GNorm = 1.4610, lr_0 = 3.5863e-04
Loss = 1.6169e-02, PNorm = 36.1559, GNorm = 1.4701, lr_0 = 3.5765e-04
Loss = 1.5990e-02, PNorm = 36.1648, GNorm = 1.1931, lr_0 = 3.5667e-04
Loss = 1.7166e-02, PNorm = 36.1735, GNorm = 1.6995, lr_0 = 3.5569e-04
Loss = 1.7406e-02, PNorm = 36.1843, GNorm = 1.4017, lr_0 = 3.5472e-04
Loss = 1.6767e-02, PNorm = 36.1937, GNorm = 2.2136, lr_0 = 3.5375e-04
Loss = 1.9272e-02, PNorm = 36.2022, GNorm = 1.2135, lr_0 = 3.5278e-04
Loss = 1.7010e-02, PNorm = 36.2134, GNorm = 1.3318, lr_0 = 3.5181e-04
Loss = 1.6690e-02, PNorm = 36.2190, GNorm = 2.4388, lr_0 = 3.5085e-04
Loss = 1.4475e-02, PNorm = 36.2308, GNorm = 1.1439, lr_0 = 3.4989e-04
Loss = 1.7210e-02, PNorm = 36.2414, GNorm = 1.9561, lr_0 = 3.4893e-04
Loss = 1.7193e-02, PNorm = 36.2502, GNorm = 1.9944, lr_0 = 3.4797e-04
Validation rmse = 1.043467
Epoch 24
Loss = 1.4934e-02, PNorm = 36.2573, GNorm = 1.3334, lr_0 = 3.4702e-04
Loss = 1.8354e-02, PNorm = 36.2710, GNorm = 1.5858, lr_0 = 3.4607e-04
Loss = 1.7191e-02, PNorm = 36.2834, GNorm = 1.6119, lr_0 = 3.4512e-04
Loss = 1.4884e-02, PNorm = 36.2919, GNorm = 1.2278, lr_0 = 3.4418e-04
Loss = 1.8734e-02, PNorm = 36.3016, GNorm = 1.3358, lr_0 = 3.4324e-04
Loss = 1.9772e-02, PNorm = 36.3145, GNorm = 1.4503, lr_0 = 3.4230e-04
Loss = 1.5949e-02, PNorm = 36.3229, GNorm = 1.6254, lr_0 = 3.4136e-04
Loss = 1.5496e-02, PNorm = 36.3297, GNorm = 2.6667, lr_0 = 3.4043e-04
Loss = 1.4115e-02, PNorm = 36.3369, GNorm = 1.5157, lr_0 = 3.3949e-04
Loss = 1.6303e-02, PNorm = 36.3490, GNorm = 1.8712, lr_0 = 3.3857e-04
Loss = 1.5144e-02, PNorm = 36.3571, GNorm = 2.0763, lr_0 = 3.3764e-04
Loss = 1.5941e-02, PNorm = 36.3638, GNorm = 1.5136, lr_0 = 3.3671e-04
Loss = 1.8451e-02, PNorm = 36.3696, GNorm = 2.4576, lr_0 = 3.3579e-04
Loss = 1.8708e-02, PNorm = 36.3736, GNorm = 2.0112, lr_0 = 3.3487e-04
Loss = 1.9389e-02, PNorm = 36.3823, GNorm = 1.5432, lr_0 = 3.3396e-04
Loss = 1.6198e-02, PNorm = 36.3923, GNorm = 1.6376, lr_0 = 3.3304e-04
Loss = 1.8382e-02, PNorm = 36.4014, GNorm = 1.5819, lr_0 = 3.3213e-04
Validation rmse = 1.016946
Epoch 25
Loss = 1.6207e-02, PNorm = 36.4105, GNorm = 3.1046, lr_0 = 3.3122e-04
Loss = 1.7085e-02, PNorm = 36.4201, GNorm = 1.4394, lr_0 = 3.3032e-04
Loss = 1.5948e-02, PNorm = 36.4263, GNorm = 1.6330, lr_0 = 3.2941e-04
Loss = 1.8100e-02, PNorm = 36.4376, GNorm = 2.1495, lr_0 = 3.2851e-04
Loss = 1.9743e-02, PNorm = 36.4485, GNorm = 1.9105, lr_0 = 3.2761e-04
Loss = 1.6235e-02, PNorm = 36.4596, GNorm = 2.2621, lr_0 = 3.2671e-04
Loss = 1.8040e-02, PNorm = 36.4665, GNorm = 2.5566, lr_0 = 3.2582e-04
Loss = 1.5334e-02, PNorm = 36.4753, GNorm = 2.2892, lr_0 = 3.2493e-04
Loss = 1.7775e-02, PNorm = 36.4822, GNorm = 1.9895, lr_0 = 3.2404e-04
Loss = 1.6463e-02, PNorm = 36.4930, GNorm = 1.7304, lr_0 = 3.2315e-04
Loss = 1.7470e-02, PNorm = 36.4993, GNorm = 1.1291, lr_0 = 3.2227e-04
Loss = 1.7316e-02, PNorm = 36.5092, GNorm = 1.7521, lr_0 = 3.2138e-04
Loss = 1.6090e-02, PNorm = 36.5155, GNorm = 1.8512, lr_0 = 3.2050e-04
Loss = 1.4225e-02, PNorm = 36.5198, GNorm = 1.8695, lr_0 = 3.1963e-04
Loss = 1.7481e-02, PNorm = 36.5285, GNorm = 1.5425, lr_0 = 3.1875e-04
Loss = 1.6167e-02, PNorm = 36.5354, GNorm = 1.5413, lr_0 = 3.1788e-04
Loss = 1.5540e-02, PNorm = 36.5421, GNorm = 1.4570, lr_0 = 3.1701e-04
Loss = 1.5066e-02, PNorm = 36.5534, GNorm = 1.8004, lr_0 = 3.1614e-04
Validation rmse = 1.016310
Epoch 26
Loss = 1.8272e-02, PNorm = 36.5615, GNorm = 1.7871, lr_0 = 3.1528e-04
Loss = 1.6265e-02, PNorm = 36.5677, GNorm = 1.9316, lr_0 = 3.1441e-04
Loss = 1.7751e-02, PNorm = 36.5745, GNorm = 1.4232, lr_0 = 3.1355e-04
Loss = 1.4690e-02, PNorm = 36.5832, GNorm = 2.5168, lr_0 = 3.1269e-04
Loss = 1.4804e-02, PNorm = 36.5935, GNorm = 1.1536, lr_0 = 3.1184e-04
Loss = 1.9855e-02, PNorm = 36.6043, GNorm = 1.1297, lr_0 = 3.1098e-04
Loss = 1.6886e-02, PNorm = 36.6152, GNorm = 1.7841, lr_0 = 3.1013e-04
Loss = 1.5573e-02, PNorm = 36.6241, GNorm = 1.4862, lr_0 = 3.0928e-04
Loss = 1.5981e-02, PNorm = 36.6318, GNorm = 1.6109, lr_0 = 3.0844e-04
Loss = 1.8224e-02, PNorm = 36.6394, GNorm = 1.9141, lr_0 = 3.0759e-04
Loss = 1.5802e-02, PNorm = 36.6494, GNorm = 2.9644, lr_0 = 3.0675e-04
Loss = 1.5923e-02, PNorm = 36.6643, GNorm = 1.4054, lr_0 = 3.0591e-04
Loss = 1.8350e-02, PNorm = 36.6736, GNorm = 2.4038, lr_0 = 3.0507e-04
Loss = 1.5504e-02, PNorm = 36.6826, GNorm = 2.0806, lr_0 = 3.0424e-04
Loss = 1.7993e-02, PNorm = 36.6890, GNorm = 1.2187, lr_0 = 3.0341e-04
Loss = 1.7650e-02, PNorm = 36.6977, GNorm = 2.0337, lr_0 = 3.0258e-04
Loss = 1.4274e-02, PNorm = 36.7038, GNorm = 1.7605, lr_0 = 3.0175e-04
Validation rmse = 1.025196
Epoch 27
Loss = 1.6211e-02, PNorm = 36.7085, GNorm = 1.2531, lr_0 = 3.0092e-04
Loss = 1.5694e-02, PNorm = 36.7158, GNorm = 1.1102, lr_0 = 3.0010e-04
Loss = 1.6235e-02, PNorm = 36.7244, GNorm = 1.5190, lr_0 = 2.9928e-04
Loss = 1.8402e-02, PNorm = 36.7314, GNorm = 2.3176, lr_0 = 2.9846e-04
Loss = 1.7408e-02, PNorm = 36.7377, GNorm = 1.5538, lr_0 = 2.9764e-04
Loss = 1.7378e-02, PNorm = 36.7464, GNorm = 1.9631, lr_0 = 2.9682e-04
Loss = 1.5307e-02, PNorm = 36.7583, GNorm = 2.4459, lr_0 = 2.9601e-04
Loss = 1.8884e-02, PNorm = 36.7627, GNorm = 1.9594, lr_0 = 2.9520e-04
Loss = 1.7004e-02, PNorm = 36.7692, GNorm = 1.5172, lr_0 = 2.9439e-04
Loss = 1.8014e-02, PNorm = 36.7784, GNorm = 1.9676, lr_0 = 2.9359e-04
Loss = 1.4243e-02, PNorm = 36.7861, GNorm = 2.0245, lr_0 = 2.9278e-04
Loss = 1.5635e-02, PNorm = 36.7928, GNorm = 1.7680, lr_0 = 2.9198e-04
Loss = 1.6070e-02, PNorm = 36.7990, GNorm = 1.4837, lr_0 = 2.9118e-04
Loss = 1.8132e-02, PNorm = 36.8056, GNorm = 1.1273, lr_0 = 2.9039e-04
Loss = 1.6167e-02, PNorm = 36.8119, GNorm = 1.1117, lr_0 = 2.8959e-04
Loss = 1.6353e-02, PNorm = 36.8182, GNorm = 1.4265, lr_0 = 2.8880e-04
Loss = 1.4242e-02, PNorm = 36.8244, GNorm = 0.8703, lr_0 = 2.8801e-04
Loss = 1.7705e-02, PNorm = 36.8322, GNorm = 1.2505, lr_0 = 2.8722e-04
Validation rmse = 1.031950
Epoch 28
Loss = 1.9544e-02, PNorm = 36.8412, GNorm = 2.4393, lr_0 = 2.8643e-04
Loss = 2.0123e-02, PNorm = 36.8485, GNorm = 2.2338, lr_0 = 2.8565e-04
Loss = 1.5088e-02, PNorm = 36.8582, GNorm = 0.8440, lr_0 = 2.8487e-04
Loss = 1.7148e-02, PNorm = 36.8647, GNorm = 1.6056, lr_0 = 2.8409e-04
Loss = 1.7325e-02, PNorm = 36.8709, GNorm = 1.5470, lr_0 = 2.8331e-04
Loss = 1.5662e-02, PNorm = 36.8786, GNorm = 1.2896, lr_0 = 2.8253e-04
Loss = 1.7093e-02, PNorm = 36.8849, GNorm = 3.7875, lr_0 = 2.8176e-04
Loss = 1.3860e-02, PNorm = 36.8898, GNorm = 1.5953, lr_0 = 2.8099e-04
Loss = 1.6087e-02, PNorm = 36.8940, GNorm = 1.4514, lr_0 = 2.8022e-04
Loss = 1.5452e-02, PNorm = 36.9009, GNorm = 1.1686, lr_0 = 2.7945e-04
Loss = 1.8091e-02, PNorm = 36.9053, GNorm = 1.5825, lr_0 = 2.7869e-04
Loss = 1.5392e-02, PNorm = 36.9100, GNorm = 1.8842, lr_0 = 2.7793e-04
Loss = 1.5950e-02, PNorm = 36.9152, GNorm = 1.7558, lr_0 = 2.7716e-04
Loss = 1.6085e-02, PNorm = 36.9245, GNorm = 2.0684, lr_0 = 2.7641e-04
Loss = 1.9013e-02, PNorm = 36.9345, GNorm = 2.3191, lr_0 = 2.7565e-04
Loss = 1.3766e-02, PNorm = 36.9441, GNorm = 2.2551, lr_0 = 2.7489e-04
Loss = 1.8754e-02, PNorm = 36.9519, GNorm = 1.9052, lr_0 = 2.7414e-04
Validation rmse = 1.036156
Epoch 29
Loss = 1.6405e-02, PNorm = 36.9591, GNorm = 2.8537, lr_0 = 2.7339e-04
Loss = 1.6759e-02, PNorm = 36.9637, GNorm = 1.4479, lr_0 = 2.7264e-04
Loss = 1.7532e-02, PNorm = 36.9686, GNorm = 1.6484, lr_0 = 2.7190e-04
Loss = 1.6311e-02, PNorm = 36.9774, GNorm = 2.0545, lr_0 = 2.7115e-04
Loss = 1.7576e-02, PNorm = 36.9838, GNorm = 1.3626, lr_0 = 2.7041e-04
Loss = 1.8128e-02, PNorm = 36.9884, GNorm = 1.1809, lr_0 = 2.6967e-04
Loss = 1.7157e-02, PNorm = 36.9951, GNorm = 2.6754, lr_0 = 2.6893e-04
Loss = 1.7656e-02, PNorm = 37.0008, GNorm = 1.4361, lr_0 = 2.6820e-04
Loss = 1.7618e-02, PNorm = 37.0088, GNorm = 2.6734, lr_0 = 2.6746e-04
Loss = 1.4957e-02, PNorm = 37.0156, GNorm = 1.1019, lr_0 = 2.6673e-04
Loss = 1.7980e-02, PNorm = 37.0180, GNorm = 2.5326, lr_0 = 2.6600e-04
Loss = 1.5898e-02, PNorm = 37.0222, GNorm = 1.3493, lr_0 = 2.6527e-04
Loss = 1.7007e-02, PNorm = 37.0278, GNorm = 1.2233, lr_0 = 2.6455e-04
Loss = 1.3389e-02, PNorm = 37.0345, GNorm = 1.4878, lr_0 = 2.6382e-04
Loss = 1.5605e-02, PNorm = 37.0374, GNorm = 1.3991, lr_0 = 2.6310e-04
Loss = 1.5645e-02, PNorm = 37.0443, GNorm = 1.7888, lr_0 = 2.6238e-04
Loss = 1.5481e-02, PNorm = 37.0545, GNorm = 1.8916, lr_0 = 2.6166e-04
Loss = 1.8676e-02, PNorm = 37.0620, GNorm = 3.1290, lr_0 = 2.6094e-04
Validation rmse = 1.023458
Epoch 30
Loss = 1.6976e-02, PNorm = 37.0686, GNorm = 1.9959, lr_0 = 2.6023e-04
Loss = 1.4796e-02, PNorm = 37.0746, GNorm = 2.2291, lr_0 = 2.5952e-04
Loss = 1.5889e-02, PNorm = 37.0805, GNorm = 1.5836, lr_0 = 2.5881e-04
Loss = 1.7566e-02, PNorm = 37.0861, GNorm = 1.0382, lr_0 = 2.5810e-04
Loss = 1.5726e-02, PNorm = 37.0906, GNorm = 1.3756, lr_0 = 2.5739e-04
Loss = 1.7376e-02, PNorm = 37.0973, GNorm = 1.7527, lr_0 = 2.5669e-04
Loss = 1.7902e-02, PNorm = 37.1074, GNorm = 1.3235, lr_0 = 2.5598e-04
Loss = 1.7061e-02, PNorm = 37.1133, GNorm = 1.8947, lr_0 = 2.5528e-04
Loss = 1.7998e-02, PNorm = 37.1152, GNorm = 1.6302, lr_0 = 2.5459e-04
Loss = 1.6641e-02, PNorm = 37.1224, GNorm = 1.6479, lr_0 = 2.5389e-04
Loss = 1.6062e-02, PNorm = 37.1335, GNorm = 1.8565, lr_0 = 2.5319e-04
Loss = 1.6502e-02, PNorm = 37.1432, GNorm = 2.4485, lr_0 = 2.5250e-04
Loss = 1.6958e-02, PNorm = 37.1503, GNorm = 1.5963, lr_0 = 2.5181e-04
Loss = 1.7133e-02, PNorm = 37.1554, GNorm = 1.8955, lr_0 = 2.5112e-04
Loss = 1.5078e-02, PNorm = 37.1624, GNorm = 2.0685, lr_0 = 2.5043e-04
Loss = 1.5687e-02, PNorm = 37.1712, GNorm = 2.5241, lr_0 = 2.4975e-04
Loss = 1.6340e-02, PNorm = 37.1764, GNorm = 2.2515, lr_0 = 2.4906e-04
Validation rmse = 1.031499
Epoch 31
Loss = 1.9034e-02, PNorm = 37.1791, GNorm = 1.8951, lr_0 = 2.4838e-04
Loss = 1.5709e-02, PNorm = 37.1837, GNorm = 1.9921, lr_0 = 2.4770e-04
Loss = 1.7800e-02, PNorm = 37.1900, GNorm = 2.7838, lr_0 = 2.4702e-04
Loss = 1.4954e-02, PNorm = 37.1965, GNorm = 1.8857, lr_0 = 2.4635e-04
Loss = 1.8473e-02, PNorm = 37.2012, GNorm = 1.9757, lr_0 = 2.4567e-04
Loss = 1.8137e-02, PNorm = 37.2059, GNorm = 2.2085, lr_0 = 2.4500e-04
Loss = 1.6385e-02, PNorm = 37.2104, GNorm = 1.8174, lr_0 = 2.4433e-04
Loss = 1.8582e-02, PNorm = 37.2137, GNorm = 1.5384, lr_0 = 2.4366e-04
Loss = 1.5362e-02, PNorm = 37.2164, GNorm = 1.8852, lr_0 = 2.4299e-04
Loss = 1.8197e-02, PNorm = 37.2199, GNorm = 1.3084, lr_0 = 2.4233e-04
Loss = 1.6731e-02, PNorm = 37.2265, GNorm = 1.7669, lr_0 = 2.4167e-04
Loss = 1.5563e-02, PNorm = 37.2301, GNorm = 1.9399, lr_0 = 2.4100e-04
Loss = 1.6017e-02, PNorm = 37.2352, GNorm = 3.0039, lr_0 = 2.4034e-04
Loss = 1.4250e-02, PNorm = 37.2397, GNorm = 1.1179, lr_0 = 2.3969e-04
Loss = 1.5402e-02, PNorm = 37.2461, GNorm = 1.5278, lr_0 = 2.3903e-04
Loss = 1.9837e-02, PNorm = 37.2503, GNorm = 1.6838, lr_0 = 2.3838e-04
Loss = 1.4040e-02, PNorm = 37.2565, GNorm = 2.3179, lr_0 = 2.3772e-04
Loss = 1.4185e-02, PNorm = 37.2624, GNorm = 1.6938, lr_0 = 2.3707e-04
Validation rmse = 1.038025
Epoch 32
Loss = 1.5819e-02, PNorm = 37.2689, GNorm = 1.2561, lr_0 = 2.3642e-04
Loss = 1.8075e-02, PNorm = 37.2750, GNorm = 2.2952, lr_0 = 2.3578e-04
Loss = 1.4632e-02, PNorm = 37.2797, GNorm = 1.8552, lr_0 = 2.3513e-04
Loss = 1.5346e-02, PNorm = 37.2849, GNorm = 1.7376, lr_0 = 2.3449e-04
Loss = 1.5246e-02, PNorm = 37.2894, GNorm = 3.6098, lr_0 = 2.3385e-04
Loss = 1.8623e-02, PNorm = 37.2925, GNorm = 1.1059, lr_0 = 2.3321e-04
Loss = 1.8620e-02, PNorm = 37.2980, GNorm = 1.2452, lr_0 = 2.3257e-04
Loss = 1.7639e-02, PNorm = 37.3027, GNorm = 1.8097, lr_0 = 2.3193e-04
Loss = 1.3770e-02, PNorm = 37.3067, GNorm = 2.0978, lr_0 = 2.3130e-04
Loss = 1.5729e-02, PNorm = 37.3085, GNorm = 1.0276, lr_0 = 2.3066e-04
Loss = 1.8060e-02, PNorm = 37.3119, GNorm = 1.3594, lr_0 = 2.3003e-04
Loss = 1.6692e-02, PNorm = 37.3151, GNorm = 1.5566, lr_0 = 2.2940e-04
Loss = 1.7071e-02, PNorm = 37.3198, GNorm = 1.6588, lr_0 = 2.2877e-04
Loss = 1.3970e-02, PNorm = 37.3255, GNorm = 1.4816, lr_0 = 2.2815e-04
Loss = 1.7597e-02, PNorm = 37.3295, GNorm = 1.8022, lr_0 = 2.2752e-04
Loss = 1.3882e-02, PNorm = 37.3384, GNorm = 1.2023, lr_0 = 2.2690e-04
Loss = 1.9612e-02, PNorm = 37.3438, GNorm = 2.5919, lr_0 = 2.2628e-04
Validation rmse = 1.018273
Epoch 33
Loss = 1.5434e-02, PNorm = 37.3501, GNorm = 2.1783, lr_0 = 2.2566e-04
Loss = 1.6854e-02, PNorm = 37.3606, GNorm = 2.0774, lr_0 = 2.2504e-04
Loss = 1.4862e-02, PNorm = 37.3668, GNorm = 1.2072, lr_0 = 2.2443e-04
Loss = 1.6500e-02, PNorm = 37.3694, GNorm = 2.9628, lr_0 = 2.2381e-04
Loss = 1.5544e-02, PNorm = 37.3719, GNorm = 1.5030, lr_0 = 2.2320e-04
Loss = 1.4429e-02, PNorm = 37.3748, GNorm = 1.7622, lr_0 = 2.2259e-04
Loss = 1.5077e-02, PNorm = 37.3770, GNorm = 1.4504, lr_0 = 2.2198e-04
Loss = 2.0117e-02, PNorm = 37.3811, GNorm = 1.3834, lr_0 = 2.2137e-04
Loss = 1.5414e-02, PNorm = 37.3857, GNorm = 2.3512, lr_0 = 2.2076e-04
Loss = 1.7043e-02, PNorm = 37.3909, GNorm = 2.2632, lr_0 = 2.2016e-04
Loss = 1.8674e-02, PNorm = 37.3970, GNorm = 2.0926, lr_0 = 2.1956e-04
Loss = 1.3755e-02, PNorm = 37.4046, GNorm = 1.8043, lr_0 = 2.1896e-04
Loss = 1.5421e-02, PNorm = 37.4076, GNorm = 1.4204, lr_0 = 2.1836e-04
Loss = 1.8973e-02, PNorm = 37.4139, GNorm = 1.0736, lr_0 = 2.1776e-04
Loss = 1.4781e-02, PNorm = 37.4221, GNorm = 1.4825, lr_0 = 2.1716e-04
Loss = 1.8010e-02, PNorm = 37.4291, GNorm = 2.7171, lr_0 = 2.1657e-04
Loss = 1.7206e-02, PNorm = 37.4330, GNorm = 1.5873, lr_0 = 2.1598e-04
Loss = 1.9003e-02, PNorm = 37.4362, GNorm = 2.6566, lr_0 = 2.1538e-04
Validation rmse = 1.016792
Epoch 34
Loss = 1.6125e-02, PNorm = 37.4394, GNorm = 1.0867, lr_0 = 2.1479e-04
Loss = 1.5374e-02, PNorm = 37.4416, GNorm = 1.2948, lr_0 = 2.1421e-04
Loss = 1.7857e-02, PNorm = 37.4474, GNorm = 1.1217, lr_0 = 2.1362e-04
Loss = 1.5939e-02, PNorm = 37.4516, GNorm = 1.4600, lr_0 = 2.1304e-04
Loss = 1.6167e-02, PNorm = 37.4573, GNorm = 1.6181, lr_0 = 2.1245e-04
Loss = 1.6780e-02, PNorm = 37.4644, GNorm = 1.4434, lr_0 = 2.1187e-04
Loss = 1.6255e-02, PNorm = 37.4704, GNorm = 1.5243, lr_0 = 2.1129e-04
Loss = 1.9432e-02, PNorm = 37.4761, GNorm = 1.5581, lr_0 = 2.1071e-04
Loss = 1.9317e-02, PNorm = 37.4794, GNorm = 1.4416, lr_0 = 2.1014e-04
Loss = 1.4294e-02, PNorm = 37.4845, GNorm = 1.8635, lr_0 = 2.0956e-04
Loss = 1.7368e-02, PNorm = 37.4912, GNorm = 2.1462, lr_0 = 2.0899e-04
Loss = 1.6751e-02, PNorm = 37.4976, GNorm = 1.3546, lr_0 = 2.0841e-04
Loss = 1.5313e-02, PNorm = 37.5014, GNorm = 1.1596, lr_0 = 2.0784e-04
Loss = 1.3320e-02, PNorm = 37.5039, GNorm = 1.3119, lr_0 = 2.0728e-04
Loss = 1.7590e-02, PNorm = 37.5074, GNorm = 2.8250, lr_0 = 2.0671e-04
Loss = 1.7108e-02, PNorm = 37.5121, GNorm = 1.1428, lr_0 = 2.0614e-04
Loss = 1.2967e-02, PNorm = 37.5173, GNorm = 1.8089, lr_0 = 2.0558e-04
Validation rmse = 1.023361
Epoch 35
Loss = 2.1052e-02, PNorm = 37.5206, GNorm = 1.2585, lr_0 = 2.0502e-04
Loss = 1.6151e-02, PNorm = 37.5265, GNorm = 1.5952, lr_0 = 2.0445e-04
Loss = 1.6349e-02, PNorm = 37.5324, GNorm = 1.2437, lr_0 = 2.0389e-04
Loss = 1.6168e-02, PNorm = 37.5349, GNorm = 2.8685, lr_0 = 2.0334e-04
Loss = 1.6854e-02, PNorm = 37.5362, GNorm = 1.7400, lr_0 = 2.0278e-04
Loss = 1.4505e-02, PNorm = 37.5419, GNorm = 1.8130, lr_0 = 2.0222e-04
Loss = 1.6103e-02, PNorm = 37.5477, GNorm = 1.4264, lr_0 = 2.0167e-04
Loss = 1.6477e-02, PNorm = 37.5531, GNorm = 2.4743, lr_0 = 2.0112e-04
Loss = 1.6759e-02, PNorm = 37.5573, GNorm = 1.7409, lr_0 = 2.0057e-04
Loss = 1.6050e-02, PNorm = 37.5600, GNorm = 1.1938, lr_0 = 2.0002e-04
Loss = 1.5596e-02, PNorm = 37.5645, GNorm = 1.7395, lr_0 = 1.9947e-04
Loss = 1.7055e-02, PNorm = 37.5684, GNorm = 1.6158, lr_0 = 1.9893e-04
Loss = 1.5507e-02, PNorm = 37.5698, GNorm = 1.5211, lr_0 = 1.9838e-04
Loss = 1.4774e-02, PNorm = 37.5736, GNorm = 1.3019, lr_0 = 1.9784e-04
Loss = 1.5464e-02, PNorm = 37.5768, GNorm = 1.3029, lr_0 = 1.9730e-04
Loss = 1.6239e-02, PNorm = 37.5789, GNorm = 2.7982, lr_0 = 1.9676e-04
Loss = 1.5194e-02, PNorm = 37.5822, GNorm = 0.8796, lr_0 = 1.9622e-04
Loss = 1.9869e-02, PNorm = 37.5867, GNorm = 2.2824, lr_0 = 1.9568e-04
Validation rmse = 1.019563
Epoch 36
Loss = 1.5976e-02, PNorm = 37.5924, GNorm = 1.8920, lr_0 = 1.9514e-04
Loss = 1.7205e-02, PNorm = 37.5993, GNorm = 1.7987, lr_0 = 1.9461e-04
Loss = 1.5915e-02, PNorm = 37.6081, GNorm = 1.9236, lr_0 = 1.9408e-04
Loss = 1.7546e-02, PNorm = 37.6141, GNorm = 2.1988, lr_0 = 1.9355e-04
Loss = 1.5146e-02, PNorm = 37.6148, GNorm = 1.7702, lr_0 = 1.9302e-04
Loss = 1.6788e-02, PNorm = 37.6175, GNorm = 1.3498, lr_0 = 1.9249e-04
Loss = 1.5206e-02, PNorm = 37.6197, GNorm = 1.1367, lr_0 = 1.9196e-04
Loss = 1.5958e-02, PNorm = 37.6211, GNorm = 1.3850, lr_0 = 1.9144e-04
Loss = 1.8608e-02, PNorm = 37.6239, GNorm = 0.9236, lr_0 = 1.9091e-04
Loss = 1.6292e-02, PNorm = 37.6282, GNorm = 1.1714, lr_0 = 1.9039e-04
Loss = 1.7184e-02, PNorm = 37.6328, GNorm = 1.2200, lr_0 = 1.8987e-04
Loss = 1.7672e-02, PNorm = 37.6361, GNorm = 1.9278, lr_0 = 1.8935e-04
Loss = 1.5770e-02, PNorm = 37.6377, GNorm = 2.3776, lr_0 = 1.8883e-04
Loss = 1.5234e-02, PNorm = 37.6408, GNorm = 1.3594, lr_0 = 1.8831e-04
Loss = 1.5416e-02, PNorm = 37.6456, GNorm = 0.9564, lr_0 = 1.8780e-04
Loss = 1.5640e-02, PNorm = 37.6478, GNorm = 1.8128, lr_0 = 1.8728e-04
Loss = 1.6868e-02, PNorm = 37.6515, GNorm = 1.4475, lr_0 = 1.8677e-04
Validation rmse = 1.008789
Epoch 37
Loss = 1.8356e-02, PNorm = 37.6561, GNorm = 1.6404, lr_0 = 1.8626e-04
Loss = 1.5657e-02, PNorm = 37.6617, GNorm = 1.6238, lr_0 = 1.8575e-04
Loss = 1.4523e-02, PNorm = 37.6652, GNorm = 1.2967, lr_0 = 1.8524e-04
Loss = 1.6347e-02, PNorm = 37.6664, GNorm = 2.5479, lr_0 = 1.8473e-04
Loss = 1.5634e-02, PNorm = 37.6680, GNorm = 1.9162, lr_0 = 1.8423e-04
Loss = 1.7773e-02, PNorm = 37.6701, GNorm = 1.8655, lr_0 = 1.8372e-04
Loss = 1.7914e-02, PNorm = 37.6738, GNorm = 1.6711, lr_0 = 1.8322e-04
Loss = 1.7208e-02, PNorm = 37.6796, GNorm = 1.4331, lr_0 = 1.8272e-04
Loss = 1.6022e-02, PNorm = 37.6843, GNorm = 1.8619, lr_0 = 1.8222e-04
Loss = 1.6313e-02, PNorm = 37.6884, GNorm = 1.9468, lr_0 = 1.8172e-04
Loss = 1.6081e-02, PNorm = 37.6931, GNorm = 2.8714, lr_0 = 1.8122e-04
Loss = 1.7411e-02, PNorm = 37.6973, GNorm = 2.2252, lr_0 = 1.8073e-04
Loss = 1.6622e-02, PNorm = 37.7006, GNorm = 0.9520, lr_0 = 1.8023e-04
Loss = 1.6452e-02, PNorm = 37.7037, GNorm = 0.9919, lr_0 = 1.7974e-04
Loss = 1.6486e-02, PNorm = 37.7069, GNorm = 2.2338, lr_0 = 1.7925e-04
Loss = 1.6268e-02, PNorm = 37.7108, GNorm = 1.5911, lr_0 = 1.7876e-04
Loss = 1.5422e-02, PNorm = 37.7140, GNorm = 1.6071, lr_0 = 1.7827e-04
Loss = 1.5129e-02, PNorm = 37.7174, GNorm = 1.7860, lr_0 = 1.7778e-04
Validation rmse = 1.028076
Epoch 38
Loss = 1.7454e-02, PNorm = 37.7204, GNorm = 2.4174, lr_0 = 1.7729e-04
Loss = 1.8718e-02, PNorm = 37.7228, GNorm = 2.0290, lr_0 = 1.7681e-04
Loss = 1.5591e-02, PNorm = 37.7266, GNorm = 1.6252, lr_0 = 1.7632e-04
Loss = 1.6064e-02, PNorm = 37.7299, GNorm = 1.5158, lr_0 = 1.7584e-04
Loss = 1.4962e-02, PNorm = 37.7317, GNorm = 1.7129, lr_0 = 1.7536e-04
Loss = 1.6133e-02, PNorm = 37.7343, GNorm = 1.4704, lr_0 = 1.7488e-04
Loss = 1.7967e-02, PNorm = 37.7379, GNorm = 1.6347, lr_0 = 1.7440e-04
Loss = 1.7164e-02, PNorm = 37.7410, GNorm = 1.6338, lr_0 = 1.7392e-04
Loss = 1.7606e-02, PNorm = 37.7449, GNorm = 1.3980, lr_0 = 1.7345e-04
Loss = 1.4561e-02, PNorm = 37.7465, GNorm = 2.0361, lr_0 = 1.7297e-04
Loss = 1.5958e-02, PNorm = 37.7489, GNorm = 1.3892, lr_0 = 1.7250e-04
Loss = 1.6983e-02, PNorm = 37.7533, GNorm = 2.5012, lr_0 = 1.7203e-04
Loss = 1.5592e-02, PNorm = 37.7592, GNorm = 1.0682, lr_0 = 1.7156e-04
Loss = 1.4391e-02, PNorm = 37.7616, GNorm = 2.1316, lr_0 = 1.7109e-04
Loss = 1.5128e-02, PNorm = 37.7628, GNorm = 2.1847, lr_0 = 1.7062e-04
Loss = 1.7165e-02, PNorm = 37.7657, GNorm = 1.3206, lr_0 = 1.7015e-04
Loss = 1.6330e-02, PNorm = 37.7695, GNorm = 1.7681, lr_0 = 1.6968e-04
Validation rmse = 1.013330
Epoch 39
Loss = 1.7360e-02, PNorm = 37.7720, GNorm = 2.3005, lr_0 = 1.6922e-04
Loss = 1.5640e-02, PNorm = 37.7748, GNorm = 1.5237, lr_0 = 1.6876e-04
Loss = 1.6589e-02, PNorm = 37.7771, GNorm = 3.4447, lr_0 = 1.6830e-04
Loss = 1.4243e-02, PNorm = 37.7805, GNorm = 2.6820, lr_0 = 1.6783e-04
Loss = 1.9765e-02, PNorm = 37.7824, GNorm = 2.0659, lr_0 = 1.6737e-04
Loss = 1.5105e-02, PNorm = 37.7839, GNorm = 1.4338, lr_0 = 1.6692e-04
Loss = 1.7396e-02, PNorm = 37.7862, GNorm = 2.5233, lr_0 = 1.6646e-04
Loss = 1.7749e-02, PNorm = 37.7883, GNorm = 1.8909, lr_0 = 1.6600e-04
Loss = 1.8189e-02, PNorm = 37.7925, GNorm = 1.8356, lr_0 = 1.6555e-04
Loss = 1.5828e-02, PNorm = 37.7964, GNorm = 0.9567, lr_0 = 1.6510e-04
Loss = 1.6242e-02, PNorm = 37.7987, GNorm = 2.1229, lr_0 = 1.6464e-04
Loss = 1.3781e-02, PNorm = 37.8021, GNorm = 1.8359, lr_0 = 1.6419e-04
Loss = 1.8987e-02, PNorm = 37.8066, GNorm = 1.2601, lr_0 = 1.6374e-04
Loss = 1.5934e-02, PNorm = 37.8115, GNorm = 1.8864, lr_0 = 1.6330e-04
Loss = 1.5834e-02, PNorm = 37.8169, GNorm = 2.0291, lr_0 = 1.6285e-04
Loss = 1.4654e-02, PNorm = 37.8189, GNorm = 1.6816, lr_0 = 1.6240e-04
Loss = 1.4775e-02, PNorm = 37.8214, GNorm = 2.2675, lr_0 = 1.6196e-04
Loss = 1.4959e-02, PNorm = 37.8252, GNorm = 1.6273, lr_0 = 1.6152e-04
Validation rmse = 1.021926
Epoch 40
Loss = 1.5294e-02, PNorm = 37.8297, GNorm = 1.2066, lr_0 = 1.6107e-04
Loss = 1.4801e-02, PNorm = 37.8333, GNorm = 1.8738, lr_0 = 1.6063e-04
Loss = 1.6561e-02, PNorm = 37.8352, GNorm = 1.9004, lr_0 = 1.6019e-04
Loss = 1.5151e-02, PNorm = 37.8362, GNorm = 1.3147, lr_0 = 1.5975e-04
Loss = 1.5191e-02, PNorm = 37.8377, GNorm = 1.0587, lr_0 = 1.5932e-04
Loss = 1.8429e-02, PNorm = 37.8400, GNorm = 1.2706, lr_0 = 1.5888e-04
Loss = 1.6885e-02, PNorm = 37.8436, GNorm = 1.9270, lr_0 = 1.5845e-04
Loss = 1.4417e-02, PNorm = 37.8482, GNorm = 1.2162, lr_0 = 1.5801e-04
Loss = 1.5969e-02, PNorm = 37.8507, GNorm = 1.3816, lr_0 = 1.5758e-04
Loss = 1.5841e-02, PNorm = 37.8517, GNorm = 1.5122, lr_0 = 1.5715e-04
Loss = 1.6850e-02, PNorm = 37.8537, GNorm = 2.2215, lr_0 = 1.5672e-04
Loss = 1.8339e-02, PNorm = 37.8581, GNorm = 2.8154, lr_0 = 1.5629e-04
Loss = 1.6821e-02, PNorm = 37.8625, GNorm = 2.2145, lr_0 = 1.5586e-04
Loss = 1.8827e-02, PNorm = 37.8653, GNorm = 1.7501, lr_0 = 1.5543e-04
Loss = 1.6761e-02, PNorm = 37.8696, GNorm = 2.2703, lr_0 = 1.5501e-04
Loss = 1.3949e-02, PNorm = 37.8730, GNorm = 1.3288, lr_0 = 1.5458e-04
Loss = 1.5592e-02, PNorm = 37.8754, GNorm = 1.6544, lr_0 = 1.5416e-04
Validation rmse = 1.029953
Epoch 41
Loss = 1.8041e-02, PNorm = 37.8780, GNorm = 1.3072, lr_0 = 1.5374e-04
Loss = 1.5589e-02, PNorm = 37.8815, GNorm = 1.6267, lr_0 = 1.5332e-04
Loss = 1.5337e-02, PNorm = 37.8836, GNorm = 1.3752, lr_0 = 1.5290e-04
Loss = 1.8758e-02, PNorm = 37.8859, GNorm = 1.6978, lr_0 = 1.5248e-04
Loss = 1.6955e-02, PNorm = 37.8885, GNorm = 1.3266, lr_0 = 1.5206e-04
Loss = 1.4058e-02, PNorm = 37.8916, GNorm = 1.6242, lr_0 = 1.5165e-04
Loss = 1.5696e-02, PNorm = 37.8951, GNorm = 1.0620, lr_0 = 1.5123e-04
Loss = 1.6883e-02, PNorm = 37.8981, GNorm = 1.7248, lr_0 = 1.5082e-04
Loss = 1.6880e-02, PNorm = 37.9006, GNorm = 1.4119, lr_0 = 1.5040e-04
Loss = 1.7309e-02, PNorm = 37.9041, GNorm = 2.1647, lr_0 = 1.4999e-04
Loss = 1.5905e-02, PNorm = 37.9067, GNorm = 1.5279, lr_0 = 1.4958e-04
Loss = 1.4608e-02, PNorm = 37.9096, GNorm = 1.1875, lr_0 = 1.4917e-04
Loss = 1.8050e-02, PNorm = 37.9112, GNorm = 1.4237, lr_0 = 1.4876e-04
Loss = 1.4812e-02, PNorm = 37.9145, GNorm = 1.5150, lr_0 = 1.4836e-04
Loss = 1.4594e-02, PNorm = 37.9184, GNorm = 2.1554, lr_0 = 1.4795e-04
Loss = 1.8587e-02, PNorm = 37.9229, GNorm = 2.4189, lr_0 = 1.4755e-04
Loss = 1.5965e-02, PNorm = 37.9239, GNorm = 1.5758, lr_0 = 1.4714e-04
Loss = 1.6031e-02, PNorm = 37.9269, GNorm = 1.1706, lr_0 = 1.4674e-04
Validation rmse = 1.023013
Epoch 42
Loss = 1.5688e-02, PNorm = 37.9290, GNorm = 1.6326, lr_0 = 1.4634e-04
Loss = 1.4560e-02, PNorm = 37.9294, GNorm = 1.3718, lr_0 = 1.4594e-04
Loss = 1.8377e-02, PNorm = 37.9295, GNorm = 1.2277, lr_0 = 1.4554e-04
Loss = 1.4450e-02, PNorm = 37.9333, GNorm = 1.6676, lr_0 = 1.4514e-04
Loss = 1.5494e-02, PNorm = 37.9366, GNorm = 2.8847, lr_0 = 1.4474e-04
Loss = 1.6814e-02, PNorm = 37.9383, GNorm = 1.3987, lr_0 = 1.4435e-04
Loss = 1.6332e-02, PNorm = 37.9410, GNorm = 1.0282, lr_0 = 1.4395e-04
Loss = 1.8279e-02, PNorm = 37.9451, GNorm = 1.0751, lr_0 = 1.4356e-04
Loss = 1.7009e-02, PNorm = 37.9494, GNorm = 1.6442, lr_0 = 1.4316e-04
Loss = 1.7325e-02, PNorm = 37.9519, GNorm = 1.3614, lr_0 = 1.4277e-04
Loss = 1.5641e-02, PNorm = 37.9547, GNorm = 3.0707, lr_0 = 1.4238e-04
Loss = 1.5062e-02, PNorm = 37.9572, GNorm = 1.3809, lr_0 = 1.4199e-04
Loss = 1.5819e-02, PNorm = 37.9598, GNorm = 1.6535, lr_0 = 1.4160e-04
Loss = 1.3216e-02, PNorm = 37.9614, GNorm = 1.3668, lr_0 = 1.4122e-04
Loss = 1.7066e-02, PNorm = 37.9625, GNorm = 2.7954, lr_0 = 1.4083e-04
Loss = 1.6203e-02, PNorm = 37.9646, GNorm = 1.9451, lr_0 = 1.4044e-04
Loss = 1.5610e-02, PNorm = 37.9680, GNorm = 1.3200, lr_0 = 1.4006e-04
Validation rmse = 1.036269
Epoch 43
Loss = 1.7127e-02, PNorm = 37.9708, GNorm = 1.4032, lr_0 = 1.3968e-04
Loss = 1.7266e-02, PNorm = 37.9725, GNorm = 1.5092, lr_0 = 1.3929e-04
Loss = 1.8158e-02, PNorm = 37.9747, GNorm = 1.5666, lr_0 = 1.3891e-04
Loss = 1.8199e-02, PNorm = 37.9786, GNorm = 2.4686, lr_0 = 1.3853e-04
Loss = 1.8489e-02, PNorm = 37.9820, GNorm = 1.9439, lr_0 = 1.3815e-04
Loss = 1.4527e-02, PNorm = 37.9861, GNorm = 1.3205, lr_0 = 1.3777e-04
Loss = 1.5761e-02, PNorm = 37.9875, GNorm = 1.2589, lr_0 = 1.3740e-04
Loss = 1.2413e-02, PNorm = 37.9900, GNorm = 1.7499, lr_0 = 1.3702e-04
Loss = 1.6718e-02, PNorm = 37.9927, GNorm = 1.7895, lr_0 = 1.3665e-04
Loss = 1.5507e-02, PNorm = 37.9949, GNorm = 1.2085, lr_0 = 1.3627e-04
Loss = 1.8650e-02, PNorm = 37.9973, GNorm = 1.8687, lr_0 = 1.3590e-04
Loss = 1.7824e-02, PNorm = 37.9993, GNorm = 2.3696, lr_0 = 1.3553e-04
Loss = 1.6203e-02, PNorm = 38.0017, GNorm = 1.4581, lr_0 = 1.3516e-04
Loss = 1.4117e-02, PNorm = 38.0032, GNorm = 2.4395, lr_0 = 1.3479e-04
Loss = 1.4456e-02, PNorm = 38.0044, GNorm = 1.5671, lr_0 = 1.3442e-04
Loss = 1.5675e-02, PNorm = 38.0052, GNorm = 2.9222, lr_0 = 1.3405e-04
Loss = 1.8111e-02, PNorm = 38.0065, GNorm = 1.2453, lr_0 = 1.3368e-04
Loss = 1.4241e-02, PNorm = 38.0089, GNorm = 1.5723, lr_0 = 1.3332e-04
Validation rmse = 1.022958
Epoch 44
Loss = 1.4685e-02, PNorm = 38.0116, GNorm = 1.3618, lr_0 = 1.3295e-04
Loss = 1.5298e-02, PNorm = 38.0141, GNorm = 1.7308, lr_0 = 1.3259e-04
Loss = 1.6190e-02, PNorm = 38.0146, GNorm = 1.4507, lr_0 = 1.3222e-04
Loss = 1.6645e-02, PNorm = 38.0153, GNorm = 1.6713, lr_0 = 1.3186e-04
Loss = 1.3006e-02, PNorm = 38.0176, GNorm = 1.4276, lr_0 = 1.3150e-04
Loss = 1.8080e-02, PNorm = 38.0221, GNorm = 2.1515, lr_0 = 1.3114e-04
Loss = 1.6923e-02, PNorm = 38.0253, GNorm = 1.6258, lr_0 = 1.3078e-04
Loss = 1.5608e-02, PNorm = 38.0268, GNorm = 2.1872, lr_0 = 1.3042e-04
Loss = 1.6225e-02, PNorm = 38.0270, GNorm = 1.5009, lr_0 = 1.3007e-04
Loss = 1.8661e-02, PNorm = 38.0273, GNorm = 2.0481, lr_0 = 1.2971e-04
Loss = 1.4429e-02, PNorm = 38.0301, GNorm = 1.8128, lr_0 = 1.2936e-04
Loss = 1.6145e-02, PNorm = 38.0330, GNorm = 1.5484, lr_0 = 1.2900e-04
Loss = 1.6048e-02, PNorm = 38.0369, GNorm = 1.0800, lr_0 = 1.2865e-04
Loss = 1.5787e-02, PNorm = 38.0387, GNorm = 1.5935, lr_0 = 1.2830e-04
Loss = 1.6901e-02, PNorm = 38.0397, GNorm = 1.5503, lr_0 = 1.2795e-04
Loss = 1.7742e-02, PNorm = 38.0412, GNorm = 1.5387, lr_0 = 1.2759e-04
Loss = 1.5990e-02, PNorm = 38.0435, GNorm = 1.3905, lr_0 = 1.2725e-04
Validation rmse = 1.024311
Epoch 45
Loss = 1.3987e-02, PNorm = 38.0469, GNorm = 1.3171, lr_0 = 1.2690e-04
Loss = 1.5052e-02, PNorm = 38.0506, GNorm = 1.7992, lr_0 = 1.2655e-04
Loss = 1.5102e-02, PNorm = 38.0535, GNorm = 1.2813, lr_0 = 1.2620e-04
Loss = 1.7782e-02, PNorm = 38.0566, GNorm = 2.0631, lr_0 = 1.2586e-04
Loss = 1.5497e-02, PNorm = 38.0608, GNorm = 2.3870, lr_0 = 1.2551e-04
Loss = 1.6659e-02, PNorm = 38.0652, GNorm = 1.8474, lr_0 = 1.2517e-04
Loss = 1.4680e-02, PNorm = 38.0671, GNorm = 1.7139, lr_0 = 1.2483e-04
Loss = 1.4588e-02, PNorm = 38.0696, GNorm = 1.5366, lr_0 = 1.2449e-04
Loss = 1.7726e-02, PNorm = 38.0716, GNorm = 1.3333, lr_0 = 1.2414e-04
Loss = 1.4577e-02, PNorm = 38.0734, GNorm = 1.8639, lr_0 = 1.2380e-04
Loss = 1.5555e-02, PNorm = 38.0747, GNorm = 2.1152, lr_0 = 1.2347e-04
Loss = 1.6073e-02, PNorm = 38.0739, GNorm = 1.0570, lr_0 = 1.2313e-04
Loss = 1.4381e-02, PNorm = 38.0747, GNorm = 1.4677, lr_0 = 1.2279e-04
Loss = 1.6896e-02, PNorm = 38.0770, GNorm = 2.1523, lr_0 = 1.2245e-04
Loss = 1.5371e-02, PNorm = 38.0791, GNorm = 3.2412, lr_0 = 1.2212e-04
Loss = 1.6273e-02, PNorm = 38.0811, GNorm = 1.4338, lr_0 = 1.2179e-04
Loss = 1.6958e-02, PNorm = 38.0846, GNorm = 1.7344, lr_0 = 1.2145e-04
Loss = 1.9614e-02, PNorm = 38.0870, GNorm = 2.0522, lr_0 = 1.2112e-04
Validation rmse = 1.024942
Epoch 46
Loss = 1.6894e-02, PNorm = 38.0891, GNorm = 2.8272, lr_0 = 1.2079e-04
Loss = 1.6323e-02, PNorm = 38.0906, GNorm = 1.6786, lr_0 = 1.2046e-04
Loss = 1.4031e-02, PNorm = 38.0921, GNorm = 1.5372, lr_0 = 1.2013e-04
Loss = 1.7758e-02, PNorm = 38.0932, GNorm = 2.0692, lr_0 = 1.1980e-04
Loss = 1.7504e-02, PNorm = 38.0951, GNorm = 2.2270, lr_0 = 1.1947e-04
Loss = 1.4752e-02, PNorm = 38.0981, GNorm = 1.7443, lr_0 = 1.1914e-04
Loss = 1.6483e-02, PNorm = 38.1003, GNorm = 1.9480, lr_0 = 1.1882e-04
Loss = 1.5698e-02, PNorm = 38.1003, GNorm = 1.1659, lr_0 = 1.1849e-04
Loss = 1.4183e-02, PNorm = 38.1008, GNorm = 1.0612, lr_0 = 1.1817e-04
Loss = 1.7575e-02, PNorm = 38.1013, GNorm = 2.1718, lr_0 = 1.1784e-04
Loss = 1.5625e-02, PNorm = 38.1037, GNorm = 1.7828, lr_0 = 1.1752e-04
Loss = 1.5995e-02, PNorm = 38.1067, GNorm = 1.6661, lr_0 = 1.1720e-04
Loss = 1.5543e-02, PNorm = 38.1100, GNorm = 1.3000, lr_0 = 1.1688e-04
Loss = 1.7189e-02, PNorm = 38.1123, GNorm = 2.0843, lr_0 = 1.1656e-04
Loss = 1.5876e-02, PNorm = 38.1136, GNorm = 1.3399, lr_0 = 1.1624e-04
Loss = 1.3085e-02, PNorm = 38.1141, GNorm = 1.2508, lr_0 = 1.1592e-04
Loss = 1.8635e-02, PNorm = 38.1155, GNorm = 1.6898, lr_0 = 1.1560e-04
Validation rmse = 1.026598
Epoch 47
Loss = 2.0963e-02, PNorm = 38.1177, GNorm = 2.1624, lr_0 = 1.1529e-04
Loss = 1.6915e-02, PNorm = 38.1212, GNorm = 1.0784, lr_0 = 1.1497e-04
Loss = 1.5620e-02, PNorm = 38.1243, GNorm = 1.8817, lr_0 = 1.1466e-04
Loss = 1.6014e-02, PNorm = 38.1261, GNorm = 1.4241, lr_0 = 1.1434e-04
Loss = 1.2336e-02, PNorm = 38.1276, GNorm = 1.8712, lr_0 = 1.1403e-04
Loss = 1.5658e-02, PNorm = 38.1287, GNorm = 2.1543, lr_0 = 1.1372e-04
Loss = 1.6636e-02, PNorm = 38.1310, GNorm = 1.3519, lr_0 = 1.1341e-04
Loss = 1.4355e-02, PNorm = 38.1329, GNorm = 2.0079, lr_0 = 1.1310e-04
Loss = 1.5573e-02, PNorm = 38.1346, GNorm = 1.4541, lr_0 = 1.1279e-04
Loss = 1.7094e-02, PNorm = 38.1368, GNorm = 0.9783, lr_0 = 1.1248e-04
Loss = 1.7412e-02, PNorm = 38.1391, GNorm = 1.5874, lr_0 = 1.1217e-04
Loss = 1.6314e-02, PNorm = 38.1421, GNorm = 1.4946, lr_0 = 1.1186e-04
Loss = 1.8805e-02, PNorm = 38.1431, GNorm = 1.6033, lr_0 = 1.1156e-04
Loss = 1.4752e-02, PNorm = 38.1443, GNorm = 1.5436, lr_0 = 1.1125e-04
Loss = 1.6728e-02, PNorm = 38.1460, GNorm = 1.5587, lr_0 = 1.1095e-04
Loss = 1.7831e-02, PNorm = 38.1479, GNorm = 1.8308, lr_0 = 1.1064e-04
Loss = 1.5988e-02, PNorm = 38.1493, GNorm = 1.7749, lr_0 = 1.1034e-04
Loss = 1.7093e-02, PNorm = 38.1501, GNorm = 1.7644, lr_0 = 1.1004e-04
Validation rmse = 1.025992
Epoch 48
Loss = 1.5495e-02, PNorm = 38.1520, GNorm = 1.3639, lr_0 = 1.0974e-04
Loss = 1.5720e-02, PNorm = 38.1534, GNorm = 1.7181, lr_0 = 1.0944e-04
Loss = 1.6166e-02, PNorm = 38.1556, GNorm = 1.5287, lr_0 = 1.0914e-04
Loss = 1.6178e-02, PNorm = 38.1583, GNorm = 1.7565, lr_0 = 1.0884e-04
Loss = 1.5859e-02, PNorm = 38.1603, GNorm = 1.6214, lr_0 = 1.0854e-04
Loss = 1.4513e-02, PNorm = 38.1626, GNorm = 1.0215, lr_0 = 1.0824e-04
Loss = 1.5805e-02, PNorm = 38.1642, GNorm = 2.5279, lr_0 = 1.0795e-04
Loss = 1.7386e-02, PNorm = 38.1657, GNorm = 1.3977, lr_0 = 1.0765e-04
Loss = 1.8203e-02, PNorm = 38.1678, GNorm = 2.2435, lr_0 = 1.0736e-04
Loss = 1.7065e-02, PNorm = 38.1707, GNorm = 1.2883, lr_0 = 1.0706e-04
Loss = 1.5730e-02, PNorm = 38.1712, GNorm = 1.6639, lr_0 = 1.0677e-04
Loss = 1.6227e-02, PNorm = 38.1720, GNorm = 2.1997, lr_0 = 1.0648e-04
Loss = 1.6798e-02, PNorm = 38.1731, GNorm = 1.4885, lr_0 = 1.0619e-04
Loss = 1.5326e-02, PNorm = 38.1736, GNorm = 1.7135, lr_0 = 1.0590e-04
Loss = 1.7955e-02, PNorm = 38.1756, GNorm = 2.0914, lr_0 = 1.0561e-04
Loss = 1.7278e-02, PNorm = 38.1785, GNorm = 1.5906, lr_0 = 1.0532e-04
Loss = 1.3455e-02, PNorm = 38.1806, GNorm = 2.0877, lr_0 = 1.0503e-04
Validation rmse = 1.029563
Epoch 49
Loss = 1.6096e-02, PNorm = 38.1810, GNorm = 1.9990, lr_0 = 1.0474e-04
Loss = 1.6638e-02, PNorm = 38.1822, GNorm = 1.4902, lr_0 = 1.0445e-04
Loss = 1.4975e-02, PNorm = 38.1831, GNorm = 2.1919, lr_0 = 1.0417e-04
Loss = 1.4092e-02, PNorm = 38.1851, GNorm = 0.9720, lr_0 = 1.0388e-04
Loss = 1.7773e-02, PNorm = 38.1862, GNorm = 1.5703, lr_0 = 1.0360e-04
Loss = 1.8224e-02, PNorm = 38.1872, GNorm = 1.8124, lr_0 = 1.0332e-04
Loss = 1.6492e-02, PNorm = 38.1889, GNorm = 0.9782, lr_0 = 1.0303e-04
Loss = 1.5348e-02, PNorm = 38.1910, GNorm = 1.6555, lr_0 = 1.0275e-04
Loss = 1.4338e-02, PNorm = 38.1926, GNorm = 1.1062, lr_0 = 1.0247e-04
Loss = 1.8278e-02, PNorm = 38.1949, GNorm = 2.2503, lr_0 = 1.0219e-04
Loss = 1.5550e-02, PNorm = 38.1972, GNorm = 0.9874, lr_0 = 1.0191e-04
Loss = 1.4926e-02, PNorm = 38.1995, GNorm = 2.0318, lr_0 = 1.0163e-04
Loss = 1.5167e-02, PNorm = 38.2023, GNorm = 1.3472, lr_0 = 1.0135e-04
Loss = 1.6778e-02, PNorm = 38.2037, GNorm = 1.0838, lr_0 = 1.0107e-04
Loss = 1.5724e-02, PNorm = 38.2040, GNorm = 1.6729, lr_0 = 1.0080e-04
Loss = 1.6079e-02, PNorm = 38.2056, GNorm = 1.8744, lr_0 = 1.0052e-04
Loss = 1.7700e-02, PNorm = 38.2076, GNorm = 3.1388, lr_0 = 1.0025e-04
Loss = 1.5415e-02, PNorm = 38.2086, GNorm = 1.1223, lr_0 = 1.0000e-04
Validation rmse = 1.024975
Model 0 best validation rmse = 1.008789 on epoch 36
Loading pretrained parameter "encoder.encoder.cached_zero_vector".
Loading pretrained parameter "encoder.encoder.W_i.weight".
Loading pretrained parameter "encoder.encoder.W_h.weight".
Loading pretrained parameter "encoder.encoder.W_o.weight".
Loading pretrained parameter "encoder.encoder.W_o.bias".
Loading pretrained parameter "ffn.1.weight".
Loading pretrained parameter "ffn.1.bias".
Model 0 test rmse = 0.858138
Ensemble test rmse = 0.858138
1-fold cross validation
Seed 5 ==> test rmse = 0.858138
Overall test rmse = 0.858138 +/- 0.000000
