Fold 0
{'activation': 'ReLU',
 'atom_messages': False,
 'batch_size': 50,
 'bias': False,
 'checkpoint_dir': None,
 'checkpoint_path': None,
 'checkpoint_paths': None,
 'config_path': None,
 'crossval_index_dir': None,
 'crossval_index_file': None,
 'cuda': False,
 'data_path': 'Data/Multitask_data/All_datasets/Splits/LM_cyclic_split/train.csv',
 'dataset_type': 'regression',
 'depth': 3,
 'dropout': 0.0,
 'ensemble_size': 1,
 'epochs': 40,
 'features_generator': None,
 'features_only': False,
 'features_path': ['Data/Multitask_data/All_datasets/Splits/LM_cyclic_split/train_extra_x.csv'],
 'features_scaling': True,
 'ffn_hidden_size': 300,
 'ffn_num_layers': 3,
 'final_lr': 0.0001,
 'folds_file': None,
 'gpu': None,
 'hidden_size': 300,
 'init_lr': 0.0001,
 'log_frequency': 10,
 'max_data_size': None,
 'max_lr': 0.001,
 'metric': 'rmse',
 'minimize_score': True,
 'multiclass_num_classes': 3,
 'no_cache': False,
 'num_folds': 1,
 'num_lrs': 1,
 'quiet': False,
 'save_dir': 'Data/Multitask_data/All_datasets/Splits/LM_cyclic_split/trained_model/fold_0',
 'save_smiles_splits': False,
 'seed': 5,
 'separate_test_features_path': ['Data/Multitask_data/All_datasets/Splits/LM_cyclic_split/test_extra_x.csv'],
 'separate_test_path': 'Data/Multitask_data/All_datasets/Splits/LM_cyclic_split/test.csv',
 'separate_val_features_path': ['Data/Multitask_data/All_datasets/Splits/LM_cyclic_split/valid_extra_x.csv'],
 'separate_val_path': 'Data/Multitask_data/All_datasets/Splits/LM_cyclic_split/valid.csv',
 'show_individual_scores': False,
 'split_sizes': [0.675, 0.075, 0.25],
 'split_type': 'random',
 'test': False,
 'test_fold_index': None,
 'undirected': False,
 'use_compound_names': False,
 'use_input_features': True,
 'val_fold_index': None,
 'warmup_epochs': 2.0}
Loading data
Number of tasks = 6
Splitting data with seed 5
Total size = 3,155 | train size = 3,155 | val size = 789 | test size = 144
Fitting scaler
Building model 0
MoleculeModel(
  (encoder): MPN(
    (encoder): MPNEncoder(
      (dropout_layer): Dropout(p=0.0, inplace=False)
      (act_func): ReLU()
      (W_i): Linear(in_features=147, out_features=300, bias=False)
      (W_h): Linear(in_features=300, out_features=300, bias=False)
      (W_o): Linear(in_features=433, out_features=300, bias=True)
    )
  )
  (ffn): Sequential(
    (0): Dropout(p=0.0, inplace=False)
    (1): Linear(in_features=310, out_features=300, bias=True)
    (2): ReLU()
    (3): Dropout(p=0.0, inplace=False)
    (4): Linear(in_features=300, out_features=300, bias=True)
    (5): ReLU()
    (6): Dropout(p=0.0, inplace=False)
    (7): Linear(in_features=300, out_features=6, bias=True)
  )
)
Number of parameters = 449,706
Epoch 0
Loss = 1.9097e-02, PNorm = 38.3663, GNorm = 1.5988, lr_0 = 1.7857e-04
Loss = 1.5187e-02, PNorm = 38.3711, GNorm = 2.6419, lr_0 = 2.5000e-04
Loss = 2.3163e-02, PNorm = 38.3776, GNorm = 2.7400, lr_0 = 3.2143e-04
Loss = 1.7747e-02, PNorm = 38.3883, GNorm = 3.1836, lr_0 = 3.9286e-04
Loss = 1.4821e-02, PNorm = 38.3991, GNorm = 2.1059, lr_0 = 4.6429e-04
Loss = 1.8500e-02, PNorm = 38.4191, GNorm = 2.3646, lr_0 = 5.3571e-04
Validation rmse = 0.467694
Epoch 1
Loss = 1.4440e-02, PNorm = 38.4397, GNorm = 2.2887, lr_0 = 6.0714e-04
Loss = 1.5937e-02, PNorm = 38.4512, GNorm = 1.9840, lr_0 = 6.7857e-04
Loss = 1.5871e-02, PNorm = 38.4763, GNorm = 1.2940, lr_0 = 7.5000e-04
Loss = 1.5014e-02, PNorm = 38.5002, GNorm = 2.2075, lr_0 = 8.2143e-04
Loss = 1.7001e-02, PNorm = 38.5180, GNorm = 1.0060, lr_0 = 8.9286e-04
Loss = 1.5135e-02, PNorm = 38.5455, GNorm = 1.4443, lr_0 = 9.6429e-04
Validation rmse = 0.474591
Epoch 2
Loss = 1.6353e-02, PNorm = 38.5719, GNorm = 1.8864, lr_0 = 9.9520e-04
Loss = 1.4460e-02, PNorm = 38.6108, GNorm = 1.5882, lr_0 = 9.8568e-04
Loss = 1.2791e-02, PNorm = 38.6472, GNorm = 1.1541, lr_0 = 9.7624e-04
Loss = 1.5208e-02, PNorm = 38.6858, GNorm = 0.9024, lr_0 = 9.6690e-04
Loss = 1.3271e-02, PNorm = 38.7273, GNorm = 1.1666, lr_0 = 9.5764e-04
Loss = 1.8057e-02, PNorm = 38.7702, GNorm = 1.1979, lr_0 = 9.4848e-04
Validation rmse = 0.469006
Epoch 3
Loss = 2.0288e-02, PNorm = 38.8117, GNorm = 1.4647, lr_0 = 9.3940e-04
Loss = 1.2976e-02, PNorm = 38.8694, GNorm = 0.9901, lr_0 = 9.3040e-04
Loss = 1.5644e-02, PNorm = 38.9176, GNorm = 1.2583, lr_0 = 9.2150e-04
Loss = 1.5337e-02, PNorm = 38.9892, GNorm = 1.4597, lr_0 = 9.1268e-04
Loss = 1.5008e-02, PNorm = 39.0233, GNorm = 1.3389, lr_0 = 9.0394e-04
Loss = 1.5129e-02, PNorm = 39.0776, GNorm = 1.4314, lr_0 = 8.9529e-04
Loss = 1.3719e-02, PNorm = 39.1463, GNorm = 1.4684, lr_0 = 8.8672e-04
Validation rmse = 0.459879
Epoch 4
Loss = 1.3602e-02, PNorm = 39.2026, GNorm = 1.0274, lr_0 = 8.7823e-04
Loss = 1.2436e-02, PNorm = 39.2725, GNorm = 1.5271, lr_0 = 8.6983e-04
Loss = 1.2208e-02, PNorm = 39.3333, GNorm = 1.6370, lr_0 = 8.6150e-04
Loss = 1.3941e-02, PNorm = 39.3799, GNorm = 1.9043, lr_0 = 8.5325e-04
Loss = 1.3378e-02, PNorm = 39.4438, GNorm = 1.0921, lr_0 = 8.4509e-04
Loss = 1.5485e-02, PNorm = 39.4923, GNorm = 2.1585, lr_0 = 8.3700e-04
Validation rmse = 0.458863
Epoch 5
Loss = 1.2668e-02, PNorm = 39.5406, GNorm = 2.3500, lr_0 = 8.2898e-04
Loss = 1.3375e-02, PNorm = 39.5882, GNorm = 1.1942, lr_0 = 8.2105e-04
Loss = 1.1734e-02, PNorm = 39.6533, GNorm = 1.1928, lr_0 = 8.1319e-04
Loss = 1.2817e-02, PNorm = 39.7127, GNorm = 1.2007, lr_0 = 8.0541e-04
Loss = 1.2383e-02, PNorm = 39.7466, GNorm = 1.9484, lr_0 = 7.9770e-04
Loss = 1.2350e-02, PNorm = 39.7891, GNorm = 1.2346, lr_0 = 7.9006e-04
Validation rmse = 0.438087
Epoch 6
Loss = 1.2040e-02, PNorm = 39.8412, GNorm = 0.9700, lr_0 = 7.8250e-04
Loss = 1.4623e-02, PNorm = 39.8935, GNorm = 0.7919, lr_0 = 7.7501e-04
Loss = 9.6048e-03, PNorm = 39.9393, GNorm = 1.1880, lr_0 = 7.6759e-04
Loss = 1.2449e-02, PNorm = 39.9922, GNorm = 1.2596, lr_0 = 7.6024e-04
Loss = 1.2248e-02, PNorm = 40.0198, GNorm = 2.6151, lr_0 = 7.5297e-04
Loss = 1.1868e-02, PNorm = 40.0654, GNorm = 1.0040, lr_0 = 7.4576e-04
Loss = 1.3134e-02, PNorm = 40.1062, GNorm = 1.1442, lr_0 = 7.3862e-04
Validation rmse = 0.442044
Epoch 7
Loss = 1.1434e-02, PNorm = 40.1492, GNorm = 0.9504, lr_0 = 7.3155e-04
Loss = 1.1102e-02, PNorm = 40.1841, GNorm = 1.5597, lr_0 = 7.2455e-04
Loss = 1.2880e-02, PNorm = 40.2145, GNorm = 0.9411, lr_0 = 7.1761e-04
Loss = 1.0996e-02, PNorm = 40.2520, GNorm = 1.7411, lr_0 = 7.1074e-04
Loss = 1.4441e-02, PNorm = 40.3066, GNorm = 1.5143, lr_0 = 7.0394e-04
Loss = 1.0837e-02, PNorm = 40.3513, GNorm = 1.4726, lr_0 = 6.9720e-04
Validation rmse = 0.423193
Epoch 8
Loss = 1.1811e-02, PNorm = 40.3966, GNorm = 1.9223, lr_0 = 6.9053e-04
Loss = 1.1150e-02, PNorm = 40.4416, GNorm = 0.9918, lr_0 = 6.8392e-04
Loss = 1.2430e-02, PNorm = 40.4979, GNorm = 2.4144, lr_0 = 6.7737e-04
Loss = 1.0899e-02, PNorm = 40.5447, GNorm = 1.1652, lr_0 = 6.7089e-04
Loss = 1.3277e-02, PNorm = 40.5946, GNorm = 1.2827, lr_0 = 6.6447e-04
Loss = 1.1407e-02, PNorm = 40.6447, GNorm = 1.3663, lr_0 = 6.5811e-04
Validation rmse = 0.430097
Epoch 9
Loss = 1.2539e-02, PNorm = 40.6785, GNorm = 1.1770, lr_0 = 6.5181e-04
Loss = 1.1635e-02, PNorm = 40.7213, GNorm = 0.8230, lr_0 = 6.4557e-04
Loss = 1.1829e-02, PNorm = 40.7565, GNorm = 1.2607, lr_0 = 6.3939e-04
Loss = 1.1420e-02, PNorm = 40.7957, GNorm = 1.4370, lr_0 = 6.3327e-04
Loss = 1.0345e-02, PNorm = 40.8345, GNorm = 1.9611, lr_0 = 6.2721e-04
Loss = 1.0785e-02, PNorm = 40.8621, GNorm = 0.8952, lr_0 = 6.2120e-04
Loss = 1.1820e-02, PNorm = 40.9093, GNorm = 1.9531, lr_0 = 6.1526e-04
Validation rmse = 0.430507
Epoch 10
Loss = 1.1264e-02, PNorm = 40.9358, GNorm = 1.2869, lr_0 = 6.0937e-04
Loss = 1.0839e-02, PNorm = 40.9723, GNorm = 1.4354, lr_0 = 6.0353e-04
Loss = 1.1494e-02, PNorm = 41.0179, GNorm = 1.7426, lr_0 = 5.9776e-04
Loss = 1.1456e-02, PNorm = 41.0539, GNorm = 1.3897, lr_0 = 5.9204e-04
Loss = 1.2090e-02, PNorm = 41.0955, GNorm = 0.8058, lr_0 = 5.8637e-04
Loss = 9.9101e-03, PNorm = 41.1367, GNorm = 1.0666, lr_0 = 5.8076e-04
Validation rmse = 0.429209
Epoch 11
Loss = 1.0980e-02, PNorm = 41.1663, GNorm = 0.9208, lr_0 = 5.7520e-04
Loss = 1.0919e-02, PNorm = 41.2097, GNorm = 0.9400, lr_0 = 5.6969e-04
Loss = 1.1628e-02, PNorm = 41.2380, GNorm = 1.3520, lr_0 = 5.6424e-04
Loss = 1.1054e-02, PNorm = 41.2618, GNorm = 2.2451, lr_0 = 5.5884e-04
Loss = 1.0885e-02, PNorm = 41.2886, GNorm = 1.0082, lr_0 = 5.5349e-04
Loss = 1.1179e-02, PNorm = 41.3202, GNorm = 1.8530, lr_0 = 5.4819e-04
Validation rmse = 0.432267
Epoch 12
Loss = 9.0336e-03, PNorm = 41.3581, GNorm = 0.9711, lr_0 = 5.4294e-04
Loss = 1.0639e-02, PNorm = 41.3830, GNorm = 0.9736, lr_0 = 5.3775e-04
Loss = 1.2136e-02, PNorm = 41.4188, GNorm = 1.4859, lr_0 = 5.3260e-04
Loss = 1.0819e-02, PNorm = 41.4604, GNorm = 1.1566, lr_0 = 5.2750e-04
Loss = 9.2555e-03, PNorm = 41.4825, GNorm = 0.9934, lr_0 = 5.2245e-04
Loss = 1.0450e-02, PNorm = 41.5154, GNorm = 1.4656, lr_0 = 5.1745e-04
Validation rmse = 0.418184
Epoch 13
Loss = 1.8909e-02, PNorm = 41.5600, GNorm = 1.0590, lr_0 = 5.1250e-04
Loss = 9.6906e-03, PNorm = 41.5888, GNorm = 1.0236, lr_0 = 5.0759e-04
Loss = 9.2801e-03, PNorm = 41.6250, GNorm = 0.7376, lr_0 = 5.0273e-04
Loss = 1.0361e-02, PNorm = 41.6566, GNorm = 1.0710, lr_0 = 4.9792e-04
Loss = 1.0315e-02, PNorm = 41.6762, GNorm = 1.5246, lr_0 = 4.9315e-04
Loss = 1.0957e-02, PNorm = 41.6952, GNorm = 1.8253, lr_0 = 4.8843e-04
Loss = 9.1494e-03, PNorm = 41.7348, GNorm = 0.9176, lr_0 = 4.8376e-04
Validation rmse = 0.425532
Epoch 14
Loss = 1.0983e-02, PNorm = 41.7699, GNorm = 1.0074, lr_0 = 4.7913e-04
Loss = 9.9963e-03, PNorm = 41.8062, GNorm = 0.8987, lr_0 = 4.7454e-04
Loss = 9.2039e-03, PNorm = 41.8374, GNorm = 4.5253, lr_0 = 4.7000e-04
Loss = 8.7822e-03, PNorm = 41.8579, GNorm = 1.0060, lr_0 = 4.6550e-04
Loss = 1.1002e-02, PNorm = 41.8848, GNorm = 0.9603, lr_0 = 4.6104e-04
Loss = 1.0156e-02, PNorm = 41.9203, GNorm = 1.3700, lr_0 = 4.5663e-04
Validation rmse = 0.422710
Epoch 15
Loss = 9.9964e-03, PNorm = 41.9562, GNorm = 1.5794, lr_0 = 4.5226e-04
Loss = 8.4644e-03, PNorm = 41.9817, GNorm = 1.1377, lr_0 = 4.4793e-04
Loss = 9.2583e-03, PNorm = 42.0152, GNorm = 1.2514, lr_0 = 4.4364e-04
Loss = 8.7337e-03, PNorm = 42.0485, GNorm = 2.3864, lr_0 = 4.3940e-04
Loss = 8.8549e-03, PNorm = 42.0765, GNorm = 1.5513, lr_0 = 4.3519e-04
Loss = 1.2009e-02, PNorm = 42.1082, GNorm = 1.2664, lr_0 = 4.3103e-04
Validation rmse = 0.424899
Epoch 16
Loss = 7.2160e-03, PNorm = 42.1442, GNorm = 0.8288, lr_0 = 4.2690e-04
Loss = 1.0677e-02, PNorm = 42.1800, GNorm = 1.2550, lr_0 = 4.2281e-04
Loss = 9.3947e-03, PNorm = 42.2121, GNorm = 1.1037, lr_0 = 4.1877e-04
Loss = 9.0932e-03, PNorm = 42.2416, GNorm = 0.8828, lr_0 = 4.1476e-04
Loss = 1.0561e-02, PNorm = 42.2795, GNorm = 0.8460, lr_0 = 4.1079e-04
Loss = 8.4287e-03, PNorm = 42.3112, GNorm = 0.8470, lr_0 = 4.0686e-04
Loss = 9.5303e-03, PNorm = 42.3303, GNorm = 1.7243, lr_0 = 4.0296e-04
Validation rmse = 0.417215
Epoch 17
Loss = 9.0704e-03, PNorm = 42.3485, GNorm = 1.1029, lr_0 = 3.9910e-04
Loss = 9.7813e-03, PNorm = 42.3754, GNorm = 1.4445, lr_0 = 3.9528e-04
Loss = 8.0075e-03, PNorm = 42.4043, GNorm = 1.0132, lr_0 = 3.9150e-04
Loss = 9.9513e-03, PNorm = 42.4305, GNorm = 4.3798, lr_0 = 3.8775e-04
Loss = 9.6509e-03, PNorm = 42.4602, GNorm = 0.9226, lr_0 = 3.8404e-04
Loss = 1.0163e-02, PNorm = 42.4843, GNorm = 1.7292, lr_0 = 3.8036e-04
Validation rmse = 0.422152
Epoch 18
Loss = 9.6810e-03, PNorm = 42.5122, GNorm = 1.7666, lr_0 = 3.7672e-04
Loss = 8.1892e-03, PNorm = 42.5359, GNorm = 0.8112, lr_0 = 3.7312e-04
Loss = 7.4149e-03, PNorm = 42.5612, GNorm = 1.2931, lr_0 = 3.6955e-04
Loss = 9.2281e-03, PNorm = 42.5912, GNorm = 1.3020, lr_0 = 3.6601e-04
Loss = 8.9129e-03, PNorm = 42.6104, GNorm = 1.1907, lr_0 = 3.6251e-04
Loss = 8.9918e-03, PNorm = 42.6347, GNorm = 0.8124, lr_0 = 3.5904e-04
Validation rmse = 0.427882
Epoch 19
Loss = 9.3046e-03, PNorm = 42.6584, GNorm = 3.2491, lr_0 = 3.5560e-04
Loss = 1.0257e-02, PNorm = 42.6846, GNorm = 2.2259, lr_0 = 3.5220e-04
Loss = 9.8253e-03, PNorm = 42.7095, GNorm = 1.6308, lr_0 = 3.4882e-04
Loss = 8.0817e-03, PNorm = 42.7348, GNorm = 1.7182, lr_0 = 3.4549e-04
Loss = 8.7917e-03, PNorm = 42.7584, GNorm = 1.7631, lr_0 = 3.4218e-04
Loss = 8.4407e-03, PNorm = 42.7822, GNorm = 1.1529, lr_0 = 3.3890e-04
Loss = 8.7234e-03, PNorm = 42.7990, GNorm = 0.9755, lr_0 = 3.3566e-04
Validation rmse = 0.418921
Epoch 20
Loss = 8.7929e-03, PNorm = 42.8208, GNorm = 1.3519, lr_0 = 3.3245e-04
Loss = 8.4220e-03, PNorm = 42.8493, GNorm = 0.9205, lr_0 = 3.2926e-04
Loss = 8.3080e-03, PNorm = 42.8706, GNorm = 2.1219, lr_0 = 3.2611e-04
Loss = 8.9942e-03, PNorm = 42.8864, GNorm = 1.4767, lr_0 = 3.2299e-04
Loss = 8.5592e-03, PNorm = 42.9018, GNorm = 1.3306, lr_0 = 3.1990e-04
Loss = 8.5066e-03, PNorm = 42.9227, GNorm = 0.6920, lr_0 = 3.1684e-04
Validation rmse = 0.423944
Epoch 21
Loss = 8.8476e-03, PNorm = 42.9354, GNorm = 2.7210, lr_0 = 3.1380e-04
Loss = 8.9179e-03, PNorm = 42.9531, GNorm = 1.4756, lr_0 = 3.1080e-04
Loss = 8.9154e-03, PNorm = 42.9728, GNorm = 0.8619, lr_0 = 3.0783e-04
Loss = 8.4211e-03, PNorm = 42.9930, GNorm = 1.5568, lr_0 = 3.0488e-04
Loss = 8.5859e-03, PNorm = 43.0158, GNorm = 1.2618, lr_0 = 3.0196e-04
Loss = 8.2607e-03, PNorm = 43.0284, GNorm = 1.9322, lr_0 = 2.9907e-04
Validation rmse = 0.425166
Epoch 22
Loss = 6.6503e-03, PNorm = 43.0446, GNorm = 1.3726, lr_0 = 2.9621e-04
Loss = 9.2068e-03, PNorm = 43.0687, GNorm = 1.4018, lr_0 = 2.9337e-04
Loss = 7.2121e-03, PNorm = 43.0893, GNorm = 0.9626, lr_0 = 2.9056e-04
Loss = 7.5377e-03, PNorm = 43.1072, GNorm = 1.5162, lr_0 = 2.8778e-04
Loss = 8.0729e-03, PNorm = 43.1275, GNorm = 1.6405, lr_0 = 2.8503e-04
Loss = 9.1048e-03, PNorm = 43.1445, GNorm = 1.0820, lr_0 = 2.8230e-04
Validation rmse = 0.429004
Epoch 23
Loss = 6.8999e-03, PNorm = 43.1568, GNorm = 1.1502, lr_0 = 2.7960e-04
Loss = 7.9850e-03, PNorm = 43.1724, GNorm = 2.0543, lr_0 = 2.7692e-04
Loss = 7.7960e-03, PNorm = 43.1936, GNorm = 1.6046, lr_0 = 2.7427e-04
Loss = 7.9973e-03, PNorm = 43.2109, GNorm = 1.6377, lr_0 = 2.7164e-04
Loss = 1.0142e-02, PNorm = 43.2237, GNorm = 1.7431, lr_0 = 2.6904e-04
Loss = 6.6078e-03, PNorm = 43.2429, GNorm = 1.1838, lr_0 = 2.6647e-04
Loss = 8.7645e-03, PNorm = 43.2509, GNorm = 1.2709, lr_0 = 2.6392e-04
Validation rmse = 0.423126
Epoch 24
Loss = 7.9373e-03, PNorm = 43.2641, GNorm = 2.1163, lr_0 = 2.6139e-04
Loss = 7.4509e-03, PNorm = 43.2803, GNorm = 1.5332, lr_0 = 2.5889e-04
Loss = 7.1797e-03, PNorm = 43.2931, GNorm = 1.0786, lr_0 = 2.5641e-04
Loss = 7.6115e-03, PNorm = 43.3086, GNorm = 1.3588, lr_0 = 2.5396e-04
Loss = 7.7748e-03, PNorm = 43.3242, GNorm = 1.1342, lr_0 = 2.5153e-04
Loss = 9.9780e-03, PNorm = 43.3391, GNorm = 1.5257, lr_0 = 2.4912e-04
Validation rmse = 0.431536
Epoch 25
Loss = 8.8509e-03, PNorm = 43.3609, GNorm = 2.7319, lr_0 = 2.4673e-04
Loss = 7.6081e-03, PNorm = 43.3764, GNorm = 1.3213, lr_0 = 2.4437e-04
Loss = 8.4692e-03, PNorm = 43.3937, GNorm = 1.1032, lr_0 = 2.4203e-04
Loss = 7.2245e-03, PNorm = 43.4074, GNorm = 1.0266, lr_0 = 2.3972e-04
Loss = 7.3983e-03, PNorm = 43.4147, GNorm = 1.5739, lr_0 = 2.3742e-04
Loss = 8.3280e-03, PNorm = 43.4294, GNorm = 1.2574, lr_0 = 2.3515e-04
Validation rmse = 0.439597
Epoch 26
Loss = 1.1286e-02, PNorm = 43.4472, GNorm = 2.0689, lr_0 = 2.3290e-04
Loss = 7.1516e-03, PNorm = 43.4573, GNorm = 1.3650, lr_0 = 2.3067e-04
Loss = 7.4434e-03, PNorm = 43.4712, GNorm = 2.4806, lr_0 = 2.2846e-04
Loss = 8.5389e-03, PNorm = 43.4785, GNorm = 1.4835, lr_0 = 2.2628e-04
Loss = 7.6250e-03, PNorm = 43.4895, GNorm = 1.3861, lr_0 = 2.2411e-04
Loss = 8.0149e-03, PNorm = 43.5057, GNorm = 2.1464, lr_0 = 2.2196e-04
Loss = 7.4375e-03, PNorm = 43.5190, GNorm = 1.8395, lr_0 = 2.1984e-04
Validation rmse = 0.429768
Epoch 27
Loss = 8.8308e-03, PNorm = 43.5265, GNorm = 1.2684, lr_0 = 2.1773e-04
Loss = 6.7711e-03, PNorm = 43.5372, GNorm = 1.1663, lr_0 = 2.1565e-04
Loss = 7.4056e-03, PNorm = 43.5506, GNorm = 1.3112, lr_0 = 2.1359e-04
Loss = 7.4749e-03, PNorm = 43.5586, GNorm = 1.4872, lr_0 = 2.1154e-04
Loss = 7.5210e-03, PNorm = 43.5678, GNorm = 0.9115, lr_0 = 2.0952e-04
Loss = 7.7208e-03, PNorm = 43.5824, GNorm = 3.0860, lr_0 = 2.0751e-04
Validation rmse = 0.429130
Epoch 28
Loss = 7.5204e-03, PNorm = 43.5956, GNorm = 1.4288, lr_0 = 2.0553e-04
Loss = 8.0196e-03, PNorm = 43.6034, GNorm = 1.3939, lr_0 = 2.0356e-04
Loss = 7.6058e-03, PNorm = 43.6108, GNorm = 1.7845, lr_0 = 2.0161e-04
Loss = 6.4490e-03, PNorm = 43.6157, GNorm = 1.2880, lr_0 = 1.9968e-04
Loss = 8.9597e-03, PNorm = 43.6251, GNorm = 1.6865, lr_0 = 1.9777e-04
Loss = 6.7674e-03, PNorm = 43.6410, GNorm = 1.0773, lr_0 = 1.9588e-04
Validation rmse = 0.431209
Epoch 29
Loss = 6.5134e-03, PNorm = 43.6534, GNorm = 1.2736, lr_0 = 1.9400e-04
Loss = 9.3242e-03, PNorm = 43.6641, GNorm = 1.8281, lr_0 = 1.9214e-04
Loss = 8.2901e-03, PNorm = 43.6766, GNorm = 3.3897, lr_0 = 1.9030e-04
Loss = 7.3704e-03, PNorm = 43.6847, GNorm = 2.1928, lr_0 = 1.8848e-04
Loss = 7.5195e-03, PNorm = 43.6944, GNorm = 1.5691, lr_0 = 1.8668e-04
Loss = 6.4424e-03, PNorm = 43.7087, GNorm = 1.5842, lr_0 = 1.8489e-04
Loss = 5.9066e-03, PNorm = 43.7210, GNorm = 1.2336, lr_0 = 1.8312e-04
Validation rmse = 0.426457
Epoch 30
Loss = 6.9397e-03, PNorm = 43.7256, GNorm = 1.3159, lr_0 = 1.8137e-04
Loss = 7.1941e-03, PNorm = 43.7345, GNorm = 1.0728, lr_0 = 1.7963e-04
Loss = 6.6800e-03, PNorm = 43.7452, GNorm = 1.8865, lr_0 = 1.7791e-04
Loss = 7.4914e-03, PNorm = 43.7496, GNorm = 1.5530, lr_0 = 1.7621e-04
Loss = 7.0069e-03, PNorm = 43.7557, GNorm = 1.4138, lr_0 = 1.7452e-04
Loss = 7.6822e-03, PNorm = 43.7673, GNorm = 1.7925, lr_0 = 1.7285e-04
Validation rmse = 0.427938
Epoch 31
Loss = 7.3877e-03, PNorm = 43.7754, GNorm = 1.2576, lr_0 = 1.7120e-04
Loss = 7.2707e-03, PNorm = 43.7831, GNorm = 1.5947, lr_0 = 1.6956e-04
Loss = 7.1078e-03, PNorm = 43.7914, GNorm = 1.8882, lr_0 = 1.6794e-04
Loss = 7.4337e-03, PNorm = 43.7995, GNorm = 1.2701, lr_0 = 1.6633e-04
Loss = 7.4646e-03, PNorm = 43.8065, GNorm = 1.4010, lr_0 = 1.6474e-04
Loss = 7.2789e-03, PNorm = 43.8135, GNorm = 2.0007, lr_0 = 1.6316e-04
Validation rmse = 0.410357
Epoch 32
Loss = 6.4380e-03, PNorm = 43.8200, GNorm = 1.4816, lr_0 = 1.6160e-04
Loss = 7.0863e-03, PNorm = 43.8309, GNorm = 1.1094, lr_0 = 1.6005e-04
Loss = 8.9300e-03, PNorm = 43.8369, GNorm = 1.8102, lr_0 = 1.5852e-04
Loss = 5.5828e-03, PNorm = 43.8422, GNorm = 0.9263, lr_0 = 1.5700e-04
Loss = 7.6329e-03, PNorm = 43.8503, GNorm = 1.5662, lr_0 = 1.5550e-04
Loss = 5.6643e-03, PNorm = 43.8571, GNorm = 1.5858, lr_0 = 1.5401e-04
Validation rmse = 0.424231
Epoch 33
Loss = 6.1694e-03, PNorm = 43.8643, GNorm = 1.2892, lr_0 = 1.5254e-04
Loss = 6.8566e-03, PNorm = 43.8748, GNorm = 0.8452, lr_0 = 1.5108e-04
Loss = 7.3105e-03, PNorm = 43.8809, GNorm = 0.8967, lr_0 = 1.4963e-04
Loss = 7.3225e-03, PNorm = 43.8870, GNorm = 1.5531, lr_0 = 1.4820e-04
Loss = 6.4598e-03, PNorm = 43.8912, GNorm = 1.4650, lr_0 = 1.4678e-04
Loss = 7.2897e-03, PNorm = 43.8967, GNorm = 2.2374, lr_0 = 1.4537e-04
Loss = 6.7046e-03, PNorm = 43.9049, GNorm = 1.5664, lr_0 = 1.4398e-04
Validation rmse = 0.415653
Epoch 34
Loss = 6.5273e-03, PNorm = 43.9084, GNorm = 1.6270, lr_0 = 1.4261e-04
Loss = 6.6075e-03, PNorm = 43.9141, GNorm = 1.4359, lr_0 = 1.4124e-04
Loss = 6.7728e-03, PNorm = 43.9214, GNorm = 1.9818, lr_0 = 1.3989e-04
Loss = 7.4707e-03, PNorm = 43.9274, GNorm = 1.1045, lr_0 = 1.3855e-04
Loss = 7.4818e-03, PNorm = 43.9328, GNorm = 1.0104, lr_0 = 1.3722e-04
Loss = 7.2568e-03, PNorm = 43.9376, GNorm = 1.6618, lr_0 = 1.3591e-04
Validation rmse = 0.412929
Epoch 35
Loss = 7.0214e-03, PNorm = 43.9449, GNorm = 2.0033, lr_0 = 1.3461e-04
Loss = 7.0178e-03, PNorm = 43.9519, GNorm = 1.7818, lr_0 = 1.3332e-04
Loss = 6.8535e-03, PNorm = 43.9603, GNorm = 1.1712, lr_0 = 1.3204e-04
Loss = 7.5975e-03, PNorm = 43.9669, GNorm = 1.9017, lr_0 = 1.3078e-04
Loss = 6.4781e-03, PNorm = 43.9683, GNorm = 0.8601, lr_0 = 1.2953e-04
Loss = 7.1526e-03, PNorm = 43.9702, GNorm = 1.1711, lr_0 = 1.2829e-04
Validation rmse = 0.419834
Epoch 36
Loss = 6.6646e-03, PNorm = 43.9749, GNorm = 2.2692, lr_0 = 1.2706e-04
Loss = 8.1801e-03, PNorm = 43.9831, GNorm = 1.4176, lr_0 = 1.2584e-04
Loss = 5.9995e-03, PNorm = 43.9886, GNorm = 1.1449, lr_0 = 1.2464e-04
Loss = 6.3134e-03, PNorm = 43.9931, GNorm = 0.8485, lr_0 = 1.2345e-04
Loss = 6.0127e-03, PNorm = 43.9980, GNorm = 1.7727, lr_0 = 1.2226e-04
Loss = 7.6008e-03, PNorm = 44.0045, GNorm = 1.7709, lr_0 = 1.2109e-04
Loss = 7.9758e-03, PNorm = 44.0089, GNorm = 1.2492, lr_0 = 1.1994e-04
Validation rmse = 0.441443
Epoch 37
Loss = 5.9380e-03, PNorm = 44.0130, GNorm = 2.4265, lr_0 = 1.1879e-04
Loss = 7.7986e-03, PNorm = 44.0191, GNorm = 1.2867, lr_0 = 1.1765e-04
Loss = 6.4616e-03, PNorm = 44.0257, GNorm = 1.1957, lr_0 = 1.1652e-04
Loss = 7.1738e-03, PNorm = 44.0307, GNorm = 0.8756, lr_0 = 1.1541e-04
Loss = 7.1833e-03, PNorm = 44.0347, GNorm = 1.7773, lr_0 = 1.1430e-04
Loss = 6.6780e-03, PNorm = 44.0407, GNorm = 1.6503, lr_0 = 1.1321e-04
Validation rmse = 0.410893
Epoch 38
Loss = 7.4911e-03, PNorm = 44.0456, GNorm = 2.8627, lr_0 = 1.1213e-04
Loss = 5.8486e-03, PNorm = 44.0482, GNorm = 1.3199, lr_0 = 1.1105e-04
Loss = 6.7423e-03, PNorm = 44.0504, GNorm = 1.4091, lr_0 = 1.0999e-04
Loss = 6.9642e-03, PNorm = 44.0564, GNorm = 0.9595, lr_0 = 1.0894e-04
Loss = 7.1176e-03, PNorm = 44.0637, GNorm = 1.1380, lr_0 = 1.0789e-04
Loss = 6.3919e-03, PNorm = 44.0704, GNorm = 1.1742, lr_0 = 1.0686e-04
Validation rmse = 0.414090
Epoch 39
Loss = 5.4857e-03, PNorm = 44.0751, GNorm = 1.5759, lr_0 = 1.0584e-04
Loss = 6.3815e-03, PNorm = 44.0789, GNorm = 1.3641, lr_0 = 1.0483e-04
Loss = 7.0152e-03, PNorm = 44.0820, GNorm = 1.5346, lr_0 = 1.0382e-04
Loss = 6.2507e-03, PNorm = 44.0840, GNorm = 1.6116, lr_0 = 1.0283e-04
Loss = 6.4880e-03, PNorm = 44.0884, GNorm = 1.2080, lr_0 = 1.0184e-04
Loss = 7.0796e-03, PNorm = 44.0943, GNorm = 1.1075, lr_0 = 1.0087e-04
Loss = 7.0323e-03, PNorm = 44.0973, GNorm = 1.7306, lr_0 = 1.0000e-04
Validation rmse = 0.418495
Model 0 best validation rmse = 0.410357 on epoch 31
Loading pretrained parameter "encoder.encoder.cached_zero_vector".
Loading pretrained parameter "encoder.encoder.W_i.weight".
Loading pretrained parameter "encoder.encoder.W_h.weight".
Loading pretrained parameter "encoder.encoder.W_o.weight".
Loading pretrained parameter "encoder.encoder.W_o.bias".
Loading pretrained parameter "ffn.1.weight".
Loading pretrained parameter "ffn.1.bias".
Loading pretrained parameter "ffn.4.weight".
Loading pretrained parameter "ffn.4.bias".
Loading pretrained parameter "ffn.7.weight".
Loading pretrained parameter "ffn.7.bias".
Model 0 test rmse = 1.812675
Ensemble test rmse = 1.812675
1-fold cross validation
Seed 5 ==> test rmse = 1.812675
Overall test rmse = 1.812675 +/- 0.000000
