Fold 0
Model 0 best validation rmse = 0.620830 on epoch 39
Model 0 test rmse = 1.312633
Ensemble test rmse = 1.312633
1-fold cross validation
Seed 5 ==> test rmse = 1.312633
Overall test rmse = 1.312633 +/- 0.000000
Fold 0
Model 0 best validation rmse = 0.646595 on epoch 29
Model 0 test rmse = 1.299479
Ensemble test rmse = 1.299479
1-fold cross validation
Seed 5 ==> test rmse = 1.299479
Overall test rmse = 1.299479 +/- 0.000000
Fold 0
Model 0 best validation rmse = 0.643470 on epoch 48
Model 0 test rmse = 1.355666
Ensemble test rmse = 1.355666
1-fold cross validation
Seed 5 ==> test rmse = 1.355666
Overall test rmse = 1.355666 +/- 0.000000
Fold 0
