Fold 0
Model 0 best validation rmse = 0.435922 on epoch 2
Model 0 test rmse = 1.041485
Ensemble test rmse = 1.041485
1-fold cross validation
Seed 5 ==> test rmse = 1.041485
Overall test rmse = 1.041485 +/- 0.000000
Fold 0
Model 0 best validation rmse = 0.439866 on epoch 0
Model 0 test rmse = 0.969194
Ensemble test rmse = 0.969194
1-fold cross validation
Seed 5 ==> test rmse = 0.969194
Overall test rmse = 0.969194 +/- 0.000000
Fold 0
Model 0 best validation rmse = 0.439396 on epoch 39
Model 0 test rmse = 1.140332
Ensemble test rmse = 1.140332
1-fold cross validation
Seed 5 ==> test rmse = 1.140332
Overall test rmse = 1.140332 +/- 0.000000
Fold 0
Model 0 best validation rmse = 0.432158 on epoch 4
Model 0 test rmse = 1.110853
Ensemble test rmse = 1.110853
1-fold cross validation
Seed 5 ==> test rmse = 1.110853
Overall test rmse = 1.110853 +/- 0.000000
