Fold 0
{'activation': 'ReLU',
 'atom_messages': False,
 'batch_size': 50,
 'bias': False,
 'checkpoint_dir': None,
 'checkpoint_path': None,
 'checkpoint_paths': None,
 'config_path': None,
 'crossval_index_dir': None,
 'crossval_index_file': None,
 'cuda': False,
 'data_path': 'Data/Multitask_data/All_datasets/Splits/All_random/train.csv',
 'dataset_type': 'regression',
 'depth': 3,
 'dropout': 0.0,
 'ensemble_size': 1,
 'epochs': 50,
 'features_generator': None,
 'features_only': False,
 'features_path': ['Data/Multitask_data/All_datasets/Splits/All_random/train_extra_x.csv'],
 'features_scaling': True,
 'ffn_hidden_size': 300,
 'ffn_num_layers': 2,
 'final_lr': 0.0001,
 'folds_file': None,
 'gpu': None,
 'hidden_size': 600,
 'init_lr': 0.0001,
 'log_frequency': 10,
 'max_data_size': None,
 'max_lr': 0.001,
 'metric': 'rmse',
 'minimize_score': True,
 'multiclass_num_classes': 3,
 'no_cache': False,
 'num_folds': 1,
 'num_lrs': 1,
 'quiet': False,
 'save_dir': 'Data/Multitask_data/All_datasets/Splits/All_random/trained_model/fold_0',
 'save_smiles_splits': False,
 'seed': 5,
 'separate_test_features_path': ['Data/Multitask_data/All_datasets/Splits/All_random/test_extra_x.csv'],
 'separate_test_path': 'Data/Multitask_data/All_datasets/Splits/All_random/test.csv',
 'separate_val_features_path': ['Data/Multitask_data/All_datasets/Splits/All_random/valid_extra_x.csv'],
 'separate_val_path': 'Data/Multitask_data/All_datasets/Splits/All_random/valid.csv',
 'show_individual_scores': False,
 'split_sizes': [0.675, 0.075, 0.25],
 'split_type': 'random',
 'test': False,
 'test_fold_index': None,
 'undirected': False,
 'use_compound_names': False,
 'use_input_features': True,
 'val_fold_index': None,
 'warmup_epochs': 2.0}
Loading data
Number of tasks = 1
Splitting data with seed 5
Total size = 6,382 | train size = 6,382 | val size = 1,448 | test size = 1,396
Fitting scaler
Building model 0
MoleculeModel(
  (encoder): MPN(
    (encoder): MPNEncoder(
      (dropout_layer): Dropout(p=0.0, inplace=False)
      (act_func): ReLU()
      (W_i): Linear(in_features=147, out_features=600, bias=False)
      (W_h): Linear(in_features=600, out_features=600, bias=False)
      (W_o): Linear(in_features=733, out_features=600, bias=True)
    )
  )
  (ffn): Sequential(
    (0): Dropout(p=0.0, inplace=False)
    (1): Linear(in_features=626, out_features=300, bias=True)
    (2): ReLU()
    (3): Dropout(p=0.0, inplace=False)
    (4): Linear(in_features=300, out_features=1, bias=True)
  )
)
Number of parameters = 1,077,001
Epoch 0
Loss = 1.8548e-02, PNorm = 43.6429, GNorm = 4.0203, lr_0 = 1.3898e-04
Loss = 2.0369e-02, PNorm = 43.6446, GNorm = 1.4202, lr_0 = 1.7441e-04
Loss = 2.0835e-02, PNorm = 43.6514, GNorm = 1.3689, lr_0 = 2.0984e-04
Loss = 1.7943e-02, PNorm = 43.6580, GNorm = 1.6450, lr_0 = 2.4528e-04
Loss = 2.1717e-02, PNorm = 43.6630, GNorm = 3.9346, lr_0 = 2.8071e-04
Loss = 1.7138e-02, PNorm = 43.6707, GNorm = 1.7678, lr_0 = 3.1614e-04
Loss = 1.7627e-02, PNorm = 43.6784, GNorm = 1.3887, lr_0 = 3.5157e-04
Loss = 2.0148e-02, PNorm = 43.6883, GNorm = 3.2069, lr_0 = 3.8701e-04
Loss = 2.1147e-02, PNorm = 43.7024, GNorm = 2.2927, lr_0 = 4.2244e-04
Loss = 1.9804e-02, PNorm = 43.7274, GNorm = 1.6290, lr_0 = 4.5787e-04
Loss = 1.8808e-02, PNorm = 43.7445, GNorm = 2.2317, lr_0 = 4.9331e-04
Loss = 1.8363e-02, PNorm = 43.7653, GNorm = 0.8976, lr_0 = 5.2874e-04
Validation rmse = 0.957357
Epoch 1
Loss = 2.3495e-02, PNorm = 43.7856, GNorm = 4.6721, lr_0 = 5.6417e-04
Loss = 1.7309e-02, PNorm = 43.8107, GNorm = 1.3102, lr_0 = 5.9961e-04
Loss = 1.8340e-02, PNorm = 43.8467, GNorm = 2.1536, lr_0 = 6.3504e-04
Loss = 1.8798e-02, PNorm = 43.8737, GNorm = 1.3018, lr_0 = 6.7047e-04
Loss = 1.9762e-02, PNorm = 43.9092, GNorm = 1.4712, lr_0 = 7.0591e-04
Loss = 1.6549e-02, PNorm = 43.9469, GNorm = 1.2221, lr_0 = 7.4134e-04
Loss = 2.0578e-02, PNorm = 43.9827, GNorm = 1.0121, lr_0 = 7.7677e-04
Loss = 1.7740e-02, PNorm = 44.0119, GNorm = 2.1343, lr_0 = 8.1220e-04
Loss = 1.9220e-02, PNorm = 44.0625, GNorm = 1.2269, lr_0 = 8.4764e-04
Loss = 1.6700e-02, PNorm = 44.1067, GNorm = 1.0670, lr_0 = 8.8307e-04
Loss = 1.8673e-02, PNorm = 44.1479, GNorm = 1.3272, lr_0 = 9.1850e-04
Loss = 1.9523e-02, PNorm = 44.2145, GNorm = 1.8524, lr_0 = 9.5394e-04
Loss = 1.3979e-02, PNorm = 44.2708, GNorm = 2.5277, lr_0 = 9.8937e-04
Validation rmse = 0.921278
Epoch 2
Loss = 1.8032e-02, PNorm = 44.3458, GNorm = 1.6190, lr_0 = 9.9736e-04
Loss = 1.9783e-02, PNorm = 44.4283, GNorm = 1.7949, lr_0 = 9.9360e-04
Loss = 1.7259e-02, PNorm = 44.4986, GNorm = 2.3434, lr_0 = 9.8985e-04
Loss = 1.6031e-02, PNorm = 44.5777, GNorm = 1.1571, lr_0 = 9.8612e-04
Loss = 1.4764e-02, PNorm = 44.6387, GNorm = 2.5203, lr_0 = 9.8240e-04
Loss = 1.6853e-02, PNorm = 44.7153, GNorm = 1.3157, lr_0 = 9.7870e-04
Loss = 1.9366e-02, PNorm = 44.7935, GNorm = 1.3778, lr_0 = 9.7501e-04
Loss = 1.6600e-02, PNorm = 44.9113, GNorm = 0.9901, lr_0 = 9.7133e-04
Loss = 1.9357e-02, PNorm = 45.0057, GNorm = 1.4384, lr_0 = 9.6767e-04
Loss = 1.9988e-02, PNorm = 45.0926, GNorm = 2.1134, lr_0 = 9.6402e-04
Loss = 1.7241e-02, PNorm = 45.1896, GNorm = 1.0150, lr_0 = 9.6039e-04
Loss = 1.6856e-02, PNorm = 45.2744, GNorm = 2.3215, lr_0 = 9.5677e-04
Loss = 1.7247e-02, PNorm = 45.3515, GNorm = 0.9640, lr_0 = 9.5316e-04
Validation rmse = 0.923910
Epoch 3
Loss = 2.0884e-02, PNorm = 45.4219, GNorm = 1.3997, lr_0 = 9.4957e-04
Loss = 1.8134e-02, PNorm = 45.4749, GNorm = 2.0652, lr_0 = 9.4599e-04
Loss = 1.4403e-02, PNorm = 45.5280, GNorm = 0.9796, lr_0 = 9.4242e-04
Loss = 1.6108e-02, PNorm = 45.5884, GNorm = 1.2541, lr_0 = 9.3887e-04
Loss = 1.5552e-02, PNorm = 45.6702, GNorm = 1.5270, lr_0 = 9.3533e-04
Loss = 1.6349e-02, PNorm = 45.7414, GNorm = 1.3113, lr_0 = 9.3180e-04
Loss = 1.4203e-02, PNorm = 45.7910, GNorm = 0.8478, lr_0 = 9.2829e-04
Loss = 1.7777e-02, PNorm = 45.8476, GNorm = 2.3313, lr_0 = 9.2479e-04
Loss = 1.7106e-02, PNorm = 45.9055, GNorm = 1.7020, lr_0 = 9.2130e-04
Loss = 1.5705e-02, PNorm = 45.9453, GNorm = 1.8649, lr_0 = 9.1783e-04
Loss = 1.7299e-02, PNorm = 46.0217, GNorm = 1.1376, lr_0 = 9.1437e-04
Loss = 1.8795e-02, PNorm = 46.1412, GNorm = 1.3130, lr_0 = 9.1092e-04
Validation rmse = 0.910855
Epoch 4
Loss = 1.2378e-02, PNorm = 46.1854, GNorm = 1.4612, lr_0 = 9.0749e-04
Loss = 1.9082e-02, PNorm = 46.2325, GNorm = 1.8351, lr_0 = 9.0407e-04
Loss = 1.5127e-02, PNorm = 46.3065, GNorm = 1.2443, lr_0 = 9.0066e-04
Loss = 1.4394e-02, PNorm = 46.3561, GNorm = 1.9816, lr_0 = 8.9726e-04
Loss = 1.8496e-02, PNorm = 46.3997, GNorm = 1.0070, lr_0 = 8.9388e-04
Loss = 1.5026e-02, PNorm = 46.4741, GNorm = 2.0146, lr_0 = 8.9051e-04
Loss = 1.5393e-02, PNorm = 46.5379, GNorm = 1.2334, lr_0 = 8.8715e-04
Loss = 1.6096e-02, PNorm = 46.6245, GNorm = 2.2235, lr_0 = 8.8381e-04
Loss = 1.8099e-02, PNorm = 46.6928, GNorm = 0.9659, lr_0 = 8.8048e-04
Loss = 1.6290e-02, PNorm = 46.8008, GNorm = 1.3821, lr_0 = 8.7716e-04
Loss = 1.8300e-02, PNorm = 46.8764, GNorm = 1.7891, lr_0 = 8.7385e-04
Loss = 1.4773e-02, PNorm = 46.9639, GNorm = 0.9326, lr_0 = 8.7056e-04
Loss = 1.7608e-02, PNorm = 47.0445, GNorm = 1.5431, lr_0 = 8.6727e-04
Validation rmse = 0.898280
Epoch 5
Loss = 1.5727e-02, PNorm = 47.1177, GNorm = 1.2320, lr_0 = 8.6400e-04
Loss = 1.4732e-02, PNorm = 47.1859, GNorm = 1.0602, lr_0 = 8.6075e-04
Loss = 1.7224e-02, PNorm = 47.2351, GNorm = 1.1202, lr_0 = 8.5750e-04
Loss = 1.8191e-02, PNorm = 47.3424, GNorm = 1.0899, lr_0 = 8.5427e-04
Loss = 1.6328e-02, PNorm = 47.4282, GNorm = 1.1196, lr_0 = 8.5105e-04
Loss = 1.4764e-02, PNorm = 47.4676, GNorm = 0.9983, lr_0 = 8.4784e-04
Loss = 1.6817e-02, PNorm = 47.5351, GNorm = 1.2548, lr_0 = 8.4464e-04
Loss = 1.5536e-02, PNorm = 47.6039, GNorm = 1.7946, lr_0 = 8.4146e-04
Loss = 1.5176e-02, PNorm = 47.6390, GNorm = 0.9572, lr_0 = 8.3829e-04
Loss = 1.6209e-02, PNorm = 47.7055, GNorm = 1.2853, lr_0 = 8.3513e-04
Loss = 1.2932e-02, PNorm = 47.7734, GNorm = 1.2965, lr_0 = 8.3198e-04
Loss = 1.5568e-02, PNorm = 47.8346, GNorm = 1.3169, lr_0 = 8.2884e-04
Loss = 1.7632e-02, PNorm = 47.9582, GNorm = 2.1501, lr_0 = 8.2572e-04
Validation rmse = 0.880484
Epoch 6
Loss = 1.5225e-02, PNorm = 48.0440, GNorm = 2.8939, lr_0 = 8.2260e-04
Loss = 1.6178e-02, PNorm = 48.1567, GNorm = 2.8409, lr_0 = 8.1950e-04
Loss = 1.3304e-02, PNorm = 48.2091, GNorm = 1.6113, lr_0 = 8.1641e-04
Loss = 1.4706e-02, PNorm = 48.3139, GNorm = 0.7758, lr_0 = 8.1333e-04
Loss = 1.4305e-02, PNorm = 48.4094, GNorm = 1.7303, lr_0 = 8.1027e-04
Loss = 1.5358e-02, PNorm = 48.4525, GNorm = 1.0955, lr_0 = 8.0721e-04
Loss = 1.4615e-02, PNorm = 48.4985, GNorm = 1.1554, lr_0 = 8.0417e-04
Loss = 1.6931e-02, PNorm = 48.5704, GNorm = 1.0987, lr_0 = 8.0114e-04
Loss = 1.4795e-02, PNorm = 48.6665, GNorm = 0.9483, lr_0 = 7.9812e-04
Loss = 1.6515e-02, PNorm = 48.7252, GNorm = 1.1341, lr_0 = 7.9511e-04
Loss = 1.6825e-02, PNorm = 48.7894, GNorm = 1.3123, lr_0 = 7.9211e-04
Loss = 1.5276e-02, PNorm = 48.8795, GNorm = 1.5755, lr_0 = 7.8912e-04
Validation rmse = 0.867152
Epoch 7
Loss = 1.0324e-02, PNorm = 48.9636, GNorm = 1.3219, lr_0 = 7.8615e-04
Loss = 1.4348e-02, PNorm = 49.0128, GNorm = 1.3509, lr_0 = 7.8319e-04
Loss = 1.3669e-02, PNorm = 49.1066, GNorm = 1.1174, lr_0 = 7.8023e-04
Loss = 1.4137e-02, PNorm = 49.1810, GNorm = 1.8768, lr_0 = 7.7729e-04
Loss = 1.6373e-02, PNorm = 49.2710, GNorm = 0.7742, lr_0 = 7.7436e-04
Loss = 1.6417e-02, PNorm = 49.3439, GNorm = 0.9603, lr_0 = 7.7144e-04
Loss = 1.2944e-02, PNorm = 49.4084, GNorm = 0.7814, lr_0 = 7.6853e-04
Loss = 1.3000e-02, PNorm = 49.4843, GNorm = 1.9888, lr_0 = 7.6564e-04
Loss = 1.7212e-02, PNorm = 49.5668, GNorm = 0.8586, lr_0 = 7.6275e-04
Loss = 1.6709e-02, PNorm = 49.6299, GNorm = 1.9367, lr_0 = 7.5987e-04
Loss = 1.6424e-02, PNorm = 49.7171, GNorm = 1.4224, lr_0 = 7.5701e-04
Loss = 1.3310e-02, PNorm = 49.7903, GNorm = 1.3292, lr_0 = 7.5416e-04
Loss = 1.4224e-02, PNorm = 49.8464, GNorm = 1.2188, lr_0 = 7.5131e-04
Validation rmse = 0.865246
Epoch 8
Loss = 1.8305e-02, PNorm = 49.9147, GNorm = 1.5010, lr_0 = 7.4848e-04
Loss = 1.4655e-02, PNorm = 49.9952, GNorm = 1.5743, lr_0 = 7.4566e-04
Loss = 1.4797e-02, PNorm = 50.0725, GNorm = 1.0600, lr_0 = 7.4285e-04
Loss = 1.4368e-02, PNorm = 50.1447, GNorm = 1.3350, lr_0 = 7.4005e-04
Loss = 1.4678e-02, PNorm = 50.2249, GNorm = 1.8895, lr_0 = 7.3726e-04
Loss = 1.6067e-02, PNorm = 50.3161, GNorm = 1.2462, lr_0 = 7.3448e-04
Loss = 1.2787e-02, PNorm = 50.3676, GNorm = 1.3930, lr_0 = 7.3171e-04
Loss = 1.4498e-02, PNorm = 50.4485, GNorm = 1.2699, lr_0 = 7.2895e-04
Loss = 1.5007e-02, PNorm = 50.5561, GNorm = 1.7485, lr_0 = 7.2620e-04
Loss = 1.1500e-02, PNorm = 50.6085, GNorm = 1.2033, lr_0 = 7.2346e-04
Loss = 1.6578e-02, PNorm = 50.6719, GNorm = 1.6179, lr_0 = 7.2073e-04
Loss = 1.4197e-02, PNorm = 50.7443, GNorm = 1.1956, lr_0 = 7.1802e-04
Loss = 1.3456e-02, PNorm = 50.7819, GNorm = 0.7679, lr_0 = 7.1531e-04
Validation rmse = 0.839713
Epoch 9
Loss = 1.6690e-02, PNorm = 50.8419, GNorm = 1.4843, lr_0 = 7.1261e-04
Loss = 1.5655e-02, PNorm = 50.9289, GNorm = 1.5582, lr_0 = 7.0993e-04
Loss = 1.0869e-02, PNorm = 50.9971, GNorm = 1.0547, lr_0 = 7.0725e-04
Loss = 1.4288e-02, PNorm = 51.0468, GNorm = 0.7751, lr_0 = 7.0458e-04
Loss = 1.1930e-02, PNorm = 51.1187, GNorm = 0.8757, lr_0 = 7.0193e-04
Loss = 1.4595e-02, PNorm = 51.1812, GNorm = 0.9467, lr_0 = 6.9928e-04
Loss = 1.5997e-02, PNorm = 51.2531, GNorm = 1.1026, lr_0 = 6.9665e-04
Loss = 1.3137e-02, PNorm = 51.3345, GNorm = 0.9566, lr_0 = 6.9402e-04
Loss = 1.2279e-02, PNorm = 51.4226, GNorm = 1.2065, lr_0 = 6.9140e-04
Loss = 1.3332e-02, PNorm = 51.4783, GNorm = 1.5233, lr_0 = 6.8880e-04
Loss = 1.6307e-02, PNorm = 51.5267, GNorm = 1.0049, lr_0 = 6.8620e-04
Loss = 1.2501e-02, PNorm = 51.6027, GNorm = 1.0313, lr_0 = 6.8361e-04
Loss = 1.4163e-02, PNorm = 51.6646, GNorm = 0.7714, lr_0 = 6.8103e-04
Validation rmse = 0.831986
Epoch 10
Loss = 1.4995e-02, PNorm = 51.7265, GNorm = 1.8744, lr_0 = 6.7847e-04
Loss = 1.3726e-02, PNorm = 51.7851, GNorm = 0.9863, lr_0 = 6.7591e-04
Loss = 1.2731e-02, PNorm = 51.8476, GNorm = 1.1269, lr_0 = 6.7336e-04
Loss = 1.3060e-02, PNorm = 51.9252, GNorm = 1.4508, lr_0 = 6.7082e-04
Loss = 1.4027e-02, PNorm = 52.0086, GNorm = 2.8388, lr_0 = 6.6829e-04
Loss = 1.2466e-02, PNorm = 52.0738, GNorm = 1.0006, lr_0 = 6.6577e-04
Loss = 1.3528e-02, PNorm = 52.1331, GNorm = 0.7999, lr_0 = 6.6326e-04
Loss = 1.3167e-02, PNorm = 52.1864, GNorm = 0.8137, lr_0 = 6.6076e-04
Loss = 1.3292e-02, PNorm = 52.2568, GNorm = 1.6788, lr_0 = 6.5827e-04
Loss = 1.3745e-02, PNorm = 52.3209, GNorm = 1.3085, lr_0 = 6.5579e-04
Loss = 1.3054e-02, PNorm = 52.3902, GNorm = 1.4702, lr_0 = 6.5332e-04
Loss = 1.4759e-02, PNorm = 52.4672, GNorm = 1.1881, lr_0 = 6.5086e-04
Validation rmse = 0.829570
Epoch 11
Loss = 1.2278e-02, PNorm = 52.5182, GNorm = 1.2059, lr_0 = 6.4840e-04
Loss = 1.3409e-02, PNorm = 52.5897, GNorm = 1.0061, lr_0 = 6.4596e-04
Loss = 1.4329e-02, PNorm = 52.6693, GNorm = 1.6699, lr_0 = 6.4352e-04
Loss = 1.2039e-02, PNorm = 52.7507, GNorm = 1.2196, lr_0 = 6.4110e-04
Loss = 1.3157e-02, PNorm = 52.8009, GNorm = 1.0519, lr_0 = 6.3868e-04
Loss = 1.4831e-02, PNorm = 52.8509, GNorm = 1.7365, lr_0 = 6.3627e-04
Loss = 1.1472e-02, PNorm = 52.8864, GNorm = 1.1718, lr_0 = 6.3387e-04
Loss = 1.3718e-02, PNorm = 52.9341, GNorm = 2.5200, lr_0 = 6.3148e-04
Loss = 1.4979e-02, PNorm = 52.9908, GNorm = 1.3359, lr_0 = 6.2910e-04
Loss = 1.3024e-02, PNorm = 53.0327, GNorm = 0.8413, lr_0 = 6.2673e-04
Loss = 1.4493e-02, PNorm = 53.0900, GNorm = 1.3684, lr_0 = 6.2437e-04
Loss = 1.1988e-02, PNorm = 53.1595, GNorm = 1.3438, lr_0 = 6.2201e-04
Loss = 1.1575e-02, PNorm = 53.2120, GNorm = 0.8740, lr_0 = 6.1967e-04
Validation rmse = 0.818422
Epoch 12
Loss = 1.2373e-02, PNorm = 53.2762, GNorm = 1.6877, lr_0 = 6.1733e-04
Loss = 1.2252e-02, PNorm = 53.3344, GNorm = 1.5381, lr_0 = 6.1500e-04
Loss = 1.0453e-02, PNorm = 53.3695, GNorm = 1.1865, lr_0 = 6.1269e-04
Loss = 1.4957e-02, PNorm = 53.4283, GNorm = 0.9664, lr_0 = 6.1038e-04
Loss = 1.1156e-02, PNorm = 53.4778, GNorm = 1.3338, lr_0 = 6.0807e-04
Loss = 1.4192e-02, PNorm = 53.5421, GNorm = 1.3587, lr_0 = 6.0578e-04
Loss = 1.3388e-02, PNorm = 53.5972, GNorm = 1.6872, lr_0 = 6.0350e-04
Loss = 1.2207e-02, PNorm = 53.6622, GNorm = 1.2781, lr_0 = 6.0122e-04
Loss = 1.3033e-02, PNorm = 53.7307, GNorm = 1.4149, lr_0 = 5.9896e-04
Loss = 1.3528e-02, PNorm = 53.7755, GNorm = 1.6771, lr_0 = 5.9670e-04
Loss = 1.3502e-02, PNorm = 53.8192, GNorm = 1.6081, lr_0 = 5.9445e-04
Loss = 1.3536e-02, PNorm = 53.8733, GNorm = 1.7647, lr_0 = 5.9221e-04
Loss = 1.4209e-02, PNorm = 53.9319, GNorm = 2.3831, lr_0 = 5.8997e-04
Validation rmse = 0.811869
Epoch 13
Loss = 1.1736e-02, PNorm = 53.9920, GNorm = 1.3822, lr_0 = 5.8775e-04
Loss = 1.3098e-02, PNorm = 54.0532, GNorm = 1.2553, lr_0 = 5.8553e-04
Loss = 1.3329e-02, PNorm = 54.1018, GNorm = 1.5280, lr_0 = 5.8333e-04
Loss = 1.0949e-02, PNorm = 54.1527, GNorm = 1.5550, lr_0 = 5.8113e-04
Loss = 1.1611e-02, PNorm = 54.2007, GNorm = 1.4069, lr_0 = 5.7894e-04
Loss = 1.3760e-02, PNorm = 54.2605, GNorm = 1.3648, lr_0 = 5.7675e-04
Loss = 1.3715e-02, PNorm = 54.3311, GNorm = 1.1715, lr_0 = 5.7458e-04
Loss = 1.3355e-02, PNorm = 54.3840, GNorm = 1.1248, lr_0 = 5.7241e-04
Loss = 1.2913e-02, PNorm = 54.4342, GNorm = 0.6635, lr_0 = 5.7026e-04
Loss = 1.2623e-02, PNorm = 54.4948, GNorm = 1.1755, lr_0 = 5.6811e-04
Loss = 1.2765e-02, PNorm = 54.5390, GNorm = 1.2056, lr_0 = 5.6596e-04
Loss = 1.0470e-02, PNorm = 54.5809, GNorm = 1.1179, lr_0 = 5.6383e-04
Validation rmse = 0.827502
Epoch 14
Loss = 9.6429e-03, PNorm = 54.6190, GNorm = 1.2020, lr_0 = 5.6170e-04
Loss = 1.2472e-02, PNorm = 54.6668, GNorm = 2.9228, lr_0 = 5.5959e-04
Loss = 1.4011e-02, PNorm = 54.7133, GNorm = 2.4195, lr_0 = 5.5748e-04
Loss = 1.2975e-02, PNorm = 54.7885, GNorm = 1.9136, lr_0 = 5.5538e-04
Loss = 1.1982e-02, PNorm = 54.8279, GNorm = 1.3530, lr_0 = 5.5328e-04
Loss = 1.2393e-02, PNorm = 54.8707, GNorm = 1.1233, lr_0 = 5.5120e-04
Loss = 1.1892e-02, PNorm = 54.9067, GNorm = 1.6182, lr_0 = 5.4912e-04
Loss = 1.2729e-02, PNorm = 54.9442, GNorm = 1.9669, lr_0 = 5.4705e-04
Loss = 1.3572e-02, PNorm = 54.9912, GNorm = 1.3256, lr_0 = 5.4498e-04
Loss = 1.2627e-02, PNorm = 55.0440, GNorm = 1.8760, lr_0 = 5.4293e-04
Loss = 1.1767e-02, PNorm = 55.0789, GNorm = 1.0522, lr_0 = 5.4088e-04
Loss = 1.4764e-02, PNorm = 55.1107, GNorm = 1.6081, lr_0 = 5.3884e-04
Loss = 1.0651e-02, PNorm = 55.1507, GNorm = 1.1349, lr_0 = 5.3681e-04
Validation rmse = 0.802194
Epoch 15
Loss = 1.3611e-02, PNorm = 55.2023, GNorm = 0.7514, lr_0 = 5.3479e-04
Loss = 1.1542e-02, PNorm = 55.2368, GNorm = 1.6567, lr_0 = 5.3277e-04
Loss = 1.3078e-02, PNorm = 55.2815, GNorm = 1.3344, lr_0 = 5.3076e-04
Loss = 1.3123e-02, PNorm = 55.3386, GNorm = 1.1967, lr_0 = 5.2876e-04
Loss = 1.2109e-02, PNorm = 55.3892, GNorm = 1.0700, lr_0 = 5.2677e-04
Loss = 1.0825e-02, PNorm = 55.4295, GNorm = 1.6033, lr_0 = 5.2478e-04
Loss = 1.2534e-02, PNorm = 55.4685, GNorm = 1.3567, lr_0 = 5.2281e-04
Loss = 1.0084e-02, PNorm = 55.5165, GNorm = 1.4297, lr_0 = 5.2083e-04
Loss = 1.2444e-02, PNorm = 55.5335, GNorm = 0.9734, lr_0 = 5.1887e-04
Loss = 1.1848e-02, PNorm = 55.5569, GNorm = 1.0003, lr_0 = 5.1691e-04
Loss = 1.2344e-02, PNorm = 55.5874, GNorm = 1.3467, lr_0 = 5.1497e-04
Loss = 1.2092e-02, PNorm = 55.6346, GNorm = 1.0408, lr_0 = 5.1302e-04
Loss = 1.3514e-02, PNorm = 55.6752, GNorm = 1.0227, lr_0 = 5.1109e-04
Validation rmse = 0.799559
Epoch 16
Loss = 1.1200e-02, PNorm = 55.7113, GNorm = 1.2726, lr_0 = 5.0916e-04
Loss = 1.1901e-02, PNorm = 55.7418, GNorm = 1.6751, lr_0 = 5.0724e-04
Loss = 1.1177e-02, PNorm = 55.7799, GNorm = 1.6955, lr_0 = 5.0533e-04
Loss = 1.1122e-02, PNorm = 55.8122, GNorm = 1.1818, lr_0 = 5.0343e-04
Loss = 1.0921e-02, PNorm = 55.8454, GNorm = 1.1627, lr_0 = 5.0153e-04
Loss = 1.2366e-02, PNorm = 55.8753, GNorm = 1.3836, lr_0 = 4.9964e-04
Loss = 1.2941e-02, PNorm = 55.9227, GNorm = 1.5256, lr_0 = 4.9775e-04
Loss = 1.2632e-02, PNorm = 55.9636, GNorm = 1.3895, lr_0 = 4.9588e-04
Loss = 1.1859e-02, PNorm = 55.9989, GNorm = 1.3893, lr_0 = 4.9401e-04
Loss = 1.1324e-02, PNorm = 56.0286, GNorm = 1.0807, lr_0 = 4.9215e-04
Loss = 1.3130e-02, PNorm = 56.0614, GNorm = 2.5134, lr_0 = 4.9029e-04
Loss = 1.1157e-02, PNorm = 56.1041, GNorm = 1.8435, lr_0 = 4.8844e-04
Validation rmse = 0.814820
Epoch 17
Loss = 6.8589e-03, PNorm = 56.1406, GNorm = 0.8289, lr_0 = 4.8660e-04
Loss = 1.0388e-02, PNorm = 56.1884, GNorm = 1.8387, lr_0 = 4.8477e-04
Loss = 1.1908e-02, PNorm = 56.2210, GNorm = 1.0367, lr_0 = 4.8294e-04
Loss = 1.0005e-02, PNorm = 56.2510, GNorm = 1.2355, lr_0 = 4.8112e-04
Loss = 8.8643e-03, PNorm = 56.2776, GNorm = 1.2030, lr_0 = 4.7930e-04
Loss = 1.1601e-02, PNorm = 56.3105, GNorm = 2.6598, lr_0 = 4.7750e-04
Loss = 1.2265e-02, PNorm = 56.3538, GNorm = 1.0091, lr_0 = 4.7570e-04
Loss = 1.1907e-02, PNorm = 56.3859, GNorm = 1.0309, lr_0 = 4.7390e-04
Loss = 1.2515e-02, PNorm = 56.4242, GNorm = 1.4128, lr_0 = 4.7212e-04
Loss = 1.0795e-02, PNorm = 56.4584, GNorm = 1.9149, lr_0 = 4.7034e-04
Loss = 1.1517e-02, PNorm = 56.4833, GNorm = 0.9967, lr_0 = 4.6856e-04
Loss = 1.4190e-02, PNorm = 56.5040, GNorm = 1.2142, lr_0 = 4.6680e-04
Loss = 1.3566e-02, PNorm = 56.5415, GNorm = 1.4379, lr_0 = 4.6504e-04
Validation rmse = 0.802462
Epoch 18
Loss = 8.7251e-03, PNorm = 56.5727, GNorm = 1.6212, lr_0 = 4.6328e-04
Loss = 1.1557e-02, PNorm = 56.6073, GNorm = 1.3158, lr_0 = 4.6154e-04
Loss = 1.1130e-02, PNorm = 56.6427, GNorm = 1.6713, lr_0 = 4.5980e-04
Loss = 9.3180e-03, PNorm = 56.6847, GNorm = 1.3010, lr_0 = 4.5806e-04
Loss = 1.1128e-02, PNorm = 56.7177, GNorm = 0.8672, lr_0 = 4.5634e-04
Loss = 1.3017e-02, PNorm = 56.7528, GNorm = 0.9312, lr_0 = 4.5462e-04
Loss = 1.1540e-02, PNorm = 56.7856, GNorm = 0.9283, lr_0 = 4.5290e-04
Loss = 1.2285e-02, PNorm = 56.8213, GNorm = 1.3439, lr_0 = 4.5119e-04
Loss = 1.0217e-02, PNorm = 56.8512, GNorm = 1.7059, lr_0 = 4.4949e-04
Loss = 1.1936e-02, PNorm = 56.8777, GNorm = 1.2096, lr_0 = 4.4780e-04
Loss = 1.1552e-02, PNorm = 56.9008, GNorm = 1.6621, lr_0 = 4.4611e-04
Loss = 1.2520e-02, PNorm = 56.9333, GNorm = 0.8875, lr_0 = 4.4443e-04
Loss = 1.2079e-02, PNorm = 56.9709, GNorm = 0.8201, lr_0 = 4.4275e-04
Validation rmse = 0.785818
Epoch 19
Loss = 9.3418e-03, PNorm = 56.9988, GNorm = 1.4958, lr_0 = 4.4108e-04
Loss = 1.1155e-02, PNorm = 57.0197, GNorm = 0.8106, lr_0 = 4.3942e-04
Loss = 1.1282e-02, PNorm = 57.0480, GNorm = 0.8013, lr_0 = 4.3776e-04
Loss = 1.0188e-02, PNorm = 57.0781, GNorm = 1.0136, lr_0 = 4.3611e-04
Loss = 9.6265e-03, PNorm = 57.1070, GNorm = 0.9361, lr_0 = 4.3447e-04
Loss = 1.0575e-02, PNorm = 57.1431, GNorm = 1.6356, lr_0 = 4.3283e-04
Loss = 1.1967e-02, PNorm = 57.1790, GNorm = 1.2854, lr_0 = 4.3120e-04
Loss = 1.2095e-02, PNorm = 57.2092, GNorm = 1.9777, lr_0 = 4.2957e-04
Loss = 1.4597e-02, PNorm = 57.2546, GNorm = 2.4369, lr_0 = 4.2795e-04
Loss = 1.3470e-02, PNorm = 57.3039, GNorm = 1.9691, lr_0 = 4.2634e-04
Loss = 1.0013e-02, PNorm = 57.3363, GNorm = 1.9612, lr_0 = 4.2473e-04
Loss = 1.1041e-02, PNorm = 57.3558, GNorm = 1.1998, lr_0 = 4.2313e-04
Loss = 1.2043e-02, PNorm = 57.3907, GNorm = 0.8530, lr_0 = 4.2154e-04
Validation rmse = 0.780409
Epoch 20
Loss = 1.0192e-02, PNorm = 57.4337, GNorm = 0.7633, lr_0 = 4.1995e-04
Loss = 1.0402e-02, PNorm = 57.4793, GNorm = 1.6874, lr_0 = 4.1836e-04
Loss = 1.1346e-02, PNorm = 57.5103, GNorm = 1.0429, lr_0 = 4.1679e-04
Loss = 1.0903e-02, PNorm = 57.5369, GNorm = 0.9625, lr_0 = 4.1522e-04
Loss = 1.2262e-02, PNorm = 57.5609, GNorm = 1.5658, lr_0 = 4.1365e-04
Loss = 1.1544e-02, PNorm = 57.5841, GNorm = 1.2887, lr_0 = 4.1209e-04
Loss = 1.3265e-02, PNorm = 57.6153, GNorm = 1.4562, lr_0 = 4.1054e-04
Loss = 1.1743e-02, PNorm = 57.6456, GNorm = 1.1965, lr_0 = 4.0899e-04
Loss = 1.1754e-02, PNorm = 57.6725, GNorm = 1.2455, lr_0 = 4.0745e-04
Loss = 8.5206e-03, PNorm = 57.6962, GNorm = 1.5292, lr_0 = 4.0591e-04
Loss = 1.2840e-02, PNorm = 57.7219, GNorm = 1.1075, lr_0 = 4.0438e-04
Loss = 9.3186e-03, PNorm = 57.7467, GNorm = 1.2013, lr_0 = 4.0286e-04
Validation rmse = 0.799668
Epoch 21
Loss = 1.1428e-02, PNorm = 57.7700, GNorm = 2.3251, lr_0 = 4.0134e-04
Loss = 9.9627e-03, PNorm = 57.8000, GNorm = 0.8436, lr_0 = 3.9983e-04
Loss = 1.0962e-02, PNorm = 57.8286, GNorm = 2.0404, lr_0 = 3.9832e-04
Loss = 9.5911e-03, PNorm = 57.8576, GNorm = 1.8548, lr_0 = 3.9682e-04
Loss = 1.0574e-02, PNorm = 57.8848, GNorm = 1.8349, lr_0 = 3.9532e-04
Loss = 1.0804e-02, PNorm = 57.9148, GNorm = 1.1424, lr_0 = 3.9383e-04
Loss = 9.7756e-03, PNorm = 57.9372, GNorm = 0.9571, lr_0 = 3.9234e-04
Loss = 1.2048e-02, PNorm = 57.9524, GNorm = 1.6862, lr_0 = 3.9087e-04
Loss = 1.1916e-02, PNorm = 57.9732, GNorm = 1.8116, lr_0 = 3.8939e-04
Loss = 1.2169e-02, PNorm = 58.0019, GNorm = 1.0821, lr_0 = 3.8792e-04
Loss = 1.0475e-02, PNorm = 58.0281, GNorm = 1.5482, lr_0 = 3.8646e-04
Loss = 1.2174e-02, PNorm = 58.0542, GNorm = 1.9547, lr_0 = 3.8500e-04
Loss = 1.0759e-02, PNorm = 58.0861, GNorm = 1.2953, lr_0 = 3.8355e-04
Validation rmse = 0.781952
Epoch 22
Loss = 1.2344e-02, PNorm = 58.1162, GNorm = 1.3970, lr_0 = 3.8211e-04
Loss = 9.6034e-03, PNorm = 58.1339, GNorm = 2.1049, lr_0 = 3.8067e-04
Loss = 1.1250e-02, PNorm = 58.1478, GNorm = 1.3767, lr_0 = 3.7923e-04
Loss = 9.8677e-03, PNorm = 58.1659, GNorm = 0.9577, lr_0 = 3.7780e-04
Loss = 8.7843e-03, PNorm = 58.1884, GNorm = 1.4522, lr_0 = 3.7638e-04
Loss = 1.2940e-02, PNorm = 58.2167, GNorm = 1.4058, lr_0 = 3.7496e-04
Loss = 9.0102e-03, PNorm = 58.2408, GNorm = 1.9956, lr_0 = 3.7354e-04
Loss = 1.0573e-02, PNorm = 58.2577, GNorm = 1.6156, lr_0 = 3.7214e-04
Loss = 1.1424e-02, PNorm = 58.2834, GNorm = 1.2430, lr_0 = 3.7073e-04
Loss = 9.4370e-03, PNorm = 58.3107, GNorm = 1.3517, lr_0 = 3.6934e-04
Loss = 1.0799e-02, PNorm = 58.3298, GNorm = 0.6472, lr_0 = 3.6794e-04
Loss = 1.1904e-02, PNorm = 58.3519, GNorm = 1.6564, lr_0 = 3.6656e-04
Loss = 1.2284e-02, PNorm = 58.3759, GNorm = 1.1667, lr_0 = 3.6517e-04
Validation rmse = 0.785126
Epoch 23
Loss = 1.0507e-02, PNorm = 58.4051, GNorm = 1.5603, lr_0 = 3.6380e-04
Loss = 1.0277e-02, PNorm = 58.4287, GNorm = 1.0185, lr_0 = 3.6243e-04
Loss = 1.1858e-02, PNorm = 58.4535, GNorm = 1.2642, lr_0 = 3.6106e-04
Loss = 1.1109e-02, PNorm = 58.4804, GNorm = 1.9601, lr_0 = 3.5970e-04
Loss = 9.7513e-03, PNorm = 58.4986, GNorm = 1.0301, lr_0 = 3.5834e-04
Loss = 1.0857e-02, PNorm = 58.5156, GNorm = 1.5494, lr_0 = 3.5699e-04
Loss = 9.9030e-03, PNorm = 58.5420, GNorm = 1.1196, lr_0 = 3.5565e-04
Loss = 9.9923e-03, PNorm = 58.5666, GNorm = 1.7058, lr_0 = 3.5430e-04
Loss = 1.0930e-02, PNorm = 58.5897, GNorm = 1.6262, lr_0 = 3.5297e-04
Loss = 9.8198e-03, PNorm = 58.6114, GNorm = 2.1982, lr_0 = 3.5164e-04
Loss = 1.0576e-02, PNorm = 58.6377, GNorm = 1.7743, lr_0 = 3.5031e-04
Loss = 1.0969e-02, PNorm = 58.6538, GNorm = 1.7976, lr_0 = 3.4899e-04
Validation rmse = 0.782824
Epoch 24
Loss = 8.3077e-03, PNorm = 58.6714, GNorm = 1.1917, lr_0 = 3.4768e-04
Loss = 1.1032e-02, PNorm = 58.6999, GNorm = 1.4274, lr_0 = 3.4637e-04
Loss = 1.2123e-02, PNorm = 58.7228, GNorm = 2.5674, lr_0 = 3.4506e-04
Loss = 1.2219e-02, PNorm = 58.7523, GNorm = 1.9124, lr_0 = 3.4376e-04
Loss = 9.9204e-03, PNorm = 58.7747, GNorm = 0.8560, lr_0 = 3.4246e-04
Loss = 9.7900e-03, PNorm = 58.7938, GNorm = 1.1262, lr_0 = 3.4117e-04
Loss = 8.6919e-03, PNorm = 58.8114, GNorm = 1.2129, lr_0 = 3.3989e-04
Loss = 1.0259e-02, PNorm = 58.8253, GNorm = 1.9101, lr_0 = 3.3860e-04
Loss = 9.4584e-03, PNorm = 58.8467, GNorm = 1.1916, lr_0 = 3.3733e-04
Loss = 1.0786e-02, PNorm = 58.8733, GNorm = 1.5095, lr_0 = 3.3606e-04
Loss = 1.1438e-02, PNorm = 58.8940, GNorm = 1.8708, lr_0 = 3.3479e-04
Loss = 1.1813e-02, PNorm = 58.9210, GNorm = 2.2169, lr_0 = 3.3353e-04
Loss = 9.1286e-03, PNorm = 58.9480, GNorm = 1.2561, lr_0 = 3.3227e-04
Validation rmse = 0.773486
Epoch 25
Loss = 8.9677e-03, PNorm = 58.9686, GNorm = 0.9269, lr_0 = 3.3102e-04
Loss = 8.7899e-03, PNorm = 58.9848, GNorm = 1.3907, lr_0 = 3.2977e-04
Loss = 1.1347e-02, PNorm = 59.0027, GNorm = 1.6070, lr_0 = 3.2852e-04
Loss = 1.1216e-02, PNorm = 59.0258, GNorm = 1.6987, lr_0 = 3.2729e-04
Loss = 9.5285e-03, PNorm = 59.0519, GNorm = 1.4795, lr_0 = 3.2605e-04
Loss = 1.0803e-02, PNorm = 59.0770, GNorm = 1.0329, lr_0 = 3.2482e-04
Loss = 1.0631e-02, PNorm = 59.0997, GNorm = 0.9512, lr_0 = 3.2360e-04
Loss = 9.9218e-03, PNorm = 59.1247, GNorm = 1.4804, lr_0 = 3.2238e-04
Loss = 9.3438e-03, PNorm = 59.1485, GNorm = 1.1140, lr_0 = 3.2116e-04
Loss = 1.1038e-02, PNorm = 59.1663, GNorm = 1.9719, lr_0 = 3.1995e-04
Loss = 1.0748e-02, PNorm = 59.1842, GNorm = 1.1629, lr_0 = 3.1875e-04
Loss = 1.0673e-02, PNorm = 59.2053, GNorm = 0.7195, lr_0 = 3.1754e-04
Loss = 1.1055e-02, PNorm = 59.2238, GNorm = 1.6624, lr_0 = 3.1635e-04
Validation rmse = 0.777557
Epoch 26
Loss = 1.1336e-02, PNorm = 59.2502, GNorm = 1.5440, lr_0 = 3.1515e-04
Loss = 1.0840e-02, PNorm = 59.2715, GNorm = 1.8481, lr_0 = 3.1397e-04
Loss = 8.4395e-03, PNorm = 59.2931, GNorm = 1.1865, lr_0 = 3.1278e-04
Loss = 9.3922e-03, PNorm = 59.3072, GNorm = 1.4645, lr_0 = 3.1160e-04
Loss = 9.8809e-03, PNorm = 59.3260, GNorm = 1.3647, lr_0 = 3.1043e-04
Loss = 1.0394e-02, PNorm = 59.3601, GNorm = 1.7843, lr_0 = 3.0926e-04
Loss = 1.1282e-02, PNorm = 59.3853, GNorm = 1.4239, lr_0 = 3.0809e-04
Loss = 1.0100e-02, PNorm = 59.4036, GNorm = 2.4032, lr_0 = 3.0693e-04
Loss = 1.1880e-02, PNorm = 59.4229, GNorm = 2.2237, lr_0 = 3.0577e-04
Loss = 9.9373e-03, PNorm = 59.4494, GNorm = 1.2623, lr_0 = 3.0462e-04
Loss = 1.0132e-02, PNorm = 59.4684, GNorm = 0.8772, lr_0 = 3.0347e-04
Loss = 9.5144e-03, PNorm = 59.4806, GNorm = 1.7004, lr_0 = 3.0233e-04
Validation rmse = 0.781140
Epoch 27
Loss = 8.8416e-03, PNorm = 59.4924, GNorm = 1.7081, lr_0 = 3.0119e-04
Loss = 9.8552e-03, PNorm = 59.5144, GNorm = 1.4573, lr_0 = 3.0005e-04
Loss = 9.4881e-03, PNorm = 59.5408, GNorm = 1.3918, lr_0 = 2.9892e-04
Loss = 1.2414e-02, PNorm = 59.5677, GNorm = 1.4669, lr_0 = 2.9779e-04
Loss = 8.9139e-03, PNorm = 59.5920, GNorm = 1.4078, lr_0 = 2.9667e-04
Loss = 9.9134e-03, PNorm = 59.6082, GNorm = 1.2094, lr_0 = 2.9555e-04
Loss = 1.0411e-02, PNorm = 59.6327, GNorm = 0.9485, lr_0 = 2.9444e-04
Loss = 1.1281e-02, PNorm = 59.6509, GNorm = 1.1311, lr_0 = 2.9333e-04
Loss = 1.1929e-02, PNorm = 59.6650, GNorm = 0.9145, lr_0 = 2.9222e-04
Loss = 9.1873e-03, PNorm = 59.6750, GNorm = 1.9643, lr_0 = 2.9112e-04
Loss = 1.0058e-02, PNorm = 59.6935, GNorm = 1.5966, lr_0 = 2.9002e-04
Loss = 1.0807e-02, PNorm = 59.7128, GNorm = 1.8354, lr_0 = 2.8893e-04
Loss = 9.7897e-03, PNorm = 59.7312, GNorm = 0.7095, lr_0 = 2.8784e-04
Validation rmse = 0.769093
Epoch 28
Loss = 9.3894e-03, PNorm = 59.7482, GNorm = 1.5346, lr_0 = 2.8676e-04
Loss = 1.1013e-02, PNorm = 59.7703, GNorm = 1.1814, lr_0 = 2.8568e-04
Loss = 9.1096e-03, PNorm = 59.7950, GNorm = 1.3572, lr_0 = 2.8460e-04
Loss = 8.1145e-03, PNorm = 59.8140, GNorm = 1.0781, lr_0 = 2.8353e-04
Loss = 1.0607e-02, PNorm = 59.8290, GNorm = 1.8189, lr_0 = 2.8246e-04
Loss = 9.3210e-03, PNorm = 59.8365, GNorm = 1.7227, lr_0 = 2.8139e-04
Loss = 1.0429e-02, PNorm = 59.8466, GNorm = 1.6826, lr_0 = 2.8033e-04
Loss = 9.7563e-03, PNorm = 59.8627, GNorm = 1.5329, lr_0 = 2.7927e-04
Loss = 9.0515e-03, PNorm = 59.8840, GNorm = 1.5241, lr_0 = 2.7822e-04
Loss = 1.2253e-02, PNorm = 59.9036, GNorm = 1.1593, lr_0 = 2.7717e-04
Loss = 9.1831e-03, PNorm = 59.9221, GNorm = 1.3290, lr_0 = 2.7613e-04
Loss = 1.1035e-02, PNorm = 59.9430, GNorm = 2.2211, lr_0 = 2.7509e-04
Loss = 1.0955e-02, PNorm = 59.9666, GNorm = 1.0338, lr_0 = 2.7405e-04
Validation rmse = 0.766082
Epoch 29
Loss = 1.1380e-02, PNorm = 59.9857, GNorm = 1.7456, lr_0 = 2.7302e-04
Loss = 9.4990e-03, PNorm = 59.9968, GNorm = 1.2607, lr_0 = 2.7199e-04
Loss = 9.1565e-03, PNorm = 60.0097, GNorm = 1.2849, lr_0 = 2.7096e-04
Loss = 1.0769e-02, PNorm = 60.0284, GNorm = 1.4772, lr_0 = 2.6994e-04
Loss = 9.6560e-03, PNorm = 60.0505, GNorm = 1.2652, lr_0 = 2.6892e-04
Loss = 9.0529e-03, PNorm = 60.0712, GNorm = 1.8780, lr_0 = 2.6791e-04
Loss = 9.3903e-03, PNorm = 60.0844, GNorm = 1.8933, lr_0 = 2.6690e-04
Loss = 9.1781e-03, PNorm = 60.0943, GNorm = 1.3882, lr_0 = 2.6589e-04
Loss = 1.1663e-02, PNorm = 60.1100, GNorm = 1.6029, lr_0 = 2.6489e-04
Loss = 9.0002e-03, PNorm = 60.1284, GNorm = 1.1844, lr_0 = 2.6389e-04
Loss = 1.0664e-02, PNorm = 60.1486, GNorm = 1.2558, lr_0 = 2.6290e-04
Loss = 8.8887e-03, PNorm = 60.1628, GNorm = 0.9575, lr_0 = 2.6190e-04
Loss = 1.1422e-02, PNorm = 60.1771, GNorm = 1.3841, lr_0 = 2.6092e-04
Validation rmse = 0.784824
Epoch 30
Loss = 1.0150e-02, PNorm = 60.1963, GNorm = 2.4139, lr_0 = 2.5993e-04
Loss = 9.6643e-03, PNorm = 60.2155, GNorm = 1.4177, lr_0 = 2.5895e-04
Loss = 1.1028e-02, PNorm = 60.2334, GNorm = 1.5072, lr_0 = 2.5798e-04
Loss = 9.9446e-03, PNorm = 60.2493, GNorm = 1.6487, lr_0 = 2.5700e-04
Loss = 9.7962e-03, PNorm = 60.2699, GNorm = 1.9805, lr_0 = 2.5604e-04
Loss = 8.6654e-03, PNorm = 60.2856, GNorm = 1.5553, lr_0 = 2.5507e-04
Loss = 1.0445e-02, PNorm = 60.3058, GNorm = 1.2044, lr_0 = 2.5411e-04
Loss = 1.1335e-02, PNorm = 60.3275, GNorm = 1.7926, lr_0 = 2.5315e-04
Loss = 1.0044e-02, PNorm = 60.3442, GNorm = 1.0764, lr_0 = 2.5220e-04
Loss = 8.6987e-03, PNorm = 60.3650, GNorm = 1.1088, lr_0 = 2.5125e-04
Loss = 8.7368e-03, PNorm = 60.3773, GNorm = 1.5491, lr_0 = 2.5030e-04
Loss = 9.3166e-03, PNorm = 60.3922, GNorm = 1.6453, lr_0 = 2.4935e-04
Validation rmse = 0.761717
Epoch 31
Loss = 1.0909e-02, PNorm = 60.4054, GNorm = 1.0117, lr_0 = 2.4841e-04
Loss = 8.0870e-03, PNorm = 60.4164, GNorm = 1.2311, lr_0 = 2.4748e-04
Loss = 9.2172e-03, PNorm = 60.4301, GNorm = 1.4464, lr_0 = 2.4655e-04
Loss = 1.0362e-02, PNorm = 60.4401, GNorm = 1.6912, lr_0 = 2.4562e-04
Loss = 1.0215e-02, PNorm = 60.4549, GNorm = 2.1303, lr_0 = 2.4469e-04
Loss = 9.7716e-03, PNorm = 60.4681, GNorm = 0.8657, lr_0 = 2.4377e-04
Loss = 8.8393e-03, PNorm = 60.4747, GNorm = 0.8190, lr_0 = 2.4285e-04
Loss = 1.0371e-02, PNorm = 60.4858, GNorm = 2.6251, lr_0 = 2.4193e-04
Loss = 1.1730e-02, PNorm = 60.5007, GNorm = 1.5228, lr_0 = 2.4102e-04
Loss = 1.0062e-02, PNorm = 60.5164, GNorm = 1.9271, lr_0 = 2.4011e-04
Loss = 9.0271e-03, PNorm = 60.5369, GNorm = 0.9967, lr_0 = 2.3921e-04
Loss = 8.8628e-03, PNorm = 60.5550, GNorm = 2.1764, lr_0 = 2.3830e-04
Loss = 8.6892e-03, PNorm = 60.5717, GNorm = 0.7093, lr_0 = 2.3741e-04
Validation rmse = 0.770627
Epoch 32
Loss = 8.7220e-03, PNorm = 60.5842, GNorm = 1.2420, lr_0 = 2.3651e-04
Loss = 9.2777e-03, PNorm = 60.5926, GNorm = 1.1731, lr_0 = 2.3562e-04
Loss = 1.0180e-02, PNorm = 60.6082, GNorm = 1.4501, lr_0 = 2.3473e-04
Loss = 9.0012e-03, PNorm = 60.6272, GNorm = 1.3161, lr_0 = 2.3385e-04
Loss = 8.7054e-03, PNorm = 60.6452, GNorm = 1.5131, lr_0 = 2.3296e-04
Loss = 1.0036e-02, PNorm = 60.6596, GNorm = 2.2123, lr_0 = 2.3209e-04
Loss = 7.6902e-03, PNorm = 60.6725, GNorm = 1.0868, lr_0 = 2.3121e-04
Loss = 1.0266e-02, PNorm = 60.6826, GNorm = 1.0641, lr_0 = 2.3034e-04
Loss = 1.0756e-02, PNorm = 60.6951, GNorm = 1.0396, lr_0 = 2.2947e-04
Loss = 1.0163e-02, PNorm = 60.7095, GNorm = 1.4608, lr_0 = 2.2861e-04
Loss = 9.1190e-03, PNorm = 60.7234, GNorm = 1.4303, lr_0 = 2.2774e-04
Loss = 8.3563e-03, PNorm = 60.7348, GNorm = 1.2078, lr_0 = 2.2689e-04
Loss = 9.3333e-03, PNorm = 60.7449, GNorm = 2.0711, lr_0 = 2.2603e-04
Validation rmse = 0.775391
Epoch 33
Loss = 8.7766e-03, PNorm = 60.7632, GNorm = 1.5008, lr_0 = 2.2518e-04
Loss = 8.3348e-03, PNorm = 60.7750, GNorm = 1.4416, lr_0 = 2.2433e-04
Loss = 9.5622e-03, PNorm = 60.7827, GNorm = 1.4778, lr_0 = 2.2348e-04
Loss = 9.3638e-03, PNorm = 60.7958, GNorm = 0.8763, lr_0 = 2.2264e-04
Loss = 8.4128e-03, PNorm = 60.8096, GNorm = 1.4146, lr_0 = 2.2180e-04
Loss = 1.0949e-02, PNorm = 60.8249, GNorm = 2.0881, lr_0 = 2.2097e-04
Loss = 1.0200e-02, PNorm = 60.8439, GNorm = 1.7326, lr_0 = 2.2013e-04
Loss = 9.8178e-03, PNorm = 60.8586, GNorm = 1.4927, lr_0 = 2.1930e-04
Loss = 9.5041e-03, PNorm = 60.8695, GNorm = 1.8251, lr_0 = 2.1848e-04
Loss = 8.6472e-03, PNorm = 60.8834, GNorm = 2.1167, lr_0 = 2.1765e-04
Loss = 9.8328e-03, PNorm = 60.8974, GNorm = 1.1364, lr_0 = 2.1683e-04
Loss = 9.6624e-03, PNorm = 60.9074, GNorm = 2.1093, lr_0 = 2.1601e-04
Validation rmse = 0.760876
Epoch 34
Loss = 9.3373e-03, PNorm = 60.9123, GNorm = 1.8701, lr_0 = 2.1520e-04
Loss = 8.8077e-03, PNorm = 60.9238, GNorm = 1.3770, lr_0 = 2.1439e-04
Loss = 9.7201e-03, PNorm = 60.9394, GNorm = 1.3196, lr_0 = 2.1358e-04
Loss = 1.0457e-02, PNorm = 60.9497, GNorm = 1.0977, lr_0 = 2.1277e-04
Loss = 9.5685e-03, PNorm = 60.9595, GNorm = 2.6065, lr_0 = 2.1197e-04
Loss = 9.9212e-03, PNorm = 60.9726, GNorm = 0.9700, lr_0 = 2.1117e-04
Loss = 7.9194e-03, PNorm = 60.9813, GNorm = 1.0898, lr_0 = 2.1038e-04
Loss = 7.7277e-03, PNorm = 60.9930, GNorm = 1.2644, lr_0 = 2.0958e-04
Loss = 9.7413e-03, PNorm = 61.0070, GNorm = 1.5565, lr_0 = 2.0879e-04
Loss = 9.9782e-03, PNorm = 61.0182, GNorm = 1.5549, lr_0 = 2.0801e-04
Loss = 9.7079e-03, PNorm = 61.0303, GNorm = 1.4449, lr_0 = 2.0722e-04
Loss = 8.8920e-03, PNorm = 61.0467, GNorm = 1.6135, lr_0 = 2.0644e-04
Loss = 9.8874e-03, PNorm = 61.0587, GNorm = 1.3519, lr_0 = 2.0566e-04
Validation rmse = 0.766697
Epoch 35
Loss = 1.0160e-02, PNorm = 61.0723, GNorm = 1.9842, lr_0 = 2.0489e-04
Loss = 1.0551e-02, PNorm = 61.0839, GNorm = 1.7324, lr_0 = 2.0412e-04
Loss = 9.2963e-03, PNorm = 61.0929, GNorm = 1.7225, lr_0 = 2.0335e-04
Loss = 1.0157e-02, PNorm = 61.1007, GNorm = 2.0434, lr_0 = 2.0258e-04
Loss = 8.2061e-03, PNorm = 61.1093, GNorm = 1.6693, lr_0 = 2.0182e-04
Loss = 1.1267e-02, PNorm = 61.1279, GNorm = 1.3416, lr_0 = 2.0105e-04
Loss = 8.9737e-03, PNorm = 61.1443, GNorm = 1.2782, lr_0 = 2.0030e-04
Loss = 6.9718e-03, PNorm = 61.1554, GNorm = 1.2499, lr_0 = 1.9954e-04
Loss = 1.0109e-02, PNorm = 61.1676, GNorm = 1.2060, lr_0 = 1.9879e-04
Loss = 9.2997e-03, PNorm = 61.1796, GNorm = 1.3070, lr_0 = 1.9804e-04
Loss = 8.6062e-03, PNorm = 61.1913, GNorm = 1.2929, lr_0 = 1.9729e-04
Loss = 9.1068e-03, PNorm = 61.2027, GNorm = 2.1986, lr_0 = 1.9655e-04
Loss = 8.2679e-03, PNorm = 61.2168, GNorm = 1.5233, lr_0 = 1.9581e-04
Validation rmse = 0.757470
Epoch 36
Loss = 7.6642e-03, PNorm = 61.2291, GNorm = 1.1766, lr_0 = 1.9507e-04
Loss = 8.8421e-03, PNorm = 61.2371, GNorm = 1.1926, lr_0 = 1.9433e-04
Loss = 8.5333e-03, PNorm = 61.2427, GNorm = 2.7006, lr_0 = 1.9360e-04
Loss = 8.5062e-03, PNorm = 61.2516, GNorm = 1.0480, lr_0 = 1.9287e-04
Loss = 9.4371e-03, PNorm = 61.2624, GNorm = 2.0223, lr_0 = 1.9214e-04
Loss = 1.1353e-02, PNorm = 61.2727, GNorm = 1.4637, lr_0 = 1.9142e-04
Loss = 7.8506e-03, PNorm = 61.2827, GNorm = 0.8919, lr_0 = 1.9070e-04
Loss = 9.3566e-03, PNorm = 61.2906, GNorm = 1.3173, lr_0 = 1.8998e-04
Loss = 9.6166e-03, PNorm = 61.2997, GNorm = 1.1210, lr_0 = 1.8926e-04
Loss = 9.1189e-03, PNorm = 61.3111, GNorm = 2.1881, lr_0 = 1.8855e-04
Loss = 9.8331e-03, PNorm = 61.3217, GNorm = 2.7473, lr_0 = 1.8784e-04
Loss = 1.0306e-02, PNorm = 61.3311, GNorm = 2.4434, lr_0 = 1.8713e-04
Validation rmse = 0.755883
Epoch 37
Loss = 6.5089e-03, PNorm = 61.3421, GNorm = 1.1541, lr_0 = 1.8643e-04
Loss = 8.6099e-03, PNorm = 61.3551, GNorm = 1.2471, lr_0 = 1.8572e-04
Loss = 9.9570e-03, PNorm = 61.3654, GNorm = 1.5794, lr_0 = 1.8502e-04
Loss = 7.9217e-03, PNorm = 61.3751, GNorm = 1.7074, lr_0 = 1.8432e-04
Loss = 7.8417e-03, PNorm = 61.3862, GNorm = 1.2942, lr_0 = 1.8363e-04
Loss = 7.3181e-03, PNorm = 61.3950, GNorm = 1.1161, lr_0 = 1.8294e-04
Loss = 9.4162e-03, PNorm = 61.4024, GNorm = 1.8233, lr_0 = 1.8225e-04
Loss = 1.1227e-02, PNorm = 61.4109, GNorm = 1.8366, lr_0 = 1.8156e-04
Loss = 9.5131e-03, PNorm = 61.4254, GNorm = 1.8677, lr_0 = 1.8088e-04
Loss = 8.3930e-03, PNorm = 61.4384, GNorm = 1.2759, lr_0 = 1.8019e-04
Loss = 8.5635e-03, PNorm = 61.4475, GNorm = 1.0548, lr_0 = 1.7952e-04
Loss = 8.5171e-03, PNorm = 61.4568, GNorm = 1.8337, lr_0 = 1.7884e-04
Loss = 9.7917e-03, PNorm = 61.4641, GNorm = 1.0482, lr_0 = 1.7816e-04
Validation rmse = 0.753196
Epoch 38
Loss = 9.8804e-03, PNorm = 61.4709, GNorm = 1.7787, lr_0 = 1.7749e-04
Loss = 9.4611e-03, PNorm = 61.4781, GNorm = 1.4965, lr_0 = 1.7682e-04
Loss = 1.0341e-02, PNorm = 61.4866, GNorm = 1.2357, lr_0 = 1.7616e-04
Loss = 7.4808e-03, PNorm = 61.4971, GNorm = 1.3126, lr_0 = 1.7549e-04
Loss = 1.0286e-02, PNorm = 61.5098, GNorm = 1.9757, lr_0 = 1.7483e-04
Loss = 7.4150e-03, PNorm = 61.5233, GNorm = 1.2452, lr_0 = 1.7417e-04
Loss = 7.4810e-03, PNorm = 61.5331, GNorm = 1.0401, lr_0 = 1.7352e-04
Loss = 1.1019e-02, PNorm = 61.5417, GNorm = 1.7278, lr_0 = 1.7286e-04
Loss = 8.2039e-03, PNorm = 61.5528, GNorm = 1.5144, lr_0 = 1.7221e-04
Loss = 8.5846e-03, PNorm = 61.5599, GNorm = 1.5991, lr_0 = 1.7156e-04
Loss = 7.9166e-03, PNorm = 61.5675, GNorm = 1.5724, lr_0 = 1.7091e-04
Loss = 9.3461e-03, PNorm = 61.5765, GNorm = 1.1848, lr_0 = 1.7027e-04
Loss = 1.0370e-02, PNorm = 61.5846, GNorm = 2.1270, lr_0 = 1.6963e-04
Validation rmse = 0.772590
Epoch 39
Loss = 7.4595e-03, PNorm = 61.5930, GNorm = 1.7120, lr_0 = 1.6899e-04
Loss = 9.0057e-03, PNorm = 61.6017, GNorm = 1.3695, lr_0 = 1.6835e-04
Loss = 8.3670e-03, PNorm = 61.6114, GNorm = 1.9044, lr_0 = 1.6772e-04
Loss = 7.5415e-03, PNorm = 61.6236, GNorm = 1.0501, lr_0 = 1.6708e-04
Loss = 9.1616e-03, PNorm = 61.6341, GNorm = 1.6138, lr_0 = 1.6645e-04
Loss = 8.7453e-03, PNorm = 61.6438, GNorm = 1.3512, lr_0 = 1.6583e-04
Loss = 8.7886e-03, PNorm = 61.6522, GNorm = 1.3671, lr_0 = 1.6520e-04
Loss = 9.1767e-03, PNorm = 61.6636, GNorm = 1.2451, lr_0 = 1.6458e-04
Loss = 8.6020e-03, PNorm = 61.6733, GNorm = 1.5457, lr_0 = 1.6396e-04
Loss = 9.4010e-03, PNorm = 61.6823, GNorm = 1.1969, lr_0 = 1.6334e-04
Loss = 9.8227e-03, PNorm = 61.6909, GNorm = 1.6501, lr_0 = 1.6272e-04
Loss = 9.9819e-03, PNorm = 61.6952, GNorm = 1.2848, lr_0 = 1.6211e-04
Loss = 8.5640e-03, PNorm = 61.6993, GNorm = 2.9772, lr_0 = 1.6150e-04
Validation rmse = 0.752950
Epoch 40
Loss = 9.7765e-03, PNorm = 61.7079, GNorm = 2.4075, lr_0 = 1.6089e-04
Loss = 9.2812e-03, PNorm = 61.7198, GNorm = 1.7852, lr_0 = 1.6028e-04
Loss = 8.8344e-03, PNorm = 61.7296, GNorm = 1.7563, lr_0 = 1.5968e-04
Loss = 8.6074e-03, PNorm = 61.7401, GNorm = 0.9611, lr_0 = 1.5908e-04
Loss = 7.9812e-03, PNorm = 61.7492, GNorm = 1.2337, lr_0 = 1.5848e-04
Loss = 8.2748e-03, PNorm = 61.7577, GNorm = 1.7846, lr_0 = 1.5788e-04
Loss = 7.6174e-03, PNorm = 61.7647, GNorm = 0.9226, lr_0 = 1.5728e-04
Loss = 1.0628e-02, PNorm = 61.7735, GNorm = 1.9757, lr_0 = 1.5669e-04
Loss = 7.5672e-03, PNorm = 61.7828, GNorm = 1.0233, lr_0 = 1.5610e-04
Loss = 9.0427e-03, PNorm = 61.7909, GNorm = 1.9850, lr_0 = 1.5551e-04
Loss = 8.5800e-03, PNorm = 61.7968, GNorm = 1.3867, lr_0 = 1.5493e-04
Loss = 9.6188e-03, PNorm = 61.8050, GNorm = 2.4393, lr_0 = 1.5434e-04
Validation rmse = 0.754862
Epoch 41
Loss = 9.7415e-03, PNorm = 61.8128, GNorm = 1.7907, lr_0 = 1.5376e-04
Loss = 8.3268e-03, PNorm = 61.8222, GNorm = 1.4767, lr_0 = 1.5318e-04
Loss = 8.4429e-03, PNorm = 61.8311, GNorm = 1.3317, lr_0 = 1.5260e-04
Loss = 9.2286e-03, PNorm = 61.8381, GNorm = 2.7314, lr_0 = 1.5203e-04
Loss = 8.9708e-03, PNorm = 61.8465, GNorm = 2.0282, lr_0 = 1.5145e-04
Loss = 8.3000e-03, PNorm = 61.8557, GNorm = 1.2412, lr_0 = 1.5088e-04
Loss = 8.3317e-03, PNorm = 61.8649, GNorm = 1.6310, lr_0 = 1.5031e-04
Loss = 8.9706e-03, PNorm = 61.8724, GNorm = 1.7058, lr_0 = 1.4975e-04
Loss = 7.7448e-03, PNorm = 61.8814, GNorm = 1.2060, lr_0 = 1.4918e-04
Loss = 9.2795e-03, PNorm = 61.8878, GNorm = 1.2068, lr_0 = 1.4862e-04
Loss = 1.0406e-02, PNorm = 61.8945, GNorm = 1.7693, lr_0 = 1.4806e-04
Loss = 8.4841e-03, PNorm = 61.9050, GNorm = 1.6622, lr_0 = 1.4750e-04
Loss = 7.5973e-03, PNorm = 61.9110, GNorm = 1.3950, lr_0 = 1.4695e-04
Validation rmse = 0.751914
Epoch 42
Loss = 8.7516e-03, PNorm = 61.9164, GNorm = 1.3163, lr_0 = 1.4639e-04
Loss = 9.4675e-03, PNorm = 61.9234, GNorm = 1.3876, lr_0 = 1.4584e-04
Loss = 1.0224e-02, PNorm = 61.9329, GNorm = 1.5758, lr_0 = 1.4529e-04
Loss = 9.6141e-03, PNorm = 61.9435, GNorm = 2.0654, lr_0 = 1.4474e-04
Loss = 8.1246e-03, PNorm = 61.9541, GNorm = 1.2858, lr_0 = 1.4420e-04
Loss = 8.0685e-03, PNorm = 61.9629, GNorm = 1.5844, lr_0 = 1.4365e-04
Loss = 8.4533e-03, PNorm = 61.9709, GNorm = 1.8802, lr_0 = 1.4311e-04
Loss = 7.4352e-03, PNorm = 61.9774, GNorm = 2.0123, lr_0 = 1.4257e-04
Loss = 8.0770e-03, PNorm = 61.9818, GNorm = 1.0652, lr_0 = 1.4203e-04
Loss = 7.4225e-03, PNorm = 61.9871, GNorm = 1.2813, lr_0 = 1.4150e-04
Loss = 9.1720e-03, PNorm = 61.9918, GNorm = 1.4996, lr_0 = 1.4097e-04
Loss = 8.3512e-03, PNorm = 62.0001, GNorm = 2.0049, lr_0 = 1.4043e-04
Loss = 9.3384e-03, PNorm = 62.0071, GNorm = 2.2396, lr_0 = 1.3991e-04
Validation rmse = 0.762708
Epoch 43
Loss = 8.1208e-03, PNorm = 62.0156, GNorm = 0.9678, lr_0 = 1.3938e-04
Loss = 8.6447e-03, PNorm = 62.0260, GNorm = 1.5432, lr_0 = 1.3885e-04
Loss = 9.8643e-03, PNorm = 62.0352, GNorm = 1.5054, lr_0 = 1.3833e-04
Loss = 9.4436e-03, PNorm = 62.0448, GNorm = 1.0017, lr_0 = 1.3781e-04
Loss = 7.4249e-03, PNorm = 62.0501, GNorm = 1.0175, lr_0 = 1.3729e-04
Loss = 8.4226e-03, PNorm = 62.0536, GNorm = 1.9499, lr_0 = 1.3677e-04
Loss = 8.2935e-03, PNorm = 62.0611, GNorm = 1.2826, lr_0 = 1.3625e-04
Loss = 7.9462e-03, PNorm = 62.0665, GNorm = 0.9394, lr_0 = 1.3574e-04
Loss = 8.3400e-03, PNorm = 62.0731, GNorm = 1.5242, lr_0 = 1.3523e-04
Loss = 8.1788e-03, PNorm = 62.0803, GNorm = 1.3845, lr_0 = 1.3472e-04
Loss = 7.1553e-03, PNorm = 62.0890, GNorm = 2.0076, lr_0 = 1.3421e-04
Loss = 1.0061e-02, PNorm = 62.0928, GNorm = 1.6230, lr_0 = 1.3371e-04
Validation rmse = 0.758212
Epoch 44
Loss = 8.0369e-03, PNorm = 62.0967, GNorm = 1.1907, lr_0 = 1.3320e-04
Loss = 9.5400e-03, PNorm = 62.1031, GNorm = 1.6035, lr_0 = 1.3270e-04
Loss = 7.9070e-03, PNorm = 62.1135, GNorm = 1.3657, lr_0 = 1.3220e-04
Loss = 9.5087e-03, PNorm = 62.1231, GNorm = 1.3840, lr_0 = 1.3170e-04
Loss = 8.4110e-03, PNorm = 62.1297, GNorm = 1.5167, lr_0 = 1.3120e-04
Loss = 7.1369e-03, PNorm = 62.1379, GNorm = 1.3070, lr_0 = 1.3071e-04
Loss = 8.0767e-03, PNorm = 62.1436, GNorm = 2.2728, lr_0 = 1.3022e-04
Loss = 1.0337e-02, PNorm = 62.1467, GNorm = 1.5893, lr_0 = 1.2973e-04
Loss = 8.3257e-03, PNorm = 62.1533, GNorm = 1.4326, lr_0 = 1.2924e-04
Loss = 8.4972e-03, PNorm = 62.1586, GNorm = 0.9667, lr_0 = 1.2875e-04
Loss = 7.5383e-03, PNorm = 62.1625, GNorm = 1.0898, lr_0 = 1.2826e-04
Loss = 9.7908e-03, PNorm = 62.1683, GNorm = 1.8994, lr_0 = 1.2778e-04
Loss = 7.2475e-03, PNorm = 62.1761, GNorm = 1.4326, lr_0 = 1.2730e-04
Validation rmse = 0.750844
Epoch 45
Loss = 7.6355e-03, PNorm = 62.1821, GNorm = 1.3714, lr_0 = 1.2682e-04
Loss = 7.5003e-03, PNorm = 62.1890, GNorm = 1.1102, lr_0 = 1.2634e-04
Loss = 8.0801e-03, PNorm = 62.1952, GNorm = 1.1628, lr_0 = 1.2586e-04
Loss = 8.8691e-03, PNorm = 62.2006, GNorm = 1.2040, lr_0 = 1.2539e-04
Loss = 7.7925e-03, PNorm = 62.2081, GNorm = 0.9081, lr_0 = 1.2492e-04
Loss = 8.1114e-03, PNorm = 62.2141, GNorm = 1.2396, lr_0 = 1.2445e-04
Loss = 9.3614e-03, PNorm = 62.2206, GNorm = 0.9452, lr_0 = 1.2398e-04
Loss = 7.4033e-03, PNorm = 62.2261, GNorm = 1.4301, lr_0 = 1.2351e-04
Loss = 7.9412e-03, PNorm = 62.2327, GNorm = 1.4810, lr_0 = 1.2304e-04
Loss = 1.0416e-02, PNorm = 62.2390, GNorm = 2.2894, lr_0 = 1.2258e-04
Loss = 9.4300e-03, PNorm = 62.2466, GNorm = 1.3490, lr_0 = 1.2212e-04
Loss = 8.8217e-03, PNorm = 62.2538, GNorm = 2.4102, lr_0 = 1.2166e-04
Loss = 7.8487e-03, PNorm = 62.2582, GNorm = 1.7089, lr_0 = 1.2120e-04
Validation rmse = 0.750014
Epoch 46
Loss = 7.9131e-03, PNorm = 62.2620, GNorm = 1.2295, lr_0 = 1.2074e-04
Loss = 9.0004e-03, PNorm = 62.2663, GNorm = 1.7852, lr_0 = 1.2029e-04
Loss = 8.5241e-03, PNorm = 62.2721, GNorm = 1.5472, lr_0 = 1.1983e-04
Loss = 9.6335e-03, PNorm = 62.2777, GNorm = 1.3266, lr_0 = 1.1938e-04
Loss = 8.5154e-03, PNorm = 62.2836, GNorm = 1.3836, lr_0 = 1.1893e-04
Loss = 8.0730e-03, PNorm = 62.2894, GNorm = 1.0295, lr_0 = 1.1848e-04
Loss = 8.4806e-03, PNorm = 62.2941, GNorm = 1.5658, lr_0 = 1.1804e-04
Loss = 6.9069e-03, PNorm = 62.3016, GNorm = 1.1918, lr_0 = 1.1759e-04
Loss = 8.1138e-03, PNorm = 62.3123, GNorm = 1.1963, lr_0 = 1.1715e-04
Loss = 8.5189e-03, PNorm = 62.3202, GNorm = 1.2045, lr_0 = 1.1671e-04
Loss = 7.6058e-03, PNorm = 62.3259, GNorm = 1.4360, lr_0 = 1.1627e-04
Loss = 8.7877e-03, PNorm = 62.3303, GNorm = 1.7077, lr_0 = 1.1583e-04
Validation rmse = 0.752880
Epoch 47
Loss = 1.1263e-02, PNorm = 62.3350, GNorm = 1.4688, lr_0 = 1.1539e-04
Loss = 9.8731e-03, PNorm = 62.3414, GNorm = 1.4797, lr_0 = 1.1496e-04
Loss = 8.8679e-03, PNorm = 62.3476, GNorm = 1.5555, lr_0 = 1.1452e-04
Loss = 9.7398e-03, PNorm = 62.3521, GNorm = 2.8239, lr_0 = 1.1409e-04
Loss = 7.9439e-03, PNorm = 62.3561, GNorm = 1.4286, lr_0 = 1.1366e-04
Loss = 6.2160e-03, PNorm = 62.3598, GNorm = 1.3927, lr_0 = 1.1323e-04
Loss = 7.0576e-03, PNorm = 62.3662, GNorm = 1.7310, lr_0 = 1.1281e-04
Loss = 8.5355e-03, PNorm = 62.3720, GNorm = 2.0511, lr_0 = 1.1238e-04
Loss = 8.4208e-03, PNorm = 62.3795, GNorm = 1.7926, lr_0 = 1.1196e-04
Loss = 9.5566e-03, PNorm = 62.3854, GNorm = 1.9526, lr_0 = 1.1153e-04
Loss = 8.4235e-03, PNorm = 62.3907, GNorm = 1.0496, lr_0 = 1.1111e-04
Loss = 8.1424e-03, PNorm = 62.3984, GNorm = 1.5140, lr_0 = 1.1069e-04
Loss = 8.4204e-03, PNorm = 62.4027, GNorm = 1.1537, lr_0 = 1.1028e-04
Validation rmse = 0.743201
Epoch 48
Loss = 8.5990e-03, PNorm = 62.4076, GNorm = 1.5464, lr_0 = 1.0986e-04
Loss = 9.2436e-03, PNorm = 62.4125, GNorm = 1.4789, lr_0 = 1.0945e-04
Loss = 7.8995e-03, PNorm = 62.4174, GNorm = 1.5859, lr_0 = 1.0903e-04
Loss = 8.0370e-03, PNorm = 62.4238, GNorm = 1.5782, lr_0 = 1.0862e-04
Loss = 9.8696e-03, PNorm = 62.4311, GNorm = 2.2695, lr_0 = 1.0821e-04
Loss = 8.7973e-03, PNorm = 62.4367, GNorm = 0.9520, lr_0 = 1.0781e-04
Loss = 7.6894e-03, PNorm = 62.4403, GNorm = 1.5349, lr_0 = 1.0740e-04
Loss = 7.4975e-03, PNorm = 62.4450, GNorm = 1.1273, lr_0 = 1.0700e-04
Loss = 8.4293e-03, PNorm = 62.4475, GNorm = 1.5130, lr_0 = 1.0659e-04
Loss = 7.0006e-03, PNorm = 62.4508, GNorm = 1.5085, lr_0 = 1.0619e-04
Loss = 8.6543e-03, PNorm = 62.4542, GNorm = 1.2330, lr_0 = 1.0579e-04
Loss = 6.5401e-03, PNorm = 62.4595, GNorm = 1.6464, lr_0 = 1.0539e-04
Loss = 8.6398e-03, PNorm = 62.4670, GNorm = 2.2954, lr_0 = 1.0499e-04
Validation rmse = 0.747705
Epoch 49
Loss = 7.6731e-03, PNorm = 62.4721, GNorm = 1.5444, lr_0 = 1.0460e-04
Loss = 6.9937e-03, PNorm = 62.4753, GNorm = 1.4837, lr_0 = 1.0420e-04
Loss = 8.9877e-03, PNorm = 62.4789, GNorm = 1.1922, lr_0 = 1.0381e-04
Loss = 7.2815e-03, PNorm = 62.4846, GNorm = 1.6009, lr_0 = 1.0342e-04
Loss = 8.7061e-03, PNorm = 62.4904, GNorm = 1.4160, lr_0 = 1.0303e-04
Loss = 8.6763e-03, PNorm = 62.4975, GNorm = 1.6067, lr_0 = 1.0264e-04
Loss = 7.3313e-03, PNorm = 62.5035, GNorm = 0.9591, lr_0 = 1.0225e-04
Loss = 9.5693e-03, PNorm = 62.5091, GNorm = 1.4108, lr_0 = 1.0187e-04
Loss = 8.0374e-03, PNorm = 62.5142, GNorm = 1.0669, lr_0 = 1.0148e-04
Loss = 8.3120e-03, PNorm = 62.5172, GNorm = 1.4483, lr_0 = 1.0110e-04
Loss = 7.1148e-03, PNorm = 62.5204, GNorm = 1.6783, lr_0 = 1.0072e-04
Loss = 9.3793e-03, PNorm = 62.5259, GNorm = 1.4529, lr_0 = 1.0034e-04
Loss = 8.1059e-03, PNorm = 62.5297, GNorm = 1.4404, lr_0 = 1.0000e-04
Validation rmse = 0.747839
Model 0 best validation rmse = 0.743201 on epoch 47
Loading pretrained parameter "encoder.encoder.cached_zero_vector".
Loading pretrained parameter "encoder.encoder.W_i.weight".
Loading pretrained parameter "encoder.encoder.W_h.weight".
Loading pretrained parameter "encoder.encoder.W_o.weight".
Loading pretrained parameter "encoder.encoder.W_o.bias".
Loading pretrained parameter "ffn.1.weight".
Loading pretrained parameter "ffn.1.bias".
Loading pretrained parameter "ffn.4.weight".
Loading pretrained parameter "ffn.4.bias".
Model 0 test rmse = 0.795822
Ensemble test rmse = 0.795822
1-fold cross validation
Seed 5 ==> test rmse = 0.795822
Overall test rmse = 0.795822 +/- 0.000000
