Fold 0
{'activation': 'ReLU',
 'atom_messages': False,
 'batch_size': 50,
 'bias': False,
 'checkpoint_dir': None,
 'checkpoint_path': None,
 'checkpoint_paths': None,
 'config_path': None,
 'crossval_index_dir': None,
 'crossval_index_file': None,
 'cuda': False,
 'data_path': 'Data/Multitask_data/All_datasets/Splits/All_random/train.csv',
 'dataset_type': 'regression',
 'depth': 3,
 'dropout': 0.0,
 'ensemble_size': 1,
 'epochs': 40,
 'features_generator': None,
 'features_only': False,
 'features_path': ['Data/Multitask_data/All_datasets/Splits/All_random/train_extra_x.csv'],
 'features_scaling': True,
 'ffn_hidden_size': 300,
 'ffn_num_layers': 3,
 'final_lr': 0.0001,
 'folds_file': None,
 'gpu': None,
 'hidden_size': 300,
 'init_lr': 0.0001,
 'log_frequency': 10,
 'max_data_size': None,
 'max_lr': 0.001,
 'metric': 'rmse',
 'minimize_score': True,
 'multiclass_num_classes': 3,
 'no_cache': False,
 'num_folds': 1,
 'num_lrs': 1,
 'quiet': False,
 'save_dir': 'Data/Multitask_data/All_datasets/Splits/All_random/trained_model/fold_0',
 'save_smiles_splits': False,
 'seed': 5,
 'separate_test_features_path': ['Data/Multitask_data/All_datasets/Splits/All_random/test_extra_x.csv'],
 'separate_test_path': 'Data/Multitask_data/All_datasets/Splits/All_random/test.csv',
 'separate_val_features_path': ['Data/Multitask_data/All_datasets/Splits/All_random/valid_extra_x.csv'],
 'separate_val_path': 'Data/Multitask_data/All_datasets/Splits/All_random/valid.csv',
 'show_individual_scores': False,
 'split_sizes': [0.675, 0.075, 0.25],
 'split_type': 'random',
 'test': False,
 'test_fold_index': None,
 'undirected': False,
 'use_compound_names': False,
 'use_input_features': True,
 'val_fold_index': None,
 'warmup_epochs': 2.0}
Loading data
Number of tasks = 1
Splitting data with seed 5
Total size = 6,472 | train size = 6,472 | val size = 1,349 | test size = 1,405
Fitting scaler
Building model 0
MoleculeModel(
  (encoder): MPN(
    (encoder): MPNEncoder(
      (dropout_layer): Dropout(p=0.0, inplace=False)
      (act_func): ReLU()
      (W_i): Linear(in_features=147, out_features=300, bias=False)
      (W_h): Linear(in_features=300, out_features=300, bias=False)
      (W_o): Linear(in_features=433, out_features=300, bias=True)
    )
  )
  (ffn): Sequential(
    (0): Dropout(p=0.0, inplace=False)
    (1): Linear(in_features=326, out_features=300, bias=True)
    (2): ReLU()
    (3): Dropout(p=0.0, inplace=False)
    (4): Linear(in_features=300, out_features=300, bias=True)
    (5): ReLU()
    (6): Dropout(p=0.0, inplace=False)
    (7): Linear(in_features=300, out_features=1, bias=True)
  )
)
Number of parameters = 453,001
Epoch 0
Loss = 1.8286e-02, PNorm = 38.2960, GNorm = 2.2934, lr_0 = 1.3837e-04
Loss = 9.9403e-03, PNorm = 38.3029, GNorm = 2.0591, lr_0 = 1.7326e-04
Loss = 7.1105e-03, PNorm = 38.3125, GNorm = 2.2044, lr_0 = 2.0814e-04
Loss = 7.1735e-03, PNorm = 38.3195, GNorm = 1.4881, lr_0 = 2.4302e-04
Loss = 5.9731e-03, PNorm = 38.3251, GNorm = 3.0697, lr_0 = 2.7791e-04
Loss = 6.7024e-03, PNorm = 38.3313, GNorm = 1.3948, lr_0 = 3.1279e-04
Loss = 5.8801e-03, PNorm = 38.3386, GNorm = 1.7492, lr_0 = 3.4767e-04
Loss = 4.9052e-03, PNorm = 38.3468, GNorm = 1.9015, lr_0 = 3.8256e-04
Loss = 5.5199e-03, PNorm = 38.3580, GNorm = 1.9005, lr_0 = 4.1744e-04
Loss = 4.8552e-03, PNorm = 38.3712, GNorm = 2.0959, lr_0 = 4.5233e-04
Loss = 5.4613e-03, PNorm = 38.3868, GNorm = 1.8859, lr_0 = 4.8721e-04
Loss = 6.1440e-03, PNorm = 38.4085, GNorm = 1.8608, lr_0 = 5.2209e-04
Validation rmse = 0.928349
Epoch 1
Loss = 5.5509e-03, PNorm = 38.4287, GNorm = 4.8461, lr_0 = 5.5698e-04
Loss = 5.4064e-03, PNorm = 38.4444, GNorm = 2.3419, lr_0 = 5.9186e-04
Loss = 4.6722e-03, PNorm = 38.4691, GNorm = 2.7838, lr_0 = 6.2674e-04
Loss = 6.8302e-03, PNorm = 38.4994, GNorm = 0.8688, lr_0 = 6.6163e-04
Loss = 4.3201e-03, PNorm = 38.5304, GNorm = 1.4161, lr_0 = 6.9651e-04
Loss = 4.9331e-03, PNorm = 38.5537, GNorm = 0.7963, lr_0 = 7.3140e-04
Loss = 4.9457e-03, PNorm = 38.5829, GNorm = 0.9078, lr_0 = 7.6628e-04
Loss = 4.7376e-03, PNorm = 38.6021, GNorm = 1.1289, lr_0 = 8.0116e-04
Loss = 5.2830e-03, PNorm = 38.6337, GNorm = 1.3658, lr_0 = 8.3605e-04
Loss = 4.8680e-03, PNorm = 38.6650, GNorm = 0.6688, lr_0 = 8.7093e-04
Loss = 4.5018e-03, PNorm = 38.7052, GNorm = 0.5067, lr_0 = 9.0581e-04
Loss = 5.1269e-03, PNorm = 38.7325, GNorm = 1.9023, lr_0 = 9.4070e-04
Loss = 5.3015e-03, PNorm = 38.7572, GNorm = 0.8882, lr_0 = 9.7558e-04
Validation rmse = 0.780074
Epoch 2
Loss = 5.7608e-03, PNorm = 38.7874, GNorm = 1.3796, lr_0 = 9.9859e-04
Loss = 3.8816e-03, PNorm = 38.8239, GNorm = 0.4171, lr_0 = 9.9391e-04
Loss = 4.7545e-03, PNorm = 38.8470, GNorm = 0.8424, lr_0 = 9.8925e-04
Loss = 4.1967e-03, PNorm = 38.8808, GNorm = 1.6934, lr_0 = 9.8462e-04
Loss = 3.9806e-03, PNorm = 38.9142, GNorm = 2.3534, lr_0 = 9.8000e-04
Loss = 3.3892e-03, PNorm = 38.9543, GNorm = 0.5194, lr_0 = 9.7541e-04
Loss = 3.7005e-03, PNorm = 38.9855, GNorm = 1.8841, lr_0 = 9.7084e-04
Loss = 4.5960e-03, PNorm = 39.0190, GNorm = 0.7897, lr_0 = 9.6629e-04
Loss = 5.5564e-03, PNorm = 39.0545, GNorm = 0.8758, lr_0 = 9.6176e-04
Loss = 6.3987e-03, PNorm = 39.0890, GNorm = 0.8897, lr_0 = 9.5726e-04
Loss = 5.2819e-03, PNorm = 39.1179, GNorm = 0.4360, lr_0 = 9.5277e-04
Loss = 4.5898e-03, PNorm = 39.1453, GNorm = 0.6014, lr_0 = 9.4831e-04
Loss = 4.1963e-03, PNorm = 39.1768, GNorm = 1.1864, lr_0 = 9.4386e-04
Validation rmse = 0.758493
Epoch 3
Loss = 7.9636e-03, PNorm = 39.2091, GNorm = 0.5354, lr_0 = 9.3944e-04
Loss = 4.7584e-03, PNorm = 39.2380, GNorm = 1.1191, lr_0 = 9.3504e-04
Loss = 4.5006e-03, PNorm = 39.2765, GNorm = 0.7822, lr_0 = 9.3065e-04
Loss = 3.0935e-03, PNorm = 39.3203, GNorm = 0.9839, lr_0 = 9.2629e-04
Loss = 4.0095e-03, PNorm = 39.3516, GNorm = 0.8366, lr_0 = 9.2195e-04
Loss = 4.9565e-03, PNorm = 39.3770, GNorm = 1.1466, lr_0 = 9.1763e-04
Loss = 4.3816e-03, PNorm = 39.4083, GNorm = 0.7141, lr_0 = 9.1333e-04
Loss = 3.9847e-03, PNorm = 39.4325, GNorm = 0.7491, lr_0 = 9.0905e-04
Loss = 3.6092e-03, PNorm = 39.4576, GNorm = 0.6596, lr_0 = 9.0479e-04
Loss = 5.3523e-03, PNorm = 39.4726, GNorm = 1.0082, lr_0 = 9.0055e-04
Loss = 4.4317e-03, PNorm = 39.4971, GNorm = 0.8000, lr_0 = 8.9633e-04
Loss = 3.1488e-03, PNorm = 39.5340, GNorm = 0.4463, lr_0 = 8.9213e-04
Loss = 3.5187e-03, PNorm = 39.5602, GNorm = 0.9525, lr_0 = 8.8795e-04
Validation rmse = 0.736241
Epoch 4
Loss = 3.0261e-03, PNorm = 39.5879, GNorm = 0.7028, lr_0 = 8.8379e-04
Loss = 3.5213e-03, PNorm = 39.6185, GNorm = 0.6117, lr_0 = 8.7965e-04
Loss = 3.4300e-03, PNorm = 39.6589, GNorm = 1.8907, lr_0 = 8.7552e-04
Loss = 3.5069e-03, PNorm = 39.6898, GNorm = 0.6198, lr_0 = 8.7142e-04
Loss = 4.9935e-03, PNorm = 39.7128, GNorm = 0.8238, lr_0 = 8.6734e-04
Loss = 5.5303e-03, PNorm = 39.7494, GNorm = 0.8518, lr_0 = 8.6327e-04
Loss = 3.6393e-03, PNorm = 39.7779, GNorm = 0.8299, lr_0 = 8.5923e-04
Loss = 3.4090e-03, PNorm = 39.8117, GNorm = 1.1665, lr_0 = 8.5520e-04
Loss = 5.0628e-03, PNorm = 39.8358, GNorm = 1.1137, lr_0 = 8.5119e-04
Loss = 3.7028e-03, PNorm = 39.8694, GNorm = 0.7777, lr_0 = 8.4721e-04
Loss = 3.6861e-03, PNorm = 39.8984, GNorm = 0.7813, lr_0 = 8.4323e-04
Loss = 3.1703e-03, PNorm = 39.9247, GNorm = 0.8084, lr_0 = 8.3928e-04
Loss = 4.1031e-03, PNorm = 39.9620, GNorm = 0.6874, lr_0 = 8.3535e-04
Validation rmse = 0.757618
Epoch 5
Loss = 4.0395e-03, PNorm = 40.0066, GNorm = 0.7008, lr_0 = 8.3144e-04
Loss = 3.4875e-03, PNorm = 40.0456, GNorm = 0.5617, lr_0 = 8.2754e-04
Loss = 3.0420e-03, PNorm = 40.0738, GNorm = 0.8771, lr_0 = 8.2366e-04
Loss = 3.7472e-03, PNorm = 40.1015, GNorm = 0.5697, lr_0 = 8.1980e-04
Loss = 3.9585e-03, PNorm = 40.1276, GNorm = 1.0297, lr_0 = 8.1596e-04
Loss = 3.5456e-03, PNorm = 40.1658, GNorm = 0.7538, lr_0 = 8.1214e-04
Loss = 3.5071e-03, PNorm = 40.2011, GNorm = 1.2112, lr_0 = 8.0833e-04
Loss = 3.7523e-03, PNorm = 40.2371, GNorm = 0.4662, lr_0 = 8.0454e-04
Loss = 5.0490e-03, PNorm = 40.2624, GNorm = 0.9958, lr_0 = 8.0077e-04
Loss = 3.8323e-03, PNorm = 40.2905, GNorm = 0.7947, lr_0 = 7.9702e-04
Loss = 5.7520e-03, PNorm = 40.3343, GNorm = 0.6673, lr_0 = 7.9328e-04
Loss = 3.6355e-03, PNorm = 40.3782, GNorm = 0.4724, lr_0 = 7.8957e-04
Loss = 3.1216e-03, PNorm = 40.4178, GNorm = 1.0035, lr_0 = 7.8587e-04
Validation rmse = 0.749999
Epoch 6
Loss = 4.3933e-03, PNorm = 40.4510, GNorm = 0.8569, lr_0 = 7.8218e-04
Loss = 3.4058e-03, PNorm = 40.5095, GNorm = 0.7194, lr_0 = 7.7852e-04
Loss = 3.2003e-03, PNorm = 40.5472, GNorm = 1.3827, lr_0 = 7.7487e-04
Loss = 4.0874e-03, PNorm = 40.5859, GNorm = 0.8484, lr_0 = 7.7124e-04
Loss = 4.3698e-03, PNorm = 40.6206, GNorm = 1.1703, lr_0 = 7.6762e-04
Loss = 3.4626e-03, PNorm = 40.6577, GNorm = 0.9350, lr_0 = 7.6403e-04
Loss = 3.5229e-03, PNorm = 40.6981, GNorm = 0.8601, lr_0 = 7.6045e-04
Loss = 2.8446e-03, PNorm = 40.7359, GNorm = 0.5980, lr_0 = 7.5688e-04
Loss = 4.0852e-03, PNorm = 40.7506, GNorm = 0.9470, lr_0 = 7.5334e-04
Loss = 3.7004e-03, PNorm = 40.7842, GNorm = 0.6744, lr_0 = 7.4981e-04
Loss = 4.6226e-03, PNorm = 40.8137, GNorm = 0.3880, lr_0 = 7.4629e-04
Loss = 3.4641e-03, PNorm = 40.8469, GNorm = 0.5812, lr_0 = 7.4280e-04
Loss = 3.8434e-03, PNorm = 40.8786, GNorm = 0.5810, lr_0 = 7.3931e-04
Validation rmse = 0.702127
Epoch 7
Loss = 4.3398e-03, PNorm = 40.9206, GNorm = 0.5118, lr_0 = 7.3585e-04
Loss = 3.9068e-03, PNorm = 40.9558, GNorm = 1.8254, lr_0 = 7.3240e-04
Loss = 3.2626e-03, PNorm = 40.9827, GNorm = 0.9159, lr_0 = 7.2897e-04
Loss = 3.8463e-03, PNorm = 41.0155, GNorm = 0.9162, lr_0 = 7.2555e-04
Loss = 4.2503e-03, PNorm = 41.0610, GNorm = 0.9040, lr_0 = 7.2215e-04
Loss = 3.5815e-03, PNorm = 41.0991, GNorm = 0.6196, lr_0 = 7.1877e-04
Loss = 2.8695e-03, PNorm = 41.1316, GNorm = 0.3199, lr_0 = 7.1540e-04
Loss = 3.2180e-03, PNorm = 41.1666, GNorm = 0.6065, lr_0 = 7.1205e-04
Loss = 4.0521e-03, PNorm = 41.1973, GNorm = 0.7048, lr_0 = 7.0871e-04
Loss = 4.5093e-03, PNorm = 41.2296, GNorm = 0.9439, lr_0 = 7.0539e-04
Loss = 3.4474e-03, PNorm = 41.2646, GNorm = 0.4993, lr_0 = 7.0208e-04
Loss = 3.2276e-03, PNorm = 41.2991, GNorm = 0.6072, lr_0 = 6.9879e-04
Loss = 2.6810e-03, PNorm = 41.3383, GNorm = 0.5619, lr_0 = 6.9552e-04
Validation rmse = 0.688759
Epoch 8
Loss = 6.2040e-03, PNorm = 41.3747, GNorm = 0.5452, lr_0 = 6.9226e-04
Loss = 3.1671e-03, PNorm = 41.4020, GNorm = 0.5111, lr_0 = 6.8902e-04
Loss = 2.9582e-03, PNorm = 41.4372, GNorm = 0.6295, lr_0 = 6.8579e-04
Loss = 2.9545e-03, PNorm = 41.4800, GNorm = 0.5318, lr_0 = 6.8257e-04
Loss = 3.7198e-03, PNorm = 41.5099, GNorm = 0.8797, lr_0 = 6.7937e-04
Loss = 2.9408e-03, PNorm = 41.5441, GNorm = 0.3755, lr_0 = 6.7619e-04
Loss = 3.0741e-03, PNorm = 41.5700, GNorm = 0.7200, lr_0 = 6.7302e-04
Loss = 3.3030e-03, PNorm = 41.5977, GNorm = 0.4182, lr_0 = 6.6987e-04
Loss = 3.2720e-03, PNorm = 41.6258, GNorm = 0.3295, lr_0 = 6.6673e-04
Loss = 3.5781e-03, PNorm = 41.6438, GNorm = 1.2949, lr_0 = 6.6360e-04
Loss = 4.1260e-03, PNorm = 41.6751, GNorm = 0.5976, lr_0 = 6.6049e-04
Loss = 3.1636e-03, PNorm = 41.6988, GNorm = 0.6695, lr_0 = 6.5740e-04
Loss = 3.8335e-03, PNorm = 41.7251, GNorm = 0.5968, lr_0 = 6.5432e-04
Validation rmse = 0.700253
Epoch 9
Loss = 5.8229e-03, PNorm = 41.7611, GNorm = 0.3068, lr_0 = 6.5125e-04
Loss = 3.1331e-03, PNorm = 41.7974, GNorm = 0.5819, lr_0 = 6.4820e-04
Loss = 3.2726e-03, PNorm = 41.8305, GNorm = 0.8642, lr_0 = 6.4516e-04
Loss = 3.4319e-03, PNorm = 41.8592, GNorm = 0.6727, lr_0 = 6.4214e-04
Loss = 2.6393e-03, PNorm = 41.8852, GNorm = 0.6118, lr_0 = 6.3913e-04
Loss = 2.9712e-03, PNorm = 41.9071, GNorm = 0.5457, lr_0 = 6.3614e-04
Loss = 3.0961e-03, PNorm = 41.9290, GNorm = 0.5042, lr_0 = 6.3315e-04
Loss = 3.7998e-03, PNorm = 41.9464, GNorm = 0.6185, lr_0 = 6.3019e-04
Loss = 3.6349e-03, PNorm = 41.9648, GNorm = 0.4975, lr_0 = 6.2723e-04
Loss = 3.9435e-03, PNorm = 41.9971, GNorm = 0.7943, lr_0 = 6.2429e-04
Loss = 3.2928e-03, PNorm = 42.0329, GNorm = 0.8109, lr_0 = 6.2137e-04
Loss = 2.9954e-03, PNorm = 42.0544, GNorm = 0.3004, lr_0 = 6.1846e-04
Loss = 3.3221e-03, PNorm = 42.0765, GNorm = 0.8976, lr_0 = 6.1556e-04
Validation rmse = 0.685555
Epoch 10
Loss = 4.0597e-03, PNorm = 42.0956, GNorm = 0.6341, lr_0 = 6.1267e-04
Loss = 3.1560e-03, PNorm = 42.1240, GNorm = 0.6119, lr_0 = 6.0980e-04
Loss = 2.6316e-03, PNorm = 42.1510, GNorm = 0.3685, lr_0 = 6.0695e-04
Loss = 4.3313e-03, PNorm = 42.1704, GNorm = 0.5642, lr_0 = 6.0410e-04
Loss = 3.9273e-03, PNorm = 42.1915, GNorm = 0.3605, lr_0 = 6.0127e-04
Loss = 3.7579e-03, PNorm = 42.2141, GNorm = 1.0914, lr_0 = 5.9845e-04
Loss = 2.7542e-03, PNorm = 42.2469, GNorm = 0.6331, lr_0 = 5.9565e-04
Loss = 3.3881e-03, PNorm = 42.2741, GNorm = 1.0303, lr_0 = 5.9286e-04
Loss = 2.9286e-03, PNorm = 42.3133, GNorm = 0.5751, lr_0 = 5.9008e-04
Loss = 2.7477e-03, PNorm = 42.3387, GNorm = 0.6109, lr_0 = 5.8731e-04
Loss = 3.5500e-03, PNorm = 42.3550, GNorm = 0.4176, lr_0 = 5.8456e-04
Loss = 2.8466e-03, PNorm = 42.3761, GNorm = 0.6568, lr_0 = 5.8182e-04
Validation rmse = 0.682032
Epoch 11
Loss = 3.4518e-03, PNorm = 42.3905, GNorm = 0.5755, lr_0 = 5.7910e-04
Loss = 2.6075e-03, PNorm = 42.4159, GNorm = 0.5474, lr_0 = 5.7638e-04
Loss = 2.5202e-03, PNorm = 42.4410, GNorm = 0.5218, lr_0 = 5.7368e-04
Loss = 3.0684e-03, PNorm = 42.4545, GNorm = 0.4324, lr_0 = 5.7099e-04
Loss = 2.3873e-03, PNorm = 42.4731, GNorm = 0.4139, lr_0 = 5.6832e-04
Loss = 4.2855e-03, PNorm = 42.4858, GNorm = 1.2989, lr_0 = 5.6565e-04
Loss = 3.0172e-03, PNorm = 42.5019, GNorm = 0.4096, lr_0 = 5.6300e-04
Loss = 2.9886e-03, PNorm = 42.5249, GNorm = 0.7774, lr_0 = 5.6036e-04
Loss = 2.5049e-03, PNorm = 42.5415, GNorm = 0.4072, lr_0 = 5.5774e-04
Loss = 3.0107e-03, PNorm = 42.5670, GNorm = 0.5059, lr_0 = 5.5512e-04
Loss = 3.0117e-03, PNorm = 42.5816, GNorm = 0.6835, lr_0 = 5.5252e-04
Loss = 3.5816e-03, PNorm = 42.5951, GNorm = 0.5166, lr_0 = 5.4993e-04
Loss = 4.4600e-03, PNorm = 42.6152, GNorm = 0.4327, lr_0 = 5.4736e-04
Validation rmse = 0.678022
Epoch 12
Loss = 1.7799e-03, PNorm = 42.6337, GNorm = 0.6056, lr_0 = 5.4479e-04
Loss = 3.5510e-03, PNorm = 42.6625, GNorm = 0.6479, lr_0 = 5.4224e-04
Loss = 2.7057e-03, PNorm = 42.6759, GNorm = 0.4567, lr_0 = 5.3970e-04
Loss = 2.7575e-03, PNorm = 42.6911, GNorm = 0.6277, lr_0 = 5.3717e-04
Loss = 2.9546e-03, PNorm = 42.7063, GNorm = 0.8002, lr_0 = 5.3465e-04
Loss = 3.5010e-03, PNorm = 42.7254, GNorm = 0.8755, lr_0 = 5.3215e-04
Loss = 2.9480e-03, PNorm = 42.7445, GNorm = 1.1955, lr_0 = 5.2965e-04
Loss = 4.0787e-03, PNorm = 42.7665, GNorm = 0.5615, lr_0 = 5.2717e-04
Loss = 3.3442e-03, PNorm = 42.7897, GNorm = 0.5338, lr_0 = 5.2470e-04
Loss = 2.8494e-03, PNorm = 42.8151, GNorm = 0.9139, lr_0 = 5.2224e-04
Loss = 3.4480e-03, PNorm = 42.8262, GNorm = 0.7862, lr_0 = 5.1979e-04
Loss = 3.3600e-03, PNorm = 42.8377, GNorm = 1.0766, lr_0 = 5.1736e-04
Loss = 3.4771e-03, PNorm = 42.8622, GNorm = 0.4274, lr_0 = 5.1493e-04
Validation rmse = 0.671906
Epoch 13
Loss = 4.0505e-03, PNorm = 42.8808, GNorm = 0.4774, lr_0 = 5.1252e-04
Loss = 2.1590e-03, PNorm = 42.8944, GNorm = 0.4525, lr_0 = 5.1012e-04
Loss = 3.0840e-03, PNorm = 42.9139, GNorm = 0.4616, lr_0 = 5.0773e-04
Loss = 3.2735e-03, PNorm = 42.9402, GNorm = 0.5119, lr_0 = 5.0535e-04
Loss = 2.9144e-03, PNorm = 42.9637, GNorm = 0.4568, lr_0 = 5.0298e-04
Loss = 4.2632e-03, PNorm = 42.9842, GNorm = 0.5073, lr_0 = 5.0062e-04
Loss = 4.0382e-03, PNorm = 43.0147, GNorm = 0.6483, lr_0 = 4.9828e-04
Loss = 2.6998e-03, PNorm = 43.0404, GNorm = 0.6278, lr_0 = 4.9594e-04
Loss = 3.4203e-03, PNorm = 43.0597, GNorm = 1.0487, lr_0 = 4.9362e-04
Loss = 2.5321e-03, PNorm = 43.0774, GNorm = 0.4254, lr_0 = 4.9130e-04
Loss = 2.7346e-03, PNorm = 43.0966, GNorm = 0.3060, lr_0 = 4.8900e-04
Loss = 3.4914e-03, PNorm = 43.1070, GNorm = 0.5595, lr_0 = 4.8671e-04
Loss = 3.0543e-03, PNorm = 43.1285, GNorm = 1.1522, lr_0 = 4.8443e-04
Validation rmse = 0.660523
Epoch 14
Loss = 2.2524e-03, PNorm = 43.1501, GNorm = 0.6363, lr_0 = 4.8216e-04
Loss = 2.6298e-03, PNorm = 43.1713, GNorm = 0.5606, lr_0 = 4.7990e-04
Loss = 2.7068e-03, PNorm = 43.1924, GNorm = 0.4438, lr_0 = 4.7765e-04
Loss = 4.1300e-03, PNorm = 43.1987, GNorm = 0.6603, lr_0 = 4.7541e-04
Loss = 3.4656e-03, PNorm = 43.2127, GNorm = 1.2644, lr_0 = 4.7318e-04
Loss = 2.7083e-03, PNorm = 43.2215, GNorm = 0.7862, lr_0 = 4.7097e-04
Loss = 2.8110e-03, PNorm = 43.2432, GNorm = 0.9695, lr_0 = 4.6876e-04
Loss = 3.0692e-03, PNorm = 43.2620, GNorm = 0.4671, lr_0 = 4.6656e-04
Loss = 2.7218e-03, PNorm = 43.2808, GNorm = 0.7255, lr_0 = 4.6438e-04
Loss = 4.0473e-03, PNorm = 43.2938, GNorm = 0.4832, lr_0 = 4.6220e-04
Loss = 3.2131e-03, PNorm = 43.3133, GNorm = 0.4449, lr_0 = 4.6003e-04
Loss = 3.2831e-03, PNorm = 43.3478, GNorm = 0.8854, lr_0 = 4.5788e-04
Loss = 2.7101e-03, PNorm = 43.3662, GNorm = 0.4826, lr_0 = 4.5573e-04
Validation rmse = 0.672486
Epoch 15
Loss = 2.4133e-03, PNorm = 43.3841, GNorm = 1.0355, lr_0 = 4.5360e-04
Loss = 3.3333e-03, PNorm = 43.3936, GNorm = 0.6547, lr_0 = 4.5147e-04
Loss = 2.4159e-03, PNorm = 43.4115, GNorm = 0.4395, lr_0 = 4.4936e-04
Loss = 4.3374e-03, PNorm = 43.4283, GNorm = 0.5715, lr_0 = 4.4725e-04
Loss = 2.1365e-03, PNorm = 43.4458, GNorm = 0.4644, lr_0 = 4.4515e-04
Loss = 2.3278e-03, PNorm = 43.4579, GNorm = 0.3788, lr_0 = 4.4307e-04
Loss = 2.9242e-03, PNorm = 43.4797, GNorm = 0.4333, lr_0 = 4.4099e-04
Loss = 2.8270e-03, PNorm = 43.4996, GNorm = 0.4931, lr_0 = 4.3893e-04
Loss = 2.8898e-03, PNorm = 43.5142, GNorm = 1.0009, lr_0 = 4.3687e-04
Loss = 3.0195e-03, PNorm = 43.5233, GNorm = 0.6999, lr_0 = 4.3482e-04
Loss = 3.1060e-03, PNorm = 43.5303, GNorm = 0.5154, lr_0 = 4.3278e-04
Loss = 2.4882e-03, PNorm = 43.5583, GNorm = 0.5819, lr_0 = 4.3076e-04
Loss = 3.8232e-03, PNorm = 43.5724, GNorm = 0.5645, lr_0 = 4.2874e-04
Validation rmse = 0.666725
Epoch 16
Loss = 2.4434e-03, PNorm = 43.5873, GNorm = 0.5922, lr_0 = 4.2673e-04
Loss = 2.8277e-03, PNorm = 43.6067, GNorm = 0.7982, lr_0 = 4.2473e-04
Loss = 2.5129e-03, PNorm = 43.6249, GNorm = 0.5955, lr_0 = 4.2274e-04
Loss = 3.5381e-03, PNorm = 43.6411, GNorm = 0.5234, lr_0 = 4.2076e-04
Loss = 2.4368e-03, PNorm = 43.6580, GNorm = 0.7353, lr_0 = 4.1878e-04
Loss = 3.5138e-03, PNorm = 43.6750, GNorm = 0.9386, lr_0 = 4.1682e-04
Loss = 4.0338e-03, PNorm = 43.6945, GNorm = 0.5185, lr_0 = 4.1487e-04
Loss = 3.3480e-03, PNorm = 43.7192, GNorm = 0.5712, lr_0 = 4.1292e-04
Loss = 3.5120e-03, PNorm = 43.7458, GNorm = 0.8641, lr_0 = 4.1099e-04
Loss = 2.9122e-03, PNorm = 43.7622, GNorm = 0.6426, lr_0 = 4.0906e-04
Loss = 2.5820e-03, PNorm = 43.7794, GNorm = 0.3726, lr_0 = 4.0715e-04
Loss = 2.3117e-03, PNorm = 43.7971, GNorm = 0.8009, lr_0 = 4.0524e-04
Loss = 2.7556e-03, PNorm = 43.8057, GNorm = 0.5524, lr_0 = 4.0334e-04
Validation rmse = 0.649554
Epoch 17
Loss = 4.4777e-03, PNorm = 43.8123, GNorm = 0.9336, lr_0 = 4.0145e-04
Loss = 2.0676e-03, PNorm = 43.8311, GNorm = 0.3899, lr_0 = 3.9957e-04
Loss = 2.6404e-03, PNorm = 43.8489, GNorm = 0.7540, lr_0 = 3.9770e-04
Loss = 3.1674e-03, PNorm = 43.8694, GNorm = 0.4643, lr_0 = 3.9583e-04
Loss = 4.2396e-03, PNorm = 43.8780, GNorm = 0.3957, lr_0 = 3.9398e-04
Loss = 3.4113e-03, PNorm = 43.8986, GNorm = 0.5251, lr_0 = 3.9213e-04
Loss = 2.7661e-03, PNorm = 43.9162, GNorm = 0.5413, lr_0 = 3.9029e-04
Loss = 3.0010e-03, PNorm = 43.9294, GNorm = 0.6200, lr_0 = 3.8846e-04
Loss = 2.6213e-03, PNorm = 43.9484, GNorm = 0.7546, lr_0 = 3.8664e-04
Loss = 2.3142e-03, PNorm = 43.9635, GNorm = 0.9587, lr_0 = 3.8483e-04
Loss = 3.0774e-03, PNorm = 43.9724, GNorm = 0.7023, lr_0 = 3.8303e-04
Loss = 2.2720e-03, PNorm = 43.9862, GNorm = 0.8645, lr_0 = 3.8123e-04
Loss = 2.7539e-03, PNorm = 43.9941, GNorm = 0.3595, lr_0 = 3.7945e-04
Validation rmse = 0.650892
Epoch 18
Loss = 2.9553e-03, PNorm = 44.0059, GNorm = 1.2647, lr_0 = 3.7767e-04
Loss = 3.4473e-03, PNorm = 44.0205, GNorm = 1.1676, lr_0 = 3.7590e-04
Loss = 2.7465e-03, PNorm = 44.0393, GNorm = 0.5069, lr_0 = 3.7414e-04
Loss = 3.0969e-03, PNorm = 44.0589, GNorm = 0.4536, lr_0 = 3.7238e-04
Loss = 2.1700e-03, PNorm = 44.0730, GNorm = 0.7314, lr_0 = 3.7064e-04
Loss = 2.5593e-03, PNorm = 44.0815, GNorm = 0.5019, lr_0 = 3.6890e-04
Loss = 3.1340e-03, PNorm = 44.0909, GNorm = 0.6648, lr_0 = 3.6717e-04
Loss = 2.2569e-03, PNorm = 44.1046, GNorm = 0.3538, lr_0 = 3.6545e-04
Loss = 2.0794e-03, PNorm = 44.1187, GNorm = 0.3125, lr_0 = 3.6374e-04
Loss = 2.2064e-03, PNorm = 44.1315, GNorm = 0.4483, lr_0 = 3.6204e-04
Loss = 3.9624e-03, PNorm = 44.1423, GNorm = 0.8064, lr_0 = 3.6034e-04
Loss = 2.8732e-03, PNorm = 44.1594, GNorm = 0.3657, lr_0 = 3.5865e-04
Loss = 3.0384e-03, PNorm = 44.1731, GNorm = 0.6503, lr_0 = 3.5697e-04
Validation rmse = 0.650374
Epoch 19
Loss = 3.7801e-03, PNorm = 44.1810, GNorm = 0.6837, lr_0 = 3.5530e-04
Loss = 2.6841e-03, PNorm = 44.1954, GNorm = 0.3925, lr_0 = 3.5363e-04
Loss = 2.1652e-03, PNorm = 44.2125, GNorm = 0.8352, lr_0 = 3.5197e-04
Loss = 3.3715e-03, PNorm = 44.2220, GNorm = 0.6524, lr_0 = 3.5033e-04
Loss = 2.3482e-03, PNorm = 44.2349, GNorm = 0.7705, lr_0 = 3.4868e-04
Loss = 2.5083e-03, PNorm = 44.2466, GNorm = 0.5501, lr_0 = 3.4705e-04
Loss = 2.2611e-03, PNorm = 44.2577, GNorm = 0.6643, lr_0 = 3.4542e-04
Loss = 3.1622e-03, PNorm = 44.2716, GNorm = 0.3694, lr_0 = 3.4380e-04
Loss = 2.7806e-03, PNorm = 44.2885, GNorm = 0.5757, lr_0 = 3.4219e-04
Loss = 3.1542e-03, PNorm = 44.3045, GNorm = 0.7099, lr_0 = 3.4059e-04
Loss = 2.5587e-03, PNorm = 44.3183, GNorm = 0.4638, lr_0 = 3.3899e-04
Loss = 2.6393e-03, PNorm = 44.3325, GNorm = 0.5157, lr_0 = 3.3741e-04
Loss = 2.7873e-03, PNorm = 44.3438, GNorm = 0.6632, lr_0 = 3.3582e-04
Validation rmse = 0.650011
Epoch 20
Loss = 3.6382e-03, PNorm = 44.3543, GNorm = 0.6109, lr_0 = 3.3425e-04
Loss = 2.3983e-03, PNorm = 44.3649, GNorm = 0.6156, lr_0 = 3.3268e-04
Loss = 2.6176e-03, PNorm = 44.3789, GNorm = 0.3339, lr_0 = 3.3112e-04
Loss = 3.6105e-03, PNorm = 44.3930, GNorm = 0.6261, lr_0 = 3.2957e-04
Loss = 2.4933e-03, PNorm = 44.4057, GNorm = 0.3334, lr_0 = 3.2803e-04
Loss = 2.1691e-03, PNorm = 44.4187, GNorm = 0.5884, lr_0 = 3.2649e-04
Loss = 2.6426e-03, PNorm = 44.4314, GNorm = 0.3945, lr_0 = 3.2496e-04
Loss = 3.1334e-03, PNorm = 44.4455, GNorm = 0.4550, lr_0 = 3.2344e-04
Loss = 2.6607e-03, PNorm = 44.4614, GNorm = 0.6590, lr_0 = 3.2192e-04
Loss = 2.7799e-03, PNorm = 44.4752, GNorm = 0.7100, lr_0 = 3.2041e-04
Loss = 2.4109e-03, PNorm = 44.4883, GNorm = 0.4585, lr_0 = 3.1891e-04
Loss = 2.0502e-03, PNorm = 44.5031, GNorm = 0.5927, lr_0 = 3.1742e-04
Validation rmse = 0.636113
Epoch 21
Loss = 1.8738e-03, PNorm = 44.5150, GNorm = 0.5288, lr_0 = 3.1593e-04
Loss = 3.1827e-03, PNorm = 44.5244, GNorm = 0.3707, lr_0 = 3.1445e-04
Loss = 2.5127e-03, PNorm = 44.5357, GNorm = 0.7184, lr_0 = 3.1298e-04
Loss = 3.8038e-03, PNorm = 44.5474, GNorm = 0.6996, lr_0 = 3.1151e-04
Loss = 2.1794e-03, PNorm = 44.5614, GNorm = 0.7115, lr_0 = 3.1005e-04
Loss = 2.8004e-03, PNorm = 44.5733, GNorm = 0.4610, lr_0 = 3.0860e-04
Loss = 3.7141e-03, PNorm = 44.5831, GNorm = 0.8585, lr_0 = 3.0715e-04
Loss = 2.4429e-03, PNorm = 44.5925, GNorm = 0.5605, lr_0 = 3.0571e-04
Loss = 2.4998e-03, PNorm = 44.6011, GNorm = 0.4894, lr_0 = 3.0428e-04
Loss = 2.0523e-03, PNorm = 44.6159, GNorm = 0.5327, lr_0 = 3.0285e-04
Loss = 2.1165e-03, PNorm = 44.6233, GNorm = 0.7268, lr_0 = 3.0143e-04
Loss = 2.4144e-03, PNorm = 44.6337, GNorm = 0.7968, lr_0 = 3.0002e-04
Loss = 2.6160e-03, PNorm = 44.6438, GNorm = 0.6912, lr_0 = 2.9862e-04
Validation rmse = 0.639119
Epoch 22
Loss = 2.3660e-03, PNorm = 44.6552, GNorm = 0.6631, lr_0 = 2.9722e-04
Loss = 2.4249e-03, PNorm = 44.6654, GNorm = 0.4150, lr_0 = 2.9582e-04
Loss = 2.5697e-03, PNorm = 44.6800, GNorm = 0.5660, lr_0 = 2.9444e-04
Loss = 4.0629e-03, PNorm = 44.6889, GNorm = 0.7939, lr_0 = 2.9306e-04
Loss = 2.8877e-03, PNorm = 44.7002, GNorm = 0.3994, lr_0 = 2.9168e-04
Loss = 2.3167e-03, PNorm = 44.7139, GNorm = 1.2028, lr_0 = 2.9032e-04
Loss = 2.2584e-03, PNorm = 44.7295, GNorm = 0.4758, lr_0 = 2.8896e-04
Loss = 1.9406e-03, PNorm = 44.7424, GNorm = 0.6570, lr_0 = 2.8760e-04
Loss = 2.5031e-03, PNorm = 44.7503, GNorm = 0.3829, lr_0 = 2.8625e-04
Loss = 2.2374e-03, PNorm = 44.7624, GNorm = 0.5638, lr_0 = 2.8491e-04
Loss = 2.5519e-03, PNorm = 44.7733, GNorm = 0.6445, lr_0 = 2.8358e-04
Loss = 2.5500e-03, PNorm = 44.7850, GNorm = 0.7061, lr_0 = 2.8225e-04
Loss = 3.1771e-03, PNorm = 44.7953, GNorm = 0.5192, lr_0 = 2.8093e-04
Validation rmse = 0.632635
Epoch 23
Loss = 2.0736e-03, PNorm = 44.8018, GNorm = 0.3273, lr_0 = 2.7961e-04
Loss = 1.9758e-03, PNorm = 44.8134, GNorm = 0.5311, lr_0 = 2.7830e-04
Loss = 2.0550e-03, PNorm = 44.8232, GNorm = 0.4594, lr_0 = 2.7700e-04
Loss = 2.6887e-03, PNorm = 44.8283, GNorm = 0.5808, lr_0 = 2.7570e-04
Loss = 3.4306e-03, PNorm = 44.8361, GNorm = 0.8324, lr_0 = 2.7441e-04
Loss = 2.1375e-03, PNorm = 44.8498, GNorm = 0.9671, lr_0 = 2.7312e-04
Loss = 2.2564e-03, PNorm = 44.8598, GNorm = 0.6671, lr_0 = 2.7184e-04
Loss = 3.0740e-03, PNorm = 44.8678, GNorm = 0.5509, lr_0 = 2.7057e-04
Loss = 2.6225e-03, PNorm = 44.8781, GNorm = 0.5029, lr_0 = 2.6930e-04
Loss = 2.0884e-03, PNorm = 44.8926, GNorm = 0.6283, lr_0 = 2.6804e-04
Loss = 3.9264e-03, PNorm = 44.8984, GNorm = 1.2565, lr_0 = 2.6678e-04
Loss = 2.2391e-03, PNorm = 44.9091, GNorm = 0.7256, lr_0 = 2.6553e-04
Loss = 2.2028e-03, PNorm = 44.9237, GNorm = 0.3246, lr_0 = 2.6429e-04
Validation rmse = 0.638781
Epoch 24
Loss = 3.9182e-03, PNorm = 44.9362, GNorm = 0.7553, lr_0 = 2.6305e-04
Loss = 2.8659e-03, PNorm = 44.9452, GNorm = 1.0739, lr_0 = 2.6181e-04
Loss = 2.3372e-03, PNorm = 44.9577, GNorm = 0.7659, lr_0 = 2.6059e-04
Loss = 2.1550e-03, PNorm = 44.9708, GNorm = 0.3935, lr_0 = 2.5937e-04
Loss = 2.2974e-03, PNorm = 44.9809, GNorm = 0.7695, lr_0 = 2.5815e-04
Loss = 3.5022e-03, PNorm = 44.9864, GNorm = 0.4834, lr_0 = 2.5694e-04
Loss = 2.4138e-03, PNorm = 44.9969, GNorm = 0.6559, lr_0 = 2.5574e-04
Loss = 2.3767e-03, PNorm = 45.0110, GNorm = 0.6300, lr_0 = 2.5454e-04
Loss = 2.1297e-03, PNorm = 45.0200, GNorm = 0.4026, lr_0 = 2.5335e-04
Loss = 2.3776e-03, PNorm = 45.0293, GNorm = 0.6364, lr_0 = 2.5216e-04
Loss = 1.6671e-03, PNorm = 45.0374, GNorm = 0.4633, lr_0 = 2.5098e-04
Loss = 3.6958e-03, PNorm = 45.0431, GNorm = 0.6230, lr_0 = 2.4980e-04
Loss = 2.2105e-03, PNorm = 45.0531, GNorm = 0.5027, lr_0 = 2.4863e-04
Validation rmse = 0.630617
Epoch 25
Loss = 2.3953e-03, PNorm = 45.0645, GNorm = 0.4408, lr_0 = 2.4746e-04
Loss = 2.3116e-03, PNorm = 45.0759, GNorm = 0.6491, lr_0 = 2.4630e-04
Loss = 1.8831e-03, PNorm = 45.0863, GNorm = 0.5204, lr_0 = 2.4515e-04
Loss = 2.7750e-03, PNorm = 45.0932, GNorm = 0.5366, lr_0 = 2.4400e-04
Loss = 2.2559e-03, PNorm = 45.0976, GNorm = 0.7906, lr_0 = 2.4286e-04
Loss = 2.3039e-03, PNorm = 45.1073, GNorm = 0.5510, lr_0 = 2.4172e-04
Loss = 1.8704e-03, PNorm = 45.1171, GNorm = 0.6689, lr_0 = 2.4059e-04
Loss = 2.1279e-03, PNorm = 45.1265, GNorm = 0.4804, lr_0 = 2.3946e-04
Loss = 4.0549e-03, PNorm = 45.1396, GNorm = 0.3796, lr_0 = 2.3834e-04
Loss = 2.1717e-03, PNorm = 45.1491, GNorm = 0.5857, lr_0 = 2.3722e-04
Loss = 2.3803e-03, PNorm = 45.1589, GNorm = 0.6398, lr_0 = 2.3611e-04
Loss = 2.4023e-03, PNorm = 45.1671, GNorm = 0.4089, lr_0 = 2.3500e-04
Loss = 2.4895e-03, PNorm = 45.1758, GNorm = 0.6363, lr_0 = 2.3390e-04
Validation rmse = 0.626428
Epoch 26
Loss = 2.7207e-03, PNorm = 45.1849, GNorm = 0.9495, lr_0 = 2.3281e-04
Loss = 2.0154e-03, PNorm = 45.1916, GNorm = 0.6525, lr_0 = 2.3171e-04
Loss = 2.2880e-03, PNorm = 45.2008, GNorm = 0.6723, lr_0 = 2.3063e-04
Loss = 3.5374e-03, PNorm = 45.2101, GNorm = 1.1650, lr_0 = 2.2955e-04
Loss = 3.4198e-03, PNorm = 45.2179, GNorm = 0.8005, lr_0 = 2.2847e-04
Loss = 2.2268e-03, PNorm = 45.2253, GNorm = 0.6748, lr_0 = 2.2740e-04
Loss = 2.1874e-03, PNorm = 45.2349, GNorm = 0.8569, lr_0 = 2.2634e-04
Loss = 2.6914e-03, PNorm = 45.2449, GNorm = 1.1197, lr_0 = 2.2528e-04
Loss = 2.2907e-03, PNorm = 45.2569, GNorm = 0.7037, lr_0 = 2.2422e-04
Loss = 2.2047e-03, PNorm = 45.2694, GNorm = 0.7384, lr_0 = 2.2317e-04
Loss = 2.3208e-03, PNorm = 45.2750, GNorm = 0.6151, lr_0 = 2.2212e-04
Loss = 2.0173e-03, PNorm = 45.2838, GNorm = 0.6013, lr_0 = 2.2108e-04
Loss = 2.1652e-03, PNorm = 45.2920, GNorm = 0.7043, lr_0 = 2.2005e-04
Validation rmse = 0.623872
Epoch 27
Loss = 1.9994e-03, PNorm = 45.2967, GNorm = 0.4908, lr_0 = 2.1901e-04
Loss = 1.9426e-03, PNorm = 45.3016, GNorm = 0.8342, lr_0 = 2.1799e-04
Loss = 2.3933e-03, PNorm = 45.3091, GNorm = 0.7406, lr_0 = 2.1697e-04
Loss = 2.3951e-03, PNorm = 45.3167, GNorm = 0.3228, lr_0 = 2.1595e-04
Loss = 2.7576e-03, PNorm = 45.3249, GNorm = 0.8437, lr_0 = 2.1494e-04
Loss = 2.0969e-03, PNorm = 45.3304, GNorm = 0.9035, lr_0 = 2.1393e-04
Loss = 2.5939e-03, PNorm = 45.3367, GNorm = 0.7727, lr_0 = 2.1293e-04
Loss = 2.6876e-03, PNorm = 45.3438, GNorm = 1.1603, lr_0 = 2.1193e-04
Loss = 2.3809e-03, PNorm = 45.3523, GNorm = 0.3708, lr_0 = 2.1094e-04
Loss = 2.3664e-03, PNorm = 45.3611, GNorm = 0.4624, lr_0 = 2.0995e-04
Loss = 2.7632e-03, PNorm = 45.3690, GNorm = 0.8329, lr_0 = 2.0896e-04
Loss = 2.5269e-03, PNorm = 45.3792, GNorm = 1.0289, lr_0 = 2.0799e-04
Loss = 2.1409e-03, PNorm = 45.3859, GNorm = 0.6081, lr_0 = 2.0701e-04
Validation rmse = 0.619836
Epoch 28
Loss = 2.5170e-03, PNorm = 45.3922, GNorm = 0.4733, lr_0 = 2.0604e-04
Loss = 2.1651e-03, PNorm = 45.4016, GNorm = 0.6177, lr_0 = 2.0508e-04
Loss = 1.8913e-03, PNorm = 45.4106, GNorm = 0.4810, lr_0 = 2.0411e-04
Loss = 1.9597e-03, PNorm = 45.4171, GNorm = 0.6528, lr_0 = 2.0316e-04
Loss = 3.9536e-03, PNorm = 45.4216, GNorm = 0.9316, lr_0 = 2.0221e-04
Loss = 2.0829e-03, PNorm = 45.4336, GNorm = 0.6022, lr_0 = 2.0126e-04
Loss = 2.9902e-03, PNorm = 45.4441, GNorm = 0.6069, lr_0 = 2.0032e-04
Loss = 2.3600e-03, PNorm = 45.4513, GNorm = 0.7840, lr_0 = 1.9938e-04
Loss = 2.3503e-03, PNorm = 45.4549, GNorm = 0.4217, lr_0 = 1.9844e-04
Loss = 2.6766e-03, PNorm = 45.4590, GNorm = 0.5729, lr_0 = 1.9751e-04
Loss = 2.0559e-03, PNorm = 45.4684, GNorm = 0.6923, lr_0 = 1.9659e-04
Loss = 1.9716e-03, PNorm = 45.4772, GNorm = 0.5904, lr_0 = 1.9567e-04
Loss = 2.0035e-03, PNorm = 45.4844, GNorm = 0.3914, lr_0 = 1.9475e-04
Validation rmse = 0.622567
Epoch 29
Loss = 1.9415e-03, PNorm = 45.4903, GNorm = 0.4033, lr_0 = 1.9384e-04
Loss = 2.3519e-03, PNorm = 45.4977, GNorm = 0.7088, lr_0 = 1.9293e-04
Loss = 2.4084e-03, PNorm = 45.5039, GNorm = 0.4370, lr_0 = 1.9202e-04
Loss = 2.6043e-03, PNorm = 45.5088, GNorm = 1.0831, lr_0 = 1.9112e-04
Loss = 2.1889e-03, PNorm = 45.5167, GNorm = 0.8079, lr_0 = 1.9023e-04
Loss = 2.2142e-03, PNorm = 45.5252, GNorm = 1.0320, lr_0 = 1.8934e-04
Loss = 2.2996e-03, PNorm = 45.5291, GNorm = 0.7067, lr_0 = 1.8845e-04
Loss = 1.9794e-03, PNorm = 45.5353, GNorm = 0.5198, lr_0 = 1.8757e-04
Loss = 2.5470e-03, PNorm = 45.5432, GNorm = 0.5583, lr_0 = 1.8669e-04
Loss = 2.6805e-03, PNorm = 45.5500, GNorm = 0.5871, lr_0 = 1.8581e-04
Loss = 3.2304e-03, PNorm = 45.5544, GNorm = 0.4239, lr_0 = 1.8494e-04
Loss = 2.1730e-03, PNorm = 45.5595, GNorm = 0.4167, lr_0 = 1.8407e-04
Loss = 1.6186e-03, PNorm = 45.5682, GNorm = 0.6205, lr_0 = 1.8321e-04
Validation rmse = 0.626696
Epoch 30
Loss = 2.4278e-03, PNorm = 45.5739, GNorm = 0.4227, lr_0 = 1.8235e-04
Loss = 1.5543e-03, PNorm = 45.5796, GNorm = 0.7154, lr_0 = 1.8150e-04
Loss = 2.4201e-03, PNorm = 45.5847, GNorm = 0.4125, lr_0 = 1.8065e-04
Loss = 2.3391e-03, PNorm = 45.5914, GNorm = 0.8606, lr_0 = 1.7980e-04
Loss = 3.1427e-03, PNorm = 45.5980, GNorm = 1.4447, lr_0 = 1.7896e-04
Loss = 1.9405e-03, PNorm = 45.6063, GNorm = 0.5507, lr_0 = 1.7812e-04
Loss = 2.3996e-03, PNorm = 45.6114, GNorm = 0.7185, lr_0 = 1.7729e-04
Loss = 2.5102e-03, PNorm = 45.6166, GNorm = 0.6895, lr_0 = 1.7646e-04
Loss = 2.3790e-03, PNorm = 45.6238, GNorm = 0.7558, lr_0 = 1.7563e-04
Loss = 2.0441e-03, PNorm = 45.6299, GNorm = 0.4068, lr_0 = 1.7481e-04
Loss = 2.2702e-03, PNorm = 45.6363, GNorm = 0.6169, lr_0 = 1.7399e-04
Loss = 1.5529e-03, PNorm = 45.6439, GNorm = 0.5700, lr_0 = 1.7317e-04
Validation rmse = 0.618997
Epoch 31
Loss = 2.8008e-03, PNorm = 45.6508, GNorm = 1.0725, lr_0 = 1.7236e-04
Loss = 2.1286e-03, PNorm = 45.6563, GNorm = 0.3711, lr_0 = 1.7155e-04
Loss = 2.9064e-03, PNorm = 45.6637, GNorm = 0.5645, lr_0 = 1.7075e-04
Loss = 1.9004e-03, PNorm = 45.6711, GNorm = 0.4165, lr_0 = 1.6995e-04
Loss = 2.2799e-03, PNorm = 45.6764, GNorm = 1.3571, lr_0 = 1.6915e-04
Loss = 2.5057e-03, PNorm = 45.6817, GNorm = 0.6107, lr_0 = 1.6836e-04
Loss = 2.1624e-03, PNorm = 45.6875, GNorm = 0.8391, lr_0 = 1.6757e-04
Loss = 1.9758e-03, PNorm = 45.6913, GNorm = 0.4521, lr_0 = 1.6678e-04
Loss = 2.5263e-03, PNorm = 45.6950, GNorm = 0.5194, lr_0 = 1.6600e-04
Loss = 1.7635e-03, PNorm = 45.6973, GNorm = 0.7144, lr_0 = 1.6522e-04
Loss = 2.1157e-03, PNorm = 45.7028, GNorm = 0.5470, lr_0 = 1.6445e-04
Loss = 2.8397e-03, PNorm = 45.7103, GNorm = 0.5575, lr_0 = 1.6368e-04
Loss = 1.8267e-03, PNorm = 45.7169, GNorm = 0.7417, lr_0 = 1.6291e-04
Validation rmse = 0.618092
Epoch 32
Loss = 2.0523e-03, PNorm = 45.7229, GNorm = 0.6789, lr_0 = 1.6215e-04
Loss = 1.5880e-03, PNorm = 45.7281, GNorm = 0.3946, lr_0 = 1.6139e-04
Loss = 2.3077e-03, PNorm = 45.7329, GNorm = 1.2201, lr_0 = 1.6063e-04
Loss = 2.2329e-03, PNorm = 45.7358, GNorm = 0.4423, lr_0 = 1.5988e-04
Loss = 1.8575e-03, PNorm = 45.7392, GNorm = 0.6983, lr_0 = 1.5913e-04
Loss = 2.0132e-03, PNorm = 45.7439, GNorm = 0.5775, lr_0 = 1.5839e-04
Loss = 2.3252e-03, PNorm = 45.7514, GNorm = 0.8498, lr_0 = 1.5764e-04
Loss = 2.4653e-03, PNorm = 45.7600, GNorm = 0.8641, lr_0 = 1.5690e-04
Loss = 1.8194e-03, PNorm = 45.7643, GNorm = 0.7868, lr_0 = 1.5617e-04
Loss = 1.6867e-03, PNorm = 45.7694, GNorm = 0.5700, lr_0 = 1.5544e-04
Loss = 3.2730e-03, PNorm = 45.7735, GNorm = 0.4573, lr_0 = 1.5471e-04
Loss = 2.4182e-03, PNorm = 45.7790, GNorm = 0.3384, lr_0 = 1.5398e-04
Loss = 2.2865e-03, PNorm = 45.7865, GNorm = 0.6175, lr_0 = 1.5326e-04
Validation rmse = 0.623530
Epoch 33
Loss = 1.8447e-03, PNorm = 45.7923, GNorm = 0.5508, lr_0 = 1.5254e-04
Loss = 2.3451e-03, PNorm = 45.7975, GNorm = 0.6258, lr_0 = 1.5183e-04
Loss = 2.1959e-03, PNorm = 45.8026, GNorm = 0.5879, lr_0 = 1.5112e-04
Loss = 1.7739e-03, PNorm = 45.8082, GNorm = 0.6298, lr_0 = 1.5041e-04
Loss = 2.9469e-03, PNorm = 45.8123, GNorm = 0.5239, lr_0 = 1.4970e-04
Loss = 2.4144e-03, PNorm = 45.8157, GNorm = 0.5565, lr_0 = 1.4900e-04
Loss = 1.8174e-03, PNorm = 45.8213, GNorm = 0.6306, lr_0 = 1.4830e-04
Loss = 2.0489e-03, PNorm = 45.8268, GNorm = 0.8727, lr_0 = 1.4761e-04
Loss = 2.0209e-03, PNorm = 45.8319, GNorm = 0.7493, lr_0 = 1.4692e-04
Loss = 1.8937e-03, PNorm = 45.8357, GNorm = 0.6381, lr_0 = 1.4623e-04
Loss = 1.9923e-03, PNorm = 45.8404, GNorm = 0.5386, lr_0 = 1.4554e-04
Loss = 1.8383e-03, PNorm = 45.8456, GNorm = 0.4944, lr_0 = 1.4486e-04
Loss = 2.7172e-03, PNorm = 45.8490, GNorm = 0.5082, lr_0 = 1.4418e-04
Validation rmse = 0.616861
Epoch 34
Loss = 1.7526e-03, PNorm = 45.8536, GNorm = 0.5438, lr_0 = 1.4351e-04
Loss = 1.5737e-03, PNorm = 45.8579, GNorm = 0.6169, lr_0 = 1.4284e-04
Loss = 2.1557e-03, PNorm = 45.8618, GNorm = 0.6738, lr_0 = 1.4217e-04
Loss = 2.0856e-03, PNorm = 45.8668, GNorm = 0.4503, lr_0 = 1.4150e-04
Loss = 1.8657e-03, PNorm = 45.8707, GNorm = 0.6305, lr_0 = 1.4084e-04
Loss = 1.9623e-03, PNorm = 45.8748, GNorm = 0.6518, lr_0 = 1.4018e-04
Loss = 2.9726e-03, PNorm = 45.8792, GNorm = 0.4736, lr_0 = 1.3952e-04
Loss = 1.7336e-03, PNorm = 45.8829, GNorm = 0.6611, lr_0 = 1.3887e-04
Loss = 2.8150e-03, PNorm = 45.8867, GNorm = 0.6941, lr_0 = 1.3821e-04
Loss = 1.7728e-03, PNorm = 45.8903, GNorm = 0.6085, lr_0 = 1.3757e-04
Loss = 2.0451e-03, PNorm = 45.8956, GNorm = 0.7950, lr_0 = 1.3692e-04
Loss = 2.1364e-03, PNorm = 45.9002, GNorm = 0.4360, lr_0 = 1.3628e-04
Loss = 2.6918e-03, PNorm = 45.9070, GNorm = 0.2804, lr_0 = 1.3564e-04
Validation rmse = 0.628167
Epoch 35
Loss = 1.5156e-03, PNorm = 45.9121, GNorm = 0.5695, lr_0 = 1.3501e-04
Loss = 1.7351e-03, PNorm = 45.9182, GNorm = 0.6265, lr_0 = 1.3437e-04
Loss = 1.5649e-03, PNorm = 45.9225, GNorm = 0.5684, lr_0 = 1.3374e-04
Loss = 2.1473e-03, PNorm = 45.9262, GNorm = 1.3438, lr_0 = 1.3312e-04
Loss = 3.0661e-03, PNorm = 45.9308, GNorm = 0.7397, lr_0 = 1.3249e-04
Loss = 2.1602e-03, PNorm = 45.9361, GNorm = 0.6573, lr_0 = 1.3187e-04
Loss = 1.9423e-03, PNorm = 45.9400, GNorm = 0.5250, lr_0 = 1.3125e-04
Loss = 3.0742e-03, PNorm = 45.9438, GNorm = 0.5371, lr_0 = 1.3064e-04
Loss = 1.8774e-03, PNorm = 45.9473, GNorm = 0.5447, lr_0 = 1.3003e-04
Loss = 2.0702e-03, PNorm = 45.9506, GNorm = 0.7834, lr_0 = 1.2942e-04
Loss = 2.1907e-03, PNorm = 45.9556, GNorm = 0.6617, lr_0 = 1.2881e-04
Loss = 1.9149e-03, PNorm = 45.9588, GNorm = 0.9407, lr_0 = 1.2821e-04
Loss = 1.9289e-03, PNorm = 45.9639, GNorm = 0.4973, lr_0 = 1.2761e-04
Validation rmse = 0.619354
Epoch 36
Loss = 1.8032e-03, PNorm = 45.9683, GNorm = 0.5707, lr_0 = 1.2701e-04
Loss = 3.9548e-03, PNorm = 45.9728, GNorm = 0.9668, lr_0 = 1.2641e-04
Loss = 1.9288e-03, PNorm = 45.9785, GNorm = 0.6602, lr_0 = 1.2582e-04
Loss = 2.7163e-03, PNorm = 45.9835, GNorm = 0.6341, lr_0 = 1.2523e-04
Loss = 2.2357e-03, PNorm = 45.9888, GNorm = 0.6259, lr_0 = 1.2465e-04
Loss = 1.9302e-03, PNorm = 45.9948, GNorm = 0.4937, lr_0 = 1.2406e-04
Loss = 1.7854e-03, PNorm = 45.9990, GNorm = 0.7081, lr_0 = 1.2348e-04
Loss = 1.7081e-03, PNorm = 46.0013, GNorm = 0.7101, lr_0 = 1.2290e-04
Loss = 1.5621e-03, PNorm = 46.0054, GNorm = 0.9423, lr_0 = 1.2233e-04
Loss = 2.3719e-03, PNorm = 46.0076, GNorm = 0.7118, lr_0 = 1.2175e-04
Loss = 1.6951e-03, PNorm = 46.0101, GNorm = 0.6552, lr_0 = 1.2118e-04
Loss = 1.4865e-03, PNorm = 46.0130, GNorm = 0.3372, lr_0 = 1.2061e-04
Loss = 1.6262e-03, PNorm = 46.0149, GNorm = 0.4428, lr_0 = 1.2005e-04
Validation rmse = 0.608727
Epoch 37
Loss = 1.5950e-03, PNorm = 46.0173, GNorm = 0.7500, lr_0 = 1.1949e-04
Loss = 1.8847e-03, PNorm = 46.0219, GNorm = 0.5979, lr_0 = 1.1893e-04
Loss = 1.6729e-03, PNorm = 46.0259, GNorm = 0.3497, lr_0 = 1.1837e-04
Loss = 2.1295e-03, PNorm = 46.0298, GNorm = 1.1793, lr_0 = 1.1781e-04
Loss = 1.7561e-03, PNorm = 46.0334, GNorm = 0.8882, lr_0 = 1.1726e-04
Loss = 2.7394e-03, PNorm = 46.0373, GNorm = 0.7187, lr_0 = 1.1671e-04
Loss = 1.7268e-03, PNorm = 46.0415, GNorm = 0.4291, lr_0 = 1.1617e-04
Loss = 1.8778e-03, PNorm = 46.0447, GNorm = 0.9213, lr_0 = 1.1562e-04
Loss = 2.0747e-03, PNorm = 46.0489, GNorm = 0.8185, lr_0 = 1.1508e-04
Loss = 1.9456e-03, PNorm = 46.0521, GNorm = 0.4575, lr_0 = 1.1454e-04
Loss = 2.6511e-03, PNorm = 46.0549, GNorm = 0.9806, lr_0 = 1.1400e-04
Loss = 2.0832e-03, PNorm = 46.0585, GNorm = 0.9383, lr_0 = 1.1347e-04
Loss = 2.6288e-03, PNorm = 46.0635, GNorm = 0.5629, lr_0 = 1.1294e-04
Validation rmse = 0.615952
Epoch 38
Loss = 2.2458e-03, PNorm = 46.0680, GNorm = 0.7997, lr_0 = 1.1241e-04
Loss = 2.0854e-03, PNorm = 46.0724, GNorm = 0.6858, lr_0 = 1.1188e-04
Loss = 1.6909e-03, PNorm = 46.0759, GNorm = 0.7428, lr_0 = 1.1136e-04
Loss = 2.9450e-03, PNorm = 46.0796, GNorm = 0.7245, lr_0 = 1.1083e-04
Loss = 2.2988e-03, PNorm = 46.0829, GNorm = 1.0044, lr_0 = 1.1032e-04
Loss = 1.8017e-03, PNorm = 46.0860, GNorm = 0.8478, lr_0 = 1.0980e-04
Loss = 1.4029e-03, PNorm = 46.0898, GNorm = 1.1705, lr_0 = 1.0928e-04
Loss = 1.7678e-03, PNorm = 46.0935, GNorm = 0.9590, lr_0 = 1.0877e-04
Loss = 1.7850e-03, PNorm = 46.0971, GNorm = 0.6683, lr_0 = 1.0826e-04
Loss = 1.5325e-03, PNorm = 46.0995, GNorm = 0.9192, lr_0 = 1.0775e-04
Loss = 2.2467e-03, PNorm = 46.1025, GNorm = 0.7044, lr_0 = 1.0725e-04
Loss = 2.2816e-03, PNorm = 46.1069, GNorm = 0.8160, lr_0 = 1.0675e-04
Loss = 1.7454e-03, PNorm = 46.1116, GNorm = 0.6506, lr_0 = 1.0625e-04
Validation rmse = 0.607274
Epoch 39
Loss = 1.5362e-03, PNorm = 46.1160, GNorm = 0.8321, lr_0 = 1.0575e-04
Loss = 1.3120e-03, PNorm = 46.1193, GNorm = 0.5502, lr_0 = 1.0525e-04
Loss = 1.8858e-03, PNorm = 46.1217, GNorm = 1.1306, lr_0 = 1.0476e-04
Loss = 2.4831e-03, PNorm = 46.1245, GNorm = 0.4456, lr_0 = 1.0427e-04
Loss = 2.3575e-03, PNorm = 46.1285, GNorm = 0.5062, lr_0 = 1.0378e-04
Loss = 1.9903e-03, PNorm = 46.1323, GNorm = 0.6432, lr_0 = 1.0329e-04
Loss = 1.6845e-03, PNorm = 46.1350, GNorm = 0.5587, lr_0 = 1.0281e-04
Loss = 2.8958e-03, PNorm = 46.1392, GNorm = 1.6838, lr_0 = 1.0233e-04
Loss = 2.0674e-03, PNorm = 46.1432, GNorm = 0.5585, lr_0 = 1.0185e-04
Loss = 2.1207e-03, PNorm = 46.1462, GNorm = 0.9803, lr_0 = 1.0137e-04
Loss = 1.5691e-03, PNorm = 46.1493, GNorm = 0.7005, lr_0 = 1.0090e-04
Loss = 2.0481e-03, PNorm = 46.1530, GNorm = 0.8426, lr_0 = 1.0042e-04
Loss = 2.1393e-03, PNorm = 46.1555, GNorm = 0.7682, lr_0 = 1.0000e-04
Validation rmse = 0.605192
Model 0 best validation rmse = 0.605192 on epoch 39
Loading pretrained parameter "encoder.encoder.cached_zero_vector".
Loading pretrained parameter "encoder.encoder.W_i.weight".
Loading pretrained parameter "encoder.encoder.W_h.weight".
Loading pretrained parameter "encoder.encoder.W_o.weight".
Loading pretrained parameter "encoder.encoder.W_o.bias".
Loading pretrained parameter "ffn.1.weight".
Loading pretrained parameter "ffn.1.bias".
Loading pretrained parameter "ffn.4.weight".
Loading pretrained parameter "ffn.4.bias".
Loading pretrained parameter "ffn.7.weight".
Loading pretrained parameter "ffn.7.bias".
Model 0 test rmse = 0.664410
Ensemble test rmse = 0.664410
1-fold cross validation
Seed 5 ==> test rmse = 0.664410
Overall test rmse = 0.664410 +/- 0.000000
