Fold 0
{'activation': 'ReLU',
 'atom_messages': False,
 'batch_size': 50,
 'bias': False,
 'checkpoint_dir': None,
 'checkpoint_path': None,
 'checkpoint_paths': None,
 'config_path': None,
 'crossval_index_dir': None,
 'crossval_index_file': None,
 'cuda': False,
 'data_path': 'Data/Multitask_data/All_datasets/Splits/Ubermodel_split/train.csv',
 'dataset_type': 'regression',
 'depth': 3,
 'dropout': 0.0,
 'ensemble_size': 1,
 'epochs': 40,
 'features_generator': None,
 'features_only': False,
 'features_path': ['Data/Multitask_data/All_datasets/Splits/Ubermodel_split/train_extra_x.csv'],
 'features_scaling': True,
 'ffn_hidden_size': 300,
 'ffn_num_layers': 3,
 'final_lr': 0.0001,
 'folds_file': None,
 'gpu': None,
 'hidden_size': 300,
 'init_lr': 0.0001,
 'log_frequency': 10,
 'max_data_size': None,
 'max_lr': 0.001,
 'metric': 'rmse',
 'minimize_score': True,
 'multiclass_num_classes': 3,
 'no_cache': False,
 'num_folds': 1,
 'num_lrs': 1,
 'quiet': False,
 'save_dir': 'Data/Multitask_data/All_datasets/Splits/Ubermodel_split/trained_model/fold_0',
 'save_smiles_splits': False,
 'seed': 5,
 'separate_test_features_path': ['Data/Multitask_data/All_datasets/Splits/Ubermodel_split/test_extra_x.csv'],
 'separate_test_path': 'Data/Multitask_data/All_datasets/Splits/Ubermodel_split/test.csv',
 'separate_val_features_path': ['Data/Multitask_data/All_datasets/Splits/Ubermodel_split/valid_extra_x.csv'],
 'separate_val_path': 'Data/Multitask_data/All_datasets/Splits/Ubermodel_split/valid.csv',
 'show_individual_scores': False,
 'split_sizes': [0.675, 0.075, 0.25],
 'split_type': 'random',
 'test': False,
 'test_fold_index': None,
 'undirected': False,
 'use_compound_names': False,
 'use_input_features': True,
 'val_fold_index': None,
 'warmup_epochs': 2.0}
Loading data
Fold 0
{'activation': 'ReLU',
 'atom_messages': False,
 'batch_size': 50,
 'bias': False,
 'checkpoint_dir': None,
 'checkpoint_path': None,
 'checkpoint_paths': None,
 'config_path': None,
 'crossval_index_dir': None,
 'crossval_index_file': None,
 'cuda': False,
 'data_path': 'Data/Multitask_data/All_datasets/Splits/Ubermodel_split/train.csv',
 'dataset_type': 'regression',
 'depth': 3,
 'dropout': 0.0,
 'ensemble_size': 1,
 'epochs': 40,
 'features_generator': None,
 'features_only': False,
 'features_path': ['Data/Multitask_data/All_datasets/Splits/Ubermodel_split/train_extra_x.csv'],
 'features_scaling': True,
 'ffn_hidden_size': 300,
 'ffn_num_layers': 3,
 'final_lr': 0.0001,
 'folds_file': None,
 'gpu': None,
 'hidden_size': 300,
 'init_lr': 0.0001,
 'log_frequency': 10,
 'max_data_size': None,
 'max_lr': 0.001,
 'metric': 'rmse',
 'minimize_score': True,
 'multiclass_num_classes': 3,
 'no_cache': False,
 'num_folds': 1,
 'num_lrs': 1,
 'quiet': False,
 'save_dir': 'Data/Multitask_data/All_datasets/Splits/Ubermodel_split/trained_model/fold_0',
 'save_smiles_splits': False,
 'seed': 5,
 'separate_test_features_path': ['Data/Multitask_data/All_datasets/Splits/Ubermodel_split/test_extra_x.csv'],
 'separate_test_path': 'Data/Multitask_data/All_datasets/Splits/Ubermodel_split/test.csv',
 'separate_val_features_path': ['Data/Multitask_data/All_datasets/Splits/Ubermodel_split/valid_extra_x.csv'],
 'separate_val_path': 'Data/Multitask_data/All_datasets/Splits/Ubermodel_split/valid.csv',
 'show_individual_scores': False,
 'split_sizes': [0.675, 0.075, 0.25],
 'split_type': 'random',
 'test': False,
 'test_fold_index': None,
 'undirected': False,
 'use_compound_names': False,
 'use_input_features': True,
 'val_fold_index': None,
 'warmup_epochs': 2.0}
Loading data
Number of tasks = 1
Splitting data with seed 5
Total size = 8,801 | train size = 8,801 | val size = 425 | test size = 425
Fitting scaler
Building model 0
MoleculeModel(
  (encoder): MPN(
    (encoder): MPNEncoder(
      (dropout_layer): Dropout(p=0.0, inplace=False)
      (act_func): ReLU()
      (W_i): Linear(in_features=147, out_features=300, bias=False)
      (W_h): Linear(in_features=300, out_features=300, bias=False)
      (W_o): Linear(in_features=433, out_features=300, bias=True)
    )
  )
  (ffn): Sequential(
    (0): Dropout(p=0.0, inplace=False)
    (1): Linear(in_features=326, out_features=300, bias=True)
    (2): ReLU()
    (3): Dropout(p=0.0, inplace=False)
    (4): Linear(in_features=300, out_features=300, bias=True)
    (5): ReLU()
    (6): Dropout(p=0.0, inplace=False)
    (7): Linear(in_features=300, out_features=1, bias=True)
  )
)
Number of parameters = 453,001
Epoch 0
Loss = 1.5361e-02, PNorm = 38.2755, GNorm = 3.8794, lr_0 = 1.2813e-04
Loss = 8.9238e-03, PNorm = 38.2822, GNorm = 1.6534, lr_0 = 1.5369e-04
Loss = 6.5209e-03, PNorm = 38.2887, GNorm = 2.0350, lr_0 = 1.7926e-04
Loss = 6.1703e-03, PNorm = 38.2935, GNorm = 3.0599, lr_0 = 2.0483e-04
Loss = 8.1537e-03, PNorm = 38.2987, GNorm = 1.4020, lr_0 = 2.3040e-04
Loss = 6.7995e-03, PNorm = 38.3034, GNorm = 1.6784, lr_0 = 2.5597e-04
Loss = 5.1534e-03, PNorm = 38.3082, GNorm = 1.3493, lr_0 = 2.8153e-04
Loss = 4.9052e-03, PNorm = 38.3152, GNorm = 1.5788, lr_0 = 3.0710e-04
Loss = 4.9854e-03, PNorm = 38.3232, GNorm = 1.5444, lr_0 = 3.3267e-04
Loss = 5.6512e-03, PNorm = 38.3350, GNorm = 2.6815, lr_0 = 3.5824e-04
Loss = 4.1943e-03, PNorm = 38.3486, GNorm = 0.9089, lr_0 = 3.8381e-04
Loss = 5.5077e-03, PNorm = 38.3604, GNorm = 3.8186, lr_0 = 4.0937e-04
Loss = 4.3123e-03, PNorm = 38.3716, GNorm = 1.0773, lr_0 = 4.3494e-04
Loss = 4.7969e-03, PNorm = 38.3853, GNorm = 0.5450, lr_0 = 4.6051e-04
Loss = 4.6396e-03, PNorm = 38.4008, GNorm = 0.7553, lr_0 = 4.8608e-04
Loss = 4.3266e-03, PNorm = 38.4191, GNorm = 2.3345, lr_0 = 5.1165e-04
Loss = 4.6735e-03, PNorm = 38.4346, GNorm = 0.8838, lr_0 = 5.3722e-04
Validation rmse = 1.186559
Epoch 1
Loss = 4.1346e-03, PNorm = 38.4560, GNorm = 1.6078, lr_0 = 5.6278e-04
Loss = 4.0258e-03, PNorm = 38.4784, GNorm = 0.9581, lr_0 = 5.8835e-04
Loss = 4.3561e-03, PNorm = 38.5050, GNorm = 1.2528, lr_0 = 6.1392e-04
Loss = 5.4765e-03, PNorm = 38.5295, GNorm = 1.3039, lr_0 = 6.3949e-04
Loss = 4.8153e-03, PNorm = 38.5545, GNorm = 1.2291, lr_0 = 6.6506e-04
Loss = 4.4852e-03, PNorm = 38.5763, GNorm = 2.4422, lr_0 = 6.9063e-04
Loss = 6.0955e-03, PNorm = 38.6039, GNorm = 1.8251, lr_0 = 7.1619e-04
Loss = 4.2399e-03, PNorm = 38.6343, GNorm = 1.6177, lr_0 = 7.4176e-04
Loss = 5.1657e-03, PNorm = 38.6695, GNorm = 1.6467, lr_0 = 7.6733e-04
Loss = 4.5616e-03, PNorm = 38.6954, GNorm = 1.2654, lr_0 = 7.9290e-04
Loss = 4.6820e-03, PNorm = 38.7218, GNorm = 1.6997, lr_0 = 8.1847e-04
Loss = 4.8417e-03, PNorm = 38.7511, GNorm = 1.7691, lr_0 = 8.4403e-04
Loss = 4.7104e-03, PNorm = 38.7760, GNorm = 0.8144, lr_0 = 8.6960e-04
Loss = 4.9052e-03, PNorm = 38.8064, GNorm = 0.8903, lr_0 = 8.9517e-04
Loss = 4.5684e-03, PNorm = 38.8332, GNorm = 1.0057, lr_0 = 9.2074e-04
Loss = 3.5818e-03, PNorm = 38.8686, GNorm = 1.1771, lr_0 = 9.4631e-04
Loss = 3.7648e-03, PNorm = 38.9147, GNorm = 1.1457, lr_0 = 9.7187e-04
Loss = 4.8424e-03, PNorm = 38.9569, GNorm = 1.8212, lr_0 = 9.9744e-04
Validation rmse = 1.232774
Epoch 2
Loss = 5.3775e-03, PNorm = 39.0043, GNorm = 1.5868, lr_0 = 9.9691e-04
Loss = 4.3083e-03, PNorm = 39.0430, GNorm = 0.5277, lr_0 = 9.9348e-04
Loss = 3.6876e-03, PNorm = 39.0863, GNorm = 0.9441, lr_0 = 9.9007e-04
Loss = 4.0683e-03, PNorm = 39.1075, GNorm = 0.9696, lr_0 = 9.8666e-04
Loss = 4.3842e-03, PNorm = 39.1485, GNorm = 0.9721, lr_0 = 9.8327e-04
Loss = 6.0598e-03, PNorm = 39.1887, GNorm = 0.5524, lr_0 = 9.7989e-04
Loss = 4.6881e-03, PNorm = 39.2361, GNorm = 1.1611, lr_0 = 9.7652e-04
Loss = 3.6932e-03, PNorm = 39.2743, GNorm = 0.6570, lr_0 = 9.7317e-04
Loss = 3.9329e-03, PNorm = 39.3025, GNorm = 1.0827, lr_0 = 9.6982e-04
Loss = 3.6324e-03, PNorm = 39.3330, GNorm = 0.7985, lr_0 = 9.6649e-04
Loss = 4.0570e-03, PNorm = 39.3633, GNorm = 0.6241, lr_0 = 9.6317e-04
Loss = 3.9647e-03, PNorm = 39.4000, GNorm = 0.6742, lr_0 = 9.5986e-04
Loss = 3.6387e-03, PNorm = 39.4269, GNorm = 0.7841, lr_0 = 9.5656e-04
Loss = 3.7393e-03, PNorm = 39.4623, GNorm = 1.0799, lr_0 = 9.5327e-04
Loss = 3.7586e-03, PNorm = 39.4958, GNorm = 0.8988, lr_0 = 9.4999e-04
Loss = 3.1074e-03, PNorm = 39.5342, GNorm = 0.6920, lr_0 = 9.4673e-04
Loss = 4.2009e-03, PNorm = 39.5590, GNorm = 0.6197, lr_0 = 9.4348e-04
Validation rmse = 1.008065
Epoch 3
Loss = 6.9576e-03, PNorm = 39.5894, GNorm = 1.2154, lr_0 = 9.4023e-04
Loss = 2.8701e-03, PNorm = 39.6212, GNorm = 0.8010, lr_0 = 9.3700e-04
Loss = 3.2751e-03, PNorm = 39.6646, GNorm = 0.4671, lr_0 = 9.3378e-04
Loss = 4.3568e-03, PNorm = 39.7020, GNorm = 0.4636, lr_0 = 9.3057e-04
Loss = 3.8935e-03, PNorm = 39.7434, GNorm = 0.9205, lr_0 = 9.2737e-04
Loss = 3.0525e-03, PNorm = 39.7798, GNorm = 0.5274, lr_0 = 9.2419e-04
Loss = 3.7275e-03, PNorm = 39.8187, GNorm = 0.8375, lr_0 = 9.2101e-04
Loss = 4.1974e-03, PNorm = 39.8421, GNorm = 0.5210, lr_0 = 9.1784e-04
Loss = 3.7005e-03, PNorm = 39.8681, GNorm = 0.6073, lr_0 = 9.1469e-04
Loss = 3.8553e-03, PNorm = 39.8916, GNorm = 0.5539, lr_0 = 9.1155e-04
Loss = 4.2057e-03, PNorm = 39.9239, GNorm = 0.7111, lr_0 = 9.0841e-04
Loss = 4.8441e-03, PNorm = 39.9553, GNorm = 0.7064, lr_0 = 9.0529e-04
Loss = 4.0130e-03, PNorm = 39.9958, GNorm = 0.7605, lr_0 = 9.0218e-04
Loss = 3.6619e-03, PNorm = 40.0401, GNorm = 1.3315, lr_0 = 8.9908e-04
Loss = 3.6280e-03, PNorm = 40.0771, GNorm = 0.4446, lr_0 = 8.9599e-04
Loss = 3.8176e-03, PNorm = 40.1050, GNorm = 0.9155, lr_0 = 8.9291e-04
Loss = 3.4402e-03, PNorm = 40.1435, GNorm = 0.9723, lr_0 = 8.8984e-04
Loss = 4.2853e-03, PNorm = 40.1734, GNorm = 0.7276, lr_0 = 8.8678e-04
Validation rmse = 0.993224
Epoch 4
Loss = 3.4389e-03, PNorm = 40.2230, GNorm = 0.4452, lr_0 = 8.8373e-04
Loss = 3.3711e-03, PNorm = 40.2674, GNorm = 1.0175, lr_0 = 8.8070e-04
Loss = 3.4447e-03, PNorm = 40.3144, GNorm = 0.5567, lr_0 = 8.7767e-04
Loss = 3.3432e-03, PNorm = 40.3541, GNorm = 0.4388, lr_0 = 8.7465e-04
Loss = 3.4323e-03, PNorm = 40.3906, GNorm = 1.4446, lr_0 = 8.7165e-04
Loss = 3.6108e-03, PNorm = 40.4277, GNorm = 0.6246, lr_0 = 8.6865e-04
Loss = 2.9753e-03, PNorm = 40.4610, GNorm = 0.4964, lr_0 = 8.6567e-04
Loss = 3.7778e-03, PNorm = 40.4945, GNorm = 1.5747, lr_0 = 8.6269e-04
Loss = 3.7520e-03, PNorm = 40.5235, GNorm = 0.7908, lr_0 = 8.5973e-04
Loss = 3.3559e-03, PNorm = 40.5574, GNorm = 0.7529, lr_0 = 8.5677e-04
Loss = 4.5327e-03, PNorm = 40.5984, GNorm = 0.5301, lr_0 = 8.5383e-04
Loss = 3.8952e-03, PNorm = 40.6282, GNorm = 0.4080, lr_0 = 8.5089e-04
Loss = 3.2297e-03, PNorm = 40.6639, GNorm = 0.4442, lr_0 = 8.4797e-04
Loss = 3.5714e-03, PNorm = 40.7053, GNorm = 0.6982, lr_0 = 8.4505e-04
Loss = 4.3951e-03, PNorm = 40.7517, GNorm = 0.5556, lr_0 = 8.4215e-04
Loss = 3.0324e-03, PNorm = 40.7944, GNorm = 0.6508, lr_0 = 8.3925e-04
Loss = 3.5293e-03, PNorm = 40.8363, GNorm = 0.6947, lr_0 = 8.3637e-04
Loss = 4.0367e-03, PNorm = 40.8713, GNorm = 1.5428, lr_0 = 8.3350e-04
Validation rmse = 0.926623
Epoch 5
Loss = 4.7578e-03, PNorm = 40.9026, GNorm = 0.7563, lr_0 = 8.3063e-04
Loss = 4.6464e-03, PNorm = 40.9414, GNorm = 0.4832, lr_0 = 8.2778e-04
Loss = 3.3107e-03, PNorm = 40.9880, GNorm = 0.5893, lr_0 = 8.2493e-04
Loss = 3.3107e-03, PNorm = 41.0220, GNorm = 0.4986, lr_0 = 8.2210e-04
Loss = 3.1506e-03, PNorm = 41.0485, GNorm = 0.9210, lr_0 = 8.1927e-04
Loss = 3.9949e-03, PNorm = 41.0878, GNorm = 0.4212, lr_0 = 8.1645e-04
Loss = 2.8350e-03, PNorm = 41.1350, GNorm = 0.4700, lr_0 = 8.1365e-04
Loss = 3.4095e-03, PNorm = 41.1884, GNorm = 0.8873, lr_0 = 8.1085e-04
Loss = 3.5667e-03, PNorm = 41.2278, GNorm = 0.5162, lr_0 = 8.0806e-04
Loss = 3.1295e-03, PNorm = 41.2634, GNorm = 0.4770, lr_0 = 8.0529e-04
Loss = 3.0278e-03, PNorm = 41.3016, GNorm = 0.4732, lr_0 = 8.0252e-04
Loss = 3.9302e-03, PNorm = 41.3337, GNorm = 0.6083, lr_0 = 7.9976e-04
Loss = 2.3153e-03, PNorm = 41.3588, GNorm = 0.5227, lr_0 = 7.9701e-04
Loss = 2.9422e-03, PNorm = 41.3986, GNorm = 0.5662, lr_0 = 7.9427e-04
Loss = 4.8129e-03, PNorm = 41.4448, GNorm = 0.9733, lr_0 = 7.9154e-04
Loss = 3.1620e-03, PNorm = 41.4780, GNorm = 0.7988, lr_0 = 7.8882e-04
Loss = 2.7900e-03, PNorm = 41.5099, GNorm = 0.7059, lr_0 = 7.8611e-04
Validation rmse = 0.872812
Epoch 6
Loss = 2.2575e-03, PNorm = 41.5491, GNorm = 0.4262, lr_0 = 7.8341e-04
Loss = 2.9733e-03, PNorm = 41.5778, GNorm = 0.5820, lr_0 = 7.8072e-04
Loss = 2.5095e-03, PNorm = 41.6093, GNorm = 0.5280, lr_0 = 7.7803e-04
Loss = 4.9004e-03, PNorm = 41.6298, GNorm = 0.4406, lr_0 = 7.7536e-04
Loss = 3.6154e-03, PNorm = 41.6531, GNorm = 0.7522, lr_0 = 7.7270e-04
Loss = 2.9813e-03, PNorm = 41.6857, GNorm = 0.7684, lr_0 = 7.7004e-04
Loss = 2.7949e-03, PNorm = 41.7110, GNorm = 0.4881, lr_0 = 7.6739e-04
Loss = 2.8860e-03, PNorm = 41.7405, GNorm = 0.4739, lr_0 = 7.6476e-04
Loss = 3.5429e-03, PNorm = 41.7758, GNorm = 0.6946, lr_0 = 7.6213e-04
Loss = 3.6227e-03, PNorm = 41.8030, GNorm = 0.6413, lr_0 = 7.5951e-04
Loss = 3.5028e-03, PNorm = 41.8333, GNorm = 0.6072, lr_0 = 7.5690e-04
Loss = 3.9726e-03, PNorm = 41.8577, GNorm = 0.6324, lr_0 = 7.5430e-04
Loss = 3.3124e-03, PNorm = 41.8825, GNorm = 0.7999, lr_0 = 7.5170e-04
Loss = 3.1565e-03, PNorm = 41.9147, GNorm = 0.6729, lr_0 = 7.4912e-04
Loss = 3.3615e-03, PNorm = 41.9527, GNorm = 0.7138, lr_0 = 7.4655e-04
Loss = 3.1829e-03, PNorm = 41.9886, GNorm = 0.7443, lr_0 = 7.4398e-04
Loss = 3.4378e-03, PNorm = 42.0113, GNorm = 0.5878, lr_0 = 7.4142e-04
Loss = 2.9516e-03, PNorm = 42.0345, GNorm = 0.5130, lr_0 = 7.3887e-04
Validation rmse = 0.921158
Epoch 7
Loss = 2.7523e-03, PNorm = 42.0589, GNorm = 0.3323, lr_0 = 7.3633e-04
Loss = 3.2364e-03, PNorm = 42.0748, GNorm = 0.3192, lr_0 = 7.3380e-04
Loss = 3.1789e-03, PNorm = 42.0965, GNorm = 0.7857, lr_0 = 7.3128e-04
Loss = 3.4761e-03, PNorm = 42.1172, GNorm = 0.8046, lr_0 = 7.2877e-04
Loss = 3.5504e-03, PNorm = 42.1493, GNorm = 0.5732, lr_0 = 7.2626e-04
Loss = 2.5894e-03, PNorm = 42.1771, GNorm = 0.8226, lr_0 = 7.2377e-04
Loss = 3.3583e-03, PNorm = 42.2031, GNorm = 0.3475, lr_0 = 7.2128e-04
Loss = 4.4866e-03, PNorm = 42.2323, GNorm = 0.7173, lr_0 = 7.1880e-04
Loss = 2.7065e-03, PNorm = 42.2640, GNorm = 0.3192, lr_0 = 7.1633e-04
Loss = 2.6357e-03, PNorm = 42.3059, GNorm = 0.4573, lr_0 = 7.1387e-04
Loss = 3.4883e-03, PNorm = 42.3271, GNorm = 0.9413, lr_0 = 7.1142e-04
Loss = 3.0296e-03, PNorm = 42.3516, GNorm = 0.4821, lr_0 = 7.0897e-04
Loss = 3.2062e-03, PNorm = 42.3707, GNorm = 0.6231, lr_0 = 7.0653e-04
Loss = 2.0672e-03, PNorm = 42.3946, GNorm = 0.6386, lr_0 = 7.0411e-04
Loss = 3.6292e-03, PNorm = 42.4184, GNorm = 0.3946, lr_0 = 7.0169e-04
Loss = 3.5251e-03, PNorm = 42.4467, GNorm = 0.4506, lr_0 = 6.9927e-04
Loss = 3.1446e-03, PNorm = 42.4643, GNorm = 0.5746, lr_0 = 6.9687e-04
Validation rmse = 0.941767
Epoch 8
Loss = 2.5688e-03, PNorm = 42.4977, GNorm = 0.3770, lr_0 = 6.9448e-04
Loss = 2.4818e-03, PNorm = 42.5257, GNorm = 0.3894, lr_0 = 6.9209e-04
Loss = 3.3883e-03, PNorm = 42.5624, GNorm = 0.6967, lr_0 = 6.8971e-04
Loss = 4.0112e-03, PNorm = 42.5752, GNorm = 0.6438, lr_0 = 6.8734e-04
Loss = 4.1974e-03, PNorm = 42.6013, GNorm = 0.4594, lr_0 = 6.8498e-04
Loss = 3.5868e-03, PNorm = 42.6383, GNorm = 0.4126, lr_0 = 6.8262e-04
Loss = 3.7208e-03, PNorm = 42.6717, GNorm = 0.5210, lr_0 = 6.8028e-04
Loss = 2.3061e-03, PNorm = 42.7199, GNorm = 0.4458, lr_0 = 6.7794e-04
Loss = 3.6507e-03, PNorm = 42.7485, GNorm = 0.4252, lr_0 = 6.7561e-04
Loss = 3.1717e-03, PNorm = 42.7727, GNorm = 0.5984, lr_0 = 6.7329e-04
Loss = 2.8939e-03, PNorm = 42.7947, GNorm = 0.5157, lr_0 = 6.7097e-04
Loss = 4.3238e-03, PNorm = 42.8125, GNorm = 0.7324, lr_0 = 6.6867e-04
Loss = 2.9756e-03, PNorm = 42.8354, GNorm = 0.6890, lr_0 = 6.6637e-04
Loss = 2.5374e-03, PNorm = 42.8597, GNorm = 0.7107, lr_0 = 6.6408e-04
Loss = 2.7693e-03, PNorm = 42.8811, GNorm = 0.3432, lr_0 = 6.6180e-04
Loss = 2.6370e-03, PNorm = 42.9115, GNorm = 0.4504, lr_0 = 6.5952e-04
Loss = 2.4222e-03, PNorm = 42.9327, GNorm = 0.4609, lr_0 = 6.5725e-04
Loss = 2.4479e-03, PNorm = 42.9535, GNorm = 0.4128, lr_0 = 6.5500e-04
Validation rmse = 0.924921
Epoch 9
Loss = 2.1958e-03, PNorm = 42.9701, GNorm = 0.8400, lr_0 = 6.5274e-04
Loss = 2.5100e-03, PNorm = 42.9799, GNorm = 0.5456, lr_0 = 6.5050e-04
Loss = 3.3243e-03, PNorm = 43.0030, GNorm = 0.9243, lr_0 = 6.4826e-04
Loss = 3.2576e-03, PNorm = 43.0252, GNorm = 0.3608, lr_0 = 6.4604e-04
Loss = 3.7359e-03, PNorm = 43.0557, GNorm = 0.5362, lr_0 = 6.4382e-04
Loss = 3.3978e-03, PNorm = 43.0885, GNorm = 0.5285, lr_0 = 6.4160e-04
Loss = 2.9428e-03, PNorm = 43.1105, GNorm = 0.6580, lr_0 = 6.3940e-04
Loss = 2.6332e-03, PNorm = 43.1286, GNorm = 0.6588, lr_0 = 6.3720e-04
Loss = 3.6531e-03, PNorm = 43.1398, GNorm = 0.6208, lr_0 = 6.3501e-04
Loss = 2.6610e-03, PNorm = 43.1675, GNorm = 0.4597, lr_0 = 6.3283e-04
Loss = 2.8789e-03, PNorm = 43.2008, GNorm = 0.3937, lr_0 = 6.3065e-04
Loss = 2.9969e-03, PNorm = 43.2215, GNorm = 0.6037, lr_0 = 6.2849e-04
Loss = 4.7640e-03, PNorm = 43.2363, GNorm = 1.5905, lr_0 = 6.2633e-04
Loss = 2.3755e-03, PNorm = 43.2547, GNorm = 0.4716, lr_0 = 6.2417e-04
Loss = 2.7997e-03, PNorm = 43.2800, GNorm = 0.4493, lr_0 = 6.2203e-04
Loss = 2.7767e-03, PNorm = 43.3120, GNorm = 0.3334, lr_0 = 6.1989e-04
Loss = 3.4029e-03, PNorm = 43.3304, GNorm = 1.1800, lr_0 = 6.1776e-04
Loss = 2.8523e-03, PNorm = 43.3517, GNorm = 0.6241, lr_0 = 6.1564e-04
Validation rmse = 0.950225
Epoch 10
Loss = 2.8854e-03, PNorm = 43.3773, GNorm = 0.7282, lr_0 = 6.1352e-04
Loss = 2.6641e-03, PNorm = 43.4037, GNorm = 0.4067, lr_0 = 6.1141e-04
Loss = 2.6911e-03, PNorm = 43.4204, GNorm = 0.7835, lr_0 = 6.0931e-04
Loss = 2.7095e-03, PNorm = 43.4351, GNorm = 0.5924, lr_0 = 6.0722e-04
Loss = 2.6063e-03, PNorm = 43.4582, GNorm = 0.6051, lr_0 = 6.0513e-04
Loss = 2.9446e-03, PNorm = 43.4917, GNorm = 0.6032, lr_0 = 6.0305e-04
Loss = 3.1571e-03, PNorm = 43.5120, GNorm = 1.1257, lr_0 = 6.0098e-04
Loss = 2.7386e-03, PNorm = 43.5377, GNorm = 0.4490, lr_0 = 5.9891e-04
Loss = 3.6126e-03, PNorm = 43.5620, GNorm = 0.6084, lr_0 = 5.9685e-04
Loss = 2.5497e-03, PNorm = 43.5782, GNorm = 0.4459, lr_0 = 5.9480e-04
Loss = 2.6146e-03, PNorm = 43.5990, GNorm = 0.5100, lr_0 = 5.9276e-04
Loss = 4.1192e-03, PNorm = 43.6239, GNorm = 0.4432, lr_0 = 5.9072e-04
Loss = 3.4242e-03, PNorm = 43.6453, GNorm = 0.3963, lr_0 = 5.8869e-04
Loss = 3.2421e-03, PNorm = 43.6695, GNorm = 0.4218, lr_0 = 5.8667e-04
Loss = 2.4051e-03, PNorm = 43.6862, GNorm = 0.5148, lr_0 = 5.8465e-04
Loss = 2.4308e-03, PNorm = 43.7047, GNorm = 0.4808, lr_0 = 5.8264e-04
Loss = 3.6656e-03, PNorm = 43.7130, GNorm = 0.5425, lr_0 = 5.8064e-04
Validation rmse = 0.971833
Epoch 11
Loss = 2.0336e-03, PNorm = 43.7356, GNorm = 0.9041, lr_0 = 5.7864e-04
Loss = 2.1984e-03, PNorm = 43.7649, GNorm = 0.6044, lr_0 = 5.7665e-04
Loss = 2.2750e-03, PNorm = 43.7891, GNorm = 0.7256, lr_0 = 5.7467e-04
Loss = 3.8769e-03, PNorm = 43.8077, GNorm = 0.6181, lr_0 = 5.7270e-04
Loss = 3.2827e-03, PNorm = 43.8294, GNorm = 0.5181, lr_0 = 5.7073e-04
Loss = 2.7600e-03, PNorm = 43.8528, GNorm = 0.8205, lr_0 = 5.6877e-04
Loss = 2.9756e-03, PNorm = 43.8722, GNorm = 0.7744, lr_0 = 5.6681e-04
Loss = 2.8447e-03, PNorm = 43.8990, GNorm = 0.6078, lr_0 = 5.6486e-04
Loss = 3.0719e-03, PNorm = 43.9231, GNorm = 0.4134, lr_0 = 5.6292e-04
Loss = 2.3401e-03, PNorm = 43.9408, GNorm = 0.4760, lr_0 = 5.6099e-04
Loss = 2.7259e-03, PNorm = 43.9557, GNorm = 0.4699, lr_0 = 5.5906e-04
Loss = 1.9362e-03, PNorm = 43.9759, GNorm = 0.5870, lr_0 = 5.5714e-04
Loss = 2.8872e-03, PNorm = 43.9956, GNorm = 0.3772, lr_0 = 5.5522e-04
Loss = 2.9530e-03, PNorm = 44.0066, GNorm = 0.5656, lr_0 = 5.5332e-04
Loss = 4.0574e-03, PNorm = 44.0335, GNorm = 0.4479, lr_0 = 5.5141e-04
Loss = 3.9751e-03, PNorm = 44.0499, GNorm = 1.5603, lr_0 = 5.4952e-04
Loss = 3.4895e-03, PNorm = 44.0672, GNorm = 0.7559, lr_0 = 5.4763e-04
Loss = 2.4735e-03, PNorm = 44.0899, GNorm = 0.4547, lr_0 = 5.4575e-04
Validation rmse = 0.910930
Epoch 12
Loss = 2.5876e-03, PNorm = 44.1056, GNorm = 0.4908, lr_0 = 5.4387e-04
Loss = 2.5243e-03, PNorm = 44.1237, GNorm = 0.5181, lr_0 = 5.4200e-04
Loss = 2.1720e-03, PNorm = 44.1393, GNorm = 0.4409, lr_0 = 5.4014e-04
Loss = 2.4937e-03, PNorm = 44.1526, GNorm = 0.3566, lr_0 = 5.3828e-04
Loss = 4.0155e-03, PNorm = 44.1671, GNorm = 0.6481, lr_0 = 5.3643e-04
Loss = 3.2437e-03, PNorm = 44.1870, GNorm = 0.4848, lr_0 = 5.3459e-04
Loss = 2.8362e-03, PNorm = 44.2025, GNorm = 0.4206, lr_0 = 5.3275e-04
Loss = 2.7055e-03, PNorm = 44.2156, GNorm = 1.1609, lr_0 = 5.3092e-04
Loss = 2.9969e-03, PNorm = 44.2322, GNorm = 0.5665, lr_0 = 5.2910e-04
Loss = 2.3439e-03, PNorm = 44.2622, GNorm = 0.5483, lr_0 = 5.2728e-04
Loss = 2.6057e-03, PNorm = 44.2744, GNorm = 0.4921, lr_0 = 5.2547e-04
Loss = 3.0428e-03, PNorm = 44.2965, GNorm = 0.5239, lr_0 = 5.2366e-04
Loss = 2.5467e-03, PNorm = 44.3151, GNorm = 0.5898, lr_0 = 5.2186e-04
Loss = 2.1298e-03, PNorm = 44.3318, GNorm = 0.3555, lr_0 = 5.2007e-04
Loss = 2.9243e-03, PNorm = 44.3424, GNorm = 0.3322, lr_0 = 5.1828e-04
Loss = 4.1418e-03, PNorm = 44.3600, GNorm = 0.6570, lr_0 = 5.1650e-04
Loss = 2.3798e-03, PNorm = 44.3766, GNorm = 0.5512, lr_0 = 5.1472e-04
Validation rmse = 0.978691
Epoch 13
Loss = 2.8571e-03, PNorm = 44.3945, GNorm = 0.9110, lr_0 = 5.1295e-04
Loss = 2.5145e-03, PNorm = 44.4062, GNorm = 0.6552, lr_0 = 5.1119e-04
Loss = 2.4443e-03, PNorm = 44.4200, GNorm = 0.9622, lr_0 = 5.0943e-04
Loss = 2.4206e-03, PNorm = 44.4436, GNorm = 0.6383, lr_0 = 5.0768e-04
Loss = 2.0795e-03, PNorm = 44.4712, GNorm = 0.7092, lr_0 = 5.0594e-04
Loss = 3.2939e-03, PNorm = 44.4986, GNorm = 0.8319, lr_0 = 5.0420e-04
Loss = 3.5380e-03, PNorm = 44.5104, GNorm = 0.5154, lr_0 = 5.0247e-04
Loss = 2.6746e-03, PNorm = 44.5245, GNorm = 0.4090, lr_0 = 5.0074e-04
Loss = 2.5922e-03, PNorm = 44.5424, GNorm = 0.6349, lr_0 = 4.9902e-04
Loss = 2.8084e-03, PNorm = 44.5628, GNorm = 0.3311, lr_0 = 4.9730e-04
Loss = 2.5960e-03, PNorm = 44.5736, GNorm = 0.7478, lr_0 = 4.9559e-04
Loss = 2.9675e-03, PNorm = 44.5903, GNorm = 0.6291, lr_0 = 4.9389e-04
Loss = 3.2613e-03, PNorm = 44.6081, GNorm = 0.4136, lr_0 = 4.9219e-04
Loss = 2.5575e-03, PNorm = 44.6201, GNorm = 0.2610, lr_0 = 4.9050e-04
Loss = 2.2323e-03, PNorm = 44.6364, GNorm = 0.3899, lr_0 = 4.8882e-04
Loss = 2.5235e-03, PNorm = 44.6564, GNorm = 0.3357, lr_0 = 4.8714e-04
Loss = 2.6463e-03, PNorm = 44.6758, GNorm = 0.3050, lr_0 = 4.8546e-04
Loss = 2.6073e-03, PNorm = 44.6955, GNorm = 1.0307, lr_0 = 4.8379e-04
Validation rmse = 1.020453
Epoch 14
Loss = 2.6518e-03, PNorm = 44.7123, GNorm = 0.2848, lr_0 = 4.8213e-04
Loss = 2.0972e-03, PNorm = 44.7254, GNorm = 0.7874, lr_0 = 4.8047e-04
Loss = 2.8561e-03, PNorm = 44.7370, GNorm = 0.3807, lr_0 = 4.7882e-04
Loss = 2.3283e-03, PNorm = 44.7501, GNorm = 0.5158, lr_0 = 4.7718e-04
Loss = 3.2792e-03, PNorm = 44.7695, GNorm = 0.5514, lr_0 = 4.7554e-04
Loss = 2.0765e-03, PNorm = 44.7929, GNorm = 0.6276, lr_0 = 4.7390e-04
Loss = 2.2439e-03, PNorm = 44.8097, GNorm = 0.6457, lr_0 = 4.7227e-04
Loss = 2.5896e-03, PNorm = 44.8296, GNorm = 0.6836, lr_0 = 4.7065e-04
Loss = 3.2388e-03, PNorm = 44.8453, GNorm = 0.6570, lr_0 = 4.6903e-04
Loss = 2.6644e-03, PNorm = 44.8622, GNorm = 0.4875, lr_0 = 4.6742e-04
Loss = 2.9459e-03, PNorm = 44.8766, GNorm = 0.4768, lr_0 = 4.6581e-04
Loss = 3.3293e-03, PNorm = 44.8892, GNorm = 0.5614, lr_0 = 4.6421e-04
Loss = 2.6722e-03, PNorm = 44.9027, GNorm = 0.7273, lr_0 = 4.6262e-04
Loss = 1.7764e-03, PNorm = 44.9149, GNorm = 0.5250, lr_0 = 4.6103e-04
Loss = 3.1162e-03, PNorm = 44.9224, GNorm = 0.6293, lr_0 = 4.5944e-04
Loss = 2.5712e-03, PNorm = 44.9325, GNorm = 0.5089, lr_0 = 4.5786e-04
Loss = 2.8749e-03, PNorm = 44.9532, GNorm = 0.8440, lr_0 = 4.5629e-04
Loss = 2.9674e-03, PNorm = 44.9753, GNorm = 0.5279, lr_0 = 4.5472e-04
Validation rmse = 0.944588
Epoch 15
Loss = 2.4269e-03, PNorm = 44.9910, GNorm = 0.5272, lr_0 = 4.5316e-04
Loss = 2.5698e-03, PNorm = 45.0128, GNorm = 0.6460, lr_0 = 4.5160e-04
Loss = 3.3216e-03, PNorm = 45.0309, GNorm = 0.4808, lr_0 = 4.5005e-04
Loss = 3.2495e-03, PNorm = 45.0473, GNorm = 0.2400, lr_0 = 4.4850e-04
Loss = 2.3740e-03, PNorm = 45.0597, GNorm = 1.0827, lr_0 = 4.4696e-04
Loss = 2.7002e-03, PNorm = 45.0730, GNorm = 0.6394, lr_0 = 4.4542e-04
Loss = 2.4152e-03, PNorm = 45.0913, GNorm = 0.5680, lr_0 = 4.4389e-04
Loss = 2.5354e-03, PNorm = 45.1090, GNorm = 0.3700, lr_0 = 4.4237e-04
Loss = 1.9663e-03, PNorm = 45.1262, GNorm = 0.2899, lr_0 = 4.4085e-04
Loss = 2.1211e-03, PNorm = 45.1432, GNorm = 0.7007, lr_0 = 4.3933e-04
Loss = 2.0382e-03, PNorm = 45.1638, GNorm = 0.6651, lr_0 = 4.3782e-04
Loss = 2.7229e-03, PNorm = 45.1724, GNorm = 0.4402, lr_0 = 4.3632e-04
Loss = 2.7412e-03, PNorm = 45.1830, GNorm = 0.5038, lr_0 = 4.3482e-04
Loss = 3.5487e-03, PNorm = 45.1960, GNorm = 0.4642, lr_0 = 4.3332e-04
Loss = 2.2908e-03, PNorm = 45.2109, GNorm = 0.5764, lr_0 = 4.3183e-04
Loss = 2.4194e-03, PNorm = 45.2212, GNorm = 0.3710, lr_0 = 4.3035e-04
Loss = 3.0605e-03, PNorm = 45.2342, GNorm = 0.6692, lr_0 = 4.2887e-04
Validation rmse = 1.060581
Epoch 16
Loss = 2.1717e-03, PNorm = 45.2536, GNorm = 0.3104, lr_0 = 4.2740e-04
Loss = 2.4220e-03, PNorm = 45.2667, GNorm = 0.4814, lr_0 = 4.2593e-04
Loss = 1.8917e-03, PNorm = 45.2786, GNorm = 0.5517, lr_0 = 4.2446e-04
Loss = 2.6538e-03, PNorm = 45.2926, GNorm = 0.4565, lr_0 = 4.2301e-04
Loss = 2.3382e-03, PNorm = 45.3035, GNorm = 0.4860, lr_0 = 4.2155e-04
Loss = 1.7509e-03, PNorm = 45.3167, GNorm = 0.7223, lr_0 = 4.2010e-04
Loss = 3.0291e-03, PNorm = 45.3335, GNorm = 0.6740, lr_0 = 4.1866e-04
Loss = 3.4463e-03, PNorm = 45.3503, GNorm = 0.6471, lr_0 = 4.1722e-04
Loss = 2.3032e-03, PNorm = 45.3614, GNorm = 0.3264, lr_0 = 4.1579e-04
Loss = 2.4091e-03, PNorm = 45.3833, GNorm = 0.7735, lr_0 = 4.1436e-04
Loss = 2.3517e-03, PNorm = 45.4056, GNorm = 0.3046, lr_0 = 4.1293e-04
Loss = 2.2080e-03, PNorm = 45.4155, GNorm = 0.3948, lr_0 = 4.1151e-04
Loss = 3.5003e-03, PNorm = 45.4285, GNorm = 0.8435, lr_0 = 4.1010e-04
Loss = 2.2751e-03, PNorm = 45.4424, GNorm = 1.2150, lr_0 = 4.0869e-04
Loss = 3.5071e-03, PNorm = 45.4545, GNorm = 0.5792, lr_0 = 4.0728e-04
Loss = 1.9764e-03, PNorm = 45.4709, GNorm = 0.8181, lr_0 = 4.0589e-04
Loss = 3.2559e-03, PNorm = 45.4890, GNorm = 0.5712, lr_0 = 4.0449e-04
Loss = 2.7963e-03, PNorm = 45.5086, GNorm = 0.5695, lr_0 = 4.0310e-04
Validation rmse = 1.053131
Epoch 17
Loss = 2.2754e-03, PNorm = 45.5308, GNorm = 0.9232, lr_0 = 4.0171e-04
Loss = 2.3977e-03, PNorm = 45.5444, GNorm = 0.8000, lr_0 = 4.0033e-04
Loss = 3.1373e-03, PNorm = 45.5656, GNorm = 0.6386, lr_0 = 3.9896e-04
Loss = 2.5669e-03, PNorm = 45.5781, GNorm = 0.5240, lr_0 = 3.9759e-04
Loss = 2.5795e-03, PNorm = 45.5863, GNorm = 0.5047, lr_0 = 3.9622e-04
Loss = 1.9947e-03, PNorm = 45.5987, GNorm = 0.6081, lr_0 = 3.9486e-04
Loss = 2.0457e-03, PNorm = 45.6141, GNorm = 0.4388, lr_0 = 3.9350e-04
Loss = 2.2531e-03, PNorm = 45.6310, GNorm = 0.5438, lr_0 = 3.9215e-04
Loss = 4.4539e-03, PNorm = 45.6480, GNorm = 0.3780, lr_0 = 3.9080e-04
Loss = 2.7892e-03, PNorm = 45.6626, GNorm = 0.5898, lr_0 = 3.8946e-04
Loss = 2.0613e-03, PNorm = 45.6724, GNorm = 0.3554, lr_0 = 3.8812e-04
Loss = 2.4206e-03, PNorm = 45.6824, GNorm = 0.8618, lr_0 = 3.8679e-04
Loss = 2.2091e-03, PNorm = 45.6933, GNorm = 0.7243, lr_0 = 3.8546e-04
Loss = 3.4188e-03, PNorm = 45.7042, GNorm = 0.7469, lr_0 = 3.8413e-04
Loss = 2.3946e-03, PNorm = 45.7165, GNorm = 0.5463, lr_0 = 3.8281e-04
Loss = 2.1287e-03, PNorm = 45.7292, GNorm = 0.6050, lr_0 = 3.8150e-04
Loss = 2.4184e-03, PNorm = 45.7385, GNorm = 0.6769, lr_0 = 3.8018e-04
Validation rmse = 1.041152
Epoch 18
Loss = 1.5845e-03, PNorm = 45.7506, GNorm = 0.4286, lr_0 = 3.7888e-04
Loss = 2.3158e-03, PNorm = 45.7596, GNorm = 0.5525, lr_0 = 3.7758e-04
Loss = 2.0135e-03, PNorm = 45.7679, GNorm = 0.4447, lr_0 = 3.7628e-04
Loss = 2.3175e-03, PNorm = 45.7803, GNorm = 1.0083, lr_0 = 3.7498e-04
Loss = 3.6546e-03, PNorm = 45.7948, GNorm = 0.7448, lr_0 = 3.7370e-04
Loss = 2.2589e-03, PNorm = 45.8160, GNorm = 0.5366, lr_0 = 3.7241e-04
Loss = 2.5733e-03, PNorm = 45.8337, GNorm = 0.6581, lr_0 = 3.7113e-04
Loss = 1.8564e-03, PNorm = 45.8487, GNorm = 0.3449, lr_0 = 3.6986e-04
Loss = 2.4512e-03, PNorm = 45.8579, GNorm = 0.6810, lr_0 = 3.6858e-04
Loss = 2.2407e-03, PNorm = 45.8688, GNorm = 0.6297, lr_0 = 3.6732e-04
Loss = 2.8333e-03, PNorm = 45.8814, GNorm = 0.6071, lr_0 = 3.6606e-04
Loss = 2.0310e-03, PNorm = 45.8923, GNorm = 0.4932, lr_0 = 3.6480e-04
Loss = 3.5065e-03, PNorm = 45.9013, GNorm = 0.4880, lr_0 = 3.6354e-04
Loss = 2.4161e-03, PNorm = 45.9182, GNorm = 1.0061, lr_0 = 3.6229e-04
Loss = 1.9556e-03, PNorm = 45.9367, GNorm = 0.6489, lr_0 = 3.6105e-04
Loss = 2.8052e-03, PNorm = 45.9450, GNorm = 0.7956, lr_0 = 3.5981e-04
Loss = 2.7864e-03, PNorm = 45.9540, GNorm = 0.7927, lr_0 = 3.5857e-04
Loss = 2.0136e-03, PNorm = 45.9651, GNorm = 0.2312, lr_0 = 3.5734e-04
Validation rmse = 0.997078
Epoch 19
Loss = 3.1534e-03, PNorm = 45.9763, GNorm = 1.1313, lr_0 = 3.5611e-04
Loss = 2.1075e-03, PNorm = 45.9883, GNorm = 0.8798, lr_0 = 3.5489e-04
Loss = 3.0236e-03, PNorm = 45.9970, GNorm = 1.2511, lr_0 = 3.5367e-04
Loss = 2.1971e-03, PNorm = 46.0000, GNorm = 0.6042, lr_0 = 3.5245e-04
Loss = 1.9791e-03, PNorm = 46.0107, GNorm = 0.7923, lr_0 = 3.5124e-04
Loss = 2.4372e-03, PNorm = 46.0270, GNorm = 0.3835, lr_0 = 3.5003e-04
Loss = 2.3147e-03, PNorm = 46.0424, GNorm = 0.4469, lr_0 = 3.4883e-04
Loss = 1.9094e-03, PNorm = 46.0526, GNorm = 0.4851, lr_0 = 3.4763e-04
Loss = 3.1537e-03, PNorm = 46.0673, GNorm = 0.4891, lr_0 = 3.4644e-04
Loss = 2.3141e-03, PNorm = 46.0826, GNorm = 0.8103, lr_0 = 3.4525e-04
Loss = 2.2381e-03, PNorm = 46.0924, GNorm = 0.3952, lr_0 = 3.4406e-04
Loss = 3.3588e-03, PNorm = 46.1097, GNorm = 0.6183, lr_0 = 3.4288e-04
Loss = 2.0579e-03, PNorm = 46.1242, GNorm = 0.8698, lr_0 = 3.4170e-04
Loss = 2.3432e-03, PNorm = 46.1398, GNorm = 0.5198, lr_0 = 3.4052e-04
Loss = 2.4267e-03, PNorm = 46.1554, GNorm = 0.7903, lr_0 = 3.3935e-04
Loss = 2.0564e-03, PNorm = 46.1630, GNorm = 0.5589, lr_0 = 3.3819e-04
Loss = 2.9280e-03, PNorm = 46.1681, GNorm = 0.5063, lr_0 = 3.3702e-04
Loss = 2.3815e-03, PNorm = 46.1819, GNorm = 0.4406, lr_0 = 3.3587e-04
Validation rmse = 1.007353
Epoch 20
Loss = 1.6033e-03, PNorm = 46.1924, GNorm = 0.3600, lr_0 = 3.3471e-04
Loss = 1.8642e-03, PNorm = 46.2008, GNorm = 0.5735, lr_0 = 3.3356e-04
Loss = 3.1656e-03, PNorm = 46.2125, GNorm = 0.7035, lr_0 = 3.3242e-04
Loss = 2.2961e-03, PNorm = 46.2214, GNorm = 0.4917, lr_0 = 3.3127e-04
Loss = 2.8961e-03, PNorm = 46.2290, GNorm = 0.5448, lr_0 = 3.3013e-04
Loss = 1.9096e-03, PNorm = 46.2396, GNorm = 0.4724, lr_0 = 3.2900e-04
Loss = 2.9295e-03, PNorm = 46.2517, GNorm = 0.5623, lr_0 = 3.2787e-04
Loss = 1.9555e-03, PNorm = 46.2631, GNorm = 0.3267, lr_0 = 3.2674e-04
Loss = 2.2176e-03, PNorm = 46.2705, GNorm = 0.5197, lr_0 = 3.2562e-04
Loss = 2.0439e-03, PNorm = 46.2754, GNorm = 0.5225, lr_0 = 3.2450e-04
Loss = 2.4167e-03, PNorm = 46.2836, GNorm = 0.5404, lr_0 = 3.2338e-04
Loss = 2.6588e-03, PNorm = 46.3000, GNorm = 1.0854, lr_0 = 3.2227e-04
Loss = 3.2963e-03, PNorm = 46.3133, GNorm = 1.0614, lr_0 = 3.2117e-04
Loss = 2.0430e-03, PNorm = 46.3253, GNorm = 0.6020, lr_0 = 3.2006e-04
Loss = 2.1473e-03, PNorm = 46.3380, GNorm = 0.4397, lr_0 = 3.1896e-04
Loss = 2.0873e-03, PNorm = 46.3475, GNorm = 0.5469, lr_0 = 3.1787e-04
Loss = 3.0581e-03, PNorm = 46.3620, GNorm = 0.6731, lr_0 = 3.1677e-04
Validation rmse = 1.040820
Epoch 21
Loss = 3.3930e-03, PNorm = 46.3753, GNorm = 0.5179, lr_0 = 3.1568e-04
Loss = 2.2317e-03, PNorm = 46.3907, GNorm = 0.9479, lr_0 = 3.1460e-04
Loss = 2.0711e-03, PNorm = 46.4042, GNorm = 0.4381, lr_0 = 3.1352e-04
Loss = 2.1822e-03, PNorm = 46.4142, GNorm = 0.4808, lr_0 = 3.1244e-04
Loss = 2.7587e-03, PNorm = 46.4222, GNorm = 0.7107, lr_0 = 3.1137e-04
Loss = 1.7297e-03, PNorm = 46.4299, GNorm = 0.6028, lr_0 = 3.1030e-04
Loss = 2.0782e-03, PNorm = 46.4365, GNorm = 0.9021, lr_0 = 3.0923e-04
Loss = 2.0313e-03, PNorm = 46.4421, GNorm = 0.4203, lr_0 = 3.0817e-04
Loss = 2.4468e-03, PNorm = 46.4527, GNorm = 0.5075, lr_0 = 3.0711e-04
Loss = 2.8049e-03, PNorm = 46.4630, GNorm = 0.7565, lr_0 = 3.0605e-04
Loss = 1.9231e-03, PNorm = 46.4735, GNorm = 0.7461, lr_0 = 3.0500e-04
Loss = 2.1938e-03, PNorm = 46.4838, GNorm = 0.6506, lr_0 = 3.0395e-04
Loss = 2.1560e-03, PNorm = 46.4964, GNorm = 0.6480, lr_0 = 3.0291e-04
Loss = 2.4151e-03, PNorm = 46.5047, GNorm = 0.4190, lr_0 = 3.0187e-04
Loss = 1.8114e-03, PNorm = 46.5125, GNorm = 0.4247, lr_0 = 3.0083e-04
Loss = 3.5397e-03, PNorm = 46.5199, GNorm = 0.5263, lr_0 = 2.9979e-04
Loss = 1.8394e-03, PNorm = 46.5276, GNorm = 0.5890, lr_0 = 2.9876e-04
Loss = 2.1556e-03, PNorm = 46.5348, GNorm = 0.5224, lr_0 = 2.9774e-04
Validation rmse = 1.026557
Epoch 22
Loss = 2.0339e-03, PNorm = 46.5413, GNorm = 0.5442, lr_0 = 2.9671e-04
Loss = 1.9575e-03, PNorm = 46.5548, GNorm = 1.0132, lr_0 = 2.9569e-04
Loss = 2.1459e-03, PNorm = 46.5630, GNorm = 0.4001, lr_0 = 2.9468e-04
Loss = 2.4259e-03, PNorm = 46.5672, GNorm = 0.5122, lr_0 = 2.9367e-04
Loss = 2.3405e-03, PNorm = 46.5780, GNorm = 0.4836, lr_0 = 2.9266e-04
Loss = 2.4663e-03, PNorm = 46.5871, GNorm = 0.6498, lr_0 = 2.9165e-04
Loss = 2.1662e-03, PNorm = 46.5960, GNorm = 0.4006, lr_0 = 2.9065e-04
Loss = 2.9893e-03, PNorm = 46.6013, GNorm = 0.5197, lr_0 = 2.8965e-04
Loss = 3.3220e-03, PNorm = 46.6080, GNorm = 0.8979, lr_0 = 2.8865e-04
Loss = 2.2062e-03, PNorm = 46.6162, GNorm = 0.8801, lr_0 = 2.8766e-04
Loss = 1.6122e-03, PNorm = 46.6228, GNorm = 0.4645, lr_0 = 2.8667e-04
Loss = 2.1823e-03, PNorm = 46.6316, GNorm = 0.7403, lr_0 = 2.8569e-04
Loss = 2.1101e-03, PNorm = 46.6426, GNorm = 0.6521, lr_0 = 2.8471e-04
Loss = 1.8575e-03, PNorm = 46.6518, GNorm = 0.4420, lr_0 = 2.8373e-04
Loss = 1.8892e-03, PNorm = 46.6536, GNorm = 0.4225, lr_0 = 2.8275e-04
Loss = 2.1323e-03, PNorm = 46.6628, GNorm = 0.5562, lr_0 = 2.8178e-04
Loss = 2.3783e-03, PNorm = 46.6725, GNorm = 0.7053, lr_0 = 2.8081e-04
Validation rmse = 1.079413
Epoch 23
Loss = 3.3313e-03, PNorm = 46.6832, GNorm = 0.9929, lr_0 = 2.7985e-04
Loss = 1.7029e-03, PNorm = 46.6935, GNorm = 0.4397, lr_0 = 2.7888e-04
Loss = 1.4859e-03, PNorm = 46.7024, GNorm = 0.3119, lr_0 = 2.7793e-04
Loss = 1.9702e-03, PNorm = 46.7098, GNorm = 0.5910, lr_0 = 2.7697e-04
Loss = 2.0259e-03, PNorm = 46.7101, GNorm = 0.5557, lr_0 = 2.7602e-04
Loss = 3.2705e-03, PNorm = 46.7190, GNorm = 0.6429, lr_0 = 2.7507e-04
Loss = 2.9375e-03, PNorm = 46.7308, GNorm = 1.1158, lr_0 = 2.7412e-04
Loss = 2.3980e-03, PNorm = 46.7388, GNorm = 0.8035, lr_0 = 2.7318e-04
Loss = 1.9225e-03, PNorm = 46.7484, GNorm = 0.4729, lr_0 = 2.7224e-04
Loss = 1.9610e-03, PNorm = 46.7605, GNorm = 0.7076, lr_0 = 2.7131e-04
Loss = 2.2089e-03, PNorm = 46.7719, GNorm = 0.9197, lr_0 = 2.7038e-04
Loss = 2.7115e-03, PNorm = 46.7782, GNorm = 0.4118, lr_0 = 2.6945e-04
Loss = 1.9739e-03, PNorm = 46.7893, GNorm = 0.9178, lr_0 = 2.6852e-04
Loss = 1.6826e-03, PNorm = 46.7963, GNorm = 0.4228, lr_0 = 2.6760e-04
Loss = 1.8683e-03, PNorm = 46.8022, GNorm = 0.4578, lr_0 = 2.6668e-04
Loss = 2.0563e-03, PNorm = 46.8069, GNorm = 0.5439, lr_0 = 2.6576e-04
Loss = 2.5024e-03, PNorm = 46.8130, GNorm = 0.6711, lr_0 = 2.6485e-04
Loss = 2.0171e-03, PNorm = 46.8213, GNorm = 0.7639, lr_0 = 2.6394e-04
Validation rmse = 1.084786
Epoch 24
Loss = 2.3044e-03, PNorm = 46.8334, GNorm = 0.7627, lr_0 = 2.6303e-04
Loss = 2.5020e-03, PNorm = 46.8458, GNorm = 0.4556, lr_0 = 2.6213e-04
Loss = 3.2955e-03, PNorm = 46.8562, GNorm = 1.2921, lr_0 = 2.6123e-04
Loss = 1.9221e-03, PNorm = 46.8630, GNorm = 0.7852, lr_0 = 2.6033e-04
Loss = 1.9764e-03, PNorm = 46.8702, GNorm = 0.5014, lr_0 = 2.5943e-04
Loss = 1.8929e-03, PNorm = 46.8826, GNorm = 0.5841, lr_0 = 2.5854e-04
Loss = 2.6321e-03, PNorm = 46.8936, GNorm = 0.5484, lr_0 = 2.5765e-04
Loss = 1.7475e-03, PNorm = 46.9006, GNorm = 0.7911, lr_0 = 2.5677e-04
Loss = 1.6581e-03, PNorm = 46.9080, GNorm = 0.5128, lr_0 = 2.5588e-04
Loss = 2.4621e-03, PNorm = 46.9150, GNorm = 0.4596, lr_0 = 2.5501e-04
Loss = 2.1329e-03, PNorm = 46.9211, GNorm = 0.8875, lr_0 = 2.5413e-04
Loss = 2.0895e-03, PNorm = 46.9279, GNorm = 0.5535, lr_0 = 2.5326e-04
Loss = 2.0661e-03, PNorm = 46.9358, GNorm = 0.9940, lr_0 = 2.5238e-04
Loss = 2.5883e-03, PNorm = 46.9461, GNorm = 0.4542, lr_0 = 2.5152e-04
Loss = 2.3574e-03, PNorm = 46.9551, GNorm = 0.9515, lr_0 = 2.5065e-04
Loss = 1.8869e-03, PNorm = 46.9647, GNorm = 0.4775, lr_0 = 2.4979e-04
Loss = 1.8301e-03, PNorm = 46.9709, GNorm = 0.8047, lr_0 = 2.4893e-04
Loss = 2.2636e-03, PNorm = 46.9741, GNorm = 0.6462, lr_0 = 2.4808e-04
Validation rmse = 1.077390
Epoch 25
Loss = 1.5786e-03, PNorm = 46.9791, GNorm = 0.4518, lr_0 = 2.4722e-04
Loss = 1.8114e-03, PNorm = 46.9840, GNorm = 0.6922, lr_0 = 2.4638e-04
Loss = 2.4399e-03, PNorm = 46.9910, GNorm = 0.4850, lr_0 = 2.4553e-04
Loss = 1.8401e-03, PNorm = 46.9987, GNorm = 1.0211, lr_0 = 2.4468e-04
Loss = 1.6032e-03, PNorm = 47.0064, GNorm = 0.8688, lr_0 = 2.4384e-04
Loss = 1.9892e-03, PNorm = 47.0134, GNorm = 0.4333, lr_0 = 2.4301e-04
Loss = 1.5888e-03, PNorm = 47.0228, GNorm = 0.6453, lr_0 = 2.4217e-04
Loss = 2.3234e-03, PNorm = 47.0306, GNorm = 0.8943, lr_0 = 2.4134e-04
Loss = 2.7714e-03, PNorm = 47.0387, GNorm = 0.4805, lr_0 = 2.4051e-04
Loss = 2.2589e-03, PNorm = 47.0457, GNorm = 0.9490, lr_0 = 2.3968e-04
Loss = 3.6640e-03, PNorm = 47.0530, GNorm = 1.1477, lr_0 = 2.3886e-04
Loss = 2.0814e-03, PNorm = 47.0639, GNorm = 0.4187, lr_0 = 2.3804e-04
Loss = 2.0342e-03, PNorm = 47.0680, GNorm = 0.4619, lr_0 = 2.3722e-04
Loss = 1.8686e-03, PNorm = 47.0762, GNorm = 0.5025, lr_0 = 2.3640e-04
Loss = 1.5436e-03, PNorm = 47.0845, GNorm = 0.7664, lr_0 = 2.3559e-04
Loss = 2.3552e-03, PNorm = 47.0931, GNorm = 0.4196, lr_0 = 2.3478e-04
Loss = 2.0144e-03, PNorm = 47.1004, GNorm = 0.4613, lr_0 = 2.3397e-04
Validation rmse = 1.058598
Epoch 26
Loss = 2.1795e-03, PNorm = 47.1066, GNorm = 0.6142, lr_0 = 2.3317e-04
Loss = 1.9090e-03, PNorm = 47.1129, GNorm = 0.6662, lr_0 = 2.3237e-04
Loss = 1.6332e-03, PNorm = 47.1151, GNorm = 0.5094, lr_0 = 2.3157e-04
Loss = 2.0024e-03, PNorm = 47.1198, GNorm = 1.1718, lr_0 = 2.3077e-04
Loss = 1.8040e-03, PNorm = 47.1260, GNorm = 0.9358, lr_0 = 2.2998e-04
Loss = 2.1331e-03, PNorm = 47.1332, GNorm = 0.4455, lr_0 = 2.2919e-04
Loss = 1.9481e-03, PNorm = 47.1430, GNorm = 0.6663, lr_0 = 2.2840e-04
Loss = 2.5130e-03, PNorm = 47.1514, GNorm = 0.5239, lr_0 = 2.2762e-04
Loss = 3.0105e-03, PNorm = 47.1563, GNorm = 0.4795, lr_0 = 2.2684e-04
Loss = 2.0902e-03, PNorm = 47.1633, GNorm = 0.3924, lr_0 = 2.2606e-04
Loss = 2.0952e-03, PNorm = 47.1700, GNorm = 0.5597, lr_0 = 2.2528e-04
Loss = 1.5757e-03, PNorm = 47.1775, GNorm = 0.5665, lr_0 = 2.2451e-04
Loss = 1.9088e-03, PNorm = 47.1851, GNorm = 0.5951, lr_0 = 2.2373e-04
Loss = 2.2519e-03, PNorm = 47.1921, GNorm = 0.7371, lr_0 = 2.2296e-04
Loss = 1.7391e-03, PNorm = 47.1994, GNorm = 0.4528, lr_0 = 2.2220e-04
Loss = 1.9577e-03, PNorm = 47.2076, GNorm = 0.5494, lr_0 = 2.2143e-04
Loss = 3.0949e-03, PNorm = 47.2180, GNorm = 0.4839, lr_0 = 2.2067e-04
Loss = 2.0254e-03, PNorm = 47.2288, GNorm = 0.4959, lr_0 = 2.1991e-04
Validation rmse = 1.045179
Epoch 27
Loss = 1.7252e-03, PNorm = 47.2372, GNorm = 0.8316, lr_0 = 2.1916e-04
Loss = 1.6099e-03, PNorm = 47.2422, GNorm = 0.6544, lr_0 = 2.1841e-04
Loss = 2.6725e-03, PNorm = 47.2465, GNorm = 1.6281, lr_0 = 2.1766e-04
Loss = 2.5051e-03, PNorm = 47.2524, GNorm = 1.2347, lr_0 = 2.1691e-04
Loss = 1.7855e-03, PNorm = 47.2585, GNorm = 0.5510, lr_0 = 2.1616e-04
Loss = 1.7719e-03, PNorm = 47.2621, GNorm = 0.4578, lr_0 = 2.1542e-04
Loss = 2.0414e-03, PNorm = 47.2702, GNorm = 0.5270, lr_0 = 2.1468e-04
Loss = 1.8885e-03, PNorm = 47.2798, GNorm = 0.4623, lr_0 = 2.1394e-04
Loss = 2.7164e-03, PNorm = 47.2865, GNorm = 0.5502, lr_0 = 2.1321e-04
Loss = 1.8699e-03, PNorm = 47.2922, GNorm = 0.5944, lr_0 = 2.1247e-04
Loss = 1.8337e-03, PNorm = 47.2996, GNorm = 0.8930, lr_0 = 2.1174e-04
Loss = 1.8598e-03, PNorm = 47.3068, GNorm = 0.4092, lr_0 = 2.1101e-04
Loss = 2.0526e-03, PNorm = 47.3117, GNorm = 0.5964, lr_0 = 2.1029e-04
Loss = 1.8521e-03, PNorm = 47.3177, GNorm = 0.4185, lr_0 = 2.0957e-04
Loss = 2.2091e-03, PNorm = 47.3251, GNorm = 0.6866, lr_0 = 2.0885e-04
Loss = 2.4704e-03, PNorm = 47.3349, GNorm = 0.4475, lr_0 = 2.0813e-04
Loss = 2.0384e-03, PNorm = 47.3422, GNorm = 0.6251, lr_0 = 2.0741e-04
Validation rmse = 1.080819
Epoch 28
Loss = 1.2622e-03, PNorm = 47.3468, GNorm = 0.3542, lr_0 = 2.0670e-04
Loss = 2.0677e-03, PNorm = 47.3541, GNorm = 0.5494, lr_0 = 2.0599e-04
Loss = 1.8523e-03, PNorm = 47.3629, GNorm = 0.6436, lr_0 = 2.0528e-04
Loss = 2.7947e-03, PNorm = 47.3717, GNorm = 0.6615, lr_0 = 2.0458e-04
Loss = 2.4289e-03, PNorm = 47.3797, GNorm = 0.6701, lr_0 = 2.0387e-04
Loss = 2.0464e-03, PNorm = 47.3830, GNorm = 0.4189, lr_0 = 2.0317e-04
Loss = 1.6977e-03, PNorm = 47.3851, GNorm = 0.5018, lr_0 = 2.0247e-04
Loss = 1.6679e-03, PNorm = 47.3893, GNorm = 0.4451, lr_0 = 2.0178e-04
Loss = 1.8803e-03, PNorm = 47.3927, GNorm = 0.5455, lr_0 = 2.0108e-04
Loss = 1.7403e-03, PNorm = 47.3973, GNorm = 0.4453, lr_0 = 2.0039e-04
Loss = 1.9213e-03, PNorm = 47.4016, GNorm = 0.5964, lr_0 = 1.9970e-04
Loss = 2.0762e-03, PNorm = 47.4039, GNorm = 0.6191, lr_0 = 1.9902e-04
Loss = 1.9836e-03, PNorm = 47.4115, GNorm = 0.8861, lr_0 = 1.9833e-04
Loss = 1.6101e-03, PNorm = 47.4192, GNorm = 0.5390, lr_0 = 1.9765e-04
Loss = 2.3324e-03, PNorm = 47.4238, GNorm = 0.5502, lr_0 = 1.9697e-04
Loss = 1.5824e-03, PNorm = 47.4292, GNorm = 0.4609, lr_0 = 1.9630e-04
Loss = 2.4092e-03, PNorm = 47.4361, GNorm = 0.7177, lr_0 = 1.9562e-04
Loss = 2.2535e-03, PNorm = 47.4411, GNorm = 0.4405, lr_0 = 1.9495e-04
Validation rmse = 1.078347
Epoch 29
Loss = 1.8398e-03, PNorm = 47.4464, GNorm = 0.7461, lr_0 = 1.9428e-04
Loss = 2.1007e-03, PNorm = 47.4545, GNorm = 0.3409, lr_0 = 1.9361e-04
Loss = 1.5646e-03, PNorm = 47.4630, GNorm = 0.6009, lr_0 = 1.9295e-04
Loss = 1.4475e-03, PNorm = 47.4680, GNorm = 0.4130, lr_0 = 1.9228e-04
Loss = 1.8540e-03, PNorm = 47.4735, GNorm = 0.6417, lr_0 = 1.9162e-04
Loss = 1.8155e-03, PNorm = 47.4781, GNorm = 0.4123, lr_0 = 1.9096e-04
Loss = 2.0840e-03, PNorm = 47.4825, GNorm = 1.0084, lr_0 = 1.9031e-04
Loss = 1.7833e-03, PNorm = 47.4863, GNorm = 0.8740, lr_0 = 1.8965e-04
Loss = 1.8007e-03, PNorm = 47.4914, GNorm = 0.9441, lr_0 = 1.8900e-04
Loss = 1.6440e-03, PNorm = 47.4958, GNorm = 0.6906, lr_0 = 1.8835e-04
Loss = 1.8028e-03, PNorm = 47.4997, GNorm = 0.5219, lr_0 = 1.8770e-04
Loss = 1.6649e-03, PNorm = 47.5061, GNorm = 1.2484, lr_0 = 1.8706e-04
Loss = 2.5493e-03, PNorm = 47.5111, GNorm = 0.7531, lr_0 = 1.8642e-04
Loss = 2.6492e-03, PNorm = 47.5141, GNorm = 0.7154, lr_0 = 1.8578e-04
Loss = 1.9742e-03, PNorm = 47.5182, GNorm = 0.7408, lr_0 = 1.8514e-04
Loss = 2.2192e-03, PNorm = 47.5236, GNorm = 0.5282, lr_0 = 1.8450e-04
Loss = 1.7761e-03, PNorm = 47.5321, GNorm = 0.5739, lr_0 = 1.8387e-04
Loss = 2.6644e-03, PNorm = 47.5408, GNorm = 0.4802, lr_0 = 1.8323e-04
Validation rmse = 1.066473
Epoch 30
Loss = 2.1575e-03, PNorm = 47.5451, GNorm = 0.8907, lr_0 = 1.8261e-04
Loss = 1.5437e-03, PNorm = 47.5487, GNorm = 0.3892, lr_0 = 1.8198e-04
Loss = 2.0358e-03, PNorm = 47.5550, GNorm = 0.5115, lr_0 = 1.8135e-04
Loss = 1.8768e-03, PNorm = 47.5596, GNorm = 0.7583, lr_0 = 1.8073e-04
Loss = 2.1620e-03, PNorm = 47.5629, GNorm = 0.8907, lr_0 = 1.8011e-04
Loss = 1.7308e-03, PNorm = 47.5695, GNorm = 0.4276, lr_0 = 1.7949e-04
Loss = 1.9772e-03, PNorm = 47.5755, GNorm = 0.4517, lr_0 = 1.7887e-04
Loss = 2.3188e-03, PNorm = 47.5792, GNorm = 2.3736, lr_0 = 1.7826e-04
Loss = 2.4790e-03, PNorm = 47.5858, GNorm = 1.4271, lr_0 = 1.7764e-04
Loss = 2.0830e-03, PNorm = 47.5939, GNorm = 0.9486, lr_0 = 1.7703e-04
Loss = 1.7396e-03, PNorm = 47.6005, GNorm = 0.6593, lr_0 = 1.7643e-04
Loss = 2.0638e-03, PNorm = 47.6036, GNorm = 0.5161, lr_0 = 1.7582e-04
Loss = 1.8105e-03, PNorm = 47.6087, GNorm = 0.4902, lr_0 = 1.7521e-04
Loss = 1.8506e-03, PNorm = 47.6131, GNorm = 0.4243, lr_0 = 1.7461e-04
Loss = 2.0948e-03, PNorm = 47.6195, GNorm = 0.7209, lr_0 = 1.7401e-04
Loss = 1.8870e-03, PNorm = 47.6249, GNorm = 0.4055, lr_0 = 1.7341e-04
Loss = 1.3947e-03, PNorm = 47.6292, GNorm = 1.0337, lr_0 = 1.7282e-04
Validation rmse = 1.065166
Epoch 31
Loss = 1.6246e-03, PNorm = 47.6331, GNorm = 0.4442, lr_0 = 1.7222e-04
Loss = 2.0732e-03, PNorm = 47.6381, GNorm = 1.0915, lr_0 = 1.7163e-04
Loss = 1.8460e-03, PNorm = 47.6425, GNorm = 0.5124, lr_0 = 1.7104e-04
Loss = 2.2973e-03, PNorm = 47.6452, GNorm = 0.6016, lr_0 = 1.7045e-04
Loss = 2.3334e-03, PNorm = 47.6476, GNorm = 0.4320, lr_0 = 1.6987e-04
Loss = 2.5048e-03, PNorm = 47.6525, GNorm = 0.4958, lr_0 = 1.6928e-04
Loss = 2.0139e-03, PNorm = 47.6588, GNorm = 0.4784, lr_0 = 1.6870e-04
Loss = 1.6813e-03, PNorm = 47.6648, GNorm = 0.4140, lr_0 = 1.6812e-04
Loss = 1.8275e-03, PNorm = 47.6683, GNorm = 0.6209, lr_0 = 1.6755e-04
Loss = 1.6458e-03, PNorm = 47.6721, GNorm = 0.3778, lr_0 = 1.6697e-04
Loss = 1.7432e-03, PNorm = 47.6760, GNorm = 0.6910, lr_0 = 1.6640e-04
Loss = 1.6487e-03, PNorm = 47.6808, GNorm = 0.4673, lr_0 = 1.6582e-04
Loss = 1.5961e-03, PNorm = 47.6892, GNorm = 0.4290, lr_0 = 1.6525e-04
Loss = 1.6679e-03, PNorm = 47.6962, GNorm = 0.6109, lr_0 = 1.6469e-04
Loss = 1.7213e-03, PNorm = 47.6989, GNorm = 0.4451, lr_0 = 1.6412e-04
Loss = 1.7208e-03, PNorm = 47.7024, GNorm = 0.5108, lr_0 = 1.6356e-04
Loss = 1.8247e-03, PNorm = 47.7056, GNorm = 0.6849, lr_0 = 1.6299e-04
Loss = 1.8916e-03, PNorm = 47.7108, GNorm = 0.6562, lr_0 = 1.6243e-04
Validation rmse = 1.081276
Epoch 32
Loss = 1.1551e-03, PNorm = 47.7161, GNorm = 0.6555, lr_0 = 1.6188e-04
Loss = 2.0869e-03, PNorm = 47.7201, GNorm = 0.4242, lr_0 = 1.6132e-04
Loss = 2.6616e-03, PNorm = 47.7229, GNorm = 0.6013, lr_0 = 1.6076e-04
Loss = 2.3223e-03, PNorm = 47.7307, GNorm = 1.8013, lr_0 = 1.6021e-04
Loss = 2.1868e-03, PNorm = 47.7409, GNorm = 1.3016, lr_0 = 1.5966e-04
Loss = 2.1322e-03, PNorm = 47.7452, GNorm = 0.5963, lr_0 = 1.5911e-04
Loss = 1.3778e-03, PNorm = 47.7499, GNorm = 0.4970, lr_0 = 1.5857e-04
Loss = 1.5275e-03, PNorm = 47.7547, GNorm = 0.5752, lr_0 = 1.5802e-04
Loss = 1.7935e-03, PNorm = 47.7594, GNorm = 1.1023, lr_0 = 1.5748e-04
Loss = 1.6612e-03, PNorm = 47.7632, GNorm = 1.3044, lr_0 = 1.5694e-04
Loss = 1.9128e-03, PNorm = 47.7665, GNorm = 0.5636, lr_0 = 1.5640e-04
Loss = 1.9669e-03, PNorm = 47.7719, GNorm = 1.1064, lr_0 = 1.5586e-04
Loss = 1.6148e-03, PNorm = 47.7770, GNorm = 0.7243, lr_0 = 1.5532e-04
Loss = 1.7163e-03, PNorm = 47.7818, GNorm = 0.9603, lr_0 = 1.5479e-04
Loss = 2.2593e-03, PNorm = 47.7871, GNorm = 0.8816, lr_0 = 1.5426e-04
Loss = 1.7129e-03, PNorm = 47.7922, GNorm = 0.5985, lr_0 = 1.5373e-04
Loss = 1.5854e-03, PNorm = 47.7941, GNorm = 0.6321, lr_0 = 1.5320e-04
Validation rmse = 1.095810
Epoch 33
Loss = 2.8338e-03, PNorm = 47.7955, GNorm = 0.4578, lr_0 = 1.5267e-04
Loss = 1.5025e-03, PNorm = 47.7991, GNorm = 0.5922, lr_0 = 1.5215e-04
Loss = 1.8935e-03, PNorm = 47.8042, GNorm = 0.3647, lr_0 = 1.5163e-04
Loss = 1.9057e-03, PNorm = 47.8095, GNorm = 0.8812, lr_0 = 1.5110e-04
Loss = 2.0918e-03, PNorm = 47.8156, GNorm = 0.4233, lr_0 = 1.5058e-04
Loss = 2.0461e-03, PNorm = 47.8214, GNorm = 0.6414, lr_0 = 1.5007e-04
Loss = 1.4660e-03, PNorm = 47.8246, GNorm = 0.4521, lr_0 = 1.4955e-04
Loss = 2.2114e-03, PNorm = 47.8291, GNorm = 0.9329, lr_0 = 1.4904e-04
Loss = 1.6265e-03, PNorm = 47.8311, GNorm = 0.8907, lr_0 = 1.4853e-04
Loss = 1.8885e-03, PNorm = 47.8338, GNorm = 0.3607, lr_0 = 1.4801e-04
Loss = 1.4821e-03, PNorm = 47.8386, GNorm = 0.4886, lr_0 = 1.4751e-04
Loss = 1.5690e-03, PNorm = 47.8429, GNorm = 0.6639, lr_0 = 1.4700e-04
Loss = 2.1363e-03, PNorm = 47.8480, GNorm = 0.7040, lr_0 = 1.4649e-04
Loss = 1.7252e-03, PNorm = 47.8528, GNorm = 1.0187, lr_0 = 1.4599e-04
Loss = 2.1175e-03, PNorm = 47.8551, GNorm = 1.3322, lr_0 = 1.4549e-04
Loss = 1.5121e-03, PNorm = 47.8578, GNorm = 0.5200, lr_0 = 1.4499e-04
Loss = 2.1493e-03, PNorm = 47.8627, GNorm = 0.7395, lr_0 = 1.4449e-04
Loss = 1.8219e-03, PNorm = 47.8651, GNorm = 0.9370, lr_0 = 1.4399e-04
Validation rmse = 1.124579
Epoch 34
Loss = 1.9500e-03, PNorm = 47.8694, GNorm = 0.8630, lr_0 = 1.4350e-04
Loss = 1.3923e-03, PNorm = 47.8741, GNorm = 1.0640, lr_0 = 1.4301e-04
Loss = 2.3659e-03, PNorm = 47.8776, GNorm = 0.4901, lr_0 = 1.4251e-04
Loss = 1.6735e-03, PNorm = 47.8828, GNorm = 1.4127, lr_0 = 1.4202e-04
Loss = 1.8639e-03, PNorm = 47.8890, GNorm = 1.2138, lr_0 = 1.4154e-04
Loss = 1.8074e-03, PNorm = 47.8916, GNorm = 1.2078, lr_0 = 1.4105e-04
Loss = 1.6976e-03, PNorm = 47.8966, GNorm = 0.5203, lr_0 = 1.4056e-04
Loss = 1.5851e-03, PNorm = 47.9001, GNorm = 0.3632, lr_0 = 1.4008e-04
Loss = 1.4192e-03, PNorm = 47.9030, GNorm = 0.6707, lr_0 = 1.3960e-04
Loss = 1.6377e-03, PNorm = 47.9062, GNorm = 0.5950, lr_0 = 1.3912e-04
Loss = 1.7283e-03, PNorm = 47.9092, GNorm = 0.4965, lr_0 = 1.3864e-04
Loss = 1.6613e-03, PNorm = 47.9140, GNorm = 0.4405, lr_0 = 1.3817e-04
Loss = 2.5498e-03, PNorm = 47.9193, GNorm = 1.0104, lr_0 = 1.3769e-04
Loss = 1.5570e-03, PNorm = 47.9225, GNorm = 0.4624, lr_0 = 1.3722e-04
Loss = 1.6716e-03, PNorm = 47.9245, GNorm = 0.9550, lr_0 = 1.3675e-04
Loss = 2.5745e-03, PNorm = 47.9295, GNorm = 0.5993, lr_0 = 1.3628e-04
Loss = 1.6348e-03, PNorm = 47.9342, GNorm = 0.8102, lr_0 = 1.3581e-04
Loss = 1.9299e-03, PNorm = 47.9391, GNorm = 0.9799, lr_0 = 1.3534e-04
Validation rmse = 1.097630
Epoch 35
Loss = 1.6844e-03, PNorm = 47.9457, GNorm = 0.5099, lr_0 = 1.3488e-04
Loss = 1.5038e-03, PNorm = 47.9500, GNorm = 0.5420, lr_0 = 1.3441e-04
Loss = 2.0457e-03, PNorm = 47.9528, GNorm = 1.6483, lr_0 = 1.3395e-04
Loss = 1.6921e-03, PNorm = 47.9565, GNorm = 0.4804, lr_0 = 1.3349e-04
Loss = 1.7576e-03, PNorm = 47.9610, GNorm = 0.5368, lr_0 = 1.3303e-04
Loss = 1.8295e-03, PNorm = 47.9640, GNorm = 0.9851, lr_0 = 1.3257e-04
Loss = 1.8052e-03, PNorm = 47.9676, GNorm = 0.4336, lr_0 = 1.3212e-04
Loss = 1.6469e-03, PNorm = 47.9725, GNorm = 0.4382, lr_0 = 1.3166e-04
Loss = 1.9805e-03, PNorm = 47.9779, GNorm = 0.7301, lr_0 = 1.3121e-04
Loss = 2.2846e-03, PNorm = 47.9810, GNorm = 0.5949, lr_0 = 1.3076e-04
Loss = 1.5488e-03, PNorm = 47.9826, GNorm = 0.8356, lr_0 = 1.3031e-04
Loss = 1.5770e-03, PNorm = 47.9850, GNorm = 0.4337, lr_0 = 1.2986e-04
Loss = 1.9386e-03, PNorm = 47.9874, GNorm = 0.6043, lr_0 = 1.2942e-04
Loss = 1.9154e-03, PNorm = 47.9912, GNorm = 0.6186, lr_0 = 1.2897e-04
Loss = 1.4123e-03, PNorm = 47.9966, GNorm = 0.5468, lr_0 = 1.2853e-04
Loss = 2.4811e-03, PNorm = 47.9989, GNorm = 0.7021, lr_0 = 1.2809e-04
Loss = 1.8895e-03, PNorm = 48.0012, GNorm = 0.9947, lr_0 = 1.2765e-04
Validation rmse = 1.112113
Epoch 36
Loss = 2.1086e-03, PNorm = 48.0047, GNorm = 1.1714, lr_0 = 1.2721e-04
Loss = 1.8278e-03, PNorm = 48.0078, GNorm = 0.8557, lr_0 = 1.2677e-04
Loss = 2.4753e-03, PNorm = 48.0121, GNorm = 0.6564, lr_0 = 1.2634e-04
Loss = 1.5216e-03, PNorm = 48.0157, GNorm = 0.6752, lr_0 = 1.2590e-04
Loss = 1.7421e-03, PNorm = 48.0178, GNorm = 0.4269, lr_0 = 1.2547e-04
Loss = 1.4134e-03, PNorm = 48.0217, GNorm = 0.5753, lr_0 = 1.2504e-04
Loss = 1.7522e-03, PNorm = 48.0255, GNorm = 0.9063, lr_0 = 1.2461e-04
Loss = 1.6263e-03, PNorm = 48.0291, GNorm = 0.5044, lr_0 = 1.2418e-04
Loss = 1.6980e-03, PNorm = 48.0348, GNorm = 0.4814, lr_0 = 1.2375e-04
Loss = 1.7032e-03, PNorm = 48.0388, GNorm = 0.7370, lr_0 = 1.2333e-04
Loss = 1.8324e-03, PNorm = 48.0422, GNorm = 0.4832, lr_0 = 1.2290e-04
Loss = 1.5836e-03, PNorm = 48.0453, GNorm = 0.4965, lr_0 = 1.2248e-04
Loss = 1.5508e-03, PNorm = 48.0482, GNorm = 1.1448, lr_0 = 1.2206e-04
Loss = 1.9815e-03, PNorm = 48.0487, GNorm = 0.4591, lr_0 = 1.2164e-04
Loss = 1.4356e-03, PNorm = 48.0510, GNorm = 0.6427, lr_0 = 1.2122e-04
Loss = 2.0475e-03, PNorm = 48.0544, GNorm = 0.6616, lr_0 = 1.2081e-04
Loss = 1.9951e-03, PNorm = 48.0567, GNorm = 0.4524, lr_0 = 1.2039e-04
Loss = 1.7499e-03, PNorm = 48.0595, GNorm = 0.8413, lr_0 = 1.1998e-04
Validation rmse = 1.129636
Epoch 37
Loss = 1.4094e-03, PNorm = 48.0623, GNorm = 0.5817, lr_0 = 1.1956e-04
Loss = 1.7615e-03, PNorm = 48.0654, GNorm = 0.7206, lr_0 = 1.1915e-04
Loss = 1.5363e-03, PNorm = 48.0692, GNorm = 0.5410, lr_0 = 1.1874e-04
Loss = 2.4025e-03, PNorm = 48.0727, GNorm = 0.7915, lr_0 = 1.1834e-04
Loss = 1.9942e-03, PNorm = 48.0773, GNorm = 0.5933, lr_0 = 1.1793e-04
Loss = 1.3808e-03, PNorm = 48.0798, GNorm = 0.7925, lr_0 = 1.1752e-04
Loss = 1.4331e-03, PNorm = 48.0811, GNorm = 0.5225, lr_0 = 1.1712e-04
Loss = 1.7760e-03, PNorm = 48.0834, GNorm = 1.0439, lr_0 = 1.1672e-04
Loss = 1.8191e-03, PNorm = 48.0908, GNorm = 0.7568, lr_0 = 1.1632e-04
Loss = 1.8804e-03, PNorm = 48.0967, GNorm = 0.4651, lr_0 = 1.1592e-04
Loss = 1.9933e-03, PNorm = 48.1007, GNorm = 0.3748, lr_0 = 1.1552e-04
Loss = 1.4357e-03, PNorm = 48.1047, GNorm = 0.7054, lr_0 = 1.1512e-04
Loss = 1.4610e-03, PNorm = 48.1082, GNorm = 0.5305, lr_0 = 1.1473e-04
Loss = 1.9325e-03, PNorm = 48.1114, GNorm = 1.0580, lr_0 = 1.1433e-04
Loss = 2.2435e-03, PNorm = 48.1145, GNorm = 0.5219, lr_0 = 1.1394e-04
Loss = 1.5621e-03, PNorm = 48.1160, GNorm = 1.7127, lr_0 = 1.1355e-04
Loss = 1.6979e-03, PNorm = 48.1166, GNorm = 0.7360, lr_0 = 1.1316e-04
Validation rmse = 1.171273
Epoch 38
Loss = 1.3300e-03, PNorm = 48.1192, GNorm = 0.6387, lr_0 = 1.1277e-04
Loss = 1.6952e-03, PNorm = 48.1224, GNorm = 0.6077, lr_0 = 1.1238e-04
Loss = 1.4248e-03, PNorm = 48.1270, GNorm = 0.3634, lr_0 = 1.1199e-04
Loss = 2.1792e-03, PNorm = 48.1308, GNorm = 0.7564, lr_0 = 1.1161e-04
Loss = 1.5105e-03, PNorm = 48.1342, GNorm = 0.4424, lr_0 = 1.1122e-04
Loss = 1.7553e-03, PNorm = 48.1366, GNorm = 0.6495, lr_0 = 1.1084e-04
Loss = 1.8417e-03, PNorm = 48.1397, GNorm = 0.5535, lr_0 = 1.1046e-04
Loss = 1.2843e-03, PNorm = 48.1419, GNorm = 0.5596, lr_0 = 1.1008e-04
Loss = 1.9935e-03, PNorm = 48.1439, GNorm = 0.6170, lr_0 = 1.0970e-04
Loss = 1.7110e-03, PNorm = 48.1469, GNorm = 0.4743, lr_0 = 1.0933e-04
Loss = 1.3897e-03, PNorm = 48.1502, GNorm = 0.7846, lr_0 = 1.0895e-04
Loss = 2.4615e-03, PNorm = 48.1552, GNorm = 0.8843, lr_0 = 1.0858e-04
Loss = 1.7832e-03, PNorm = 48.1584, GNorm = 0.6293, lr_0 = 1.0820e-04
Loss = 1.1995e-03, PNorm = 48.1598, GNorm = 0.5296, lr_0 = 1.0783e-04
Loss = 1.9193e-03, PNorm = 48.1620, GNorm = 0.5605, lr_0 = 1.0746e-04
Loss = 1.8687e-03, PNorm = 48.1648, GNorm = 1.4108, lr_0 = 1.0709e-04
Loss = 2.1965e-03, PNorm = 48.1679, GNorm = 0.6105, lr_0 = 1.0672e-04
Loss = 1.4023e-03, PNorm = 48.1729, GNorm = 0.5294, lr_0 = 1.0636e-04
Validation rmse = 1.145641
Epoch 39
Loss = 2.4724e-03, PNorm = 48.1770, GNorm = 2.5728, lr_0 = 1.0599e-04
Loss = 1.5604e-03, PNorm = 48.1822, GNorm = 0.5697, lr_0 = 1.0563e-04
Loss = 1.6324e-03, PNorm = 48.1853, GNorm = 0.5988, lr_0 = 1.0526e-04
Loss = 1.3123e-03, PNorm = 48.1882, GNorm = 0.3962, lr_0 = 1.0490e-04
Loss = 1.7033e-03, PNorm = 48.1910, GNorm = 0.7711, lr_0 = 1.0454e-04
Loss = 1.1465e-03, PNorm = 48.1944, GNorm = 0.5913, lr_0 = 1.0418e-04
Loss = 1.4754e-03, PNorm = 48.1969, GNorm = 0.9490, lr_0 = 1.0382e-04
Loss = 1.4861e-03, PNorm = 48.1987, GNorm = 0.3132, lr_0 = 1.0347e-04
Loss = 1.8961e-03, PNorm = 48.2002, GNorm = 0.9345, lr_0 = 1.0311e-04
Loss = 1.4488e-03, PNorm = 48.2026, GNorm = 0.6607, lr_0 = 1.0276e-04
Loss = 1.6203e-03, PNorm = 48.2042, GNorm = 0.4143, lr_0 = 1.0240e-04
Loss = 2.4017e-03, PNorm = 48.2068, GNorm = 0.5541, lr_0 = 1.0205e-04
Loss = 1.8980e-03, PNorm = 48.2092, GNorm = 0.6627, lr_0 = 1.0170e-04
Loss = 1.8674e-03, PNorm = 48.2105, GNorm = 0.7134, lr_0 = 1.0135e-04
Loss = 1.9530e-03, PNorm = 48.2136, GNorm = 0.4039, lr_0 = 1.0100e-04
Loss = 1.7422e-03, PNorm = 48.2159, GNorm = 0.9284, lr_0 = 1.0066e-04
Loss = 1.4791e-03, PNorm = 48.2203, GNorm = 0.5664, lr_0 = 1.0031e-04
Loss = 1.8580e-03, PNorm = 48.2236, GNorm = 0.5860, lr_0 = 1.0000e-04
Validation rmse = 1.136058
Model 0 best validation rmse = 0.872812 on epoch 5
Loading pretrained parameter "encoder.encoder.cached_zero_vector".
Loading pretrained parameter "encoder.encoder.W_i.weight".
Loading pretrained parameter "encoder.encoder.W_h.weight".
Loading pretrained parameter "encoder.encoder.W_o.weight".
Loading pretrained parameter "encoder.encoder.W_o.bias".
Loading pretrained parameter "ffn.1.weight".
Loading pretrained parameter "ffn.1.bias".
Loading pretrained parameter "ffn.4.weight".
Loading pretrained parameter "ffn.4.bias".
Loading pretrained parameter "ffn.7.weight".
Loading pretrained parameter "ffn.7.bias".
Model 0 test rmse = 0.872812
Ensemble test rmse = 0.872812
1-fold cross validation
Seed 5 ==> test rmse = 0.872812
Overall test rmse = 0.872812 +/- 0.000000
