Fold 0
{'activation': 'ReLU',
 'atom_messages': False,
 'batch_size': 50,
 'bias': False,
 'checkpoint_dir': None,
 'checkpoint_path': None,
 'checkpoint_paths': None,
 'config_path': None,
 'crossval_index_dir': None,
 'crossval_index_file': None,
 'cuda': False,
 'data_path': 'Data/Multitask_data/All_datasets/Splits/Predict_MCRs/train.csv',
 'dataset_type': 'regression',
 'depth': 3,
 'dropout': 0.0,
 'ensemble_size': 1,
 'epochs': 50,
 'features_generator': None,
 'features_only': False,
 'features_path': ['Data/Multitask_data/All_datasets/Splits/Predict_MCRs/train_extra_x.csv'],
 'features_scaling': True,
 'ffn_hidden_size': 300,
 'ffn_num_layers': 3,
 'final_lr': 0.0001,
 'folds_file': None,
 'gpu': None,
 'hidden_size': 300,
 'init_lr': 0.0001,
 'log_frequency': 10,
 'max_data_size': None,
 'max_lr': 0.001,
 'metric': 'rmse',
 'minimize_score': True,
 'multiclass_num_classes': 3,
 'no_cache': False,
 'num_folds': 1,
 'num_lrs': 1,
 'quiet': False,
 'save_dir': 'Data/Multitask_data/All_datasets/Splits/Predict_MCRs/trained_model/fold_0',
 'save_smiles_splits': False,
 'seed': 5,
 'separate_test_features_path': ['Data/Multitask_data/All_datasets/Splits/Predict_MCRs/test_extra_x.csv'],
 'separate_test_path': 'Data/Multitask_data/All_datasets/Splits/Predict_MCRs/test.csv',
 'separate_val_features_path': ['Data/Multitask_data/All_datasets/Splits/Predict_MCRs/valid_extra_x.csv'],
 'separate_val_path': 'Data/Multitask_data/All_datasets/Splits/Predict_MCRs/valid.csv',
 'show_individual_scores': False,
 'split_sizes': [0.675, 0.075, 0.25],
 'split_type': 'random',
 'test': False,
 'test_fold_index': None,
 'undirected': False,
 'use_compound_names': False,
 'use_input_features': True,
 'val_fold_index': None,
 'warmup_epochs': 2.0}
Loading data
Number of tasks = 1
Splitting data with seed 5
Total size = 9,594 | train size = 9,594 | val size = 378 | test size = 1,013
Fitting scaler
Building model 0
MoleculeModel(
  (encoder): MPN(
    (encoder): MPNEncoder(
      (dropout_layer): Dropout(p=0.0, inplace=False)
      (act_func): ReLU()
      (W_i): Linear(in_features=147, out_features=300, bias=False)
      (W_h): Linear(in_features=300, out_features=300, bias=False)
      (W_o): Linear(in_features=433, out_features=300, bias=True)
    )
  )
  (ffn): Sequential(
    (0): Dropout(p=0.0, inplace=False)
    (1): Linear(in_features=343, out_features=300, bias=True)
    (2): ReLU()
    (3): Dropout(p=0.0, inplace=False)
    (4): Linear(in_features=300, out_features=300, bias=True)
    (5): ReLU()
    (6): Dropout(p=0.0, inplace=False)
    (7): Linear(in_features=300, out_features=1, bias=True)
  )
)
Number of parameters = 458,101
Epoch 0
Loss = 1.5757e-02, PNorm = 38.4136, GNorm = 2.7032, lr_0 = 1.2592e-04
Loss = 7.7577e-03, PNorm = 38.4206, GNorm = 2.0931, lr_0 = 1.4948e-04
Loss = 5.0091e-03, PNorm = 38.4252, GNorm = 1.3454, lr_0 = 1.7304e-04
Loss = 5.0637e-03, PNorm = 38.4272, GNorm = 2.8419, lr_0 = 1.9660e-04
Loss = 4.7168e-03, PNorm = 38.4286, GNorm = 2.6546, lr_0 = 2.2016e-04
Loss = 4.4770e-03, PNorm = 38.4305, GNorm = 1.2047, lr_0 = 2.4372e-04
Loss = 4.5661e-03, PNorm = 38.4309, GNorm = 3.8342, lr_0 = 2.6728e-04
Loss = 4.1160e-03, PNorm = 38.4329, GNorm = 1.9784, lr_0 = 2.9084e-04
Loss = 4.0078e-03, PNorm = 38.4376, GNorm = 0.9898, lr_0 = 3.1440e-04
Loss = 3.9115e-03, PNorm = 38.4429, GNorm = 1.7393, lr_0 = 3.3796e-04
Loss = 3.9504e-03, PNorm = 38.4487, GNorm = 1.4055, lr_0 = 3.6152e-04
Loss = 3.5085e-03, PNorm = 38.4531, GNorm = 2.1982, lr_0 = 3.8508e-04
Loss = 4.6943e-03, PNorm = 38.4599, GNorm = 0.6625, lr_0 = 4.0864e-04
Loss = 5.4584e-03, PNorm = 38.4630, GNorm = 1.7478, lr_0 = 4.3220e-04
Loss = 3.8618e-03, PNorm = 38.4671, GNorm = 1.4700, lr_0 = 4.5576e-04
Loss = 4.2125e-03, PNorm = 38.4742, GNorm = 1.4678, lr_0 = 4.7932e-04
Loss = 4.4919e-03, PNorm = 38.4827, GNorm = 1.7678, lr_0 = 5.0288e-04
Loss = 5.2966e-03, PNorm = 38.4910, GNorm = 1.2607, lr_0 = 5.2644e-04
Loss = 3.9313e-03, PNorm = 38.5122, GNorm = 5.1925, lr_0 = 5.5000e-04
Validation rmse = 0.803354
Epoch 1
Loss = 4.7742e-03, PNorm = 38.5202, GNorm = 2.3531, lr_0 = 5.7356e-04
Loss = 5.1345e-03, PNorm = 38.5300, GNorm = 0.7203, lr_0 = 5.9712e-04
Loss = 4.3594e-03, PNorm = 38.5458, GNorm = 3.4112, lr_0 = 6.2068e-04
Loss = 3.8831e-03, PNorm = 38.5586, GNorm = 1.6498, lr_0 = 6.4424e-04
Loss = 3.4213e-03, PNorm = 38.5756, GNorm = 0.8085, lr_0 = 6.6780e-04
Loss = 6.2175e-03, PNorm = 38.5856, GNorm = 0.6005, lr_0 = 6.9136e-04
Loss = 5.6572e-03, PNorm = 38.5993, GNorm = 1.2548, lr_0 = 7.1492e-04
Loss = 4.0842e-03, PNorm = 38.6190, GNorm = 1.0204, lr_0 = 7.3848e-04
Loss = 3.9905e-03, PNorm = 38.6319, GNorm = 0.8320, lr_0 = 7.6204e-04
Loss = 3.9925e-03, PNorm = 38.6453, GNorm = 0.6622, lr_0 = 7.8560e-04
Loss = 3.7658e-03, PNorm = 38.6685, GNorm = 0.5754, lr_0 = 8.0916e-04
Loss = 4.5835e-03, PNorm = 38.6846, GNorm = 1.6965, lr_0 = 8.3272e-04
Loss = 3.2460e-03, PNorm = 38.7083, GNorm = 1.2815, lr_0 = 8.5628e-04
Loss = 4.5950e-03, PNorm = 38.7322, GNorm = 0.6440, lr_0 = 8.7984e-04
Loss = 4.6284e-03, PNorm = 38.7534, GNorm = 1.6731, lr_0 = 9.0340e-04
Loss = 4.1509e-03, PNorm = 38.7811, GNorm = 2.0338, lr_0 = 9.2696e-04
Loss = 3.3202e-03, PNorm = 38.8094, GNorm = 0.5436, lr_0 = 9.5052e-04
Loss = 4.4004e-03, PNorm = 38.8415, GNorm = 2.4180, lr_0 = 9.7408e-04
Loss = 3.9539e-03, PNorm = 38.8716, GNorm = 1.0012, lr_0 = 9.9764e-04
Validation rmse = 0.786699
Epoch 2
Loss = 3.4726e-03, PNorm = 38.9204, GNorm = 0.6507, lr_0 = 9.9774e-04
Loss = 5.1578e-03, PNorm = 38.9666, GNorm = 2.3773, lr_0 = 9.9524e-04
Loss = 5.1339e-03, PNorm = 39.0185, GNorm = 0.5521, lr_0 = 9.9274e-04
Loss = 3.9790e-03, PNorm = 39.0726, GNorm = 0.9151, lr_0 = 9.9025e-04
Loss = 3.6515e-03, PNorm = 39.1294, GNorm = 0.5086, lr_0 = 9.8777e-04
Loss = 5.4714e-03, PNorm = 39.1961, GNorm = 0.7832, lr_0 = 9.8529e-04
Loss = 3.1529e-03, PNorm = 39.2545, GNorm = 0.6656, lr_0 = 9.8282e-04
Loss = 3.2368e-03, PNorm = 39.3025, GNorm = 1.0440, lr_0 = 9.8035e-04
Loss = 3.3811e-03, PNorm = 39.3546, GNorm = 0.6243, lr_0 = 9.7790e-04
Loss = 3.5631e-03, PNorm = 39.3946, GNorm = 1.0600, lr_0 = 9.7544e-04
Loss = 2.9431e-03, PNorm = 39.4366, GNorm = 0.9244, lr_0 = 9.7300e-04
Loss = 3.8377e-03, PNorm = 39.4817, GNorm = 1.2446, lr_0 = 9.7055e-04
Loss = 3.9695e-03, PNorm = 39.5288, GNorm = 0.5035, lr_0 = 9.6812e-04
Loss = 3.3532e-03, PNorm = 39.5927, GNorm = 1.1244, lr_0 = 9.6569e-04
Loss = 3.1658e-03, PNorm = 39.6567, GNorm = 1.3012, lr_0 = 9.6327e-04
Loss = 3.2368e-03, PNorm = 39.7248, GNorm = 0.4890, lr_0 = 9.6085e-04
Loss = 2.9314e-03, PNorm = 39.8215, GNorm = 0.4665, lr_0 = 9.5844e-04
Loss = 3.3618e-03, PNorm = 39.8622, GNorm = 0.7012, lr_0 = 9.5604e-04
Loss = 3.1934e-03, PNorm = 39.9105, GNorm = 0.9463, lr_0 = 9.5364e-04
Validation rmse = 0.785981
Epoch 3
Loss = 4.7116e-03, PNorm = 39.9629, GNorm = 0.3981, lr_0 = 9.5125e-04
Loss = 3.5416e-03, PNorm = 40.0240, GNorm = 1.0819, lr_0 = 9.4886e-04
Loss = 3.3609e-03, PNorm = 40.0649, GNorm = 0.8420, lr_0 = 9.4648e-04
Loss = 3.4228e-03, PNorm = 40.1135, GNorm = 0.4788, lr_0 = 9.4411e-04
Loss = 3.5170e-03, PNorm = 40.1583, GNorm = 0.9078, lr_0 = 9.4174e-04
Loss = 3.3964e-03, PNorm = 40.1889, GNorm = 0.6460, lr_0 = 9.3938e-04
Loss = 2.6241e-03, PNorm = 40.2234, GNorm = 0.7844, lr_0 = 9.3702e-04
Loss = 3.4572e-03, PNorm = 40.2580, GNorm = 0.4209, lr_0 = 9.3467e-04
Loss = 4.0528e-03, PNorm = 40.2861, GNorm = 0.6100, lr_0 = 9.3233e-04
Loss = 3.4158e-03, PNorm = 40.3314, GNorm = 0.5044, lr_0 = 9.2999e-04
Loss = 3.3972e-03, PNorm = 40.3708, GNorm = 0.5054, lr_0 = 9.2766e-04
Loss = 2.9209e-03, PNorm = 40.4131, GNorm = 1.3938, lr_0 = 9.2533e-04
Loss = 2.9697e-03, PNorm = 40.4499, GNorm = 0.5200, lr_0 = 9.2301e-04
Loss = 2.8289e-03, PNorm = 40.4686, GNorm = 0.2622, lr_0 = 9.2069e-04
Loss = 3.3457e-03, PNorm = 40.4925, GNorm = 0.6769, lr_0 = 9.1838e-04
Loss = 3.2696e-03, PNorm = 40.5102, GNorm = 0.9906, lr_0 = 9.1608e-04
Loss = 2.9757e-03, PNorm = 40.5430, GNorm = 0.6056, lr_0 = 9.1378e-04
Loss = 3.5008e-03, PNorm = 40.5748, GNorm = 0.6149, lr_0 = 9.1149e-04
Loss = 2.8329e-03, PNorm = 40.5980, GNorm = 0.8172, lr_0 = 9.0920e-04
Validation rmse = 0.722143
Epoch 4
Loss = 2.2203e-03, PNorm = 40.6402, GNorm = 0.4441, lr_0 = 9.0692e-04
Loss = 3.1137e-03, PNorm = 40.6741, GNorm = 0.5806, lr_0 = 9.0465e-04
Loss = 3.6334e-03, PNorm = 40.7090, GNorm = 0.2922, lr_0 = 9.0238e-04
Loss = 4.5094e-03, PNorm = 40.7276, GNorm = 0.6972, lr_0 = 9.0011e-04
Loss = 3.0523e-03, PNorm = 40.7631, GNorm = 0.4771, lr_0 = 8.9786e-04
Loss = 3.0574e-03, PNorm = 40.8117, GNorm = 0.7689, lr_0 = 8.9560e-04
Loss = 3.4059e-03, PNorm = 40.8568, GNorm = 0.7575, lr_0 = 8.9336e-04
Loss = 3.5470e-03, PNorm = 40.8788, GNorm = 0.6056, lr_0 = 8.9112e-04
Loss = 2.9176e-03, PNorm = 40.9213, GNorm = 0.7163, lr_0 = 8.8888e-04
Loss = 2.8286e-03, PNorm = 40.9571, GNorm = 0.4489, lr_0 = 8.8665e-04
Loss = 2.6065e-03, PNorm = 40.9972, GNorm = 0.4419, lr_0 = 8.8443e-04
Loss = 3.0062e-03, PNorm = 41.0294, GNorm = 0.5878, lr_0 = 8.8221e-04
Loss = 2.4882e-03, PNorm = 41.0476, GNorm = 0.4284, lr_0 = 8.8000e-04
Loss = 2.8641e-03, PNorm = 41.0776, GNorm = 0.6969, lr_0 = 8.7779e-04
Loss = 4.0290e-03, PNorm = 41.1080, GNorm = 0.9024, lr_0 = 8.7559e-04
Loss = 3.2337e-03, PNorm = 41.1495, GNorm = 0.4975, lr_0 = 8.7339e-04
Loss = 2.6751e-03, PNorm = 41.1892, GNorm = 0.3682, lr_0 = 8.7120e-04
Loss = 2.5716e-03, PNorm = 41.2054, GNorm = 0.6234, lr_0 = 8.6901e-04
Loss = 3.6741e-03, PNorm = 41.2251, GNorm = 0.8179, lr_0 = 8.6683e-04
Validation rmse = 0.723447
Epoch 5
Loss = 2.8315e-03, PNorm = 41.2511, GNorm = 0.7031, lr_0 = 8.6466e-04
Loss = 2.7553e-03, PNorm = 41.2886, GNorm = 0.7153, lr_0 = 8.6249e-04
Loss = 3.8067e-03, PNorm = 41.3147, GNorm = 0.4664, lr_0 = 8.6033e-04
Loss = 3.0507e-03, PNorm = 41.3530, GNorm = 0.6246, lr_0 = 8.5817e-04
Loss = 3.0744e-03, PNorm = 41.3847, GNorm = 0.4637, lr_0 = 8.5602e-04
Loss = 2.5571e-03, PNorm = 41.4197, GNorm = 0.5380, lr_0 = 8.5387e-04
Loss = 2.7428e-03, PNorm = 41.4608, GNorm = 0.4640, lr_0 = 8.5173e-04
Loss = 3.0765e-03, PNorm = 41.4855, GNorm = 1.8553, lr_0 = 8.4959e-04
Loss = 3.6892e-03, PNorm = 41.5230, GNorm = 0.9730, lr_0 = 8.4746e-04
Loss = 2.8786e-03, PNorm = 41.5532, GNorm = 0.4218, lr_0 = 8.4533e-04
Loss = 3.1374e-03, PNorm = 41.5779, GNorm = 0.4916, lr_0 = 8.4321e-04
Loss = 3.1467e-03, PNorm = 41.6125, GNorm = 0.7327, lr_0 = 8.4110e-04
Loss = 2.9950e-03, PNorm = 41.6574, GNorm = 0.9465, lr_0 = 8.3899e-04
Loss = 2.7035e-03, PNorm = 41.7116, GNorm = 0.9964, lr_0 = 8.3689e-04
Loss = 3.5180e-03, PNorm = 41.7482, GNorm = 0.5475, lr_0 = 8.3479e-04
Loss = 2.7892e-03, PNorm = 41.7849, GNorm = 0.8344, lr_0 = 8.3269e-04
Loss = 2.6030e-03, PNorm = 41.8115, GNorm = 1.0027, lr_0 = 8.3060e-04
Loss = 2.3748e-03, PNorm = 41.8521, GNorm = 0.3653, lr_0 = 8.2852e-04
Loss = 3.6972e-03, PNorm = 41.8770, GNorm = 0.4228, lr_0 = 8.2644e-04
Validation rmse = 0.750721
Epoch 6
Loss = 2.5201e-03, PNorm = 41.9083, GNorm = 0.4912, lr_0 = 8.2437e-04
Loss = 2.6901e-03, PNorm = 41.9265, GNorm = 0.8524, lr_0 = 8.2230e-04
Loss = 2.9145e-03, PNorm = 41.9653, GNorm = 0.7937, lr_0 = 8.2024e-04
Loss = 4.2658e-03, PNorm = 42.0105, GNorm = 0.4367, lr_0 = 8.1818e-04
Loss = 2.6833e-03, PNorm = 42.0552, GNorm = 0.7208, lr_0 = 8.1613e-04
Loss = 3.1777e-03, PNorm = 42.0831, GNorm = 0.5179, lr_0 = 8.1408e-04
Loss = 2.5394e-03, PNorm = 42.1170, GNorm = 0.4626, lr_0 = 8.1204e-04
Loss = 2.9538e-03, PNorm = 42.1579, GNorm = 0.5686, lr_0 = 8.1000e-04
Loss = 2.9572e-03, PNorm = 42.1960, GNorm = 1.1816, lr_0 = 8.0797e-04
Loss = 3.3327e-03, PNorm = 42.2298, GNorm = 0.7307, lr_0 = 8.0594e-04
Loss = 3.4847e-03, PNorm = 42.2720, GNorm = 0.3827, lr_0 = 8.0392e-04
Loss = 2.8887e-03, PNorm = 42.3050, GNorm = 0.3871, lr_0 = 8.0191e-04
Loss = 2.4120e-03, PNorm = 42.3356, GNorm = 0.4898, lr_0 = 7.9989e-04
Loss = 2.6205e-03, PNorm = 42.3688, GNorm = 0.4316, lr_0 = 7.9789e-04
Loss = 2.9358e-03, PNorm = 42.4151, GNorm = 0.8776, lr_0 = 7.9589e-04
Loss = 3.1883e-03, PNorm = 42.4377, GNorm = 0.9008, lr_0 = 7.9389e-04
Loss = 2.7871e-03, PNorm = 42.4835, GNorm = 0.5008, lr_0 = 7.9190e-04
Loss = 2.8852e-03, PNorm = 42.5228, GNorm = 0.5026, lr_0 = 7.8991e-04
Loss = 2.9681e-03, PNorm = 42.5643, GNorm = 0.8077, lr_0 = 7.8793e-04
Validation rmse = 0.728451
Epoch 7
Loss = 2.9007e-03, PNorm = 42.5996, GNorm = 0.4792, lr_0 = 7.8595e-04
Loss = 2.7278e-03, PNorm = 42.6448, GNorm = 0.7145, lr_0 = 7.8398e-04
Loss = 2.2666e-03, PNorm = 42.6708, GNorm = 0.3188, lr_0 = 7.8202e-04
Loss = 2.3122e-03, PNorm = 42.7038, GNorm = 0.4265, lr_0 = 7.8005e-04
Loss = 2.4561e-03, PNorm = 42.7129, GNorm = 0.6632, lr_0 = 7.7810e-04
Loss = 5.0910e-03, PNorm = 42.7339, GNorm = 0.3540, lr_0 = 7.7615e-04
Loss = 2.7362e-03, PNorm = 42.7637, GNorm = 0.4755, lr_0 = 7.7420e-04
Loss = 2.8125e-03, PNorm = 42.7875, GNorm = 0.6710, lr_0 = 7.7226e-04
Loss = 2.6309e-03, PNorm = 42.8142, GNorm = 0.3922, lr_0 = 7.7032e-04
Loss = 2.4266e-03, PNorm = 42.8372, GNorm = 0.4268, lr_0 = 7.6839e-04
Loss = 4.0538e-03, PNorm = 42.8708, GNorm = 0.4606, lr_0 = 7.6646e-04
Loss = 2.4104e-03, PNorm = 42.9080, GNorm = 0.3506, lr_0 = 7.6454e-04
Loss = 2.8917e-03, PNorm = 42.9526, GNorm = 0.6509, lr_0 = 7.6262e-04
Loss = 2.8250e-03, PNorm = 42.9851, GNorm = 0.4307, lr_0 = 7.6071e-04
Loss = 3.6424e-03, PNorm = 43.0220, GNorm = 0.4556, lr_0 = 7.5880e-04
Loss = 2.3580e-03, PNorm = 43.0552, GNorm = 0.4363, lr_0 = 7.5690e-04
Loss = 3.1248e-03, PNorm = 43.0801, GNorm = 0.3514, lr_0 = 7.5500e-04
Loss = 2.7875e-03, PNorm = 43.1103, GNorm = 0.4776, lr_0 = 7.5310e-04
Loss = 2.4015e-03, PNorm = 43.1600, GNorm = 0.4128, lr_0 = 7.5121e-04
Validation rmse = 0.732254
Epoch 8
Loss = 9.2002e-03, PNorm = 43.2120, GNorm = 1.2328, lr_0 = 7.4933e-04
Loss = 2.3808e-03, PNorm = 43.2450, GNorm = 0.7888, lr_0 = 7.4745e-04
Loss = 2.7054e-03, PNorm = 43.2975, GNorm = 0.3760, lr_0 = 7.4557e-04
Loss = 2.5564e-03, PNorm = 43.3256, GNorm = 0.3421, lr_0 = 7.4370e-04
Loss = 2.8682e-03, PNorm = 43.3520, GNorm = 0.4705, lr_0 = 7.4184e-04
Loss = 2.5761e-03, PNorm = 43.3824, GNorm = 0.4564, lr_0 = 7.3998e-04
Loss = 2.3525e-03, PNorm = 43.4180, GNorm = 0.3672, lr_0 = 7.3812e-04
Loss = 2.7348e-03, PNorm = 43.4485, GNorm = 0.3151, lr_0 = 7.3627e-04
Loss = 2.4189e-03, PNorm = 43.4679, GNorm = 0.7554, lr_0 = 7.3442e-04
Loss = 2.5102e-03, PNorm = 43.5136, GNorm = 0.4161, lr_0 = 7.3258e-04
Loss = 3.2554e-03, PNorm = 43.5489, GNorm = 0.5174, lr_0 = 7.3074e-04
Loss = 4.0952e-03, PNorm = 43.5589, GNorm = 0.2891, lr_0 = 7.2891e-04
Loss = 2.4847e-03, PNorm = 43.5876, GNorm = 1.0261, lr_0 = 7.2708e-04
Loss = 2.2704e-03, PNorm = 43.6141, GNorm = 0.3655, lr_0 = 7.2526e-04
Loss = 3.0023e-03, PNorm = 43.6444, GNorm = 0.5837, lr_0 = 7.2344e-04
Loss = 2.2271e-03, PNorm = 43.6729, GNorm = 0.5600, lr_0 = 7.2162e-04
Loss = 2.9171e-03, PNorm = 43.6940, GNorm = 0.5102, lr_0 = 7.1981e-04
Loss = 2.5653e-03, PNorm = 43.7233, GNorm = 0.4699, lr_0 = 7.1801e-04
Loss = 2.2439e-03, PNorm = 43.7563, GNorm = 0.4086, lr_0 = 7.1621e-04
Validation rmse = 0.704037
Epoch 9
Loss = 2.2121e-03, PNorm = 43.7751, GNorm = 0.4121, lr_0 = 7.1441e-04
Loss = 2.6567e-03, PNorm = 43.8023, GNorm = 0.3842, lr_0 = 7.1262e-04
Loss = 2.7527e-03, PNorm = 43.8362, GNorm = 0.4919, lr_0 = 7.1083e-04
Loss = 2.4801e-03, PNorm = 43.8717, GNorm = 0.5707, lr_0 = 7.0905e-04
Loss = 3.0636e-03, PNorm = 43.8984, GNorm = 0.5437, lr_0 = 7.0727e-04
Loss = 2.8761e-03, PNorm = 43.9279, GNorm = 0.4218, lr_0 = 7.0550e-04
Loss = 1.7088e-03, PNorm = 43.9515, GNorm = 0.4203, lr_0 = 7.0373e-04
Loss = 2.8935e-03, PNorm = 43.9774, GNorm = 0.6700, lr_0 = 7.0196e-04
Loss = 2.9209e-03, PNorm = 44.0027, GNorm = 0.5210, lr_0 = 7.0020e-04
Loss = 2.3052e-03, PNorm = 44.0389, GNorm = 0.5850, lr_0 = 6.9844e-04
Loss = 3.3914e-03, PNorm = 44.0622, GNorm = 0.9481, lr_0 = 6.9669e-04
Loss = 2.6663e-03, PNorm = 44.0768, GNorm = 0.3043, lr_0 = 6.9494e-04
Loss = 2.5694e-03, PNorm = 44.1089, GNorm = 0.4290, lr_0 = 6.9320e-04
Loss = 2.1996e-03, PNorm = 44.1371, GNorm = 0.3032, lr_0 = 6.9146e-04
Loss = 3.2290e-03, PNorm = 44.1633, GNorm = 0.3719, lr_0 = 6.8973e-04
Loss = 1.9706e-03, PNorm = 44.1855, GNorm = 0.4939, lr_0 = 6.8800e-04
Loss = 3.3949e-03, PNorm = 44.2070, GNorm = 1.0103, lr_0 = 6.8627e-04
Loss = 2.5751e-03, PNorm = 44.2364, GNorm = 0.6221, lr_0 = 6.8455e-04
Loss = 1.9196e-03, PNorm = 44.2611, GNorm = 0.4149, lr_0 = 6.8283e-04
Loss = 2.4216e-03, PNorm = 44.2801, GNorm = 0.4630, lr_0 = 6.8112e-04
Validation rmse = 0.713399
Epoch 10
Loss = 2.3571e-03, PNorm = 44.3089, GNorm = 0.5834, lr_0 = 6.7941e-04
Loss = 2.3138e-03, PNorm = 44.3417, GNorm = 0.3336, lr_0 = 6.7771e-04
Loss = 3.1160e-03, PNorm = 44.3673, GNorm = 0.4449, lr_0 = 6.7601e-04
Loss = 2.2761e-03, PNorm = 44.3997, GNorm = 0.4785, lr_0 = 6.7431e-04
Loss = 2.0569e-03, PNorm = 44.4348, GNorm = 0.3249, lr_0 = 6.7262e-04
Loss = 2.4552e-03, PNorm = 44.4634, GNorm = 0.8972, lr_0 = 6.7093e-04
Loss = 2.4591e-03, PNorm = 44.4991, GNorm = 0.3163, lr_0 = 6.6925e-04
Loss = 3.9399e-03, PNorm = 44.5164, GNorm = 0.3747, lr_0 = 6.6757e-04
Loss = 2.6556e-03, PNorm = 44.5499, GNorm = 0.7338, lr_0 = 6.6590e-04
Loss = 2.4171e-03, PNorm = 44.5813, GNorm = 0.9612, lr_0 = 6.6423e-04
Loss = 2.3866e-03, PNorm = 44.5945, GNorm = 0.6972, lr_0 = 6.6256e-04
Loss = 2.8836e-03, PNorm = 44.6196, GNorm = 0.3413, lr_0 = 6.6090e-04
Loss = 3.2536e-03, PNorm = 44.6407, GNorm = 0.5001, lr_0 = 6.5924e-04
Loss = 3.2248e-03, PNorm = 44.6725, GNorm = 0.6635, lr_0 = 6.5759e-04
Loss = 1.8909e-03, PNorm = 44.7055, GNorm = 0.6354, lr_0 = 6.5594e-04
Loss = 2.4797e-03, PNorm = 44.7221, GNorm = 0.4589, lr_0 = 6.5429e-04
Loss = 2.8705e-03, PNorm = 44.7445, GNorm = 0.6673, lr_0 = 6.5265e-04
Loss = 2.0408e-03, PNorm = 44.7792, GNorm = 0.5725, lr_0 = 6.5101e-04
Loss = 1.7759e-03, PNorm = 44.8040, GNorm = 0.4141, lr_0 = 6.4938e-04
Validation rmse = 0.721056
Epoch 11
Loss = 2.1559e-03, PNorm = 44.8240, GNorm = 0.5525, lr_0 = 6.4775e-04
Loss = 2.5654e-03, PNorm = 44.8568, GNorm = 0.4825, lr_0 = 6.4613e-04
Loss = 3.4564e-03, PNorm = 44.8789, GNorm = 0.6220, lr_0 = 6.4451e-04
Loss = 2.2504e-03, PNorm = 44.9110, GNorm = 0.6963, lr_0 = 6.4289e-04
Loss = 2.0100e-03, PNorm = 44.9428, GNorm = 0.7328, lr_0 = 6.4128e-04
Loss = 2.6718e-03, PNorm = 44.9635, GNorm = 0.5737, lr_0 = 6.3967e-04
Loss = 2.2940e-03, PNorm = 44.9913, GNorm = 0.6950, lr_0 = 6.3806e-04
Loss = 2.6536e-03, PNorm = 45.0152, GNorm = 0.3999, lr_0 = 6.3646e-04
Loss = 2.3239e-03, PNorm = 45.0392, GNorm = 0.4279, lr_0 = 6.3487e-04
Loss = 2.7048e-03, PNorm = 45.0742, GNorm = 0.4763, lr_0 = 6.3328e-04
Loss = 2.1858e-03, PNorm = 45.1071, GNorm = 0.5581, lr_0 = 6.3169e-04
Loss = 3.3803e-03, PNorm = 45.1311, GNorm = 0.5076, lr_0 = 6.3010e-04
Loss = 1.9797e-03, PNorm = 45.1562, GNorm = 0.3130, lr_0 = 6.2852e-04
Loss = 2.0740e-03, PNorm = 45.1767, GNorm = 0.4184, lr_0 = 6.2695e-04
Loss = 2.3244e-03, PNorm = 45.1998, GNorm = 0.4420, lr_0 = 6.2537e-04
Loss = 3.1401e-03, PNorm = 45.2232, GNorm = 0.4051, lr_0 = 6.2380e-04
Loss = 2.8122e-03, PNorm = 45.2353, GNorm = 0.4993, lr_0 = 6.2224e-04
Loss = 2.1252e-03, PNorm = 45.2628, GNorm = 0.7538, lr_0 = 6.2068e-04
Loss = 2.1906e-03, PNorm = 45.3063, GNorm = 0.3884, lr_0 = 6.1912e-04
Validation rmse = 0.694482
Epoch 12
Loss = 2.5959e-03, PNorm = 45.3239, GNorm = 0.8029, lr_0 = 6.1757e-04
Loss = 1.9653e-03, PNorm = 45.3433, GNorm = 0.3869, lr_0 = 6.1602e-04
Loss = 2.1714e-03, PNorm = 45.3786, GNorm = 0.7702, lr_0 = 6.1447e-04
Loss = 2.6514e-03, PNorm = 45.3987, GNorm = 0.4456, lr_0 = 6.1293e-04
Loss = 3.1126e-03, PNorm = 45.4180, GNorm = 0.3900, lr_0 = 6.1140e-04
Loss = 4.0961e-03, PNorm = 45.4482, GNorm = 0.3528, lr_0 = 6.0986e-04
Loss = 2.4977e-03, PNorm = 45.4736, GNorm = 0.5323, lr_0 = 6.0833e-04
Loss = 1.8251e-03, PNorm = 45.5055, GNorm = 0.3696, lr_0 = 6.0681e-04
Loss = 1.7707e-03, PNorm = 45.5294, GNorm = 0.2814, lr_0 = 6.0528e-04
Loss = 2.1856e-03, PNorm = 45.5468, GNorm = 0.5466, lr_0 = 6.0377e-04
Loss = 2.6651e-03, PNorm = 45.5728, GNorm = 0.4726, lr_0 = 6.0225e-04
Loss = 2.1854e-03, PNorm = 45.6040, GNorm = 0.7235, lr_0 = 6.0074e-04
Loss = 2.2525e-03, PNorm = 45.6363, GNorm = 0.4867, lr_0 = 5.9923e-04
Loss = 1.9594e-03, PNorm = 45.6575, GNorm = 0.4057, lr_0 = 5.9773e-04
Loss = 2.0434e-03, PNorm = 45.6867, GNorm = 0.6644, lr_0 = 5.9623e-04
Loss = 3.1500e-03, PNorm = 45.7121, GNorm = 0.5130, lr_0 = 5.9474e-04
Loss = 2.4235e-03, PNorm = 45.7383, GNorm = 0.7977, lr_0 = 5.9324e-04
Loss = 2.6860e-03, PNorm = 45.7662, GNorm = 0.3871, lr_0 = 5.9176e-04
Loss = 1.9406e-03, PNorm = 45.7868, GNorm = 0.5499, lr_0 = 5.9027e-04
Validation rmse = 0.710261
Epoch 13
Loss = 2.4110e-03, PNorm = 45.8168, GNorm = 0.8039, lr_0 = 5.8879e-04
Loss = 1.9813e-03, PNorm = 45.8377, GNorm = 0.4359, lr_0 = 5.8731e-04
Loss = 2.0135e-03, PNorm = 45.8568, GNorm = 0.2981, lr_0 = 5.8584e-04
Loss = 2.8952e-03, PNorm = 45.8815, GNorm = 0.7997, lr_0 = 5.8437e-04
Loss = 2.3712e-03, PNorm = 45.9070, GNorm = 0.4063, lr_0 = 5.8290e-04
Loss = 2.2739e-03, PNorm = 45.9207, GNorm = 0.4500, lr_0 = 5.8144e-04
Loss = 1.9571e-03, PNorm = 45.9409, GNorm = 0.4766, lr_0 = 5.7998e-04
Loss = 2.4276e-03, PNorm = 45.9611, GNorm = 0.7040, lr_0 = 5.7853e-04
Loss = 2.2223e-03, PNorm = 45.9841, GNorm = 0.3610, lr_0 = 5.7708e-04
Loss = 2.5082e-03, PNorm = 46.0084, GNorm = 0.8578, lr_0 = 5.7563e-04
Loss = 2.0757e-03, PNorm = 46.0319, GNorm = 0.3649, lr_0 = 5.7419e-04
Loss = 2.3067e-03, PNorm = 46.0554, GNorm = 0.3700, lr_0 = 5.7275e-04
Loss = 2.0913e-03, PNorm = 46.0785, GNorm = 0.4520, lr_0 = 5.7131e-04
Loss = 2.1316e-03, PNorm = 46.0893, GNorm = 0.5563, lr_0 = 5.6988e-04
Loss = 2.0261e-03, PNorm = 46.1108, GNorm = 0.5738, lr_0 = 5.6845e-04
Loss = 2.3876e-03, PNorm = 46.1319, GNorm = 0.5230, lr_0 = 5.6702e-04
Loss = 1.6447e-03, PNorm = 46.1533, GNorm = 0.5041, lr_0 = 5.6560e-04
Loss = 2.9328e-03, PNorm = 46.1671, GNorm = 0.3261, lr_0 = 5.6418e-04
Loss = 3.3637e-03, PNorm = 46.1892, GNorm = 0.5116, lr_0 = 5.6277e-04
Validation rmse = 0.707888
Epoch 14
Loss = 2.3210e-03, PNorm = 46.2214, GNorm = 0.4293, lr_0 = 5.6135e-04
Loss = 1.6090e-03, PNorm = 46.2534, GNorm = 0.3865, lr_0 = 5.5995e-04
Loss = 1.9152e-03, PNorm = 46.2731, GNorm = 0.3096, lr_0 = 5.5854e-04
Loss = 2.2399e-03, PNorm = 46.2937, GNorm = 0.4290, lr_0 = 5.5714e-04
Loss = 2.5052e-03, PNorm = 46.3150, GNorm = 0.4111, lr_0 = 5.5574e-04
Loss = 2.5493e-03, PNorm = 46.3279, GNorm = 0.4429, lr_0 = 5.5435e-04
Loss = 2.5228e-03, PNorm = 46.3496, GNorm = 0.4052, lr_0 = 5.5296e-04
Loss = 2.6562e-03, PNorm = 46.3725, GNorm = 0.5432, lr_0 = 5.5157e-04
Loss = 2.2572e-03, PNorm = 46.4000, GNorm = 0.2641, lr_0 = 5.5019e-04
Loss = 2.1099e-03, PNorm = 46.4162, GNorm = 0.6375, lr_0 = 5.4881e-04
Loss = 2.1362e-03, PNorm = 46.4420, GNorm = 0.2745, lr_0 = 5.4743e-04
Loss = 2.1815e-03, PNorm = 46.4651, GNorm = 0.5050, lr_0 = 5.4606e-04
Loss = 2.3486e-03, PNorm = 46.4782, GNorm = 1.0551, lr_0 = 5.4469e-04
Loss = 3.2195e-03, PNorm = 46.4946, GNorm = 0.7767, lr_0 = 5.4332e-04
Loss = 2.6762e-03, PNorm = 46.5163, GNorm = 0.4993, lr_0 = 5.4196e-04
Loss = 2.4649e-03, PNorm = 46.5517, GNorm = 0.5455, lr_0 = 5.4060e-04
Loss = 1.9152e-03, PNorm = 46.5831, GNorm = 0.3926, lr_0 = 5.3924e-04
Loss = 2.1775e-03, PNorm = 46.6053, GNorm = 0.5528, lr_0 = 5.3789e-04
Loss = 1.9612e-03, PNorm = 46.6264, GNorm = 0.8867, lr_0 = 5.3654e-04
Validation rmse = 0.686265
Epoch 15
Loss = 2.5447e-03, PNorm = 46.6423, GNorm = 0.3984, lr_0 = 5.3520e-04
Loss = 1.8772e-03, PNorm = 46.6689, GNorm = 0.5593, lr_0 = 5.3385e-04
Loss = 2.1464e-03, PNorm = 46.6847, GNorm = 0.4523, lr_0 = 5.3251e-04
Loss = 2.2337e-03, PNorm = 46.7129, GNorm = 0.7105, lr_0 = 5.3118e-04
Loss = 2.4125e-03, PNorm = 46.7376, GNorm = 0.3827, lr_0 = 5.2985e-04
Loss = 2.3599e-03, PNorm = 46.7588, GNorm = 0.5926, lr_0 = 5.2852e-04
Loss = 1.8413e-03, PNorm = 46.7858, GNorm = 0.5824, lr_0 = 5.2719e-04
Loss = 2.1448e-03, PNorm = 46.8019, GNorm = 0.3628, lr_0 = 5.2587e-04
Loss = 2.4548e-03, PNorm = 46.8222, GNorm = 0.5975, lr_0 = 5.2455e-04
Loss = 2.3595e-03, PNorm = 46.8418, GNorm = 0.5127, lr_0 = 5.2323e-04
Loss = 2.0758e-03, PNorm = 46.8591, GNorm = 0.5946, lr_0 = 5.2192e-04
Loss = 2.0526e-03, PNorm = 46.8781, GNorm = 0.4403, lr_0 = 5.2061e-04
Loss = 3.0305e-03, PNorm = 46.8962, GNorm = 0.5350, lr_0 = 5.1931e-04
Loss = 1.9171e-03, PNorm = 46.9231, GNorm = 0.7078, lr_0 = 5.1800e-04
Loss = 2.0026e-03, PNorm = 46.9481, GNorm = 0.6549, lr_0 = 5.1670e-04
Loss = 2.4417e-03, PNorm = 46.9617, GNorm = 0.6707, lr_0 = 5.1541e-04
Loss = 1.7459e-03, PNorm = 46.9703, GNorm = 0.5598, lr_0 = 5.1411e-04
Loss = 2.8165e-03, PNorm = 46.9862, GNorm = 0.4360, lr_0 = 5.1283e-04
Loss = 1.6712e-03, PNorm = 47.0035, GNorm = 0.3616, lr_0 = 5.1154e-04
Validation rmse = 0.717343
Epoch 16
Loss = 2.0672e-03, PNorm = 47.0221, GNorm = 0.7002, lr_0 = 5.1026e-04
Loss = 1.6674e-03, PNorm = 47.0401, GNorm = 0.5002, lr_0 = 5.0898e-04
Loss = 1.6088e-03, PNorm = 47.0567, GNorm = 0.6012, lr_0 = 5.0770e-04
Loss = 1.8572e-03, PNorm = 47.0746, GNorm = 0.5155, lr_0 = 5.0643e-04
Loss = 2.0077e-03, PNorm = 47.0923, GNorm = 1.0187, lr_0 = 5.0516e-04
Loss = 2.3043e-03, PNorm = 47.1065, GNorm = 0.4791, lr_0 = 5.0389e-04
Loss = 1.5839e-03, PNorm = 47.1270, GNorm = 0.2987, lr_0 = 5.0262e-04
Loss = 2.1232e-03, PNorm = 47.1521, GNorm = 0.6618, lr_0 = 5.0136e-04
Loss = 2.0868e-03, PNorm = 47.1757, GNorm = 0.4278, lr_0 = 5.0011e-04
Loss = 1.9347e-03, PNorm = 47.2004, GNorm = 0.5970, lr_0 = 4.9885e-04
Loss = 1.9170e-03, PNorm = 47.2204, GNorm = 0.4690, lr_0 = 4.9760e-04
Loss = 1.7171e-03, PNorm = 47.2372, GNorm = 0.4399, lr_0 = 4.9635e-04
Loss = 2.4413e-03, PNorm = 47.2514, GNorm = 0.7015, lr_0 = 4.9511e-04
Loss = 1.8885e-03, PNorm = 47.2602, GNorm = 0.5496, lr_0 = 4.9386e-04
Loss = 2.7997e-03, PNorm = 47.2789, GNorm = 0.5578, lr_0 = 4.9263e-04
Loss = 2.5315e-03, PNorm = 47.3045, GNorm = 0.6317, lr_0 = 4.9139e-04
Loss = 1.6820e-03, PNorm = 47.3229, GNorm = 0.4241, lr_0 = 4.9016e-04
Loss = 2.0271e-03, PNorm = 47.3322, GNorm = 0.6317, lr_0 = 4.8893e-04
Loss = 2.0771e-03, PNorm = 47.3535, GNorm = 0.5489, lr_0 = 4.8770e-04
Validation rmse = 0.682744
Epoch 17
Loss = 2.6800e-03, PNorm = 47.3794, GNorm = 0.4934, lr_0 = 4.8648e-04
Loss = 2.2042e-03, PNorm = 47.4008, GNorm = 1.0243, lr_0 = 4.8526e-04
Loss = 1.9032e-03, PNorm = 47.4234, GNorm = 0.4736, lr_0 = 4.8404e-04
Loss = 1.9581e-03, PNorm = 47.4401, GNorm = 0.5351, lr_0 = 4.8283e-04
Loss = 3.7062e-03, PNorm = 47.4516, GNorm = 0.4359, lr_0 = 4.8162e-04
Loss = 2.1884e-03, PNorm = 47.4741, GNorm = 0.4806, lr_0 = 4.8041e-04
Loss = 2.0050e-03, PNorm = 47.4962, GNorm = 0.5119, lr_0 = 4.7920e-04
Loss = 1.8675e-03, PNorm = 47.5183, GNorm = 0.3923, lr_0 = 4.7800e-04
Loss = 1.7654e-03, PNorm = 47.5350, GNorm = 0.4558, lr_0 = 4.7680e-04
Loss = 1.9266e-03, PNorm = 47.5506, GNorm = 0.7041, lr_0 = 4.7561e-04
Loss = 1.4633e-03, PNorm = 47.5732, GNorm = 0.4474, lr_0 = 4.7441e-04
Loss = 1.7324e-03, PNorm = 47.5862, GNorm = 0.4185, lr_0 = 4.7322e-04
Loss = 2.2001e-03, PNorm = 47.5980, GNorm = 0.4521, lr_0 = 4.7204e-04
Loss = 1.8110e-03, PNorm = 47.6128, GNorm = 0.8987, lr_0 = 4.7085e-04
Loss = 1.5129e-03, PNorm = 47.6300, GNorm = 0.4313, lr_0 = 4.6967e-04
Loss = 1.9498e-03, PNorm = 47.6417, GNorm = 0.4918, lr_0 = 4.6849e-04
Loss = 2.6186e-03, PNorm = 47.6543, GNorm = 0.3901, lr_0 = 4.6732e-04
Loss = 2.0631e-03, PNorm = 47.6711, GNorm = 0.8473, lr_0 = 4.6614e-04
Loss = 2.4944e-03, PNorm = 47.6944, GNorm = 0.6443, lr_0 = 4.6498e-04
Validation rmse = 0.704825
Epoch 18
Loss = 4.9717e-03, PNorm = 47.7166, GNorm = 0.3514, lr_0 = 4.6381e-04
Loss = 2.1290e-03, PNorm = 47.7362, GNorm = 0.4170, lr_0 = 4.6265e-04
Loss = 1.5891e-03, PNorm = 47.7492, GNorm = 0.2923, lr_0 = 4.6149e-04
Loss = 1.7960e-03, PNorm = 47.7690, GNorm = 0.4840, lr_0 = 4.6033e-04
Loss = 1.5031e-03, PNorm = 47.7873, GNorm = 0.5447, lr_0 = 4.5917e-04
Loss = 2.7709e-03, PNorm = 47.8018, GNorm = 0.5557, lr_0 = 4.5802e-04
Loss = 1.9595e-03, PNorm = 47.8240, GNorm = 0.5836, lr_0 = 4.5687e-04
Loss = 1.6277e-03, PNorm = 47.8495, GNorm = 0.3211, lr_0 = 4.5573e-04
Loss = 1.6154e-03, PNorm = 47.8610, GNorm = 0.3521, lr_0 = 4.5458e-04
Loss = 2.0776e-03, PNorm = 47.8720, GNorm = 0.6580, lr_0 = 4.5344e-04
Loss = 2.1204e-03, PNorm = 47.8880, GNorm = 0.7483, lr_0 = 4.5231e-04
Loss = 2.7012e-03, PNorm = 47.9026, GNorm = 1.3803, lr_0 = 4.5117e-04
Loss = 2.5679e-03, PNorm = 47.9189, GNorm = 0.5572, lr_0 = 4.5004e-04
Loss = 1.7525e-03, PNorm = 47.9404, GNorm = 0.5668, lr_0 = 4.4891e-04
Loss = 2.0211e-03, PNorm = 47.9487, GNorm = 0.9388, lr_0 = 4.4778e-04
Loss = 1.7159e-03, PNorm = 47.9601, GNorm = 0.3574, lr_0 = 4.4666e-04
Loss = 2.1952e-03, PNorm = 47.9734, GNorm = 1.2464, lr_0 = 4.4554e-04
Loss = 1.8866e-03, PNorm = 47.9910, GNorm = 0.6862, lr_0 = 4.4442e-04
Loss = 1.8687e-03, PNorm = 48.0047, GNorm = 0.5732, lr_0 = 4.4331e-04
Validation rmse = 0.698198
Epoch 19
Loss = 1.7870e-03, PNorm = 48.0232, GNorm = 0.6110, lr_0 = 4.4220e-04
Loss = 1.6712e-03, PNorm = 48.0421, GNorm = 0.5961, lr_0 = 4.4109e-04
Loss = 2.1191e-03, PNorm = 48.0638, GNorm = 0.6344, lr_0 = 4.3998e-04
Loss = 1.9086e-03, PNorm = 48.0787, GNorm = 0.4398, lr_0 = 4.3888e-04
Loss = 1.6798e-03, PNorm = 48.0883, GNorm = 0.4079, lr_0 = 4.3778e-04
Loss = 2.9692e-03, PNorm = 48.1025, GNorm = 0.5553, lr_0 = 4.3668e-04
Loss = 1.8503e-03, PNorm = 48.1176, GNorm = 0.5685, lr_0 = 4.3558e-04
Loss = 2.2559e-03, PNorm = 48.1354, GNorm = 0.3065, lr_0 = 4.3449e-04
Loss = 1.9564e-03, PNorm = 48.1476, GNorm = 0.4220, lr_0 = 4.3340e-04
Loss = 1.7901e-03, PNorm = 48.1618, GNorm = 0.6207, lr_0 = 4.3231e-04
Loss = 2.4587e-03, PNorm = 48.1793, GNorm = 0.4698, lr_0 = 4.3123e-04
Loss = 1.8207e-03, PNorm = 48.1938, GNorm = 0.4774, lr_0 = 4.3015e-04
Loss = 1.8696e-03, PNorm = 48.2027, GNorm = 0.3777, lr_0 = 4.2907e-04
Loss = 2.2571e-03, PNorm = 48.2164, GNorm = 0.4847, lr_0 = 4.2799e-04
Loss = 1.9440e-03, PNorm = 48.2363, GNorm = 0.5413, lr_0 = 4.2692e-04
Loss = 1.6453e-03, PNorm = 48.2583, GNorm = 0.7741, lr_0 = 4.2585e-04
Loss = 2.0037e-03, PNorm = 48.2709, GNorm = 0.4956, lr_0 = 4.2478e-04
Loss = 1.9144e-03, PNorm = 48.2842, GNorm = 0.4408, lr_0 = 4.2371e-04
Loss = 1.4507e-03, PNorm = 48.2969, GNorm = 0.4518, lr_0 = 4.2265e-04
Loss = 1.6969e-03, PNorm = 48.3125, GNorm = 0.6571, lr_0 = 4.2159e-04
Validation rmse = 0.687693
Epoch 20
Loss = 1.6220e-03, PNorm = 48.3292, GNorm = 0.3657, lr_0 = 4.2053e-04
Loss = 1.4353e-03, PNorm = 48.3427, GNorm = 0.3826, lr_0 = 4.1948e-04
Loss = 1.5677e-03, PNorm = 48.3590, GNorm = 0.8377, lr_0 = 4.1843e-04
Loss = 3.1797e-03, PNorm = 48.3734, GNorm = 0.6695, lr_0 = 4.1738e-04
Loss = 1.9136e-03, PNorm = 48.3926, GNorm = 0.5388, lr_0 = 4.1633e-04
Loss = 1.5653e-03, PNorm = 48.4104, GNorm = 0.3747, lr_0 = 4.1529e-04
Loss = 1.8202e-03, PNorm = 48.4236, GNorm = 0.5909, lr_0 = 4.1424e-04
Loss = 1.6889e-03, PNorm = 48.4359, GNorm = 0.3197, lr_0 = 4.1320e-04
Loss = 2.5929e-03, PNorm = 48.4603, GNorm = 0.5256, lr_0 = 4.1217e-04
Loss = 2.7785e-03, PNorm = 48.4735, GNorm = 0.4854, lr_0 = 4.1113e-04
Loss = 1.9848e-03, PNorm = 48.4891, GNorm = 0.9088, lr_0 = 4.1010e-04
Loss = 2.1637e-03, PNorm = 48.5055, GNorm = 0.4938, lr_0 = 4.0907e-04
Loss = 1.4505e-03, PNorm = 48.5240, GNorm = 0.6637, lr_0 = 4.0805e-04
Loss = 1.6215e-03, PNorm = 48.5379, GNorm = 0.4096, lr_0 = 4.0702e-04
Loss = 2.2993e-03, PNorm = 48.5542, GNorm = 0.4566, lr_0 = 4.0600e-04
Loss = 1.6834e-03, PNorm = 48.5687, GNorm = 0.5533, lr_0 = 4.0498e-04
Loss = 1.6585e-03, PNorm = 48.5820, GNorm = 0.4365, lr_0 = 4.0397e-04
Loss = 1.7633e-03, PNorm = 48.5938, GNorm = 0.3980, lr_0 = 4.0296e-04
Loss = 1.9846e-03, PNorm = 48.6050, GNorm = 0.5024, lr_0 = 4.0195e-04
Validation rmse = 0.655009
Epoch 21
Loss = 2.8377e-03, PNorm = 48.6186, GNorm = 0.4111, lr_0 = 4.0094e-04
Loss = 2.4582e-03, PNorm = 48.6348, GNorm = 0.5397, lr_0 = 3.9993e-04
Loss = 1.9006e-03, PNorm = 48.6467, GNorm = 0.4456, lr_0 = 3.9893e-04
Loss = 1.5496e-03, PNorm = 48.6603, GNorm = 0.3422, lr_0 = 3.9793e-04
Loss = 1.8890e-03, PNorm = 48.6735, GNorm = 0.3970, lr_0 = 3.9693e-04
Loss = 2.1137e-03, PNorm = 48.6846, GNorm = 0.4481, lr_0 = 3.9593e-04
Loss = 1.6730e-03, PNorm = 48.6965, GNorm = 0.4259, lr_0 = 3.9494e-04
Loss = 1.4464e-03, PNorm = 48.7091, GNorm = 0.4333, lr_0 = 3.9395e-04
Loss = 2.3110e-03, PNorm = 48.7256, GNorm = 0.6667, lr_0 = 3.9296e-04
Loss = 1.5078e-03, PNorm = 48.7383, GNorm = 0.4500, lr_0 = 3.9198e-04
Loss = 2.1984e-03, PNorm = 48.7522, GNorm = 0.7579, lr_0 = 3.9099e-04
Loss = 1.5631e-03, PNorm = 48.7636, GNorm = 0.4315, lr_0 = 3.9001e-04
Loss = 1.5967e-03, PNorm = 48.7773, GNorm = 0.5697, lr_0 = 3.8903e-04
Loss = 1.7981e-03, PNorm = 48.7907, GNorm = 0.5600, lr_0 = 3.8806e-04
Loss = 1.7735e-03, PNorm = 48.8034, GNorm = 0.8013, lr_0 = 3.8708e-04
Loss = 1.9037e-03, PNorm = 48.8170, GNorm = 0.4870, lr_0 = 3.8611e-04
Loss = 1.5022e-03, PNorm = 48.8323, GNorm = 0.3730, lr_0 = 3.8514e-04
Loss = 1.4713e-03, PNorm = 48.8445, GNorm = 0.4297, lr_0 = 3.8418e-04
Loss = 1.8849e-03, PNorm = 48.8544, GNorm = 0.5403, lr_0 = 3.8321e-04
Validation rmse = 0.682934
Epoch 22
Loss = 1.7184e-03, PNorm = 48.8649, GNorm = 0.8071, lr_0 = 3.8225e-04
Loss = 1.4998e-03, PNorm = 48.8797, GNorm = 0.4770, lr_0 = 3.8129e-04
Loss = 1.6026e-03, PNorm = 48.8882, GNorm = 0.4845, lr_0 = 3.8034e-04
Loss = 1.3102e-03, PNorm = 48.9012, GNorm = 0.3946, lr_0 = 3.7938e-04
Loss = 2.0685e-03, PNorm = 48.9165, GNorm = 1.0242, lr_0 = 3.7843e-04
Loss = 1.8388e-03, PNorm = 48.9296, GNorm = 0.5410, lr_0 = 3.7748e-04
Loss = 1.7368e-03, PNorm = 48.9417, GNorm = 0.4540, lr_0 = 3.7654e-04
Loss = 1.9956e-03, PNorm = 48.9518, GNorm = 0.4870, lr_0 = 3.7559e-04
Loss = 1.4647e-03, PNorm = 48.9628, GNorm = 0.5323, lr_0 = 3.7465e-04
Loss = 2.5227e-03, PNorm = 48.9782, GNorm = 0.5048, lr_0 = 3.7371e-04
Loss = 1.7811e-03, PNorm = 48.9982, GNorm = 0.7181, lr_0 = 3.7277e-04
Loss = 1.4946e-03, PNorm = 49.0127, GNorm = 0.3966, lr_0 = 3.7184e-04
Loss = 1.8683e-03, PNorm = 49.0223, GNorm = 0.5277, lr_0 = 3.7090e-04
Loss = 1.4294e-03, PNorm = 49.0321, GNorm = 0.2828, lr_0 = 3.6997e-04
Loss = 2.3775e-03, PNorm = 49.0425, GNorm = 0.4423, lr_0 = 3.6905e-04
Loss = 2.3403e-03, PNorm = 49.0501, GNorm = 0.3850, lr_0 = 3.6812e-04
Loss = 1.7517e-03, PNorm = 49.0612, GNorm = 0.4664, lr_0 = 3.6720e-04
Loss = 1.8203e-03, PNorm = 49.0668, GNorm = 0.4993, lr_0 = 3.6628e-04
Loss = 1.6454e-03, PNorm = 49.0791, GNorm = 0.4916, lr_0 = 3.6536e-04
Validation rmse = 0.658137
Epoch 23
Loss = 1.4402e-03, PNorm = 49.0967, GNorm = 0.5586, lr_0 = 3.6444e-04
Loss = 2.0264e-03, PNorm = 49.1124, GNorm = 0.8751, lr_0 = 3.6353e-04
Loss = 1.6925e-03, PNorm = 49.1238, GNorm = 0.3897, lr_0 = 3.6262e-04
Loss = 2.0033e-03, PNorm = 49.1390, GNorm = 0.6136, lr_0 = 3.6171e-04
Loss = 1.6436e-03, PNorm = 49.1511, GNorm = 0.6909, lr_0 = 3.6080e-04
Loss = 2.0421e-03, PNorm = 49.1611, GNorm = 0.8353, lr_0 = 3.5989e-04
Loss = 1.9596e-03, PNorm = 49.1769, GNorm = 0.6147, lr_0 = 3.5899e-04
Loss = 1.6993e-03, PNorm = 49.1924, GNorm = 0.6919, lr_0 = 3.5809e-04
Loss = 1.9480e-03, PNorm = 49.2065, GNorm = 0.7538, lr_0 = 3.5719e-04
Loss = 2.4219e-03, PNorm = 49.2103, GNorm = 0.5320, lr_0 = 3.5630e-04
Loss = 1.6202e-03, PNorm = 49.2186, GNorm = 0.4287, lr_0 = 3.5540e-04
Loss = 1.8644e-03, PNorm = 49.2265, GNorm = 0.6027, lr_0 = 3.5451e-04
Loss = 1.3769e-03, PNorm = 49.2395, GNorm = 0.7641, lr_0 = 3.5362e-04
Loss = 1.3261e-03, PNorm = 49.2561, GNorm = 0.3612, lr_0 = 3.5273e-04
Loss = 1.6792e-03, PNorm = 49.2706, GNorm = 0.5724, lr_0 = 3.5185e-04
Loss = 1.8035e-03, PNorm = 49.2827, GNorm = 0.4212, lr_0 = 3.5097e-04
Loss = 1.8141e-03, PNorm = 49.2908, GNorm = 0.7153, lr_0 = 3.5009e-04
Loss = 1.4194e-03, PNorm = 49.3046, GNorm = 0.6612, lr_0 = 3.4921e-04
Loss = 1.4880e-03, PNorm = 49.3127, GNorm = 0.4058, lr_0 = 3.4833e-04
Validation rmse = 0.701917
Epoch 24
Loss = 1.3217e-03, PNorm = 49.3165, GNorm = 0.3558, lr_0 = 3.4746e-04
Loss = 1.9629e-03, PNorm = 49.3303, GNorm = 0.6479, lr_0 = 3.4659e-04
Loss = 1.5873e-03, PNorm = 49.3457, GNorm = 0.5259, lr_0 = 3.4572e-04
Loss = 1.9877e-03, PNorm = 49.3597, GNorm = 0.6611, lr_0 = 3.4485e-04
Loss = 1.8435e-03, PNorm = 49.3767, GNorm = 1.1788, lr_0 = 3.4399e-04
Loss = 1.3854e-03, PNorm = 49.3885, GNorm = 0.5418, lr_0 = 3.4312e-04
Loss = 1.5468e-03, PNorm = 49.3989, GNorm = 0.6438, lr_0 = 3.4226e-04
Loss = 2.2759e-03, PNorm = 49.4124, GNorm = 0.3256, lr_0 = 3.4140e-04
Loss = 1.6775e-03, PNorm = 49.4275, GNorm = 0.4552, lr_0 = 3.4055e-04
Loss = 1.3195e-03, PNorm = 49.4352, GNorm = 0.7973, lr_0 = 3.3969e-04
Loss = 1.4623e-03, PNorm = 49.4420, GNorm = 0.3633, lr_0 = 3.3884e-04
Loss = 1.5316e-03, PNorm = 49.4514, GNorm = 0.4626, lr_0 = 3.3799e-04
Loss = 1.5366e-03, PNorm = 49.4600, GNorm = 0.3926, lr_0 = 3.3714e-04
Loss = 1.6115e-03, PNorm = 49.4671, GNorm = 0.4250, lr_0 = 3.3630e-04
Loss = 1.8940e-03, PNorm = 49.4775, GNorm = 0.3951, lr_0 = 3.3545e-04
Loss = 1.4404e-03, PNorm = 49.4908, GNorm = 0.9580, lr_0 = 3.3461e-04
Loss = 2.4703e-03, PNorm = 49.5065, GNorm = 0.6901, lr_0 = 3.3377e-04
Loss = 1.6345e-03, PNorm = 49.5194, GNorm = 0.6726, lr_0 = 3.3294e-04
Loss = 2.1196e-03, PNorm = 49.5357, GNorm = 0.5403, lr_0 = 3.3210e-04
Validation rmse = 0.665550
Epoch 25
Loss = 1.6579e-03, PNorm = 49.5512, GNorm = 0.5696, lr_0 = 3.3127e-04
Loss = 1.7900e-03, PNorm = 49.5638, GNorm = 0.6920, lr_0 = 3.3044e-04
Loss = 1.8187e-03, PNorm = 49.5779, GNorm = 1.8180, lr_0 = 3.2961e-04
Loss = 1.3791e-03, PNorm = 49.5875, GNorm = 0.4225, lr_0 = 3.2878e-04
Loss = 1.5899e-03, PNorm = 49.5982, GNorm = 0.5742, lr_0 = 3.2796e-04
Loss = 1.6980e-03, PNorm = 49.6067, GNorm = 0.6082, lr_0 = 3.2713e-04
Loss = 1.7881e-03, PNorm = 49.6138, GNorm = 0.8107, lr_0 = 3.2631e-04
Loss = 1.6715e-03, PNorm = 49.6223, GNorm = 0.3983, lr_0 = 3.2549e-04
Loss = 1.4516e-03, PNorm = 49.6362, GNorm = 0.4285, lr_0 = 3.2468e-04
Loss = 2.0799e-03, PNorm = 49.6486, GNorm = 0.8802, lr_0 = 3.2386e-04
Loss = 1.2558e-03, PNorm = 49.6584, GNorm = 0.5883, lr_0 = 3.2305e-04
Loss = 2.4588e-03, PNorm = 49.6660, GNorm = 0.7258, lr_0 = 3.2224e-04
Loss = 1.2532e-03, PNorm = 49.6744, GNorm = 0.3805, lr_0 = 3.2143e-04
Loss = 1.5446e-03, PNorm = 49.6887, GNorm = 1.8631, lr_0 = 3.2063e-04
Loss = 1.1986e-03, PNorm = 49.7014, GNorm = 0.4861, lr_0 = 3.1982e-04
Loss = 1.7540e-03, PNorm = 49.7103, GNorm = 0.4929, lr_0 = 3.1902e-04
Loss = 1.4289e-03, PNorm = 49.7204, GNorm = 0.7541, lr_0 = 3.1822e-04
Loss = 1.6571e-03, PNorm = 49.7319, GNorm = 0.4907, lr_0 = 3.1742e-04
Loss = 1.5972e-03, PNorm = 49.7408, GNorm = 1.6254, lr_0 = 3.1663e-04
Validation rmse = 0.668810
Epoch 26
Loss = 1.1567e-03, PNorm = 49.7470, GNorm = 0.7001, lr_0 = 3.1583e-04
Loss = 1.7189e-03, PNorm = 49.7577, GNorm = 0.4285, lr_0 = 3.1504e-04
Loss = 1.9105e-03, PNorm = 49.7735, GNorm = 0.5433, lr_0 = 3.1425e-04
Loss = 1.4665e-03, PNorm = 49.7882, GNorm = 0.7198, lr_0 = 3.1346e-04
Loss = 1.5439e-03, PNorm = 49.7958, GNorm = 0.9179, lr_0 = 3.1267e-04
Loss = 1.6872e-03, PNorm = 49.8051, GNorm = 0.4812, lr_0 = 3.1189e-04
Loss = 1.6707e-03, PNorm = 49.8164, GNorm = 0.4252, lr_0 = 3.1111e-04
Loss = 1.3088e-03, PNorm = 49.8230, GNorm = 0.7791, lr_0 = 3.1033e-04
Loss = 1.4128e-03, PNorm = 49.8309, GNorm = 0.4029, lr_0 = 3.0955e-04
Loss = 1.5567e-03, PNorm = 49.8395, GNorm = 0.3238, lr_0 = 3.0877e-04
Loss = 1.7252e-03, PNorm = 49.8472, GNorm = 0.3083, lr_0 = 3.0800e-04
Loss = 2.1423e-03, PNorm = 49.8563, GNorm = 0.3934, lr_0 = 3.0722e-04
Loss = 1.5641e-03, PNorm = 49.8670, GNorm = 0.8375, lr_0 = 3.0645e-04
Loss = 1.6723e-03, PNorm = 49.8769, GNorm = 0.4678, lr_0 = 3.0569e-04
Loss = 1.7510e-03, PNorm = 49.8856, GNorm = 0.8698, lr_0 = 3.0492e-04
Loss = 1.8578e-03, PNorm = 49.8986, GNorm = 0.5175, lr_0 = 3.0415e-04
Loss = 1.3362e-03, PNorm = 49.9067, GNorm = 0.2988, lr_0 = 3.0339e-04
Loss = 1.2522e-03, PNorm = 49.9154, GNorm = 0.3757, lr_0 = 3.0263e-04
Loss = 1.4183e-03, PNorm = 49.9239, GNorm = 0.3313, lr_0 = 3.0187e-04
Validation rmse = 0.674248
Epoch 27
Loss = 2.7706e-03, PNorm = 49.9323, GNorm = 1.5756, lr_0 = 3.0111e-04
Loss = 1.0227e-03, PNorm = 49.9437, GNorm = 0.2617, lr_0 = 3.0036e-04
Loss = 1.2186e-03, PNorm = 49.9506, GNorm = 0.5638, lr_0 = 2.9960e-04
Loss = 1.6303e-03, PNorm = 49.9623, GNorm = 0.5624, lr_0 = 2.9885e-04
Loss = 1.9439e-03, PNorm = 49.9757, GNorm = 0.5382, lr_0 = 2.9810e-04
Loss = 1.3451e-03, PNorm = 49.9867, GNorm = 1.1904, lr_0 = 2.9736e-04
Loss = 1.9918e-03, PNorm = 49.9955, GNorm = 0.4330, lr_0 = 2.9661e-04
Loss = 1.2390e-03, PNorm = 50.0065, GNorm = 0.4980, lr_0 = 2.9587e-04
Loss = 1.5699e-03, PNorm = 50.0174, GNorm = 0.8412, lr_0 = 2.9512e-04
Loss = 1.5590e-03, PNorm = 50.0247, GNorm = 0.5843, lr_0 = 2.9438e-04
Loss = 1.5304e-03, PNorm = 50.0346, GNorm = 0.6323, lr_0 = 2.9365e-04
Loss = 1.7176e-03, PNorm = 50.0397, GNorm = 0.6241, lr_0 = 2.9291e-04
Loss = 1.5219e-03, PNorm = 50.0447, GNorm = 0.4840, lr_0 = 2.9217e-04
Loss = 1.3505e-03, PNorm = 50.0544, GNorm = 0.3806, lr_0 = 2.9144e-04
Loss = 1.3014e-03, PNorm = 50.0662, GNorm = 0.5575, lr_0 = 2.9071e-04
Loss = 1.9129e-03, PNorm = 50.0765, GNorm = 0.4874, lr_0 = 2.8998e-04
Loss = 1.4872e-03, PNorm = 50.0853, GNorm = 0.7454, lr_0 = 2.8925e-04
Loss = 1.3934e-03, PNorm = 50.0913, GNorm = 0.4934, lr_0 = 2.8853e-04
Loss = 1.5510e-03, PNorm = 50.0955, GNorm = 1.3494, lr_0 = 2.8780e-04
Validation rmse = 0.653650
Epoch 28
Loss = 1.0661e-03, PNorm = 50.1061, GNorm = 0.4137, lr_0 = 2.8708e-04
Loss = 1.2490e-03, PNorm = 50.1142, GNorm = 0.6935, lr_0 = 2.8636e-04
Loss = 1.2567e-03, PNorm = 50.1229, GNorm = 0.7380, lr_0 = 2.8564e-04
Loss = 1.6067e-03, PNorm = 50.1333, GNorm = 1.2706, lr_0 = 2.8493e-04
Loss = 1.7117e-03, PNorm = 50.1473, GNorm = 0.8349, lr_0 = 2.8421e-04
Loss = 1.6662e-03, PNorm = 50.1633, GNorm = 0.5809, lr_0 = 2.8350e-04
Loss = 1.4403e-03, PNorm = 50.1725, GNorm = 0.8372, lr_0 = 2.8279e-04
Loss = 1.5704e-03, PNorm = 50.1794, GNorm = 0.3255, lr_0 = 2.8208e-04
Loss = 1.9681e-03, PNorm = 50.1903, GNorm = 0.4395, lr_0 = 2.8137e-04
Loss = 1.8110e-03, PNorm = 50.1966, GNorm = 0.5063, lr_0 = 2.8067e-04
Loss = 1.7699e-03, PNorm = 50.2049, GNorm = 0.8692, lr_0 = 2.7996e-04
Loss = 1.7582e-03, PNorm = 50.2160, GNorm = 0.4618, lr_0 = 2.7926e-04
Loss = 1.3266e-03, PNorm = 50.2226, GNorm = 0.6548, lr_0 = 2.7856e-04
Loss = 1.1040e-03, PNorm = 50.2261, GNorm = 0.4254, lr_0 = 2.7786e-04
Loss = 1.7094e-03, PNorm = 50.2369, GNorm = 0.8656, lr_0 = 2.7716e-04
Loss = 1.6465e-03, PNorm = 50.2472, GNorm = 0.4261, lr_0 = 2.7647e-04
Loss = 1.0839e-03, PNorm = 50.2554, GNorm = 0.3876, lr_0 = 2.7577e-04
Loss = 1.0859e-03, PNorm = 50.2617, GNorm = 0.7530, lr_0 = 2.7508e-04
Loss = 1.3295e-03, PNorm = 50.2657, GNorm = 0.3508, lr_0 = 2.7439e-04
Validation rmse = 0.721020
Epoch 29
Loss = 2.5529e-03, PNorm = 50.2737, GNorm = 1.2602, lr_0 = 2.7370e-04
Loss = 1.3473e-03, PNorm = 50.2819, GNorm = 0.4005, lr_0 = 2.7302e-04
Loss = 1.4366e-03, PNorm = 50.2895, GNorm = 0.3925, lr_0 = 2.7233e-04
Loss = 1.1071e-03, PNorm = 50.2966, GNorm = 0.4051, lr_0 = 2.7165e-04
Loss = 1.1177e-03, PNorm = 50.3037, GNorm = 0.4834, lr_0 = 2.7097e-04
Loss = 1.3735e-03, PNorm = 50.3121, GNorm = 0.7168, lr_0 = 2.7029e-04
Loss = 1.5799e-03, PNorm = 50.3221, GNorm = 0.9283, lr_0 = 2.6961e-04
Loss = 1.3105e-03, PNorm = 50.3301, GNorm = 0.3783, lr_0 = 2.6893e-04
Loss = 1.9652e-03, PNorm = 50.3357, GNorm = 0.4641, lr_0 = 2.6826e-04
Loss = 1.7641e-03, PNorm = 50.3436, GNorm = 0.4480, lr_0 = 2.6759e-04
Loss = 1.6801e-03, PNorm = 50.3541, GNorm = 0.4400, lr_0 = 2.6692e-04
Loss = 1.3472e-03, PNorm = 50.3647, GNorm = 0.5518, lr_0 = 2.6625e-04
Loss = 1.5559e-03, PNorm = 50.3728, GNorm = 0.6331, lr_0 = 2.6558e-04
Loss = 1.9938e-03, PNorm = 50.3802, GNorm = 0.5754, lr_0 = 2.6491e-04
Loss = 1.1560e-03, PNorm = 50.3918, GNorm = 0.4255, lr_0 = 2.6425e-04
Loss = 1.3258e-03, PNorm = 50.4005, GNorm = 0.5620, lr_0 = 2.6358e-04
Loss = 1.4332e-03, PNorm = 50.4115, GNorm = 0.5041, lr_0 = 2.6292e-04
Loss = 1.3333e-03, PNorm = 50.4229, GNorm = 0.4714, lr_0 = 2.6226e-04
Loss = 1.5488e-03, PNorm = 50.4330, GNorm = 0.5822, lr_0 = 2.6161e-04
Loss = 1.7307e-03, PNorm = 50.4412, GNorm = 0.6030, lr_0 = 2.6095e-04
Validation rmse = 0.665816
Epoch 30
Loss = 1.2469e-03, PNorm = 50.4466, GNorm = 0.3794, lr_0 = 2.6030e-04
Loss = 1.1759e-03, PNorm = 50.4521, GNorm = 0.8148, lr_0 = 2.5964e-04
Loss = 1.2517e-03, PNorm = 50.4595, GNorm = 0.3858, lr_0 = 2.5899e-04
Loss = 1.4773e-03, PNorm = 50.4730, GNorm = 0.5362, lr_0 = 2.5834e-04
Loss = 1.7068e-03, PNorm = 50.4817, GNorm = 0.4703, lr_0 = 2.5769e-04
Loss = 1.1992e-03, PNorm = 50.4903, GNorm = 0.5649, lr_0 = 2.5705e-04
Loss = 1.3990e-03, PNorm = 50.4961, GNorm = 0.5212, lr_0 = 2.5640e-04
Loss = 1.8621e-03, PNorm = 50.5012, GNorm = 1.2291, lr_0 = 2.5576e-04
Loss = 1.1522e-03, PNorm = 50.5094, GNorm = 0.5208, lr_0 = 2.5512e-04
Loss = 1.0561e-03, PNorm = 50.5195, GNorm = 0.5384, lr_0 = 2.5448e-04
Loss = 1.0412e-03, PNorm = 50.5272, GNorm = 0.4827, lr_0 = 2.5384e-04
Loss = 1.1401e-03, PNorm = 50.5329, GNorm = 0.3105, lr_0 = 2.5320e-04
Loss = 1.2888e-03, PNorm = 50.5406, GNorm = 0.4279, lr_0 = 2.5257e-04
Loss = 1.5346e-03, PNorm = 50.5439, GNorm = 0.3474, lr_0 = 2.5193e-04
Loss = 1.8574e-03, PNorm = 50.5501, GNorm = 0.7508, lr_0 = 2.5130e-04
Loss = 1.4500e-03, PNorm = 50.5653, GNorm = 0.4997, lr_0 = 2.5067e-04
Loss = 2.4310e-03, PNorm = 50.5801, GNorm = 0.5887, lr_0 = 2.5004e-04
Loss = 1.5673e-03, PNorm = 50.5897, GNorm = 0.4590, lr_0 = 2.4942e-04
Loss = 1.5269e-03, PNorm = 50.5959, GNorm = 0.7490, lr_0 = 2.4879e-04
Validation rmse = 0.661496
Epoch 31
Loss = 1.5956e-03, PNorm = 50.6036, GNorm = 0.5942, lr_0 = 2.4817e-04
Loss = 1.2052e-03, PNorm = 50.6144, GNorm = 0.5173, lr_0 = 2.4754e-04
Loss = 1.5482e-03, PNorm = 50.6267, GNorm = 0.4489, lr_0 = 2.4692e-04
Loss = 9.8165e-04, PNorm = 50.6367, GNorm = 0.5232, lr_0 = 2.4630e-04
Loss = 1.4818e-03, PNorm = 50.6430, GNorm = 0.8037, lr_0 = 2.4569e-04
Loss = 1.4598e-03, PNorm = 50.6549, GNorm = 0.4110, lr_0 = 2.4507e-04
Loss = 1.3758e-03, PNorm = 50.6633, GNorm = 0.5266, lr_0 = 2.4445e-04
Loss = 1.5748e-03, PNorm = 50.6679, GNorm = 1.5236, lr_0 = 2.4384e-04
Loss = 1.0963e-03, PNorm = 50.6741, GNorm = 0.5596, lr_0 = 2.4323e-04
Loss = 1.2739e-03, PNorm = 50.6805, GNorm = 0.4615, lr_0 = 2.4262e-04
Loss = 1.8147e-03, PNorm = 50.6866, GNorm = 0.4065, lr_0 = 2.4201e-04
Loss = 1.4307e-03, PNorm = 50.6915, GNorm = 0.8234, lr_0 = 2.4140e-04
Loss = 1.0474e-03, PNorm = 50.6977, GNorm = 0.5415, lr_0 = 2.4080e-04
Loss = 1.1045e-03, PNorm = 50.7034, GNorm = 0.5418, lr_0 = 2.4019e-04
Loss = 1.8637e-03, PNorm = 50.7095, GNorm = 0.6267, lr_0 = 2.3959e-04
Loss = 1.2946e-03, PNorm = 50.7130, GNorm = 1.0900, lr_0 = 2.3899e-04
Loss = 1.3262e-03, PNorm = 50.7178, GNorm = 0.3126, lr_0 = 2.3839e-04
Loss = 1.3923e-03, PNorm = 50.7267, GNorm = 0.4168, lr_0 = 2.3779e-04
Loss = 1.7336e-03, PNorm = 50.7365, GNorm = 0.6830, lr_0 = 2.3720e-04
Validation rmse = 0.668177
Epoch 32
Loss = 1.3794e-03, PNorm = 50.7399, GNorm = 0.3764, lr_0 = 2.3660e-04
Loss = 1.4871e-03, PNorm = 50.7443, GNorm = 0.2594, lr_0 = 2.3601e-04
Loss = 1.0160e-03, PNorm = 50.7538, GNorm = 0.4045, lr_0 = 2.3542e-04
Loss = 1.5675e-03, PNorm = 50.7613, GNorm = 0.4373, lr_0 = 2.3483e-04
Loss = 1.2121e-03, PNorm = 50.7685, GNorm = 0.5807, lr_0 = 2.3424e-04
Loss = 1.3259e-03, PNorm = 50.7752, GNorm = 0.6381, lr_0 = 2.3365e-04
Loss = 1.4543e-03, PNorm = 50.7799, GNorm = 0.4972, lr_0 = 2.3306e-04
Loss = 1.6583e-03, PNorm = 50.7861, GNorm = 0.4426, lr_0 = 2.3248e-04
Loss = 1.1732e-03, PNorm = 50.7946, GNorm = 0.4689, lr_0 = 2.3190e-04
Loss = 1.2252e-03, PNorm = 50.8003, GNorm = 0.5150, lr_0 = 2.3131e-04
Loss = 1.4497e-03, PNorm = 50.8054, GNorm = 0.5920, lr_0 = 2.3073e-04
Loss = 1.4592e-03, PNorm = 50.8113, GNorm = 0.4058, lr_0 = 2.3015e-04
Loss = 1.1145e-03, PNorm = 50.8185, GNorm = 0.4892, lr_0 = 2.2958e-04
Loss = 1.3486e-03, PNorm = 50.8244, GNorm = 1.7529, lr_0 = 2.2900e-04
Loss = 1.4808e-03, PNorm = 50.8315, GNorm = 0.7636, lr_0 = 2.2843e-04
Loss = 1.5051e-03, PNorm = 50.8408, GNorm = 0.4222, lr_0 = 2.2785e-04
Loss = 1.0770e-03, PNorm = 50.8490, GNorm = 0.4778, lr_0 = 2.2728e-04
Loss = 1.4683e-03, PNorm = 50.8530, GNorm = 1.4477, lr_0 = 2.2671e-04
Loss = 1.6348e-03, PNorm = 50.8594, GNorm = 0.5393, lr_0 = 2.2614e-04
Validation rmse = 0.672045
Epoch 33
Loss = 1.5763e-03, PNorm = 50.8671, GNorm = 2.3157, lr_0 = 2.2558e-04
Loss = 1.2565e-03, PNorm = 50.8737, GNorm = 0.4120, lr_0 = 2.2501e-04
Loss = 1.0878e-03, PNorm = 50.8771, GNorm = 0.4562, lr_0 = 2.2445e-04
Loss = 1.3504e-03, PNorm = 50.8816, GNorm = 1.4333, lr_0 = 2.2388e-04
Loss = 1.5257e-03, PNorm = 50.8915, GNorm = 0.5219, lr_0 = 2.2332e-04
Loss = 2.0912e-03, PNorm = 50.8994, GNorm = 0.3705, lr_0 = 2.2276e-04
Loss = 1.1256e-03, PNorm = 50.9064, GNorm = 0.5052, lr_0 = 2.2220e-04
Loss = 1.0990e-03, PNorm = 50.9148, GNorm = 0.6501, lr_0 = 2.2165e-04
Loss = 1.1300e-03, PNorm = 50.9231, GNorm = 0.4783, lr_0 = 2.2109e-04
Loss = 1.1619e-03, PNorm = 50.9265, GNorm = 0.5558, lr_0 = 2.2053e-04
Loss = 1.0613e-03, PNorm = 50.9290, GNorm = 0.3066, lr_0 = 2.1998e-04
Loss = 1.8244e-03, PNorm = 50.9360, GNorm = 0.4851, lr_0 = 2.1943e-04
Loss = 1.3534e-03, PNorm = 50.9423, GNorm = 0.5297, lr_0 = 2.1888e-04
Loss = 1.5625e-03, PNorm = 50.9484, GNorm = 0.4501, lr_0 = 2.1833e-04
Loss = 1.0555e-03, PNorm = 50.9548, GNorm = 0.4412, lr_0 = 2.1778e-04
Loss = 1.5846e-03, PNorm = 50.9605, GNorm = 2.1260, lr_0 = 2.1724e-04
Loss = 1.2510e-03, PNorm = 50.9701, GNorm = 0.4874, lr_0 = 2.1669e-04
Loss = 1.2940e-03, PNorm = 50.9775, GNorm = 0.4581, lr_0 = 2.1615e-04
Loss = 1.1841e-03, PNorm = 50.9847, GNorm = 0.5143, lr_0 = 2.1561e-04
Validation rmse = 0.672244
Epoch 34
Loss = 1.3823e-03, PNorm = 50.9885, GNorm = 0.4426, lr_0 = 2.1507e-04
Loss = 1.7815e-03, PNorm = 50.9982, GNorm = 2.3726, lr_0 = 2.1453e-04
Loss = 1.2031e-03, PNorm = 51.0053, GNorm = 0.7610, lr_0 = 2.1399e-04
Loss = 8.6680e-04, PNorm = 51.0087, GNorm = 0.9230, lr_0 = 2.1345e-04
Loss = 1.0194e-03, PNorm = 51.0125, GNorm = 0.4124, lr_0 = 2.1292e-04
Loss = 1.0343e-03, PNorm = 51.0171, GNorm = 0.4458, lr_0 = 2.1238e-04
Loss = 1.0165e-03, PNorm = 51.0249, GNorm = 0.4228, lr_0 = 2.1185e-04
Loss = 1.2797e-03, PNorm = 51.0295, GNorm = 0.5206, lr_0 = 2.1132e-04
Loss = 1.6710e-03, PNorm = 51.0324, GNorm = 1.6729, lr_0 = 2.1079e-04
Loss = 1.4536e-03, PNorm = 51.0387, GNorm = 0.3111, lr_0 = 2.1026e-04
Loss = 1.1593e-03, PNorm = 51.0485, GNorm = 0.5535, lr_0 = 2.0973e-04
Loss = 1.3256e-03, PNorm = 51.0594, GNorm = 0.3730, lr_0 = 2.0920e-04
Loss = 1.5941e-03, PNorm = 51.0653, GNorm = 0.6650, lr_0 = 2.0868e-04
Loss = 1.2608e-03, PNorm = 51.0686, GNorm = 0.4318, lr_0 = 2.0816e-04
Loss = 1.2577e-03, PNorm = 51.0732, GNorm = 0.5928, lr_0 = 2.0763e-04
Loss = 9.7507e-04, PNorm = 51.0803, GNorm = 0.3761, lr_0 = 2.0711e-04
Loss = 1.6934e-03, PNorm = 51.0875, GNorm = 1.5178, lr_0 = 2.0659e-04
Loss = 1.3329e-03, PNorm = 51.0922, GNorm = 0.4182, lr_0 = 2.0608e-04
Loss = 1.2375e-03, PNorm = 51.0967, GNorm = 0.3555, lr_0 = 2.0556e-04
Validation rmse = 0.647121
Epoch 35
Loss = 1.1193e-03, PNorm = 51.1009, GNorm = 0.7149, lr_0 = 2.0504e-04
Loss = 9.7220e-04, PNorm = 51.1045, GNorm = 0.4016, lr_0 = 2.0453e-04
Loss = 1.2253e-03, PNorm = 51.1072, GNorm = 1.5653, lr_0 = 2.0402e-04
Loss = 9.5492e-04, PNorm = 51.1125, GNorm = 0.4386, lr_0 = 2.0350e-04
Loss = 8.9953e-04, PNorm = 51.1198, GNorm = 0.5088, lr_0 = 2.0299e-04
Loss = 1.2424e-03, PNorm = 51.1259, GNorm = 0.6318, lr_0 = 2.0248e-04
Loss = 1.1448e-03, PNorm = 51.1323, GNorm = 0.3562, lr_0 = 2.0198e-04
Loss = 1.2843e-03, PNorm = 51.1362, GNorm = 0.4182, lr_0 = 2.0147e-04
Loss = 1.1757e-03, PNorm = 51.1378, GNorm = 0.4192, lr_0 = 2.0096e-04
Loss = 1.3906e-03, PNorm = 51.1435, GNorm = 0.7223, lr_0 = 2.0046e-04
Loss = 1.3089e-03, PNorm = 51.1511, GNorm = 0.6728, lr_0 = 1.9996e-04
Loss = 1.2841e-03, PNorm = 51.1576, GNorm = 0.3674, lr_0 = 1.9946e-04
Loss = 1.6839e-03, PNorm = 51.1637, GNorm = 0.5478, lr_0 = 1.9896e-04
Loss = 1.4961e-03, PNorm = 51.1692, GNorm = 0.5646, lr_0 = 1.9846e-04
Loss = 1.8540e-03, PNorm = 51.1757, GNorm = 0.5541, lr_0 = 1.9796e-04
Loss = 1.1994e-03, PNorm = 51.1855, GNorm = 0.2642, lr_0 = 1.9746e-04
Loss = 1.3444e-03, PNorm = 51.1942, GNorm = 0.5072, lr_0 = 1.9697e-04
Loss = 9.9163e-04, PNorm = 51.1980, GNorm = 0.4628, lr_0 = 1.9647e-04
Loss = 1.2747e-03, PNorm = 51.2009, GNorm = 0.5645, lr_0 = 1.9598e-04
Validation rmse = 0.682631
Epoch 36
Loss = 1.6976e-03, PNorm = 51.2053, GNorm = 0.4910, lr_0 = 1.9549e-04
Loss = 1.2423e-03, PNorm = 51.2105, GNorm = 0.4967, lr_0 = 1.9500e-04
Loss = 1.0082e-03, PNorm = 51.2157, GNorm = 0.3283, lr_0 = 1.9451e-04
Loss = 1.5809e-03, PNorm = 51.2191, GNorm = 0.4865, lr_0 = 1.9402e-04
Loss = 1.1771e-03, PNorm = 51.2229, GNorm = 1.1982, lr_0 = 1.9353e-04
Loss = 1.2180e-03, PNorm = 51.2287, GNorm = 0.3625, lr_0 = 1.9305e-04
Loss = 1.2352e-03, PNorm = 51.2338, GNorm = 1.7094, lr_0 = 1.9256e-04
Loss = 1.1278e-03, PNorm = 51.2394, GNorm = 1.0903, lr_0 = 1.9208e-04
Loss = 1.2385e-03, PNorm = 51.2451, GNorm = 0.5707, lr_0 = 1.9160e-04
Loss = 1.2898e-03, PNorm = 51.2496, GNorm = 2.1692, lr_0 = 1.9112e-04
Loss = 1.0721e-03, PNorm = 51.2543, GNorm = 0.4745, lr_0 = 1.9064e-04
Loss = 1.0168e-03, PNorm = 51.2593, GNorm = 0.6568, lr_0 = 1.9016e-04
Loss = 1.3782e-03, PNorm = 51.2649, GNorm = 1.8618, lr_0 = 1.8968e-04
Loss = 1.1149e-03, PNorm = 51.2687, GNorm = 0.5072, lr_0 = 1.8921e-04
Loss = 1.2461e-03, PNorm = 51.2730, GNorm = 0.4502, lr_0 = 1.8873e-04
Loss = 1.3239e-03, PNorm = 51.2768, GNorm = 0.4103, lr_0 = 1.8826e-04
Loss = 1.2804e-03, PNorm = 51.2839, GNorm = 0.7139, lr_0 = 1.8779e-04
Loss = 9.7811e-04, PNorm = 51.2906, GNorm = 0.4364, lr_0 = 1.8732e-04
Loss = 9.6250e-04, PNorm = 51.2947, GNorm = 0.4934, lr_0 = 1.8685e-04
Validation rmse = 0.663863
Epoch 37
Loss = 1.2753e-03, PNorm = 51.2988, GNorm = 0.4483, lr_0 = 1.8638e-04
Loss = 1.4857e-03, PNorm = 51.3014, GNorm = 2.6334, lr_0 = 1.8591e-04
Loss = 1.1272e-03, PNorm = 51.3063, GNorm = 0.4168, lr_0 = 1.8545e-04
Loss = 1.0131e-03, PNorm = 51.3114, GNorm = 0.3914, lr_0 = 1.8498e-04
Loss = 1.2956e-03, PNorm = 51.3144, GNorm = 0.6438, lr_0 = 1.8452e-04
Loss = 1.8190e-03, PNorm = 51.3192, GNorm = 1.7448, lr_0 = 1.8405e-04
Loss = 1.2670e-03, PNorm = 51.3312, GNorm = 0.5988, lr_0 = 1.8359e-04
Loss = 1.5293e-03, PNorm = 51.3407, GNorm = 1.1127, lr_0 = 1.8313e-04
Loss = 1.3498e-03, PNorm = 51.3461, GNorm = 1.2686, lr_0 = 1.8267e-04
Loss = 1.0319e-03, PNorm = 51.3518, GNorm = 0.3963, lr_0 = 1.8221e-04
Loss = 1.0744e-03, PNorm = 51.3573, GNorm = 0.3863, lr_0 = 1.8176e-04
Loss = 1.0994e-03, PNorm = 51.3621, GNorm = 0.4829, lr_0 = 1.8130e-04
Loss = 1.1996e-03, PNorm = 51.3676, GNorm = 0.7803, lr_0 = 1.8085e-04
Loss = 1.2039e-03, PNorm = 51.3734, GNorm = 1.4901, lr_0 = 1.8039e-04
Loss = 1.2191e-03, PNorm = 51.3777, GNorm = 0.4053, lr_0 = 1.7994e-04
Loss = 9.7292e-04, PNorm = 51.3822, GNorm = 0.4430, lr_0 = 1.7949e-04
Loss = 9.3969e-04, PNorm = 51.3863, GNorm = 0.5828, lr_0 = 1.7904e-04
Loss = 8.5097e-04, PNorm = 51.3896, GNorm = 0.4844, lr_0 = 1.7859e-04
Loss = 1.1274e-03, PNorm = 51.3918, GNorm = 0.6529, lr_0 = 1.7814e-04
Validation rmse = 0.656040
Epoch 38
Loss = 2.5166e-03, PNorm = 51.3966, GNorm = 2.0013, lr_0 = 1.7769e-04
Loss = 8.4557e-04, PNorm = 51.4010, GNorm = 0.4105, lr_0 = 1.7725e-04
Loss = 1.1783e-03, PNorm = 51.4065, GNorm = 0.4111, lr_0 = 1.7680e-04
Loss = 1.0058e-03, PNorm = 51.4131, GNorm = 0.3112, lr_0 = 1.7636e-04
Loss = 1.1064e-03, PNorm = 51.4177, GNorm = 0.4929, lr_0 = 1.7592e-04
Loss = 9.4518e-04, PNorm = 51.4225, GNorm = 0.5858, lr_0 = 1.7548e-04
Loss = 1.4027e-03, PNorm = 51.4263, GNorm = 0.5331, lr_0 = 1.7504e-04
Loss = 1.2174e-03, PNorm = 51.4300, GNorm = 0.4203, lr_0 = 1.7460e-04
Loss = 9.3922e-04, PNorm = 51.4341, GNorm = 0.7276, lr_0 = 1.7416e-04
Loss = 1.2120e-03, PNorm = 51.4374, GNorm = 1.0616, lr_0 = 1.7372e-04
Loss = 1.3785e-03, PNorm = 51.4461, GNorm = 0.2847, lr_0 = 1.7329e-04
Loss = 1.5289e-03, PNorm = 51.4522, GNorm = 2.0475, lr_0 = 1.7285e-04
Loss = 1.1446e-03, PNorm = 51.4551, GNorm = 0.7526, lr_0 = 1.7242e-04
Loss = 1.4554e-03, PNorm = 51.4612, GNorm = 0.4335, lr_0 = 1.7199e-04
Loss = 1.0335e-03, PNorm = 51.4668, GNorm = 0.4614, lr_0 = 1.7155e-04
Loss = 1.0104e-03, PNorm = 51.4718, GNorm = 0.5605, lr_0 = 1.7112e-04
Loss = 1.4314e-03, PNorm = 51.4772, GNorm = 0.4865, lr_0 = 1.7069e-04
Loss = 1.0662e-03, PNorm = 51.4803, GNorm = 0.2938, lr_0 = 1.7027e-04
Loss = 1.1270e-03, PNorm = 51.4839, GNorm = 0.4834, lr_0 = 1.6984e-04
Validation rmse = 0.652326
Epoch 39
Loss = 1.7791e-03, PNorm = 51.4862, GNorm = 0.7065, lr_0 = 1.6941e-04
Loss = 1.0584e-03, PNorm = 51.4890, GNorm = 0.5150, lr_0 = 1.6899e-04
Loss = 9.2085e-04, PNorm = 51.4918, GNorm = 0.5017, lr_0 = 1.6856e-04
Loss = 1.4540e-03, PNorm = 51.4943, GNorm = 0.5296, lr_0 = 1.6814e-04
Loss = 1.0209e-03, PNorm = 51.4969, GNorm = 0.5192, lr_0 = 1.6772e-04
Loss = 1.2840e-03, PNorm = 51.5012, GNorm = 0.5536, lr_0 = 1.6730e-04
Loss = 1.1665e-03, PNorm = 51.5060, GNorm = 0.3365, lr_0 = 1.6688e-04
Loss = 1.1418e-03, PNorm = 51.5105, GNorm = 1.1765, lr_0 = 1.6646e-04
Loss = 1.1012e-03, PNorm = 51.5162, GNorm = 0.4213, lr_0 = 1.6604e-04
Loss = 1.0098e-03, PNorm = 51.5212, GNorm = 0.6218, lr_0 = 1.6563e-04
Loss = 1.1681e-03, PNorm = 51.5243, GNorm = 0.4153, lr_0 = 1.6521e-04
Loss = 9.2356e-04, PNorm = 51.5271, GNorm = 0.4345, lr_0 = 1.6480e-04
Loss = 1.7862e-03, PNorm = 51.5331, GNorm = 0.3778, lr_0 = 1.6438e-04
Loss = 8.8115e-04, PNorm = 51.5377, GNorm = 0.3650, lr_0 = 1.6397e-04
Loss = 1.3910e-03, PNorm = 51.5455, GNorm = 1.4021, lr_0 = 1.6356e-04
Loss = 1.1007e-03, PNorm = 51.5537, GNorm = 0.4145, lr_0 = 1.6315e-04
Loss = 1.1009e-03, PNorm = 51.5567, GNorm = 0.5149, lr_0 = 1.6274e-04
Loss = 1.0234e-03, PNorm = 51.5582, GNorm = 0.3893, lr_0 = 1.6233e-04
Loss = 1.6103e-03, PNorm = 51.5632, GNorm = 0.5516, lr_0 = 1.6193e-04
Loss = 1.1170e-03, PNorm = 51.5701, GNorm = 0.4573, lr_0 = 1.6152e-04
Validation rmse = 0.669360
Epoch 40
Loss = 1.7358e-03, PNorm = 51.5731, GNorm = 0.4087, lr_0 = 1.6111e-04
Loss = 1.3663e-03, PNorm = 51.5781, GNorm = 0.7476, lr_0 = 1.6071e-04
Loss = 1.2207e-03, PNorm = 51.5895, GNorm = 0.5596, lr_0 = 1.6031e-04
Loss = 1.5070e-03, PNorm = 51.5999, GNorm = 0.3709, lr_0 = 1.5990e-04
Loss = 1.0439e-03, PNorm = 51.6048, GNorm = 0.9009, lr_0 = 1.5950e-04
Loss = 1.1916e-03, PNorm = 51.6089, GNorm = 0.4213, lr_0 = 1.5910e-04
Loss = 1.2530e-03, PNorm = 51.6123, GNorm = 0.5057, lr_0 = 1.5870e-04
Loss = 1.1946e-03, PNorm = 51.6171, GNorm = 0.4467, lr_0 = 1.5831e-04
Loss = 8.0957e-04, PNorm = 51.6226, GNorm = 0.3169, lr_0 = 1.5791e-04
Loss = 1.2439e-03, PNorm = 51.6250, GNorm = 0.7333, lr_0 = 1.5751e-04
Loss = 1.2952e-03, PNorm = 51.6274, GNorm = 0.4317, lr_0 = 1.5712e-04
Loss = 8.1821e-04, PNorm = 51.6317, GNorm = 0.5870, lr_0 = 1.5672e-04
Loss = 9.8023e-04, PNorm = 51.6337, GNorm = 0.5954, lr_0 = 1.5633e-04
Loss = 1.3412e-03, PNorm = 51.6364, GNorm = 0.6275, lr_0 = 1.5594e-04
Loss = 9.6626e-04, PNorm = 51.6407, GNorm = 0.3368, lr_0 = 1.5555e-04
Loss = 8.1738e-04, PNorm = 51.6439, GNorm = 0.4305, lr_0 = 1.5516e-04
Loss = 1.1661e-03, PNorm = 51.6473, GNorm = 0.3916, lr_0 = 1.5477e-04
Loss = 7.1392e-04, PNorm = 51.6499, GNorm = 0.3870, lr_0 = 1.5438e-04
Loss = 1.3458e-03, PNorm = 51.6523, GNorm = 1.3403, lr_0 = 1.5399e-04
Validation rmse = 0.648956
Epoch 41
Loss = 1.0429e-03, PNorm = 51.6550, GNorm = 0.5075, lr_0 = 1.5361e-04
Loss = 8.7122e-04, PNorm = 51.6581, GNorm = 0.7962, lr_0 = 1.5322e-04
Loss = 1.3474e-03, PNorm = 51.6629, GNorm = 1.0970, lr_0 = 1.5284e-04
Loss = 1.2076e-03, PNorm = 51.6673, GNorm = 0.4078, lr_0 = 1.5245e-04
Loss = 1.2087e-03, PNorm = 51.6722, GNorm = 0.4266, lr_0 = 1.5207e-04
Loss = 1.0344e-03, PNorm = 51.6773, GNorm = 0.4717, lr_0 = 1.5169e-04
Loss = 9.4957e-04, PNorm = 51.6812, GNorm = 0.4683, lr_0 = 1.5131e-04
Loss = 1.3395e-03, PNorm = 51.6846, GNorm = 0.3747, lr_0 = 1.5093e-04
Loss = 9.8476e-04, PNorm = 51.6896, GNorm = 0.5040, lr_0 = 1.5055e-04
Loss = 1.2434e-03, PNorm = 51.6938, GNorm = 0.4614, lr_0 = 1.5017e-04
Loss = 1.4855e-03, PNorm = 51.6978, GNorm = 0.4369, lr_0 = 1.4980e-04
Loss = 8.7483e-04, PNorm = 51.7003, GNorm = 0.4918, lr_0 = 1.4942e-04
Loss = 8.4352e-04, PNorm = 51.7019, GNorm = 0.4553, lr_0 = 1.4905e-04
Loss = 9.0002e-04, PNorm = 51.7056, GNorm = 0.4689, lr_0 = 1.4867e-04
Loss = 7.7042e-04, PNorm = 51.7089, GNorm = 0.4440, lr_0 = 1.4830e-04
Loss = 1.0561e-03, PNorm = 51.7115, GNorm = 0.4823, lr_0 = 1.4793e-04
Loss = 1.1126e-03, PNorm = 51.7153, GNorm = 0.5429, lr_0 = 1.4756e-04
Loss = 1.2876e-03, PNorm = 51.7190, GNorm = 1.1099, lr_0 = 1.4719e-04
Loss = 1.6572e-03, PNorm = 51.7242, GNorm = 0.5421, lr_0 = 1.4682e-04
Validation rmse = 0.656880
Epoch 42
Loss = 1.0560e-03, PNorm = 51.7263, GNorm = 0.9197, lr_0 = 1.4645e-04
Loss = 1.1492e-03, PNorm = 51.7281, GNorm = 1.7780, lr_0 = 1.4608e-04
Loss = 7.3012e-04, PNorm = 51.7322, GNorm = 0.3472, lr_0 = 1.4571e-04
Loss = 9.6466e-04, PNorm = 51.7371, GNorm = 0.3966, lr_0 = 1.4535e-04
Loss = 1.0856e-03, PNorm = 51.7396, GNorm = 0.5332, lr_0 = 1.4498e-04
Loss = 1.0061e-03, PNorm = 51.7407, GNorm = 0.4228, lr_0 = 1.4462e-04
Loss = 1.4241e-03, PNorm = 51.7443, GNorm = 2.2962, lr_0 = 1.4426e-04
Loss = 1.0395e-03, PNorm = 51.7491, GNorm = 0.4114, lr_0 = 1.4390e-04
Loss = 1.0521e-03, PNorm = 51.7518, GNorm = 0.3358, lr_0 = 1.4354e-04
Loss = 9.9510e-04, PNorm = 51.7576, GNorm = 0.5375, lr_0 = 1.4318e-04
Loss = 7.9213e-04, PNorm = 51.7642, GNorm = 0.2993, lr_0 = 1.4282e-04
Loss = 1.1165e-03, PNorm = 51.7677, GNorm = 0.3871, lr_0 = 1.4246e-04
Loss = 9.8765e-04, PNorm = 51.7693, GNorm = 0.4083, lr_0 = 1.4210e-04
Loss = 9.3134e-04, PNorm = 51.7727, GNorm = 0.4557, lr_0 = 1.4174e-04
Loss = 1.0277e-03, PNorm = 51.7771, GNorm = 0.4641, lr_0 = 1.4139e-04
Loss = 1.2153e-03, PNorm = 51.7792, GNorm = 0.7643, lr_0 = 1.4103e-04
Loss = 1.8321e-03, PNorm = 51.7844, GNorm = 0.5564, lr_0 = 1.4068e-04
Loss = 1.0397e-03, PNorm = 51.7908, GNorm = 0.7265, lr_0 = 1.4033e-04
Loss = 1.2277e-03, PNorm = 51.7959, GNorm = 0.4478, lr_0 = 1.3998e-04
Validation rmse = 0.659481
Epoch 43
Loss = 1.0507e-03, PNorm = 51.7993, GNorm = 1.4327, lr_0 = 1.3962e-04
Loss = 1.2447e-03, PNorm = 51.8031, GNorm = 0.7683, lr_0 = 1.3927e-04
Loss = 9.4571e-04, PNorm = 51.8079, GNorm = 0.5635, lr_0 = 1.3892e-04
Loss = 9.7950e-04, PNorm = 51.8120, GNorm = 0.6472, lr_0 = 1.3858e-04
Loss = 1.2253e-03, PNorm = 51.8149, GNorm = 0.3480, lr_0 = 1.3823e-04
Loss = 1.0533e-03, PNorm = 51.8180, GNorm = 0.5130, lr_0 = 1.3788e-04
Loss = 9.0332e-04, PNorm = 51.8219, GNorm = 0.3357, lr_0 = 1.3754e-04
Loss = 1.0053e-03, PNorm = 51.8270, GNorm = 0.4417, lr_0 = 1.3719e-04
Loss = 1.2204e-03, PNorm = 51.8304, GNorm = 0.4980, lr_0 = 1.3685e-04
Loss = 1.1307e-03, PNorm = 51.8324, GNorm = 0.4465, lr_0 = 1.3650e-04
Loss = 1.4054e-03, PNorm = 51.8366, GNorm = 1.5282, lr_0 = 1.3616e-04
Loss = 1.2365e-03, PNorm = 51.8417, GNorm = 0.4526, lr_0 = 1.3582e-04
Loss = 1.1350e-03, PNorm = 51.8434, GNorm = 0.5990, lr_0 = 1.3548e-04
Loss = 8.6650e-04, PNorm = 51.8466, GNorm = 0.3515, lr_0 = 1.3514e-04
Loss = 8.0378e-04, PNorm = 51.8498, GNorm = 0.4828, lr_0 = 1.3480e-04
Loss = 9.4017e-04, PNorm = 51.8521, GNorm = 0.8424, lr_0 = 1.3446e-04
Loss = 1.2480e-03, PNorm = 51.8550, GNorm = 0.4886, lr_0 = 1.3412e-04
Loss = 1.1938e-03, PNorm = 51.8577, GNorm = 1.9614, lr_0 = 1.3379e-04
Loss = 8.7945e-04, PNorm = 51.8627, GNorm = 0.3060, lr_0 = 1.3345e-04
Validation rmse = 0.653843
Epoch 44
Loss = 6.8810e-04, PNorm = 51.8666, GNorm = 0.5746, lr_0 = 1.3312e-04
Loss = 1.0085e-03, PNorm = 51.8696, GNorm = 0.5167, lr_0 = 1.3278e-04
Loss = 1.5384e-03, PNorm = 51.8742, GNorm = 0.6127, lr_0 = 1.3245e-04
Loss = 1.0624e-03, PNorm = 51.8798, GNorm = 0.6635, lr_0 = 1.3212e-04
Loss = 9.6718e-04, PNorm = 51.8832, GNorm = 0.7212, lr_0 = 1.3179e-04
Loss = 7.9173e-04, PNorm = 51.8854, GNorm = 0.3632, lr_0 = 1.3146e-04
Loss = 1.0586e-03, PNorm = 51.8888, GNorm = 0.9925, lr_0 = 1.3113e-04
Loss = 9.3581e-04, PNorm = 51.8925, GNorm = 0.6754, lr_0 = 1.3080e-04
Loss = 1.0577e-03, PNorm = 51.8976, GNorm = 0.5411, lr_0 = 1.3047e-04
Loss = 1.1438e-03, PNorm = 51.9005, GNorm = 0.6205, lr_0 = 1.3014e-04
Loss = 9.6826e-04, PNorm = 51.9016, GNorm = 0.4182, lr_0 = 1.2982e-04
Loss = 1.1047e-03, PNorm = 51.9048, GNorm = 0.5605, lr_0 = 1.2949e-04
Loss = 9.9584e-04, PNorm = 51.9079, GNorm = 0.4525, lr_0 = 1.2917e-04
Loss = 9.4250e-04, PNorm = 51.9111, GNorm = 0.7883, lr_0 = 1.2884e-04
Loss = 1.4532e-03, PNorm = 51.9138, GNorm = 0.5892, lr_0 = 1.2852e-04
Loss = 9.4160e-04, PNorm = 51.9178, GNorm = 0.3416, lr_0 = 1.2820e-04
Loss = 9.1485e-04, PNorm = 51.9212, GNorm = 0.5385, lr_0 = 1.2787e-04
Loss = 1.2689e-03, PNorm = 51.9246, GNorm = 0.4001, lr_0 = 1.2755e-04
Loss = 1.0456e-03, PNorm = 51.9287, GNorm = 0.5169, lr_0 = 1.2723e-04
Validation rmse = 0.653985
Epoch 45
Loss = 1.4716e-03, PNorm = 51.9328, GNorm = 0.4052, lr_0 = 1.2691e-04
Loss = 1.1813e-03, PNorm = 51.9361, GNorm = 0.4222, lr_0 = 1.2660e-04
Loss = 1.1030e-03, PNorm = 51.9381, GNorm = 0.9114, lr_0 = 1.2628e-04
Loss = 8.7384e-04, PNorm = 51.9403, GNorm = 0.4293, lr_0 = 1.2596e-04
Loss = 7.6628e-04, PNorm = 51.9430, GNorm = 0.6230, lr_0 = 1.2565e-04
Loss = 9.5624e-04, PNorm = 51.9463, GNorm = 0.4245, lr_0 = 1.2533e-04
Loss = 7.8246e-04, PNorm = 51.9494, GNorm = 0.3611, lr_0 = 1.2502e-04
Loss = 1.2607e-03, PNorm = 51.9522, GNorm = 2.1309, lr_0 = 1.2470e-04
Loss = 8.6565e-04, PNorm = 51.9541, GNorm = 0.5994, lr_0 = 1.2439e-04
Loss = 1.0529e-03, PNorm = 51.9587, GNorm = 0.5923, lr_0 = 1.2408e-04
Loss = 1.0407e-03, PNorm = 51.9640, GNorm = 0.4105, lr_0 = 1.2377e-04
Loss = 9.9322e-04, PNorm = 51.9687, GNorm = 0.6087, lr_0 = 1.2346e-04
Loss = 1.0745e-03, PNorm = 51.9690, GNorm = 0.4303, lr_0 = 1.2315e-04
Loss = 1.2421e-03, PNorm = 51.9681, GNorm = 0.9254, lr_0 = 1.2284e-04
Loss = 1.2056e-03, PNorm = 51.9708, GNorm = 0.9162, lr_0 = 1.2253e-04
Loss = 1.2234e-03, PNorm = 51.9751, GNorm = 0.6135, lr_0 = 1.2222e-04
Loss = 1.2906e-03, PNorm = 51.9805, GNorm = 1.8942, lr_0 = 1.2192e-04
Loss = 9.7333e-04, PNorm = 51.9832, GNorm = 0.5587, lr_0 = 1.2161e-04
Loss = 8.4294e-04, PNorm = 51.9861, GNorm = 0.4165, lr_0 = 1.2131e-04
Validation rmse = 0.686083
Epoch 46
Loss = 7.2713e-04, PNorm = 51.9897, GNorm = 0.6234, lr_0 = 1.2100e-04
Loss = 9.8330e-04, PNorm = 51.9934, GNorm = 0.8472, lr_0 = 1.2070e-04
Loss = 9.6292e-04, PNorm = 51.9979, GNorm = 0.9010, lr_0 = 1.2039e-04
Loss = 1.2392e-03, PNorm = 52.0012, GNorm = 0.4361, lr_0 = 1.2009e-04
Loss = 1.2378e-03, PNorm = 52.0037, GNorm = 0.3524, lr_0 = 1.1979e-04
Loss = 1.1478e-03, PNorm = 52.0075, GNorm = 0.5065, lr_0 = 1.1949e-04
Loss = 8.4419e-04, PNorm = 52.0105, GNorm = 0.4248, lr_0 = 1.1919e-04
Loss = 9.5541e-04, PNorm = 52.0125, GNorm = 0.5065, lr_0 = 1.1889e-04
Loss = 9.0618e-04, PNorm = 52.0158, GNorm = 0.6749, lr_0 = 1.1859e-04
Loss = 7.0539e-04, PNorm = 52.0176, GNorm = 0.5237, lr_0 = 1.1830e-04
Loss = 7.8561e-04, PNorm = 52.0204, GNorm = 0.5379, lr_0 = 1.1800e-04
Loss = 1.0605e-03, PNorm = 52.0240, GNorm = 1.4575, lr_0 = 1.1770e-04
Loss = 7.5580e-04, PNorm = 52.0268, GNorm = 0.3377, lr_0 = 1.1741e-04
Loss = 1.4115e-03, PNorm = 52.0289, GNorm = 2.1057, lr_0 = 1.1711e-04
Loss = 1.0785e-03, PNorm = 52.0331, GNorm = 0.5475, lr_0 = 1.1682e-04
Loss = 8.9140e-04, PNorm = 52.0362, GNorm = 0.5032, lr_0 = 1.1653e-04
Loss = 1.2750e-03, PNorm = 52.0380, GNorm = 1.8837, lr_0 = 1.1623e-04
Loss = 1.3363e-03, PNorm = 52.0407, GNorm = 1.4836, lr_0 = 1.1594e-04
Loss = 9.5052e-04, PNorm = 52.0450, GNorm = 0.3812, lr_0 = 1.1565e-04
Validation rmse = 0.648347
Epoch 47
Loss = 7.6370e-04, PNorm = 52.0482, GNorm = 0.4692, lr_0 = 1.1536e-04
Loss = 8.8721e-04, PNorm = 52.0509, GNorm = 1.8007, lr_0 = 1.1507e-04
Loss = 7.1405e-04, PNorm = 52.0520, GNorm = 0.6013, lr_0 = 1.1478e-04
Loss = 1.1086e-03, PNorm = 52.0528, GNorm = 0.4357, lr_0 = 1.1450e-04
Loss = 1.2586e-03, PNorm = 52.0556, GNorm = 0.7006, lr_0 = 1.1421e-04
Loss = 1.0052e-03, PNorm = 52.0606, GNorm = 0.4486, lr_0 = 1.1392e-04
Loss = 1.0859e-03, PNorm = 52.0644, GNorm = 0.3857, lr_0 = 1.1364e-04
Loss = 9.2872e-04, PNorm = 52.0684, GNorm = 0.6684, lr_0 = 1.1335e-04
Loss = 7.8271e-04, PNorm = 52.0713, GNorm = 0.5341, lr_0 = 1.1307e-04
Loss = 1.0861e-03, PNorm = 52.0742, GNorm = 1.3279, lr_0 = 1.1278e-04
Loss = 1.1904e-03, PNorm = 52.0755, GNorm = 0.4588, lr_0 = 1.1250e-04
Loss = 8.5414e-04, PNorm = 52.0768, GNorm = 0.5661, lr_0 = 1.1222e-04
Loss = 1.0980e-03, PNorm = 52.0788, GNorm = 0.4303, lr_0 = 1.1194e-04
Loss = 9.3077e-04, PNorm = 52.0792, GNorm = 0.3992, lr_0 = 1.1166e-04
Loss = 1.1210e-03, PNorm = 52.0819, GNorm = 0.4919, lr_0 = 1.1138e-04
Loss = 1.1184e-03, PNorm = 52.0861, GNorm = 0.7132, lr_0 = 1.1110e-04
Loss = 1.0193e-03, PNorm = 52.0894, GNorm = 0.4420, lr_0 = 1.1082e-04
Loss = 8.6284e-04, PNorm = 52.0911, GNorm = 0.6886, lr_0 = 1.1054e-04
Loss = 9.9852e-04, PNorm = 52.0930, GNorm = 0.4132, lr_0 = 1.1026e-04
Validation rmse = 0.662123
Epoch 48
Loss = 6.1176e-04, PNorm = 52.0962, GNorm = 0.4153, lr_0 = 1.0999e-04
Loss = 1.0676e-03, PNorm = 52.0986, GNorm = 0.5160, lr_0 = 1.0971e-04
Loss = 1.0365e-03, PNorm = 52.1004, GNorm = 0.5509, lr_0 = 1.0944e-04
Loss = 7.6260e-04, PNorm = 52.1034, GNorm = 0.3072, lr_0 = 1.0916e-04
Loss = 9.0240e-04, PNorm = 52.1051, GNorm = 0.7918, lr_0 = 1.0889e-04
Loss = 1.0599e-03, PNorm = 52.1067, GNorm = 0.3986, lr_0 = 1.0861e-04
Loss = 7.0943e-04, PNorm = 52.1087, GNorm = 0.3554, lr_0 = 1.0834e-04
Loss = 1.1357e-03, PNorm = 52.1128, GNorm = 0.4641, lr_0 = 1.0807e-04
Loss = 7.2681e-04, PNorm = 52.1168, GNorm = 0.4128, lr_0 = 1.0780e-04
Loss = 8.1372e-04, PNorm = 52.1199, GNorm = 0.3884, lr_0 = 1.0753e-04
Loss = 1.0883e-03, PNorm = 52.1231, GNorm = 1.9246, lr_0 = 1.0726e-04
Loss = 9.4148e-04, PNorm = 52.1256, GNorm = 0.7475, lr_0 = 1.0699e-04
Loss = 1.3766e-03, PNorm = 52.1272, GNorm = 0.4030, lr_0 = 1.0672e-04
Loss = 9.8333e-04, PNorm = 52.1294, GNorm = 0.5306, lr_0 = 1.0645e-04
Loss = 8.3997e-04, PNorm = 52.1337, GNorm = 0.4450, lr_0 = 1.0619e-04
Loss = 8.8335e-04, PNorm = 52.1372, GNorm = 0.4279, lr_0 = 1.0592e-04
Loss = 8.6696e-04, PNorm = 52.1402, GNorm = 0.3362, lr_0 = 1.0565e-04
Loss = 9.0306e-04, PNorm = 52.1421, GNorm = 0.6527, lr_0 = 1.0539e-04
Loss = 9.8446e-04, PNorm = 52.1433, GNorm = 0.4512, lr_0 = 1.0512e-04
Validation rmse = 0.643470
Epoch 49
Loss = 1.0896e-03, PNorm = 52.1447, GNorm = 0.6019, lr_0 = 1.0486e-04
Loss = 8.0047e-04, PNorm = 52.1472, GNorm = 0.4049, lr_0 = 1.0460e-04
Loss = 9.0255e-04, PNorm = 52.1498, GNorm = 0.3475, lr_0 = 1.0434e-04
Loss = 9.9177e-04, PNorm = 52.1521, GNorm = 1.5281, lr_0 = 1.0407e-04
Loss = 1.1998e-03, PNorm = 52.1542, GNorm = 0.6022, lr_0 = 1.0381e-04
Loss = 9.4517e-04, PNorm = 52.1567, GNorm = 0.4011, lr_0 = 1.0355e-04
Loss = 9.7279e-04, PNorm = 52.1590, GNorm = 0.3522, lr_0 = 1.0329e-04
Loss = 8.7164e-04, PNorm = 52.1616, GNorm = 0.4680, lr_0 = 1.0303e-04
Loss = 9.7112e-04, PNorm = 52.1643, GNorm = 0.3315, lr_0 = 1.0278e-04
Loss = 8.5153e-04, PNorm = 52.1675, GNorm = 0.5273, lr_0 = 1.0252e-04
Loss = 9.8877e-04, PNorm = 52.1716, GNorm = 0.4747, lr_0 = 1.0226e-04
Loss = 7.5519e-04, PNorm = 52.1746, GNorm = 0.6238, lr_0 = 1.0200e-04
Loss = 1.2692e-03, PNorm = 52.1770, GNorm = 0.8539, lr_0 = 1.0175e-04
Loss = 7.6839e-04, PNorm = 52.1791, GNorm = 0.4407, lr_0 = 1.0149e-04
Loss = 9.7264e-04, PNorm = 52.1802, GNorm = 1.6485, lr_0 = 1.0124e-04
Loss = 7.9600e-04, PNorm = 52.1808, GNorm = 0.9478, lr_0 = 1.0098e-04
Loss = 8.7256e-04, PNorm = 52.1823, GNorm = 0.4505, lr_0 = 1.0073e-04
Loss = 1.1729e-03, PNorm = 52.1851, GNorm = 0.4649, lr_0 = 1.0048e-04
Loss = 1.1333e-03, PNorm = 52.1886, GNorm = 0.5619, lr_0 = 1.0023e-04
Loss = 9.1599e-04, PNorm = 52.1917, GNorm = 0.4096, lr_0 = 1.0000e-04
Validation rmse = 0.657841
Model 0 best validation rmse = 0.643470 on epoch 48
Loading pretrained parameter "encoder.encoder.cached_zero_vector".
Loading pretrained parameter "encoder.encoder.W_i.weight".
Loading pretrained parameter "encoder.encoder.W_h.weight".
Loading pretrained parameter "encoder.encoder.W_o.weight".
Loading pretrained parameter "encoder.encoder.W_o.bias".
Loading pretrained parameter "ffn.1.weight".
Loading pretrained parameter "ffn.1.bias".
Loading pretrained parameter "ffn.4.weight".
Loading pretrained parameter "ffn.4.bias".
Loading pretrained parameter "ffn.7.weight".
Loading pretrained parameter "ffn.7.bias".
Model 0 test rmse = 1.355666
Ensemble test rmse = 1.355666
1-fold cross validation
Seed 5 ==> test rmse = 1.355666
Overall test rmse = 1.355666 +/- 0.000000
Fold 0
{'activation': 'ReLU',
 'atom_messages': False,
 'batch_size': 50,
 'bias': False,
 'checkpoint_dir': None,
 'checkpoint_path': None,
 'checkpoint_paths': None,
 'config_path': None,
 'crossval_index_dir': None,
 'crossval_index_file': None,
 'cuda': False,
 'data_path': 'Data/Multitask_data/All_datasets/Splits/Predict_MCRs/train.csv',
 'dataset_type': 'regression',
 'depth': 3,
 'dropout': 0.0,
 'ensemble_size': 1,
 'epochs': 50,
 'features_generator': None,
 'features_only': False,
 'features_path': ['Data/Multitask_data/All_datasets/Splits/Predict_MCRs/train_extra_x.csv'],
 'features_scaling': True,
 'ffn_hidden_size': 300,
 'ffn_num_layers': 3,
 'final_lr': 0.0001,
 'folds_file': None,
 'gpu': None,
 'hidden_size': 300,
 'init_lr': 0.0001,
 'log_frequency': 10,
 'max_data_size': None,
 'max_lr': 0.001,
 'metric': 'rmse',
 'minimize_score': True,
 'multiclass_num_classes': 3,
 'no_cache': False,
 'num_folds': 1,
 'num_lrs': 1,
 'quiet': False,
 'save_dir': 'Data/Multitask_data/All_datasets/Splits/Predict_MCRs/trained_model/fold_0',
 'save_smiles_splits': False,
 'seed': 5,
 'separate_test_features_path': ['Data/Multitask_data/All_datasets/Splits/Predict_MCRs/test_extra_x.csv'],
 'separate_test_path': 'Data/Multitask_data/All_datasets/Splits/Predict_MCRs/test.csv',
 'separate_val_features_path': ['Data/Multitask_data/All_datasets/Splits/Predict_MCRs/valid_extra_x.csv'],
 'separate_val_path': 'Data/Multitask_data/All_datasets/Splits/Predict_MCRs/valid.csv',
 'show_individual_scores': False,
 'split_sizes': [0.675, 0.075, 0.25],
 'split_type': 'random',
 'test': False,
 'test_fold_index': None,
 'undirected': False,
 'use_compound_names': False,
 'use_input_features': True,
 'val_fold_index': None,
 'warmup_epochs': 2.0}
Loading data
Number of tasks = 1
Splitting data with seed 5
Total size = 9,594 | train size = 9,594 | val size = 378 | test size = 1,013
Fitting scaler
Building model 0
MoleculeModel(
  (encoder): MPN(
    (encoder): MPNEncoder(
      (dropout_layer): Dropout(p=0.0, inplace=False)
      (act_func): ReLU()
      (W_i): Linear(in_features=147, out_features=300, bias=False)
      (W_h): Linear(in_features=300, out_features=300, bias=False)
      (W_o): Linear(in_features=433, out_features=300, bias=True)
    )
  )
  (ffn): Sequential(
    (0): Dropout(p=0.0, inplace=False)
    (1): Linear(in_features=343, out_features=300, bias=True)
    (2): ReLU()
    (3): Dropout(p=0.0, inplace=False)
    (4): Linear(in_features=300, out_features=300, bias=True)
    (5): ReLU()
    (6): Dropout(p=0.0, inplace=False)
    (7): Linear(in_features=300, out_features=1, bias=True)
  )
)
Number of parameters = 458,101
Epoch 0
Loss = 1.4302e-02, PNorm = 38.3363, GNorm = 3.3540, lr_0 = 1.2592e-04
Loss = 7.3979e-03, PNorm = 38.3434, GNorm = 1.3282, lr_0 = 1.4948e-04
Loss = 5.2208e-03, PNorm = 38.3506, GNorm = 2.1901, lr_0 = 1.7304e-04
Loss = 5.5077e-03, PNorm = 38.3529, GNorm = 0.7062, lr_0 = 1.9660e-04
Loss = 4.2806e-03, PNorm = 38.3552, GNorm = 2.3877, lr_0 = 2.2016e-04
Loss = 3.5874e-03, PNorm = 38.3581, GNorm = 1.4944, lr_0 = 2.4372e-04
Loss = 5.3537e-03, PNorm = 38.3601, GNorm = 0.7915, lr_0 = 2.6728e-04
Loss = 4.0016e-03, PNorm = 38.3633, GNorm = 0.8146, lr_0 = 2.9084e-04
Loss = 4.0259e-03, PNorm = 38.3678, GNorm = 2.5122, lr_0 = 3.1440e-04
Loss = 5.5226e-03, PNorm = 38.3715, GNorm = 2.4350, lr_0 = 3.3796e-04
Loss = 3.9303e-03, PNorm = 38.3779, GNorm = 0.8311, lr_0 = 3.6152e-04
Loss = 3.4561e-03, PNorm = 38.3848, GNorm = 1.6333, lr_0 = 3.8508e-04
Loss = 3.3426e-03, PNorm = 38.3921, GNorm = 1.0128, lr_0 = 4.0864e-04
Loss = 3.3333e-03, PNorm = 38.3989, GNorm = 0.8038, lr_0 = 4.3220e-04
Loss = 4.6937e-03, PNorm = 38.4071, GNorm = 1.5348, lr_0 = 4.5576e-04
Loss = 3.9751e-03, PNorm = 38.4141, GNorm = 1.4518, lr_0 = 4.7932e-04
Loss = 5.1219e-03, PNorm = 38.4239, GNorm = 3.6139, lr_0 = 5.0288e-04
Loss = 6.0548e-03, PNorm = 38.4337, GNorm = 2.4714, lr_0 = 5.2644e-04
Loss = 4.1338e-03, PNorm = 38.4406, GNorm = 0.8790, lr_0 = 5.5000e-04
Validation rmse = 1.364591
Epoch 1
Loss = 4.1841e-03, PNorm = 38.4527, GNorm = 1.6221, lr_0 = 5.7356e-04
Loss = 5.2614e-03, PNorm = 38.4644, GNorm = 1.0247, lr_0 = 5.9712e-04
Loss = 4.2142e-03, PNorm = 38.4789, GNorm = 2.1657, lr_0 = 6.2068e-04
Loss = 3.5060e-03, PNorm = 38.4824, GNorm = 0.7607, lr_0 = 6.4424e-04
Loss = 4.3660e-03, PNorm = 38.4948, GNorm = 0.6895, lr_0 = 6.6780e-04
Loss = 3.7354e-03, PNorm = 38.5087, GNorm = 1.1149, lr_0 = 6.9136e-04
Loss = 3.6392e-03, PNorm = 38.5286, GNorm = 1.0350, lr_0 = 7.1492e-04
Loss = 3.7801e-03, PNorm = 38.5458, GNorm = 0.6842, lr_0 = 7.3848e-04
Loss = 3.5770e-03, PNorm = 38.5634, GNorm = 0.8142, lr_0 = 7.6204e-04
Loss = 3.6613e-03, PNorm = 38.5781, GNorm = 0.4410, lr_0 = 7.8560e-04
Loss = 6.2902e-03, PNorm = 38.5993, GNorm = 1.3361, lr_0 = 8.0916e-04
Loss = 4.6013e-03, PNorm = 38.6264, GNorm = 0.6887, lr_0 = 8.3272e-04
Loss = 5.3820e-03, PNorm = 38.6490, GNorm = 0.7533, lr_0 = 8.5628e-04
Loss = 3.3469e-03, PNorm = 38.6727, GNorm = 1.5234, lr_0 = 8.7984e-04
Loss = 3.9948e-03, PNorm = 38.6980, GNorm = 0.8516, lr_0 = 9.0340e-04
Loss = 3.6242e-03, PNorm = 38.7338, GNorm = 2.1062, lr_0 = 9.2696e-04
Loss = 3.7030e-03, PNorm = 38.7644, GNorm = 1.2496, lr_0 = 9.5052e-04
Loss = 4.9861e-03, PNorm = 38.8025, GNorm = 0.4757, lr_0 = 9.7408e-04
Loss = 4.0071e-03, PNorm = 38.8375, GNorm = 2.6140, lr_0 = 9.9764e-04
Validation rmse = 0.883365
Epoch 2
Loss = 3.9765e-03, PNorm = 38.8653, GNorm = 1.2314, lr_0 = 9.9774e-04
Loss = 3.4107e-03, PNorm = 38.9095, GNorm = 1.9359, lr_0 = 9.9524e-04
Loss = 3.8706e-03, PNorm = 38.9454, GNorm = 0.7599, lr_0 = 9.9274e-04
Loss = 2.8379e-03, PNorm = 38.9932, GNorm = 0.6371, lr_0 = 9.9025e-04
Loss = 3.9101e-03, PNorm = 39.0435, GNorm = 0.9741, lr_0 = 9.8777e-04
Loss = 4.0954e-03, PNorm = 39.0979, GNorm = 0.5842, lr_0 = 9.8529e-04
Loss = 3.9132e-03, PNorm = 39.1570, GNorm = 1.6073, lr_0 = 9.8282e-04
Loss = 3.4312e-03, PNorm = 39.2157, GNorm = 0.9537, lr_0 = 9.8035e-04
Loss = 3.0541e-03, PNorm = 39.2797, GNorm = 0.6547, lr_0 = 9.7790e-04
Loss = 4.4292e-03, PNorm = 39.3243, GNorm = 1.0636, lr_0 = 9.7544e-04
Loss = 3.0367e-03, PNorm = 39.3831, GNorm = 0.3777, lr_0 = 9.7300e-04
Loss = 3.7922e-03, PNorm = 39.4422, GNorm = 0.5162, lr_0 = 9.7055e-04
Loss = 3.4360e-03, PNorm = 39.4911, GNorm = 0.6546, lr_0 = 9.6812e-04
Loss = 2.6599e-03, PNorm = 39.5478, GNorm = 1.1201, lr_0 = 9.6569e-04
Loss = 2.8976e-03, PNorm = 39.6037, GNorm = 0.7077, lr_0 = 9.6327e-04
Loss = 3.9710e-03, PNorm = 39.6581, GNorm = 1.0772, lr_0 = 9.6085e-04
Loss = 3.7909e-03, PNorm = 39.7178, GNorm = 0.7980, lr_0 = 9.5844e-04
Loss = 4.4513e-03, PNorm = 39.7611, GNorm = 0.7742, lr_0 = 9.5604e-04
Loss = 4.1505e-03, PNorm = 39.8100, GNorm = 0.5088, lr_0 = 9.5364e-04
Validation rmse = 0.760653
Epoch 3
Loss = 2.9266e-03, PNorm = 39.8449, GNorm = 0.2704, lr_0 = 9.5125e-04
Loss = 3.6455e-03, PNorm = 39.8694, GNorm = 1.8250, lr_0 = 9.4886e-04
Loss = 3.2896e-03, PNorm = 39.9005, GNorm = 0.3400, lr_0 = 9.4648e-04
Loss = 3.5228e-03, PNorm = 39.9414, GNorm = 0.5222, lr_0 = 9.4411e-04
Loss = 4.0982e-03, PNorm = 39.9859, GNorm = 0.7511, lr_0 = 9.4174e-04
Loss = 3.6601e-03, PNorm = 40.0261, GNorm = 0.4067, lr_0 = 9.3938e-04
Loss = 2.9141e-03, PNorm = 40.0484, GNorm = 0.5870, lr_0 = 9.3702e-04
Loss = 3.4077e-03, PNorm = 40.0807, GNorm = 0.9853, lr_0 = 9.3467e-04
Loss = 3.3517e-03, PNorm = 40.1243, GNorm = 0.3736, lr_0 = 9.3233e-04
Loss = 3.0315e-03, PNorm = 40.1495, GNorm = 0.6260, lr_0 = 9.2999e-04
Loss = 3.7595e-03, PNorm = 40.1883, GNorm = 0.6908, lr_0 = 9.2766e-04
Loss = 2.8425e-03, PNorm = 40.2263, GNorm = 0.4877, lr_0 = 9.2533e-04
Loss = 2.9037e-03, PNorm = 40.2614, GNorm = 0.4338, lr_0 = 9.2301e-04
Loss = 3.7098e-03, PNorm = 40.2991, GNorm = 0.9261, lr_0 = 9.2069e-04
Loss = 2.5617e-03, PNorm = 40.3250, GNorm = 0.5441, lr_0 = 9.1838e-04
Loss = 2.9911e-03, PNorm = 40.3487, GNorm = 0.6153, lr_0 = 9.1608e-04
Loss = 2.7530e-03, PNorm = 40.3778, GNorm = 0.5124, lr_0 = 9.1378e-04
Loss = 2.8512e-03, PNorm = 40.4180, GNorm = 0.5354, lr_0 = 9.1149e-04
Loss = 2.9957e-03, PNorm = 40.4482, GNorm = 0.4417, lr_0 = 9.0920e-04
Validation rmse = 0.703999
Epoch 4
Loss = 3.1655e-03, PNorm = 40.4965, GNorm = 0.4074, lr_0 = 9.0692e-04
Loss = 3.2445e-03, PNorm = 40.5243, GNorm = 1.0098, lr_0 = 9.0465e-04
Loss = 3.8145e-03, PNorm = 40.5453, GNorm = 1.1437, lr_0 = 9.0238e-04
Loss = 2.8640e-03, PNorm = 40.5863, GNorm = 0.5568, lr_0 = 9.0011e-04
Loss = 2.6906e-03, PNorm = 40.6457, GNorm = 0.6704, lr_0 = 8.9786e-04
Loss = 3.0153e-03, PNorm = 40.6715, GNorm = 0.5845, lr_0 = 8.9560e-04
Loss = 3.9810e-03, PNorm = 40.6863, GNorm = 0.9084, lr_0 = 8.9336e-04
Loss = 3.4494e-03, PNorm = 40.7114, GNorm = 0.6448, lr_0 = 8.9112e-04
Loss = 2.7764e-03, PNorm = 40.7606, GNorm = 0.4016, lr_0 = 8.8888e-04
Loss = 3.4905e-03, PNorm = 40.7953, GNorm = 0.7695, lr_0 = 8.8665e-04
Loss = 2.8237e-03, PNorm = 40.8294, GNorm = 0.5173, lr_0 = 8.8443e-04
Loss = 2.6801e-03, PNorm = 40.8528, GNorm = 0.4505, lr_0 = 8.8221e-04
Loss = 4.5701e-03, PNorm = 40.8704, GNorm = 1.1534, lr_0 = 8.8000e-04
Loss = 2.6947e-03, PNorm = 40.8861, GNorm = 0.6179, lr_0 = 8.7779e-04
Loss = 2.5147e-03, PNorm = 40.9271, GNorm = 0.5741, lr_0 = 8.7559e-04
Loss = 2.4344e-03, PNorm = 40.9556, GNorm = 0.4698, lr_0 = 8.7339e-04
Loss = 2.7931e-03, PNorm = 40.9851, GNorm = 0.5286, lr_0 = 8.7120e-04
Loss = 2.4531e-03, PNorm = 41.0150, GNorm = 0.4670, lr_0 = 8.6901e-04
Loss = 3.0287e-03, PNorm = 41.0374, GNorm = 0.2997, lr_0 = 8.6683e-04
Validation rmse = 0.768852
Epoch 5
Loss = 3.1444e-03, PNorm = 41.0567, GNorm = 0.6286, lr_0 = 8.6466e-04
Loss = 2.9791e-03, PNorm = 41.0998, GNorm = 0.4687, lr_0 = 8.6249e-04
Loss = 2.6945e-03, PNorm = 41.1292, GNorm = 0.3789, lr_0 = 8.6033e-04
Loss = 2.5427e-03, PNorm = 41.1590, GNorm = 0.4922, lr_0 = 8.5817e-04
Loss = 2.3826e-03, PNorm = 41.1866, GNorm = 0.4507, lr_0 = 8.5602e-04
Loss = 2.0920e-03, PNorm = 41.2107, GNorm = 0.6100, lr_0 = 8.5387e-04
Loss = 2.6331e-03, PNorm = 41.2389, GNorm = 0.4694, lr_0 = 8.5173e-04
Loss = 3.2015e-03, PNorm = 41.2810, GNorm = 0.3384, lr_0 = 8.4959e-04
Loss = 3.0281e-03, PNorm = 41.2862, GNorm = 0.8898, lr_0 = 8.4746e-04
Loss = 2.5898e-03, PNorm = 41.3203, GNorm = 0.4905, lr_0 = 8.4533e-04
Loss = 2.8446e-03, PNorm = 41.3621, GNorm = 0.5318, lr_0 = 8.4321e-04
Loss = 2.8625e-03, PNorm = 41.4175, GNorm = 0.5126, lr_0 = 8.4110e-04
Loss = 4.1373e-03, PNorm = 41.4416, GNorm = 0.6484, lr_0 = 8.3899e-04
Loss = 4.1993e-03, PNorm = 41.4625, GNorm = 0.5957, lr_0 = 8.3689e-04
Loss = 3.9555e-03, PNorm = 41.4933, GNorm = 0.6515, lr_0 = 8.3479e-04
