Fold 0
Model 0 best validation rmse = 0.830716 on epoch 14
Model 0 test rmse = 0.730962
Ensemble test rmse = 0.730962
1-fold cross validation
Seed 5 ==> test rmse = 0.730962
Overall test rmse = 0.730962 +/- 0.000000
Fold 0
Model 0 best validation rmse = 0.630435 on epoch 38
Model 0 test rmse = 0.926641
Ensemble test rmse = 0.926641
1-fold cross validation
Seed 5 ==> test rmse = 0.926641
Overall test rmse = 0.926641 +/- 0.000000
Fold 0
Model 0 best validation rmse = 0.621102 on epoch 3
Model 0 test rmse = 0.877747
Ensemble test rmse = 0.877747
1-fold cross validation
Seed 5 ==> test rmse = 0.877747
Overall test rmse = 0.877747 +/- 0.000000
Fold 0
Model 0 best validation rmse = 0.626607 on epoch 39
Model 0 test rmse = 0.711827
Ensemble test rmse = 0.711827
1-fold cross validation
Seed 5 ==> test rmse = 0.711827
Overall test rmse = 0.711827 +/- 0.000000
Fold 0
Model 0 best validation rmse = 0.618272 on epoch 33
Model 0 test rmse = 0.718745
Ensemble test rmse = 0.718745
1-fold cross validation
Seed 5 ==> test rmse = 0.718745
Overall test rmse = 0.718745 +/- 0.000000
Fold 0
Model 0 best validation rmse = 0.703627 on epoch 10
Model 0 test rmse = 0.843123
Ensemble test rmse = 0.843123
1-fold cross validation
Seed 5 ==> test rmse = 0.843123
Overall test rmse = 0.843123 +/- 0.000000
Fold 0
Model 0 best validation rmse = 0.708322 on epoch 11
Model 0 test rmse = 0.850181
Ensemble test rmse = 0.850181
1-fold cross validation
Seed 5 ==> test rmse = 0.850181
Overall test rmse = 0.850181 +/- 0.000000
Fold 0
Model 0 best validation rmse = 0.734020 on epoch 32
Model 0 test rmse = 1.802247
Ensemble test rmse = 1.802247
1-fold cross validation
Seed 5 ==> test rmse = 1.802247
Overall test rmse = 1.802247 +/- 0.000000
Fold 0
Model 0 best validation rmse = 0.719693 on epoch 32
Model 0 test rmse = 2.193289
Ensemble test rmse = 2.193289
1-fold cross validation
Seed 5 ==> test rmse = 2.193289
Overall test rmse = 2.193289 +/- 0.000000
