Fold 0
{'activation': 'ReLU',
 'atom_messages': False,
 'batch_size': 50,
 'bias': False,
 'checkpoint_dir': None,
 'checkpoint_path': None,
 'checkpoint_paths': None,
 'config_path': None,
 'crossval_index_dir': None,
 'crossval_index_file': None,
 'cuda': False,
 'data_path': 'Data/Multitask_data/All_datasets/Splits/Predict_whitehead_amines_with_all_data/train.csv',
 'dataset_type': 'regression',
 'depth': 3,
 'dropout': 0.0,
 'ensemble_size': 1,
 'epochs': 40,
 'features_generator': None,
 'features_only': False,
 'features_path': ['Data/Multitask_data/All_datasets/Splits/Predict_whitehead_amines_with_all_data/train_extra_x.csv'],
 'features_scaling': True,
 'ffn_hidden_size': 300,
 'ffn_num_layers': 3,
 'final_lr': 0.0001,
 'folds_file': None,
 'gpu': None,
 'hidden_size': 300,
 'init_lr': 0.0001,
 'log_frequency': 10,
 'max_data_size': None,
 'max_lr': 0.001,
 'metric': 'rmse',
 'minimize_score': True,
 'multiclass_num_classes': 3,
 'no_cache': False,
 'num_folds': 1,
 'num_lrs': 1,
 'quiet': False,
 'save_dir': 'Data/Multitask_data/All_datasets/Splits/Predict_whitehead_amines_with_all_data/trained_model/fold_0',
 'save_smiles_splits': False,
 'seed': 5,
 'separate_test_features_path': ['Data/Multitask_data/All_datasets/Splits/Predict_whitehead_amines_with_all_data/test_extra_x.csv'],
 'separate_test_path': 'Data/Multitask_data/All_datasets/Splits/Predict_whitehead_amines_with_all_data/test.csv',
 'separate_val_features_path': ['Data/Multitask_data/All_datasets/Splits/Predict_whitehead_amines_with_all_data/valid_extra_x.csv'],
 'separate_val_path': 'Data/Multitask_data/All_datasets/Splits/Predict_whitehead_amines_with_all_data/valid.csv',
 'show_individual_scores': False,
 'split_sizes': [0.675, 0.075, 0.25],
 'split_type': 'random',
 'test': False,
 'test_fold_index': None,
 'undirected': False,
 'use_compound_names': False,
 'use_input_features': True,
 'val_fold_index': None,
 'warmup_epochs': 2.0}
Loading data
Number of tasks = 1
Splitting data with seed 5
Total size = 4,344 | train size = 4,344 | val size = 264 | test size = 248
Fitting scaler
Building model 0
MoleculeModel(
  (encoder): MPN(
    (encoder): MPNEncoder(
      (dropout_layer): Dropout(p=0.0, inplace=False)
      (act_func): ReLU()
      (W_i): Linear(in_features=147, out_features=300, bias=False)
      (W_h): Linear(in_features=300, out_features=300, bias=False)
      (W_o): Linear(in_features=433, out_features=300, bias=True)
    )
  )
  (ffn): Sequential(
    (0): Dropout(p=0.0, inplace=False)
    (1): Linear(in_features=324, out_features=300, bias=True)
    (2): ReLU()
    (3): Dropout(p=0.0, inplace=False)
    (4): Linear(in_features=300, out_features=300, bias=True)
    (5): ReLU()
    (6): Dropout(p=0.0, inplace=False)
    (7): Linear(in_features=300, out_features=1, bias=True)
  )
)
Number of parameters = 452,401
Epoch 0
Loss = 1.0516e-02, PNorm = 38.1920, GNorm = 6.1130, lr_0 = 1.5756e-04
Loss = 2.3839e-02, PNorm = 38.1956, GNorm = 17.4669, lr_0 = 2.0988e-04
Loss = 2.1934e-02, PNorm = 38.1976, GNorm = 6.6189, lr_0 = 2.6221e-04
Loss = 1.6221e-02, PNorm = 38.2017, GNorm = 4.9934, lr_0 = 3.1453e-04
Loss = 1.3625e-02, PNorm = 38.2036, GNorm = 4.5523, lr_0 = 3.6686e-04
Loss = 1.3897e-02, PNorm = 38.2086, GNorm = 16.0024, lr_0 = 4.1919e-04
Loss = 1.8870e-02, PNorm = 38.2136, GNorm = 2.2151, lr_0 = 4.7151e-04
Loss = 1.8955e-02, PNorm = 38.2284, GNorm = 1.5609, lr_0 = 5.2384e-04
Validation rmse = 0.204476
Epoch 1
Loss = 1.4327e-02, PNorm = 38.2367, GNorm = 5.8454, lr_0 = 5.7616e-04
Loss = 2.0745e-02, PNorm = 38.2527, GNorm = 11.9461, lr_0 = 6.2849e-04
Loss = 1.3184e-02, PNorm = 38.2623, GNorm = 2.9830, lr_0 = 6.8081e-04
Loss = 1.7214e-02, PNorm = 38.2737, GNorm = 0.5442, lr_0 = 7.3314e-04
Loss = 2.1078e-02, PNorm = 38.2899, GNorm = 1.6904, lr_0 = 7.8547e-04
Loss = 1.4464e-02, PNorm = 38.3126, GNorm = 1.0311, lr_0 = 8.3779e-04
Loss = 1.3320e-02, PNorm = 38.3476, GNorm = 3.1648, lr_0 = 8.9012e-04
Loss = 2.1432e-02, PNorm = 38.3690, GNorm = 5.3002, lr_0 = 9.4244e-04
Loss = 1.9783e-02, PNorm = 38.3892, GNorm = 8.5602, lr_0 = 9.9477e-04
Validation rmse = 0.177623
Epoch 2
Loss = 2.2935e-02, PNorm = 38.4086, GNorm = 4.2282, lr_0 = 9.9368e-04
Loss = 2.2236e-02, PNorm = 38.4342, GNorm = 5.3221, lr_0 = 9.8670e-04
Loss = 1.5444e-02, PNorm = 38.4628, GNorm = 0.5616, lr_0 = 9.7977e-04
Loss = 9.6760e-03, PNorm = 38.4887, GNorm = 2.7275, lr_0 = 9.7290e-04
Loss = 1.5296e-02, PNorm = 38.4963, GNorm = 0.9839, lr_0 = 9.6606e-04
Loss = 1.9818e-02, PNorm = 38.5115, GNorm = 1.7066, lr_0 = 9.5928e-04
Loss = 1.5995e-02, PNorm = 38.5247, GNorm = 2.8517, lr_0 = 9.5255e-04
Loss = 1.5698e-02, PNorm = 38.5422, GNorm = 4.7575, lr_0 = 9.4586e-04
Validation rmse = 0.180378
Epoch 3
Loss = 9.3219e-03, PNorm = 38.5526, GNorm = 1.7684, lr_0 = 9.3922e-04
Loss = 1.0799e-02, PNorm = 38.5727, GNorm = 1.9367, lr_0 = 9.3262e-04
Loss = 6.8259e-03, PNorm = 38.5840, GNorm = 0.8098, lr_0 = 9.2608e-04
Loss = 1.4719e-02, PNorm = 38.5809, GNorm = 5.5503, lr_0 = 9.1957e-04
Loss = 2.0603e-02, PNorm = 38.5970, GNorm = 2.3352, lr_0 = 9.1312e-04
Loss = 1.4536e-02, PNorm = 38.6292, GNorm = 1.0407, lr_0 = 9.0671e-04
Loss = 1.2496e-02, PNorm = 38.6440, GNorm = 0.7078, lr_0 = 9.0034e-04
Loss = 2.6424e-02, PNorm = 38.6533, GNorm = 4.8292, lr_0 = 8.9402e-04
Loss = 2.4161e-02, PNorm = 38.6868, GNorm = 2.5837, lr_0 = 8.8774e-04
Validation rmse = 0.173548
Epoch 4
Loss = 1.7260e-02, PNorm = 38.7241, GNorm = 4.1835, lr_0 = 8.8151e-04
Loss = 1.0637e-02, PNorm = 38.7457, GNorm = 1.7920, lr_0 = 8.7532e-04
Loss = 1.3689e-02, PNorm = 38.7625, GNorm = 4.4065, lr_0 = 8.6917e-04
Loss = 2.0621e-02, PNorm = 38.7838, GNorm = 0.5939, lr_0 = 8.6307e-04
Loss = 1.5043e-02, PNorm = 38.7999, GNorm = 1.8908, lr_0 = 8.5701e-04
Loss = 2.0984e-02, PNorm = 38.8483, GNorm = 2.6575, lr_0 = 8.5099e-04
Loss = 1.7524e-02, PNorm = 38.8772, GNorm = 1.4501, lr_0 = 8.4502e-04
Loss = 1.4720e-02, PNorm = 38.8980, GNorm = 6.2927, lr_0 = 8.3909e-04
Loss = 8.4095e-03, PNorm = 38.9146, GNorm = 4.6625, lr_0 = 8.3319e-04
Validation rmse = 0.167125
Epoch 5
Loss = 1.9599e-02, PNorm = 38.9097, GNorm = 0.6060, lr_0 = 8.2735e-04
Loss = 1.0401e-02, PNorm = 38.9325, GNorm = 1.2087, lr_0 = 8.2154e-04
Loss = 1.6209e-02, PNorm = 38.9509, GNorm = 4.2967, lr_0 = 8.1577e-04
Loss = 1.2968e-02, PNorm = 38.9531, GNorm = 1.4476, lr_0 = 8.1004e-04
Loss = 2.0894e-02, PNorm = 38.9729, GNorm = 1.1701, lr_0 = 8.0435e-04
Loss = 1.3754e-02, PNorm = 39.0262, GNorm = 3.5752, lr_0 = 7.9871e-04
Loss = 1.4399e-02, PNorm = 39.0443, GNorm = 2.2392, lr_0 = 7.9310e-04
Loss = 1.6851e-02, PNorm = 39.0667, GNorm = 1.6641, lr_0 = 7.8753e-04
Validation rmse = 0.171616
Epoch 6
Loss = 4.8160e-03, PNorm = 39.0838, GNorm = 2.3037, lr_0 = 7.8200e-04
Loss = 2.5530e-02, PNorm = 39.0812, GNorm = 5.1469, lr_0 = 7.7651e-04
Loss = 2.0639e-02, PNorm = 39.0994, GNorm = 9.5698, lr_0 = 7.7106e-04
Loss = 1.3048e-02, PNorm = 39.1564, GNorm = 1.3041, lr_0 = 7.6564e-04
Loss = 1.8944e-02, PNorm = 39.1651, GNorm = 0.5476, lr_0 = 7.6027e-04
Loss = 1.3861e-02, PNorm = 39.1854, GNorm = 1.3071, lr_0 = 7.5493e-04
Loss = 1.3957e-02, PNorm = 39.2114, GNorm = 4.1006, lr_0 = 7.4963e-04
Loss = 1.4276e-02, PNorm = 39.2270, GNorm = 3.3231, lr_0 = 7.4437e-04
Loss = 1.1418e-02, PNorm = 39.2396, GNorm = 0.3837, lr_0 = 7.3914e-04
Validation rmse = 0.165239
Epoch 7
Loss = 1.1664e-02, PNorm = 39.2491, GNorm = 0.9886, lr_0 = 7.3395e-04
Loss = 1.1572e-02, PNorm = 39.2673, GNorm = 1.2987, lr_0 = 7.2880e-04
Loss = 1.5039e-02, PNorm = 39.2884, GNorm = 1.5093, lr_0 = 7.2368e-04
Loss = 2.4043e-02, PNorm = 39.3115, GNorm = 1.6069, lr_0 = 7.1860e-04
Loss = 1.0404e-02, PNorm = 39.3387, GNorm = 2.0921, lr_0 = 7.1355e-04
Loss = 9.1599e-03, PNorm = 39.3425, GNorm = 0.8602, lr_0 = 7.0854e-04
Loss = 1.4669e-02, PNorm = 39.3495, GNorm = 3.4196, lr_0 = 7.0357e-04
Loss = 1.6647e-02, PNorm = 39.3864, GNorm = 1.9978, lr_0 = 6.9863e-04
Validation rmse = 0.165557
Epoch 8
Loss = 7.0681e-03, PNorm = 39.4234, GNorm = 1.5520, lr_0 = 6.9372e-04
Loss = 8.3904e-03, PNorm = 39.4704, GNorm = 2.5483, lr_0 = 6.8885e-04
Loss = 1.4493e-02, PNorm = 39.4899, GNorm = 2.6359, lr_0 = 6.8402e-04
Loss = 1.4432e-02, PNorm = 39.5183, GNorm = 3.0262, lr_0 = 6.7922e-04
Loss = 1.2506e-02, PNorm = 39.5564, GNorm = 4.2682, lr_0 = 6.7445e-04
Loss = 1.3955e-02, PNorm = 39.5718, GNorm = 4.1461, lr_0 = 6.6971e-04
Loss = 1.5690e-02, PNorm = 39.5949, GNorm = 3.7701, lr_0 = 6.6501e-04
Loss = 1.6678e-02, PNorm = 39.6334, GNorm = 2.5331, lr_0 = 6.6034e-04
Loss = 1.7821e-02, PNorm = 39.6471, GNorm = 0.7061, lr_0 = 6.5570e-04
Validation rmse = 0.158549
Epoch 9
Loss = 5.0411e-03, PNorm = 39.6570, GNorm = 0.9275, lr_0 = 6.5110e-04
Loss = 1.1216e-02, PNorm = 39.6767, GNorm = 2.0756, lr_0 = 6.4653e-04
Loss = 1.0819e-02, PNorm = 39.6894, GNorm = 0.3029, lr_0 = 6.4199e-04
Loss = 1.7680e-02, PNorm = 39.7051, GNorm = 11.4268, lr_0 = 6.3748e-04
Loss = 2.0615e-02, PNorm = 39.7434, GNorm = 4.2610, lr_0 = 6.3301e-04
Loss = 1.4772e-02, PNorm = 39.7905, GNorm = 8.8800, lr_0 = 6.2856e-04
Loss = 1.1763e-02, PNorm = 39.8129, GNorm = 1.7941, lr_0 = 6.2415e-04
Loss = 9.9756e-03, PNorm = 39.8431, GNorm = 3.2813, lr_0 = 6.1977e-04
Loss = 1.2105e-02, PNorm = 39.8594, GNorm = 5.6235, lr_0 = 6.1541e-04
Validation rmse = 0.160668
Epoch 10
Loss = 1.3075e-02, PNorm = 39.8818, GNorm = 1.1792, lr_0 = 6.1109e-04
Loss = 1.4632e-02, PNorm = 39.9114, GNorm = 2.0178, lr_0 = 6.0680e-04
Loss = 1.4221e-02, PNorm = 39.9259, GNorm = 6.3862, lr_0 = 6.0254e-04
Loss = 1.7432e-02, PNorm = 39.9445, GNorm = 9.2686, lr_0 = 5.9831e-04
Loss = 1.6272e-02, PNorm = 39.9611, GNorm = 1.6609, lr_0 = 5.9411e-04
Loss = 1.1688e-02, PNorm = 39.9952, GNorm = 2.5703, lr_0 = 5.8994e-04
Loss = 1.1718e-02, PNorm = 40.0136, GNorm = 11.8094, lr_0 = 5.8580e-04
Loss = 1.0201e-02, PNorm = 40.0398, GNorm = 4.2123, lr_0 = 5.8169e-04
Validation rmse = 0.172477
Epoch 11
Loss = 9.2370e-03, PNorm = 40.0789, GNorm = 0.6900, lr_0 = 5.7760e-04
Loss = 1.7521e-02, PNorm = 40.0910, GNorm = 3.4079, lr_0 = 5.7355e-04
Loss = 1.4224e-02, PNorm = 40.1088, GNorm = 4.9460, lr_0 = 5.6952e-04
Loss = 1.4055e-02, PNorm = 40.1340, GNorm = 7.5881, lr_0 = 5.6552e-04
Loss = 1.8886e-02, PNorm = 40.1621, GNorm = 2.2447, lr_0 = 5.6155e-04
Loss = 1.0938e-02, PNorm = 40.1972, GNorm = 1.4694, lr_0 = 5.5761e-04
Loss = 1.0309e-02, PNorm = 40.2058, GNorm = 5.3170, lr_0 = 5.5369e-04
Loss = 1.2025e-02, PNorm = 40.2288, GNorm = 5.5532, lr_0 = 5.4980e-04
Loss = 8.3355e-03, PNorm = 40.2764, GNorm = 1.1062, lr_0 = 5.4594e-04
Validation rmse = 0.191032
Epoch 12
Loss = 1.1667e-02, PNorm = 40.3002, GNorm = 4.7860, lr_0 = 5.4211e-04
Loss = 8.7299e-03, PNorm = 40.3116, GNorm = 4.1588, lr_0 = 5.3830e-04
Loss = 1.3671e-02, PNorm = 40.3315, GNorm = 3.3355, lr_0 = 5.3453e-04
Loss = 1.0092e-02, PNorm = 40.3548, GNorm = 0.2583, lr_0 = 5.3077e-04
Loss = 1.5976e-02, PNorm = 40.3690, GNorm = 1.2418, lr_0 = 5.2705e-04
Loss = 9.5216e-03, PNorm = 40.3829, GNorm = 0.5141, lr_0 = 5.2335e-04
Loss = 1.8078e-02, PNorm = 40.4058, GNorm = 6.8569, lr_0 = 5.1967e-04
Loss = 1.1917e-02, PNorm = 40.4474, GNorm = 0.2500, lr_0 = 5.1602e-04
Validation rmse = 0.151406
Epoch 13
Loss = 2.5947e-02, PNorm = 40.4638, GNorm = 4.6977, lr_0 = 5.1240e-04
Loss = 1.1356e-02, PNorm = 40.4899, GNorm = 0.3820, lr_0 = 5.0880e-04
Loss = 1.2557e-02, PNorm = 40.5047, GNorm = 4.3828, lr_0 = 5.0523e-04
Loss = 1.1528e-02, PNorm = 40.5164, GNorm = 2.6878, lr_0 = 5.0168e-04
Loss = 1.0843e-02, PNorm = 40.5271, GNorm = 0.9241, lr_0 = 4.9816e-04
Loss = 9.0769e-03, PNorm = 40.5451, GNorm = 0.7481, lr_0 = 4.9466e-04
Loss = 1.2128e-02, PNorm = 40.5656, GNorm = 1.1668, lr_0 = 4.9119e-04
Loss = 8.6871e-03, PNorm = 40.5853, GNorm = 2.5077, lr_0 = 4.8774e-04
Loss = 1.4087e-02, PNorm = 40.6109, GNorm = 3.1499, lr_0 = 4.8432e-04
Validation rmse = 0.148344
Epoch 14
Loss = 7.5045e-03, PNorm = 40.6639, GNorm = 5.5381, lr_0 = 4.8092e-04
Loss = 7.8020e-03, PNorm = 40.6818, GNorm = 0.9324, lr_0 = 4.7754e-04
Loss = 1.2641e-02, PNorm = 40.6945, GNorm = 8.4561, lr_0 = 4.7419e-04
Loss = 1.0785e-02, PNorm = 40.7163, GNorm = 1.9959, lr_0 = 4.7086e-04
Loss = 1.8130e-02, PNorm = 40.7412, GNorm = 5.9686, lr_0 = 4.6755e-04
Loss = 1.1194e-02, PNorm = 40.7473, GNorm = 1.6186, lr_0 = 4.6427e-04
Loss = 1.3790e-02, PNorm = 40.7628, GNorm = 2.9175, lr_0 = 4.6101e-04
Loss = 1.0966e-02, PNorm = 40.7958, GNorm = 0.7156, lr_0 = 4.5777e-04
Loss = 7.6575e-03, PNorm = 40.8219, GNorm = 1.3432, lr_0 = 4.5456e-04
Validation rmse = 0.166332
Epoch 15
Loss = 9.0233e-03, PNorm = 40.8331, GNorm = 0.4506, lr_0 = 4.5137e-04
Loss = 9.6854e-03, PNorm = 40.8421, GNorm = 6.3521, lr_0 = 4.4820e-04
Loss = 1.4350e-02, PNorm = 40.8551, GNorm = 0.6173, lr_0 = 4.4505e-04
Loss = 9.2081e-03, PNorm = 40.8709, GNorm = 0.9080, lr_0 = 4.4193e-04
Loss = 8.6397e-03, PNorm = 40.8878, GNorm = 5.2880, lr_0 = 4.3882e-04
Loss = 1.5304e-02, PNorm = 40.9020, GNorm = 7.0419, lr_0 = 4.3574e-04
Loss = 8.2649e-03, PNorm = 40.9147, GNorm = 2.2524, lr_0 = 4.3268e-04
Loss = 8.9851e-03, PNorm = 40.9349, GNorm = 3.0515, lr_0 = 4.2964e-04
Validation rmse = 0.150878
Epoch 16
Loss = 1.3572e-02, PNorm = 40.9413, GNorm = 2.2956, lr_0 = 4.2663e-04
Loss = 1.3222e-02, PNorm = 40.9731, GNorm = 1.8654, lr_0 = 4.2363e-04
Loss = 1.1758e-02, PNorm = 41.0033, GNorm = 1.3752, lr_0 = 4.2066e-04
Loss = 1.1673e-02, PNorm = 41.0137, GNorm = 1.1816, lr_0 = 4.1770e-04
Loss = 1.6397e-02, PNorm = 41.0272, GNorm = 0.6395, lr_0 = 4.1477e-04
Loss = 7.6002e-03, PNorm = 41.0454, GNorm = 3.8924, lr_0 = 4.1186e-04
Loss = 7.5669e-03, PNorm = 41.0642, GNorm = 0.8457, lr_0 = 4.0897e-04
Loss = 6.2723e-03, PNorm = 41.0776, GNorm = 3.3716, lr_0 = 4.0610e-04
Loss = 9.8428e-03, PNorm = 41.1015, GNorm = 4.4083, lr_0 = 4.0325e-04
Validation rmse = 0.157007
Epoch 17
Loss = 1.0533e-02, PNorm = 41.1058, GNorm = 1.6845, lr_0 = 4.0041e-04
Loss = 1.3626e-02, PNorm = 41.1191, GNorm = 2.1251, lr_0 = 3.9760e-04
Loss = 9.8619e-03, PNorm = 41.1453, GNorm = 3.3697, lr_0 = 3.9481e-04
Loss = 1.1310e-02, PNorm = 41.1600, GNorm = 3.8350, lr_0 = 3.9204e-04
Loss = 1.3283e-02, PNorm = 41.1665, GNorm = 1.3417, lr_0 = 3.8929e-04
Loss = 7.6671e-03, PNorm = 41.1899, GNorm = 1.4483, lr_0 = 3.8655e-04
Loss = 9.1244e-03, PNorm = 41.2096, GNorm = 10.4962, lr_0 = 3.8384e-04
Loss = 8.7624e-03, PNorm = 41.2183, GNorm = 1.7489, lr_0 = 3.8114e-04
Validation rmse = 0.149748
Epoch 18
Loss = 6.3493e-03, PNorm = 41.2279, GNorm = 0.4904, lr_0 = 3.7847e-04
Loss = 6.8201e-03, PNorm = 41.2463, GNorm = 1.0841, lr_0 = 3.7581e-04
Loss = 5.9058e-03, PNorm = 41.2592, GNorm = 0.7388, lr_0 = 3.7317e-04
Loss = 1.3223e-02, PNorm = 41.2802, GNorm = 1.1564, lr_0 = 3.7055e-04
Loss = 1.2141e-02, PNorm = 41.2970, GNorm = 5.1843, lr_0 = 3.6795e-04
Loss = 1.3621e-02, PNorm = 41.2997, GNorm = 1.8715, lr_0 = 3.6537e-04
Loss = 8.0397e-03, PNorm = 41.3210, GNorm = 3.3832, lr_0 = 3.6280e-04
Loss = 7.9475e-03, PNorm = 41.3449, GNorm = 2.6185, lr_0 = 3.6025e-04
Loss = 1.1189e-02, PNorm = 41.3610, GNorm = 6.8543, lr_0 = 3.5773e-04
Validation rmse = 0.154250
Epoch 19
Loss = 6.5484e-03, PNorm = 41.3804, GNorm = 2.2518, lr_0 = 3.5521e-04
Loss = 9.0489e-03, PNorm = 41.4111, GNorm = 2.6490, lr_0 = 3.5272e-04
Loss = 6.9646e-03, PNorm = 41.4457, GNorm = 3.2320, lr_0 = 3.5024e-04
Loss = 1.1027e-02, PNorm = 41.4629, GNorm = 3.2447, lr_0 = 3.4778e-04
Loss = 6.7292e-03, PNorm = 41.4748, GNorm = 3.1737, lr_0 = 3.4534e-04
Loss = 8.7686e-03, PNorm = 41.4934, GNorm = 9.0844, lr_0 = 3.4292e-04
Loss = 1.1954e-02, PNorm = 41.5049, GNorm = 3.6197, lr_0 = 3.4051e-04
Loss = 1.0084e-02, PNorm = 41.5152, GNorm = 3.2215, lr_0 = 3.3812e-04
Loss = 1.2110e-02, PNorm = 41.5282, GNorm = 1.2047, lr_0 = 3.3575e-04
Validation rmse = 0.163211
Epoch 20
Loss = 1.1888e-02, PNorm = 41.5356, GNorm = 4.2903, lr_0 = 3.3339e-04
Loss = 1.1443e-02, PNorm = 41.5460, GNorm = 5.9794, lr_0 = 3.3105e-04
Loss = 7.0702e-03, PNorm = 41.5651, GNorm = 6.0389, lr_0 = 3.2872e-04
Loss = 8.9264e-03, PNorm = 41.5961, GNorm = 1.6005, lr_0 = 3.2641e-04
Loss = 5.4893e-03, PNorm = 41.6191, GNorm = 7.8764, lr_0 = 3.2412e-04
Loss = 1.0298e-02, PNorm = 41.6293, GNorm = 1.5935, lr_0 = 3.2185e-04
Loss = 5.5487e-03, PNorm = 41.6365, GNorm = 3.2822, lr_0 = 3.1959e-04
Loss = 1.2738e-02, PNorm = 41.6336, GNorm = 0.5583, lr_0 = 3.1734e-04
Validation rmse = 0.145725
Epoch 21
Loss = 6.8892e-03, PNorm = 41.6405, GNorm = 5.0736, lr_0 = 3.1512e-04
Loss = 9.8255e-03, PNorm = 41.6475, GNorm = 0.4784, lr_0 = 3.1290e-04
Loss = 1.0969e-02, PNorm = 41.6495, GNorm = 1.8004, lr_0 = 3.1071e-04
Loss = 5.6784e-03, PNorm = 41.6572, GNorm = 1.0745, lr_0 = 3.0852e-04
Loss = 1.2927e-02, PNorm = 41.6769, GNorm = 4.0245, lr_0 = 3.0636e-04
Loss = 7.9815e-03, PNorm = 41.6943, GNorm = 0.7476, lr_0 = 3.0421e-04
Loss = 1.0962e-02, PNorm = 41.7093, GNorm = 1.9343, lr_0 = 3.0207e-04
Loss = 1.2663e-02, PNorm = 41.7154, GNorm = 8.0302, lr_0 = 2.9995e-04
Loss = 4.1049e-03, PNorm = 41.7246, GNorm = 0.7822, lr_0 = 2.9784e-04
Validation rmse = 0.150372
Epoch 22
Loss = 1.2839e-02, PNorm = 41.7330, GNorm = 2.5383, lr_0 = 2.9575e-04
Loss = 9.5776e-03, PNorm = 41.7395, GNorm = 4.5711, lr_0 = 2.9368e-04
Loss = 9.4240e-03, PNorm = 41.7475, GNorm = 19.3880, lr_0 = 2.9162e-04
Loss = 8.5113e-03, PNorm = 41.7604, GNorm = 2.7549, lr_0 = 2.8957e-04
Loss = 8.0823e-03, PNorm = 41.7719, GNorm = 0.3800, lr_0 = 2.8753e-04
Loss = 7.7440e-03, PNorm = 41.7777, GNorm = 1.9395, lr_0 = 2.8552e-04
Loss = 8.8432e-03, PNorm = 41.7865, GNorm = 14.2233, lr_0 = 2.8351e-04
Loss = 8.7839e-03, PNorm = 41.7938, GNorm = 4.6734, lr_0 = 2.8152e-04
Validation rmse = 0.147395
Epoch 23
Loss = 1.2762e-02, PNorm = 41.8053, GNorm = 4.1332, lr_0 = 2.7954e-04
Loss = 8.0410e-03, PNorm = 41.8172, GNorm = 0.8447, lr_0 = 2.7758e-04
Loss = 1.2402e-02, PNorm = 41.8287, GNorm = 1.1150, lr_0 = 2.7563e-04
Loss = 9.3052e-03, PNorm = 41.8414, GNorm = 3.5059, lr_0 = 2.7370e-04
Loss = 8.6549e-03, PNorm = 41.8465, GNorm = 5.0140, lr_0 = 2.7178e-04
Loss = 5.7169e-03, PNorm = 41.8513, GNorm = 0.8324, lr_0 = 2.6987e-04
Loss = 5.9840e-03, PNorm = 41.8612, GNorm = 1.6773, lr_0 = 2.6797e-04
Loss = 9.1339e-03, PNorm = 41.8646, GNorm = 8.4851, lr_0 = 2.6609e-04
Loss = 9.2219e-03, PNorm = 41.8625, GNorm = 6.0987, lr_0 = 2.6422e-04
Validation rmse = 0.148488
Epoch 24
Loss = 5.4550e-03, PNorm = 41.8675, GNorm = 1.9333, lr_0 = 2.6237e-04
Loss = 7.6555e-03, PNorm = 41.8753, GNorm = 1.8201, lr_0 = 2.6053e-04
Loss = 9.1968e-03, PNorm = 41.8960, GNorm = 6.0002, lr_0 = 2.5870e-04
Loss = 9.9282e-03, PNorm = 41.9073, GNorm = 3.8285, lr_0 = 2.5688e-04
Loss = 1.2853e-02, PNorm = 41.9073, GNorm = 1.7573, lr_0 = 2.5508e-04
Loss = 9.1487e-03, PNorm = 41.9189, GNorm = 3.5466, lr_0 = 2.5329e-04
Loss = 4.0963e-03, PNorm = 41.9333, GNorm = 1.9889, lr_0 = 2.5151e-04
Loss = 4.6766e-03, PNorm = 41.9377, GNorm = 2.1952, lr_0 = 2.4974e-04
Loss = 8.6248e-03, PNorm = 41.9440, GNorm = 0.2932, lr_0 = 2.4799e-04
Validation rmse = 0.147344
Epoch 25
Loss = 8.2803e-03, PNorm = 41.9505, GNorm = 9.2152, lr_0 = 2.4625e-04
Loss = 9.1187e-03, PNorm = 41.9509, GNorm = 3.7903, lr_0 = 2.4452e-04
Loss = 5.6332e-03, PNorm = 41.9540, GNorm = 1.6276, lr_0 = 2.4280e-04
Loss = 6.8619e-03, PNorm = 41.9622, GNorm = 3.4352, lr_0 = 2.4110e-04
Loss = 5.3443e-03, PNorm = 41.9718, GNorm = 0.5087, lr_0 = 2.3940e-04
Loss = 8.7988e-03, PNorm = 41.9921, GNorm = 4.5610, lr_0 = 2.3772e-04
Loss = 1.2122e-02, PNorm = 41.9940, GNorm = 3.0589, lr_0 = 2.3605e-04
Loss = 9.7966e-03, PNorm = 41.9948, GNorm = 0.9455, lr_0 = 2.3440e-04
Validation rmse = 0.149793
Epoch 26
Loss = 1.4496e-02, PNorm = 42.0006, GNorm = 2.6478, lr_0 = 2.3275e-04
Loss = 9.1486e-03, PNorm = 42.0118, GNorm = 2.5610, lr_0 = 2.3112e-04
Loss = 8.4365e-03, PNorm = 42.0171, GNorm = 5.3994, lr_0 = 2.2949e-04
Loss = 8.8678e-03, PNorm = 42.0171, GNorm = 0.9343, lr_0 = 2.2788e-04
Loss = 5.1706e-03, PNorm = 42.0207, GNorm = 0.7062, lr_0 = 2.2628e-04
Loss = 7.5904e-03, PNorm = 42.0262, GNorm = 4.9930, lr_0 = 2.2469e-04
Loss = 9.8391e-03, PNorm = 42.0355, GNorm = 33.4271, lr_0 = 2.2312e-04
Loss = 1.4000e-02, PNorm = 42.0470, GNorm = 16.6090, lr_0 = 2.2155e-04
Loss = 7.7034e-03, PNorm = 42.0492, GNorm = 6.5350, lr_0 = 2.1999e-04
Validation rmse = 0.152796
Epoch 27
Loss = 7.5680e-03, PNorm = 42.0571, GNorm = 14.0030, lr_0 = 2.1845e-04
Loss = 1.1637e-02, PNorm = 42.0727, GNorm = 3.0885, lr_0 = 2.1692e-04
Loss = 5.1885e-03, PNorm = 42.0902, GNorm = 3.2329, lr_0 = 2.1539e-04
Loss = 8.1343e-03, PNorm = 42.0992, GNorm = 1.2204, lr_0 = 2.1388e-04
Loss = 1.0230e-02, PNorm = 42.1001, GNorm = 0.8115, lr_0 = 2.1238e-04
Loss = 5.8103e-03, PNorm = 42.1008, GNorm = 5.4263, lr_0 = 2.1089e-04
Loss = 6.8267e-03, PNorm = 42.1058, GNorm = 3.4706, lr_0 = 2.0941e-04
Loss = 1.1782e-02, PNorm = 42.1155, GNorm = 8.3255, lr_0 = 2.0794e-04
Validation rmse = 0.146247
Epoch 28
Loss = 1.6359e-02, PNorm = 42.1228, GNorm = 4.9958, lr_0 = 2.0648e-04
Loss = 1.1960e-02, PNorm = 42.1284, GNorm = 4.8303, lr_0 = 2.0503e-04
Loss = 6.1132e-03, PNorm = 42.1310, GNorm = 0.3334, lr_0 = 2.0359e-04
Loss = 5.3599e-03, PNorm = 42.1370, GNorm = 0.5736, lr_0 = 2.0216e-04
Loss = 8.0537e-03, PNorm = 42.1413, GNorm = 0.5844, lr_0 = 2.0074e-04
Loss = 8.3362e-03, PNorm = 42.1432, GNorm = 2.9457, lr_0 = 1.9933e-04
Loss = 8.2203e-03, PNorm = 42.1464, GNorm = 3.9230, lr_0 = 1.9793e-04
Loss = 6.3336e-03, PNorm = 42.1511, GNorm = 1.6252, lr_0 = 1.9654e-04
Loss = 8.5804e-03, PNorm = 42.1553, GNorm = 2.9033, lr_0 = 1.9516e-04
Validation rmse = 0.146266
Epoch 29
Loss = 9.7822e-03, PNorm = 42.1583, GNorm = 1.9691, lr_0 = 1.9379e-04
Loss = 6.8591e-03, PNorm = 42.1643, GNorm = 15.0973, lr_0 = 1.9243e-04
Loss = 7.6933e-03, PNorm = 42.1673, GNorm = 3.2503, lr_0 = 1.9108e-04
Loss = 1.3601e-02, PNorm = 42.1674, GNorm = 8.4047, lr_0 = 1.8974e-04
Loss = 4.9297e-03, PNorm = 42.1733, GNorm = 4.3695, lr_0 = 1.8840e-04
Loss = 7.0713e-03, PNorm = 42.1783, GNorm = 3.5866, lr_0 = 1.8708e-04
Loss = 5.0267e-03, PNorm = 42.1824, GNorm = 5.6474, lr_0 = 1.8577e-04
Loss = 7.1309e-03, PNorm = 42.1916, GNorm = 5.0097, lr_0 = 1.8446e-04
Loss = 4.7488e-03, PNorm = 42.1978, GNorm = 1.3472, lr_0 = 1.8317e-04
Validation rmse = 0.143778
Epoch 30
Loss = 8.4245e-03, PNorm = 42.2043, GNorm = 1.3676, lr_0 = 1.8188e-04
Loss = 5.5839e-03, PNorm = 42.2107, GNorm = 1.7545, lr_0 = 1.8061e-04
Loss = 7.8826e-03, PNorm = 42.2132, GNorm = 5.9877, lr_0 = 1.7934e-04
Loss = 9.1781e-03, PNorm = 42.2148, GNorm = 10.7878, lr_0 = 1.7808e-04
Loss = 8.6013e-03, PNorm = 42.2198, GNorm = 8.8835, lr_0 = 1.7683e-04
Loss = 6.3563e-03, PNorm = 42.2227, GNorm = 1.1631, lr_0 = 1.7559e-04
Loss = 5.7586e-03, PNorm = 42.2242, GNorm = 2.4386, lr_0 = 1.7435e-04
Loss = 1.1080e-02, PNorm = 42.2258, GNorm = 2.9381, lr_0 = 1.7313e-04
Validation rmse = 0.145010
Epoch 31
Loss = 4.8182e-03, PNorm = 42.2331, GNorm = 3.0582, lr_0 = 1.7191e-04
Loss = 9.9111e-03, PNorm = 42.2407, GNorm = 5.7689, lr_0 = 1.7071e-04
Loss = 1.8327e-02, PNorm = 42.2484, GNorm = 0.4537, lr_0 = 1.6951e-04
Loss = 7.1153e-03, PNorm = 42.2530, GNorm = 8.3114, lr_0 = 1.6832e-04
Loss = 8.3945e-03, PNorm = 42.2576, GNorm = 8.6632, lr_0 = 1.6714e-04
Loss = 6.7965e-03, PNorm = 42.2617, GNorm = 0.6864, lr_0 = 1.6596e-04
Loss = 5.6688e-03, PNorm = 42.2639, GNorm = 2.0184, lr_0 = 1.6480e-04
Loss = 3.5771e-03, PNorm = 42.2689, GNorm = 1.8492, lr_0 = 1.6364e-04
Loss = 1.0044e-02, PNorm = 42.2744, GNorm = 3.4547, lr_0 = 1.6249e-04
Validation rmse = 0.147886
Epoch 32
Loss = 8.1272e-03, PNorm = 42.2791, GNorm = 2.5337, lr_0 = 1.6135e-04
Loss = 5.2666e-03, PNorm = 42.2806, GNorm = 0.6440, lr_0 = 1.6022e-04
Loss = 8.2789e-03, PNorm = 42.2805, GNorm = 0.8493, lr_0 = 1.5909e-04
Loss = 1.1157e-02, PNorm = 42.2825, GNorm = 3.2826, lr_0 = 1.5798e-04
Loss = 7.7143e-03, PNorm = 42.2876, GNorm = 1.9161, lr_0 = 1.5687e-04
Loss = 7.5446e-03, PNorm = 42.2917, GNorm = 2.6984, lr_0 = 1.5577e-04
Loss = 6.5035e-03, PNorm = 42.2960, GNorm = 0.3408, lr_0 = 1.5467e-04
Loss = 6.5669e-03, PNorm = 42.3002, GNorm = 2.3328, lr_0 = 1.5359e-04
Validation rmse = 0.150261
Epoch 33
Loss = 9.5897e-03, PNorm = 42.3051, GNorm = 2.4257, lr_0 = 1.5251e-04
Loss = 3.7267e-03, PNorm = 42.3116, GNorm = 2.3948, lr_0 = 1.5144e-04
Loss = 8.2116e-03, PNorm = 42.3153, GNorm = 12.4560, lr_0 = 1.5037e-04
Loss = 7.3125e-03, PNorm = 42.3162, GNorm = 7.4337, lr_0 = 1.4932e-04
Loss = 5.0350e-03, PNorm = 42.3200, GNorm = 1.4939, lr_0 = 1.4827e-04
Loss = 5.3886e-03, PNorm = 42.3239, GNorm = 1.4560, lr_0 = 1.4723e-04
Loss = 8.2327e-03, PNorm = 42.3262, GNorm = 1.9198, lr_0 = 1.4620e-04
Loss = 7.1733e-03, PNorm = 42.3260, GNorm = 7.4983, lr_0 = 1.4517e-04
Loss = 9.9234e-03, PNorm = 42.3288, GNorm = 8.9182, lr_0 = 1.4415e-04
Validation rmse = 0.148625
Epoch 34
Loss = 6.3585e-03, PNorm = 42.3313, GNorm = 5.6299, lr_0 = 1.4314e-04
Loss = 8.2314e-03, PNorm = 42.3376, GNorm = 3.2135, lr_0 = 1.4213e-04
Loss = 7.3209e-03, PNorm = 42.3445, GNorm = 8.6066, lr_0 = 1.4113e-04
Loss = 4.0739e-03, PNorm = 42.3500, GNorm = 2.7697, lr_0 = 1.4014e-04
Loss = 5.0538e-03, PNorm = 42.3536, GNorm = 0.6296, lr_0 = 1.3916e-04
Loss = 9.7654e-03, PNorm = 42.3546, GNorm = 10.9983, lr_0 = 1.3818e-04
Loss = 5.8356e-03, PNorm = 42.3533, GNorm = 2.7850, lr_0 = 1.3721e-04
Loss = 6.4390e-03, PNorm = 42.3531, GNorm = 2.0174, lr_0 = 1.3625e-04
Loss = 1.3533e-02, PNorm = 42.3551, GNorm = 0.6318, lr_0 = 1.3529e-04
Validation rmse = 0.145337
Epoch 35
Loss = 7.8249e-03, PNorm = 42.3561, GNorm = 2.1966, lr_0 = 1.3434e-04
Loss = 1.0520e-02, PNorm = 42.3577, GNorm = 0.8499, lr_0 = 1.3340e-04
Loss = 7.1658e-03, PNorm = 42.3639, GNorm = 1.7786, lr_0 = 1.3246e-04
Loss = 9.4275e-03, PNorm = 42.3702, GNorm = 1.7178, lr_0 = 1.3153e-04
Loss = 4.4689e-03, PNorm = 42.3739, GNorm = 3.0162, lr_0 = 1.3061e-04
Loss = 4.9213e-03, PNorm = 42.3745, GNorm = 2.6891, lr_0 = 1.2969e-04
Loss = 5.7390e-03, PNorm = 42.3748, GNorm = 2.2004, lr_0 = 1.2878e-04
Loss = 7.9470e-03, PNorm = 42.3781, GNorm = 1.5526, lr_0 = 1.2788e-04
Validation rmse = 0.145489
Epoch 36
Loss = 7.0864e-03, PNorm = 42.3824, GNorm = 2.4344, lr_0 = 1.2698e-04
Loss = 5.6944e-03, PNorm = 42.3897, GNorm = 2.1883, lr_0 = 1.2609e-04
Loss = 5.3254e-03, PNorm = 42.3918, GNorm = 0.7780, lr_0 = 1.2520e-04
Loss = 6.1601e-03, PNorm = 42.3921, GNorm = 1.4928, lr_0 = 1.2432e-04
Loss = 5.2258e-03, PNorm = 42.3940, GNorm = 1.5559, lr_0 = 1.2345e-04
Loss = 1.2839e-02, PNorm = 42.3954, GNorm = 0.9535, lr_0 = 1.2258e-04
Loss = 7.0342e-03, PNorm = 42.3975, GNorm = 7.6445, lr_0 = 1.2172e-04
Loss = 1.0590e-02, PNorm = 42.3988, GNorm = 2.0974, lr_0 = 1.2087e-04
Loss = 4.6273e-03, PNorm = 42.4020, GNorm = 0.8738, lr_0 = 1.2002e-04
Validation rmse = 0.146831
Epoch 37
Loss = 4.4858e-03, PNorm = 42.4031, GNorm = 3.5370, lr_0 = 1.1918e-04
Loss = 9.6547e-03, PNorm = 42.4046, GNorm = 1.4602, lr_0 = 1.1834e-04
Loss = 6.7803e-03, PNorm = 42.4063, GNorm = 1.3349, lr_0 = 1.1751e-04
Loss = 6.2807e-03, PNorm = 42.4095, GNorm = 2.4997, lr_0 = 1.1668e-04
Loss = 7.3858e-03, PNorm = 42.4123, GNorm = 5.3335, lr_0 = 1.1587e-04
Loss = 6.3970e-03, PNorm = 42.4159, GNorm = 4.6467, lr_0 = 1.1505e-04
Loss = 7.4027e-03, PNorm = 42.4194, GNorm = 6.0515, lr_0 = 1.1424e-04
Loss = 6.8237e-03, PNorm = 42.4219, GNorm = 1.6288, lr_0 = 1.1344e-04
Validation rmse = 0.144688
Epoch 38
Loss = 2.1208e-02, PNorm = 42.4241, GNorm = 4.9841, lr_0 = 1.1265e-04
Loss = 4.7611e-03, PNorm = 42.4245, GNorm = 2.1713, lr_0 = 1.1185e-04
Loss = 8.1371e-03, PNorm = 42.4254, GNorm = 4.9392, lr_0 = 1.1107e-04
Loss = 9.2052e-03, PNorm = 42.4269, GNorm = 2.7306, lr_0 = 1.1029e-04
Loss = 6.8939e-03, PNorm = 42.4296, GNorm = 1.4630, lr_0 = 1.0952e-04
Loss = 7.7951e-03, PNorm = 42.4328, GNorm = 3.3586, lr_0 = 1.0875e-04
Loss = 6.4732e-03, PNorm = 42.4361, GNorm = 0.5070, lr_0 = 1.0798e-04
Loss = 7.3178e-03, PNorm = 42.4362, GNorm = 1.8999, lr_0 = 1.0722e-04
Loss = 6.0363e-03, PNorm = 42.4374, GNorm = 1.5439, lr_0 = 1.0647e-04
Validation rmse = 0.146764
Epoch 39
Loss = 9.5728e-03, PNorm = 42.4416, GNorm = 1.6942, lr_0 = 1.0572e-04
Loss = 6.1470e-03, PNorm = 42.4448, GNorm = 0.5997, lr_0 = 1.0498e-04
Loss = 6.7294e-03, PNorm = 42.4474, GNorm = 6.2573, lr_0 = 1.0424e-04
Loss = 1.0210e-02, PNorm = 42.4501, GNorm = 0.7499, lr_0 = 1.0351e-04
Loss = 5.4189e-03, PNorm = 42.4510, GNorm = 1.0384, lr_0 = 1.0279e-04
Loss = 3.9528e-03, PNorm = 42.4546, GNorm = 1.0764, lr_0 = 1.0206e-04
Loss = 8.1787e-03, PNorm = 42.4564, GNorm = 2.0424, lr_0 = 1.0135e-04
Loss = 9.1470e-03, PNorm = 42.4579, GNorm = 1.7065, lr_0 = 1.0064e-04
Loss = 4.5739e-03, PNorm = 42.4599, GNorm = 1.4555, lr_0 = 1.0000e-04
Validation rmse = 0.147280
Model 0 best validation rmse = 0.143778 on epoch 29
Loading pretrained parameter "encoder.encoder.cached_zero_vector".
Loading pretrained parameter "encoder.encoder.W_i.weight".
Loading pretrained parameter "encoder.encoder.W_h.weight".
Loading pretrained parameter "encoder.encoder.W_o.weight".
Loading pretrained parameter "encoder.encoder.W_o.bias".
Loading pretrained parameter "ffn.1.weight".
Loading pretrained parameter "ffn.1.bias".
Loading pretrained parameter "ffn.4.weight".
Loading pretrained parameter "ffn.4.bias".
Loading pretrained parameter "ffn.7.weight".
Loading pretrained parameter "ffn.7.bias".
Model 0 test rmse = nan
Ensemble test rmse = nan
1-fold cross validation
Seed 5 ==> test rmse = nan
Overall test rmse = nan +/- nan
Fold 0
{'activation': 'ReLU',
 'atom_messages': False,
 'batch_size': 50,
 'bias': False,
 'checkpoint_dir': None,
 'checkpoint_path': None,
 'checkpoint_paths': None,
 'config_path': None,
 'crossval_index_dir': None,
 'crossval_index_file': None,
 'cuda': False,
 'data_path': 'Data/Multitask_data/All_datasets/Splits/Predict_carbonate_amines_with_all_data/train.csv',
 'dataset_type': 'regression',
 'depth': 3,
 'dropout': 0.0,
 'ensemble_size': 1,
 'epochs': 40,
 'features_generator': None,
 'features_only': False,
 'features_path': ['Data/Multitask_data/All_datasets/Splits/Predict_carbonate_amines_with_all_data/train_extra_x.csv'],
 'features_scaling': True,
 'ffn_hidden_size': 300,
 'ffn_num_layers': 3,
 'final_lr': 0.0001,
 'folds_file': None,
 'gpu': None,
 'hidden_size': 300,
 'init_lr': 0.0001,
 'log_frequency': 10,
 'max_data_size': None,
 'max_lr': 0.001,
 'metric': 'rmse',
 'minimize_score': True,
 'multiclass_num_classes': 3,
 'no_cache': False,
 'num_folds': 1,
 'num_lrs': 1,
 'quiet': False,
 'save_dir': 'Data/Multitask_data/All_datasets/Splits/Predict_carbonate_amines_with_all_data/trained_model/fold_0',
 'save_smiles_splits': False,
 'seed': 5,
 'separate_test_features_path': ['Data/Multitask_data/All_datasets/Splits/Predict_carbonate_amines_with_all_data/test_extra_x.csv'],
 'separate_test_path': 'Data/Multitask_data/All_datasets/Splits/Predict_carbonate_amines_with_all_data/test.csv',
 'separate_val_features_path': ['Data/Multitask_data/All_datasets/Splits/Predict_carbonate_amines_with_all_data/valid_extra_x.csv'],
 'separate_val_path': 'Data/Multitask_data/All_datasets/Splits/Predict_carbonate_amines_with_all_data/valid.csv',
 'show_individual_scores': False,
 'split_sizes': [0.675, 0.075, 0.25],
 'split_type': 'random',
 'test': False,
 'test_fold_index': None,
 'undirected': False,
 'use_compound_names': False,
 'use_input_features': True,
 'val_fold_index': None,
 'warmup_epochs': 2.0}
Loading data
Number of tasks = 1
Splitting data with seed 5
Total size = 4,556 | train size = 4,556 | val size = 150 | test size = 150
Fitting scaler
Building model 0
MoleculeModel(
  (encoder): MPN(
    (encoder): MPNEncoder(
      (dropout_layer): Dropout(p=0.0, inplace=False)
      (act_func): ReLU()
      (W_i): Linear(in_features=147, out_features=300, bias=False)
      (W_h): Linear(in_features=300, out_features=300, bias=False)
      (W_o): Linear(in_features=433, out_features=300, bias=True)
    )
  )
  (ffn): Sequential(
    (0): Dropout(p=0.0, inplace=False)
    (1): Linear(in_features=324, out_features=300, bias=True)
    (2): ReLU()
    (3): Dropout(p=0.0, inplace=False)
    (4): Linear(in_features=300, out_features=300, bias=True)
    (5): ReLU()
    (6): Dropout(p=0.0, inplace=False)
    (7): Linear(in_features=300, out_features=1, bias=True)
  )
)
Number of parameters = 452,401
Epoch 0
Loss = 1.8369e-02, PNorm = 38.2845, GNorm = 6.1383, lr_0 = 1.5440e-04
Loss = 1.6277e-02, PNorm = 38.2869, GNorm = 2.5464, lr_0 = 2.0385e-04
