Fold 0
{'activation': 'ReLU',
 'atom_messages': False,
 'batch_size': 50,
 'bias': False,
 'checkpoint_dir': None,
 'checkpoint_path': None,
 'checkpoint_paths': None,
 'config_path': None,
 'crossval_index_dir': None,
 'crossval_index_file': None,
 'cuda': False,
 'data_path': 'Data/Multitask_data/All_datasets/Splits/Predict_4CR_random_split/train.csv',
 'dataset_type': 'regression',
 'depth': 3,
 'dropout': 0.0,
 'ensemble_size': 1,
 'epochs': 40,
 'features_generator': None,
 'features_only': False,
 'features_path': ['Data/Multitask_data/All_datasets/Splits/Predict_4CR_random_split/train_extra_x.csv'],
 'features_scaling': True,
 'ffn_hidden_size': 300,
 'ffn_num_layers': 3,
 'final_lr': 0.0001,
 'folds_file': None,
 'gpu': None,
 'hidden_size': 300,
 'init_lr': 0.0001,
 'log_frequency': 10,
 'max_data_size': None,
 'max_lr': 0.001,
 'metric': 'rmse',
 'minimize_score': True,
 'multiclass_num_classes': 3,
 'no_cache': False,
 'num_folds': 1,
 'num_lrs': 1,
 'quiet': False,
 'save_dir': 'Data/Multitask_data/All_datasets/Splits/Predict_4CR_random_split/trained_model/fold_0',
 'save_smiles_splits': False,
 'seed': 5,
 'separate_test_features_path': ['Data/Multitask_data/All_datasets/Splits/Predict_4CR_random_split/test_extra_x.csv'],
 'separate_test_path': 'Data/Multitask_data/All_datasets/Splits/Predict_4CR_random_split/test.csv',
 'separate_val_features_path': ['Data/Multitask_data/All_datasets/Splits/Predict_4CR_random_split/valid_extra_x.csv'],
 'separate_val_path': 'Data/Multitask_data/All_datasets/Splits/Predict_4CR_random_split/valid.csv',
 'show_individual_scores': False,
 'split_sizes': [0.675, 0.075, 0.25],
 'split_type': 'random',
 'test': False,
 'test_fold_index': None,
 'undirected': False,
 'use_compound_names': False,
 'use_input_features': True,
 'val_fold_index': None,
 'warmup_epochs': 2.0}
Loading data
Number of tasks = 1
Splitting data with seed 5
Total size = 10,700 | train size = 10,700 | val size = 117 | test size = 168
Fitting scaler
Building model 0
MoleculeModel(
  (encoder): MPN(
    (encoder): MPNEncoder(
      (dropout_layer): Dropout(p=0.0, inplace=False)
      (act_func): ReLU()
      (W_i): Linear(in_features=147, out_features=300, bias=False)
      (W_h): Linear(in_features=300, out_features=300, bias=False)
      (W_o): Linear(in_features=433, out_features=300, bias=True)
    )
  )
  (ffn): Sequential(
    (0): Dropout(p=0.0, inplace=False)
    (1): Linear(in_features=326, out_features=300, bias=True)
    (2): ReLU()
    (3): Dropout(p=0.0, inplace=False)
    (4): Linear(in_features=300, out_features=300, bias=True)
    (5): ReLU()
    (6): Dropout(p=0.0, inplace=False)
    (7): Linear(in_features=300, out_features=1, bias=True)
  )
)
Number of parameters = 453,001
Epoch 0
Loss = 1.6891e-02, PNorm = 38.2915, GNorm = 2.2860, lr_0 = 1.2313e-04
Loss = 1.0894e-02, PNorm = 38.2972, GNorm = 2.3075, lr_0 = 1.4416e-04
Loss = 6.8078e-03, PNorm = 38.3044, GNorm = 1.6852, lr_0 = 1.6519e-04
Loss = 5.8431e-03, PNorm = 38.3112, GNorm = 3.8506, lr_0 = 1.8621e-04
Loss = 5.4813e-03, PNorm = 38.3161, GNorm = 3.2288, lr_0 = 2.0724e-04
Loss = 6.7405e-03, PNorm = 38.3205, GNorm = 1.4908, lr_0 = 2.2827e-04
Loss = 4.9986e-03, PNorm = 38.3258, GNorm = 1.5434, lr_0 = 2.4930e-04
Loss = 5.7404e-03, PNorm = 38.3318, GNorm = 1.6340, lr_0 = 2.7033e-04
Loss = 4.6831e-03, PNorm = 38.3405, GNorm = 2.1949, lr_0 = 2.9136e-04
Loss = 5.2661e-03, PNorm = 38.3516, GNorm = 1.0767, lr_0 = 3.1238e-04
Loss = 5.1098e-03, PNorm = 38.3659, GNorm = 1.5152, lr_0 = 3.3341e-04
Loss = 5.1875e-03, PNorm = 38.3785, GNorm = 2.4570, lr_0 = 3.5444e-04
Loss = 4.8633e-03, PNorm = 38.3943, GNorm = 2.1853, lr_0 = 3.7547e-04
Loss = 5.9033e-03, PNorm = 38.4169, GNorm = 2.2358, lr_0 = 3.9650e-04
Loss = 6.7901e-03, PNorm = 38.4318, GNorm = 1.2765, lr_0 = 4.1752e-04
Loss = 5.2660e-03, PNorm = 38.4448, GNorm = 2.8357, lr_0 = 4.3855e-04
Loss = 3.9890e-03, PNorm = 38.4603, GNorm = 1.7369, lr_0 = 4.5958e-04
Loss = 4.9818e-03, PNorm = 38.4789, GNorm = 0.8649, lr_0 = 4.8061e-04
Loss = 5.0994e-03, PNorm = 38.5008, GNorm = 2.3298, lr_0 = 5.0164e-04
Loss = 3.6343e-03, PNorm = 38.5212, GNorm = 0.9569, lr_0 = 5.2266e-04
Loss = 4.3383e-03, PNorm = 38.5343, GNorm = 2.4156, lr_0 = 5.4369e-04
Validation rmse = 0.796853
Epoch 1
Loss = 3.8004e-03, PNorm = 38.5530, GNorm = 0.8326, lr_0 = 5.6472e-04
Loss = 5.3689e-03, PNorm = 38.5690, GNorm = 3.2002, lr_0 = 5.8575e-04
Loss = 4.4175e-03, PNorm = 38.5903, GNorm = 1.5486, lr_0 = 6.0678e-04
Loss = 4.6142e-03, PNorm = 38.6122, GNorm = 1.0277, lr_0 = 6.2780e-04
Loss = 5.1682e-03, PNorm = 38.6383, GNorm = 1.9512, lr_0 = 6.4883e-04
Loss = 4.2798e-03, PNorm = 38.6606, GNorm = 2.2718, lr_0 = 6.6986e-04
Loss = 4.1407e-03, PNorm = 38.6789, GNorm = 1.1625, lr_0 = 6.9089e-04
Loss = 3.7690e-03, PNorm = 38.7004, GNorm = 2.4743, lr_0 = 7.1192e-04
Loss = 4.1055e-03, PNorm = 38.7236, GNorm = 1.8048, lr_0 = 7.3294e-04
Loss = 4.8195e-03, PNorm = 38.7563, GNorm = 0.6229, lr_0 = 7.5397e-04
Loss = 4.1060e-03, PNorm = 38.7979, GNorm = 1.3381, lr_0 = 7.7500e-04
Loss = 5.0296e-03, PNorm = 38.8198, GNorm = 1.9038, lr_0 = 7.9603e-04
Loss = 4.8030e-03, PNorm = 38.8495, GNorm = 0.7416, lr_0 = 8.1706e-04
Loss = 3.6638e-03, PNorm = 38.8780, GNorm = 0.9994, lr_0 = 8.3808e-04
Loss = 6.5197e-03, PNorm = 38.9081, GNorm = 0.9583, lr_0 = 8.5911e-04
Loss = 4.6614e-03, PNorm = 38.9449, GNorm = 0.7481, lr_0 = 8.8014e-04
Loss = 4.5626e-03, PNorm = 38.9751, GNorm = 0.9858, lr_0 = 9.0117e-04
Loss = 4.8018e-03, PNorm = 39.0047, GNorm = 1.1850, lr_0 = 9.2220e-04
Loss = 4.0372e-03, PNorm = 39.0547, GNorm = 1.1688, lr_0 = 9.4322e-04
Loss = 4.2345e-03, PNorm = 39.1040, GNorm = 2.3147, lr_0 = 9.6425e-04
Loss = 4.6528e-03, PNorm = 39.1522, GNorm = 2.4295, lr_0 = 9.8528e-04
Validation rmse = 0.784770
Epoch 2
Loss = 4.6788e-03, PNorm = 39.2129, GNorm = 0.7997, lr_0 = 9.9915e-04
Loss = 5.0940e-03, PNorm = 39.2765, GNorm = 0.6982, lr_0 = 9.9633e-04
Loss = 4.5273e-03, PNorm = 39.3184, GNorm = 1.1381, lr_0 = 9.9351e-04
Loss = 4.0243e-03, PNorm = 39.3607, GNorm = 1.0288, lr_0 = 9.9070e-04
Loss = 4.0776e-03, PNorm = 39.4167, GNorm = 1.0417, lr_0 = 9.8790e-04
Loss = 4.3252e-03, PNorm = 39.4610, GNorm = 1.3068, lr_0 = 9.8511e-04
Loss = 3.3866e-03, PNorm = 39.5094, GNorm = 0.8179, lr_0 = 9.8232e-04
Loss = 4.0661e-03, PNorm = 39.5548, GNorm = 0.4302, lr_0 = 9.7954e-04
Loss = 4.4573e-03, PNorm = 39.5952, GNorm = 1.1431, lr_0 = 9.7677e-04
Loss = 3.9583e-03, PNorm = 39.6375, GNorm = 1.1860, lr_0 = 9.7401e-04
Loss = 3.5106e-03, PNorm = 39.6941, GNorm = 0.6245, lr_0 = 9.7126e-04
Loss = 3.6795e-03, PNorm = 39.7442, GNorm = 0.6341, lr_0 = 9.6851e-04
Loss = 3.3675e-03, PNorm = 39.7862, GNorm = 0.5502, lr_0 = 9.6577e-04
Loss = 3.3445e-03, PNorm = 39.8353, GNorm = 0.9130, lr_0 = 9.6304e-04
Loss = 3.9960e-03, PNorm = 39.8756, GNorm = 0.8408, lr_0 = 9.6032e-04
Loss = 3.4560e-03, PNorm = 39.9183, GNorm = 0.6805, lr_0 = 9.5760e-04
Loss = 3.7226e-03, PNorm = 39.9647, GNorm = 0.4892, lr_0 = 9.5490e-04
Loss = 3.5652e-03, PNorm = 40.0094, GNorm = 0.5612, lr_0 = 9.5220e-04
Loss = 5.0391e-03, PNorm = 40.0619, GNorm = 0.6401, lr_0 = 9.4950e-04
Loss = 4.6385e-03, PNorm = 40.1041, GNorm = 1.1797, lr_0 = 9.4682e-04
Loss = 4.0065e-03, PNorm = 40.1376, GNorm = 0.7564, lr_0 = 9.4414e-04
Loss = 3.3576e-03, PNorm = 40.1770, GNorm = 0.7212, lr_0 = 9.4147e-04
Validation rmse = 0.766329
Epoch 3
Loss = 3.0434e-03, PNorm = 40.2256, GNorm = 0.8772, lr_0 = 9.3881e-04
Loss = 3.6639e-03, PNorm = 40.2709, GNorm = 0.6237, lr_0 = 9.3616e-04
Loss = 3.1630e-03, PNorm = 40.3135, GNorm = 0.4353, lr_0 = 9.3351e-04
Loss = 4.8344e-03, PNorm = 40.3585, GNorm = 1.2681, lr_0 = 9.3087e-04
Loss = 3.2339e-03, PNorm = 40.4121, GNorm = 0.5694, lr_0 = 9.2824e-04
Loss = 3.5324e-03, PNorm = 40.4527, GNorm = 0.6752, lr_0 = 9.2561e-04
Loss = 2.8596e-03, PNorm = 40.4760, GNorm = 0.5045, lr_0 = 9.2299e-04
Loss = 3.7853e-03, PNorm = 40.5058, GNorm = 0.3873, lr_0 = 9.2038e-04
Loss = 3.9053e-03, PNorm = 40.5412, GNorm = 1.7439, lr_0 = 9.1778e-04
Loss = 3.9207e-03, PNorm = 40.5914, GNorm = 0.5721, lr_0 = 9.1519e-04
Loss = 2.9449e-03, PNorm = 40.6402, GNorm = 0.8125, lr_0 = 9.1260e-04
Loss = 3.5389e-03, PNorm = 40.6708, GNorm = 0.6542, lr_0 = 9.1002e-04
Loss = 3.0906e-03, PNorm = 40.6968, GNorm = 1.0339, lr_0 = 9.0745e-04
Loss = 4.1728e-03, PNorm = 40.7343, GNorm = 0.8639, lr_0 = 9.0488e-04
Loss = 4.5159e-03, PNorm = 40.7586, GNorm = 0.5331, lr_0 = 9.0232e-04
Loss = 3.1648e-03, PNorm = 40.7937, GNorm = 0.5361, lr_0 = 8.9977e-04
Loss = 4.2903e-03, PNorm = 40.8204, GNorm = 1.2092, lr_0 = 8.9723e-04
Loss = 3.7300e-03, PNorm = 40.8552, GNorm = 1.2106, lr_0 = 8.9469e-04
Loss = 3.0342e-03, PNorm = 40.8998, GNorm = 0.7364, lr_0 = 8.9216e-04
Loss = 3.3174e-03, PNorm = 40.9327, GNorm = 0.5299, lr_0 = 8.8964e-04
Loss = 3.4427e-03, PNorm = 40.9602, GNorm = 0.8539, lr_0 = 8.8712e-04
Validation rmse = 0.756640
Epoch 4
Loss = 3.1255e-03, PNorm = 40.9869, GNorm = 0.6522, lr_0 = 8.8461e-04
Loss = 3.5396e-03, PNorm = 41.0200, GNorm = 0.7402, lr_0 = 8.8211e-04
Loss = 3.3704e-03, PNorm = 41.0520, GNorm = 0.5019, lr_0 = 8.7962e-04
Loss = 2.8450e-03, PNorm = 41.0778, GNorm = 0.4237, lr_0 = 8.7713e-04
Loss = 3.2719e-03, PNorm = 41.1186, GNorm = 0.6832, lr_0 = 8.7465e-04
Loss = 4.1227e-03, PNorm = 41.1527, GNorm = 0.7880, lr_0 = 8.7218e-04
Loss = 6.6206e-03, PNorm = 41.2019, GNorm = 0.6299, lr_0 = 8.6971e-04
Loss = 3.5435e-03, PNorm = 41.2497, GNorm = 0.5389, lr_0 = 8.6725e-04
Loss = 3.7554e-03, PNorm = 41.2863, GNorm = 1.1209, lr_0 = 8.6480e-04
Loss = 2.9639e-03, PNorm = 41.3211, GNorm = 0.5638, lr_0 = 8.6236e-04
Loss = 3.1512e-03, PNorm = 41.3599, GNorm = 0.6217, lr_0 = 8.5992e-04
Loss = 2.7473e-03, PNorm = 41.4009, GNorm = 0.7965, lr_0 = 8.5749e-04
Loss = 3.0373e-03, PNorm = 41.4293, GNorm = 0.5967, lr_0 = 8.5506e-04
Loss = 2.9376e-03, PNorm = 41.4561, GNorm = 0.4327, lr_0 = 8.5264e-04
Loss = 3.3063e-03, PNorm = 41.4788, GNorm = 0.3792, lr_0 = 8.5023e-04
Loss = 3.8303e-03, PNorm = 41.5238, GNorm = 1.3054, lr_0 = 8.4783e-04
Loss = 3.1925e-03, PNorm = 41.5694, GNorm = 0.5431, lr_0 = 8.4543e-04
Loss = 3.1021e-03, PNorm = 41.5950, GNorm = 0.7560, lr_0 = 8.4304e-04
Loss = 2.9597e-03, PNorm = 41.6298, GNorm = 0.5186, lr_0 = 8.4066e-04
Loss = 3.1448e-03, PNorm = 41.6526, GNorm = 0.2555, lr_0 = 8.3828e-04
Loss = 3.1470e-03, PNorm = 41.6670, GNorm = 0.5796, lr_0 = 8.3591e-04
Loss = 3.0581e-03, PNorm = 41.6848, GNorm = 1.9701, lr_0 = 8.3355e-04
Validation rmse = 0.746495
Epoch 5
Loss = 2.9140e-03, PNorm = 41.7112, GNorm = 0.5426, lr_0 = 8.3119e-04
Loss = 3.1245e-03, PNorm = 41.7370, GNorm = 0.6530, lr_0 = 8.2884e-04
Loss = 3.1931e-03, PNorm = 41.7532, GNorm = 0.7944, lr_0 = 8.2650e-04
Loss = 3.7189e-03, PNorm = 41.7793, GNorm = 1.1249, lr_0 = 8.2416e-04
Loss = 3.4387e-03, PNorm = 41.8095, GNorm = 1.1652, lr_0 = 8.2183e-04
Loss = 4.0564e-03, PNorm = 41.8439, GNorm = 0.7215, lr_0 = 8.1950e-04
Loss = 3.1948e-03, PNorm = 41.8723, GNorm = 0.5195, lr_0 = 8.1719e-04
Loss = 2.9541e-03, PNorm = 41.9102, GNorm = 0.7328, lr_0 = 8.1488e-04
Loss = 3.5448e-03, PNorm = 41.9390, GNorm = 0.7061, lr_0 = 8.1257e-04
Loss = 2.6161e-03, PNorm = 41.9522, GNorm = 0.5832, lr_0 = 8.1028e-04
Loss = 3.1292e-03, PNorm = 41.9766, GNorm = 0.8219, lr_0 = 8.0798e-04
Loss = 3.0499e-03, PNorm = 42.0102, GNorm = 0.6990, lr_0 = 8.0570e-04
Loss = 4.6058e-03, PNorm = 42.0467, GNorm = 0.3878, lr_0 = 8.0342e-04
Loss = 3.2333e-03, PNorm = 42.0791, GNorm = 0.5395, lr_0 = 8.0115e-04
Loss = 3.0705e-03, PNorm = 42.0978, GNorm = 0.6567, lr_0 = 7.9888e-04
Loss = 2.9779e-03, PNorm = 42.1116, GNorm = 0.6686, lr_0 = 7.9663e-04
Loss = 3.5460e-03, PNorm = 42.1467, GNorm = 0.5102, lr_0 = 7.9437e-04
Loss = 2.1771e-03, PNorm = 42.1834, GNorm = 0.4400, lr_0 = 7.9213e-04
Loss = 2.8786e-03, PNorm = 42.2382, GNorm = 0.5031, lr_0 = 7.8989e-04
Loss = 3.8781e-03, PNorm = 42.2649, GNorm = 0.9755, lr_0 = 7.8765e-04
Loss = 3.3965e-03, PNorm = 42.2766, GNorm = 0.5909, lr_0 = 7.8543e-04
Validation rmse = 0.745071
Epoch 6
Loss = 2.9682e-03, PNorm = 42.2914, GNorm = 0.5133, lr_0 = 7.8321e-04
Loss = 2.4136e-03, PNorm = 42.3204, GNorm = 0.4058, lr_0 = 7.8099e-04
Loss = 2.7478e-03, PNorm = 42.3415, GNorm = 0.4982, lr_0 = 7.7878e-04
Loss = 2.5273e-03, PNorm = 42.3654, GNorm = 0.5148, lr_0 = 7.7658e-04
Loss = 2.9023e-03, PNorm = 42.3941, GNorm = 0.5793, lr_0 = 7.7439e-04
Loss = 2.6801e-03, PNorm = 42.4115, GNorm = 0.3580, lr_0 = 7.7220e-04
Loss = 3.0460e-03, PNorm = 42.4297, GNorm = 0.5760, lr_0 = 7.7001e-04
Loss = 3.1116e-03, PNorm = 42.4567, GNorm = 0.6717, lr_0 = 7.6784e-04
Loss = 3.6609e-03, PNorm = 42.4985, GNorm = 0.7511, lr_0 = 7.6566e-04
Loss = 3.0628e-03, PNorm = 42.5336, GNorm = 0.5040, lr_0 = 7.6350e-04
Loss = 4.4692e-03, PNorm = 42.5503, GNorm = 0.5487, lr_0 = 7.6134e-04
Loss = 3.0207e-03, PNorm = 42.5814, GNorm = 0.6271, lr_0 = 7.5919e-04
Loss = 3.9124e-03, PNorm = 42.6138, GNorm = 0.4195, lr_0 = 7.5704e-04
Loss = 2.8863e-03, PNorm = 42.6330, GNorm = 0.8493, lr_0 = 7.5490e-04
Loss = 3.1730e-03, PNorm = 42.6461, GNorm = 0.4282, lr_0 = 7.5277e-04
Loss = 3.0957e-03, PNorm = 42.6760, GNorm = 0.2554, lr_0 = 7.5064e-04
Loss = 3.0023e-03, PNorm = 42.6958, GNorm = 0.6179, lr_0 = 7.4852e-04
Loss = 3.5786e-03, PNorm = 42.7124, GNorm = 0.8495, lr_0 = 7.4640e-04
Loss = 3.7876e-03, PNorm = 42.7398, GNorm = 0.6077, lr_0 = 7.4429e-04
Loss = 3.1742e-03, PNorm = 42.7674, GNorm = 0.3403, lr_0 = 7.4218e-04
Loss = 3.1399e-03, PNorm = 42.8072, GNorm = 0.7046, lr_0 = 7.4009e-04
Validation rmse = 0.740545
Epoch 7
Loss = 2.2452e-03, PNorm = 42.8322, GNorm = 0.4338, lr_0 = 7.3799e-04
Loss = 2.4799e-03, PNorm = 42.8619, GNorm = 0.6070, lr_0 = 7.3591e-04
Loss = 3.2440e-03, PNorm = 42.8850, GNorm = 0.5972, lr_0 = 7.3383e-04
Loss = 3.3034e-03, PNorm = 42.8989, GNorm = 0.7324, lr_0 = 7.3175e-04
Loss = 2.6628e-03, PNorm = 42.9318, GNorm = 0.6554, lr_0 = 7.2968e-04
Loss = 2.9899e-03, PNorm = 42.9609, GNorm = 0.3501, lr_0 = 7.2762e-04
Loss = 3.1848e-03, PNorm = 42.9898, GNorm = 0.4037, lr_0 = 7.2556e-04
Loss = 2.9205e-03, PNorm = 43.0127, GNorm = 0.6067, lr_0 = 7.2351e-04
Loss = 2.5216e-03, PNorm = 43.0392, GNorm = 0.5021, lr_0 = 7.2146e-04
Loss = 3.2355e-03, PNorm = 43.0563, GNorm = 0.3852, lr_0 = 7.1942e-04
Loss = 2.8434e-03, PNorm = 43.0819, GNorm = 0.8739, lr_0 = 7.1739e-04
Loss = 4.1946e-03, PNorm = 43.1150, GNorm = 0.9878, lr_0 = 7.1536e-04
Loss = 2.9037e-03, PNorm = 43.1647, GNorm = 0.7142, lr_0 = 7.1334e-04
Loss = 3.6035e-03, PNorm = 43.1908, GNorm = 0.5783, lr_0 = 7.1132e-04
Loss = 3.1568e-03, PNorm = 43.2247, GNorm = 0.9397, lr_0 = 7.0931e-04
Loss = 3.7330e-03, PNorm = 43.2567, GNorm = 0.5109, lr_0 = 7.0730e-04
Loss = 2.4756e-03, PNorm = 43.2893, GNorm = 0.9786, lr_0 = 7.0530e-04
Loss = 2.8887e-03, PNorm = 43.3243, GNorm = 0.5993, lr_0 = 7.0331e-04
Loss = 2.9893e-03, PNorm = 43.3563, GNorm = 0.4085, lr_0 = 7.0132e-04
Loss = 2.8231e-03, PNorm = 43.3691, GNorm = 0.5559, lr_0 = 6.9934e-04
Loss = 3.8415e-03, PNorm = 43.3959, GNorm = 0.4183, lr_0 = 6.9736e-04
Loss = 3.1555e-03, PNorm = 43.4383, GNorm = 0.4048, lr_0 = 6.9539e-04
Validation rmse = 0.771332
Epoch 8
Loss = 2.3903e-03, PNorm = 43.4659, GNorm = 0.4710, lr_0 = 6.9342e-04
Loss = 2.8487e-03, PNorm = 43.4779, GNorm = 0.4997, lr_0 = 6.9146e-04
Loss = 3.3711e-03, PNorm = 43.5033, GNorm = 0.5977, lr_0 = 6.8951e-04
Loss = 2.3287e-03, PNorm = 43.5238, GNorm = 0.4652, lr_0 = 6.8756e-04
Loss = 2.6983e-03, PNorm = 43.5409, GNorm = 0.9578, lr_0 = 6.8561e-04
Loss = 2.4792e-03, PNorm = 43.5611, GNorm = 0.3727, lr_0 = 6.8368e-04
Loss = 3.6714e-03, PNorm = 43.5869, GNorm = 0.7556, lr_0 = 6.8174e-04
Loss = 3.5209e-03, PNorm = 43.6209, GNorm = 0.5683, lr_0 = 6.7981e-04
Loss = 2.4769e-03, PNorm = 43.6518, GNorm = 0.5716, lr_0 = 6.7789e-04
Loss = 2.2075e-03, PNorm = 43.6825, GNorm = 0.5348, lr_0 = 6.7598e-04
Loss = 2.9834e-03, PNorm = 43.6953, GNorm = 0.5534, lr_0 = 6.7406e-04
Loss = 4.0430e-03, PNorm = 43.7099, GNorm = 0.4686, lr_0 = 6.7216e-04
Loss = 3.2147e-03, PNorm = 43.7340, GNorm = 0.5427, lr_0 = 6.7026e-04
Loss = 2.6005e-03, PNorm = 43.7563, GNorm = 0.6000, lr_0 = 6.6836e-04
Loss = 2.8680e-03, PNorm = 43.7837, GNorm = 0.3940, lr_0 = 6.6647e-04
Loss = 2.7371e-03, PNorm = 43.8097, GNorm = 0.4076, lr_0 = 6.6459e-04
Loss = 3.3448e-03, PNorm = 43.8363, GNorm = 0.4837, lr_0 = 6.6271e-04
Loss = 2.5671e-03, PNorm = 43.8581, GNorm = 0.6710, lr_0 = 6.6084e-04
Loss = 3.7718e-03, PNorm = 43.8821, GNorm = 0.5735, lr_0 = 6.5897e-04
Loss = 3.4269e-03, PNorm = 43.9103, GNorm = 0.6362, lr_0 = 6.5710e-04
Loss = 2.7303e-03, PNorm = 43.9351, GNorm = 0.9933, lr_0 = 6.5525e-04
Validation rmse = 0.735586
Epoch 9
Loss = 2.6098e-03, PNorm = 43.9619, GNorm = 0.6135, lr_0 = 6.5339e-04
Loss = 2.0129e-03, PNorm = 43.9906, GNorm = 0.3498, lr_0 = 6.5155e-04
Loss = 3.3399e-03, PNorm = 44.0138, GNorm = 0.4329, lr_0 = 6.4970e-04
Loss = 2.3639e-03, PNorm = 44.0464, GNorm = 0.4522, lr_0 = 6.4787e-04
Loss = 3.1803e-03, PNorm = 44.0827, GNorm = 0.6580, lr_0 = 6.4603e-04
Loss = 2.5127e-03, PNorm = 44.1201, GNorm = 0.3504, lr_0 = 6.4421e-04
Loss = 2.5548e-03, PNorm = 44.1413, GNorm = 0.3906, lr_0 = 6.4239e-04
Loss = 2.7462e-03, PNorm = 44.1644, GNorm = 0.3450, lr_0 = 6.4057e-04
Loss = 2.7737e-03, PNorm = 44.1790, GNorm = 0.6000, lr_0 = 6.3876e-04
Loss = 3.8248e-03, PNorm = 44.1959, GNorm = 0.4896, lr_0 = 6.3695e-04
Loss = 2.7631e-03, PNorm = 44.2212, GNorm = 0.7109, lr_0 = 6.3515e-04
Loss = 3.4725e-03, PNorm = 44.2520, GNorm = 0.4365, lr_0 = 6.3336e-04
Loss = 2.5106e-03, PNorm = 44.2802, GNorm = 0.5995, lr_0 = 6.3157e-04
Loss = 3.5676e-03, PNorm = 44.2992, GNorm = 0.2894, lr_0 = 6.2978e-04
Loss = 2.5750e-03, PNorm = 44.3165, GNorm = 0.6895, lr_0 = 6.2800e-04
Loss = 2.1899e-03, PNorm = 44.3514, GNorm = 0.9807, lr_0 = 6.2622e-04
Loss = 2.7697e-03, PNorm = 44.3841, GNorm = 0.6365, lr_0 = 6.2445e-04
Loss = 3.4805e-03, PNorm = 44.3994, GNorm = 0.6173, lr_0 = 6.2269e-04
Loss = 3.0329e-03, PNorm = 44.4331, GNorm = 0.4442, lr_0 = 6.2093e-04
Loss = 2.4241e-03, PNorm = 44.4658, GNorm = 0.3278, lr_0 = 6.1917e-04
Loss = 3.4180e-03, PNorm = 44.4846, GNorm = 0.5738, lr_0 = 6.1742e-04
Loss = 2.6724e-03, PNorm = 44.5054, GNorm = 0.5398, lr_0 = 6.1567e-04
Validation rmse = 0.724430
Epoch 10
Loss = 2.3941e-03, PNorm = 44.5278, GNorm = 0.5113, lr_0 = 6.1393e-04
Loss = 2.4676e-03, PNorm = 44.5457, GNorm = 0.5139, lr_0 = 6.1220e-04
Loss = 2.4833e-03, PNorm = 44.5680, GNorm = 0.5069, lr_0 = 6.1047e-04
Loss = 1.9556e-03, PNorm = 44.5839, GNorm = 0.4983, lr_0 = 6.0874e-04
Loss = 2.0522e-03, PNorm = 44.6035, GNorm = 0.4107, lr_0 = 6.0702e-04
Loss = 3.0485e-03, PNorm = 44.6266, GNorm = 0.6116, lr_0 = 6.0530e-04
Loss = 2.2182e-03, PNorm = 44.6504, GNorm = 0.5458, lr_0 = 6.0359e-04
Loss = 3.0420e-03, PNorm = 44.6839, GNorm = 0.5333, lr_0 = 6.0188e-04
Loss = 2.4364e-03, PNorm = 44.7212, GNorm = 0.3580, lr_0 = 6.0018e-04
Loss = 2.6965e-03, PNorm = 44.7407, GNorm = 0.3903, lr_0 = 5.9849e-04
Loss = 3.2075e-03, PNorm = 44.7644, GNorm = 0.8600, lr_0 = 5.9679e-04
Loss = 4.0302e-03, PNorm = 44.7826, GNorm = 0.4450, lr_0 = 5.9511e-04
Loss = 2.6969e-03, PNorm = 44.8036, GNorm = 0.6852, lr_0 = 5.9342e-04
Loss = 2.7035e-03, PNorm = 44.8327, GNorm = 0.5486, lr_0 = 5.9175e-04
Loss = 2.4180e-03, PNorm = 44.8575, GNorm = 0.3534, lr_0 = 5.9007e-04
Loss = 2.9698e-03, PNorm = 44.8791, GNorm = 0.3907, lr_0 = 5.8840e-04
Loss = 3.3413e-03, PNorm = 44.9073, GNorm = 0.6518, lr_0 = 5.8674e-04
Loss = 2.5300e-03, PNorm = 44.9426, GNorm = 0.5670, lr_0 = 5.8508e-04
Loss = 2.8757e-03, PNorm = 44.9755, GNorm = 1.0042, lr_0 = 5.8343e-04
Loss = 2.4549e-03, PNorm = 45.0001, GNorm = 0.3704, lr_0 = 5.8178e-04
Loss = 2.3067e-03, PNorm = 45.0171, GNorm = 0.3185, lr_0 = 5.8013e-04
Validation rmse = 0.718348
Epoch 11
Loss = 3.2646e-03, PNorm = 45.0268, GNorm = 0.6032, lr_0 = 5.7849e-04
Loss = 2.0312e-03, PNorm = 45.0460, GNorm = 0.6400, lr_0 = 5.7686e-04
Loss = 2.3556e-03, PNorm = 45.0750, GNorm = 0.4994, lr_0 = 5.7522e-04
Loss = 2.2504e-03, PNorm = 45.0921, GNorm = 0.8479, lr_0 = 5.7360e-04
Loss = 2.4154e-03, PNorm = 45.1136, GNorm = 1.3216, lr_0 = 5.7198e-04
Loss = 3.3550e-03, PNorm = 45.1269, GNorm = 0.4645, lr_0 = 5.7036e-04
Loss = 3.6827e-03, PNorm = 45.1464, GNorm = 0.4965, lr_0 = 5.6875e-04
Loss = 2.8479e-03, PNorm = 45.1689, GNorm = 0.6499, lr_0 = 5.6714e-04
Loss = 2.6255e-03, PNorm = 45.1991, GNorm = 0.6517, lr_0 = 5.6553e-04
Loss = 2.5458e-03, PNorm = 45.2236, GNorm = 0.9011, lr_0 = 5.6394e-04
Loss = 2.5119e-03, PNorm = 45.2416, GNorm = 0.4483, lr_0 = 5.6234e-04
Loss = 2.8821e-03, PNorm = 45.2754, GNorm = 0.4955, lr_0 = 5.6075e-04
Loss = 2.7733e-03, PNorm = 45.3090, GNorm = 0.4301, lr_0 = 5.5917e-04
Loss = 3.2537e-03, PNorm = 45.3269, GNorm = 0.7348, lr_0 = 5.5758e-04
Loss = 2.4855e-03, PNorm = 45.3473, GNorm = 0.4575, lr_0 = 5.5601e-04
Loss = 2.6981e-03, PNorm = 45.3746, GNorm = 0.4246, lr_0 = 5.5444e-04
Loss = 2.1608e-03, PNorm = 45.3978, GNorm = 0.4674, lr_0 = 5.5287e-04
Loss = 2.1360e-03, PNorm = 45.4170, GNorm = 0.7421, lr_0 = 5.5131e-04
Loss = 2.2735e-03, PNorm = 45.4341, GNorm = 0.5951, lr_0 = 5.4975e-04
Loss = 3.1856e-03, PNorm = 45.4557, GNorm = 0.5470, lr_0 = 5.4819e-04
Loss = 2.5029e-03, PNorm = 45.4779, GNorm = 0.5589, lr_0 = 5.4664e-04
Validation rmse = 0.716569
Epoch 12
Loss = 2.5656e-03, PNorm = 45.4912, GNorm = 0.5897, lr_0 = 5.4510e-04
Loss = 2.1987e-03, PNorm = 45.5179, GNorm = 0.4072, lr_0 = 5.4355e-04
Loss = 2.7669e-03, PNorm = 45.5408, GNorm = 0.4584, lr_0 = 5.4202e-04
Loss = 2.3941e-03, PNorm = 45.5721, GNorm = 0.3605, lr_0 = 5.4049e-04
Loss = 2.7876e-03, PNorm = 45.5886, GNorm = 0.3007, lr_0 = 5.3896e-04
Loss = 3.9387e-03, PNorm = 45.6034, GNorm = 0.4984, lr_0 = 5.3743e-04
Loss = 2.3840e-03, PNorm = 45.6248, GNorm = 0.5447, lr_0 = 5.3591e-04
Loss = 2.5901e-03, PNorm = 45.6609, GNorm = 0.7052, lr_0 = 5.3440e-04
Loss = 2.3419e-03, PNorm = 45.6815, GNorm = 0.4553, lr_0 = 5.3289e-04
Loss = 2.2729e-03, PNorm = 45.7001, GNorm = 0.6463, lr_0 = 5.3138e-04
Loss = 2.2366e-03, PNorm = 45.7177, GNorm = 0.5737, lr_0 = 5.2988e-04
Loss = 2.7013e-03, PNorm = 45.7264, GNorm = 0.9532, lr_0 = 5.2838e-04
Loss = 3.0024e-03, PNorm = 45.7497, GNorm = 0.6900, lr_0 = 5.2689e-04
Loss = 3.1565e-03, PNorm = 45.7616, GNorm = 0.5862, lr_0 = 5.2540e-04
Loss = 2.8600e-03, PNorm = 45.7798, GNorm = 0.5200, lr_0 = 5.2391e-04
Loss = 2.4799e-03, PNorm = 45.8021, GNorm = 0.5109, lr_0 = 5.2243e-04
Loss = 2.3361e-03, PNorm = 45.8186, GNorm = 0.8635, lr_0 = 5.2095e-04
Loss = 3.1570e-03, PNorm = 45.8406, GNorm = 1.5912, lr_0 = 5.1948e-04
Loss = 2.2019e-03, PNorm = 45.8644, GNorm = 0.4159, lr_0 = 5.1801e-04
Loss = 1.9317e-03, PNorm = 45.8870, GNorm = 0.6131, lr_0 = 5.1655e-04
Loss = 2.3082e-03, PNorm = 45.9117, GNorm = 0.4892, lr_0 = 5.1509e-04
Loss = 2.2704e-03, PNorm = 45.9329, GNorm = 0.7089, lr_0 = 5.1363e-04
Validation rmse = 0.717502
Epoch 13
Loss = 1.7341e-03, PNorm = 45.9528, GNorm = 0.5774, lr_0 = 5.1218e-04
Loss = 2.6008e-03, PNorm = 45.9701, GNorm = 0.3916, lr_0 = 5.1073e-04
Loss = 2.4398e-03, PNorm = 45.9887, GNorm = 0.9560, lr_0 = 5.0928e-04
Loss = 2.5166e-03, PNorm = 46.0137, GNorm = 0.5510, lr_0 = 5.0784e-04
Loss = 2.9129e-03, PNorm = 46.0330, GNorm = 0.6810, lr_0 = 5.0641e-04
Loss = 2.6428e-03, PNorm = 46.0577, GNorm = 0.5393, lr_0 = 5.0498e-04
Loss = 2.2719e-03, PNorm = 46.0704, GNorm = 0.4645, lr_0 = 5.0355e-04
Loss = 1.9229e-03, PNorm = 46.0888, GNorm = 0.6155, lr_0 = 5.0212e-04
Loss = 3.0950e-03, PNorm = 46.1110, GNorm = 0.6654, lr_0 = 5.0070e-04
Loss = 3.2037e-03, PNorm = 46.1291, GNorm = 0.5109, lr_0 = 4.9929e-04
Loss = 2.9881e-03, PNorm = 46.1489, GNorm = 0.5555, lr_0 = 4.9788e-04
Loss = 2.5590e-03, PNorm = 46.1664, GNorm = 0.5268, lr_0 = 4.9647e-04
Loss = 2.6521e-03, PNorm = 46.1909, GNorm = 0.7602, lr_0 = 4.9507e-04
Loss = 1.9926e-03, PNorm = 46.2111, GNorm = 1.0919, lr_0 = 4.9367e-04
Loss = 2.0628e-03, PNorm = 46.2220, GNorm = 0.4878, lr_0 = 4.9227e-04
Loss = 2.3340e-03, PNorm = 46.2468, GNorm = 0.9163, lr_0 = 4.9088e-04
Loss = 3.2334e-03, PNorm = 46.2639, GNorm = 0.4235, lr_0 = 4.8949e-04
Loss = 2.6570e-03, PNorm = 46.2868, GNorm = 0.8429, lr_0 = 4.8811e-04
Loss = 2.5025e-03, PNorm = 46.3145, GNorm = 0.5735, lr_0 = 4.8673e-04
Loss = 2.4653e-03, PNorm = 46.3345, GNorm = 0.6213, lr_0 = 4.8535e-04
Loss = 2.3378e-03, PNorm = 46.3493, GNorm = 0.7365, lr_0 = 4.8398e-04
Validation rmse = 0.716527
Epoch 14
Loss = 3.1098e-03, PNorm = 46.3634, GNorm = 0.6950, lr_0 = 4.8261e-04
Loss = 2.1060e-03, PNorm = 46.3746, GNorm = 0.6201, lr_0 = 4.8124e-04
Loss = 2.4886e-03, PNorm = 46.3906, GNorm = 0.5228, lr_0 = 4.7988e-04
Loss = 2.7803e-03, PNorm = 46.4031, GNorm = 0.4881, lr_0 = 4.7853e-04
Loss = 2.7932e-03, PNorm = 46.4194, GNorm = 0.4075, lr_0 = 4.7717e-04
Loss = 2.4543e-03, PNorm = 46.4429, GNorm = 0.5582, lr_0 = 4.7582e-04
Loss = 2.5978e-03, PNorm = 46.4589, GNorm = 0.5767, lr_0 = 4.7448e-04
Loss = 2.2299e-03, PNorm = 46.4679, GNorm = 0.4127, lr_0 = 4.7314e-04
Loss = 2.0294e-03, PNorm = 46.4816, GNorm = 0.7643, lr_0 = 4.7180e-04
Loss = 1.9249e-03, PNorm = 46.4942, GNorm = 0.4395, lr_0 = 4.7047e-04
Loss = 2.1196e-03, PNorm = 46.5046, GNorm = 0.3651, lr_0 = 4.6914e-04
Loss = 2.6751e-03, PNorm = 46.5258, GNorm = 0.5303, lr_0 = 4.6781e-04
Loss = 1.9992e-03, PNorm = 46.5444, GNorm = 0.6184, lr_0 = 4.6649e-04
Loss = 2.8049e-03, PNorm = 46.5531, GNorm = 0.5620, lr_0 = 4.6517e-04
Loss = 2.1725e-03, PNorm = 46.5805, GNorm = 0.3752, lr_0 = 4.6385e-04
Loss = 2.2916e-03, PNorm = 46.6018, GNorm = 0.6863, lr_0 = 4.6254e-04
Loss = 2.3175e-03, PNorm = 46.6101, GNorm = 0.5576, lr_0 = 4.6123e-04
Loss = 2.4225e-03, PNorm = 46.6215, GNorm = 0.4763, lr_0 = 4.5993e-04
Loss = 1.8894e-03, PNorm = 46.6391, GNorm = 0.4342, lr_0 = 4.5863e-04
Loss = 2.7901e-03, PNorm = 46.6602, GNorm = 1.1779, lr_0 = 4.5733e-04
Loss = 3.0013e-03, PNorm = 46.6700, GNorm = 0.5535, lr_0 = 4.5604e-04
Loss = 2.1272e-03, PNorm = 46.6855, GNorm = 0.5669, lr_0 = 4.5475e-04
Validation rmse = 0.715312
Epoch 15
Loss = 1.8098e-03, PNorm = 46.7029, GNorm = 0.4340, lr_0 = 4.5346e-04
Loss = 2.3343e-03, PNorm = 46.7173, GNorm = 0.5652, lr_0 = 4.5218e-04
Loss = 2.0515e-03, PNorm = 46.7374, GNorm = 0.3925, lr_0 = 4.5090e-04
Loss = 2.5317e-03, PNorm = 46.7582, GNorm = 0.5794, lr_0 = 4.4963e-04
Loss = 3.0435e-03, PNorm = 46.7760, GNorm = 0.6353, lr_0 = 4.4836e-04
Loss = 2.1051e-03, PNorm = 46.7944, GNorm = 1.1978, lr_0 = 4.4709e-04
Loss = 1.8082e-03, PNorm = 46.8222, GNorm = 0.5748, lr_0 = 4.4582e-04
Loss = 2.0250e-03, PNorm = 46.8379, GNorm = 0.7409, lr_0 = 4.4456e-04
Loss = 3.1642e-03, PNorm = 46.8492, GNorm = 0.5191, lr_0 = 4.4331e-04
Loss = 2.2056e-03, PNorm = 46.8556, GNorm = 0.4573, lr_0 = 4.4205e-04
Loss = 2.6543e-03, PNorm = 46.8674, GNorm = 0.4471, lr_0 = 4.4080e-04
Loss = 1.9489e-03, PNorm = 46.8881, GNorm = 0.4164, lr_0 = 4.3956e-04
Loss = 2.2689e-03, PNorm = 46.9028, GNorm = 0.9735, lr_0 = 4.3831e-04
Loss = 2.0756e-03, PNorm = 46.9178, GNorm = 0.3906, lr_0 = 4.3707e-04
Loss = 2.3205e-03, PNorm = 46.9387, GNorm = 0.5724, lr_0 = 4.3584e-04
Loss = 2.5603e-03, PNorm = 46.9569, GNorm = 1.0036, lr_0 = 4.3461e-04
Loss = 2.2561e-03, PNorm = 46.9721, GNorm = 0.4637, lr_0 = 4.3338e-04
Loss = 2.5516e-03, PNorm = 46.9783, GNorm = 0.6415, lr_0 = 4.3215e-04
Loss = 2.4530e-03, PNorm = 46.9926, GNorm = 0.7568, lr_0 = 4.3093e-04
Loss = 2.1704e-03, PNorm = 47.0087, GNorm = 0.6817, lr_0 = 4.2971e-04
Loss = 2.1274e-03, PNorm = 47.0212, GNorm = 0.7113, lr_0 = 4.2850e-04
Validation rmse = 0.704930
Epoch 16
Loss = 2.1615e-03, PNorm = 47.0403, GNorm = 0.4792, lr_0 = 4.2729e-04
Loss = 1.9874e-03, PNorm = 47.0547, GNorm = 0.6297, lr_0 = 4.2608e-04
Loss = 2.9711e-03, PNorm = 47.0688, GNorm = 0.6508, lr_0 = 4.2487e-04
Loss = 1.8753e-03, PNorm = 47.0789, GNorm = 0.6899, lr_0 = 4.2367e-04
Loss = 1.9921e-03, PNorm = 47.0920, GNorm = 0.5053, lr_0 = 4.2247e-04
Loss = 1.8622e-03, PNorm = 47.1043, GNorm = 0.6810, lr_0 = 4.2128e-04
Loss = 1.7917e-03, PNorm = 47.1144, GNorm = 0.7096, lr_0 = 4.2009e-04
Loss = 2.2991e-03, PNorm = 47.1358, GNorm = 0.4969, lr_0 = 4.1890e-04
Loss = 1.9566e-03, PNorm = 47.1547, GNorm = 0.5623, lr_0 = 4.1772e-04
Loss = 2.2367e-03, PNorm = 47.1702, GNorm = 0.8172, lr_0 = 4.1653e-04
Loss = 2.1376e-03, PNorm = 47.1851, GNorm = 0.4717, lr_0 = 4.1536e-04
Loss = 3.3574e-03, PNorm = 47.2012, GNorm = 0.6759, lr_0 = 4.1418e-04
Loss = 2.2444e-03, PNorm = 47.2140, GNorm = 0.7360, lr_0 = 4.1301e-04
Loss = 2.6378e-03, PNorm = 47.2290, GNorm = 0.5606, lr_0 = 4.1184e-04
Loss = 2.5379e-03, PNorm = 47.2364, GNorm = 0.4645, lr_0 = 4.1068e-04
Loss = 1.9881e-03, PNorm = 47.2565, GNorm = 0.6260, lr_0 = 4.0952e-04
Loss = 2.4312e-03, PNorm = 47.2700, GNorm = 0.9773, lr_0 = 4.0836e-04
Loss = 2.1508e-03, PNorm = 47.2871, GNorm = 0.7569, lr_0 = 4.0720e-04
Loss = 2.4633e-03, PNorm = 47.3028, GNorm = 0.5638, lr_0 = 4.0605e-04
Loss = 2.2848e-03, PNorm = 47.3155, GNorm = 0.5150, lr_0 = 4.0491e-04
Loss = 2.0398e-03, PNorm = 47.3297, GNorm = 0.3292, lr_0 = 4.0376e-04
Validation rmse = 0.700564
Epoch 17
Loss = 3.0580e-03, PNorm = 47.3423, GNorm = 0.8785, lr_0 = 4.0262e-04
Loss = 1.6526e-03, PNorm = 47.3538, GNorm = 0.6295, lr_0 = 4.0148e-04
Loss = 1.6166e-03, PNorm = 47.3712, GNorm = 0.3539, lr_0 = 4.0035e-04
Loss = 2.0294e-03, PNorm = 47.3852, GNorm = 0.5488, lr_0 = 3.9921e-04
Loss = 2.3831e-03, PNorm = 47.4036, GNorm = 0.7625, lr_0 = 3.9808e-04
Loss = 1.6607e-03, PNorm = 47.4193, GNorm = 0.4205, lr_0 = 3.9696e-04
Loss = 2.0440e-03, PNorm = 47.4275, GNorm = 0.6098, lr_0 = 3.9584e-04
Loss = 1.8881e-03, PNorm = 47.4384, GNorm = 0.4861, lr_0 = 3.9472e-04
Loss = 2.0836e-03, PNorm = 47.4484, GNorm = 0.5101, lr_0 = 3.9360e-04
Loss = 2.9891e-03, PNorm = 47.4597, GNorm = 2.0149, lr_0 = 3.9249e-04
Loss = 1.8494e-03, PNorm = 47.4734, GNorm = 0.4068, lr_0 = 3.9138e-04
Loss = 2.0062e-03, PNorm = 47.4936, GNorm = 0.5414, lr_0 = 3.9027e-04
Loss = 3.9043e-03, PNorm = 47.5039, GNorm = 0.3909, lr_0 = 3.8917e-04
Loss = 2.5385e-03, PNorm = 47.5143, GNorm = 0.4792, lr_0 = 3.8807e-04
Loss = 2.0928e-03, PNorm = 47.5273, GNorm = 0.5924, lr_0 = 3.8697e-04
Loss = 2.0533e-03, PNorm = 47.5402, GNorm = 0.4270, lr_0 = 3.8588e-04
Loss = 1.9815e-03, PNorm = 47.5511, GNorm = 0.4583, lr_0 = 3.8479e-04
Loss = 2.0917e-03, PNorm = 47.5618, GNorm = 0.4931, lr_0 = 3.8370e-04
Loss = 2.4294e-03, PNorm = 47.5716, GNorm = 0.5773, lr_0 = 3.8261e-04
Loss = 2.2605e-03, PNorm = 47.5861, GNorm = 0.4282, lr_0 = 3.8153e-04
Loss = 2.4365e-03, PNorm = 47.6048, GNorm = 0.6255, lr_0 = 3.8045e-04
Loss = 1.9218e-03, PNorm = 47.6152, GNorm = 0.6031, lr_0 = 3.7938e-04
Validation rmse = 0.700745
Epoch 18
Loss = 2.1286e-03, PNorm = 47.6245, GNorm = 0.6894, lr_0 = 3.7830e-04
Loss = 1.6562e-03, PNorm = 47.6411, GNorm = 0.4401, lr_0 = 3.7723e-04
Loss = 3.5979e-03, PNorm = 47.6566, GNorm = 1.0545, lr_0 = 3.7617e-04
Loss = 2.4929e-03, PNorm = 47.6790, GNorm = 0.8409, lr_0 = 3.7510e-04
Loss = 1.7717e-03, PNorm = 47.6934, GNorm = 0.8459, lr_0 = 3.7404e-04
Loss = 2.2725e-03, PNorm = 47.7049, GNorm = 0.8037, lr_0 = 3.7299e-04
Loss = 1.8156e-03, PNorm = 47.7177, GNorm = 0.8661, lr_0 = 3.7193e-04
Loss = 2.0523e-03, PNorm = 47.7298, GNorm = 0.5693, lr_0 = 3.7088e-04
Loss = 2.0609e-03, PNorm = 47.7404, GNorm = 0.5474, lr_0 = 3.6983e-04
Loss = 1.9884e-03, PNorm = 47.7538, GNorm = 1.5126, lr_0 = 3.6878e-04
Loss = 1.8394e-03, PNorm = 47.7679, GNorm = 0.3772, lr_0 = 3.6774e-04
Loss = 1.8681e-03, PNorm = 47.7794, GNorm = 0.4712, lr_0 = 3.6670e-04
Loss = 1.6960e-03, PNorm = 47.7880, GNorm = 0.6001, lr_0 = 3.6567e-04
Loss = 2.2083e-03, PNorm = 47.7951, GNorm = 0.4877, lr_0 = 3.6463e-04
Loss = 1.8284e-03, PNorm = 47.8032, GNorm = 0.5487, lr_0 = 3.6360e-04
Loss = 1.8648e-03, PNorm = 47.8126, GNorm = 0.5867, lr_0 = 3.6257e-04
Loss = 1.8422e-03, PNorm = 47.8201, GNorm = 0.8620, lr_0 = 3.6155e-04
Loss = 2.3911e-03, PNorm = 47.8315, GNorm = 0.5416, lr_0 = 3.6053e-04
Loss = 1.8305e-03, PNorm = 47.8380, GNorm = 0.5156, lr_0 = 3.5951e-04
Loss = 3.2007e-03, PNorm = 47.8540, GNorm = 1.6483, lr_0 = 3.5849e-04
Loss = 2.2624e-03, PNorm = 47.8670, GNorm = 0.6799, lr_0 = 3.5748e-04
Validation rmse = 0.698901
Epoch 19
Loss = 1.7035e-03, PNorm = 47.8800, GNorm = 0.4129, lr_0 = 3.5646e-04
Loss = 3.5058e-03, PNorm = 47.8876, GNorm = 0.9546, lr_0 = 3.5546e-04
Loss = 2.6011e-03, PNorm = 47.8976, GNorm = 0.7317, lr_0 = 3.5445e-04
Loss = 1.8922e-03, PNorm = 47.9087, GNorm = 0.2763, lr_0 = 3.5345e-04
Loss = 2.0436e-03, PNorm = 47.9221, GNorm = 0.4072, lr_0 = 3.5245e-04
Loss = 1.9766e-03, PNorm = 47.9367, GNorm = 0.5734, lr_0 = 3.5145e-04
Loss = 1.8525e-03, PNorm = 47.9537, GNorm = 0.3896, lr_0 = 3.5046e-04
Loss = 1.7365e-03, PNorm = 47.9659, GNorm = 0.5576, lr_0 = 3.4947e-04
Loss = 1.7293e-03, PNorm = 47.9810, GNorm = 0.5803, lr_0 = 3.4848e-04
Loss = 1.8652e-03, PNorm = 47.9902, GNorm = 0.5076, lr_0 = 3.4750e-04
Loss = 1.6008e-03, PNorm = 47.9977, GNorm = 0.5639, lr_0 = 3.4651e-04
Loss = 1.9214e-03, PNorm = 48.0081, GNorm = 0.4578, lr_0 = 3.4553e-04
Loss = 2.4749e-03, PNorm = 48.0158, GNorm = 0.3765, lr_0 = 3.4456e-04
Loss = 1.7825e-03, PNorm = 48.0256, GNorm = 0.7452, lr_0 = 3.4358e-04
Loss = 1.9564e-03, PNorm = 48.0356, GNorm = 0.6404, lr_0 = 3.4261e-04
Loss = 2.6416e-03, PNorm = 48.0452, GNorm = 0.8089, lr_0 = 3.4164e-04
Loss = 1.6581e-03, PNorm = 48.0569, GNorm = 0.5585, lr_0 = 3.4068e-04
Loss = 2.1315e-03, PNorm = 48.0668, GNorm = 0.4235, lr_0 = 3.3971e-04
Loss = 2.5497e-03, PNorm = 48.0773, GNorm = 0.4456, lr_0 = 3.3875e-04
Loss = 1.9730e-03, PNorm = 48.0908, GNorm = 0.7077, lr_0 = 3.3779e-04
Loss = 2.4075e-03, PNorm = 48.0973, GNorm = 0.4827, lr_0 = 3.3684e-04
Loss = 1.5258e-03, PNorm = 48.1051, GNorm = 0.8650, lr_0 = 3.3589e-04
Validation rmse = 0.716237
Epoch 20
Loss = 2.6325e-03, PNorm = 48.1146, GNorm = 0.6940, lr_0 = 3.3494e-04
Loss = 1.4744e-03, PNorm = 48.1278, GNorm = 0.6772, lr_0 = 3.3399e-04
Loss = 3.0096e-03, PNorm = 48.1401, GNorm = 0.8100, lr_0 = 3.3305e-04
Loss = 1.7335e-03, PNorm = 48.1515, GNorm = 0.7714, lr_0 = 3.3210e-04
Loss = 1.9463e-03, PNorm = 48.1685, GNorm = 0.5205, lr_0 = 3.3116e-04
Loss = 2.1046e-03, PNorm = 48.1782, GNorm = 0.5000, lr_0 = 3.3023e-04
Loss = 3.1642e-03, PNorm = 48.1877, GNorm = 0.5283, lr_0 = 3.2929e-04
Loss = 2.1412e-03, PNorm = 48.2015, GNorm = 0.7666, lr_0 = 3.2836e-04
Loss = 1.6003e-03, PNorm = 48.2153, GNorm = 0.9412, lr_0 = 3.2744e-04
Loss = 2.3869e-03, PNorm = 48.2250, GNorm = 0.4702, lr_0 = 3.2651e-04
Loss = 2.1277e-03, PNorm = 48.2395, GNorm = 1.1541, lr_0 = 3.2559e-04
Loss = 1.9120e-03, PNorm = 48.2486, GNorm = 0.5542, lr_0 = 3.2467e-04
Loss = 1.7830e-03, PNorm = 48.2628, GNorm = 0.5454, lr_0 = 3.2375e-04
Loss = 2.1736e-03, PNorm = 48.2743, GNorm = 0.4734, lr_0 = 3.2283e-04
Loss = 1.8483e-03, PNorm = 48.2792, GNorm = 0.4198, lr_0 = 3.2192e-04
Loss = 2.1244e-03, PNorm = 48.2907, GNorm = 0.5513, lr_0 = 3.2101e-04
Loss = 1.7126e-03, PNorm = 48.2949, GNorm = 0.3474, lr_0 = 3.2010e-04
Loss = 1.8170e-03, PNorm = 48.3001, GNorm = 0.5073, lr_0 = 3.1920e-04
Loss = 2.0151e-03, PNorm = 48.3081, GNorm = 0.6108, lr_0 = 3.1829e-04
Loss = 1.4347e-03, PNorm = 48.3181, GNorm = 0.4658, lr_0 = 3.1739e-04
Loss = 1.6366e-03, PNorm = 48.3276, GNorm = 0.5041, lr_0 = 3.1650e-04
Validation rmse = 0.711847
Epoch 21
Loss = 2.0192e-03, PNorm = 48.3349, GNorm = 0.4288, lr_0 = 3.1560e-04
Loss = 1.5697e-03, PNorm = 48.3469, GNorm = 0.4718, lr_0 = 3.1471e-04
Loss = 2.0527e-03, PNorm = 48.3523, GNorm = 0.5307, lr_0 = 3.1382e-04
Loss = 1.9895e-03, PNorm = 48.3602, GNorm = 0.5523, lr_0 = 3.1293e-04
Loss = 1.6877e-03, PNorm = 48.3685, GNorm = 0.6792, lr_0 = 3.1205e-04
Loss = 1.6643e-03, PNorm = 48.3771, GNorm = 0.4892, lr_0 = 3.1116e-04
Loss = 2.3239e-03, PNorm = 48.3824, GNorm = 0.5055, lr_0 = 3.1029e-04
Loss = 1.9230e-03, PNorm = 48.3890, GNorm = 0.6131, lr_0 = 3.0941e-04
Loss = 1.9344e-03, PNorm = 48.4014, GNorm = 0.6169, lr_0 = 3.0853e-04
Loss = 2.2902e-03, PNorm = 48.4136, GNorm = 0.9406, lr_0 = 3.0766e-04
Loss = 1.8619e-03, PNorm = 48.4264, GNorm = 0.7866, lr_0 = 3.0679e-04
Loss = 1.5899e-03, PNorm = 48.4325, GNorm = 0.3429, lr_0 = 3.0592e-04
Loss = 2.3176e-03, PNorm = 48.4374, GNorm = 1.0776, lr_0 = 3.0506e-04
Loss = 1.6373e-03, PNorm = 48.4426, GNorm = 0.4233, lr_0 = 3.0420e-04
Loss = 2.1416e-03, PNorm = 48.4499, GNorm = 0.3515, lr_0 = 3.0334e-04
Loss = 1.7108e-03, PNorm = 48.4592, GNorm = 0.4754, lr_0 = 3.0248e-04
Loss = 1.5793e-03, PNorm = 48.4658, GNorm = 0.5348, lr_0 = 3.0162e-04
Loss = 1.6805e-03, PNorm = 48.4773, GNorm = 0.8802, lr_0 = 3.0077e-04
Loss = 3.0761e-03, PNorm = 48.4883, GNorm = 0.3925, lr_0 = 2.9992e-04
Loss = 1.9142e-03, PNorm = 48.4976, GNorm = 0.6395, lr_0 = 2.9907e-04
Loss = 2.4252e-03, PNorm = 48.5076, GNorm = 0.8737, lr_0 = 2.9823e-04
Validation rmse = 0.704281
Epoch 22
Loss = 2.0204e-03, PNorm = 48.5189, GNorm = 0.8343, lr_0 = 2.9738e-04
Loss = 1.4189e-03, PNorm = 48.5292, GNorm = 0.4845, lr_0 = 2.9654e-04
Loss = 2.7613e-03, PNorm = 48.5356, GNorm = 0.6656, lr_0 = 2.9570e-04
Loss = 1.6875e-03, PNorm = 48.5431, GNorm = 0.5071, lr_0 = 2.9487e-04
Loss = 1.7167e-03, PNorm = 48.5544, GNorm = 0.4271, lr_0 = 2.9403e-04
Loss = 1.6246e-03, PNorm = 48.5651, GNorm = 0.4380, lr_0 = 2.9320e-04
Loss = 1.5550e-03, PNorm = 48.5735, GNorm = 0.4975, lr_0 = 2.9237e-04
Loss = 2.6718e-03, PNorm = 48.5802, GNorm = 2.5971, lr_0 = 2.9155e-04
Loss = 1.8855e-03, PNorm = 48.5902, GNorm = 0.4853, lr_0 = 2.9072e-04
Loss = 1.8672e-03, PNorm = 48.6005, GNorm = 0.7398, lr_0 = 2.8990e-04
Loss = 1.4331e-03, PNorm = 48.6071, GNorm = 0.4048, lr_0 = 2.8908e-04
Loss = 1.9490e-03, PNorm = 48.6134, GNorm = 0.6029, lr_0 = 2.8826e-04
Loss = 1.8340e-03, PNorm = 48.6240, GNorm = 0.5289, lr_0 = 2.8745e-04
Loss = 1.6517e-03, PNorm = 48.6381, GNorm = 0.4362, lr_0 = 2.8663e-04
Loss = 1.9039e-03, PNorm = 48.6466, GNorm = 0.8292, lr_0 = 2.8582e-04
Loss = 2.1254e-03, PNorm = 48.6514, GNorm = 0.9970, lr_0 = 2.8502e-04
Loss = 2.2350e-03, PNorm = 48.6556, GNorm = 0.6082, lr_0 = 2.8421e-04
Loss = 1.7311e-03, PNorm = 48.6638, GNorm = 0.4004, lr_0 = 2.8341e-04
Loss = 1.7061e-03, PNorm = 48.6740, GNorm = 0.4902, lr_0 = 2.8261e-04
Loss = 1.8148e-03, PNorm = 48.6820, GNorm = 0.4762, lr_0 = 2.8181e-04
Loss = 1.9381e-03, PNorm = 48.6900, GNorm = 1.5863, lr_0 = 2.8101e-04
Loss = 2.4434e-03, PNorm = 48.6951, GNorm = 0.4976, lr_0 = 2.8022e-04
Validation rmse = 0.701444
Epoch 23
Loss = 1.9566e-03, PNorm = 48.7046, GNorm = 0.7224, lr_0 = 2.7942e-04
Loss = 1.2745e-03, PNorm = 48.7152, GNorm = 0.7734, lr_0 = 2.7863e-04
Loss = 2.4321e-03, PNorm = 48.7204, GNorm = 0.4173, lr_0 = 2.7784e-04
Loss = 1.5547e-03, PNorm = 48.7288, GNorm = 0.3750, lr_0 = 2.7706e-04
Loss = 1.6312e-03, PNorm = 48.7385, GNorm = 0.3312, lr_0 = 2.7628e-04
Loss = 2.0262e-03, PNorm = 48.7433, GNorm = 0.7235, lr_0 = 2.7549e-04
Loss = 1.6656e-03, PNorm = 48.7540, GNorm = 0.7894, lr_0 = 2.7472e-04
Loss = 3.1362e-03, PNorm = 48.7613, GNorm = 1.4661, lr_0 = 2.7394e-04
Loss = 1.8396e-03, PNorm = 48.7760, GNorm = 0.5142, lr_0 = 2.7316e-04
Loss = 2.2139e-03, PNorm = 48.7892, GNorm = 0.3778, lr_0 = 2.7239e-04
Loss = 2.0082e-03, PNorm = 48.7948, GNorm = 0.4777, lr_0 = 2.7162e-04
Loss = 1.9850e-03, PNorm = 48.8015, GNorm = 0.4327, lr_0 = 2.7085e-04
Loss = 1.4127e-03, PNorm = 48.8095, GNorm = 0.2609, lr_0 = 2.7009e-04
Loss = 1.5199e-03, PNorm = 48.8173, GNorm = 0.8046, lr_0 = 2.6932e-04
Loss = 2.0655e-03, PNorm = 48.8258, GNorm = 0.5895, lr_0 = 2.6856e-04
Loss = 1.7908e-03, PNorm = 48.8325, GNorm = 0.7721, lr_0 = 2.6780e-04
Loss = 1.5169e-03, PNorm = 48.8395, GNorm = 0.2733, lr_0 = 2.6705e-04
Loss = 2.2378e-03, PNorm = 48.8446, GNorm = 0.8570, lr_0 = 2.6629e-04
Loss = 1.3428e-03, PNorm = 48.8487, GNorm = 0.5568, lr_0 = 2.6554e-04
Loss = 2.1462e-03, PNorm = 48.8544, GNorm = 0.9193, lr_0 = 2.6479e-04
Loss = 1.5323e-03, PNorm = 48.8612, GNorm = 0.8389, lr_0 = 2.6404e-04
Validation rmse = 0.690646
Epoch 24
Loss = 2.3955e-03, PNorm = 48.8711, GNorm = 0.4843, lr_0 = 2.6329e-04
Loss = 1.4176e-03, PNorm = 48.8803, GNorm = 0.7117, lr_0 = 2.6255e-04
Loss = 1.9944e-03, PNorm = 48.8887, GNorm = 0.4735, lr_0 = 2.6181e-04
Loss = 1.5878e-03, PNorm = 48.8993, GNorm = 0.6260, lr_0 = 2.6106e-04
Loss = 2.0057e-03, PNorm = 48.9072, GNorm = 0.5206, lr_0 = 2.6033e-04
Loss = 1.4288e-03, PNorm = 48.9151, GNorm = 0.5091, lr_0 = 2.5959e-04
Loss = 1.7422e-03, PNorm = 48.9239, GNorm = 0.7322, lr_0 = 2.5886e-04
Loss = 1.9927e-03, PNorm = 48.9294, GNorm = 0.5228, lr_0 = 2.5812e-04
Loss = 1.8701e-03, PNorm = 48.9406, GNorm = 0.6485, lr_0 = 2.5739e-04
Loss = 1.9441e-03, PNorm = 48.9514, GNorm = 0.7128, lr_0 = 2.5667e-04
Loss = 1.6781e-03, PNorm = 48.9606, GNorm = 0.5436, lr_0 = 2.5594e-04
Loss = 1.5597e-03, PNorm = 48.9675, GNorm = 0.5329, lr_0 = 2.5522e-04
Loss = 2.4335e-03, PNorm = 48.9725, GNorm = 0.6534, lr_0 = 2.5450e-04
Loss = 2.0123e-03, PNorm = 48.9805, GNorm = 0.5160, lr_0 = 2.5378e-04
Loss = 1.7410e-03, PNorm = 48.9913, GNorm = 0.6863, lr_0 = 2.5306e-04
Loss = 1.5558e-03, PNorm = 49.0015, GNorm = 0.6481, lr_0 = 2.5234e-04
Loss = 1.8897e-03, PNorm = 49.0048, GNorm = 1.5139, lr_0 = 2.5163e-04
Loss = 1.5372e-03, PNorm = 49.0095, GNorm = 0.3581, lr_0 = 2.5092e-04
Loss = 2.0902e-03, PNorm = 49.0172, GNorm = 0.3745, lr_0 = 2.5021e-04
Loss = 1.6908e-03, PNorm = 49.0264, GNorm = 0.5619, lr_0 = 2.4950e-04
Loss = 1.5000e-03, PNorm = 49.0328, GNorm = 0.9038, lr_0 = 2.4880e-04
Loss = 2.2140e-03, PNorm = 49.0374, GNorm = 0.7789, lr_0 = 2.4809e-04
Validation rmse = 0.691654
Epoch 25
Loss = 1.7593e-03, PNorm = 49.0452, GNorm = 0.6361, lr_0 = 2.4739e-04
Loss = 2.0331e-03, PNorm = 49.0515, GNorm = 0.6851, lr_0 = 2.4669e-04
Loss = 1.7949e-03, PNorm = 49.0590, GNorm = 0.4730, lr_0 = 2.4599e-04
Loss = 1.4474e-03, PNorm = 49.0669, GNorm = 0.6998, lr_0 = 2.4530e-04
Loss = 1.7299e-03, PNorm = 49.0785, GNorm = 0.9246, lr_0 = 2.4460e-04
Loss = 1.7549e-03, PNorm = 49.0872, GNorm = 0.5472, lr_0 = 2.4391e-04
Loss = 3.0174e-03, PNorm = 49.0946, GNorm = 1.0805, lr_0 = 2.4322e-04
Loss = 1.3226e-03, PNorm = 49.0998, GNorm = 0.4394, lr_0 = 2.4254e-04
Loss = 2.2241e-03, PNorm = 49.1049, GNorm = 0.5934, lr_0 = 2.4185e-04
Loss = 1.9763e-03, PNorm = 49.1147, GNorm = 0.6875, lr_0 = 2.4117e-04
Loss = 2.0293e-03, PNorm = 49.1239, GNorm = 0.4711, lr_0 = 2.4048e-04
Loss = 2.1415e-03, PNorm = 49.1334, GNorm = 0.3944, lr_0 = 2.3980e-04
Loss = 1.4151e-03, PNorm = 49.1420, GNorm = 0.5180, lr_0 = 2.3913e-04
Loss = 1.5659e-03, PNorm = 49.1473, GNorm = 0.3900, lr_0 = 2.3845e-04
Loss = 1.2394e-03, PNorm = 49.1516, GNorm = 0.5333, lr_0 = 2.3778e-04
Loss = 1.5624e-03, PNorm = 49.1560, GNorm = 0.4044, lr_0 = 2.3710e-04
Loss = 1.3982e-03, PNorm = 49.1612, GNorm = 0.3215, lr_0 = 2.3643e-04
Loss = 1.4650e-03, PNorm = 49.1683, GNorm = 0.4532, lr_0 = 2.3576e-04
Loss = 1.2886e-03, PNorm = 49.1732, GNorm = 0.5370, lr_0 = 2.3510e-04
Loss = 2.5645e-03, PNorm = 49.1762, GNorm = 0.5534, lr_0 = 2.3443e-04
Loss = 1.5014e-03, PNorm = 49.1856, GNorm = 0.7511, lr_0 = 2.3377e-04
Validation rmse = 0.687746
Epoch 26
Loss = 1.9228e-03, PNorm = 49.1990, GNorm = 0.6183, lr_0 = 2.3311e-04
Loss = 1.5980e-03, PNorm = 49.2078, GNorm = 0.3855, lr_0 = 2.3245e-04
Loss = 2.3632e-03, PNorm = 49.2158, GNorm = 0.7335, lr_0 = 2.3179e-04
Loss = 1.4214e-03, PNorm = 49.2214, GNorm = 0.5172, lr_0 = 2.3114e-04
Loss = 1.5478e-03, PNorm = 49.2274, GNorm = 0.4254, lr_0 = 2.3048e-04
Loss = 1.7756e-03, PNorm = 49.2322, GNorm = 0.5155, lr_0 = 2.2983e-04
Loss = 1.4604e-03, PNorm = 49.2389, GNorm = 0.9269, lr_0 = 2.2918e-04
Loss = 1.8752e-03, PNorm = 49.2457, GNorm = 0.5394, lr_0 = 2.2853e-04
Loss = 1.8485e-03, PNorm = 49.2556, GNorm = 0.5388, lr_0 = 2.2789e-04
Loss = 1.4233e-03, PNorm = 49.2618, GNorm = 0.3805, lr_0 = 2.2724e-04
Loss = 1.4062e-03, PNorm = 49.2679, GNorm = 0.6341, lr_0 = 2.2660e-04
Loss = 1.5644e-03, PNorm = 49.2723, GNorm = 0.6112, lr_0 = 2.2596e-04
Loss = 1.4604e-03, PNorm = 49.2783, GNorm = 0.4343, lr_0 = 2.2532e-04
Loss = 1.9774e-03, PNorm = 49.2842, GNorm = 0.4539, lr_0 = 2.2468e-04
Loss = 1.5194e-03, PNorm = 49.2898, GNorm = 0.6838, lr_0 = 2.2405e-04
Loss = 1.7700e-03, PNorm = 49.2996, GNorm = 0.3791, lr_0 = 2.2342e-04
Loss = 1.3174e-03, PNorm = 49.3051, GNorm = 0.6839, lr_0 = 2.2278e-04
Loss = 1.5987e-03, PNorm = 49.3103, GNorm = 0.4199, lr_0 = 2.2215e-04
Loss = 1.8639e-03, PNorm = 49.3145, GNorm = 1.1765, lr_0 = 2.2153e-04
Loss = 1.6883e-03, PNorm = 49.3199, GNorm = 0.4953, lr_0 = 2.2090e-04
Loss = 2.7914e-03, PNorm = 49.3270, GNorm = 0.8226, lr_0 = 2.2028e-04
Validation rmse = 0.711017
Epoch 27
Loss = 1.2350e-03, PNorm = 49.3337, GNorm = 0.6289, lr_0 = 2.1965e-04
Loss = 1.8792e-03, PNorm = 49.3394, GNorm = 0.4460, lr_0 = 2.1903e-04
Loss = 1.4823e-03, PNorm = 49.3437, GNorm = 0.6878, lr_0 = 2.1841e-04
Loss = 1.5271e-03, PNorm = 49.3475, GNorm = 0.3633, lr_0 = 2.1779e-04
Loss = 2.0513e-03, PNorm = 49.3526, GNorm = 0.6487, lr_0 = 2.1718e-04
Loss = 1.4197e-03, PNorm = 49.3608, GNorm = 0.5632, lr_0 = 2.1656e-04
Loss = 1.5747e-03, PNorm = 49.3680, GNorm = 0.7605, lr_0 = 2.1595e-04
Loss = 1.4771e-03, PNorm = 49.3750, GNorm = 0.9252, lr_0 = 2.1534e-04
Loss = 1.3817e-03, PNorm = 49.3820, GNorm = 0.8392, lr_0 = 2.1473e-04
Loss = 1.5178e-03, PNorm = 49.3859, GNorm = 0.4597, lr_0 = 2.1413e-04
Loss = 1.4731e-03, PNorm = 49.3924, GNorm = 0.5386, lr_0 = 2.1352e-04
Loss = 1.6634e-03, PNorm = 49.3974, GNorm = 0.5104, lr_0 = 2.1292e-04
Loss = 1.5728e-03, PNorm = 49.4026, GNorm = 0.9747, lr_0 = 2.1231e-04
Loss = 1.5409e-03, PNorm = 49.4099, GNorm = 0.4665, lr_0 = 2.1171e-04
Loss = 2.3349e-03, PNorm = 49.4181, GNorm = 0.5454, lr_0 = 2.1112e-04
Loss = 2.2135e-03, PNorm = 49.4237, GNorm = 0.6706, lr_0 = 2.1052e-04
Loss = 1.5067e-03, PNorm = 49.4283, GNorm = 0.6091, lr_0 = 2.0992e-04
Loss = 1.5460e-03, PNorm = 49.4373, GNorm = 0.5510, lr_0 = 2.0933e-04
Loss = 1.2687e-03, PNorm = 49.4430, GNorm = 0.4865, lr_0 = 2.0874e-04
Loss = 1.8494e-03, PNorm = 49.4470, GNorm = 0.7731, lr_0 = 2.0815e-04
Loss = 2.0692e-03, PNorm = 49.4537, GNorm = 0.4665, lr_0 = 2.0756e-04
Loss = 1.8182e-03, PNorm = 49.4590, GNorm = 0.5652, lr_0 = 2.0697e-04
Validation rmse = 0.683117
Epoch 28
Loss = 1.2526e-03, PNorm = 49.4640, GNorm = 0.8517, lr_0 = 2.0639e-04
Loss = 1.7258e-03, PNorm = 49.4701, GNorm = 0.4551, lr_0 = 2.0580e-04
Loss = 1.5107e-03, PNorm = 49.4751, GNorm = 0.3921, lr_0 = 2.0522e-04
Loss = 1.6856e-03, PNorm = 49.4806, GNorm = 0.9412, lr_0 = 2.0464e-04
Loss = 1.9526e-03, PNorm = 49.4849, GNorm = 0.5117, lr_0 = 2.0406e-04
Loss = 2.2029e-03, PNorm = 49.4928, GNorm = 0.4193, lr_0 = 2.0349e-04
Loss = 1.6379e-03, PNorm = 49.5002, GNorm = 0.4566, lr_0 = 2.0291e-04
Loss = 1.6445e-03, PNorm = 49.5031, GNorm = 0.3691, lr_0 = 2.0234e-04
Loss = 1.5174e-03, PNorm = 49.5096, GNorm = 0.6083, lr_0 = 2.0176e-04
Loss = 1.2793e-03, PNorm = 49.5138, GNorm = 0.7618, lr_0 = 2.0119e-04
Loss = 1.3307e-03, PNorm = 49.5190, GNorm = 0.4896, lr_0 = 2.0063e-04
Loss = 1.5980e-03, PNorm = 49.5239, GNorm = 0.4916, lr_0 = 2.0006e-04
Loss = 1.6298e-03, PNorm = 49.5302, GNorm = 0.3771, lr_0 = 1.9949e-04
Loss = 1.9469e-03, PNorm = 49.5359, GNorm = 1.9127, lr_0 = 1.9893e-04
Loss = 1.4114e-03, PNorm = 49.5412, GNorm = 0.6661, lr_0 = 1.9837e-04
Loss = 1.7301e-03, PNorm = 49.5491, GNorm = 0.6134, lr_0 = 1.9780e-04
Loss = 1.6599e-03, PNorm = 49.5578, GNorm = 0.2947, lr_0 = 1.9725e-04
Loss = 1.7820e-03, PNorm = 49.5640, GNorm = 0.5469, lr_0 = 1.9669e-04
Loss = 2.3072e-03, PNorm = 49.5679, GNorm = 4.4073, lr_0 = 1.9613e-04
Loss = 1.4522e-03, PNorm = 49.5730, GNorm = 0.6081, lr_0 = 1.9558e-04
Loss = 1.3884e-03, PNorm = 49.5767, GNorm = 0.3812, lr_0 = 1.9502e-04
Validation rmse = 0.686502
Epoch 29
Loss = 2.7833e-03, PNorm = 49.5804, GNorm = 2.1321, lr_0 = 1.9447e-04
Loss = 1.4762e-03, PNorm = 49.5862, GNorm = 1.9683, lr_0 = 1.9392e-04
Loss = 2.5585e-03, PNorm = 49.5937, GNorm = 2.3801, lr_0 = 1.9337e-04
Loss = 1.3920e-03, PNorm = 49.6013, GNorm = 1.2771, lr_0 = 1.9283e-04
Loss = 1.1871e-03, PNorm = 49.6062, GNorm = 0.3642, lr_0 = 1.9228e-04
Loss = 1.6445e-03, PNorm = 49.6084, GNorm = 0.4464, lr_0 = 1.9174e-04
Loss = 1.3081e-03, PNorm = 49.6148, GNorm = 0.5443, lr_0 = 1.9120e-04
Loss = 2.1473e-03, PNorm = 49.6235, GNorm = 0.5464, lr_0 = 1.9066e-04
Loss = 1.4232e-03, PNorm = 49.6330, GNorm = 0.7518, lr_0 = 1.9012e-04
Loss = 1.3506e-03, PNorm = 49.6400, GNorm = 0.4598, lr_0 = 1.8958e-04
Loss = 1.4103e-03, PNorm = 49.6443, GNorm = 0.5134, lr_0 = 1.8904e-04
Loss = 1.1828e-03, PNorm = 49.6508, GNorm = 0.7874, lr_0 = 1.8851e-04
Loss = 1.5629e-03, PNorm = 49.6564, GNorm = 0.4552, lr_0 = 1.8798e-04
Loss = 1.7037e-03, PNorm = 49.6584, GNorm = 0.4466, lr_0 = 1.8744e-04
Loss = 1.2321e-03, PNorm = 49.6615, GNorm = 0.4955, lr_0 = 1.8691e-04
Loss = 1.5109e-03, PNorm = 49.6648, GNorm = 0.5445, lr_0 = 1.8639e-04
Loss = 1.6355e-03, PNorm = 49.6697, GNorm = 0.3478, lr_0 = 1.8586e-04
Loss = 1.3413e-03, PNorm = 49.6729, GNorm = 0.6215, lr_0 = 1.8533e-04
Loss = 1.9115e-03, PNorm = 49.6769, GNorm = 0.5868, lr_0 = 1.8481e-04
Loss = 1.7460e-03, PNorm = 49.6802, GNorm = 1.1469, lr_0 = 1.8429e-04
Loss = 1.6771e-03, PNorm = 49.6841, GNorm = 0.4309, lr_0 = 1.8377e-04
Loss = 1.5984e-03, PNorm = 49.6858, GNorm = 0.4267, lr_0 = 1.8325e-04
Validation rmse = 0.687712
Epoch 30
Loss = 1.2733e-03, PNorm = 49.6899, GNorm = 0.4946, lr_0 = 1.8273e-04
Loss = 1.2065e-03, PNorm = 49.6939, GNorm = 0.5367, lr_0 = 1.8221e-04
Loss = 1.1278e-03, PNorm = 49.7013, GNorm = 0.4449, lr_0 = 1.8170e-04
Loss = 2.1122e-03, PNorm = 49.7063, GNorm = 0.6085, lr_0 = 1.8118e-04
Loss = 1.3837e-03, PNorm = 49.7117, GNorm = 0.3167, lr_0 = 1.8067e-04
Loss = 1.8114e-03, PNorm = 49.7163, GNorm = 0.6530, lr_0 = 1.8016e-04
Loss = 1.5553e-03, PNorm = 49.7214, GNorm = 0.8263, lr_0 = 1.7965e-04
Loss = 1.2291e-03, PNorm = 49.7293, GNorm = 0.5523, lr_0 = 1.7914e-04
Loss = 1.5333e-03, PNorm = 49.7335, GNorm = 0.4674, lr_0 = 1.7864e-04
Loss = 2.2209e-03, PNorm = 49.7404, GNorm = 0.3662, lr_0 = 1.7813e-04
Loss = 2.0069e-03, PNorm = 49.7454, GNorm = 0.5675, lr_0 = 1.7763e-04
Loss = 1.2882e-03, PNorm = 49.7484, GNorm = 0.4253, lr_0 = 1.7712e-04
Loss = 1.2985e-03, PNorm = 49.7519, GNorm = 0.7772, lr_0 = 1.7662e-04
Loss = 1.6294e-03, PNorm = 49.7556, GNorm = 0.7627, lr_0 = 1.7612e-04
Loss = 1.2949e-03, PNorm = 49.7607, GNorm = 0.4636, lr_0 = 1.7563e-04
Loss = 1.2902e-03, PNorm = 49.7642, GNorm = 0.6778, lr_0 = 1.7513e-04
Loss = 2.0207e-03, PNorm = 49.7665, GNorm = 1.5085, lr_0 = 1.7463e-04
Loss = 1.8243e-03, PNorm = 49.7733, GNorm = 0.5918, lr_0 = 1.7414e-04
Loss = 1.6383e-03, PNorm = 49.7778, GNorm = 0.8367, lr_0 = 1.7365e-04
Loss = 1.3657e-03, PNorm = 49.7818, GNorm = 0.4615, lr_0 = 1.7316e-04
Loss = 1.8407e-03, PNorm = 49.7871, GNorm = 0.6237, lr_0 = 1.7267e-04
Validation rmse = 0.681134
Epoch 31
Loss = 1.6488e-03, PNorm = 49.7918, GNorm = 0.4973, lr_0 = 1.7218e-04
Loss = 1.5726e-03, PNorm = 49.7961, GNorm = 0.4437, lr_0 = 1.7169e-04
Loss = 1.8574e-03, PNorm = 49.8015, GNorm = 0.5687, lr_0 = 1.7121e-04
Loss = 1.4743e-03, PNorm = 49.8072, GNorm = 0.5012, lr_0 = 1.7072e-04
Loss = 1.3025e-03, PNorm = 49.8122, GNorm = 0.5686, lr_0 = 1.7024e-04
Loss = 1.2395e-03, PNorm = 49.8159, GNorm = 0.2433, lr_0 = 1.6976e-04
Loss = 2.0401e-03, PNorm = 49.8205, GNorm = 2.2732, lr_0 = 1.6928e-04
Loss = 1.2974e-03, PNorm = 49.8276, GNorm = 0.4074, lr_0 = 1.6880e-04
Loss = 1.8005e-03, PNorm = 49.8295, GNorm = 0.8833, lr_0 = 1.6832e-04
Loss = 1.1279e-03, PNorm = 49.8323, GNorm = 0.6006, lr_0 = 1.6785e-04
Loss = 1.6595e-03, PNorm = 49.8389, GNorm = 0.4111, lr_0 = 1.6737e-04
Loss = 1.6240e-03, PNorm = 49.8435, GNorm = 0.4507, lr_0 = 1.6690e-04
Loss = 1.5819e-03, PNorm = 49.8471, GNorm = 0.6089, lr_0 = 1.6643e-04
Loss = 1.7054e-03, PNorm = 49.8495, GNorm = 1.3873, lr_0 = 1.6596e-04
Loss = 2.0219e-03, PNorm = 49.8565, GNorm = 0.4649, lr_0 = 1.6549e-04
Loss = 1.3397e-03, PNorm = 49.8611, GNorm = 0.4982, lr_0 = 1.6502e-04
Loss = 1.7680e-03, PNorm = 49.8632, GNorm = 1.2061, lr_0 = 1.6455e-04
Loss = 1.3875e-03, PNorm = 49.8645, GNorm = 0.4537, lr_0 = 1.6409e-04
Loss = 1.8856e-03, PNorm = 49.8659, GNorm = 1.1049, lr_0 = 1.6362e-04
Loss = 1.0709e-03, PNorm = 49.8693, GNorm = 0.4131, lr_0 = 1.6316e-04
Loss = 1.7145e-03, PNorm = 49.8766, GNorm = 0.7377, lr_0 = 1.6270e-04
Validation rmse = 0.696377
Epoch 32
Loss = 2.0174e-03, PNorm = 49.8807, GNorm = 1.1976, lr_0 = 1.6224e-04
Loss = 1.4352e-03, PNorm = 49.8836, GNorm = 0.5220, lr_0 = 1.6178e-04
Loss = 1.7409e-03, PNorm = 49.8893, GNorm = 0.6659, lr_0 = 1.6132e-04
Loss = 1.1993e-03, PNorm = 49.8951, GNorm = 0.5445, lr_0 = 1.6087e-04
Loss = 1.8762e-03, PNorm = 49.8992, GNorm = 0.5129, lr_0 = 1.6041e-04
Loss = 2.0083e-03, PNorm = 49.9028, GNorm = 0.8468, lr_0 = 1.5996e-04
Loss = 2.0099e-03, PNorm = 49.9082, GNorm = 0.4764, lr_0 = 1.5951e-04
Loss = 1.5805e-03, PNorm = 49.9148, GNorm = 0.5165, lr_0 = 1.5906e-04
Loss = 1.5411e-03, PNorm = 49.9196, GNorm = 0.4481, lr_0 = 1.5861e-04
Loss = 1.5048e-03, PNorm = 49.9233, GNorm = 0.4158, lr_0 = 1.5816e-04
Loss = 1.3540e-03, PNorm = 49.9257, GNorm = 0.4278, lr_0 = 1.5771e-04
Loss = 1.3374e-03, PNorm = 49.9314, GNorm = 0.4700, lr_0 = 1.5726e-04
Loss = 1.2580e-03, PNorm = 49.9358, GNorm = 0.4499, lr_0 = 1.5682e-04
Loss = 1.4472e-03, PNorm = 49.9389, GNorm = 0.4546, lr_0 = 1.5638e-04
Loss = 1.0356e-03, PNorm = 49.9414, GNorm = 0.4740, lr_0 = 1.5593e-04
Loss = 1.2073e-03, PNorm = 49.9440, GNorm = 0.4336, lr_0 = 1.5549e-04
Loss = 1.7536e-03, PNorm = 49.9474, GNorm = 0.6720, lr_0 = 1.5505e-04
Loss = 1.5359e-03, PNorm = 49.9504, GNorm = 0.9025, lr_0 = 1.5462e-04
Loss = 1.6466e-03, PNorm = 49.9529, GNorm = 0.5607, lr_0 = 1.5418e-04
Loss = 1.2598e-03, PNorm = 49.9569, GNorm = 0.4463, lr_0 = 1.5374e-04
Loss = 1.2865e-03, PNorm = 49.9623, GNorm = 0.5561, lr_0 = 1.5331e-04
Loss = 1.2406e-03, PNorm = 49.9643, GNorm = 0.9977, lr_0 = 1.5287e-04
Validation rmse = 0.687576
Epoch 33
Loss = 1.7748e-03, PNorm = 49.9668, GNorm = 0.4881, lr_0 = 1.5244e-04
Loss = 1.1327e-03, PNorm = 49.9708, GNorm = 0.5581, lr_0 = 1.5201e-04
Loss = 2.1791e-03, PNorm = 49.9755, GNorm = 2.6385, lr_0 = 1.5158e-04
Loss = 1.7619e-03, PNorm = 49.9824, GNorm = 0.8124, lr_0 = 1.5115e-04
Loss = 1.3986e-03, PNorm = 49.9871, GNorm = 0.4093, lr_0 = 1.5072e-04
Loss = 1.1963e-03, PNorm = 49.9893, GNorm = 0.6904, lr_0 = 1.5030e-04
Loss = 1.2039e-03, PNorm = 49.9916, GNorm = 1.2501, lr_0 = 1.4987e-04
Loss = 1.5090e-03, PNorm = 49.9958, GNorm = 0.6649, lr_0 = 1.4945e-04
Loss = 1.5382e-03, PNorm = 50.0004, GNorm = 0.3882, lr_0 = 1.4903e-04
Loss = 1.2307e-03, PNorm = 50.0050, GNorm = 1.0755, lr_0 = 1.4861e-04
Loss = 1.3589e-03, PNorm = 50.0068, GNorm = 0.5644, lr_0 = 1.4819e-04
Loss = 1.4215e-03, PNorm = 50.0088, GNorm = 0.5720, lr_0 = 1.4777e-04
Loss = 1.2529e-03, PNorm = 50.0117, GNorm = 0.6009, lr_0 = 1.4735e-04
Loss = 1.5361e-03, PNorm = 50.0163, GNorm = 0.6696, lr_0 = 1.4693e-04
Loss = 1.6437e-03, PNorm = 50.0220, GNorm = 0.4850, lr_0 = 1.4652e-04
Loss = 1.2165e-03, PNorm = 50.0252, GNorm = 0.6763, lr_0 = 1.4610e-04
Loss = 1.2249e-03, PNorm = 50.0285, GNorm = 0.5746, lr_0 = 1.4569e-04
Loss = 1.7132e-03, PNorm = 50.0342, GNorm = 0.4449, lr_0 = 1.4528e-04
Loss = 1.5829e-03, PNorm = 50.0383, GNorm = 0.5207, lr_0 = 1.4487e-04
Loss = 1.1572e-03, PNorm = 50.0401, GNorm = 0.6422, lr_0 = 1.4446e-04
Loss = 1.3706e-03, PNorm = 50.0417, GNorm = 0.4646, lr_0 = 1.4405e-04
Validation rmse = 0.694616
Epoch 34
Loss = 9.5618e-04, PNorm = 50.0432, GNorm = 0.4368, lr_0 = 1.4364e-04
Loss = 9.7843e-04, PNorm = 50.0483, GNorm = 0.3664, lr_0 = 1.4324e-04
Loss = 1.9954e-03, PNorm = 50.0564, GNorm = 0.5896, lr_0 = 1.4283e-04
Loss = 1.4236e-03, PNorm = 50.0597, GNorm = 0.4795, lr_0 = 1.4243e-04
Loss = 1.4836e-03, PNorm = 50.0621, GNorm = 2.8832, lr_0 = 1.4202e-04
Loss = 1.2351e-03, PNorm = 50.0661, GNorm = 0.6679, lr_0 = 1.4162e-04
Loss = 1.2411e-03, PNorm = 50.0692, GNorm = 0.6151, lr_0 = 1.4122e-04
Loss = 1.3095e-03, PNorm = 50.0728, GNorm = 0.4308, lr_0 = 1.4082e-04
Loss = 1.3190e-03, PNorm = 50.0780, GNorm = 1.1246, lr_0 = 1.4042e-04
Loss = 1.2102e-03, PNorm = 50.0808, GNorm = 0.7849, lr_0 = 1.4003e-04
Loss = 2.3257e-03, PNorm = 50.0856, GNorm = 2.8291, lr_0 = 1.3963e-04
Loss = 1.5672e-03, PNorm = 50.0899, GNorm = 0.3441, lr_0 = 1.3924e-04
Loss = 1.3452e-03, PNorm = 50.0929, GNorm = 0.4100, lr_0 = 1.3884e-04
Loss = 1.4391e-03, PNorm = 50.0955, GNorm = 0.6501, lr_0 = 1.3845e-04
Loss = 1.2347e-03, PNorm = 50.0990, GNorm = 0.8897, lr_0 = 1.3806e-04
Loss = 1.4475e-03, PNorm = 50.1030, GNorm = 0.9500, lr_0 = 1.3767e-04
Loss = 1.2602e-03, PNorm = 50.1066, GNorm = 0.3264, lr_0 = 1.3728e-04
Loss = 1.3405e-03, PNorm = 50.1096, GNorm = 0.4754, lr_0 = 1.3689e-04
Loss = 1.3459e-03, PNorm = 50.1137, GNorm = 0.4138, lr_0 = 1.3650e-04
Loss = 1.6944e-03, PNorm = 50.1185, GNorm = 0.8264, lr_0 = 1.3612e-04
Loss = 1.9432e-03, PNorm = 50.1217, GNorm = 0.7580, lr_0 = 1.3573e-04
Loss = 1.5480e-03, PNorm = 50.1255, GNorm = 1.0504, lr_0 = 1.3535e-04
Validation rmse = 0.680855
Epoch 35
Loss = 1.4909e-03, PNorm = 50.1286, GNorm = 0.5057, lr_0 = 1.3497e-04
Loss = 1.4544e-03, PNorm = 50.1313, GNorm = 1.6597, lr_0 = 1.3458e-04
Loss = 1.1496e-03, PNorm = 50.1337, GNorm = 0.6055, lr_0 = 1.3420e-04
Loss = 1.5304e-03, PNorm = 50.1354, GNorm = 0.7375, lr_0 = 1.3382e-04
Loss = 1.6556e-03, PNorm = 50.1400, GNorm = 0.4896, lr_0 = 1.3345e-04
Loss = 1.0880e-03, PNorm = 50.1454, GNorm = 0.4549, lr_0 = 1.3307e-04
Loss = 1.2927e-03, PNorm = 50.1486, GNorm = 0.5010, lr_0 = 1.3269e-04
Loss = 1.1481e-03, PNorm = 50.1510, GNorm = 0.4588, lr_0 = 1.3232e-04
Loss = 1.2801e-03, PNorm = 50.1544, GNorm = 0.3772, lr_0 = 1.3194e-04
Loss = 1.5785e-03, PNorm = 50.1549, GNorm = 0.6156, lr_0 = 1.3157e-04
Loss = 1.2838e-03, PNorm = 50.1571, GNorm = 0.6617, lr_0 = 1.3120e-04
Loss = 1.5227e-03, PNorm = 50.1611, GNorm = 1.5143, lr_0 = 1.3083e-04
Loss = 1.2371e-03, PNorm = 50.1660, GNorm = 0.6255, lr_0 = 1.3046e-04
Loss = 1.2587e-03, PNorm = 50.1680, GNorm = 0.8919, lr_0 = 1.3009e-04
Loss = 1.3663e-03, PNorm = 50.1696, GNorm = 1.0993, lr_0 = 1.2972e-04
Loss = 1.7277e-03, PNorm = 50.1751, GNorm = 0.5865, lr_0 = 1.2935e-04
Loss = 1.6587e-03, PNorm = 50.1812, GNorm = 0.6596, lr_0 = 1.2899e-04
Loss = 1.2453e-03, PNorm = 50.1848, GNorm = 0.7386, lr_0 = 1.2862e-04
Loss = 1.3014e-03, PNorm = 50.1879, GNorm = 0.5642, lr_0 = 1.2826e-04
Loss = 1.4050e-03, PNorm = 50.1895, GNorm = 0.4793, lr_0 = 1.2790e-04
Loss = 2.3206e-03, PNorm = 50.1931, GNorm = 2.9294, lr_0 = 1.2754e-04
Validation rmse = 0.675388
Epoch 36
Loss = 1.4395e-03, PNorm = 50.1972, GNorm = 0.5173, lr_0 = 1.2718e-04
Loss = 1.3392e-03, PNorm = 50.2006, GNorm = 0.4833, lr_0 = 1.2682e-04
Loss = 1.2047e-03, PNorm = 50.2031, GNorm = 1.9927, lr_0 = 1.2646e-04
Loss = 1.2543e-03, PNorm = 50.2055, GNorm = 0.5051, lr_0 = 1.2610e-04
Loss = 1.3333e-03, PNorm = 50.2070, GNorm = 0.4562, lr_0 = 1.2574e-04
Loss = 1.0266e-03, PNorm = 50.2111, GNorm = 0.7419, lr_0 = 1.2539e-04
Loss = 1.4195e-03, PNorm = 50.2160, GNorm = 0.6817, lr_0 = 1.2503e-04
Loss = 1.1386e-03, PNorm = 50.2201, GNorm = 0.5196, lr_0 = 1.2468e-04
Loss = 1.6195e-03, PNorm = 50.2220, GNorm = 0.5157, lr_0 = 1.2433e-04
Loss = 1.7717e-03, PNorm = 50.2261, GNorm = 0.7635, lr_0 = 1.2398e-04
Loss = 1.2157e-03, PNorm = 50.2294, GNorm = 0.5942, lr_0 = 1.2362e-04
Loss = 1.4361e-03, PNorm = 50.2325, GNorm = 0.4349, lr_0 = 1.2328e-04
Loss = 1.4432e-03, PNorm = 50.2345, GNorm = 0.3922, lr_0 = 1.2293e-04
Loss = 1.5023e-03, PNorm = 50.2363, GNorm = 0.4079, lr_0 = 1.2258e-04
Loss = 1.4872e-03, PNorm = 50.2375, GNorm = 0.6712, lr_0 = 1.2223e-04
Loss = 1.4254e-03, PNorm = 50.2392, GNorm = 0.5491, lr_0 = 1.2189e-04
Loss = 1.3186e-03, PNorm = 50.2442, GNorm = 0.4426, lr_0 = 1.2154e-04
Loss = 1.5229e-03, PNorm = 50.2504, GNorm = 0.4602, lr_0 = 1.2120e-04
Loss = 1.1905e-03, PNorm = 50.2547, GNorm = 0.6583, lr_0 = 1.2086e-04
Loss = 1.4463e-03, PNorm = 50.2573, GNorm = 0.6184, lr_0 = 1.2051e-04
Loss = 1.7930e-03, PNorm = 50.2592, GNorm = 0.3937, lr_0 = 1.2017e-04
Validation rmse = 0.685999
Epoch 37
Loss = 1.2545e-03, PNorm = 50.2609, GNorm = 0.5084, lr_0 = 1.1983e-04
Loss = 1.4265e-03, PNorm = 50.2634, GNorm = 0.8048, lr_0 = 1.1949e-04
Loss = 1.3184e-03, PNorm = 50.2659, GNorm = 0.5220, lr_0 = 1.1916e-04
Loss = 1.7408e-03, PNorm = 50.2686, GNorm = 1.2675, lr_0 = 1.1882e-04
Loss = 1.1311e-03, PNorm = 50.2715, GNorm = 0.5194, lr_0 = 1.1848e-04
Loss = 1.3995e-03, PNorm = 50.2755, GNorm = 0.8540, lr_0 = 1.1815e-04
Loss = 1.0907e-03, PNorm = 50.2811, GNorm = 0.5237, lr_0 = 1.1781e-04
Loss = 1.1031e-03, PNorm = 50.2836, GNorm = 0.5345, lr_0 = 1.1748e-04
Loss = 1.4362e-03, PNorm = 50.2851, GNorm = 0.5159, lr_0 = 1.1715e-04
Loss = 1.3950e-03, PNorm = 50.2863, GNorm = 0.4060, lr_0 = 1.1682e-04
Loss = 1.6925e-03, PNorm = 50.2900, GNorm = 0.4221, lr_0 = 1.1649e-04
Loss = 1.1078e-03, PNorm = 50.2934, GNorm = 0.5250, lr_0 = 1.1616e-04
Loss = 1.0503e-03, PNorm = 50.2951, GNorm = 0.5290, lr_0 = 1.1583e-04
Loss = 2.0690e-03, PNorm = 50.2999, GNorm = 0.4122, lr_0 = 1.1550e-04
Loss = 1.4538e-03, PNorm = 50.3044, GNorm = 0.7869, lr_0 = 1.1518e-04
Loss = 1.2244e-03, PNorm = 50.3073, GNorm = 1.3940, lr_0 = 1.1485e-04
Loss = 1.2929e-03, PNorm = 50.3092, GNorm = 0.5282, lr_0 = 1.1453e-04
Loss = 1.1770e-03, PNorm = 50.3103, GNorm = 0.4624, lr_0 = 1.1420e-04
Loss = 1.5940e-03, PNorm = 50.3120, GNorm = 0.4866, lr_0 = 1.1388e-04
Loss = 1.2383e-03, PNorm = 50.3158, GNorm = 0.7443, lr_0 = 1.1356e-04
Loss = 1.3585e-03, PNorm = 50.3177, GNorm = 0.9081, lr_0 = 1.1324e-04
Loss = 1.1586e-03, PNorm = 50.3199, GNorm = 0.5527, lr_0 = 1.1292e-04
Validation rmse = 0.677745
Epoch 38
Loss = 1.4074e-03, PNorm = 50.3237, GNorm = 1.0767, lr_0 = 1.1260e-04
Loss = 1.4731e-03, PNorm = 50.3263, GNorm = 0.7754, lr_0 = 1.1228e-04
Loss = 1.2229e-03, PNorm = 50.3299, GNorm = 0.6204, lr_0 = 1.1196e-04
Loss = 1.0577e-03, PNorm = 50.3335, GNorm = 0.6573, lr_0 = 1.1164e-04
Loss = 1.4079e-03, PNorm = 50.3366, GNorm = 0.5399, lr_0 = 1.1133e-04
Loss = 1.3553e-03, PNorm = 50.3389, GNorm = 0.5223, lr_0 = 1.1101e-04
Loss = 1.1448e-03, PNorm = 50.3398, GNorm = 0.9000, lr_0 = 1.1070e-04
Loss = 1.2942e-03, PNorm = 50.3422, GNorm = 0.4405, lr_0 = 1.1039e-04
Loss = 1.9019e-03, PNorm = 50.3455, GNorm = 0.4823, lr_0 = 1.1007e-04
Loss = 1.1466e-03, PNorm = 50.3484, GNorm = 0.5476, lr_0 = 1.0976e-04
Loss = 1.7456e-03, PNorm = 50.3505, GNorm = 0.8417, lr_0 = 1.0945e-04
Loss = 1.4457e-03, PNorm = 50.3529, GNorm = 0.3845, lr_0 = 1.0914e-04
Loss = 1.3832e-03, PNorm = 50.3554, GNorm = 1.0417, lr_0 = 1.0883e-04
Loss = 1.5919e-03, PNorm = 50.3575, GNorm = 0.4518, lr_0 = 1.0853e-04
Loss = 9.6583e-04, PNorm = 50.3586, GNorm = 0.4112, lr_0 = 1.0822e-04
Loss = 1.2464e-03, PNorm = 50.3613, GNorm = 0.7688, lr_0 = 1.0791e-04
Loss = 1.4613e-03, PNorm = 50.3640, GNorm = 0.7284, lr_0 = 1.0761e-04
Loss = 1.0366e-03, PNorm = 50.3668, GNorm = 0.4350, lr_0 = 1.0730e-04
Loss = 1.1570e-03, PNorm = 50.3693, GNorm = 0.6310, lr_0 = 1.0700e-04
Loss = 1.4037e-03, PNorm = 50.3714, GNorm = 0.5465, lr_0 = 1.0670e-04
Loss = 1.3258e-03, PNorm = 50.3737, GNorm = 0.7229, lr_0 = 1.0640e-04
Validation rmse = 0.680313
Epoch 39
Loss = 1.0663e-03, PNorm = 50.3759, GNorm = 0.6274, lr_0 = 1.0610e-04
Loss = 1.1310e-03, PNorm = 50.3782, GNorm = 0.7837, lr_0 = 1.0580e-04
Loss = 1.7756e-03, PNorm = 50.3796, GNorm = 0.6393, lr_0 = 1.0550e-04
Loss = 1.1401e-03, PNorm = 50.3826, GNorm = 0.7111, lr_0 = 1.0520e-04
Loss = 1.5451e-03, PNorm = 50.3866, GNorm = 0.4933, lr_0 = 1.0490e-04
Loss = 1.6160e-03, PNorm = 50.3904, GNorm = 0.5333, lr_0 = 1.0460e-04
Loss = 1.0206e-03, PNorm = 50.3916, GNorm = 0.9055, lr_0 = 1.0431e-04
Loss = 1.3789e-03, PNorm = 50.3931, GNorm = 0.5215, lr_0 = 1.0401e-04
Loss = 1.2364e-03, PNorm = 50.3959, GNorm = 2.4268, lr_0 = 1.0372e-04
Loss = 1.4289e-03, PNorm = 50.3978, GNorm = 0.6182, lr_0 = 1.0343e-04
Loss = 1.0455e-03, PNorm = 50.4005, GNorm = 0.3620, lr_0 = 1.0313e-04
Loss = 1.3513e-03, PNorm = 50.4024, GNorm = 0.7030, lr_0 = 1.0284e-04
Loss = 1.3707e-03, PNorm = 50.4049, GNorm = 1.9163, lr_0 = 1.0255e-04
Loss = 1.1870e-03, PNorm = 50.4075, GNorm = 0.5353, lr_0 = 1.0226e-04
Loss = 1.5907e-03, PNorm = 50.4089, GNorm = 0.6834, lr_0 = 1.0197e-04
Loss = 1.4445e-03, PNorm = 50.4135, GNorm = 0.4418, lr_0 = 1.0168e-04
Loss = 1.3296e-03, PNorm = 50.4188, GNorm = 0.5000, lr_0 = 1.0140e-04
Loss = 9.5350e-04, PNorm = 50.4213, GNorm = 0.4713, lr_0 = 1.0111e-04
Loss = 2.0171e-03, PNorm = 50.4213, GNorm = 0.7284, lr_0 = 1.0082e-04
Loss = 1.3137e-03, PNorm = 50.4225, GNorm = 0.4566, lr_0 = 1.0054e-04
Loss = 1.1143e-03, PNorm = 50.4254, GNorm = 0.5000, lr_0 = 1.0026e-04
Loss = 1.1591e-03, PNorm = 50.4284, GNorm = 0.7375, lr_0 = 1.0000e-04
Validation rmse = 0.696128
Model 0 best validation rmse = 0.675388 on epoch 35
Loading pretrained parameter "encoder.encoder.cached_zero_vector".
Loading pretrained parameter "encoder.encoder.W_i.weight".
Loading pretrained parameter "encoder.encoder.W_h.weight".
Loading pretrained parameter "encoder.encoder.W_o.weight".
Loading pretrained parameter "encoder.encoder.W_o.bias".
Loading pretrained parameter "ffn.1.weight".
Loading pretrained parameter "ffn.1.bias".
Loading pretrained parameter "ffn.4.weight".
Loading pretrained parameter "ffn.4.bias".
Loading pretrained parameter "ffn.7.weight".
Loading pretrained parameter "ffn.7.bias".
Model 0 test rmse = 2.341680
Ensemble test rmse = 2.341680
1-fold cross validation
Seed 5 ==> test rmse = 2.341680
Overall test rmse = 2.341680 +/- 0.000000
