Fold 0
Model 0 best validation rmse = 0.019031 on epoch 35
Model 0 test rmse = 0.060747
Ensemble test rmse = 0.060747
1-fold cross validation
Seed 5 ==> test rmse = 0.060747
Overall test rmse = 0.060747 +/- 0.000000
Fold 0
Model 0 best validation rmse = 0.019546 on epoch 39
Model 0 test rmse = 0.062720
Ensemble test rmse = 0.062720
1-fold cross validation
Seed 5 ==> test rmse = 0.062720
Overall test rmse = 0.062720 +/- 0.000000
Fold 0
Model 0 best validation rmse = 0.019260 on epoch 0
Model 0 test rmse = 0.104388
Ensemble test rmse = 0.104388
1-fold cross validation
Seed 5 ==> test rmse = 0.104388
Overall test rmse = 0.104388 +/- 0.000000
