Fold 0
{'activation': 'ReLU',
 'atom_messages': False,
 'batch_size': 50,
 'bias': False,
 'checkpoint_dir': None,
 'checkpoint_path': None,
 'checkpoint_paths': None,
 'config_path': None,
 'crossval_index_dir': None,
 'crossval_index_file': None,
 'cuda': False,
 'data_path': 'Data/Multitask_data/All_datasets/Splits/All_random/train.csv',
 'dataset_type': 'regression',
 'depth': 3,
 'dropout': 0.0,
 'ensemble_size': 1,
 'epochs': 50,
 'features_generator': None,
 'features_only': False,
 'features_path': ['Data/Multitask_data/All_datasets/Splits/All_random/train_extra_x.csv'],
 'features_scaling': True,
 'ffn_hidden_size': 300,
 'ffn_num_layers': 2,
 'final_lr': 0.0001,
 'folds_file': None,
 'gpu': None,
 'hidden_size': 600,
 'init_lr': 0.0001,
 'log_frequency': 10,
 'max_data_size': None,
 'max_lr': 0.001,
 'metric': 'rmse',
 'minimize_score': True,
 'multiclass_num_classes': 3,
 'no_cache': False,
 'num_folds': 1,
 'num_lrs': 1,
 'quiet': False,
 'save_dir': 'Data/Multitask_data/All_datasets/Splits/All_random/trained_model/fold_0',
 'save_smiles_splits': False,
 'seed': 5,
 'separate_test_features_path': ['Data/Multitask_data/All_datasets/Splits/All_random/test_extra_x.csv'],
 'separate_test_path': 'Data/Multitask_data/All_datasets/Splits/All_random/test.csv',
 'separate_val_features_path': ['Data/Multitask_data/All_datasets/Splits/All_random/valid_extra_x.csv'],
 'separate_val_path': 'Data/Multitask_data/All_datasets/Splits/All_random/valid.csv',
 'show_individual_scores': False,
 'split_sizes': [0.675, 0.075, 0.25],
 'split_type': 'random',
 'test': False,
 'test_fold_index': None,
 'undirected': False,
 'use_compound_names': False,
 'use_input_features': True,
 'val_fold_index': None,
 'warmup_epochs': 2.0}
Loading data
Number of tasks = 1
Splitting data with seed 5
Total size = 6,382 | train size = 6,382 | val size = 1,448 | test size = 1,396
Fitting scaler
Building model 0
MoleculeModel(
  (encoder): MPN(
    (encoder): MPNEncoder(
      (dropout_layer): Dropout(p=0.0, inplace=False)
      (act_func): ReLU()
      (W_i): Linear(in_features=147, out_features=600, bias=False)
      (W_h): Linear(in_features=600, out_features=600, bias=False)
      (W_o): Linear(in_features=733, out_features=600, bias=True)
    )
  )
  (ffn): Sequential(
    (0): Dropout(p=0.0, inplace=False)
    (1): Linear(in_features=626, out_features=300, bias=True)
    (2): ReLU()
    (3): Dropout(p=0.0, inplace=False)
    (4): Linear(in_features=300, out_features=1, bias=True)
  )
)
Number of parameters = 1,077,001
Epoch 0
Loss = 2.0756e-02, PNorm = 43.6660, GNorm = 3.4698, lr_0 = 1.3898e-04
Loss = 1.8960e-02, PNorm = 43.6678, GNorm = 1.7558, lr_0 = 1.7441e-04
Loss = 1.7687e-02, PNorm = 43.6705, GNorm = 2.4645, lr_0 = 2.0984e-04
Loss = 1.9725e-02, PNorm = 43.6757, GNorm = 1.2005, lr_0 = 2.4528e-04
Loss = 2.0149e-02, PNorm = 43.6826, GNorm = 3.0135, lr_0 = 2.8071e-04
Loss = 1.9879e-02, PNorm = 43.6895, GNorm = 4.4733, lr_0 = 3.1614e-04
Loss = 2.0462e-02, PNorm = 43.6979, GNorm = 2.8602, lr_0 = 3.5157e-04
Loss = 2.0928e-02, PNorm = 43.7087, GNorm = 1.6736, lr_0 = 3.8701e-04
Loss = 1.7854e-02, PNorm = 43.7248, GNorm = 2.4890, lr_0 = 4.2244e-04
Loss = 2.0565e-02, PNorm = 43.7377, GNorm = 0.8757, lr_0 = 4.5787e-04
Loss = 2.1140e-02, PNorm = 43.7579, GNorm = 2.6030, lr_0 = 4.9331e-04
Loss = 1.8443e-02, PNorm = 43.7833, GNorm = 2.1837, lr_0 = 5.2874e-04
Validation rmse = 0.952230
Epoch 1
Loss = 1.5510e-02, PNorm = 43.8015, GNorm = 0.8765, lr_0 = 5.6417e-04
Loss = 1.7900e-02, PNorm = 43.8269, GNorm = 1.1183, lr_0 = 5.9961e-04
Loss = 1.8951e-02, PNorm = 43.8528, GNorm = 1.5345, lr_0 = 6.3504e-04
Loss = 1.5655e-02, PNorm = 43.8805, GNorm = 2.2230, lr_0 = 6.7047e-04
Loss = 2.0265e-02, PNorm = 43.9061, GNorm = 1.6154, lr_0 = 7.0591e-04
Loss = 1.7185e-02, PNorm = 43.9305, GNorm = 2.1195, lr_0 = 7.4134e-04
Loss = 1.8569e-02, PNorm = 43.9823, GNorm = 1.6593, lr_0 = 7.7677e-04
Loss = 2.0090e-02, PNorm = 44.0264, GNorm = 1.6230, lr_0 = 8.1220e-04
Loss = 1.9737e-02, PNorm = 44.0714, GNorm = 1.3278, lr_0 = 8.4764e-04
Loss = 1.6734e-02, PNorm = 44.1196, GNorm = 1.3913, lr_0 = 8.8307e-04
Loss = 1.8811e-02, PNorm = 44.1695, GNorm = 2.0470, lr_0 = 9.1850e-04
Loss = 1.9168e-02, PNorm = 44.2388, GNorm = 1.1103, lr_0 = 9.5394e-04
Loss = 1.9561e-02, PNorm = 44.2854, GNorm = 1.1092, lr_0 = 9.8937e-04
Validation rmse = 0.940616
Epoch 2
Loss = 1.6466e-02, PNorm = 44.3521, GNorm = 1.3349, lr_0 = 9.9736e-04
Loss = 1.9324e-02, PNorm = 44.4265, GNorm = 3.2813, lr_0 = 9.9360e-04
Loss = 1.9684e-02, PNorm = 44.4878, GNorm = 1.1260, lr_0 = 9.8985e-04
Loss = 1.4433e-02, PNorm = 44.5505, GNorm = 2.5159, lr_0 = 9.8612e-04
Loss = 1.7609e-02, PNorm = 44.6293, GNorm = 1.2355, lr_0 = 9.8240e-04
Loss = 1.5363e-02, PNorm = 44.7058, GNorm = 1.0225, lr_0 = 9.7870e-04
Loss = 1.7705e-02, PNorm = 44.7578, GNorm = 1.0718, lr_0 = 9.7501e-04
Loss = 1.9312e-02, PNorm = 44.8180, GNorm = 1.0878, lr_0 = 9.7133e-04
Loss = 2.0381e-02, PNorm = 44.8860, GNorm = 2.5079, lr_0 = 9.6767e-04
Loss = 1.7074e-02, PNorm = 44.9620, GNorm = 1.3568, lr_0 = 9.6402e-04
Loss = 2.0528e-02, PNorm = 44.9860, GNorm = 1.8336, lr_0 = 9.6039e-04
Loss = 1.7894e-02, PNorm = 45.0304, GNorm = 1.3164, lr_0 = 9.5677e-04
Loss = 1.7179e-02, PNorm = 45.0994, GNorm = 0.8758, lr_0 = 9.5316e-04
Validation rmse = 0.931187
Epoch 3
Loss = 1.7207e-02, PNorm = 45.1557, GNorm = 1.9156, lr_0 = 9.4957e-04
Loss = 2.0360e-02, PNorm = 45.2242, GNorm = 1.4185, lr_0 = 9.4599e-04
Loss = 1.7598e-02, PNorm = 45.2865, GNorm = 1.4436, lr_0 = 9.4242e-04
Loss = 1.7101e-02, PNorm = 45.3651, GNorm = 0.9951, lr_0 = 9.3887e-04
Loss = 1.5915e-02, PNorm = 45.4267, GNorm = 1.0710, lr_0 = 9.3533e-04
Loss = 1.5987e-02, PNorm = 45.4977, GNorm = 1.2644, lr_0 = 9.3180e-04
Loss = 1.7334e-02, PNorm = 45.5784, GNorm = 1.4680, lr_0 = 9.2829e-04
Loss = 1.7428e-02, PNorm = 45.6365, GNorm = 0.9794, lr_0 = 9.2479e-04
Loss = 1.6407e-02, PNorm = 45.7088, GNorm = 2.1880, lr_0 = 9.2130e-04
Loss = 1.9843e-02, PNorm = 45.8026, GNorm = 1.7489, lr_0 = 9.1783e-04
Loss = 1.6123e-02, PNorm = 45.8755, GNorm = 1.1200, lr_0 = 9.1437e-04
Loss = 1.6449e-02, PNorm = 45.9603, GNorm = 1.2506, lr_0 = 9.1092e-04
Validation rmse = 0.914550
Epoch 4
Loss = 1.9272e-02, PNorm = 46.0368, GNorm = 0.9877, lr_0 = 9.0749e-04
Loss = 1.5280e-02, PNorm = 46.0854, GNorm = 0.8093, lr_0 = 9.0407e-04
Loss = 1.5511e-02, PNorm = 46.1411, GNorm = 1.0197, lr_0 = 9.0066e-04
Loss = 1.7427e-02, PNorm = 46.2119, GNorm = 1.2697, lr_0 = 8.9726e-04
Loss = 1.7053e-02, PNorm = 46.2889, GNorm = 1.6439, lr_0 = 8.9388e-04
Loss = 1.8321e-02, PNorm = 46.3848, GNorm = 1.1494, lr_0 = 8.9051e-04
Loss = 1.4911e-02, PNorm = 46.4985, GNorm = 1.3419, lr_0 = 8.8715e-04
Loss = 1.5502e-02, PNorm = 46.5670, GNorm = 1.0206, lr_0 = 8.8381e-04
Loss = 1.9254e-02, PNorm = 46.6056, GNorm = 1.4328, lr_0 = 8.8048e-04
Loss = 1.6161e-02, PNorm = 46.6401, GNorm = 1.5846, lr_0 = 8.7716e-04
Loss = 1.5171e-02, PNorm = 46.6981, GNorm = 1.3078, lr_0 = 8.7385e-04
Loss = 1.7250e-02, PNorm = 46.7775, GNorm = 1.0554, lr_0 = 8.7056e-04
Loss = 1.4285e-02, PNorm = 46.8297, GNorm = 0.9724, lr_0 = 8.6727e-04
Validation rmse = 0.899592
Epoch 5
Loss = 1.7242e-02, PNorm = 46.8766, GNorm = 1.7758, lr_0 = 8.6400e-04
Loss = 1.7233e-02, PNorm = 46.9674, GNorm = 2.0663, lr_0 = 8.6075e-04
Loss = 1.5547e-02, PNorm = 47.0402, GNorm = 1.5595, lr_0 = 8.5750e-04
Loss = 1.5142e-02, PNorm = 47.1052, GNorm = 1.0431, lr_0 = 8.5427e-04
Loss = 1.6110e-02, PNorm = 47.1451, GNorm = 1.0785, lr_0 = 8.5105e-04
Loss = 1.5684e-02, PNorm = 47.2431, GNorm = 1.9830, lr_0 = 8.4784e-04
Loss = 1.5906e-02, PNorm = 47.2879, GNorm = 1.2545, lr_0 = 8.4464e-04
Loss = 1.4678e-02, PNorm = 47.3243, GNorm = 0.8766, lr_0 = 8.4146e-04
Loss = 1.5195e-02, PNorm = 47.3670, GNorm = 0.8692, lr_0 = 8.3829e-04
Loss = 1.7216e-02, PNorm = 47.4506, GNorm = 1.7504, lr_0 = 8.3513e-04
Loss = 1.7101e-02, PNorm = 47.5390, GNorm = 1.0237, lr_0 = 8.3198e-04
Loss = 1.5734e-02, PNorm = 47.5953, GNorm = 0.8367, lr_0 = 8.2884e-04
Loss = 1.7550e-02, PNorm = 47.6521, GNorm = 1.1410, lr_0 = 8.2572e-04
Validation rmse = 0.890259
Epoch 6
Loss = 1.7499e-02, PNorm = 47.7170, GNorm = 1.4289, lr_0 = 8.2260e-04
Loss = 1.3859e-02, PNorm = 47.7734, GNorm = 0.9945, lr_0 = 8.1950e-04
Loss = 1.6379e-02, PNorm = 47.8406, GNorm = 2.6962, lr_0 = 8.1641e-04
Loss = 1.8032e-02, PNorm = 47.9040, GNorm = 0.8690, lr_0 = 8.1333e-04
Loss = 1.6047e-02, PNorm = 47.9929, GNorm = 1.0981, lr_0 = 8.1027e-04
Loss = 1.5218e-02, PNorm = 48.0501, GNorm = 2.2343, lr_0 = 8.0721e-04
Loss = 1.4654e-02, PNorm = 48.1167, GNorm = 1.0997, lr_0 = 8.0417e-04
Loss = 1.5187e-02, PNorm = 48.1840, GNorm = 0.8123, lr_0 = 8.0114e-04
Loss = 1.5149e-02, PNorm = 48.2612, GNorm = 1.2941, lr_0 = 7.9812e-04
Loss = 1.7047e-02, PNorm = 48.3356, GNorm = 1.1700, lr_0 = 7.9511e-04
Loss = 1.6785e-02, PNorm = 48.4082, GNorm = 1.6739, lr_0 = 7.9211e-04
Loss = 1.3757e-02, PNorm = 48.4745, GNorm = 1.2739, lr_0 = 7.8912e-04
Validation rmse = 0.868824
Epoch 7
Loss = 1.4506e-02, PNorm = 48.5269, GNorm = 1.5449, lr_0 = 7.8615e-04
Loss = 1.5912e-02, PNorm = 48.5930, GNorm = 2.3606, lr_0 = 7.8319e-04
Loss = 1.5534e-02, PNorm = 48.7027, GNorm = 0.8831, lr_0 = 7.8023e-04
Loss = 1.5262e-02, PNorm = 48.7975, GNorm = 1.2767, lr_0 = 7.7729e-04
Loss = 1.6848e-02, PNorm = 48.8808, GNorm = 1.9519, lr_0 = 7.7436e-04
Loss = 1.3036e-02, PNorm = 48.9672, GNorm = 1.3638, lr_0 = 7.7144e-04
Loss = 1.6059e-02, PNorm = 49.0651, GNorm = 2.7579, lr_0 = 7.6853e-04
Loss = 1.2777e-02, PNorm = 49.1416, GNorm = 1.2864, lr_0 = 7.6564e-04
Loss = 1.3806e-02, PNorm = 49.2181, GNorm = 0.9703, lr_0 = 7.6275e-04
Loss = 1.5667e-02, PNorm = 49.2920, GNorm = 1.2617, lr_0 = 7.5987e-04
Loss = 1.5664e-02, PNorm = 49.3423, GNorm = 1.3085, lr_0 = 7.5701e-04
Loss = 1.7859e-02, PNorm = 49.4292, GNorm = 1.6482, lr_0 = 7.5416e-04
Loss = 1.3895e-02, PNorm = 49.4932, GNorm = 1.1229, lr_0 = 7.5131e-04
Validation rmse = 0.883165
Epoch 8
Loss = 1.4520e-02, PNorm = 49.5537, GNorm = 1.0216, lr_0 = 7.4848e-04
Loss = 1.5872e-02, PNorm = 49.6122, GNorm = 1.7428, lr_0 = 7.4566e-04
Loss = 1.3424e-02, PNorm = 49.6773, GNorm = 1.1223, lr_0 = 7.4285e-04
Loss = 1.2589e-02, PNorm = 49.7399, GNorm = 0.8306, lr_0 = 7.4005e-04
Loss = 1.5871e-02, PNorm = 49.7872, GNorm = 2.1449, lr_0 = 7.3726e-04
Loss = 1.3137e-02, PNorm = 49.8686, GNorm = 2.1724, lr_0 = 7.3448e-04
Loss = 1.4179e-02, PNorm = 49.9215, GNorm = 1.2062, lr_0 = 7.3171e-04
Loss = 1.3991e-02, PNorm = 50.0031, GNorm = 1.0749, lr_0 = 7.2895e-04
Loss = 1.7619e-02, PNorm = 50.0838, GNorm = 1.3266, lr_0 = 7.2620e-04
Loss = 1.2452e-02, PNorm = 50.1544, GNorm = 1.1840, lr_0 = 7.2346e-04
Loss = 1.6005e-02, PNorm = 50.2387, GNorm = 1.0409, lr_0 = 7.2073e-04
Loss = 1.6470e-02, PNorm = 50.3275, GNorm = 1.4411, lr_0 = 7.1802e-04
Loss = 1.5356e-02, PNorm = 50.3914, GNorm = 1.2383, lr_0 = 7.1531e-04
Validation rmse = 0.843927
Epoch 9
Loss = 1.4952e-02, PNorm = 50.4572, GNorm = 1.5216, lr_0 = 7.1261e-04
Loss = 1.3385e-02, PNorm = 50.5339, GNorm = 1.9827, lr_0 = 7.0993e-04
Loss = 1.5249e-02, PNorm = 50.5944, GNorm = 1.5578, lr_0 = 7.0725e-04
Loss = 1.6511e-02, PNorm = 50.6687, GNorm = 1.4044, lr_0 = 7.0458e-04
Loss = 1.1803e-02, PNorm = 50.7536, GNorm = 1.4866, lr_0 = 7.0193e-04
Loss = 1.7095e-02, PNorm = 50.8010, GNorm = 1.6888, lr_0 = 6.9928e-04
Loss = 1.2617e-02, PNorm = 50.8791, GNorm = 0.6192, lr_0 = 6.9665e-04
Loss = 1.5184e-02, PNorm = 50.9384, GNorm = 0.8848, lr_0 = 6.9402e-04
Loss = 1.3084e-02, PNorm = 51.0180, GNorm = 1.0268, lr_0 = 6.9140e-04
Loss = 1.6480e-02, PNorm = 51.0885, GNorm = 1.2239, lr_0 = 6.8880e-04
Loss = 1.2956e-02, PNorm = 51.1580, GNorm = 1.5285, lr_0 = 6.8620e-04
Loss = 1.2433e-02, PNorm = 51.2251, GNorm = 0.7705, lr_0 = 6.8361e-04
Loss = 1.5162e-02, PNorm = 51.2817, GNorm = 1.8325, lr_0 = 6.8103e-04
Validation rmse = 0.832625
Epoch 10
Loss = 1.3819e-02, PNorm = 51.3510, GNorm = 0.8397, lr_0 = 6.7847e-04
Loss = 1.1821e-02, PNorm = 51.4308, GNorm = 1.3923, lr_0 = 6.7591e-04
Loss = 1.3386e-02, PNorm = 51.4762, GNorm = 0.9069, lr_0 = 6.7336e-04
Loss = 1.2068e-02, PNorm = 51.5366, GNorm = 0.9394, lr_0 = 6.7082e-04
Loss = 1.5009e-02, PNorm = 51.6161, GNorm = 1.7845, lr_0 = 6.6829e-04
Loss = 1.4721e-02, PNorm = 51.6932, GNorm = 1.1611, lr_0 = 6.6577e-04
Loss = 1.3391e-02, PNorm = 51.7488, GNorm = 1.4086, lr_0 = 6.6326e-04
Loss = 1.5260e-02, PNorm = 51.8187, GNorm = 1.7482, lr_0 = 6.6076e-04
Loss = 1.3880e-02, PNorm = 51.8845, GNorm = 1.2168, lr_0 = 6.5827e-04
Loss = 1.3626e-02, PNorm = 51.9433, GNorm = 0.8665, lr_0 = 6.5579e-04
Loss = 1.5046e-02, PNorm = 52.0082, GNorm = 1.3316, lr_0 = 6.5332e-04
Loss = 1.1959e-02, PNorm = 52.0725, GNorm = 1.2691, lr_0 = 6.5086e-04
Validation rmse = 0.832321
Epoch 11
Loss = 1.4868e-02, PNorm = 52.1266, GNorm = 1.0609, lr_0 = 6.4840e-04
Loss = 1.1671e-02, PNorm = 52.1706, GNorm = 1.0050, lr_0 = 6.4596e-04
Loss = 1.3382e-02, PNorm = 52.2280, GNorm = 1.4268, lr_0 = 6.4352e-04
Loss = 1.2871e-02, PNorm = 52.2996, GNorm = 1.0984, lr_0 = 6.4110e-04
Loss = 1.4374e-02, PNorm = 52.3706, GNorm = 0.9686, lr_0 = 6.3868e-04
Loss = 1.3168e-02, PNorm = 52.4503, GNorm = 1.2133, lr_0 = 6.3627e-04
Loss = 1.3345e-02, PNorm = 52.4943, GNorm = 1.3565, lr_0 = 6.3387e-04
Loss = 1.5473e-02, PNorm = 52.5661, GNorm = 1.1095, lr_0 = 6.3148e-04
Loss = 1.1935e-02, PNorm = 52.6495, GNorm = 0.8094, lr_0 = 6.2910e-04
Loss = 1.5618e-02, PNorm = 52.7050, GNorm = 2.1370, lr_0 = 6.2673e-04
Loss = 1.1752e-02, PNorm = 52.7843, GNorm = 1.3407, lr_0 = 6.2437e-04
Loss = 1.4141e-02, PNorm = 52.8338, GNorm = 1.1170, lr_0 = 6.2201e-04
Loss = 1.3853e-02, PNorm = 52.8732, GNorm = 2.5315, lr_0 = 6.1967e-04
Validation rmse = 0.831594
Epoch 12
Loss = 1.3938e-02, PNorm = 52.9278, GNorm = 0.9951, lr_0 = 6.1733e-04
Loss = 1.2153e-02, PNorm = 52.9933, GNorm = 0.8254, lr_0 = 6.1500e-04
Loss = 1.3785e-02, PNorm = 53.0458, GNorm = 1.8215, lr_0 = 6.1269e-04
Loss = 1.2085e-02, PNorm = 53.1300, GNorm = 1.0369, lr_0 = 6.1038e-04
Loss = 1.3445e-02, PNorm = 53.1884, GNorm = 0.7008, lr_0 = 6.0807e-04
Loss = 1.2348e-02, PNorm = 53.2585, GNorm = 1.1739, lr_0 = 6.0578e-04
Loss = 1.2787e-02, PNorm = 53.3107, GNorm = 1.2240, lr_0 = 6.0350e-04
Loss = 1.4173e-02, PNorm = 53.3705, GNorm = 0.9523, lr_0 = 6.0122e-04
Loss = 1.0850e-02, PNorm = 53.4232, GNorm = 2.1236, lr_0 = 5.9896e-04
Loss = 1.3346e-02, PNorm = 53.4682, GNorm = 1.0547, lr_0 = 5.9670e-04
Loss = 1.3742e-02, PNorm = 53.5191, GNorm = 1.2636, lr_0 = 5.9445e-04
Loss = 1.3749e-02, PNorm = 53.5686, GNorm = 1.0607, lr_0 = 5.9221e-04
Loss = 1.4421e-02, PNorm = 53.6203, GNorm = 1.4796, lr_0 = 5.8997e-04
Validation rmse = 0.820692
Epoch 13
Loss = 1.4250e-02, PNorm = 53.6685, GNorm = 0.9358, lr_0 = 5.8775e-04
Loss = 1.2647e-02, PNorm = 53.7200, GNorm = 0.8916, lr_0 = 5.8553e-04
Loss = 1.3064e-02, PNorm = 53.7556, GNorm = 1.3658, lr_0 = 5.8333e-04
Loss = 1.3445e-02, PNorm = 53.8036, GNorm = 2.5972, lr_0 = 5.8113e-04
Loss = 1.2336e-02, PNorm = 53.8787, GNorm = 0.9451, lr_0 = 5.7894e-04
Loss = 1.2149e-02, PNorm = 53.9421, GNorm = 1.2779, lr_0 = 5.7675e-04
Loss = 1.1740e-02, PNorm = 54.0009, GNorm = 0.7842, lr_0 = 5.7458e-04
Loss = 1.1893e-02, PNorm = 54.0358, GNorm = 1.2769, lr_0 = 5.7241e-04
Loss = 1.2940e-02, PNorm = 54.0889, GNorm = 0.8321, lr_0 = 5.7026e-04
Loss = 1.1788e-02, PNorm = 54.1405, GNorm = 1.2567, lr_0 = 5.6811e-04
Loss = 1.2209e-02, PNorm = 54.1783, GNorm = 1.0879, lr_0 = 5.6596e-04
Loss = 1.4043e-02, PNorm = 54.2215, GNorm = 1.2666, lr_0 = 5.6383e-04
Validation rmse = 0.809803
Epoch 14
Loss = 1.3322e-02, PNorm = 54.2693, GNorm = 1.5208, lr_0 = 5.6170e-04
Loss = 1.0866e-02, PNorm = 54.3149, GNorm = 1.2686, lr_0 = 5.5959e-04
Loss = 1.2080e-02, PNorm = 54.3451, GNorm = 1.1017, lr_0 = 5.5748e-04
Loss = 1.3401e-02, PNorm = 54.3827, GNorm = 1.0623, lr_0 = 5.5538e-04
Loss = 1.2076e-02, PNorm = 54.4329, GNorm = 1.4233, lr_0 = 5.5328e-04
Loss = 1.1269e-02, PNorm = 54.4849, GNorm = 1.0346, lr_0 = 5.5120e-04
Loss = 1.4454e-02, PNorm = 54.5451, GNorm = 2.3415, lr_0 = 5.4912e-04
Loss = 1.3227e-02, PNorm = 54.5823, GNorm = 1.3901, lr_0 = 5.4705e-04
Loss = 1.3113e-02, PNorm = 54.6307, GNorm = 1.4712, lr_0 = 5.4498e-04
Loss = 1.1785e-02, PNorm = 54.6659, GNorm = 1.1771, lr_0 = 5.4293e-04
Loss = 1.1499e-02, PNorm = 54.7155, GNorm = 1.0538, lr_0 = 5.4088e-04
Loss = 1.2635e-02, PNorm = 54.7612, GNorm = 1.1624, lr_0 = 5.3884e-04
Loss = 1.2430e-02, PNorm = 54.8029, GNorm = 1.7422, lr_0 = 5.3681e-04
Validation rmse = 0.796590
Epoch 15
Loss = 1.2116e-02, PNorm = 54.8388, GNorm = 1.5364, lr_0 = 5.3479e-04
Loss = 1.1444e-02, PNorm = 54.8908, GNorm = 1.2988, lr_0 = 5.3277e-04
Loss = 1.1258e-02, PNorm = 54.9365, GNorm = 2.2397, lr_0 = 5.3076e-04
Loss = 1.3470e-02, PNorm = 54.9857, GNorm = 1.4228, lr_0 = 5.2876e-04
Loss = 1.1816e-02, PNorm = 55.0345, GNorm = 1.8643, lr_0 = 5.2677e-04
Loss = 1.3344e-02, PNorm = 55.0851, GNorm = 1.2586, lr_0 = 5.2478e-04
Loss = 1.1487e-02, PNorm = 55.1345, GNorm = 1.0322, lr_0 = 5.2281e-04
Loss = 1.0794e-02, PNorm = 55.1803, GNorm = 1.3189, lr_0 = 5.2083e-04
Loss = 1.1262e-02, PNorm = 55.1976, GNorm = 1.5691, lr_0 = 5.1887e-04
Loss = 1.2521e-02, PNorm = 55.2380, GNorm = 1.2835, lr_0 = 5.1691e-04
Loss = 1.2691e-02, PNorm = 55.2900, GNorm = 1.1344, lr_0 = 5.1497e-04
Loss = 1.3130e-02, PNorm = 55.3245, GNorm = 2.0134, lr_0 = 5.1302e-04
Loss = 1.5122e-02, PNorm = 55.3673, GNorm = 1.0070, lr_0 = 5.1109e-04
Validation rmse = 0.796612
Epoch 16
Loss = 1.2407e-02, PNorm = 55.4143, GNorm = 1.4702, lr_0 = 5.0916e-04
Loss = 1.2504e-02, PNorm = 55.4575, GNorm = 1.1976, lr_0 = 5.0724e-04
Loss = 1.1551e-02, PNorm = 55.5063, GNorm = 1.7248, lr_0 = 5.0533e-04
Loss = 1.0260e-02, PNorm = 55.5429, GNorm = 0.6828, lr_0 = 5.0343e-04
Loss = 1.1548e-02, PNorm = 55.5779, GNorm = 2.1912, lr_0 = 5.0153e-04
Loss = 1.0921e-02, PNorm = 55.6244, GNorm = 1.0819, lr_0 = 4.9964e-04
Loss = 1.4032e-02, PNorm = 55.6581, GNorm = 1.4726, lr_0 = 4.9775e-04
Loss = 1.4480e-02, PNorm = 55.6737, GNorm = 1.4999, lr_0 = 4.9588e-04
Loss = 1.1537e-02, PNorm = 55.7015, GNorm = 1.2126, lr_0 = 4.9401e-04
Loss = 1.3785e-02, PNorm = 55.7469, GNorm = 0.9025, lr_0 = 4.9215e-04
Loss = 1.0321e-02, PNorm = 55.7845, GNorm = 1.0792, lr_0 = 4.9029e-04
Loss = 1.2511e-02, PNorm = 55.8153, GNorm = 1.1961, lr_0 = 4.8844e-04
Validation rmse = 0.798832
Epoch 17
Loss = 2.1650e-02, PNorm = 55.8507, GNorm = 2.0917, lr_0 = 4.8660e-04
Loss = 1.2124e-02, PNorm = 55.8832, GNorm = 1.2120, lr_0 = 4.8477e-04
Loss = 1.0166e-02, PNorm = 55.9156, GNorm = 1.1872, lr_0 = 4.8294e-04
Loss = 1.2872e-02, PNorm = 55.9537, GNorm = 1.6106, lr_0 = 4.8112e-04
Loss = 1.3081e-02, PNorm = 55.9995, GNorm = 0.9833, lr_0 = 4.7930e-04
Loss = 9.5315e-03, PNorm = 56.0347, GNorm = 1.0717, lr_0 = 4.7750e-04
Loss = 1.2392e-02, PNorm = 56.0816, GNorm = 0.7352, lr_0 = 4.7570e-04
Loss = 1.1838e-02, PNorm = 56.1307, GNorm = 1.0297, lr_0 = 4.7390e-04
Loss = 1.1238e-02, PNorm = 56.1601, GNorm = 0.7992, lr_0 = 4.7212e-04
Loss = 1.0631e-02, PNorm = 56.1875, GNorm = 1.1441, lr_0 = 4.7034e-04
Loss = 1.3114e-02, PNorm = 56.2225, GNorm = 1.2416, lr_0 = 4.6856e-04
Loss = 1.1881e-02, PNorm = 56.2617, GNorm = 1.0451, lr_0 = 4.6680e-04
Loss = 1.1949e-02, PNorm = 56.2975, GNorm = 0.8431, lr_0 = 4.6504e-04
Validation rmse = 0.784492
Epoch 18
Loss = 1.4333e-02, PNorm = 56.3349, GNorm = 1.2451, lr_0 = 4.6328e-04
Loss = 1.1600e-02, PNorm = 56.3674, GNorm = 1.0059, lr_0 = 4.6154e-04
Loss = 1.2178e-02, PNorm = 56.3993, GNorm = 2.0309, lr_0 = 4.5980e-04
Loss = 1.2490e-02, PNorm = 56.4332, GNorm = 1.5651, lr_0 = 4.5806e-04
Loss = 1.4482e-02, PNorm = 56.4671, GNorm = 1.8596, lr_0 = 4.5634e-04
Loss = 9.7179e-03, PNorm = 56.4992, GNorm = 1.4069, lr_0 = 4.5462e-04
Loss = 1.1048e-02, PNorm = 56.5333, GNorm = 1.1707, lr_0 = 4.5290e-04
Loss = 1.0353e-02, PNorm = 56.5629, GNorm = 1.6991, lr_0 = 4.5119e-04
Loss = 1.0630e-02, PNorm = 56.5917, GNorm = 1.4295, lr_0 = 4.4949e-04
Loss = 1.1873e-02, PNorm = 56.6245, GNorm = 0.8441, lr_0 = 4.4780e-04
Loss = 1.2513e-02, PNorm = 56.6597, GNorm = 1.7303, lr_0 = 4.4611e-04
Loss = 1.0436e-02, PNorm = 56.6950, GNorm = 1.3332, lr_0 = 4.4443e-04
Loss = 1.1286e-02, PNorm = 56.7313, GNorm = 1.0032, lr_0 = 4.4275e-04
Validation rmse = 0.789393
Epoch 19
Loss = 1.1770e-02, PNorm = 56.7618, GNorm = 1.1126, lr_0 = 4.4108e-04
Loss = 1.0528e-02, PNorm = 56.7884, GNorm = 1.1342, lr_0 = 4.3942e-04
Loss = 1.2680e-02, PNorm = 56.8307, GNorm = 1.4250, lr_0 = 4.3776e-04
Loss = 1.2769e-02, PNorm = 56.8789, GNorm = 0.9550, lr_0 = 4.3611e-04
Loss = 1.1464e-02, PNorm = 56.9100, GNorm = 1.1953, lr_0 = 4.3447e-04
Loss = 1.0535e-02, PNorm = 56.9454, GNorm = 1.0469, lr_0 = 4.3283e-04
Loss = 1.1910e-02, PNorm = 56.9843, GNorm = 1.9245, lr_0 = 4.3120e-04
Loss = 1.0415e-02, PNorm = 57.0206, GNorm = 1.0137, lr_0 = 4.2957e-04
Loss = 1.2739e-02, PNorm = 57.0514, GNorm = 1.5862, lr_0 = 4.2795e-04
Loss = 1.0771e-02, PNorm = 57.0823, GNorm = 1.5214, lr_0 = 4.2634e-04
Loss = 1.0520e-02, PNorm = 57.1118, GNorm = 1.8860, lr_0 = 4.2473e-04
Loss = 1.3246e-02, PNorm = 57.1416, GNorm = 1.8880, lr_0 = 4.2313e-04
Loss = 9.4056e-03, PNorm = 57.1635, GNorm = 1.0525, lr_0 = 4.2154e-04
Validation rmse = 0.786754
Epoch 20
Loss = 9.6667e-03, PNorm = 57.2010, GNorm = 1.4420, lr_0 = 4.1995e-04
Loss = 9.9459e-03, PNorm = 57.2337, GNorm = 1.4495, lr_0 = 4.1836e-04
Loss = 1.1212e-02, PNorm = 57.2592, GNorm = 1.1446, lr_0 = 4.1679e-04
Loss = 1.0832e-02, PNorm = 57.2849, GNorm = 1.3025, lr_0 = 4.1522e-04
Loss = 1.0766e-02, PNorm = 57.3197, GNorm = 1.8046, lr_0 = 4.1365e-04
Loss = 1.1185e-02, PNorm = 57.3550, GNorm = 1.1859, lr_0 = 4.1209e-04
Loss = 1.3554e-02, PNorm = 57.3945, GNorm = 1.2388, lr_0 = 4.1054e-04
Loss = 1.3659e-02, PNorm = 57.4347, GNorm = 1.1855, lr_0 = 4.0899e-04
Loss = 1.0932e-02, PNorm = 57.4574, GNorm = 1.5782, lr_0 = 4.0745e-04
Loss = 1.0418e-02, PNorm = 57.4831, GNorm = 1.1047, lr_0 = 4.0591e-04
Loss = 1.3627e-02, PNorm = 57.5002, GNorm = 1.1578, lr_0 = 4.0438e-04
Loss = 1.0599e-02, PNorm = 57.5289, GNorm = 1.0806, lr_0 = 4.0286e-04
Validation rmse = 0.780411
Epoch 21
Loss = 9.7172e-03, PNorm = 57.5563, GNorm = 0.9467, lr_0 = 4.0134e-04
Loss = 9.4997e-03, PNorm = 57.5809, GNorm = 0.8135, lr_0 = 3.9983e-04
Loss = 1.2075e-02, PNorm = 57.6094, GNorm = 1.3230, lr_0 = 3.9832e-04
Loss = 1.2945e-02, PNorm = 57.6449, GNorm = 1.6896, lr_0 = 3.9682e-04
Loss = 1.1594e-02, PNorm = 57.6759, GNorm = 2.0891, lr_0 = 3.9532e-04
Loss = 9.4664e-03, PNorm = 57.7015, GNorm = 0.7947, lr_0 = 3.9383e-04
Loss = 1.0751e-02, PNorm = 57.7182, GNorm = 1.4726, lr_0 = 3.9234e-04
Loss = 1.0390e-02, PNorm = 57.7378, GNorm = 1.2277, lr_0 = 3.9087e-04
Loss = 1.1066e-02, PNorm = 57.7607, GNorm = 2.2666, lr_0 = 3.8939e-04
Loss = 1.1562e-02, PNorm = 57.7877, GNorm = 2.1637, lr_0 = 3.8792e-04
Loss = 1.1519e-02, PNorm = 57.8243, GNorm = 0.9779, lr_0 = 3.8646e-04
Loss = 1.2380e-02, PNorm = 57.8497, GNorm = 1.0364, lr_0 = 3.8500e-04
Loss = 1.1370e-02, PNorm = 57.8795, GNorm = 1.4993, lr_0 = 3.8355e-04
Validation rmse = 0.782192
Epoch 22
Loss = 9.0487e-03, PNorm = 57.9061, GNorm = 1.2125, lr_0 = 3.8211e-04
Loss = 9.5500e-03, PNorm = 57.9298, GNorm = 1.1856, lr_0 = 3.8067e-04
Loss = 1.2420e-02, PNorm = 57.9494, GNorm = 1.4205, lr_0 = 3.7923e-04
Loss = 1.2255e-02, PNorm = 57.9816, GNorm = 1.3192, lr_0 = 3.7780e-04
Loss = 1.0997e-02, PNorm = 58.0199, GNorm = 1.3166, lr_0 = 3.7638e-04
Loss = 1.1480e-02, PNorm = 58.0452, GNorm = 1.1592, lr_0 = 3.7496e-04
Loss = 1.1279e-02, PNorm = 58.0677, GNorm = 1.1382, lr_0 = 3.7354e-04
Loss = 1.1630e-02, PNorm = 58.0918, GNorm = 2.0151, lr_0 = 3.7214e-04
Loss = 1.0854e-02, PNorm = 58.1206, GNorm = 1.1358, lr_0 = 3.7073e-04
Loss = 1.1901e-02, PNorm = 58.1512, GNorm = 1.0693, lr_0 = 3.6934e-04
Loss = 1.1601e-02, PNorm = 58.1853, GNorm = 1.8435, lr_0 = 3.6794e-04
Loss = 8.9840e-03, PNorm = 58.2123, GNorm = 0.8150, lr_0 = 3.6656e-04
Loss = 1.1010e-02, PNorm = 58.2343, GNorm = 1.0544, lr_0 = 3.6517e-04
Validation rmse = 0.787421
Epoch 23
Loss = 1.4174e-02, PNorm = 58.2667, GNorm = 2.7104, lr_0 = 3.6380e-04
Loss = 1.2709e-02, PNorm = 58.3014, GNorm = 1.7233, lr_0 = 3.6243e-04
Loss = 1.1669e-02, PNorm = 58.3380, GNorm = 1.4849, lr_0 = 3.6106e-04
Loss = 1.0375e-02, PNorm = 58.3687, GNorm = 1.2143, lr_0 = 3.5970e-04
Loss = 1.0230e-02, PNorm = 58.3945, GNorm = 1.2090, lr_0 = 3.5834e-04
Loss = 1.0368e-02, PNorm = 58.4155, GNorm = 1.5290, lr_0 = 3.5699e-04
Loss = 1.1318e-02, PNorm = 58.4303, GNorm = 1.0920, lr_0 = 3.5565e-04
Loss = 1.0568e-02, PNorm = 58.4484, GNorm = 0.9447, lr_0 = 3.5430e-04
Loss = 1.0531e-02, PNorm = 58.4746, GNorm = 1.7452, lr_0 = 3.5297e-04
Loss = 9.1766e-03, PNorm = 58.4944, GNorm = 1.1727, lr_0 = 3.5164e-04
Loss = 9.2361e-03, PNorm = 58.5085, GNorm = 1.1752, lr_0 = 3.5031e-04
Loss = 1.1319e-02, PNorm = 58.5282, GNorm = 1.8866, lr_0 = 3.4899e-04
Validation rmse = 0.777792
Epoch 24
Loss = 1.3451e-02, PNorm = 58.5562, GNorm = 1.1965, lr_0 = 3.4768e-04
Loss = 1.1056e-02, PNorm = 58.5857, GNorm = 1.0072, lr_0 = 3.4637e-04
Loss = 1.0630e-02, PNorm = 58.6075, GNorm = 1.0558, lr_0 = 3.4506e-04
Loss = 1.1151e-02, PNorm = 58.6286, GNorm = 1.2405, lr_0 = 3.4376e-04
Loss = 1.1456e-02, PNorm = 58.6542, GNorm = 2.2559, lr_0 = 3.4246e-04
Loss = 1.0028e-02, PNorm = 58.6784, GNorm = 1.5446, lr_0 = 3.4117e-04
Loss = 1.1055e-02, PNorm = 58.6950, GNorm = 0.8364, lr_0 = 3.3989e-04
Loss = 1.0392e-02, PNorm = 58.7225, GNorm = 1.3431, lr_0 = 3.3860e-04
Loss = 1.1717e-02, PNorm = 58.7612, GNorm = 1.5646, lr_0 = 3.3733e-04
Loss = 9.8838e-03, PNorm = 58.8002, GNorm = 1.5821, lr_0 = 3.3606e-04
Loss = 1.0675e-02, PNorm = 58.8255, GNorm = 1.3428, lr_0 = 3.3479e-04
Loss = 9.7505e-03, PNorm = 58.8401, GNorm = 0.8932, lr_0 = 3.3353e-04
Loss = 9.9427e-03, PNorm = 58.8560, GNorm = 0.7049, lr_0 = 3.3227e-04
Validation rmse = 0.768332
Epoch 25
Loss = 8.3517e-03, PNorm = 58.8769, GNorm = 1.2538, lr_0 = 3.3102e-04
Loss = 9.4902e-03, PNorm = 58.8951, GNorm = 1.7623, lr_0 = 3.2977e-04
Loss = 1.0844e-02, PNorm = 58.9154, GNorm = 2.1227, lr_0 = 3.2852e-04
Loss = 8.3847e-03, PNorm = 58.9459, GNorm = 0.9000, lr_0 = 3.2729e-04
Loss = 1.2980e-02, PNorm = 58.9707, GNorm = 1.2606, lr_0 = 3.2605e-04
Loss = 1.1139e-02, PNorm = 58.9937, GNorm = 2.2976, lr_0 = 3.2482e-04
Loss = 9.4111e-03, PNorm = 59.0185, GNorm = 1.0675, lr_0 = 3.2360e-04
Loss = 1.1883e-02, PNorm = 59.0371, GNorm = 1.0798, lr_0 = 3.2238e-04
Loss = 1.2164e-02, PNorm = 59.0602, GNorm = 1.0210, lr_0 = 3.2116e-04
Loss = 9.6092e-03, PNorm = 59.0831, GNorm = 0.8440, lr_0 = 3.1995e-04
Loss = 9.1945e-03, PNorm = 59.1045, GNorm = 1.2403, lr_0 = 3.1875e-04
Loss = 1.2774e-02, PNorm = 59.1191, GNorm = 1.4068, lr_0 = 3.1754e-04
Loss = 9.2865e-03, PNorm = 59.1345, GNorm = 1.1085, lr_0 = 3.1635e-04
Validation rmse = 0.774043
Epoch 26
Loss = 9.2097e-03, PNorm = 59.1591, GNorm = 1.3383, lr_0 = 3.1515e-04
Loss = 1.1007e-02, PNorm = 59.1827, GNorm = 1.2746, lr_0 = 3.1397e-04
Loss = 8.8723e-03, PNorm = 59.2107, GNorm = 1.0650, lr_0 = 3.1278e-04
Loss = 1.0401e-02, PNorm = 59.2344, GNorm = 1.2723, lr_0 = 3.1160e-04
Loss = 9.4805e-03, PNorm = 59.2509, GNorm = 1.2984, lr_0 = 3.1043e-04
Loss = 1.1730e-02, PNorm = 59.2634, GNorm = 1.9897, lr_0 = 3.0926e-04
Loss = 9.5429e-03, PNorm = 59.2841, GNorm = 0.8755, lr_0 = 3.0809e-04
Loss = 1.1747e-02, PNorm = 59.3008, GNorm = 2.4623, lr_0 = 3.0693e-04
Loss = 1.2248e-02, PNorm = 59.3273, GNorm = 1.4078, lr_0 = 3.0577e-04
Loss = 1.0815e-02, PNorm = 59.3580, GNorm = 1.1848, lr_0 = 3.0462e-04
Loss = 1.1152e-02, PNorm = 59.3791, GNorm = 0.9016, lr_0 = 3.0347e-04
Loss = 9.4237e-03, PNorm = 59.4035, GNorm = 0.9304, lr_0 = 3.0233e-04
Validation rmse = 0.764812
Epoch 27
Loss = 9.4435e-03, PNorm = 59.4189, GNorm = 1.3813, lr_0 = 3.0119e-04
Loss = 9.5475e-03, PNorm = 59.4381, GNorm = 1.6887, lr_0 = 3.0005e-04
Loss = 1.0301e-02, PNorm = 59.4581, GNorm = 1.4809, lr_0 = 2.9892e-04
Loss = 9.8490e-03, PNorm = 59.4813, GNorm = 1.3658, lr_0 = 2.9779e-04
Loss = 9.7172e-03, PNorm = 59.5015, GNorm = 0.6428, lr_0 = 2.9667e-04
Loss = 9.6990e-03, PNorm = 59.5157, GNorm = 1.0297, lr_0 = 2.9555e-04
Loss = 1.1912e-02, PNorm = 59.5357, GNorm = 1.2909, lr_0 = 2.9444e-04
Loss = 1.0381e-02, PNorm = 59.5571, GNorm = 1.2296, lr_0 = 2.9333e-04
Loss = 1.0699e-02, PNorm = 59.5752, GNorm = 1.3255, lr_0 = 2.9222e-04
Loss = 9.3624e-03, PNorm = 59.5913, GNorm = 1.9007, lr_0 = 2.9112e-04
Loss = 1.0275e-02, PNorm = 59.6058, GNorm = 1.7259, lr_0 = 2.9002e-04
Loss = 1.0670e-02, PNorm = 59.6277, GNorm = 1.2715, lr_0 = 2.8893e-04
Loss = 1.1440e-02, PNorm = 59.6446, GNorm = 1.6598, lr_0 = 2.8784e-04
Validation rmse = 0.762510
Epoch 28
Loss = 1.0203e-02, PNorm = 59.6577, GNorm = 2.1068, lr_0 = 2.8676e-04
Loss = 9.8868e-03, PNorm = 59.6767, GNorm = 1.1854, lr_0 = 2.8568e-04
Loss = 9.2765e-03, PNorm = 59.7035, GNorm = 0.9602, lr_0 = 2.8460e-04
Loss = 1.0460e-02, PNorm = 59.7241, GNorm = 1.4400, lr_0 = 2.8353e-04
Loss = 1.0844e-02, PNorm = 59.7460, GNorm = 1.0580, lr_0 = 2.8246e-04
Loss = 1.3180e-02, PNorm = 59.7729, GNorm = 1.7323, lr_0 = 2.8139e-04
Loss = 8.9462e-03, PNorm = 59.7906, GNorm = 1.4664, lr_0 = 2.8033e-04
Loss = 1.0546e-02, PNorm = 59.8087, GNorm = 1.9771, lr_0 = 2.7927e-04
Loss = 1.0091e-02, PNorm = 59.8284, GNorm = 1.0787, lr_0 = 2.7822e-04
Loss = 1.0083e-02, PNorm = 59.8437, GNorm = 1.1686, lr_0 = 2.7717e-04
Loss = 9.3114e-03, PNorm = 59.8607, GNorm = 1.2586, lr_0 = 2.7613e-04
Loss = 8.0661e-03, PNorm = 59.8761, GNorm = 1.1128, lr_0 = 2.7509e-04
Loss = 9.9470e-03, PNorm = 59.8836, GNorm = 1.3731, lr_0 = 2.7405e-04
Validation rmse = 0.770634
Epoch 29
Loss = 1.1940e-02, PNorm = 59.8996, GNorm = 1.7123, lr_0 = 2.7302e-04
Loss = 9.1342e-03, PNorm = 59.9274, GNorm = 1.3689, lr_0 = 2.7199e-04
Loss = 1.0872e-02, PNorm = 59.9601, GNorm = 1.5774, lr_0 = 2.7096e-04
Loss = 7.4897e-03, PNorm = 59.9764, GNorm = 1.1189, lr_0 = 2.6994e-04
Loss = 9.2681e-03, PNorm = 59.9890, GNorm = 1.3445, lr_0 = 2.6892e-04
Loss = 9.7905e-03, PNorm = 60.0043, GNorm = 1.2520, lr_0 = 2.6791e-04
Loss = 9.5144e-03, PNorm = 60.0184, GNorm = 1.5139, lr_0 = 2.6690e-04
Loss = 1.0003e-02, PNorm = 60.0354, GNorm = 1.0726, lr_0 = 2.6589e-04
Loss = 1.0126e-02, PNorm = 60.0566, GNorm = 1.8633, lr_0 = 2.6489e-04
Loss = 8.9656e-03, PNorm = 60.0672, GNorm = 0.9945, lr_0 = 2.6389e-04
Loss = 1.0097e-02, PNorm = 60.0772, GNorm = 1.7269, lr_0 = 2.6290e-04
Loss = 1.3395e-02, PNorm = 60.0931, GNorm = 2.5235, lr_0 = 2.6190e-04
Loss = 1.0274e-02, PNorm = 60.1136, GNorm = 1.5307, lr_0 = 2.6092e-04
Validation rmse = 0.768205
Epoch 30
Loss = 1.0544e-02, PNorm = 60.1308, GNorm = 1.7481, lr_0 = 2.5993e-04
Loss = 1.1240e-02, PNorm = 60.1551, GNorm = 1.4199, lr_0 = 2.5895e-04
Loss = 8.0439e-03, PNorm = 60.1711, GNorm = 1.2872, lr_0 = 2.5798e-04
Loss = 1.0010e-02, PNorm = 60.1844, GNorm = 1.1502, lr_0 = 2.5700e-04
Loss = 8.8957e-03, PNorm = 60.2020, GNorm = 1.1681, lr_0 = 2.5604e-04
Loss = 1.0605e-02, PNorm = 60.2142, GNorm = 1.0932, lr_0 = 2.5507e-04
Loss = 7.7342e-03, PNorm = 60.2286, GNorm = 0.9008, lr_0 = 2.5411e-04
Loss = 9.2275e-03, PNorm = 60.2385, GNorm = 1.1177, lr_0 = 2.5315e-04
Loss = 9.6145e-03, PNorm = 60.2541, GNorm = 2.1627, lr_0 = 2.5220e-04
Loss = 1.1195e-02, PNorm = 60.2733, GNorm = 1.1400, lr_0 = 2.5125e-04
Loss = 1.0529e-02, PNorm = 60.2932, GNorm = 1.1313, lr_0 = 2.5030e-04
Loss = 1.0907e-02, PNorm = 60.3078, GNorm = 1.9141, lr_0 = 2.4935e-04
Validation rmse = 0.761716
Epoch 31
Loss = 1.1541e-02, PNorm = 60.3249, GNorm = 1.3991, lr_0 = 2.4841e-04
Loss = 9.7092e-03, PNorm = 60.3367, GNorm = 1.7038, lr_0 = 2.4748e-04
Loss = 9.2819e-03, PNorm = 60.3554, GNorm = 1.5292, lr_0 = 2.4655e-04
Loss = 9.3610e-03, PNorm = 60.3743, GNorm = 1.7143, lr_0 = 2.4562e-04
Loss = 1.0919e-02, PNorm = 60.3902, GNorm = 0.7589, lr_0 = 2.4469e-04
Loss = 9.7530e-03, PNorm = 60.4040, GNorm = 1.0537, lr_0 = 2.4377e-04
Loss = 1.0183e-02, PNorm = 60.4192, GNorm = 1.7690, lr_0 = 2.4285e-04
Loss = 8.1474e-03, PNorm = 60.4285, GNorm = 0.8713, lr_0 = 2.4193e-04
Loss = 1.0994e-02, PNorm = 60.4453, GNorm = 1.5671, lr_0 = 2.4102e-04
Loss = 9.9971e-03, PNorm = 60.4628, GNorm = 1.7082, lr_0 = 2.4011e-04
Loss = 8.9463e-03, PNorm = 60.4794, GNorm = 0.9613, lr_0 = 2.3921e-04
Loss = 9.3516e-03, PNorm = 60.4941, GNorm = 2.0822, lr_0 = 2.3830e-04
Loss = 1.0957e-02, PNorm = 60.5121, GNorm = 1.6924, lr_0 = 2.3741e-04
Validation rmse = 0.763904
Epoch 32
Loss = 9.6474e-03, PNorm = 60.5283, GNorm = 2.1984, lr_0 = 2.3651e-04
Loss = 8.3084e-03, PNorm = 60.5466, GNorm = 1.1544, lr_0 = 2.3562e-04
Loss = 1.1524e-02, PNorm = 60.5658, GNorm = 2.3035, lr_0 = 2.3473e-04
Loss = 9.9922e-03, PNorm = 60.5845, GNorm = 1.3229, lr_0 = 2.3385e-04
Loss = 9.6427e-03, PNorm = 60.5973, GNorm = 1.2065, lr_0 = 2.3296e-04
Loss = 9.2491e-03, PNorm = 60.6096, GNorm = 1.1457, lr_0 = 2.3209e-04
Loss = 9.0259e-03, PNorm = 60.6250, GNorm = 1.1172, lr_0 = 2.3121e-04
Loss = 9.7255e-03, PNorm = 60.6371, GNorm = 1.5607, lr_0 = 2.3034e-04
Loss = 9.7225e-03, PNorm = 60.6498, GNorm = 1.8345, lr_0 = 2.2947e-04
Loss = 1.0937e-02, PNorm = 60.6669, GNorm = 2.0665, lr_0 = 2.2861e-04
Loss = 9.6995e-03, PNorm = 60.6750, GNorm = 1.4446, lr_0 = 2.2774e-04
Loss = 9.3349e-03, PNorm = 60.6855, GNorm = 0.7514, lr_0 = 2.2689e-04
Loss = 9.6650e-03, PNorm = 60.6992, GNorm = 0.8530, lr_0 = 2.2603e-04
Validation rmse = 0.757150
Epoch 33
Loss = 1.0847e-02, PNorm = 60.7110, GNorm = 1.6595, lr_0 = 2.2518e-04
Loss = 1.0888e-02, PNorm = 60.7261, GNorm = 1.2308, lr_0 = 2.2433e-04
Loss = 8.7359e-03, PNorm = 60.7415, GNorm = 1.1939, lr_0 = 2.2348e-04
Loss = 9.2754e-03, PNorm = 60.7546, GNorm = 1.3596, lr_0 = 2.2264e-04
Loss = 8.9287e-03, PNorm = 60.7664, GNorm = 1.1097, lr_0 = 2.2180e-04
Loss = 7.9334e-03, PNorm = 60.7798, GNorm = 1.0862, lr_0 = 2.2097e-04
Loss = 9.2156e-03, PNorm = 60.7939, GNorm = 2.4745, lr_0 = 2.2013e-04
Loss = 8.6673e-03, PNorm = 60.8094, GNorm = 1.4663, lr_0 = 2.1930e-04
Loss = 1.0060e-02, PNorm = 60.8264, GNorm = 1.1631, lr_0 = 2.1848e-04
Loss = 9.6326e-03, PNorm = 60.8457, GNorm = 1.1319, lr_0 = 2.1765e-04
Loss = 9.4987e-03, PNorm = 60.8597, GNorm = 1.0686, lr_0 = 2.1683e-04
Loss = 9.9464e-03, PNorm = 60.8707, GNorm = 1.7420, lr_0 = 2.1601e-04
Validation rmse = 0.756525
Epoch 34
Loss = 9.9896e-03, PNorm = 60.8811, GNorm = 1.5456, lr_0 = 2.1520e-04
Loss = 1.0207e-02, PNorm = 60.8960, GNorm = 1.1506, lr_0 = 2.1439e-04
Loss = 7.9350e-03, PNorm = 60.9110, GNorm = 1.3684, lr_0 = 2.1358e-04
Loss = 1.1357e-02, PNorm = 60.9255, GNorm = 1.7891, lr_0 = 2.1277e-04
Loss = 9.9419e-03, PNorm = 60.9410, GNorm = 1.3531, lr_0 = 2.1197e-04
Loss = 8.1165e-03, PNorm = 60.9545, GNorm = 1.4185, lr_0 = 2.1117e-04
Loss = 1.0235e-02, PNorm = 60.9672, GNorm = 1.6250, lr_0 = 2.1038e-04
Loss = 9.5296e-03, PNorm = 60.9786, GNorm = 1.6907, lr_0 = 2.0958e-04
Loss = 8.1640e-03, PNorm = 60.9889, GNorm = 0.8640, lr_0 = 2.0879e-04
Loss = 1.0117e-02, PNorm = 61.0006, GNorm = 1.2535, lr_0 = 2.0801e-04
Loss = 1.0823e-02, PNorm = 61.0086, GNorm = 1.5837, lr_0 = 2.0722e-04
Loss = 8.8692e-03, PNorm = 61.0224, GNorm = 1.2507, lr_0 = 2.0644e-04
Loss = 8.7893e-03, PNorm = 61.0365, GNorm = 1.4660, lr_0 = 2.0566e-04
Validation rmse = 0.761488
Epoch 35
Loss = 8.4393e-03, PNorm = 61.0498, GNorm = 1.6061, lr_0 = 2.0489e-04
Loss = 1.0645e-02, PNorm = 61.0589, GNorm = 1.7407, lr_0 = 2.0412e-04
Loss = 9.7524e-03, PNorm = 61.0680, GNorm = 1.2908, lr_0 = 2.0335e-04
Loss = 8.4993e-03, PNorm = 61.0793, GNorm = 0.9264, lr_0 = 2.0258e-04
Loss = 1.0538e-02, PNorm = 61.0875, GNorm = 1.2158, lr_0 = 2.0182e-04
Loss = 1.2026e-02, PNorm = 61.1001, GNorm = 2.0988, lr_0 = 2.0105e-04
Loss = 9.8481e-03, PNorm = 61.1152, GNorm = 1.4200, lr_0 = 2.0030e-04
Loss = 9.8367e-03, PNorm = 61.1319, GNorm = 1.8577, lr_0 = 1.9954e-04
Loss = 9.5049e-03, PNorm = 61.1463, GNorm = 1.3314, lr_0 = 1.9879e-04
Loss = 8.5097e-03, PNorm = 61.1569, GNorm = 1.1224, lr_0 = 1.9804e-04
Loss = 9.0075e-03, PNorm = 61.1682, GNorm = 3.1556, lr_0 = 1.9729e-04
Loss = 8.7258e-03, PNorm = 61.1827, GNorm = 1.4602, lr_0 = 1.9655e-04
Loss = 7.2683e-03, PNorm = 61.1955, GNorm = 1.5050, lr_0 = 1.9581e-04
Validation rmse = 0.759966
Epoch 36
Loss = 1.0118e-02, PNorm = 61.2049, GNorm = 1.9062, lr_0 = 1.9507e-04
Loss = 1.0388e-02, PNorm = 61.2177, GNorm = 0.9575, lr_0 = 1.9433e-04
Loss = 9.1973e-03, PNorm = 61.2324, GNorm = 0.8041, lr_0 = 1.9360e-04
Loss = 8.0405e-03, PNorm = 61.2448, GNorm = 1.4367, lr_0 = 1.9287e-04
Loss = 1.0193e-02, PNorm = 61.2592, GNorm = 1.2377, lr_0 = 1.9214e-04
Loss = 1.0466e-02, PNorm = 61.2705, GNorm = 1.8101, lr_0 = 1.9142e-04
Loss = 8.4049e-03, PNorm = 61.2798, GNorm = 1.0338, lr_0 = 1.9070e-04
Loss = 6.7618e-03, PNorm = 61.2876, GNorm = 1.3046, lr_0 = 1.8998e-04
Loss = 9.1186e-03, PNorm = 61.2983, GNorm = 1.4977, lr_0 = 1.8926e-04
Loss = 9.9591e-03, PNorm = 61.3092, GNorm = 1.7441, lr_0 = 1.8855e-04
Loss = 1.0026e-02, PNorm = 61.3174, GNorm = 1.3272, lr_0 = 1.8784e-04
Loss = 9.6823e-03, PNorm = 61.3297, GNorm = 1.3587, lr_0 = 1.8713e-04
Validation rmse = 0.754852
Epoch 37
Loss = 5.8555e-03, PNorm = 61.3424, GNorm = 1.1071, lr_0 = 1.8643e-04
Loss = 7.7069e-03, PNorm = 61.3549, GNorm = 1.3630, lr_0 = 1.8572e-04
Loss = 8.1210e-03, PNorm = 61.3657, GNorm = 1.3037, lr_0 = 1.8502e-04
Loss = 1.2010e-02, PNorm = 61.3779, GNorm = 1.6053, lr_0 = 1.8432e-04
Loss = 9.6236e-03, PNorm = 61.3905, GNorm = 1.5368, lr_0 = 1.8363e-04
Loss = 1.0369e-02, PNorm = 61.3999, GNorm = 1.3304, lr_0 = 1.8294e-04
Loss = 1.0347e-02, PNorm = 61.4129, GNorm = 1.0537, lr_0 = 1.8225e-04
Loss = 8.4568e-03, PNorm = 61.4243, GNorm = 1.3498, lr_0 = 1.8156e-04
Loss = 8.2298e-03, PNorm = 61.4391, GNorm = 1.3377, lr_0 = 1.8088e-04
Loss = 8.9500e-03, PNorm = 61.4502, GNorm = 1.5464, lr_0 = 1.8019e-04
Loss = 8.6512e-03, PNorm = 61.4576, GNorm = 1.4639, lr_0 = 1.7952e-04
Loss = 9.5307e-03, PNorm = 61.4634, GNorm = 2.3696, lr_0 = 1.7884e-04
Loss = 9.5106e-03, PNorm = 61.4743, GNorm = 1.3633, lr_0 = 1.7816e-04
Validation rmse = 0.751929
Epoch 38
Loss = 9.2252e-03, PNorm = 61.4866, GNorm = 1.2770, lr_0 = 1.7749e-04
Loss = 7.8348e-03, PNorm = 61.4951, GNorm = 1.3918, lr_0 = 1.7682e-04
Loss = 7.5537e-03, PNorm = 61.5033, GNorm = 1.1252, lr_0 = 1.7616e-04
Loss = 8.4067e-03, PNorm = 61.5122, GNorm = 0.8125, lr_0 = 1.7549e-04
Loss = 9.9967e-03, PNorm = 61.5223, GNorm = 2.0223, lr_0 = 1.7483e-04
Loss = 1.0197e-02, PNorm = 61.5344, GNorm = 1.2741, lr_0 = 1.7417e-04
Loss = 8.7649e-03, PNorm = 61.5481, GNorm = 1.4717, lr_0 = 1.7352e-04
Loss = 9.8669e-03, PNorm = 61.5598, GNorm = 1.0866, lr_0 = 1.7286e-04
Loss = 8.9325e-03, PNorm = 61.5697, GNorm = 0.8785, lr_0 = 1.7221e-04
Loss = 1.0507e-02, PNorm = 61.5766, GNorm = 1.9355, lr_0 = 1.7156e-04
Loss = 8.8337e-03, PNorm = 61.5842, GNorm = 1.3771, lr_0 = 1.7091e-04
Loss = 9.0260e-03, PNorm = 61.5941, GNorm = 1.4181, lr_0 = 1.7027e-04
Loss = 9.6529e-03, PNorm = 61.6040, GNorm = 2.0753, lr_0 = 1.6963e-04
Validation rmse = 0.752850
Epoch 39
Loss = 8.3521e-03, PNorm = 61.6152, GNorm = 1.8211, lr_0 = 1.6899e-04
Loss = 9.2444e-03, PNorm = 61.6284, GNorm = 1.3575, lr_0 = 1.6835e-04
Loss = 8.9607e-03, PNorm = 61.6404, GNorm = 1.0580, lr_0 = 1.6772e-04
Loss = 9.6000e-03, PNorm = 61.6527, GNorm = 1.3135, lr_0 = 1.6708e-04
Loss = 7.3023e-03, PNorm = 61.6632, GNorm = 1.2160, lr_0 = 1.6645e-04
Loss = 9.6249e-03, PNorm = 61.6724, GNorm = 1.2587, lr_0 = 1.6583e-04
Loss = 9.1394e-03, PNorm = 61.6808, GNorm = 1.7665, lr_0 = 1.6520e-04
Loss = 8.7994e-03, PNorm = 61.6910, GNorm = 1.1102, lr_0 = 1.6458e-04
Loss = 9.2041e-03, PNorm = 61.7008, GNorm = 1.3921, lr_0 = 1.6396e-04
Loss = 6.7004e-03, PNorm = 61.7080, GNorm = 1.5675, lr_0 = 1.6334e-04
Loss = 9.5550e-03, PNorm = 61.7144, GNorm = 1.6399, lr_0 = 1.6272e-04
Loss = 9.4554e-03, PNorm = 61.7228, GNorm = 2.0743, lr_0 = 1.6211e-04
Loss = 1.1335e-02, PNorm = 61.7324, GNorm = 1.6332, lr_0 = 1.6150e-04
Validation rmse = 0.754696
Epoch 40
Loss = 8.7065e-03, PNorm = 61.7421, GNorm = 1.6882, lr_0 = 1.6089e-04
Loss = 8.7397e-03, PNorm = 61.7531, GNorm = 1.9963, lr_0 = 1.6028e-04
Loss = 7.6405e-03, PNorm = 61.7598, GNorm = 1.2377, lr_0 = 1.5968e-04
Loss = 1.0489e-02, PNorm = 61.7664, GNorm = 0.9884, lr_0 = 1.5908e-04
Loss = 1.0985e-02, PNorm = 61.7764, GNorm = 2.2103, lr_0 = 1.5848e-04
Loss = 7.2747e-03, PNorm = 61.7841, GNorm = 1.3776, lr_0 = 1.5788e-04
Loss = 8.9741e-03, PNorm = 61.7917, GNorm = 1.5041, lr_0 = 1.5728e-04
Loss = 9.3608e-03, PNorm = 61.8006, GNorm = 1.3353, lr_0 = 1.5669e-04
Loss = 1.0278e-02, PNorm = 61.8111, GNorm = 1.5075, lr_0 = 1.5610e-04
Loss = 8.3773e-03, PNorm = 61.8195, GNorm = 1.1488, lr_0 = 1.5551e-04
Loss = 8.2793e-03, PNorm = 61.8292, GNorm = 1.3089, lr_0 = 1.5493e-04
Loss = 8.1481e-03, PNorm = 61.8385, GNorm = 1.3689, lr_0 = 1.5434e-04
Validation rmse = 0.754389
Epoch 41
Loss = 8.5783e-03, PNorm = 61.8480, GNorm = 1.6587, lr_0 = 1.5376e-04
Loss = 9.2999e-03, PNorm = 61.8559, GNorm = 1.0235, lr_0 = 1.5318e-04
Loss = 9.4159e-03, PNorm = 61.8649, GNorm = 1.3057, lr_0 = 1.5260e-04
Loss = 9.0344e-03, PNorm = 61.8775, GNorm = 1.1328, lr_0 = 1.5203e-04
Loss = 8.8266e-03, PNorm = 61.8865, GNorm = 1.2077, lr_0 = 1.5145e-04
Loss = 9.2456e-03, PNorm = 61.8939, GNorm = 1.3131, lr_0 = 1.5088e-04
Loss = 8.3389e-03, PNorm = 61.9035, GNorm = 1.3320, lr_0 = 1.5031e-04
Loss = 8.2667e-03, PNorm = 61.9107, GNorm = 1.6960, lr_0 = 1.4975e-04
Loss = 9.9425e-03, PNorm = 61.9202, GNorm = 1.2770, lr_0 = 1.4918e-04
Loss = 7.2568e-03, PNorm = 61.9285, GNorm = 1.0483, lr_0 = 1.4862e-04
Loss = 9.4209e-03, PNorm = 61.9363, GNorm = 1.2362, lr_0 = 1.4806e-04
Loss = 9.6572e-03, PNorm = 61.9449, GNorm = 1.3293, lr_0 = 1.4750e-04
Loss = 8.4439e-03, PNorm = 61.9498, GNorm = 1.2688, lr_0 = 1.4695e-04
Validation rmse = 0.762617
Epoch 42
Loss = 1.1230e-02, PNorm = 61.9572, GNorm = 1.7836, lr_0 = 1.4639e-04
Loss = 9.9022e-03, PNorm = 61.9669, GNorm = 1.2902, lr_0 = 1.4584e-04
Loss = 7.7697e-03, PNorm = 61.9760, GNorm = 1.5690, lr_0 = 1.4529e-04
Loss = 7.9992e-03, PNorm = 61.9829, GNorm = 1.1717, lr_0 = 1.4474e-04
Loss = 7.5691e-03, PNorm = 61.9928, GNorm = 0.9954, lr_0 = 1.4420e-04
Loss = 8.1995e-03, PNorm = 62.0030, GNorm = 1.7158, lr_0 = 1.4365e-04
Loss = 1.0067e-02, PNorm = 62.0106, GNorm = 1.5220, lr_0 = 1.4311e-04
Loss = 8.1748e-03, PNorm = 62.0204, GNorm = 1.2589, lr_0 = 1.4257e-04
Loss = 9.3877e-03, PNorm = 62.0313, GNorm = 1.3779, lr_0 = 1.4203e-04
Loss = 9.6798e-03, PNorm = 62.0412, GNorm = 1.0969, lr_0 = 1.4150e-04
Loss = 8.4420e-03, PNorm = 62.0496, GNorm = 1.6618, lr_0 = 1.4097e-04
Loss = 8.2419e-03, PNorm = 62.0547, GNorm = 1.0748, lr_0 = 1.4043e-04
Loss = 9.5669e-03, PNorm = 62.0596, GNorm = 1.8149, lr_0 = 1.3991e-04
Validation rmse = 0.749266
Epoch 43
Loss = 9.9281e-03, PNorm = 62.0675, GNorm = 1.1623, lr_0 = 1.3938e-04
Loss = 7.9233e-03, PNorm = 62.0769, GNorm = 1.1575, lr_0 = 1.3885e-04
Loss = 7.3295e-03, PNorm = 62.0834, GNorm = 0.9590, lr_0 = 1.3833e-04
Loss = 7.8312e-03, PNorm = 62.0911, GNorm = 1.2362, lr_0 = 1.3781e-04
Loss = 9.1968e-03, PNorm = 62.1003, GNorm = 1.8222, lr_0 = 1.3729e-04
Loss = 8.3720e-03, PNorm = 62.1072, GNorm = 1.5992, lr_0 = 1.3677e-04
Loss = 7.7839e-03, PNorm = 62.1134, GNorm = 1.2188, lr_0 = 1.3625e-04
Loss = 9.0982e-03, PNorm = 62.1219, GNorm = 1.3847, lr_0 = 1.3574e-04
Loss = 9.6906e-03, PNorm = 62.1292, GNorm = 1.4975, lr_0 = 1.3523e-04
Loss = 9.4987e-03, PNorm = 62.1350, GNorm = 1.4961, lr_0 = 1.3472e-04
Loss = 8.9663e-03, PNorm = 62.1412, GNorm = 1.0381, lr_0 = 1.3421e-04
Loss = 9.9590e-03, PNorm = 62.1518, GNorm = 1.3270, lr_0 = 1.3371e-04
Validation rmse = 0.745249
Epoch 44
Loss = 8.0663e-03, PNorm = 62.1574, GNorm = 1.7626, lr_0 = 1.3320e-04
Loss = 7.8820e-03, PNorm = 62.1625, GNorm = 1.2170, lr_0 = 1.3270e-04
Loss = 9.3606e-03, PNorm = 62.1699, GNorm = 1.1496, lr_0 = 1.3220e-04
Loss = 9.9037e-03, PNorm = 62.1782, GNorm = 1.1148, lr_0 = 1.3170e-04
Loss = 9.1074e-03, PNorm = 62.1847, GNorm = 1.6523, lr_0 = 1.3120e-04
Loss = 8.4977e-03, PNorm = 62.1920, GNorm = 1.2726, lr_0 = 1.3071e-04
Loss = 9.0628e-03, PNorm = 62.2006, GNorm = 1.3051, lr_0 = 1.3022e-04
Loss = 8.6424e-03, PNorm = 62.2124, GNorm = 1.2192, lr_0 = 1.2973e-04
Loss = 9.1917e-03, PNorm = 62.2213, GNorm = 1.9152, lr_0 = 1.2924e-04
Loss = 9.0346e-03, PNorm = 62.2270, GNorm = 1.1648, lr_0 = 1.2875e-04
Loss = 7.8201e-03, PNorm = 62.2313, GNorm = 0.9316, lr_0 = 1.2826e-04
Loss = 8.4504e-03, PNorm = 62.2360, GNorm = 1.5076, lr_0 = 1.2778e-04
Loss = 8.2726e-03, PNorm = 62.2417, GNorm = 1.2218, lr_0 = 1.2730e-04
Validation rmse = 0.747979
Epoch 45
Loss = 1.0842e-02, PNorm = 62.2484, GNorm = 1.3143, lr_0 = 1.2682e-04
Loss = 8.6628e-03, PNorm = 62.2557, GNorm = 1.4255, lr_0 = 1.2634e-04
Loss = 6.7528e-03, PNorm = 62.2627, GNorm = 1.7025, lr_0 = 1.2586e-04
Loss = 9.2773e-03, PNorm = 62.2708, GNorm = 1.3982, lr_0 = 1.2539e-04
Loss = 8.1357e-03, PNorm = 62.2780, GNorm = 1.5515, lr_0 = 1.2492e-04
Loss = 7.8498e-03, PNorm = 62.2835, GNorm = 1.1750, lr_0 = 1.2445e-04
Loss = 9.5091e-03, PNorm = 62.2887, GNorm = 1.3803, lr_0 = 1.2398e-04
Loss = 8.0232e-03, PNorm = 62.2946, GNorm = 1.2054, lr_0 = 1.2351e-04
Loss = 7.4754e-03, PNorm = 62.3016, GNorm = 1.1189, lr_0 = 1.2304e-04
Loss = 8.4272e-03, PNorm = 62.3075, GNorm = 1.5285, lr_0 = 1.2258e-04
Loss = 8.6423e-03, PNorm = 62.3154, GNorm = 0.9703, lr_0 = 1.2212e-04
Loss = 9.8961e-03, PNorm = 62.3226, GNorm = 2.4349, lr_0 = 1.2166e-04
Loss = 8.8259e-03, PNorm = 62.3300, GNorm = 1.6958, lr_0 = 1.2120e-04
Validation rmse = 0.741208
Epoch 46
Loss = 9.0158e-03, PNorm = 62.3344, GNorm = 1.9928, lr_0 = 1.2074e-04
Loss = 9.0195e-03, PNorm = 62.3387, GNorm = 2.7956, lr_0 = 1.2029e-04
Loss = 7.6970e-03, PNorm = 62.3431, GNorm = 1.9957, lr_0 = 1.1983e-04
Loss = 8.6243e-03, PNorm = 62.3455, GNorm = 1.9864, lr_0 = 1.1938e-04
Loss = 8.7352e-03, PNorm = 62.3518, GNorm = 1.3805, lr_0 = 1.1893e-04
Loss = 8.5903e-03, PNorm = 62.3599, GNorm = 1.5931, lr_0 = 1.1848e-04
Loss = 7.2482e-03, PNorm = 62.3664, GNorm = 1.1869, lr_0 = 1.1804e-04
Loss = 9.2407e-03, PNorm = 62.3725, GNorm = 1.2636, lr_0 = 1.1759e-04
Loss = 7.8930e-03, PNorm = 62.3784, GNorm = 1.5026, lr_0 = 1.1715e-04
Loss = 9.5487e-03, PNorm = 62.3851, GNorm = 1.3135, lr_0 = 1.1671e-04
Loss = 8.3695e-03, PNorm = 62.3931, GNorm = 1.2076, lr_0 = 1.1627e-04
Loss = 9.8399e-03, PNorm = 62.4014, GNorm = 3.0618, lr_0 = 1.1583e-04
Validation rmse = 0.748984
Epoch 47
Loss = 5.8375e-03, PNorm = 62.4077, GNorm = 1.1379, lr_0 = 1.1539e-04
Loss = 8.1219e-03, PNorm = 62.4154, GNorm = 1.1533, lr_0 = 1.1496e-04
Loss = 8.1565e-03, PNorm = 62.4222, GNorm = 1.3836, lr_0 = 1.1452e-04
Loss = 8.7122e-03, PNorm = 62.4272, GNorm = 1.5446, lr_0 = 1.1409e-04
Loss = 8.2852e-03, PNorm = 62.4332, GNorm = 1.4170, lr_0 = 1.1366e-04
Loss = 8.9863e-03, PNorm = 62.4393, GNorm = 1.0306, lr_0 = 1.1323e-04
Loss = 7.6807e-03, PNorm = 62.4438, GNorm = 1.9743, lr_0 = 1.1281e-04
Loss = 7.1212e-03, PNorm = 62.4489, GNorm = 0.9135, lr_0 = 1.1238e-04
Loss = 7.1873e-03, PNorm = 62.4538, GNorm = 1.6022, lr_0 = 1.1196e-04
Loss = 9.2263e-03, PNorm = 62.4591, GNorm = 1.5576, lr_0 = 1.1153e-04
Loss = 7.9836e-03, PNorm = 62.4661, GNorm = 1.5286, lr_0 = 1.1111e-04
Loss = 9.8282e-03, PNorm = 62.4707, GNorm = 1.9204, lr_0 = 1.1069e-04
Loss = 8.8842e-03, PNorm = 62.4773, GNorm = 1.6293, lr_0 = 1.1028e-04
Validation rmse = 0.754709
Epoch 48
Loss = 8.5628e-03, PNorm = 62.4859, GNorm = 1.1363, lr_0 = 1.0986e-04
Loss = 7.3611e-03, PNorm = 62.4927, GNorm = 1.1902, lr_0 = 1.0945e-04
Loss = 8.4722e-03, PNorm = 62.4976, GNorm = 1.2296, lr_0 = 1.0903e-04
Loss = 8.4223e-03, PNorm = 62.4997, GNorm = 1.4939, lr_0 = 1.0862e-04
Loss = 8.7845e-03, PNorm = 62.5051, GNorm = 1.8346, lr_0 = 1.0821e-04
Loss = 8.4242e-03, PNorm = 62.5121, GNorm = 1.7212, lr_0 = 1.0781e-04
Loss = 9.2970e-03, PNorm = 62.5207, GNorm = 2.0850, lr_0 = 1.0740e-04
Loss = 1.0245e-02, PNorm = 62.5272, GNorm = 1.3457, lr_0 = 1.0700e-04
Loss = 7.6642e-03, PNorm = 62.5329, GNorm = 1.0488, lr_0 = 1.0659e-04
Loss = 8.1332e-03, PNorm = 62.5395, GNorm = 1.1326, lr_0 = 1.0619e-04
Loss = 8.2467e-03, PNorm = 62.5455, GNorm = 1.4270, lr_0 = 1.0579e-04
Loss = 6.5423e-03, PNorm = 62.5495, GNorm = 1.7191, lr_0 = 1.0539e-04
Loss = 9.6231e-03, PNorm = 62.5537, GNorm = 1.4825, lr_0 = 1.0499e-04
Validation rmse = 0.742481
Epoch 49
Loss = 7.6464e-03, PNorm = 62.5610, GNorm = 1.9873, lr_0 = 1.0460e-04
Loss = 7.3791e-03, PNorm = 62.5679, GNorm = 1.2599, lr_0 = 1.0420e-04
Loss = 8.5780e-03, PNorm = 62.5735, GNorm = 1.8190, lr_0 = 1.0381e-04
Loss = 7.6209e-03, PNorm = 62.5769, GNorm = 1.3330, lr_0 = 1.0342e-04
Loss = 7.6667e-03, PNorm = 62.5806, GNorm = 1.5738, lr_0 = 1.0303e-04
Loss = 8.3371e-03, PNorm = 62.5851, GNorm = 1.3109, lr_0 = 1.0264e-04
Loss = 8.2012e-03, PNorm = 62.5909, GNorm = 1.1657, lr_0 = 1.0225e-04
Loss = 9.1745e-03, PNorm = 62.5969, GNorm = 3.1613, lr_0 = 1.0187e-04
Loss = 8.2608e-03, PNorm = 62.6012, GNorm = 1.3870, lr_0 = 1.0148e-04
Loss = 8.6351e-03, PNorm = 62.6049, GNorm = 1.0916, lr_0 = 1.0110e-04
Loss = 8.4697e-03, PNorm = 62.6108, GNorm = 1.3654, lr_0 = 1.0072e-04
Loss = 8.3666e-03, PNorm = 62.6191, GNorm = 0.9795, lr_0 = 1.0034e-04
Loss = 1.0897e-02, PNorm = 62.6254, GNorm = 0.8860, lr_0 = 1.0000e-04
Validation rmse = 0.743957
Model 0 best validation rmse = 0.741208 on epoch 45
Loading pretrained parameter "encoder.encoder.cached_zero_vector".
Loading pretrained parameter "encoder.encoder.W_i.weight".
Loading pretrained parameter "encoder.encoder.W_h.weight".
Loading pretrained parameter "encoder.encoder.W_o.weight".
Loading pretrained parameter "encoder.encoder.W_o.bias".
Loading pretrained parameter "ffn.1.weight".
Loading pretrained parameter "ffn.1.bias".
Loading pretrained parameter "ffn.4.weight".
Loading pretrained parameter "ffn.4.bias".
Model 0 test rmse = 0.778669
Ensemble test rmse = 0.778669
1-fold cross validation
Seed 5 ==> test rmse = 0.778669
Overall test rmse = 0.778669 +/- 0.000000
Fold 0
{'activation': 'ReLU',
 'atom_messages': False,
 'batch_size': 50,
 'bias': False,
 'checkpoint_dir': None,
 'checkpoint_path': None,
 'checkpoint_paths': None,
 'config_path': None,
 'crossval_index_dir': None,
 'crossval_index_file': None,
 'cuda': False,
 'data_path': 'Data/Multitask_data/All_datasets/Splits/All_random/train.csv',
 'dataset_type': 'regression',
 'depth': 3,
 'dropout': 0.0,
 'ensemble_size': 1,
 'epochs': 50,
 'features_generator': None,
 'features_only': False,
 'features_path': ['Data/Multitask_data/All_datasets/Splits/All_random/train_extra_x.csv'],
 'features_scaling': True,
 'ffn_hidden_size': 300,
 'ffn_num_layers': 2,
 'final_lr': 0.0001,
 'folds_file': None,
 'gpu': None,
 'hidden_size': 600,
 'init_lr': 0.0001,
 'log_frequency': 10,
 'max_data_size': None,
 'max_lr': 0.001,
 'metric': 'rmse',
 'minimize_score': True,
 'multiclass_num_classes': 3,
 'no_cache': False,
 'num_folds': 1,
 'num_lrs': 1,
 'quiet': False,
 'save_dir': 'Data/Multitask_data/All_datasets/Splits/All_random/trained_model/fold_0',
 'save_smiles_splits': False,
 'seed': 5,
 'separate_test_features_path': ['Data/Multitask_data/All_datasets/Splits/All_random/test_extra_x.csv'],
 'separate_test_path': 'Data/Multitask_data/All_datasets/Splits/All_random/test.csv',
 'separate_val_features_path': ['Data/Multitask_data/All_datasets/Splits/All_random/valid_extra_x.csv'],
 'separate_val_path': 'Data/Multitask_data/All_datasets/Splits/All_random/valid.csv',
 'show_individual_scores': False,
 'split_sizes': [0.675, 0.075, 0.25],
 'split_type': 'random',
 'test': False,
 'test_fold_index': None,
 'undirected': False,
 'use_compound_names': False,
 'use_input_features': True,
 'val_fold_index': None,
 'warmup_epochs': 2.0}
Loading data
Number of tasks = 1
Splitting data with seed 5
Total size = 6,382 | train size = 6,382 | val size = 1,448 | test size = 1,396
Fitting scaler
Building model 0
MoleculeModel(
  (encoder): MPN(
    (encoder): MPNEncoder(
      (dropout_layer): Dropout(p=0.0, inplace=False)
      (act_func): ReLU()
      (W_i): Linear(in_features=147, out_features=600, bias=False)
      (W_h): Linear(in_features=600, out_features=600, bias=False)
      (W_o): Linear(in_features=733, out_features=600, bias=True)
    )
  )
  (ffn): Sequential(
    (0): Dropout(p=0.0, inplace=False)
    (1): Linear(in_features=626, out_features=300, bias=True)
    (2): ReLU()
    (3): Dropout(p=0.0, inplace=False)
    (4): Linear(in_features=300, out_features=1, bias=True)
  )
)
Number of parameters = 1,077,001
Epoch 0
Loss = 1.8548e-02, PNorm = 43.6429, GNorm = 4.0203, lr_0 = 1.3898e-04
Loss = 2.0369e-02, PNorm = 43.6446, GNorm = 1.4202, lr_0 = 1.7441e-04
Loss = 2.0835e-02, PNorm = 43.6514, GNorm = 1.3689, lr_0 = 2.0984e-04
Loss = 1.7943e-02, PNorm = 43.6580, GNorm = 1.6450, lr_0 = 2.4528e-04
Loss = 2.1717e-02, PNorm = 43.6630, GNorm = 3.9346, lr_0 = 2.8071e-04
Loss = 1.7138e-02, PNorm = 43.6707, GNorm = 1.7678, lr_0 = 3.1614e-04
Loss = 1.7627e-02, PNorm = 43.6784, GNorm = 1.3887, lr_0 = 3.5157e-04
Loss = 2.0148e-02, PNorm = 43.6883, GNorm = 3.2069, lr_0 = 3.8701e-04
Loss = 2.1147e-02, PNorm = 43.7024, GNorm = 2.2927, lr_0 = 4.2244e-04
Loss = 1.9804e-02, PNorm = 43.7274, GNorm = 1.6290, lr_0 = 4.5787e-04
Loss = 1.8808e-02, PNorm = 43.7445, GNorm = 2.2317, lr_0 = 4.9331e-04
Loss = 1.8363e-02, PNorm = 43.7653, GNorm = 0.8976, lr_0 = 5.2874e-04
Validation rmse = 0.957357
Epoch 1
Loss = 2.3495e-02, PNorm = 43.7856, GNorm = 4.6721, lr_0 = 5.6417e-04
Loss = 1.7309e-02, PNorm = 43.8107, GNorm = 1.3102, lr_0 = 5.9961e-04
Loss = 1.8340e-02, PNorm = 43.8467, GNorm = 2.1536, lr_0 = 6.3504e-04
Loss = 1.8798e-02, PNorm = 43.8737, GNorm = 1.3018, lr_0 = 6.7047e-04
Loss = 1.9762e-02, PNorm = 43.9092, GNorm = 1.4712, lr_0 = 7.0591e-04
Loss = 1.6549e-02, PNorm = 43.9469, GNorm = 1.2221, lr_0 = 7.4134e-04
Loss = 2.0578e-02, PNorm = 43.9827, GNorm = 1.0121, lr_0 = 7.7677e-04
Loss = 1.7740e-02, PNorm = 44.0119, GNorm = 2.1343, lr_0 = 8.1220e-04
Loss = 1.9220e-02, PNorm = 44.0625, GNorm = 1.2269, lr_0 = 8.4764e-04
Loss = 1.6700e-02, PNorm = 44.1067, GNorm = 1.0670, lr_0 = 8.8307e-04
Loss = 1.8673e-02, PNorm = 44.1479, GNorm = 1.3272, lr_0 = 9.1850e-04
Loss = 1.9523e-02, PNorm = 44.2145, GNorm = 1.8524, lr_0 = 9.5394e-04
Loss = 1.3979e-02, PNorm = 44.2708, GNorm = 2.5277, lr_0 = 9.8937e-04
Validation rmse = 0.921278
Epoch 2
Loss = 1.8032e-02, PNorm = 44.3458, GNorm = 1.6190, lr_0 = 9.9736e-04
Loss = 1.9783e-02, PNorm = 44.4283, GNorm = 1.7949, lr_0 = 9.9360e-04
Loss = 1.7259e-02, PNorm = 44.4986, GNorm = 2.3434, lr_0 = 9.8985e-04
Loss = 1.6031e-02, PNorm = 44.5777, GNorm = 1.1571, lr_0 = 9.8612e-04
Loss = 1.4764e-02, PNorm = 44.6387, GNorm = 2.5203, lr_0 = 9.8240e-04
Loss = 1.6853e-02, PNorm = 44.7153, GNorm = 1.3157, lr_0 = 9.7870e-04
Loss = 1.9366e-02, PNorm = 44.7935, GNorm = 1.3778, lr_0 = 9.7501e-04
Loss = 1.6600e-02, PNorm = 44.9113, GNorm = 0.9901, lr_0 = 9.7133e-04
Loss = 1.9357e-02, PNorm = 45.0057, GNorm = 1.4384, lr_0 = 9.6767e-04
Loss = 1.9988e-02, PNorm = 45.0926, GNorm = 2.1134, lr_0 = 9.6402e-04
Loss = 1.7241e-02, PNorm = 45.1896, GNorm = 1.0150, lr_0 = 9.6039e-04
Loss = 1.6856e-02, PNorm = 45.2744, GNorm = 2.3215, lr_0 = 9.5677e-04
Loss = 1.7247e-02, PNorm = 45.3515, GNorm = 0.9640, lr_0 = 9.5316e-04
Validation rmse = 0.923910
Epoch 3
Loss = 2.0884e-02, PNorm = 45.4219, GNorm = 1.3997, lr_0 = 9.4957e-04
Loss = 1.8134e-02, PNorm = 45.4749, GNorm = 2.0652, lr_0 = 9.4599e-04
Loss = 1.4403e-02, PNorm = 45.5280, GNorm = 0.9796, lr_0 = 9.4242e-04
Loss = 1.6108e-02, PNorm = 45.5884, GNorm = 1.2541, lr_0 = 9.3887e-04
Loss = 1.5552e-02, PNorm = 45.6702, GNorm = 1.5270, lr_0 = 9.3533e-04
Loss = 1.6349e-02, PNorm = 45.7414, GNorm = 1.3113, lr_0 = 9.3180e-04
Loss = 1.4203e-02, PNorm = 45.7910, GNorm = 0.8478, lr_0 = 9.2829e-04
Loss = 1.7777e-02, PNorm = 45.8476, GNorm = 2.3313, lr_0 = 9.2479e-04
Loss = 1.7106e-02, PNorm = 45.9055, GNorm = 1.7020, lr_0 = 9.2130e-04
Loss = 1.5705e-02, PNorm = 45.9453, GNorm = 1.8649, lr_0 = 9.1783e-04
Loss = 1.7299e-02, PNorm = 46.0217, GNorm = 1.1376, lr_0 = 9.1437e-04
Loss = 1.8795e-02, PNorm = 46.1412, GNorm = 1.3130, lr_0 = 9.1092e-04
Validation rmse = 0.910855
Epoch 4
Loss = 1.2378e-02, PNorm = 46.1854, GNorm = 1.4612, lr_0 = 9.0749e-04
Loss = 1.9082e-02, PNorm = 46.2325, GNorm = 1.8351, lr_0 = 9.0407e-04
Loss = 1.5127e-02, PNorm = 46.3065, GNorm = 1.2443, lr_0 = 9.0066e-04
Loss = 1.4394e-02, PNorm = 46.3561, GNorm = 1.9816, lr_0 = 8.9726e-04
Loss = 1.8496e-02, PNorm = 46.3997, GNorm = 1.0070, lr_0 = 8.9388e-04
Loss = 1.5026e-02, PNorm = 46.4741, GNorm = 2.0146, lr_0 = 8.9051e-04
Loss = 1.5393e-02, PNorm = 46.5379, GNorm = 1.2334, lr_0 = 8.8715e-04
Loss = 1.6096e-02, PNorm = 46.6245, GNorm = 2.2235, lr_0 = 8.8381e-04
Loss = 1.8099e-02, PNorm = 46.6928, GNorm = 0.9659, lr_0 = 8.8048e-04
Loss = 1.6290e-02, PNorm = 46.8008, GNorm = 1.3821, lr_0 = 8.7716e-04
Loss = 1.8300e-02, PNorm = 46.8764, GNorm = 1.7891, lr_0 = 8.7385e-04
Loss = 1.4773e-02, PNorm = 46.9639, GNorm = 0.9326, lr_0 = 8.7056e-04
Loss = 1.7608e-02, PNorm = 47.0445, GNorm = 1.5431, lr_0 = 8.6727e-04
Validation rmse = 0.898280
Epoch 5
Loss = 1.5727e-02, PNorm = 47.1177, GNorm = 1.2320, lr_0 = 8.6400e-04
Loss = 1.4732e-02, PNorm = 47.1859, GNorm = 1.0602, lr_0 = 8.6075e-04
Loss = 1.7224e-02, PNorm = 47.2351, GNorm = 1.1202, lr_0 = 8.5750e-04
Loss = 1.8191e-02, PNorm = 47.3424, GNorm = 1.0899, lr_0 = 8.5427e-04
Loss = 1.6328e-02, PNorm = 47.4282, GNorm = 1.1196, lr_0 = 8.5105e-04
Loss = 1.4764e-02, PNorm = 47.4676, GNorm = 0.9983, lr_0 = 8.4784e-04
Loss = 1.6817e-02, PNorm = 47.5351, GNorm = 1.2548, lr_0 = 8.4464e-04
Loss = 1.5536e-02, PNorm = 47.6039, GNorm = 1.7946, lr_0 = 8.4146e-04
Loss = 1.5176e-02, PNorm = 47.6390, GNorm = 0.9572, lr_0 = 8.3829e-04
Loss = 1.6209e-02, PNorm = 47.7055, GNorm = 1.2853, lr_0 = 8.3513e-04
Loss = 1.2932e-02, PNorm = 47.7734, GNorm = 1.2965, lr_0 = 8.3198e-04
Loss = 1.5568e-02, PNorm = 47.8346, GNorm = 1.3169, lr_0 = 8.2884e-04
Loss = 1.7632e-02, PNorm = 47.9582, GNorm = 2.1501, lr_0 = 8.2572e-04
Validation rmse = 0.880484
Epoch 6
Loss = 1.5225e-02, PNorm = 48.0440, GNorm = 2.8939, lr_0 = 8.2260e-04
Loss = 1.6178e-02, PNorm = 48.1567, GNorm = 2.8409, lr_0 = 8.1950e-04
Loss = 1.3304e-02, PNorm = 48.2091, GNorm = 1.6113, lr_0 = 8.1641e-04
Loss = 1.4706e-02, PNorm = 48.3139, GNorm = 0.7758, lr_0 = 8.1333e-04
Loss = 1.4305e-02, PNorm = 48.4094, GNorm = 1.7303, lr_0 = 8.1027e-04
Loss = 1.5358e-02, PNorm = 48.4525, GNorm = 1.0955, lr_0 = 8.0721e-04
Loss = 1.4615e-02, PNorm = 48.4985, GNorm = 1.1554, lr_0 = 8.0417e-04
Loss = 1.6931e-02, PNorm = 48.5704, GNorm = 1.0987, lr_0 = 8.0114e-04
Loss = 1.4795e-02, PNorm = 48.6665, GNorm = 0.9483, lr_0 = 7.9812e-04
Loss = 1.6515e-02, PNorm = 48.7252, GNorm = 1.1341, lr_0 = 7.9511e-04
Loss = 1.6825e-02, PNorm = 48.7894, GNorm = 1.3123, lr_0 = 7.9211e-04
Loss = 1.5276e-02, PNorm = 48.8795, GNorm = 1.5755, lr_0 = 7.8912e-04
Validation rmse = 0.867152
Epoch 7
Loss = 1.0324e-02, PNorm = 48.9636, GNorm = 1.3219, lr_0 = 7.8615e-04
Loss = 1.4348e-02, PNorm = 49.0128, GNorm = 1.3509, lr_0 = 7.8319e-04
Loss = 1.3669e-02, PNorm = 49.1066, GNorm = 1.1174, lr_0 = 7.8023e-04
Loss = 1.4137e-02, PNorm = 49.1810, GNorm = 1.8768, lr_0 = 7.7729e-04
Loss = 1.6373e-02, PNorm = 49.2710, GNorm = 0.7742, lr_0 = 7.7436e-04
Loss = 1.6417e-02, PNorm = 49.3439, GNorm = 0.9603, lr_0 = 7.7144e-04
Loss = 1.2944e-02, PNorm = 49.4084, GNorm = 0.7814, lr_0 = 7.6853e-04
Loss = 1.3000e-02, PNorm = 49.4843, GNorm = 1.9888, lr_0 = 7.6564e-04
Loss = 1.7212e-02, PNorm = 49.5668, GNorm = 0.8586, lr_0 = 7.6275e-04
Loss = 1.6709e-02, PNorm = 49.6299, GNorm = 1.9367, lr_0 = 7.5987e-04
Loss = 1.6424e-02, PNorm = 49.7171, GNorm = 1.4224, lr_0 = 7.5701e-04
Loss = 1.3310e-02, PNorm = 49.7903, GNorm = 1.3292, lr_0 = 7.5416e-04
Loss = 1.4224e-02, PNorm = 49.8464, GNorm = 1.2188, lr_0 = 7.5131e-04
Validation rmse = 0.865246
Epoch 8
Loss = 1.8305e-02, PNorm = 49.9147, GNorm = 1.5010, lr_0 = 7.4848e-04
Loss = 1.4655e-02, PNorm = 49.9952, GNorm = 1.5743, lr_0 = 7.4566e-04
Loss = 1.4797e-02, PNorm = 50.0725, GNorm = 1.0600, lr_0 = 7.4285e-04
Loss = 1.4368e-02, PNorm = 50.1447, GNorm = 1.3350, lr_0 = 7.4005e-04
Loss = 1.4678e-02, PNorm = 50.2249, GNorm = 1.8895, lr_0 = 7.3726e-04
Loss = 1.6067e-02, PNorm = 50.3161, GNorm = 1.2462, lr_0 = 7.3448e-04
Loss = 1.2787e-02, PNorm = 50.3676, GNorm = 1.3930, lr_0 = 7.3171e-04
Loss = 1.4498e-02, PNorm = 50.4485, GNorm = 1.2699, lr_0 = 7.2895e-04
Loss = 1.5007e-02, PNorm = 50.5561, GNorm = 1.7485, lr_0 = 7.2620e-04
Loss = 1.1500e-02, PNorm = 50.6085, GNorm = 1.2033, lr_0 = 7.2346e-04
Loss = 1.6578e-02, PNorm = 50.6719, GNorm = 1.6179, lr_0 = 7.2073e-04
Loss = 1.4197e-02, PNorm = 50.7443, GNorm = 1.1956, lr_0 = 7.1802e-04
Loss = 1.3456e-02, PNorm = 50.7819, GNorm = 0.7679, lr_0 = 7.1531e-04
Validation rmse = 0.839713
Epoch 9
Loss = 1.6690e-02, PNorm = 50.8419, GNorm = 1.4843, lr_0 = 7.1261e-04
Loss = 1.5655e-02, PNorm = 50.9289, GNorm = 1.5582, lr_0 = 7.0993e-04
Loss = 1.0869e-02, PNorm = 50.9971, GNorm = 1.0547, lr_0 = 7.0725e-04
Loss = 1.4288e-02, PNorm = 51.0468, GNorm = 0.7751, lr_0 = 7.0458e-04
Loss = 1.1930e-02, PNorm = 51.1187, GNorm = 0.8757, lr_0 = 7.0193e-04
Loss = 1.4595e-02, PNorm = 51.1812, GNorm = 0.9467, lr_0 = 6.9928e-04
Loss = 1.5997e-02, PNorm = 51.2531, GNorm = 1.1026, lr_0 = 6.9665e-04
Loss = 1.3137e-02, PNorm = 51.3345, GNorm = 0.9566, lr_0 = 6.9402e-04
Loss = 1.2279e-02, PNorm = 51.4226, GNorm = 1.2065, lr_0 = 6.9140e-04
Loss = 1.3332e-02, PNorm = 51.4783, GNorm = 1.5233, lr_0 = 6.8880e-04
Loss = 1.6307e-02, PNorm = 51.5267, GNorm = 1.0049, lr_0 = 6.8620e-04
Loss = 1.2501e-02, PNorm = 51.6027, GNorm = 1.0313, lr_0 = 6.8361e-04
Loss = 1.4163e-02, PNorm = 51.6646, GNorm = 0.7714, lr_0 = 6.8103e-04
Validation rmse = 0.831986
Epoch 10
Loss = 1.4995e-02, PNorm = 51.7265, GNorm = 1.8744, lr_0 = 6.7847e-04
Loss = 1.3726e-02, PNorm = 51.7851, GNorm = 0.9863, lr_0 = 6.7591e-04
Loss = 1.2731e-02, PNorm = 51.8476, GNorm = 1.1269, lr_0 = 6.7336e-04
Loss = 1.3060e-02, PNorm = 51.9252, GNorm = 1.4508, lr_0 = 6.7082e-04
Loss = 1.4027e-02, PNorm = 52.0086, GNorm = 2.8388, lr_0 = 6.6829e-04
Loss = 1.2466e-02, PNorm = 52.0738, GNorm = 1.0006, lr_0 = 6.6577e-04
Loss = 1.3528e-02, PNorm = 52.1331, GNorm = 0.7999, lr_0 = 6.6326e-04
Loss = 1.3167e-02, PNorm = 52.1864, GNorm = 0.8137, lr_0 = 6.6076e-04
Loss = 1.3292e-02, PNorm = 52.2568, GNorm = 1.6788, lr_0 = 6.5827e-04
Loss = 1.3745e-02, PNorm = 52.3209, GNorm = 1.3085, lr_0 = 6.5579e-04
Loss = 1.3054e-02, PNorm = 52.3902, GNorm = 1.4702, lr_0 = 6.5332e-04
Loss = 1.4759e-02, PNorm = 52.4672, GNorm = 1.1881, lr_0 = 6.5086e-04
Validation rmse = 0.829570
Epoch 11
Loss = 1.2278e-02, PNorm = 52.5182, GNorm = 1.2059, lr_0 = 6.4840e-04
Loss = 1.3409e-02, PNorm = 52.5897, GNorm = 1.0061, lr_0 = 6.4596e-04
Loss = 1.4329e-02, PNorm = 52.6693, GNorm = 1.6699, lr_0 = 6.4352e-04
Loss = 1.2039e-02, PNorm = 52.7507, GNorm = 1.2196, lr_0 = 6.4110e-04
Loss = 1.3157e-02, PNorm = 52.8009, GNorm = 1.0519, lr_0 = 6.3868e-04
Loss = 1.4831e-02, PNorm = 52.8509, GNorm = 1.7365, lr_0 = 6.3627e-04
Loss = 1.1472e-02, PNorm = 52.8864, GNorm = 1.1718, lr_0 = 6.3387e-04
Loss = 1.3718e-02, PNorm = 52.9341, GNorm = 2.5200, lr_0 = 6.3148e-04
Loss = 1.4979e-02, PNorm = 52.9908, GNorm = 1.3359, lr_0 = 6.2910e-04
Loss = 1.3024e-02, PNorm = 53.0327, GNorm = 0.8413, lr_0 = 6.2673e-04
Loss = 1.4493e-02, PNorm = 53.0900, GNorm = 1.3684, lr_0 = 6.2437e-04
Loss = 1.1988e-02, PNorm = 53.1595, GNorm = 1.3438, lr_0 = 6.2201e-04
Loss = 1.1575e-02, PNorm = 53.2120, GNorm = 0.8740, lr_0 = 6.1967e-04
Validation rmse = 0.818422
Epoch 12
Loss = 1.2373e-02, PNorm = 53.2762, GNorm = 1.6877, lr_0 = 6.1733e-04
Loss = 1.2252e-02, PNorm = 53.3344, GNorm = 1.5381, lr_0 = 6.1500e-04
Loss = 1.0453e-02, PNorm = 53.3695, GNorm = 1.1865, lr_0 = 6.1269e-04
Loss = 1.4957e-02, PNorm = 53.4283, GNorm = 0.9664, lr_0 = 6.1038e-04
Loss = 1.1156e-02, PNorm = 53.4778, GNorm = 1.3338, lr_0 = 6.0807e-04
Loss = 1.4192e-02, PNorm = 53.5421, GNorm = 1.3587, lr_0 = 6.0578e-04
Loss = 1.3388e-02, PNorm = 53.5972, GNorm = 1.6872, lr_0 = 6.0350e-04
Loss = 1.2207e-02, PNorm = 53.6622, GNorm = 1.2781, lr_0 = 6.0122e-04
Loss = 1.3033e-02, PNorm = 53.7307, GNorm = 1.4149, lr_0 = 5.9896e-04
Loss = 1.3528e-02, PNorm = 53.7755, GNorm = 1.6771, lr_0 = 5.9670e-04
Loss = 1.3502e-02, PNorm = 53.8192, GNorm = 1.6081, lr_0 = 5.9445e-04
Loss = 1.3536e-02, PNorm = 53.8733, GNorm = 1.7647, lr_0 = 5.9221e-04
Loss = 1.4209e-02, PNorm = 53.9319, GNorm = 2.3831, lr_0 = 5.8997e-04
Validation rmse = 0.811869
Epoch 13
Loss = 1.1736e-02, PNorm = 53.9920, GNorm = 1.3822, lr_0 = 5.8775e-04
Loss = 1.3098e-02, PNorm = 54.0532, GNorm = 1.2553, lr_0 = 5.8553e-04
Loss = 1.3329e-02, PNorm = 54.1018, GNorm = 1.5280, lr_0 = 5.8333e-04
Loss = 1.0949e-02, PNorm = 54.1527, GNorm = 1.5550, lr_0 = 5.8113e-04
Loss = 1.1611e-02, PNorm = 54.2007, GNorm = 1.4069, lr_0 = 5.7894e-04
Loss = 1.3760e-02, PNorm = 54.2605, GNorm = 1.3648, lr_0 = 5.7675e-04
Loss = 1.3715e-02, PNorm = 54.3311, GNorm = 1.1715, lr_0 = 5.7458e-04
Loss = 1.3355e-02, PNorm = 54.3840, GNorm = 1.1248, lr_0 = 5.7241e-04
Loss = 1.2913e-02, PNorm = 54.4342, GNorm = 0.6635, lr_0 = 5.7026e-04
Loss = 1.2623e-02, PNorm = 54.4948, GNorm = 1.1755, lr_0 = 5.6811e-04
Loss = 1.2765e-02, PNorm = 54.5390, GNorm = 1.2056, lr_0 = 5.6596e-04
Loss = 1.0470e-02, PNorm = 54.5809, GNorm = 1.1179, lr_0 = 5.6383e-04
Validation rmse = 0.827502
Epoch 14
Loss = 9.6429e-03, PNorm = 54.6190, GNorm = 1.2020, lr_0 = 5.6170e-04
Loss = 1.2472e-02, PNorm = 54.6668, GNorm = 2.9228, lr_0 = 5.5959e-04
Loss = 1.4011e-02, PNorm = 54.7133, GNorm = 2.4195, lr_0 = 5.5748e-04
Loss = 1.2975e-02, PNorm = 54.7885, GNorm = 1.9136, lr_0 = 5.5538e-04
Loss = 1.1982e-02, PNorm = 54.8279, GNorm = 1.3530, lr_0 = 5.5328e-04
Loss = 1.2393e-02, PNorm = 54.8707, GNorm = 1.1233, lr_0 = 5.5120e-04
Loss = 1.1892e-02, PNorm = 54.9067, GNorm = 1.6182, lr_0 = 5.4912e-04
Loss = 1.2729e-02, PNorm = 54.9442, GNorm = 1.9669, lr_0 = 5.4705e-04
Loss = 1.3572e-02, PNorm = 54.9912, GNorm = 1.3256, lr_0 = 5.4498e-04
Loss = 1.2627e-02, PNorm = 55.0440, GNorm = 1.8760, lr_0 = 5.4293e-04
Loss = 1.1767e-02, PNorm = 55.0789, GNorm = 1.0522, lr_0 = 5.4088e-04
Loss = 1.4764e-02, PNorm = 55.1107, GNorm = 1.6081, lr_0 = 5.3884e-04
Loss = 1.0651e-02, PNorm = 55.1507, GNorm = 1.1349, lr_0 = 5.3681e-04
Validation rmse = 0.802194
Epoch 15
Loss = 1.3611e-02, PNorm = 55.2023, GNorm = 0.7514, lr_0 = 5.3479e-04
Loss = 1.1542e-02, PNorm = 55.2368, GNorm = 1.6567, lr_0 = 5.3277e-04
Loss = 1.3078e-02, PNorm = 55.2815, GNorm = 1.3344, lr_0 = 5.3076e-04
Loss = 1.3123e-02, PNorm = 55.3386, GNorm = 1.1967, lr_0 = 5.2876e-04
Loss = 1.2109e-02, PNorm = 55.3892, GNorm = 1.0700, lr_0 = 5.2677e-04
Loss = 1.0825e-02, PNorm = 55.4295, GNorm = 1.6033, lr_0 = 5.2478e-04
Loss = 1.2534e-02, PNorm = 55.4685, GNorm = 1.3567, lr_0 = 5.2281e-04
Loss = 1.0084e-02, PNorm = 55.5165, GNorm = 1.4297, lr_0 = 5.2083e-04
Loss = 1.2444e-02, PNorm = 55.5335, GNorm = 0.9734, lr_0 = 5.1887e-04
Loss = 1.1848e-02, PNorm = 55.5569, GNorm = 1.0003, lr_0 = 5.1691e-04
Loss = 1.2344e-02, PNorm = 55.5874, GNorm = 1.3467, lr_0 = 5.1497e-04
Loss = 1.2092e-02, PNorm = 55.6346, GNorm = 1.0408, lr_0 = 5.1302e-04
Loss = 1.3514e-02, PNorm = 55.6752, GNorm = 1.0227, lr_0 = 5.1109e-04
Validation rmse = 0.799559
Epoch 16
Loss = 1.1200e-02, PNorm = 55.7113, GNorm = 1.2726, lr_0 = 5.0916e-04
Loss = 1.1901e-02, PNorm = 55.7418, GNorm = 1.6751, lr_0 = 5.0724e-04
Loss = 1.1177e-02, PNorm = 55.7799, GNorm = 1.6955, lr_0 = 5.0533e-04
Loss = 1.1122e-02, PNorm = 55.8122, GNorm = 1.1818, lr_0 = 5.0343e-04
Loss = 1.0921e-02, PNorm = 55.8454, GNorm = 1.1627, lr_0 = 5.0153e-04
Loss = 1.2366e-02, PNorm = 55.8753, GNorm = 1.3836, lr_0 = 4.9964e-04
Loss = 1.2941e-02, PNorm = 55.9227, GNorm = 1.5256, lr_0 = 4.9775e-04
Loss = 1.2632e-02, PNorm = 55.9636, GNorm = 1.3895, lr_0 = 4.9588e-04
Loss = 1.1859e-02, PNorm = 55.9989, GNorm = 1.3893, lr_0 = 4.9401e-04
Loss = 1.1324e-02, PNorm = 56.0286, GNorm = 1.0807, lr_0 = 4.9215e-04
Loss = 1.3130e-02, PNorm = 56.0614, GNorm = 2.5134, lr_0 = 4.9029e-04
Loss = 1.1157e-02, PNorm = 56.1041, GNorm = 1.8435, lr_0 = 4.8844e-04
Validation rmse = 0.814820
Epoch 17
Loss = 6.8589e-03, PNorm = 56.1406, GNorm = 0.8289, lr_0 = 4.8660e-04
Loss = 1.0388e-02, PNorm = 56.1884, GNorm = 1.8387, lr_0 = 4.8477e-04
Loss = 1.1908e-02, PNorm = 56.2210, GNorm = 1.0367, lr_0 = 4.8294e-04
Loss = 1.0005e-02, PNorm = 56.2510, GNorm = 1.2355, lr_0 = 4.8112e-04
Loss = 8.8643e-03, PNorm = 56.2776, GNorm = 1.2030, lr_0 = 4.7930e-04
Loss = 1.1601e-02, PNorm = 56.3105, GNorm = 2.6598, lr_0 = 4.7750e-04
Loss = 1.2265e-02, PNorm = 56.3538, GNorm = 1.0091, lr_0 = 4.7570e-04
Loss = 1.1907e-02, PNorm = 56.3859, GNorm = 1.0309, lr_0 = 4.7390e-04
Loss = 1.2515e-02, PNorm = 56.4242, GNorm = 1.4128, lr_0 = 4.7212e-04
Loss = 1.0795e-02, PNorm = 56.4584, GNorm = 1.9149, lr_0 = 4.7034e-04
Loss = 1.1517e-02, PNorm = 56.4833, GNorm = 0.9967, lr_0 = 4.6856e-04
Loss = 1.4190e-02, PNorm = 56.5040, GNorm = 1.2142, lr_0 = 4.6680e-04
Loss = 1.3566e-02, PNorm = 56.5415, GNorm = 1.4379, lr_0 = 4.6504e-04
Validation rmse = 0.802462
Epoch 18
Loss = 8.7251e-03, PNorm = 56.5727, GNorm = 1.6212, lr_0 = 4.6328e-04
Loss = 1.1557e-02, PNorm = 56.6073, GNorm = 1.3158, lr_0 = 4.6154e-04
Loss = 1.1130e-02, PNorm = 56.6427, GNorm = 1.6713, lr_0 = 4.5980e-04
Loss = 9.3180e-03, PNorm = 56.6847, GNorm = 1.3010, lr_0 = 4.5806e-04
Loss = 1.1128e-02, PNorm = 56.7177, GNorm = 0.8672, lr_0 = 4.5634e-04
Loss = 1.3017e-02, PNorm = 56.7528, GNorm = 0.9312, lr_0 = 4.5462e-04
Loss = 1.1540e-02, PNorm = 56.7856, GNorm = 0.9283, lr_0 = 4.5290e-04
Loss = 1.2285e-02, PNorm = 56.8213, GNorm = 1.3439, lr_0 = 4.5119e-04
Loss = 1.0217e-02, PNorm = 56.8512, GNorm = 1.7059, lr_0 = 4.4949e-04
Loss = 1.1936e-02, PNorm = 56.8777, GNorm = 1.2096, lr_0 = 4.4780e-04
Loss = 1.1552e-02, PNorm = 56.9008, GNorm = 1.6621, lr_0 = 4.4611e-04
Loss = 1.2520e-02, PNorm = 56.9333, GNorm = 0.8875, lr_0 = 4.4443e-04
Loss = 1.2079e-02, PNorm = 56.9709, GNorm = 0.8201, lr_0 = 4.4275e-04
Validation rmse = 0.785818
Epoch 19
Loss = 9.3418e-03, PNorm = 56.9988, GNorm = 1.4958, lr_0 = 4.4108e-04
Loss = 1.1155e-02, PNorm = 57.0197, GNorm = 0.8106, lr_0 = 4.3942e-04
Loss = 1.1282e-02, PNorm = 57.0480, GNorm = 0.8013, lr_0 = 4.3776e-04
Loss = 1.0188e-02, PNorm = 57.0781, GNorm = 1.0136, lr_0 = 4.3611e-04
Loss = 9.6265e-03, PNorm = 57.1070, GNorm = 0.9361, lr_0 = 4.3447e-04
Loss = 1.0575e-02, PNorm = 57.1431, GNorm = 1.6356, lr_0 = 4.3283e-04
Loss = 1.1967e-02, PNorm = 57.1790, GNorm = 1.2854, lr_0 = 4.3120e-04
Loss = 1.2095e-02, PNorm = 57.2092, GNorm = 1.9777, lr_0 = 4.2957e-04
Loss = 1.4597e-02, PNorm = 57.2546, GNorm = 2.4369, lr_0 = 4.2795e-04
Loss = 1.3470e-02, PNorm = 57.3039, GNorm = 1.9691, lr_0 = 4.2634e-04
Loss = 1.0013e-02, PNorm = 57.3363, GNorm = 1.9612, lr_0 = 4.2473e-04
Loss = 1.1041e-02, PNorm = 57.3558, GNorm = 1.1998, lr_0 = 4.2313e-04
Loss = 1.2043e-02, PNorm = 57.3907, GNorm = 0.8530, lr_0 = 4.2154e-04
Validation rmse = 0.780409
Epoch 20
Loss = 1.0192e-02, PNorm = 57.4337, GNorm = 0.7633, lr_0 = 4.1995e-04
Loss = 1.0402e-02, PNorm = 57.4793, GNorm = 1.6874, lr_0 = 4.1836e-04
Loss = 1.1346e-02, PNorm = 57.5103, GNorm = 1.0429, lr_0 = 4.1679e-04
Loss = 1.0903e-02, PNorm = 57.5369, GNorm = 0.9625, lr_0 = 4.1522e-04
Loss = 1.2262e-02, PNorm = 57.5609, GNorm = 1.5658, lr_0 = 4.1365e-04
Loss = 1.1544e-02, PNorm = 57.5841, GNorm = 1.2887, lr_0 = 4.1209e-04
Loss = 1.3265e-02, PNorm = 57.6153, GNorm = 1.4562, lr_0 = 4.1054e-04
Loss = 1.1743e-02, PNorm = 57.6456, GNorm = 1.1965, lr_0 = 4.0899e-04
Loss = 1.1754e-02, PNorm = 57.6725, GNorm = 1.2455, lr_0 = 4.0745e-04
Loss = 8.5206e-03, PNorm = 57.6962, GNorm = 1.5292, lr_0 = 4.0591e-04
Loss = 1.2840e-02, PNorm = 57.7219, GNorm = 1.1075, lr_0 = 4.0438e-04
Loss = 9.3186e-03, PNorm = 57.7467, GNorm = 1.2013, lr_0 = 4.0286e-04
Validation rmse = 0.799668
Epoch 21
Loss = 1.1428e-02, PNorm = 57.7700, GNorm = 2.3251, lr_0 = 4.0134e-04
Loss = 9.9627e-03, PNorm = 57.8000, GNorm = 0.8436, lr_0 = 3.9983e-04
Loss = 1.0962e-02, PNorm = 57.8286, GNorm = 2.0404, lr_0 = 3.9832e-04
Loss = 9.5911e-03, PNorm = 57.8576, GNorm = 1.8548, lr_0 = 3.9682e-04
Loss = 1.0574e-02, PNorm = 57.8848, GNorm = 1.8349, lr_0 = 3.9532e-04
Loss = 1.0804e-02, PNorm = 57.9148, GNorm = 1.1424, lr_0 = 3.9383e-04
Loss = 9.7756e-03, PNorm = 57.9372, GNorm = 0.9571, lr_0 = 3.9234e-04
Loss = 1.2048e-02, PNorm = 57.9524, GNorm = 1.6862, lr_0 = 3.9087e-04
Loss = 1.1916e-02, PNorm = 57.9732, GNorm = 1.8116, lr_0 = 3.8939e-04
Loss = 1.2169e-02, PNorm = 58.0019, GNorm = 1.0821, lr_0 = 3.8792e-04
Loss = 1.0475e-02, PNorm = 58.0281, GNorm = 1.5482, lr_0 = 3.8646e-04
Loss = 1.2174e-02, PNorm = 58.0542, GNorm = 1.9547, lr_0 = 3.8500e-04
Loss = 1.0759e-02, PNorm = 58.0861, GNorm = 1.2953, lr_0 = 3.8355e-04
Validation rmse = 0.781952
Epoch 22
Loss = 1.2344e-02, PNorm = 58.1162, GNorm = 1.3970, lr_0 = 3.8211e-04
Loss = 9.6034e-03, PNorm = 58.1339, GNorm = 2.1049, lr_0 = 3.8067e-04
Loss = 1.1250e-02, PNorm = 58.1478, GNorm = 1.3767, lr_0 = 3.7923e-04
Loss = 9.8677e-03, PNorm = 58.1659, GNorm = 0.9577, lr_0 = 3.7780e-04
Loss = 8.7843e-03, PNorm = 58.1884, GNorm = 1.4522, lr_0 = 3.7638e-04
Loss = 1.2940e-02, PNorm = 58.2167, GNorm = 1.4058, lr_0 = 3.7496e-04
Loss = 9.0102e-03, PNorm = 58.2408, GNorm = 1.9956, lr_0 = 3.7354e-04
Loss = 1.0573e-02, PNorm = 58.2577, GNorm = 1.6156, lr_0 = 3.7214e-04
Loss = 1.1424e-02, PNorm = 58.2834, GNorm = 1.2430, lr_0 = 3.7073e-04
Loss = 9.4370e-03, PNorm = 58.3107, GNorm = 1.3517, lr_0 = 3.6934e-04
Loss = 1.0799e-02, PNorm = 58.3298, GNorm = 0.6472, lr_0 = 3.6794e-04
Loss = 1.1904e-02, PNorm = 58.3519, GNorm = 1.6564, lr_0 = 3.6656e-04
Loss = 1.2284e-02, PNorm = 58.3759, GNorm = 1.1667, lr_0 = 3.6517e-04
Validation rmse = 0.785126
Epoch 23
Loss = 1.0507e-02, PNorm = 58.4051, GNorm = 1.5603, lr_0 = 3.6380e-04
Loss = 1.0277e-02, PNorm = 58.4287, GNorm = 1.0185, lr_0 = 3.6243e-04
Loss = 1.1858e-02, PNorm = 58.4535, GNorm = 1.2642, lr_0 = 3.6106e-04
Loss = 1.1109e-02, PNorm = 58.4804, GNorm = 1.9601, lr_0 = 3.5970e-04
Loss = 9.7513e-03, PNorm = 58.4986, GNorm = 1.0301, lr_0 = 3.5834e-04
Loss = 1.0857e-02, PNorm = 58.5156, GNorm = 1.5494, lr_0 = 3.5699e-04
Loss = 9.9030e-03, PNorm = 58.5420, GNorm = 1.1196, lr_0 = 3.5565e-04
Loss = 9.9923e-03, PNorm = 58.5666, GNorm = 1.7058, lr_0 = 3.5430e-04
Loss = 1.0930e-02, PNorm = 58.5897, GNorm = 1.6262, lr_0 = 3.5297e-04
Loss = 9.8198e-03, PNorm = 58.6114, GNorm = 2.1982, lr_0 = 3.5164e-04
Loss = 1.0576e-02, PNorm = 58.6377, GNorm = 1.7743, lr_0 = 3.5031e-04
Loss = 1.0969e-02, PNorm = 58.6538, GNorm = 1.7976, lr_0 = 3.4899e-04
Validation rmse = 0.782824
Epoch 24
Loss = 8.3077e-03, PNorm = 58.6714, GNorm = 1.1917, lr_0 = 3.4768e-04
Loss = 1.1032e-02, PNorm = 58.6999, GNorm = 1.4274, lr_0 = 3.4637e-04
Loss = 1.2123e-02, PNorm = 58.7228, GNorm = 2.5674, lr_0 = 3.4506e-04
Loss = 1.2219e-02, PNorm = 58.7523, GNorm = 1.9124, lr_0 = 3.4376e-04
Loss = 9.9204e-03, PNorm = 58.7747, GNorm = 0.8560, lr_0 = 3.4246e-04
Loss = 9.7900e-03, PNorm = 58.7938, GNorm = 1.1262, lr_0 = 3.4117e-04
Loss = 8.6919e-03, PNorm = 58.8114, GNorm = 1.2129, lr_0 = 3.3989e-04
Loss = 1.0259e-02, PNorm = 58.8253, GNorm = 1.9101, lr_0 = 3.3860e-04
Loss = 9.4584e-03, PNorm = 58.8467, GNorm = 1.1916, lr_0 = 3.3733e-04
Loss = 1.0786e-02, PNorm = 58.8733, GNorm = 1.5095, lr_0 = 3.3606e-04
Loss = 1.1438e-02, PNorm = 58.8940, GNorm = 1.8708, lr_0 = 3.3479e-04
Loss = 1.1813e-02, PNorm = 58.9210, GNorm = 2.2169, lr_0 = 3.3353e-04
Loss = 9.1286e-03, PNorm = 58.9480, GNorm = 1.2561, lr_0 = 3.3227e-04
Validation rmse = 0.773486
Epoch 25
Loss = 8.9677e-03, PNorm = 58.9686, GNorm = 0.9269, lr_0 = 3.3102e-04
Loss = 8.7899e-03, PNorm = 58.9848, GNorm = 1.3907, lr_0 = 3.2977e-04
Loss = 1.1347e-02, PNorm = 59.0027, GNorm = 1.6070, lr_0 = 3.2852e-04
Loss = 1.1216e-02, PNorm = 59.0258, GNorm = 1.6987, lr_0 = 3.2729e-04
Loss = 9.5285e-03, PNorm = 59.0519, GNorm = 1.4795, lr_0 = 3.2605e-04
Loss = 1.0803e-02, PNorm = 59.0770, GNorm = 1.0329, lr_0 = 3.2482e-04
Loss = 1.0631e-02, PNorm = 59.0997, GNorm = 0.9512, lr_0 = 3.2360e-04
Loss = 9.9218e-03, PNorm = 59.1247, GNorm = 1.4804, lr_0 = 3.2238e-04
Loss = 9.3438e-03, PNorm = 59.1485, GNorm = 1.1140, lr_0 = 3.2116e-04
Loss = 1.1038e-02, PNorm = 59.1663, GNorm = 1.9719, lr_0 = 3.1995e-04
Loss = 1.0748e-02, PNorm = 59.1842, GNorm = 1.1629, lr_0 = 3.1875e-04
Loss = 1.0673e-02, PNorm = 59.2053, GNorm = 0.7195, lr_0 = 3.1754e-04
Loss = 1.1055e-02, PNorm = 59.2238, GNorm = 1.6624, lr_0 = 3.1635e-04
Validation rmse = 0.777557
Epoch 26
Loss = 1.1336e-02, PNorm = 59.2502, GNorm = 1.5440, lr_0 = 3.1515e-04
Loss = 1.0840e-02, PNorm = 59.2715, GNorm = 1.8481, lr_0 = 3.1397e-04
Loss = 8.4395e-03, PNorm = 59.2931, GNorm = 1.1865, lr_0 = 3.1278e-04
Loss = 9.3922e-03, PNorm = 59.3072, GNorm = 1.4645, lr_0 = 3.1160e-04
Loss = 9.8809e-03, PNorm = 59.3260, GNorm = 1.3647, lr_0 = 3.1043e-04
Loss = 1.0394e-02, PNorm = 59.3601, GNorm = 1.7843, lr_0 = 3.0926e-04
Loss = 1.1282e-02, PNorm = 59.3853, GNorm = 1.4239, lr_0 = 3.0809e-04
Loss = 1.0100e-02, PNorm = 59.4036, GNorm = 2.4032, lr_0 = 3.0693e-04
Loss = 1.1880e-02, PNorm = 59.4229, GNorm = 2.2237, lr_0 = 3.0577e-04
Loss = 9.9373e-03, PNorm = 59.4494, GNorm = 1.2623, lr_0 = 3.0462e-04
Loss = 1.0132e-02, PNorm = 59.4684, GNorm = 0.8772, lr_0 = 3.0347e-04
Loss = 9.5144e-03, PNorm = 59.4806, GNorm = 1.7004, lr_0 = 3.0233e-04
Validation rmse = 0.781140
Epoch 27
Loss = 8.8416e-03, PNorm = 59.4924, GNorm = 1.7081, lr_0 = 3.0119e-04
Loss = 9.8552e-03, PNorm = 59.5144, GNorm = 1.4573, lr_0 = 3.0005e-04
Loss = 9.4881e-03, PNorm = 59.5408, GNorm = 1.3918, lr_0 = 2.9892e-04
Loss = 1.2414e-02, PNorm = 59.5677, GNorm = 1.4669, lr_0 = 2.9779e-04
Loss = 8.9139e-03, PNorm = 59.5920, GNorm = 1.4078, lr_0 = 2.9667e-04
Loss = 9.9134e-03, PNorm = 59.6082, GNorm = 1.2094, lr_0 = 2.9555e-04
Loss = 1.0411e-02, PNorm = 59.6327, GNorm = 0.9485, lr_0 = 2.9444e-04
Loss = 1.1281e-02, PNorm = 59.6509, GNorm = 1.1311, lr_0 = 2.9333e-04
Loss = 1.1929e-02, PNorm = 59.6650, GNorm = 0.9145, lr_0 = 2.9222e-04
Loss = 9.1873e-03, PNorm = 59.6750, GNorm = 1.9643, lr_0 = 2.9112e-04
Loss = 1.0058e-02, PNorm = 59.6935, GNorm = 1.5966, lr_0 = 2.9002e-04
Loss = 1.0807e-02, PNorm = 59.7128, GNorm = 1.8354, lr_0 = 2.8893e-04
Loss = 9.7897e-03, PNorm = 59.7312, GNorm = 0.7095, lr_0 = 2.8784e-04
Validation rmse = 0.769093
Epoch 28
Loss = 9.3894e-03, PNorm = 59.7482, GNorm = 1.5346, lr_0 = 2.8676e-04
Loss = 1.1013e-02, PNorm = 59.7703, GNorm = 1.1814, lr_0 = 2.8568e-04
Loss = 9.1096e-03, PNorm = 59.7950, GNorm = 1.3572, lr_0 = 2.8460e-04
Loss = 8.1145e-03, PNorm = 59.8140, GNorm = 1.0781, lr_0 = 2.8353e-04
Loss = 1.0607e-02, PNorm = 59.8290, GNorm = 1.8189, lr_0 = 2.8246e-04
Loss = 9.3210e-03, PNorm = 59.8365, GNorm = 1.7227, lr_0 = 2.8139e-04
Loss = 1.0429e-02, PNorm = 59.8466, GNorm = 1.6826, lr_0 = 2.8033e-04
Loss = 9.7563e-03, PNorm = 59.8627, GNorm = 1.5329, lr_0 = 2.7927e-04
Loss = 9.0515e-03, PNorm = 59.8840, GNorm = 1.5241, lr_0 = 2.7822e-04
Loss = 1.2253e-02, PNorm = 59.9036, GNorm = 1.1593, lr_0 = 2.7717e-04
Loss = 9.1831e-03, PNorm = 59.9221, GNorm = 1.3290, lr_0 = 2.7613e-04
Loss = 1.1035e-02, PNorm = 59.9430, GNorm = 2.2211, lr_0 = 2.7509e-04
Loss = 1.0955e-02, PNorm = 59.9666, GNorm = 1.0338, lr_0 = 2.7405e-04
Validation rmse = 0.766082
Epoch 29
Loss = 1.1380e-02, PNorm = 59.9857, GNorm = 1.7456, lr_0 = 2.7302e-04
Loss = 9.4990e-03, PNorm = 59.9968, GNorm = 1.2607, lr_0 = 2.7199e-04
Loss = 9.1565e-03, PNorm = 60.0097, GNorm = 1.2849, lr_0 = 2.7096e-04
Loss = 1.0769e-02, PNorm = 60.0284, GNorm = 1.4772, lr_0 = 2.6994e-04
Loss = 9.6560e-03, PNorm = 60.0505, GNorm = 1.2652, lr_0 = 2.6892e-04
Loss = 9.0529e-03, PNorm = 60.0712, GNorm = 1.8780, lr_0 = 2.6791e-04
Loss = 9.3903e-03, PNorm = 60.0844, GNorm = 1.8933, lr_0 = 2.6690e-04
Loss = 9.1781e-03, PNorm = 60.0943, GNorm = 1.3882, lr_0 = 2.6589e-04
Loss = 1.1663e-02, PNorm = 60.1100, GNorm = 1.6029, lr_0 = 2.6489e-04
Loss = 9.0002e-03, PNorm = 60.1284, GNorm = 1.1844, lr_0 = 2.6389e-04
Loss = 1.0664e-02, PNorm = 60.1486, GNorm = 1.2558, lr_0 = 2.6290e-04
Loss = 8.8887e-03, PNorm = 60.1628, GNorm = 0.9575, lr_0 = 2.6190e-04
Loss = 1.1422e-02, PNorm = 60.1771, GNorm = 1.3841, lr_0 = 2.6092e-04
Validation rmse = 0.784824
Epoch 30
Loss = 1.0150e-02, PNorm = 60.1963, GNorm = 2.4139, lr_0 = 2.5993e-04
Loss = 9.6643e-03, PNorm = 60.2155, GNorm = 1.4177, lr_0 = 2.5895e-04
Loss = 1.1028e-02, PNorm = 60.2334, GNorm = 1.5072, lr_0 = 2.5798e-04
Loss = 9.9446e-03, PNorm = 60.2493, GNorm = 1.6487, lr_0 = 2.5700e-04
Loss = 9.7962e-03, PNorm = 60.2699, GNorm = 1.9805, lr_0 = 2.5604e-04
Loss = 8.6654e-03, PNorm = 60.2856, GNorm = 1.5553, lr_0 = 2.5507e-04
Loss = 1.0445e-02, PNorm = 60.3058, GNorm = 1.2044, lr_0 = 2.5411e-04
Loss = 1.1335e-02, PNorm = 60.3275, GNorm = 1.7926, lr_0 = 2.5315e-04
Loss = 1.0044e-02, PNorm = 60.3442, GNorm = 1.0764, lr_0 = 2.5220e-04
Loss = 8.6987e-03, PNorm = 60.3650, GNorm = 1.1088, lr_0 = 2.5125e-04
Loss = 8.7368e-03, PNorm = 60.3773, GNorm = 1.5491, lr_0 = 2.5030e-04
Loss = 9.3166e-03, PNorm = 60.3922, GNorm = 1.6453, lr_0 = 2.4935e-04
Validation rmse = 0.761717
Epoch 31
Loss = 1.0909e-02, PNorm = 60.4054, GNorm = 1.0117, lr_0 = 2.4841e-04
Loss = 8.0870e-03, PNorm = 60.4164, GNorm = 1.2311, lr_0 = 2.4748e-04
Loss = 9.2172e-03, PNorm = 60.4301, GNorm = 1.4464, lr_0 = 2.4655e-04
Loss = 1.0362e-02, PNorm = 60.4401, GNorm = 1.6912, lr_0 = 2.4562e-04
Loss = 1.0215e-02, PNorm = 60.4549, GNorm = 2.1303, lr_0 = 2.4469e-04
Loss = 9.7716e-03, PNorm = 60.4681, GNorm = 0.8657, lr_0 = 2.4377e-04
Loss = 8.8393e-03, PNorm = 60.4747, GNorm = 0.8190, lr_0 = 2.4285e-04
Loss = 1.0371e-02, PNorm = 60.4858, GNorm = 2.6251, lr_0 = 2.4193e-04
Loss = 1.1730e-02, PNorm = 60.5007, GNorm = 1.5228, lr_0 = 2.4102e-04
Loss = 1.0062e-02, PNorm = 60.5164, GNorm = 1.9271, lr_0 = 2.4011e-04
Loss = 9.0271e-03, PNorm = 60.5369, GNorm = 0.9967, lr_0 = 2.3921e-04
Loss = 8.8628e-03, PNorm = 60.5550, GNorm = 2.1764, lr_0 = 2.3830e-04
Loss = 8.6892e-03, PNorm = 60.5717, GNorm = 0.7093, lr_0 = 2.3741e-04
Validation rmse = 0.770627
Epoch 32
Loss = 8.7220e-03, PNorm = 60.5842, GNorm = 1.2420, lr_0 = 2.3651e-04
Loss = 9.2777e-03, PNorm = 60.5926, GNorm = 1.1731, lr_0 = 2.3562e-04
Loss = 1.0180e-02, PNorm = 60.6082, GNorm = 1.4501, lr_0 = 2.3473e-04
Loss = 9.0012e-03, PNorm = 60.6272, GNorm = 1.3161, lr_0 = 2.3385e-04
Loss = 8.7054e-03, PNorm = 60.6452, GNorm = 1.5131, lr_0 = 2.3296e-04
Loss = 1.0036e-02, PNorm = 60.6596, GNorm = 2.2123, lr_0 = 2.3209e-04
Loss = 7.6902e-03, PNorm = 60.6725, GNorm = 1.0868, lr_0 = 2.3121e-04
Loss = 1.0266e-02, PNorm = 60.6826, GNorm = 1.0641, lr_0 = 2.3034e-04
Loss = 1.0756e-02, PNorm = 60.6951, GNorm = 1.0396, lr_0 = 2.2947e-04
Loss = 1.0163e-02, PNorm = 60.7095, GNorm = 1.4608, lr_0 = 2.2861e-04
Loss = 9.1190e-03, PNorm = 60.7234, GNorm = 1.4303, lr_0 = 2.2774e-04
Loss = 8.3563e-03, PNorm = 60.7348, GNorm = 1.2078, lr_0 = 2.2689e-04
Loss = 9.3333e-03, PNorm = 60.7449, GNorm = 2.0711, lr_0 = 2.2603e-04
Validation rmse = 0.775391
Epoch 33
Loss = 8.7766e-03, PNorm = 60.7632, GNorm = 1.5008, lr_0 = 2.2518e-04
Loss = 8.3348e-03, PNorm = 60.7750, GNorm = 1.4416, lr_0 = 2.2433e-04
Loss = 9.5622e-03, PNorm = 60.7827, GNorm = 1.4778, lr_0 = 2.2348e-04
Loss = 9.3638e-03, PNorm = 60.7958, GNorm = 0.8763, lr_0 = 2.2264e-04
Loss = 8.4128e-03, PNorm = 60.8096, GNorm = 1.4146, lr_0 = 2.2180e-04
Loss = 1.0949e-02, PNorm = 60.8249, GNorm = 2.0881, lr_0 = 2.2097e-04
Loss = 1.0200e-02, PNorm = 60.8439, GNorm = 1.7326, lr_0 = 2.2013e-04
Loss = 9.8178e-03, PNorm = 60.8586, GNorm = 1.4927, lr_0 = 2.1930e-04
Loss = 9.5041e-03, PNorm = 60.8695, GNorm = 1.8251, lr_0 = 2.1848e-04
Loss = 8.6472e-03, PNorm = 60.8834, GNorm = 2.1167, lr_0 = 2.1765e-04
Loss = 9.8328e-03, PNorm = 60.8974, GNorm = 1.1364, lr_0 = 2.1683e-04
Loss = 9.6624e-03, PNorm = 60.9074, GNorm = 2.1093, lr_0 = 2.1601e-04
Validation rmse = 0.760876
Epoch 34
Loss = 9.3373e-03, PNorm = 60.9123, GNorm = 1.8701, lr_0 = 2.1520e-04
Loss = 8.8077e-03, PNorm = 60.9238, GNorm = 1.3770, lr_0 = 2.1439e-04
Loss = 9.7201e-03, PNorm = 60.9394, GNorm = 1.3196, lr_0 = 2.1358e-04
Loss = 1.0457e-02, PNorm = 60.9497, GNorm = 1.0977, lr_0 = 2.1277e-04
Loss = 9.5685e-03, PNorm = 60.9595, GNorm = 2.6065, lr_0 = 2.1197e-04
Loss = 9.9212e-03, PNorm = 60.9726, GNorm = 0.9700, lr_0 = 2.1117e-04
Loss = 7.9194e-03, PNorm = 60.9813, GNorm = 1.0898, lr_0 = 2.1038e-04
Loss = 7.7277e-03, PNorm = 60.9930, GNorm = 1.2644, lr_0 = 2.0958e-04
Loss = 9.7413e-03, PNorm = 61.0070, GNorm = 1.5565, lr_0 = 2.0879e-04
Loss = 9.9782e-03, PNorm = 61.0182, GNorm = 1.5549, lr_0 = 2.0801e-04
Loss = 9.7079e-03, PNorm = 61.0303, GNorm = 1.4449, lr_0 = 2.0722e-04
Loss = 8.8920e-03, PNorm = 61.0467, GNorm = 1.6135, lr_0 = 2.0644e-04
Loss = 9.8874e-03, PNorm = 61.0587, GNorm = 1.3519, lr_0 = 2.0566e-04
Validation rmse = 0.766697
Epoch 35
Loss = 1.0160e-02, PNorm = 61.0723, GNorm = 1.9842, lr_0 = 2.0489e-04
Loss = 1.0551e-02, PNorm = 61.0839, GNorm = 1.7324, lr_0 = 2.0412e-04
Loss = 9.2963e-03, PNorm = 61.0929, GNorm = 1.7225, lr_0 = 2.0335e-04
Loss = 1.0157e-02, PNorm = 61.1007, GNorm = 2.0434, lr_0 = 2.0258e-04
Loss = 8.2061e-03, PNorm = 61.1093, GNorm = 1.6693, lr_0 = 2.0182e-04
Loss = 1.1267e-02, PNorm = 61.1279, GNorm = 1.3416, lr_0 = 2.0105e-04
Loss = 8.9737e-03, PNorm = 61.1443, GNorm = 1.2782, lr_0 = 2.0030e-04
Loss = 6.9718e-03, PNorm = 61.1554, GNorm = 1.2499, lr_0 = 1.9954e-04
Loss = 1.0109e-02, PNorm = 61.1676, GNorm = 1.2060, lr_0 = 1.9879e-04
Loss = 9.2997e-03, PNorm = 61.1796, GNorm = 1.3070, lr_0 = 1.9804e-04
Loss = 8.6062e-03, PNorm = 61.1913, GNorm = 1.2929, lr_0 = 1.9729e-04
Loss = 9.1068e-03, PNorm = 61.2027, GNorm = 2.1986, lr_0 = 1.9655e-04
Loss = 8.2679e-03, PNorm = 61.2168, GNorm = 1.5233, lr_0 = 1.9581e-04
Validation rmse = 0.757470
Epoch 36
Loss = 7.6642e-03, PNorm = 61.2291, GNorm = 1.1766, lr_0 = 1.9507e-04
Loss = 8.8421e-03, PNorm = 61.2371, GNorm = 1.1926, lr_0 = 1.9433e-04
Loss = 8.5333e-03, PNorm = 61.2427, GNorm = 2.7006, lr_0 = 1.9360e-04
Loss = 8.5062e-03, PNorm = 61.2516, GNorm = 1.0480, lr_0 = 1.9287e-04
Loss = 9.4371e-03, PNorm = 61.2624, GNorm = 2.0223, lr_0 = 1.9214e-04
Loss = 1.1353e-02, PNorm = 61.2727, GNorm = 1.4637, lr_0 = 1.9142e-04
Loss = 7.8506e-03, PNorm = 61.2827, GNorm = 0.8919, lr_0 = 1.9070e-04
Loss = 9.3566e-03, PNorm = 61.2906, GNorm = 1.3173, lr_0 = 1.8998e-04
Loss = 9.6166e-03, PNorm = 61.2997, GNorm = 1.1210, lr_0 = 1.8926e-04
Loss = 9.1189e-03, PNorm = 61.3111, GNorm = 2.1881, lr_0 = 1.8855e-04
Loss = 9.8331e-03, PNorm = 61.3217, GNorm = 2.7473, lr_0 = 1.8784e-04
Loss = 1.0306e-02, PNorm = 61.3311, GNorm = 2.4434, lr_0 = 1.8713e-04
Validation rmse = 0.755883
Epoch 37
Loss = 6.5089e-03, PNorm = 61.3421, GNorm = 1.1541, lr_0 = 1.8643e-04
Loss = 8.6099e-03, PNorm = 61.3551, GNorm = 1.2471, lr_0 = 1.8572e-04
Loss = 9.9570e-03, PNorm = 61.3654, GNorm = 1.5794, lr_0 = 1.8502e-04
Loss = 7.9217e-03, PNorm = 61.3751, GNorm = 1.7074, lr_0 = 1.8432e-04
Loss = 7.8417e-03, PNorm = 61.3862, GNorm = 1.2942, lr_0 = 1.8363e-04
Loss = 7.3181e-03, PNorm = 61.3950, GNorm = 1.1161, lr_0 = 1.8294e-04
Loss = 9.4162e-03, PNorm = 61.4024, GNorm = 1.8233, lr_0 = 1.8225e-04
Loss = 1.1227e-02, PNorm = 61.4109, GNorm = 1.8366, lr_0 = 1.8156e-04
Loss = 9.5131e-03, PNorm = 61.4254, GNorm = 1.8677, lr_0 = 1.8088e-04
Loss = 8.3930e-03, PNorm = 61.4384, GNorm = 1.2759, lr_0 = 1.8019e-04
Loss = 8.5635e-03, PNorm = 61.4475, GNorm = 1.0548, lr_0 = 1.7952e-04
Loss = 8.5171e-03, PNorm = 61.4568, GNorm = 1.8337, lr_0 = 1.7884e-04
Loss = 9.7917e-03, PNorm = 61.4641, GNorm = 1.0482, lr_0 = 1.7816e-04
Validation rmse = 0.753196
Epoch 38
Loss = 9.8804e-03, PNorm = 61.4709, GNorm = 1.7787, lr_0 = 1.7749e-04
Loss = 9.4611e-03, PNorm = 61.4781, GNorm = 1.4965, lr_0 = 1.7682e-04
Loss = 1.0341e-02, PNorm = 61.4866, GNorm = 1.2357, lr_0 = 1.7616e-04
Loss = 7.4808e-03, PNorm = 61.4971, GNorm = 1.3126, lr_0 = 1.7549e-04
Loss = 1.0286e-02, PNorm = 61.5098, GNorm = 1.9757, lr_0 = 1.7483e-04
Loss = 7.4150e-03, PNorm = 61.5233, GNorm = 1.2452, lr_0 = 1.7417e-04
Loss = 7.4810e-03, PNorm = 61.5331, GNorm = 1.0401, lr_0 = 1.7352e-04
Loss = 1.1019e-02, PNorm = 61.5417, GNorm = 1.7278, lr_0 = 1.7286e-04
Loss = 8.2039e-03, PNorm = 61.5528, GNorm = 1.5144, lr_0 = 1.7221e-04
Loss = 8.5846e-03, PNorm = 61.5599, GNorm = 1.5991, lr_0 = 1.7156e-04
Loss = 7.9166e-03, PNorm = 61.5675, GNorm = 1.5724, lr_0 = 1.7091e-04
Loss = 9.3461e-03, PNorm = 61.5765, GNorm = 1.1848, lr_0 = 1.7027e-04
Loss = 1.0370e-02, PNorm = 61.5846, GNorm = 2.1270, lr_0 = 1.6963e-04
Validation rmse = 0.772590
Epoch 39
Loss = 7.4595e-03, PNorm = 61.5930, GNorm = 1.7120, lr_0 = 1.6899e-04
Loss = 9.0057e-03, PNorm = 61.6017, GNorm = 1.3695, lr_0 = 1.6835e-04
Loss = 8.3670e-03, PNorm = 61.6114, GNorm = 1.9044, lr_0 = 1.6772e-04
Loss = 7.5415e-03, PNorm = 61.6236, GNorm = 1.0501, lr_0 = 1.6708e-04
Loss = 9.1616e-03, PNorm = 61.6341, GNorm = 1.6138, lr_0 = 1.6645e-04
Loss = 8.7453e-03, PNorm = 61.6438, GNorm = 1.3512, lr_0 = 1.6583e-04
Loss = 8.7886e-03, PNorm = 61.6522, GNorm = 1.3671, lr_0 = 1.6520e-04
Loss = 9.1767e-03, PNorm = 61.6636, GNorm = 1.2451, lr_0 = 1.6458e-04
Loss = 8.6020e-03, PNorm = 61.6733, GNorm = 1.5457, lr_0 = 1.6396e-04
Loss = 9.4010e-03, PNorm = 61.6823, GNorm = 1.1969, lr_0 = 1.6334e-04
Loss = 9.8227e-03, PNorm = 61.6909, GNorm = 1.6501, lr_0 = 1.6272e-04
Loss = 9.9819e-03, PNorm = 61.6952, GNorm = 1.2848, lr_0 = 1.6211e-04
Loss = 8.5640e-03, PNorm = 61.6993, GNorm = 2.9772, lr_0 = 1.6150e-04
Validation rmse = 0.752950
Epoch 40
Loss = 9.7765e-03, PNorm = 61.7079, GNorm = 2.4075, lr_0 = 1.6089e-04
Loss = 9.2812e-03, PNorm = 61.7198, GNorm = 1.7852, lr_0 = 1.6028e-04
Loss = 8.8344e-03, PNorm = 61.7296, GNorm = 1.7563, lr_0 = 1.5968e-04
Loss = 8.6074e-03, PNorm = 61.7401, GNorm = 0.9611, lr_0 = 1.5908e-04
Loss = 7.9812e-03, PNorm = 61.7492, GNorm = 1.2337, lr_0 = 1.5848e-04
Loss = 8.2748e-03, PNorm = 61.7577, GNorm = 1.7846, lr_0 = 1.5788e-04
Loss = 7.6174e-03, PNorm = 61.7647, GNorm = 0.9226, lr_0 = 1.5728e-04
Loss = 1.0628e-02, PNorm = 61.7735, GNorm = 1.9757, lr_0 = 1.5669e-04
Loss = 7.5672e-03, PNorm = 61.7828, GNorm = 1.0233, lr_0 = 1.5610e-04
Loss = 9.0427e-03, PNorm = 61.7909, GNorm = 1.9850, lr_0 = 1.5551e-04
Loss = 8.5800e-03, PNorm = 61.7968, GNorm = 1.3867, lr_0 = 1.5493e-04
Loss = 9.6188e-03, PNorm = 61.8050, GNorm = 2.4393, lr_0 = 1.5434e-04
Validation rmse = 0.754862
Epoch 41
Loss = 9.7415e-03, PNorm = 61.8128, GNorm = 1.7907, lr_0 = 1.5376e-04
Loss = 8.3268e-03, PNorm = 61.8222, GNorm = 1.4767, lr_0 = 1.5318e-04
Loss = 8.4429e-03, PNorm = 61.8311, GNorm = 1.3317, lr_0 = 1.5260e-04
Loss = 9.2286e-03, PNorm = 61.8381, GNorm = 2.7314, lr_0 = 1.5203e-04
Loss = 8.9708e-03, PNorm = 61.8465, GNorm = 2.0282, lr_0 = 1.5145e-04
Loss = 8.3000e-03, PNorm = 61.8557, GNorm = 1.2412, lr_0 = 1.5088e-04
Loss = 8.3317e-03, PNorm = 61.8649, GNorm = 1.6310, lr_0 = 1.5031e-04
Loss = 8.9706e-03, PNorm = 61.8724, GNorm = 1.7058, lr_0 = 1.4975e-04
Loss = 7.7448e-03, PNorm = 61.8814, GNorm = 1.2060, lr_0 = 1.4918e-04
Loss = 9.2795e-03, PNorm = 61.8878, GNorm = 1.2068, lr_0 = 1.4862e-04
Loss = 1.0406e-02, PNorm = 61.8945, GNorm = 1.7693, lr_0 = 1.4806e-04
Loss = 8.4841e-03, PNorm = 61.9050, GNorm = 1.6622, lr_0 = 1.4750e-04
Loss = 7.5973e-03, PNorm = 61.9110, GNorm = 1.3950, lr_0 = 1.4695e-04
Validation rmse = 0.751914
Epoch 42
Loss = 8.7516e-03, PNorm = 61.9164, GNorm = 1.3163, lr_0 = 1.4639e-04
Loss = 9.4675e-03, PNorm = 61.9234, GNorm = 1.3876, lr_0 = 1.4584e-04
Loss = 1.0224e-02, PNorm = 61.9329, GNorm = 1.5758, lr_0 = 1.4529e-04
Loss = 9.6141e-03, PNorm = 61.9435, GNorm = 2.0654, lr_0 = 1.4474e-04
Loss = 8.1246e-03, PNorm = 61.9541, GNorm = 1.2858, lr_0 = 1.4420e-04
Loss = 8.0685e-03, PNorm = 61.9629, GNorm = 1.5844, lr_0 = 1.4365e-04
Loss = 8.4533e-03, PNorm = 61.9709, GNorm = 1.8802, lr_0 = 1.4311e-04
Loss = 7.4352e-03, PNorm = 61.9774, GNorm = 2.0123, lr_0 = 1.4257e-04
Loss = 8.0770e-03, PNorm = 61.9818, GNorm = 1.0652, lr_0 = 1.4203e-04
Loss = 7.4225e-03, PNorm = 61.9871, GNorm = 1.2813, lr_0 = 1.4150e-04
Loss = 9.1720e-03, PNorm = 61.9918, GNorm = 1.4996, lr_0 = 1.4097e-04
Loss = 8.3512e-03, PNorm = 62.0001, GNorm = 2.0049, lr_0 = 1.4043e-04
Loss = 9.3384e-03, PNorm = 62.0071, GNorm = 2.2396, lr_0 = 1.3991e-04
Validation rmse = 0.762708
Epoch 43
Loss = 8.1208e-03, PNorm = 62.0156, GNorm = 0.9678, lr_0 = 1.3938e-04
Loss = 8.6447e-03, PNorm = 62.0260, GNorm = 1.5432, lr_0 = 1.3885e-04
Loss = 9.8643e-03, PNorm = 62.0352, GNorm = 1.5054, lr_0 = 1.3833e-04
Loss = 9.4436e-03, PNorm = 62.0448, GNorm = 1.0017, lr_0 = 1.3781e-04
Loss = 7.4249e-03, PNorm = 62.0501, GNorm = 1.0175, lr_0 = 1.3729e-04
Loss = 8.4226e-03, PNorm = 62.0536, GNorm = 1.9499, lr_0 = 1.3677e-04
Loss = 8.2935e-03, PNorm = 62.0611, GNorm = 1.2826, lr_0 = 1.3625e-04
Loss = 7.9462e-03, PNorm = 62.0665, GNorm = 0.9394, lr_0 = 1.3574e-04
Loss = 8.3400e-03, PNorm = 62.0731, GNorm = 1.5242, lr_0 = 1.3523e-04
Loss = 8.1788e-03, PNorm = 62.0803, GNorm = 1.3845, lr_0 = 1.3472e-04
Loss = 7.1553e-03, PNorm = 62.0890, GNorm = 2.0076, lr_0 = 1.3421e-04
Loss = 1.0061e-02, PNorm = 62.0928, GNorm = 1.6230, lr_0 = 1.3371e-04
Validation rmse = 0.758212
Epoch 44
Loss = 8.0369e-03, PNorm = 62.0967, GNorm = 1.1907, lr_0 = 1.3320e-04
Loss = 9.5400e-03, PNorm = 62.1031, GNorm = 1.6035, lr_0 = 1.3270e-04
Loss = 7.9070e-03, PNorm = 62.1135, GNorm = 1.3657, lr_0 = 1.3220e-04
Loss = 9.5087e-03, PNorm = 62.1231, GNorm = 1.3840, lr_0 = 1.3170e-04
Loss = 8.4110e-03, PNorm = 62.1297, GNorm = 1.5167, lr_0 = 1.3120e-04
Loss = 7.1369e-03, PNorm = 62.1379, GNorm = 1.3070, lr_0 = 1.3071e-04
Loss = 8.0767e-03, PNorm = 62.1436, GNorm = 2.2728, lr_0 = 1.3022e-04
Loss = 1.0337e-02, PNorm = 62.1467, GNorm = 1.5893, lr_0 = 1.2973e-04
Loss = 8.3257e-03, PNorm = 62.1533, GNorm = 1.4326, lr_0 = 1.2924e-04
Loss = 8.4972e-03, PNorm = 62.1586, GNorm = 0.9667, lr_0 = 1.2875e-04
Loss = 7.5383e-03, PNorm = 62.1625, GNorm = 1.0898, lr_0 = 1.2826e-04
Loss = 9.7908e-03, PNorm = 62.1683, GNorm = 1.8994, lr_0 = 1.2778e-04
Loss = 7.2475e-03, PNorm = 62.1761, GNorm = 1.4326, lr_0 = 1.2730e-04
Validation rmse = 0.750844
Epoch 45
Loss = 7.6355e-03, PNorm = 62.1821, GNorm = 1.3714, lr_0 = 1.2682e-04
Loss = 7.5003e-03, PNorm = 62.1890, GNorm = 1.1102, lr_0 = 1.2634e-04
Loss = 8.0801e-03, PNorm = 62.1952, GNorm = 1.1628, lr_0 = 1.2586e-04
Loss = 8.8691e-03, PNorm = 62.2006, GNorm = 1.2040, lr_0 = 1.2539e-04
Loss = 7.7925e-03, PNorm = 62.2081, GNorm = 0.9081, lr_0 = 1.2492e-04
Loss = 8.1114e-03, PNorm = 62.2141, GNorm = 1.2396, lr_0 = 1.2445e-04
Loss = 9.3614e-03, PNorm = 62.2206, GNorm = 0.9452, lr_0 = 1.2398e-04
Loss = 7.4033e-03, PNorm = 62.2261, GNorm = 1.4301, lr_0 = 1.2351e-04
Loss = 7.9412e-03, PNorm = 62.2327, GNorm = 1.4810, lr_0 = 1.2304e-04
Loss = 1.0416e-02, PNorm = 62.2390, GNorm = 2.2894, lr_0 = 1.2258e-04
Loss = 9.4300e-03, PNorm = 62.2466, GNorm = 1.3490, lr_0 = 1.2212e-04
Loss = 8.8217e-03, PNorm = 62.2538, GNorm = 2.4102, lr_0 = 1.2166e-04
Loss = 7.8487e-03, PNorm = 62.2582, GNorm = 1.7089, lr_0 = 1.2120e-04
Validation rmse = 0.750014
Epoch 46
Loss = 7.9131e-03, PNorm = 62.2620, GNorm = 1.2295, lr_0 = 1.2074e-04
Loss = 9.0004e-03, PNorm = 62.2663, GNorm = 1.7852, lr_0 = 1.2029e-04
Loss = 8.5241e-03, PNorm = 62.2721, GNorm = 1.5472, lr_0 = 1.1983e-04
Loss = 9.6335e-03, PNorm = 62.2777, GNorm = 1.3266, lr_0 = 1.1938e-04
Loss = 8.5154e-03, PNorm = 62.2836, GNorm = 1.3836, lr_0 = 1.1893e-04
Loss = 8.0730e-03, PNorm = 62.2894, GNorm = 1.0295, lr_0 = 1.1848e-04
Loss = 8.4806e-03, PNorm = 62.2941, GNorm = 1.5658, lr_0 = 1.1804e-04
Loss = 6.9069e-03, PNorm = 62.3016, GNorm = 1.1918, lr_0 = 1.1759e-04
Loss = 8.1138e-03, PNorm = 62.3123, GNorm = 1.1963, lr_0 = 1.1715e-04
Loss = 8.5189e-03, PNorm = 62.3202, GNorm = 1.2045, lr_0 = 1.1671e-04
Loss = 7.6058e-03, PNorm = 62.3259, GNorm = 1.4360, lr_0 = 1.1627e-04
Loss = 8.7877e-03, PNorm = 62.3303, GNorm = 1.7077, lr_0 = 1.1583e-04
Validation rmse = 0.752880
Epoch 47
Loss = 1.1263e-02, PNorm = 62.3350, GNorm = 1.4688, lr_0 = 1.1539e-04
Loss = 9.8731e-03, PNorm = 62.3414, GNorm = 1.4797, lr_0 = 1.1496e-04
Loss = 8.8679e-03, PNorm = 62.3476, GNorm = 1.5555, lr_0 = 1.1452e-04
Loss = 9.7398e-03, PNorm = 62.3521, GNorm = 2.8239, lr_0 = 1.1409e-04
Loss = 7.9439e-03, PNorm = 62.3561, GNorm = 1.4286, lr_0 = 1.1366e-04
Loss = 6.2160e-03, PNorm = 62.3598, GNorm = 1.3927, lr_0 = 1.1323e-04
Loss = 7.0576e-03, PNorm = 62.3662, GNorm = 1.7310, lr_0 = 1.1281e-04
Loss = 8.5355e-03, PNorm = 62.3720, GNorm = 2.0511, lr_0 = 1.1238e-04
Loss = 8.4208e-03, PNorm = 62.3795, GNorm = 1.7926, lr_0 = 1.1196e-04
Loss = 9.5566e-03, PNorm = 62.3854, GNorm = 1.9526, lr_0 = 1.1153e-04
Loss = 8.4235e-03, PNorm = 62.3907, GNorm = 1.0496, lr_0 = 1.1111e-04
Loss = 8.1424e-03, PNorm = 62.3984, GNorm = 1.5140, lr_0 = 1.1069e-04
Loss = 8.4204e-03, PNorm = 62.4027, GNorm = 1.1537, lr_0 = 1.1028e-04
Validation rmse = 0.743201
Epoch 48
Loss = 8.5990e-03, PNorm = 62.4076, GNorm = 1.5464, lr_0 = 1.0986e-04
Loss = 9.2436e-03, PNorm = 62.4125, GNorm = 1.4789, lr_0 = 1.0945e-04
Loss = 7.8995e-03, PNorm = 62.4174, GNorm = 1.5859, lr_0 = 1.0903e-04
Loss = 8.0370e-03, PNorm = 62.4238, GNorm = 1.5782, lr_0 = 1.0862e-04
Loss = 9.8696e-03, PNorm = 62.4311, GNorm = 2.2695, lr_0 = 1.0821e-04
Loss = 8.7973e-03, PNorm = 62.4367, GNorm = 0.9520, lr_0 = 1.0781e-04
Loss = 7.6894e-03, PNorm = 62.4403, GNorm = 1.5349, lr_0 = 1.0740e-04
Loss = 7.4975e-03, PNorm = 62.4450, GNorm = 1.1273, lr_0 = 1.0700e-04
Loss = 8.4293e-03, PNorm = 62.4475, GNorm = 1.5130, lr_0 = 1.0659e-04
Loss = 7.0006e-03, PNorm = 62.4508, GNorm = 1.5085, lr_0 = 1.0619e-04
Loss = 8.6543e-03, PNorm = 62.4542, GNorm = 1.2330, lr_0 = 1.0579e-04
Loss = 6.5401e-03, PNorm = 62.4595, GNorm = 1.6464, lr_0 = 1.0539e-04
Loss = 8.6398e-03, PNorm = 62.4670, GNorm = 2.2954, lr_0 = 1.0499e-04
Validation rmse = 0.747705
Epoch 49
Loss = 7.6731e-03, PNorm = 62.4721, GNorm = 1.5444, lr_0 = 1.0460e-04
Loss = 6.9937e-03, PNorm = 62.4753, GNorm = 1.4837, lr_0 = 1.0420e-04
Loss = 8.9877e-03, PNorm = 62.4789, GNorm = 1.1922, lr_0 = 1.0381e-04
Loss = 7.2815e-03, PNorm = 62.4846, GNorm = 1.6009, lr_0 = 1.0342e-04
Loss = 8.7061e-03, PNorm = 62.4904, GNorm = 1.4160, lr_0 = 1.0303e-04
Loss = 8.6763e-03, PNorm = 62.4975, GNorm = 1.6067, lr_0 = 1.0264e-04
Loss = 7.3313e-03, PNorm = 62.5035, GNorm = 0.9591, lr_0 = 1.0225e-04
Loss = 9.5693e-03, PNorm = 62.5091, GNorm = 1.4108, lr_0 = 1.0187e-04
Loss = 8.0374e-03, PNorm = 62.5142, GNorm = 1.0669, lr_0 = 1.0148e-04
Loss = 8.3120e-03, PNorm = 62.5172, GNorm = 1.4483, lr_0 = 1.0110e-04
Loss = 7.1148e-03, PNorm = 62.5204, GNorm = 1.6783, lr_0 = 1.0072e-04
Loss = 9.3793e-03, PNorm = 62.5259, GNorm = 1.4529, lr_0 = 1.0034e-04
Loss = 8.1059e-03, PNorm = 62.5297, GNorm = 1.4404, lr_0 = 1.0000e-04
Validation rmse = 0.747839
Model 0 best validation rmse = 0.743201 on epoch 47
Loading pretrained parameter "encoder.encoder.cached_zero_vector".
Loading pretrained parameter "encoder.encoder.W_i.weight".
Loading pretrained parameter "encoder.encoder.W_h.weight".
Loading pretrained parameter "encoder.encoder.W_o.weight".
Loading pretrained parameter "encoder.encoder.W_o.bias".
Loading pretrained parameter "ffn.1.weight".
Loading pretrained parameter "ffn.1.bias".
Loading pretrained parameter "ffn.4.weight".
Loading pretrained parameter "ffn.4.bias".
Model 0 test rmse = 0.795822
Ensemble test rmse = 0.795822
1-fold cross validation
Seed 5 ==> test rmse = 0.795822
Overall test rmse = 0.795822 +/- 0.000000
