Fold 0
{'activation': 'ReLU',
 'atom_messages': False,
 'batch_size': 50,
 'bias': False,
 'checkpoint_dir': None,
 'checkpoint_path': None,
 'checkpoint_paths': None,
 'config_path': None,
 'crossval_index_dir': None,
 'crossval_index_file': None,
 'cuda': False,
 'data_path': 'Data/Multitask_data/All_datasets/Splits/Predict_carbonate_whitehead_3cr/train.csv',
 'dataset_type': 'regression',
 'depth': 3,
 'dropout': 0.0,
 'ensemble_size': 1,
 'epochs': 40,
 'features_generator': None,
 'features_only': False,
 'features_path': ['Data/Multitask_data/All_datasets/Splits/Predict_carbonate_whitehead_3cr/train_extra_x.csv'],
 'features_scaling': True,
 'ffn_hidden_size': 300,
 'ffn_num_layers': 3,
 'final_lr': 0.0001,
 'folds_file': None,
 'gpu': None,
 'hidden_size': 300,
 'init_lr': 0.0001,
 'log_frequency': 10,
 'max_data_size': None,
 'max_lr': 0.001,
 'metric': 'rmse',
 'minimize_score': True,
 'multiclass_num_classes': 3,
 'no_cache': False,
 'num_folds': 1,
 'num_lrs': 1,
 'quiet': False,
 'save_dir': 'Data/Multitask_data/All_datasets/Splits/Predict_carbonate_whitehead_3cr/trained_model/fold_0',
 'save_smiles_splits': False,
 'seed': 5,
 'separate_test_features_path': ['Data/Multitask_data/All_datasets/Splits/Predict_carbonate_whitehead_3cr/test_extra_x.csv'],
 'separate_test_path': 'Data/Multitask_data/All_datasets/Splits/Predict_carbonate_whitehead_3cr/test.csv',
 'separate_val_features_path': ['Data/Multitask_data/All_datasets/Splits/Predict_carbonate_whitehead_3cr/valid_extra_x.csv'],
 'separate_val_path': 'Data/Multitask_data/All_datasets/Splits/Predict_carbonate_whitehead_3cr/valid.csv',
 'show_individual_scores': False,
 'split_sizes': [0.675, 0.075, 0.25],
 'split_type': 'random',
 'test': False,
 'test_fold_index': None,
 'undirected': False,
 'use_compound_names': False,
 'use_input_features': True,
 'val_fold_index': None,
 'warmup_epochs': 2.0}
Loading data
Number of tasks = 2
Splitting data with seed 5
Total size = 3,479 | train size = 3,479 | val size = 689 | test size = 688
Fitting scaler
Building model 0
MoleculeModel(
  (encoder): MPN(
    (encoder): MPNEncoder(
      (dropout_layer): Dropout(p=0.0, inplace=False)
      (act_func): ReLU()
      (W_i): Linear(in_features=147, out_features=300, bias=False)
      (W_h): Linear(in_features=300, out_features=300, bias=False)
      (W_o): Linear(in_features=433, out_features=300, bias=True)
    )
  )
  (ffn): Sequential(
    (0): Dropout(p=0.0, inplace=False)
    (1): Linear(in_features=324, out_features=300, bias=True)
    (2): ReLU()
    (3): Dropout(p=0.0, inplace=False)
    (4): Linear(in_features=300, out_features=300, bias=True)
    (5): ReLU()
    (6): Dropout(p=0.0, inplace=False)
    (7): Linear(in_features=300, out_features=2, bias=True)
  )
)
Number of parameters = 452,702
Epoch 0
Loss = 2.3068e-02, PNorm = 38.2786, GNorm = 1.8913, lr_0 = 1.7174e-04
Loss = 1.7090e-02, PNorm = 38.2838, GNorm = 3.6880, lr_0 = 2.3696e-04
Loss = 1.4579e-02, PNorm = 38.2906, GNorm = 1.9973, lr_0 = 3.0217e-04
Loss = 1.6436e-02, PNorm = 38.2989, GNorm = 4.0481, lr_0 = 3.6739e-04
Loss = 1.6369e-02, PNorm = 38.3096, GNorm = 3.9636, lr_0 = 4.3261e-04
Loss = 1.6280e-02, PNorm = 38.3209, GNorm = 1.8779, lr_0 = 4.9783e-04
Validation rmse = 0.511548
Epoch 1
Loss = 1.3681e-02, PNorm = 38.3386, GNorm = 1.4711, lr_0 = 5.6304e-04
Loss = 1.6276e-02, PNorm = 38.3544, GNorm = 3.6412, lr_0 = 6.2826e-04
Loss = 1.4433e-02, PNorm = 38.3781, GNorm = 2.1565, lr_0 = 6.9348e-04
Loss = 1.4018e-02, PNorm = 38.4029, GNorm = 1.7668, lr_0 = 7.5870e-04
Loss = 1.5257e-02, PNorm = 38.4334, GNorm = 1.8284, lr_0 = 8.2391e-04
Loss = 1.3779e-02, PNorm = 38.4675, GNorm = 2.3708, lr_0 = 8.8913e-04
Loss = 1.2935e-02, PNorm = 38.4986, GNorm = 3.0186, lr_0 = 9.5435e-04
Validation rmse = 0.505058
Epoch 2
Loss = 1.6588e-02, PNorm = 38.5296, GNorm = 2.0186, lr_0 = 9.9737e-04
Loss = 1.3949e-02, PNorm = 38.5621, GNorm = 1.7905, lr_0 = 9.8865e-04
Loss = 1.3044e-02, PNorm = 38.6093, GNorm = 1.1494, lr_0 = 9.8000e-04
Loss = 1.2737e-02, PNorm = 38.6527, GNorm = 1.8996, lr_0 = 9.7144e-04
Loss = 1.4401e-02, PNorm = 38.6902, GNorm = 0.7637, lr_0 = 9.6294e-04
Loss = 1.2693e-02, PNorm = 38.7301, GNorm = 1.5636, lr_0 = 9.5452e-04
Loss = 1.3111e-02, PNorm = 38.7601, GNorm = 1.0981, lr_0 = 9.4618e-04
Validation rmse = 0.495967
Epoch 3
Loss = 1.3271e-02, PNorm = 38.8060, GNorm = 2.0845, lr_0 = 9.3790e-04
Loss = 1.4261e-02, PNorm = 38.8467, GNorm = 1.0611, lr_0 = 9.2970e-04
Loss = 1.3257e-02, PNorm = 38.8968, GNorm = 2.4723, lr_0 = 9.2158e-04
Loss = 1.2229e-02, PNorm = 38.9466, GNorm = 0.8515, lr_0 = 9.1352e-04
Loss = 1.2985e-02, PNorm = 39.0024, GNorm = 1.1180, lr_0 = 9.0553e-04
Loss = 1.1452e-02, PNorm = 39.0590, GNorm = 1.5290, lr_0 = 8.9761e-04
Loss = 1.2337e-02, PNorm = 39.1174, GNorm = 1.1941, lr_0 = 8.8977e-04
Validation rmse = 0.507678
Epoch 4
Loss = 1.3035e-02, PNorm = 39.1772, GNorm = 1.6896, lr_0 = 8.8199e-04
Loss = 1.2982e-02, PNorm = 39.2449, GNorm = 1.1658, lr_0 = 8.7427e-04
Loss = 1.1658e-02, PNorm = 39.3122, GNorm = 1.2578, lr_0 = 8.6663e-04
Loss = 1.0658e-02, PNorm = 39.3781, GNorm = 1.3448, lr_0 = 8.5905e-04
Loss = 1.1872e-02, PNorm = 39.4338, GNorm = 1.6278, lr_0 = 8.5154e-04
Loss = 1.3112e-02, PNorm = 39.4752, GNorm = 2.8520, lr_0 = 8.4410e-04
Loss = 1.1497e-02, PNorm = 39.5380, GNorm = 1.1814, lr_0 = 8.3672e-04
Validation rmse = 0.484808
Epoch 5
Loss = 1.2135e-02, PNorm = 39.5942, GNorm = 1.5098, lr_0 = 8.2940e-04
Loss = 1.0028e-02, PNorm = 39.6339, GNorm = 1.3414, lr_0 = 8.2215e-04
Loss = 1.2613e-02, PNorm = 39.6836, GNorm = 1.4750, lr_0 = 8.1496e-04
Loss = 1.1098e-02, PNorm = 39.7353, GNorm = 1.0609, lr_0 = 8.0783e-04
Loss = 1.0073e-02, PNorm = 39.7921, GNorm = 0.9853, lr_0 = 8.0077e-04
Loss = 1.2951e-02, PNorm = 39.8381, GNorm = 1.7693, lr_0 = 7.9377e-04
Loss = 1.1669e-02, PNorm = 39.8802, GNorm = 1.2485, lr_0 = 7.8683e-04
Validation rmse = 0.472434
Epoch 6
Loss = 1.1522e-02, PNorm = 39.9234, GNorm = 3.4322, lr_0 = 7.7995e-04
Loss = 9.7813e-03, PNorm = 39.9666, GNorm = 1.2371, lr_0 = 7.7313e-04
Loss = 1.0979e-02, PNorm = 40.0100, GNorm = 0.9455, lr_0 = 7.6637e-04
Loss = 1.0578e-02, PNorm = 40.0472, GNorm = 2.2057, lr_0 = 7.5967e-04
Loss = 1.0489e-02, PNorm = 40.0886, GNorm = 1.0345, lr_0 = 7.5303e-04
Loss = 1.1317e-02, PNorm = 40.1448, GNorm = 1.0244, lr_0 = 7.4644e-04
Loss = 1.1023e-02, PNorm = 40.1997, GNorm = 1.9352, lr_0 = 7.3992e-04
Validation rmse = 0.481657
Epoch 7
Loss = 9.9698e-03, PNorm = 40.2477, GNorm = 0.6785, lr_0 = 7.3345e-04
Loss = 1.1260e-02, PNorm = 40.2936, GNorm = 1.4484, lr_0 = 7.2704e-04
Loss = 9.8877e-03, PNorm = 40.3459, GNorm = 1.2097, lr_0 = 7.2068e-04
Loss = 9.6688e-03, PNorm = 40.3876, GNorm = 2.1093, lr_0 = 7.1438e-04
Loss = 1.0239e-02, PNorm = 40.4255, GNorm = 1.1072, lr_0 = 7.0813e-04
Loss = 1.1171e-02, PNorm = 40.4657, GNorm = 2.1522, lr_0 = 7.0194e-04
Loss = 1.0484e-02, PNorm = 40.5284, GNorm = 1.5468, lr_0 = 6.9580e-04
Validation rmse = 0.460372
Epoch 8
Loss = 1.1590e-02, PNorm = 40.5908, GNorm = 2.0873, lr_0 = 6.8972e-04
Loss = 1.0872e-02, PNorm = 40.6391, GNorm = 1.2810, lr_0 = 6.8369e-04
Loss = 1.0805e-02, PNorm = 40.6741, GNorm = 1.9062, lr_0 = 6.7771e-04
Loss = 9.2934e-03, PNorm = 40.7123, GNorm = 1.1635, lr_0 = 6.7179e-04
Loss = 1.0004e-02, PNorm = 40.7591, GNorm = 1.2632, lr_0 = 6.6591e-04
Loss = 8.5912e-03, PNorm = 40.8050, GNorm = 1.2516, lr_0 = 6.6009e-04
Loss = 1.0002e-02, PNorm = 40.8431, GNorm = 1.3626, lr_0 = 6.5432e-04
Validation rmse = 0.473546
Epoch 9
Loss = 8.9860e-03, PNorm = 40.8895, GNorm = 1.3934, lr_0 = 6.4860e-04
Loss = 9.4923e-03, PNorm = 40.9139, GNorm = 1.7662, lr_0 = 6.4293e-04
Loss = 9.7266e-03, PNorm = 40.9475, GNorm = 1.0074, lr_0 = 6.3731e-04
Loss = 1.0612e-02, PNorm = 40.9936, GNorm = 1.3022, lr_0 = 6.3173e-04
Loss = 8.8700e-03, PNorm = 41.0384, GNorm = 2.2012, lr_0 = 6.2621e-04
Loss = 1.0831e-02, PNorm = 41.0802, GNorm = 1.4443, lr_0 = 6.2073e-04
Loss = 9.7164e-03, PNorm = 41.1185, GNorm = 1.6629, lr_0 = 6.1531e-04
Validation rmse = 0.459591
Epoch 10
Loss = 1.1121e-02, PNorm = 41.1530, GNorm = 1.3992, lr_0 = 6.0993e-04
Loss = 8.6988e-03, PNorm = 41.1973, GNorm = 0.9685, lr_0 = 6.0459e-04
Loss = 9.4306e-03, PNorm = 41.2308, GNorm = 2.1963, lr_0 = 5.9931e-04
Loss = 8.9857e-03, PNorm = 41.2558, GNorm = 0.8698, lr_0 = 5.9407e-04
Loss = 9.5852e-03, PNorm = 41.3075, GNorm = 1.9568, lr_0 = 5.8887e-04
Loss = 8.7543e-03, PNorm = 41.3601, GNorm = 1.0764, lr_0 = 5.8373e-04
Validation rmse = 0.462037
Epoch 11
Loss = 5.9395e-03, PNorm = 41.4077, GNorm = 0.9539, lr_0 = 5.7862e-04
Loss = 9.3047e-03, PNorm = 41.4442, GNorm = 0.9375, lr_0 = 5.7356e-04
Loss = 9.0472e-03, PNorm = 41.4710, GNorm = 0.7502, lr_0 = 5.6855e-04
Loss = 9.2214e-03, PNorm = 41.5083, GNorm = 1.5600, lr_0 = 5.6358e-04
Loss = 9.5209e-03, PNorm = 41.5470, GNorm = 1.4029, lr_0 = 5.5865e-04
Loss = 9.1742e-03, PNorm = 41.5811, GNorm = 1.9675, lr_0 = 5.5377e-04
Loss = 8.3499e-03, PNorm = 41.6175, GNorm = 0.6979, lr_0 = 5.4892e-04
Validation rmse = 0.466169
Epoch 12
Loss = 9.2126e-03, PNorm = 41.6607, GNorm = 1.5153, lr_0 = 5.4412e-04
Loss = 8.8987e-03, PNorm = 41.7060, GNorm = 1.0630, lr_0 = 5.3937e-04
Loss = 8.6930e-03, PNorm = 41.7370, GNorm = 1.3783, lr_0 = 5.3465e-04
Loss = 8.8733e-03, PNorm = 41.7703, GNorm = 1.0776, lr_0 = 5.2998e-04
Loss = 8.9072e-03, PNorm = 41.7990, GNorm = 1.5696, lr_0 = 5.2534e-04
Loss = 8.3610e-03, PNorm = 41.8382, GNorm = 0.9966, lr_0 = 5.2075e-04
Loss = 9.2393e-03, PNorm = 41.8642, GNorm = 1.3826, lr_0 = 5.1620e-04
Validation rmse = 0.455187
Epoch 13
Loss = 7.4871e-03, PNorm = 41.8941, GNorm = 1.3177, lr_0 = 5.1168e-04
Loss = 8.4899e-03, PNorm = 41.9324, GNorm = 1.1147, lr_0 = 5.0721e-04
Loss = 9.2062e-03, PNorm = 41.9667, GNorm = 1.1267, lr_0 = 5.0277e-04
Loss = 7.6183e-03, PNorm = 41.9960, GNorm = 0.7908, lr_0 = 4.9838e-04
Loss = 9.0930e-03, PNorm = 42.0212, GNorm = 1.9968, lr_0 = 4.9402e-04
Loss = 8.7698e-03, PNorm = 42.0521, GNorm = 1.4531, lr_0 = 4.8970e-04
Loss = 8.4567e-03, PNorm = 42.0843, GNorm = 2.0083, lr_0 = 4.8542e-04
Validation rmse = 0.452822
Epoch 14
Loss = 8.2938e-03, PNorm = 42.1054, GNorm = 1.1874, lr_0 = 4.8118e-04
Loss = 8.8407e-03, PNorm = 42.1410, GNorm = 1.5787, lr_0 = 4.7697e-04
Loss = 7.7940e-03, PNorm = 42.1688, GNorm = 1.0158, lr_0 = 4.7280e-04
Loss = 9.1655e-03, PNorm = 42.2050, GNorm = 1.2064, lr_0 = 4.6866e-04
Loss = 8.4906e-03, PNorm = 42.2353, GNorm = 2.2096, lr_0 = 4.6457e-04
Loss = 8.1163e-03, PNorm = 42.2573, GNorm = 1.5504, lr_0 = 4.6050e-04
Loss = 7.9494e-03, PNorm = 42.2831, GNorm = 1.1267, lr_0 = 4.5648e-04
Validation rmse = 0.447825
Epoch 15
Loss = 6.3403e-03, PNorm = 42.3138, GNorm = 1.8594, lr_0 = 4.5249e-04
Loss = 8.1692e-03, PNorm = 42.3334, GNorm = 0.9962, lr_0 = 4.4853e-04
Loss = 7.9929e-03, PNorm = 42.3682, GNorm = 1.0760, lr_0 = 4.4461e-04
Loss = 8.6272e-03, PNorm = 42.4019, GNorm = 1.1993, lr_0 = 4.4072e-04
Loss = 8.1565e-03, PNorm = 42.4245, GNorm = 1.2662, lr_0 = 4.3687e-04
Loss = 8.1126e-03, PNorm = 42.4456, GNorm = 1.4564, lr_0 = 4.3305e-04
Loss = 8.2612e-03, PNorm = 42.4687, GNorm = 1.6558, lr_0 = 4.2926e-04
Validation rmse = 0.461165
Epoch 16
Loss = 8.2656e-03, PNorm = 42.4998, GNorm = 1.7771, lr_0 = 4.2551e-04
Loss = 8.2127e-03, PNorm = 42.5253, GNorm = 0.9005, lr_0 = 4.2179e-04
Loss = 7.4179e-03, PNorm = 42.5577, GNorm = 1.4683, lr_0 = 4.1810e-04
Loss = 8.1014e-03, PNorm = 42.5775, GNorm = 2.4458, lr_0 = 4.1445e-04
Loss = 9.0097e-03, PNorm = 42.6023, GNorm = 2.0769, lr_0 = 4.1082e-04
Loss = 7.9843e-03, PNorm = 42.6336, GNorm = 0.6975, lr_0 = 4.0723e-04
Loss = 8.2279e-03, PNorm = 42.6576, GNorm = 1.3473, lr_0 = 4.0367e-04
Validation rmse = 0.459118
Epoch 17
Loss = 7.4402e-03, PNorm = 42.6763, GNorm = 0.8746, lr_0 = 4.0014e-04
Loss = 7.5421e-03, PNorm = 42.6991, GNorm = 1.6645, lr_0 = 3.9664e-04
Loss = 8.5178e-03, PNorm = 42.7261, GNorm = 1.9553, lr_0 = 3.9317e-04
Loss = 7.3987e-03, PNorm = 42.7498, GNorm = 1.7897, lr_0 = 3.8974e-04
Loss = 7.3834e-03, PNorm = 42.7653, GNorm = 0.9370, lr_0 = 3.8633e-04
Loss = 9.0682e-03, PNorm = 42.7843, GNorm = 2.9673, lr_0 = 3.8295e-04
Loss = 7.7548e-03, PNorm = 42.8092, GNorm = 1.4326, lr_0 = 3.7960e-04
Validation rmse = 0.450108
Epoch 18
Loss = 7.6832e-03, PNorm = 42.8374, GNorm = 1.3844, lr_0 = 3.7628e-04
Loss = 7.7065e-03, PNorm = 42.8641, GNorm = 1.9096, lr_0 = 3.7299e-04
Loss = 7.8298e-03, PNorm = 42.8891, GNorm = 1.8281, lr_0 = 3.6973e-04
Loss = 7.3851e-03, PNorm = 42.9081, GNorm = 1.2016, lr_0 = 3.6650e-04
Loss = 9.4866e-03, PNorm = 42.9331, GNorm = 1.0911, lr_0 = 3.6329e-04
Loss = 6.4406e-03, PNorm = 42.9562, GNorm = 1.4717, lr_0 = 3.6012e-04
Loss = 7.4209e-03, PNorm = 42.9777, GNorm = 1.3312, lr_0 = 3.5697e-04
Validation rmse = 0.452815
Epoch 19
Loss = 7.4763e-03, PNorm = 42.9961, GNorm = 0.9188, lr_0 = 3.5385e-04
Loss = 7.3570e-03, PNorm = 43.0097, GNorm = 1.1496, lr_0 = 3.5075e-04
Loss = 7.0888e-03, PNorm = 43.0330, GNorm = 0.7412, lr_0 = 3.4769e-04
Loss = 7.2529e-03, PNorm = 43.0520, GNorm = 1.6522, lr_0 = 3.4465e-04
Loss = 7.4893e-03, PNorm = 43.0713, GNorm = 0.8240, lr_0 = 3.4163e-04
Loss = 6.9053e-03, PNorm = 43.0925, GNorm = 1.3347, lr_0 = 3.3865e-04
Loss = 9.1561e-03, PNorm = 43.1184, GNorm = 1.6087, lr_0 = 3.3569e-04
Validation rmse = 0.440139
Epoch 20
Loss = 8.0912e-03, PNorm = 43.1336, GNorm = 1.3382, lr_0 = 3.3275e-04
Loss = 6.4844e-03, PNorm = 43.1600, GNorm = 2.5098, lr_0 = 3.2984e-04
Loss = 7.6360e-03, PNorm = 43.1779, GNorm = 1.5630, lr_0 = 3.2696e-04
Loss = 6.8237e-03, PNorm = 43.1943, GNorm = 1.2387, lr_0 = 3.2410e-04
Loss = 7.6328e-03, PNorm = 43.2142, GNorm = 1.3235, lr_0 = 3.2127e-04
Loss = 7.0651e-03, PNorm = 43.2299, GNorm = 1.3463, lr_0 = 3.1846e-04
Validation rmse = 0.447270
Epoch 21
Loss = 4.3137e-03, PNorm = 43.2440, GNorm = 1.2157, lr_0 = 3.1567e-04
Loss = 7.3645e-03, PNorm = 43.2653, GNorm = 2.9192, lr_0 = 3.1291e-04
Loss = 7.1547e-03, PNorm = 43.2856, GNorm = 1.5900, lr_0 = 3.1018e-04
Loss = 8.2040e-03, PNorm = 43.3026, GNorm = 1.7083, lr_0 = 3.0746e-04
Loss = 7.6521e-03, PNorm = 43.3220, GNorm = 1.4344, lr_0 = 3.0478e-04
Loss = 5.9966e-03, PNorm = 43.3384, GNorm = 1.6862, lr_0 = 3.0211e-04
Loss = 7.2246e-03, PNorm = 43.3516, GNorm = 1.2924, lr_0 = 2.9947e-04
Validation rmse = 0.472289
Epoch 22
Loss = 6.2370e-03, PNorm = 43.3626, GNorm = 1.6314, lr_0 = 2.9685e-04
Loss = 5.7813e-03, PNorm = 43.3778, GNorm = 1.2206, lr_0 = 2.9426e-04
Loss = 7.6679e-03, PNorm = 43.3932, GNorm = 1.7578, lr_0 = 2.9168e-04
Loss = 7.2110e-03, PNorm = 43.4185, GNorm = 1.0291, lr_0 = 2.8913e-04
Loss = 7.4063e-03, PNorm = 43.4328, GNorm = 0.7475, lr_0 = 2.8661e-04
Loss = 7.5861e-03, PNorm = 43.4456, GNorm = 1.4121, lr_0 = 2.8410e-04
Loss = 6.9534e-03, PNorm = 43.4604, GNorm = 1.5196, lr_0 = 2.8162e-04
Validation rmse = 0.467376
Epoch 23
Loss = 5.8985e-03, PNorm = 43.4723, GNorm = 1.1920, lr_0 = 2.7915e-04
Loss = 5.9399e-03, PNorm = 43.4878, GNorm = 1.3506, lr_0 = 2.7671e-04
Loss = 7.1546e-03, PNorm = 43.5036, GNorm = 2.6135, lr_0 = 2.7429e-04
Loss = 6.1264e-03, PNorm = 43.5191, GNorm = 1.8424, lr_0 = 2.7189e-04
Loss = 7.2941e-03, PNorm = 43.5281, GNorm = 1.6137, lr_0 = 2.6952e-04
Loss = 7.3831e-03, PNorm = 43.5397, GNorm = 2.6156, lr_0 = 2.6716e-04
Loss = 7.7032e-03, PNorm = 43.5544, GNorm = 1.9842, lr_0 = 2.6483e-04
Validation rmse = 0.458325
Epoch 24
Loss = 6.5527e-03, PNorm = 43.5631, GNorm = 1.0079, lr_0 = 2.6251e-04
Loss = 6.7164e-03, PNorm = 43.5812, GNorm = 1.4973, lr_0 = 2.6021e-04
Loss = 7.3355e-03, PNorm = 43.5972, GNorm = 1.4566, lr_0 = 2.5794e-04
Loss = 6.4013e-03, PNorm = 43.6082, GNorm = 1.1783, lr_0 = 2.5568e-04
Loss = 7.0073e-03, PNorm = 43.6221, GNorm = 1.2230, lr_0 = 2.5345e-04
Loss = 6.4728e-03, PNorm = 43.6346, GNorm = 1.2147, lr_0 = 2.5123e-04
Loss = 6.7645e-03, PNorm = 43.6490, GNorm = 1.2865, lr_0 = 2.4904e-04
Validation rmse = 0.451116
Epoch 25
Loss = 6.7639e-03, PNorm = 43.6582, GNorm = 1.9368, lr_0 = 2.4686e-04
Loss = 7.1190e-03, PNorm = 43.6708, GNorm = 1.9378, lr_0 = 2.4470e-04
Loss = 6.9221e-03, PNorm = 43.6896, GNorm = 1.5330, lr_0 = 2.4256e-04
Loss = 7.7372e-03, PNorm = 43.7073, GNorm = 1.2591, lr_0 = 2.4044e-04
Loss = 6.1169e-03, PNorm = 43.7188, GNorm = 1.0438, lr_0 = 2.3834e-04
Loss = 6.2902e-03, PNorm = 43.7305, GNorm = 1.3460, lr_0 = 2.3625e-04
Loss = 6.4961e-03, PNorm = 43.7420, GNorm = 1.6284, lr_0 = 2.3419e-04
Validation rmse = 0.458328
Epoch 26
Loss = 6.7998e-03, PNorm = 43.7519, GNorm = 0.7800, lr_0 = 2.3214e-04
Loss = 6.8469e-03, PNorm = 43.7615, GNorm = 1.5549, lr_0 = 2.3011e-04
Loss = 5.7912e-03, PNorm = 43.7718, GNorm = 1.6877, lr_0 = 2.2810e-04
Loss = 7.4492e-03, PNorm = 43.7818, GNorm = 1.9494, lr_0 = 2.2610e-04
Loss = 6.1090e-03, PNorm = 43.7974, GNorm = 0.9949, lr_0 = 2.2413e-04
Loss = 6.5611e-03, PNorm = 43.8082, GNorm = 0.9767, lr_0 = 2.2217e-04
Loss = 6.2377e-03, PNorm = 43.8203, GNorm = 1.1737, lr_0 = 2.2023e-04
Validation rmse = 0.455122
Epoch 27
Loss = 5.2680e-03, PNorm = 43.8312, GNorm = 1.1334, lr_0 = 2.1830e-04
Loss = 6.9068e-03, PNorm = 43.8432, GNorm = 1.4591, lr_0 = 2.1639e-04
Loss = 6.4048e-03, PNorm = 43.8525, GNorm = 1.5124, lr_0 = 2.1450e-04
Loss = 6.3629e-03, PNorm = 43.8608, GNorm = 1.1673, lr_0 = 2.1262e-04
Loss = 7.2770e-03, PNorm = 43.8732, GNorm = 2.2620, lr_0 = 2.1077e-04
Loss = 6.3946e-03, PNorm = 43.8779, GNorm = 1.1114, lr_0 = 2.0892e-04
Loss = 6.3602e-03, PNorm = 43.8873, GNorm = 2.0072, lr_0 = 2.0710e-04
Validation rmse = 0.450360
Epoch 28
Loss = 6.6883e-03, PNorm = 43.9018, GNorm = 1.7003, lr_0 = 2.0528e-04
Loss = 6.0168e-03, PNorm = 43.9123, GNorm = 2.0745, lr_0 = 2.0349e-04
Loss = 6.0351e-03, PNorm = 43.9266, GNorm = 1.3923, lr_0 = 2.0171e-04
Loss = 7.1305e-03, PNorm = 43.9335, GNorm = 1.5012, lr_0 = 1.9995e-04
Loss = 5.9382e-03, PNorm = 43.9399, GNorm = 1.1876, lr_0 = 1.9820e-04
Loss = 6.0377e-03, PNorm = 43.9513, GNorm = 1.5490, lr_0 = 1.9647e-04
Loss = 6.7058e-03, PNorm = 43.9629, GNorm = 1.2806, lr_0 = 1.9475e-04
Validation rmse = 0.466330
Epoch 29
Loss = 5.5501e-03, PNorm = 43.9733, GNorm = 1.1584, lr_0 = 1.9305e-04
Loss = 6.1272e-03, PNorm = 43.9818, GNorm = 2.1262, lr_0 = 1.9136e-04
Loss = 6.2346e-03, PNorm = 43.9923, GNorm = 1.5264, lr_0 = 1.8968e-04
Loss = 6.6496e-03, PNorm = 44.0015, GNorm = 1.9218, lr_0 = 1.8803e-04
Loss = 5.9368e-03, PNorm = 44.0092, GNorm = 1.0399, lr_0 = 1.8638e-04
Loss = 6.3152e-03, PNorm = 44.0173, GNorm = 3.5415, lr_0 = 1.8475e-04
Loss = 7.1062e-03, PNorm = 44.0254, GNorm = 1.7789, lr_0 = 1.8314e-04
Validation rmse = 0.454770
Epoch 30
Loss = 5.6596e-03, PNorm = 44.0335, GNorm = 1.3011, lr_0 = 1.8154e-04
Loss = 6.4355e-03, PNorm = 44.0413, GNorm = 1.6672, lr_0 = 1.7995e-04
Loss = 5.5416e-03, PNorm = 44.0504, GNorm = 1.2470, lr_0 = 1.7838e-04
Loss = 6.1402e-03, PNorm = 44.0598, GNorm = 0.7947, lr_0 = 1.7682e-04
Loss = 6.5715e-03, PNorm = 44.0689, GNorm = 1.4391, lr_0 = 1.7527e-04
Loss = 6.7916e-03, PNorm = 44.0771, GNorm = 2.1551, lr_0 = 1.7374e-04
Validation rmse = 0.463640
Epoch 31
Loss = 4.4092e-03, PNorm = 44.0853, GNorm = 1.9712, lr_0 = 1.7222e-04
Loss = 6.0370e-03, PNorm = 44.0936, GNorm = 1.2444, lr_0 = 1.7071e-04
Loss = 5.9166e-03, PNorm = 44.0993, GNorm = 2.5567, lr_0 = 1.6922e-04
Loss = 6.5847e-03, PNorm = 44.1075, GNorm = 1.3234, lr_0 = 1.6774e-04
Loss = 5.7332e-03, PNorm = 44.1175, GNorm = 1.5549, lr_0 = 1.6627e-04
Loss = 6.4616e-03, PNorm = 44.1267, GNorm = 1.4646, lr_0 = 1.6482e-04
Loss = 5.6153e-03, PNorm = 44.1323, GNorm = 1.1470, lr_0 = 1.6338e-04
Validation rmse = 0.460520
Epoch 32
Loss = 4.5030e-03, PNorm = 44.1382, GNorm = 0.8784, lr_0 = 1.6195e-04
Loss = 5.5048e-03, PNorm = 44.1443, GNorm = 1.2649, lr_0 = 1.6053e-04
Loss = 6.0756e-03, PNorm = 44.1512, GNorm = 2.6321, lr_0 = 1.5913e-04
Loss = 7.5655e-03, PNorm = 44.1584, GNorm = 1.1259, lr_0 = 1.5774e-04
Loss = 6.3345e-03, PNorm = 44.1664, GNorm = 0.9462, lr_0 = 1.5636e-04
Loss = 5.9017e-03, PNorm = 44.1734, GNorm = 1.7240, lr_0 = 1.5499e-04
Loss = 5.5242e-03, PNorm = 44.1817, GNorm = 2.1922, lr_0 = 1.5364e-04
Validation rmse = 0.454827
Epoch 33
Loss = 5.8283e-03, PNorm = 44.1894, GNorm = 0.9689, lr_0 = 1.5229e-04
Loss = 5.6386e-03, PNorm = 44.1951, GNorm = 1.3969, lr_0 = 1.5096e-04
Loss = 6.7492e-03, PNorm = 44.2022, GNorm = 1.1232, lr_0 = 1.4964e-04
Loss = 5.6515e-03, PNorm = 44.2102, GNorm = 1.5629, lr_0 = 1.4833e-04
Loss = 5.6977e-03, PNorm = 44.2170, GNorm = 0.9124, lr_0 = 1.4704e-04
Loss = 5.7222e-03, PNorm = 44.2228, GNorm = 1.5823, lr_0 = 1.4575e-04
Loss = 5.9982e-03, PNorm = 44.2283, GNorm = 1.0833, lr_0 = 1.4448e-04
Validation rmse = 0.469037
Epoch 34
Loss = 5.9763e-03, PNorm = 44.2341, GNorm = 1.5580, lr_0 = 1.4321e-04
Loss = 5.0696e-03, PNorm = 44.2394, GNorm = 1.5299, lr_0 = 1.4196e-04
Loss = 6.3028e-03, PNorm = 44.2446, GNorm = 2.0811, lr_0 = 1.4072e-04
Loss = 5.9544e-03, PNorm = 44.2501, GNorm = 1.0284, lr_0 = 1.3949e-04
Loss = 5.8278e-03, PNorm = 44.2532, GNorm = 1.3740, lr_0 = 1.3827e-04
Loss = 5.8248e-03, PNorm = 44.2590, GNorm = 1.4852, lr_0 = 1.3706e-04
Loss = 6.0494e-03, PNorm = 44.2670, GNorm = 1.6025, lr_0 = 1.3586e-04
Validation rmse = 0.454551
Epoch 35
Loss = 5.3783e-03, PNorm = 44.2752, GNorm = 1.2555, lr_0 = 1.3468e-04
Loss = 5.5463e-03, PNorm = 44.2823, GNorm = 1.2840, lr_0 = 1.3350e-04
Loss = 6.2598e-03, PNorm = 44.2869, GNorm = 1.7315, lr_0 = 1.3233e-04
Loss = 5.6788e-03, PNorm = 44.2967, GNorm = 0.9694, lr_0 = 1.3117e-04
Loss = 5.8500e-03, PNorm = 44.3033, GNorm = 1.1372, lr_0 = 1.3003e-04
Loss = 6.5096e-03, PNorm = 44.3084, GNorm = 1.5562, lr_0 = 1.2889e-04
Loss = 5.1178e-03, PNorm = 44.3131, GNorm = 1.1069, lr_0 = 1.2776e-04
Validation rmse = 0.466802
Epoch 36
Loss = 4.4933e-03, PNorm = 44.3177, GNorm = 1.1160, lr_0 = 1.2665e-04
Loss = 5.3442e-03, PNorm = 44.3220, GNorm = 1.4555, lr_0 = 1.2554e-04
Loss = 5.6408e-03, PNorm = 44.3252, GNorm = 1.9255, lr_0 = 1.2444e-04
Loss = 6.2598e-03, PNorm = 44.3328, GNorm = 1.1179, lr_0 = 1.2335e-04
Loss = 5.9074e-03, PNorm = 44.3397, GNorm = 1.2082, lr_0 = 1.2228e-04
Loss = 5.4935e-03, PNorm = 44.3455, GNorm = 1.0821, lr_0 = 1.2121e-04
Loss = 5.4729e-03, PNorm = 44.3518, GNorm = 1.5891, lr_0 = 1.2015e-04
Validation rmse = 0.465538
Epoch 37
Loss = 4.8860e-03, PNorm = 44.3558, GNorm = 0.9086, lr_0 = 1.1910e-04
Loss = 6.6935e-03, PNorm = 44.3617, GNorm = 2.2250, lr_0 = 1.1805e-04
Loss = 5.3287e-03, PNorm = 44.3683, GNorm = 1.2200, lr_0 = 1.1702e-04
Loss = 5.7576e-03, PNorm = 44.3720, GNorm = 1.3704, lr_0 = 1.1600e-04
Loss = 6.3180e-03, PNorm = 44.3797, GNorm = 1.2873, lr_0 = 1.1498e-04
Loss = 5.1738e-03, PNorm = 44.3844, GNorm = 1.7236, lr_0 = 1.1398e-04
Loss = 5.4615e-03, PNorm = 44.3867, GNorm = 0.9934, lr_0 = 1.1298e-04
Validation rmse = 0.466812
Epoch 38
Loss = 4.6567e-03, PNorm = 44.3903, GNorm = 1.0900, lr_0 = 1.1200e-04
Loss = 5.7173e-03, PNorm = 44.3973, GNorm = 2.5265, lr_0 = 1.1102e-04
Loss = 5.8974e-03, PNorm = 44.4020, GNorm = 2.1256, lr_0 = 1.1005e-04
Loss = 6.9544e-03, PNorm = 44.4068, GNorm = 0.9328, lr_0 = 1.0908e-04
Loss = 5.3590e-03, PNorm = 44.4124, GNorm = 2.2031, lr_0 = 1.0813e-04
Loss = 5.3993e-03, PNorm = 44.4163, GNorm = 2.0068, lr_0 = 1.0718e-04
Loss = 5.2200e-03, PNorm = 44.4189, GNorm = 1.2601, lr_0 = 1.0625e-04
Validation rmse = 0.465377
Epoch 39
Loss = 6.4292e-03, PNorm = 44.4240, GNorm = 1.7493, lr_0 = 1.0532e-04
Loss = 5.0580e-03, PNorm = 44.4295, GNorm = 1.1355, lr_0 = 1.0440e-04
Loss = 5.8998e-03, PNorm = 44.4330, GNorm = 1.0467, lr_0 = 1.0348e-04
Loss = 4.4923e-03, PNorm = 44.4367, GNorm = 1.2348, lr_0 = 1.0258e-04
Loss = 5.4225e-03, PNorm = 44.4426, GNorm = 2.2716, lr_0 = 1.0168e-04
Loss = 5.3542e-03, PNorm = 44.4475, GNorm = 1.5494, lr_0 = 1.0079e-04
Loss = 5.8649e-03, PNorm = 44.4510, GNorm = 1.9768, lr_0 = 1.0000e-04
Validation rmse = 0.488057
Model 0 best validation rmse = 0.440139 on epoch 19
Loading pretrained parameter "encoder.encoder.cached_zero_vector".
Loading pretrained parameter "encoder.encoder.W_i.weight".
Loading pretrained parameter "encoder.encoder.W_h.weight".
Loading pretrained parameter "encoder.encoder.W_o.weight".
Loading pretrained parameter "encoder.encoder.W_o.bias".
Loading pretrained parameter "ffn.1.weight".
Loading pretrained parameter "ffn.1.bias".
Loading pretrained parameter "ffn.4.weight".
Loading pretrained parameter "ffn.4.bias".
Loading pretrained parameter "ffn.7.weight".
Loading pretrained parameter "ffn.7.bias".
Model 0 test rmse = 0.429508
Ensemble test rmse = 0.429508
1-fold cross validation
Seed 5 ==> test rmse = 0.429508
Overall test rmse = 0.429508 +/- 0.000000
