Fold 0
Model 0 best validation rmse = 0.815134 on epoch 23
Model 0 test rmse = 0.771405
Ensemble test rmse = 0.771405
1-fold cross validation
Seed 5 ==> test rmse = 0.771405
Overall test rmse = 0.771405 +/- 0.000000
Fold 0
Model 0 best validation rmse = 0.609664 on epoch 35
Model 0 test rmse = 0.676624
Ensemble test rmse = 0.676624
1-fold cross validation
Seed 5 ==> test rmse = 0.676624
Overall test rmse = 0.676624 +/- 0.000000
Fold 0
Model 0 best validation rmse = 0.605192 on epoch 39
Model 0 test rmse = 0.664410
Ensemble test rmse = 0.664410
1-fold cross validation
Seed 5 ==> test rmse = 0.664410
Overall test rmse = 0.664410 +/- 0.000000
