Fold 0
Model 0 best validation rmse = 0.838515 on epoch 8
Model 0 test rmse = 0.896978
Ensemble test rmse = 0.896978
1-fold cross validation
Seed 5 ==> test rmse = 0.896978
Overall test rmse = 0.896978 +/- 0.000000
Fold 0
Model 0 best validation rmse = 0.877267 on epoch 3
Model 0 test rmse = 0.926141
Ensemble test rmse = 0.926141
1-fold cross validation
Seed 5 ==> test rmse = 0.926141
Overall test rmse = 0.926141 +/- 0.000000
Fold 0
Model 0 best validation rmse = 0.679793 on epoch 37
Model 0 test rmse = 2.403090
Ensemble test rmse = 2.403090
1-fold cross validation
Seed 5 ==> test rmse = 2.403090
Overall test rmse = 2.403090 +/- 0.000000
Fold 0
Model 0 best validation rmse = 0.675388 on epoch 35
Model 0 test rmse = 2.341680
Ensemble test rmse = 2.341680
1-fold cross validation
Seed 5 ==> test rmse = 2.341680
Overall test rmse = 2.341680 +/- 0.000000
