Fold 0
{'activation': 'ReLU',
 'atom_messages': False,
 'batch_size': 50,
 'bias': False,
 'checkpoint_dir': None,
 'checkpoint_path': None,
 'checkpoint_paths': None,
 'config_path': None,
 'crossval_index_dir': None,
 'crossval_index_file': None,
 'cuda': False,
 'data_path': 'Data/Multitask_data/All_datasets/Splits/All_random/train.csv',
 'dataset_type': 'regression',
 'depth': 3,
 'dropout': 0.0,
 'ensemble_size': 1,
 'epochs': 40,
 'features_generator': None,
 'features_only': False,
 'features_path': ['Data/Multitask_data/All_datasets/Splits/All_random/train_extra_x.csv'],
 'features_scaling': True,
 'ffn_hidden_size': 300,
 'ffn_num_layers': 3,
 'final_lr': 0.0001,
 'folds_file': None,
 'gpu': None,
 'hidden_size': 300,
 'init_lr': 0.0001,
 'log_frequency': 10,
 'max_data_size': None,
 'max_lr': 0.001,
 'metric': 'rmse',
 'minimize_score': True,
 'multiclass_num_classes': 3,
 'no_cache': False,
 'num_folds': 1,
 'num_lrs': 1,
 'quiet': False,
 'save_dir': 'Data/Multitask_data/All_datasets/Splits/All_random/trained_model/fold_0',
 'save_smiles_splits': False,
 'seed': 5,
 'separate_test_features_path': ['Data/Multitask_data/All_datasets/Splits/All_random/test_extra_x.csv'],
 'separate_test_path': 'Data/Multitask_data/All_datasets/Splits/All_random/test.csv',
 'separate_val_features_path': ['Data/Multitask_data/All_datasets/Splits/All_random/valid_extra_x.csv'],
 'separate_val_path': 'Data/Multitask_data/All_datasets/Splits/All_random/valid.csv',
 'show_individual_scores': False,
 'split_sizes': [0.675, 0.075, 0.25],
 'split_type': 'random',
 'test': False,
 'test_fold_index': None,
 'undirected': False,
 'use_compound_names': False,
 'use_input_features': True,
 'val_fold_index': None,
 'warmup_epochs': 2.0}
Loading data
Number of tasks = 1
Splitting data with seed 5
Total size = 6,472 | train size = 6,472 | val size = 1,349 | test size = 1,405
Fitting scaler
Building model 0
MoleculeModel(
  (encoder): MPN(
    (encoder): MPNEncoder(
      (dropout_layer): Dropout(p=0.0, inplace=False)
      (act_func): ReLU()
      (W_i): Linear(in_features=147, out_features=300, bias=False)
      (W_h): Linear(in_features=300, out_features=300, bias=False)
      (W_o): Linear(in_features=433, out_features=300, bias=True)
    )
  )
  (ffn): Sequential(
    (0): Dropout(p=0.0, inplace=False)
    (1): Linear(in_features=326, out_features=300, bias=True)
    (2): ReLU()
    (3): Dropout(p=0.0, inplace=False)
    (4): Linear(in_features=300, out_features=300, bias=True)
    (5): ReLU()
    (6): Dropout(p=0.0, inplace=False)
    (7): Linear(in_features=300, out_features=1, bias=True)
  )
)
Number of parameters = 453,001
Epoch 0
Loss = 1.6818e-02, PNorm = 38.3475, GNorm = 1.9540, lr_0 = 1.3837e-04
Loss = 9.4751e-03, PNorm = 38.3537, GNorm = 2.8244, lr_0 = 1.7326e-04
Loss = 7.2257e-03, PNorm = 38.3605, GNorm = 3.7312, lr_0 = 2.0814e-04
Loss = 6.7572e-03, PNorm = 38.3659, GNorm = 1.9997, lr_0 = 2.4302e-04
Loss = 6.3639e-03, PNorm = 38.3704, GNorm = 1.0667, lr_0 = 2.7791e-04
Loss = 6.0830e-03, PNorm = 38.3767, GNorm = 1.2585, lr_0 = 3.1279e-04
Loss = 6.2737e-03, PNorm = 38.3840, GNorm = 1.3392, lr_0 = 3.4767e-04
Loss = 6.0867e-03, PNorm = 38.3924, GNorm = 1.8807, lr_0 = 3.8256e-04
Loss = 7.9631e-03, PNorm = 38.4029, GNorm = 0.9202, lr_0 = 4.1744e-04
Loss = 4.6607e-03, PNorm = 38.4108, GNorm = 1.8459, lr_0 = 4.5233e-04
Loss = 4.8800e-03, PNorm = 38.4239, GNorm = 1.3493, lr_0 = 4.8721e-04
Loss = 5.4993e-03, PNorm = 38.4371, GNorm = 0.7243, lr_0 = 5.2209e-04
Validation rmse = 0.856290
Epoch 1
Loss = 3.5722e-03, PNorm = 38.4553, GNorm = 0.9934, lr_0 = 5.5698e-04
Loss = 4.8858e-03, PNorm = 38.4778, GNorm = 2.6354, lr_0 = 5.9186e-04
Loss = 5.8535e-03, PNorm = 38.4947, GNorm = 1.6238, lr_0 = 6.2674e-04
Loss = 8.5747e-03, PNorm = 38.5169, GNorm = 1.6999, lr_0 = 6.6163e-04
Loss = 5.4305e-03, PNorm = 38.5430, GNorm = 1.0267, lr_0 = 6.9651e-04
Loss = 5.2095e-03, PNorm = 38.5747, GNorm = 0.6719, lr_0 = 7.3140e-04
Loss = 3.5460e-03, PNorm = 38.6046, GNorm = 0.8569, lr_0 = 7.6628e-04
Loss = 4.2090e-03, PNorm = 38.6341, GNorm = 3.0086, lr_0 = 8.0116e-04
Loss = 4.9129e-03, PNorm = 38.6583, GNorm = 1.2532, lr_0 = 8.3605e-04
Loss = 3.6751e-03, PNorm = 38.6853, GNorm = 1.6052, lr_0 = 8.7093e-04
Loss = 5.0738e-03, PNorm = 38.7073, GNorm = 0.9657, lr_0 = 9.0581e-04
Loss = 5.1819e-03, PNorm = 38.7375, GNorm = 1.0344, lr_0 = 9.4070e-04
Loss = 5.2944e-03, PNorm = 38.7770, GNorm = 1.5899, lr_0 = 9.7558e-04
Validation rmse = 0.834239
Epoch 2
Loss = 5.6070e-03, PNorm = 38.8180, GNorm = 1.1342, lr_0 = 9.9859e-04
Loss = 4.6214e-03, PNorm = 38.8583, GNorm = 1.8868, lr_0 = 9.9391e-04
Loss = 3.9824e-03, PNorm = 38.8976, GNorm = 1.1917, lr_0 = 9.8925e-04
Loss = 4.2930e-03, PNorm = 38.9272, GNorm = 0.8770, lr_0 = 9.8462e-04
Loss = 4.0142e-03, PNorm = 38.9645, GNorm = 1.3145, lr_0 = 9.8000e-04
Loss = 5.1990e-03, PNorm = 39.0018, GNorm = 0.6906, lr_0 = 9.7541e-04
Loss = 5.7578e-03, PNorm = 39.0338, GNorm = 1.8044, lr_0 = 9.7084e-04
Loss = 3.9289e-03, PNorm = 39.0682, GNorm = 0.7452, lr_0 = 9.6629e-04
Loss = 4.5141e-03, PNorm = 39.1088, GNorm = 1.2533, lr_0 = 9.6176e-04
Loss = 4.4408e-03, PNorm = 39.1352, GNorm = 0.6978, lr_0 = 9.5726e-04
Loss = 4.5126e-03, PNorm = 39.1629, GNorm = 0.7301, lr_0 = 9.5277e-04
Loss = 3.8804e-03, PNorm = 39.1868, GNorm = 0.9937, lr_0 = 9.4831e-04
Loss = 6.0166e-03, PNorm = 39.2186, GNorm = 0.6855, lr_0 = 9.4386e-04
Validation rmse = 0.768967
Epoch 3
Loss = 4.4596e-03, PNorm = 39.2462, GNorm = 0.8524, lr_0 = 9.3944e-04
Loss = 4.0269e-03, PNorm = 39.2718, GNorm = 0.7825, lr_0 = 9.3504e-04
Loss = 3.9946e-03, PNorm = 39.3030, GNorm = 0.6305, lr_0 = 9.3065e-04
Loss = 3.9493e-03, PNorm = 39.3334, GNorm = 0.6353, lr_0 = 9.2629e-04
Loss = 4.4811e-03, PNorm = 39.3562, GNorm = 1.0188, lr_0 = 9.2195e-04
Loss = 5.7065e-03, PNorm = 39.3864, GNorm = 2.0495, lr_0 = 9.1763e-04
Loss = 4.2047e-03, PNorm = 39.4192, GNorm = 0.8023, lr_0 = 9.1333e-04
Loss = 4.4206e-03, PNorm = 39.4676, GNorm = 1.2538, lr_0 = 9.0905e-04
Loss = 3.6115e-03, PNorm = 39.5001, GNorm = 1.1150, lr_0 = 9.0479e-04
Loss = 4.4140e-03, PNorm = 39.5238, GNorm = 0.7884, lr_0 = 9.0055e-04
Loss = 4.4738e-03, PNorm = 39.5453, GNorm = 1.1891, lr_0 = 8.9633e-04
Loss = 3.6704e-03, PNorm = 39.5691, GNorm = 0.6552, lr_0 = 8.9213e-04
Loss = 3.7814e-03, PNorm = 39.5938, GNorm = 0.8486, lr_0 = 8.8795e-04
Validation rmse = 0.730593
Epoch 4
Loss = 3.3371e-03, PNorm = 39.6219, GNorm = 0.6772, lr_0 = 8.8379e-04
Loss = 5.1051e-03, PNorm = 39.6551, GNorm = 0.9439, lr_0 = 8.7965e-04
Loss = 4.2149e-03, PNorm = 39.6838, GNorm = 1.0029, lr_0 = 8.7552e-04
Loss = 4.2685e-03, PNorm = 39.7182, GNorm = 0.4541, lr_0 = 8.7142e-04
Loss = 3.8392e-03, PNorm = 39.7457, GNorm = 0.7538, lr_0 = 8.6734e-04
Loss = 3.7230e-03, PNorm = 39.7741, GNorm = 0.4123, lr_0 = 8.6327e-04
Loss = 3.9180e-03, PNorm = 39.8022, GNorm = 0.6123, lr_0 = 8.5923e-04
Loss = 4.5240e-03, PNorm = 39.8352, GNorm = 0.4962, lr_0 = 8.5520e-04
Loss = 3.7853e-03, PNorm = 39.8590, GNorm = 0.4518, lr_0 = 8.5119e-04
Loss = 3.6668e-03, PNorm = 39.8963, GNorm = 0.7054, lr_0 = 8.4721e-04
Loss = 4.8461e-03, PNorm = 39.9295, GNorm = 0.6475, lr_0 = 8.4323e-04
Loss = 3.2335e-03, PNorm = 39.9697, GNorm = 1.3083, lr_0 = 8.3928e-04
Loss = 3.9613e-03, PNorm = 39.9923, GNorm = 0.7290, lr_0 = 8.3535e-04
Validation rmse = 0.730866
Epoch 5
Loss = 3.5714e-03, PNorm = 40.0160, GNorm = 0.8833, lr_0 = 8.3144e-04
Loss = 3.3710e-03, PNorm = 40.0483, GNorm = 0.5634, lr_0 = 8.2754e-04
Loss = 3.0062e-03, PNorm = 40.0812, GNorm = 0.6373, lr_0 = 8.2366e-04
Loss = 3.0633e-03, PNorm = 40.1161, GNorm = 0.5342, lr_0 = 8.1980e-04
Loss = 4.1277e-03, PNorm = 40.1459, GNorm = 0.4480, lr_0 = 8.1596e-04
Loss = 4.0561e-03, PNorm = 40.1790, GNorm = 0.6221, lr_0 = 8.1214e-04
Loss = 4.5944e-03, PNorm = 40.2098, GNorm = 0.7982, lr_0 = 8.0833e-04
Loss = 3.4446e-03, PNorm = 40.2348, GNorm = 1.3818, lr_0 = 8.0454e-04
Loss = 3.5251e-03, PNorm = 40.2834, GNorm = 0.8596, lr_0 = 8.0077e-04
Loss = 4.5540e-03, PNorm = 40.3191, GNorm = 0.8482, lr_0 = 7.9702e-04
Loss = 3.7652e-03, PNorm = 40.3488, GNorm = 2.0943, lr_0 = 7.9328e-04
Loss = 3.7632e-03, PNorm = 40.3869, GNorm = 0.6764, lr_0 = 7.8957e-04
Loss = 3.3869e-03, PNorm = 40.4242, GNorm = 0.9763, lr_0 = 7.8587e-04
Validation rmse = 0.739523
Epoch 6
Loss = 2.9345e-03, PNorm = 40.4764, GNorm = 0.6173, lr_0 = 7.8218e-04
Loss = 3.3186e-03, PNorm = 40.5120, GNorm = 0.3617, lr_0 = 7.7852e-04
Loss = 3.0714e-03, PNorm = 40.5418, GNorm = 0.9731, lr_0 = 7.7487e-04
Loss = 4.3280e-03, PNorm = 40.5724, GNorm = 1.0720, lr_0 = 7.7124e-04
Loss = 5.1339e-03, PNorm = 40.6081, GNorm = 0.7546, lr_0 = 7.6762e-04
Loss = 4.1568e-03, PNorm = 40.6395, GNorm = 0.8374, lr_0 = 7.6403e-04
Loss = 3.4040e-03, PNorm = 40.6932, GNorm = 1.4984, lr_0 = 7.6045e-04
Loss = 3.8539e-03, PNorm = 40.7331, GNorm = 0.5895, lr_0 = 7.5688e-04
Loss = 3.2283e-03, PNorm = 40.7701, GNorm = 1.0566, lr_0 = 7.5334e-04
Loss = 3.8862e-03, PNorm = 40.7918, GNorm = 0.8710, lr_0 = 7.4981e-04
Loss = 3.8449e-03, PNorm = 40.8266, GNorm = 0.6635, lr_0 = 7.4629e-04
Loss = 3.2514e-03, PNorm = 40.8613, GNorm = 0.5581, lr_0 = 7.4280e-04
Loss = 4.4771e-03, PNorm = 40.8953, GNorm = 0.5905, lr_0 = 7.3931e-04
Validation rmse = 0.716015
Epoch 7
Loss = 3.4226e-03, PNorm = 40.9268, GNorm = 0.4636, lr_0 = 7.3585e-04
Loss = 3.2302e-03, PNorm = 40.9670, GNorm = 0.5476, lr_0 = 7.3240e-04
Loss = 3.5698e-03, PNorm = 41.0049, GNorm = 0.5038, lr_0 = 7.2897e-04
Loss = 4.0151e-03, PNorm = 41.0444, GNorm = 0.8537, lr_0 = 7.2555e-04
Loss = 4.4986e-03, PNorm = 41.0727, GNorm = 0.6400, lr_0 = 7.2215e-04
Loss = 3.0088e-03, PNorm = 41.1019, GNorm = 0.5029, lr_0 = 7.1877e-04
Loss = 3.0769e-03, PNorm = 41.1362, GNorm = 0.6591, lr_0 = 7.1540e-04
Loss = 4.4803e-03, PNorm = 41.1612, GNorm = 1.1323, lr_0 = 7.1205e-04
Loss = 4.6121e-03, PNorm = 41.1877, GNorm = 0.9241, lr_0 = 7.0871e-04
Loss = 3.3898e-03, PNorm = 41.2233, GNorm = 0.7013, lr_0 = 7.0539e-04
Loss = 3.6895e-03, PNorm = 41.2529, GNorm = 0.7429, lr_0 = 7.0208e-04
Loss = 2.6414e-03, PNorm = 41.2821, GNorm = 0.6452, lr_0 = 6.9879e-04
Loss = 3.6948e-03, PNorm = 41.3003, GNorm = 0.8818, lr_0 = 6.9552e-04
Validation rmse = 0.696363
Epoch 8
Loss = 2.8250e-03, PNorm = 41.3186, GNorm = 0.6387, lr_0 = 6.9226e-04
Loss = 3.6243e-03, PNorm = 41.3445, GNorm = 0.4130, lr_0 = 6.8902e-04
Loss = 3.5319e-03, PNorm = 41.3686, GNorm = 0.4514, lr_0 = 6.8579e-04
Loss = 3.0639e-03, PNorm = 41.3966, GNorm = 0.5416, lr_0 = 6.8257e-04
Loss = 2.8458e-03, PNorm = 41.4188, GNorm = 0.9699, lr_0 = 6.7937e-04
Loss = 2.9398e-03, PNorm = 41.4392, GNorm = 0.7948, lr_0 = 6.7619e-04
Loss = 3.7204e-03, PNorm = 41.4617, GNorm = 0.7127, lr_0 = 6.7302e-04
Loss = 4.6639e-03, PNorm = 41.4928, GNorm = 0.6257, lr_0 = 6.6987e-04
Loss = 3.0991e-03, PNorm = 41.5294, GNorm = 0.5217, lr_0 = 6.6673e-04
Loss = 3.6550e-03, PNorm = 41.5481, GNorm = 0.5320, lr_0 = 6.6360e-04
Loss = 2.7608e-03, PNorm = 41.5654, GNorm = 0.6824, lr_0 = 6.6049e-04
Loss = 3.2237e-03, PNorm = 41.5962, GNorm = 0.6653, lr_0 = 6.5740e-04
Loss = 4.6924e-03, PNorm = 41.6152, GNorm = 0.8028, lr_0 = 6.5432e-04
Validation rmse = 0.711308
Epoch 9
Loss = 3.8466e-03, PNorm = 41.6493, GNorm = 0.6489, lr_0 = 6.5125e-04
Loss = 5.1083e-03, PNorm = 41.6814, GNorm = 0.4597, lr_0 = 6.4820e-04
Loss = 3.3057e-03, PNorm = 41.6996, GNorm = 0.5945, lr_0 = 6.4516e-04
Loss = 4.2788e-03, PNorm = 41.7343, GNorm = 1.2453, lr_0 = 6.4214e-04
Loss = 3.4752e-03, PNorm = 41.7546, GNorm = 0.6221, lr_0 = 6.3913e-04
Loss = 3.0283e-03, PNorm = 41.7834, GNorm = 0.9115, lr_0 = 6.3614e-04
Loss = 2.8874e-03, PNorm = 41.8126, GNorm = 0.6294, lr_0 = 6.3315e-04
Loss = 3.4112e-03, PNorm = 41.8389, GNorm = 0.6734, lr_0 = 6.3019e-04
Loss = 3.2940e-03, PNorm = 41.8563, GNorm = 0.7805, lr_0 = 6.2723e-04
Loss = 2.5598e-03, PNorm = 41.8791, GNorm = 0.5044, lr_0 = 6.2429e-04
Loss = 2.8617e-03, PNorm = 41.9012, GNorm = 0.5354, lr_0 = 6.2137e-04
Loss = 2.5800e-03, PNorm = 41.9194, GNorm = 0.5177, lr_0 = 6.1846e-04
Loss = 4.1612e-03, PNorm = 41.9302, GNorm = 0.8915, lr_0 = 6.1556e-04
Validation rmse = 0.683753
Epoch 10
Loss = 3.0611e-03, PNorm = 41.9554, GNorm = 0.6748, lr_0 = 6.1267e-04
Loss = 2.3481e-03, PNorm = 41.9820, GNorm = 0.3148, lr_0 = 6.0980e-04
Loss = 3.4680e-03, PNorm = 42.0078, GNorm = 0.6459, lr_0 = 6.0695e-04
Loss = 2.6877e-03, PNorm = 42.0206, GNorm = 0.5146, lr_0 = 6.0410e-04
Loss = 3.4442e-03, PNorm = 42.0412, GNorm = 0.8173, lr_0 = 6.0127e-04
Loss = 4.2659e-03, PNorm = 42.0650, GNorm = 0.7097, lr_0 = 5.9845e-04
Loss = 2.7928e-03, PNorm = 42.0906, GNorm = 0.8238, lr_0 = 5.9565e-04
Loss = 3.6804e-03, PNorm = 42.1103, GNorm = 1.1262, lr_0 = 5.9286e-04
Loss = 4.1458e-03, PNorm = 42.1196, GNorm = 0.7719, lr_0 = 5.9008e-04
Loss = 3.2849e-03, PNorm = 42.1433, GNorm = 0.6220, lr_0 = 5.8731e-04
Loss = 3.2356e-03, PNorm = 42.1637, GNorm = 0.9362, lr_0 = 5.8456e-04
Loss = 3.4247e-03, PNorm = 42.1807, GNorm = 1.2256, lr_0 = 5.8182e-04
Validation rmse = 0.687124
Epoch 11
Loss = 1.8959e-03, PNorm = 42.2080, GNorm = 0.4676, lr_0 = 5.7910e-04
Loss = 3.3204e-03, PNorm = 42.2142, GNorm = 0.6501, lr_0 = 5.7638e-04
Loss = 2.7131e-03, PNorm = 42.2342, GNorm = 0.7741, lr_0 = 5.7368e-04
Loss = 2.5269e-03, PNorm = 42.2529, GNorm = 0.4802, lr_0 = 5.7099e-04
Loss = 3.1480e-03, PNorm = 42.2710, GNorm = 0.4662, lr_0 = 5.6832e-04
Loss = 2.5203e-03, PNorm = 42.2860, GNorm = 0.6596, lr_0 = 5.6565e-04
Loss = 3.4386e-03, PNorm = 42.2946, GNorm = 0.4185, lr_0 = 5.6300e-04
Loss = 2.8724e-03, PNorm = 42.3093, GNorm = 0.6656, lr_0 = 5.6036e-04
Loss = 4.6102e-03, PNorm = 42.3308, GNorm = 0.9848, lr_0 = 5.5774e-04
Loss = 2.8126e-03, PNorm = 42.3571, GNorm = 0.5390, lr_0 = 5.5512e-04
Loss = 3.3827e-03, PNorm = 42.3758, GNorm = 0.7871, lr_0 = 5.5252e-04
Loss = 3.7245e-03, PNorm = 42.3886, GNorm = 0.3902, lr_0 = 5.4993e-04
Loss = 3.4199e-03, PNorm = 42.4073, GNorm = 0.7135, lr_0 = 5.4736e-04
Validation rmse = 0.666298
Epoch 12
Loss = 2.2026e-03, PNorm = 42.4256, GNorm = 0.6455, lr_0 = 5.4479e-04
Loss = 3.1223e-03, PNorm = 42.4386, GNorm = 0.5895, lr_0 = 5.4224e-04
Loss = 3.7055e-03, PNorm = 42.4681, GNorm = 0.9077, lr_0 = 5.3970e-04
Loss = 3.0626e-03, PNorm = 42.4900, GNorm = 0.4733, lr_0 = 5.3717e-04
Loss = 2.7745e-03, PNorm = 42.5123, GNorm = 0.5369, lr_0 = 5.3465e-04
Loss = 4.3986e-03, PNorm = 42.5232, GNorm = 0.5944, lr_0 = 5.3215e-04
Loss = 3.3083e-03, PNorm = 42.5429, GNorm = 0.5381, lr_0 = 5.2965e-04
Loss = 2.4704e-03, PNorm = 42.5650, GNorm = 0.5920, lr_0 = 5.2717e-04
Loss = 2.4157e-03, PNorm = 42.5825, GNorm = 0.6445, lr_0 = 5.2470e-04
Loss = 4.0965e-03, PNorm = 42.5947, GNorm = 1.2989, lr_0 = 5.2224e-04
Loss = 3.1157e-03, PNorm = 42.6058, GNorm = 0.8519, lr_0 = 5.1979e-04
Loss = 2.8491e-03, PNorm = 42.6206, GNorm = 0.4816, lr_0 = 5.1736e-04
Loss = 2.6417e-03, PNorm = 42.6462, GNorm = 0.8814, lr_0 = 5.1493e-04
Validation rmse = 0.674375
Epoch 13
Loss = 2.4101e-03, PNorm = 42.6681, GNorm = 0.6768, lr_0 = 5.1252e-04
Loss = 3.0206e-03, PNorm = 42.6856, GNorm = 0.6977, lr_0 = 5.1012e-04
Loss = 3.2904e-03, PNorm = 42.7076, GNorm = 0.6389, lr_0 = 5.0773e-04
Loss = 3.0421e-03, PNorm = 42.7367, GNorm = 0.6099, lr_0 = 5.0535e-04
Loss = 2.6806e-03, PNorm = 42.7523, GNorm = 0.4677, lr_0 = 5.0298e-04
Loss = 2.9087e-03, PNorm = 42.7631, GNorm = 0.7352, lr_0 = 5.0062e-04
Loss = 3.1133e-03, PNorm = 42.7790, GNorm = 0.8705, lr_0 = 4.9828e-04
Loss = 5.3757e-03, PNorm = 42.7881, GNorm = 0.9596, lr_0 = 4.9594e-04
Loss = 2.4381e-03, PNorm = 42.8031, GNorm = 0.4340, lr_0 = 4.9362e-04
Loss = 2.8389e-03, PNorm = 42.8310, GNorm = 0.5043, lr_0 = 4.9130e-04
Loss = 2.9462e-03, PNorm = 42.8535, GNorm = 0.8965, lr_0 = 4.8900e-04
Loss = 3.1099e-03, PNorm = 42.8691, GNorm = 0.5564, lr_0 = 4.8671e-04
Loss = 2.9776e-03, PNorm = 42.8828, GNorm = 0.8579, lr_0 = 4.8443e-04
Validation rmse = 0.661124
Epoch 14
Loss = 2.9651e-03, PNorm = 42.9021, GNorm = 0.5833, lr_0 = 4.8216e-04
Loss = 2.4329e-03, PNorm = 42.9227, GNorm = 0.3654, lr_0 = 4.7990e-04
Loss = 3.7280e-03, PNorm = 42.9401, GNorm = 0.7128, lr_0 = 4.7765e-04
Loss = 2.3441e-03, PNorm = 42.9619, GNorm = 0.5633, lr_0 = 4.7541e-04
Loss = 2.5098e-03, PNorm = 42.9813, GNorm = 0.7883, lr_0 = 4.7318e-04
Loss = 3.7914e-03, PNorm = 42.9970, GNorm = 0.5043, lr_0 = 4.7097e-04
Loss = 2.6138e-03, PNorm = 43.0156, GNorm = 0.4784, lr_0 = 4.6876e-04
Loss = 3.4738e-03, PNorm = 43.0331, GNorm = 0.3964, lr_0 = 4.6656e-04
Loss = 3.6166e-03, PNorm = 43.0443, GNorm = 0.6098, lr_0 = 4.6438e-04
Loss = 2.7999e-03, PNorm = 43.0626, GNorm = 0.5848, lr_0 = 4.6220e-04
Loss = 3.3099e-03, PNorm = 43.0780, GNorm = 0.6610, lr_0 = 4.6003e-04
Loss = 2.7221e-03, PNorm = 43.0916, GNorm = 0.4367, lr_0 = 4.5788e-04
Loss = 3.7146e-03, PNorm = 43.1079, GNorm = 0.9085, lr_0 = 4.5573e-04
Validation rmse = 0.669633
Epoch 15
Loss = 2.9776e-03, PNorm = 43.1247, GNorm = 0.6610, lr_0 = 4.5360e-04
Loss = 2.3202e-03, PNorm = 43.1382, GNorm = 0.5379, lr_0 = 4.5147e-04
Loss = 3.2933e-03, PNorm = 43.1563, GNorm = 0.7869, lr_0 = 4.4936e-04
Loss = 2.6352e-03, PNorm = 43.1807, GNorm = 0.5233, lr_0 = 4.4725e-04
Loss = 2.5350e-03, PNorm = 43.1983, GNorm = 0.4402, lr_0 = 4.4515e-04
Loss = 4.4702e-03, PNorm = 43.2015, GNorm = 0.8174, lr_0 = 4.4307e-04
Loss = 3.0170e-03, PNorm = 43.2183, GNorm = 0.7312, lr_0 = 4.4099e-04
Loss = 2.9101e-03, PNorm = 43.2370, GNorm = 0.9664, lr_0 = 4.3893e-04
Loss = 2.5912e-03, PNorm = 43.2534, GNorm = 0.6050, lr_0 = 4.3687e-04
Loss = 2.8830e-03, PNorm = 43.2637, GNorm = 0.5558, lr_0 = 4.3482e-04
Loss = 2.5864e-03, PNorm = 43.2800, GNorm = 0.4402, lr_0 = 4.3278e-04
Loss = 2.8477e-03, PNorm = 43.3014, GNorm = 0.5334, lr_0 = 4.3076e-04
Loss = 3.4956e-03, PNorm = 43.3185, GNorm = 0.5178, lr_0 = 4.2874e-04
Validation rmse = 0.659937
Epoch 16
Loss = 2.6973e-03, PNorm = 43.3360, GNorm = 0.5085, lr_0 = 4.2673e-04
Loss = 2.9156e-03, PNorm = 43.3516, GNorm = 0.6637, lr_0 = 4.2473e-04
Loss = 2.5919e-03, PNorm = 43.3704, GNorm = 0.6992, lr_0 = 4.2274e-04
Loss = 2.6893e-03, PNorm = 43.3809, GNorm = 0.5793, lr_0 = 4.2076e-04
Loss = 4.0765e-03, PNorm = 43.3980, GNorm = 0.6814, lr_0 = 4.1878e-04
Loss = 2.2401e-03, PNorm = 43.4152, GNorm = 0.6432, lr_0 = 4.1682e-04
Loss = 3.4418e-03, PNorm = 43.4277, GNorm = 0.4832, lr_0 = 4.1487e-04
Loss = 2.8210e-03, PNorm = 43.4408, GNorm = 0.5702, lr_0 = 4.1292e-04
Loss = 2.2593e-03, PNorm = 43.4581, GNorm = 0.3913, lr_0 = 4.1099e-04
Loss = 3.1967e-03, PNorm = 43.4704, GNorm = 0.5239, lr_0 = 4.0906e-04
Loss = 2.7651e-03, PNorm = 43.4772, GNorm = 0.8597, lr_0 = 4.0715e-04
Loss = 3.8183e-03, PNorm = 43.4904, GNorm = 0.4658, lr_0 = 4.0524e-04
Loss = 2.8335e-03, PNorm = 43.5068, GNorm = 0.5335, lr_0 = 4.0334e-04
Validation rmse = 0.647536
Epoch 17
Loss = 4.8429e-03, PNorm = 43.5258, GNorm = 0.9617, lr_0 = 4.0145e-04
Loss = 2.0369e-03, PNorm = 43.5350, GNorm = 0.6660, lr_0 = 3.9957e-04
Loss = 2.2992e-03, PNorm = 43.5524, GNorm = 0.5237, lr_0 = 3.9770e-04
Loss = 2.5518e-03, PNorm = 43.5671, GNorm = 0.7757, lr_0 = 3.9583e-04
Loss = 2.8873e-03, PNorm = 43.5865, GNorm = 0.4477, lr_0 = 3.9398e-04
Loss = 3.0813e-03, PNorm = 43.6042, GNorm = 0.5056, lr_0 = 3.9213e-04
Loss = 2.5601e-03, PNorm = 43.6233, GNorm = 0.5209, lr_0 = 3.9029e-04
Loss = 3.2246e-03, PNorm = 43.6383, GNorm = 0.4981, lr_0 = 3.8846e-04
Loss = 3.9262e-03, PNorm = 43.6461, GNorm = 0.9220, lr_0 = 3.8664e-04
Loss = 2.8236e-03, PNorm = 43.6625, GNorm = 0.7308, lr_0 = 3.8483e-04
Loss = 2.4614e-03, PNorm = 43.6823, GNorm = 0.4560, lr_0 = 3.8303e-04
Loss = 2.5166e-03, PNorm = 43.6984, GNorm = 0.7071, lr_0 = 3.8123e-04
Loss = 3.2462e-03, PNorm = 43.7112, GNorm = 0.5224, lr_0 = 3.7945e-04
Validation rmse = 0.668839
Epoch 18
Loss = 2.4408e-03, PNorm = 43.7279, GNorm = 0.4625, lr_0 = 3.7767e-04
Loss = 2.1896e-03, PNorm = 43.7441, GNorm = 0.4445, lr_0 = 3.7590e-04
Loss = 3.4795e-03, PNorm = 43.7562, GNorm = 0.4097, lr_0 = 3.7414e-04
Loss = 2.3493e-03, PNorm = 43.7670, GNorm = 0.5275, lr_0 = 3.7238e-04
Loss = 2.5662e-03, PNorm = 43.7764, GNorm = 0.9220, lr_0 = 3.7064e-04
Loss = 4.7895e-03, PNorm = 43.7894, GNorm = 0.5343, lr_0 = 3.6890e-04
Loss = 2.8979e-03, PNorm = 43.8041, GNorm = 0.4442, lr_0 = 3.6717e-04
Loss = 2.8390e-03, PNorm = 43.8181, GNorm = 0.8000, lr_0 = 3.6545e-04
Loss = 2.6774e-03, PNorm = 43.8367, GNorm = 0.7584, lr_0 = 3.6374e-04
Loss = 2.2771e-03, PNorm = 43.8500, GNorm = 1.0285, lr_0 = 3.6204e-04
Loss = 3.0588e-03, PNorm = 43.8654, GNorm = 0.4551, lr_0 = 3.6034e-04
Loss = 2.5800e-03, PNorm = 43.8754, GNorm = 0.7154, lr_0 = 3.5865e-04
Loss = 3.0443e-03, PNorm = 43.8827, GNorm = 0.5315, lr_0 = 3.5697e-04
Validation rmse = 0.637888
Epoch 19
Loss = 3.1043e-03, PNorm = 43.8929, GNorm = 0.5449, lr_0 = 3.5530e-04
Loss = 2.6140e-03, PNorm = 43.9070, GNorm = 0.5100, lr_0 = 3.5363e-04
Loss = 2.7750e-03, PNorm = 43.9228, GNorm = 0.7294, lr_0 = 3.5197e-04
Loss = 2.7724e-03, PNorm = 43.9371, GNorm = 0.5452, lr_0 = 3.5033e-04
Loss = 2.0735e-03, PNorm = 43.9506, GNorm = 0.7039, lr_0 = 3.4868e-04
Loss = 3.3376e-03, PNorm = 43.9661, GNorm = 0.3973, lr_0 = 3.4705e-04
Loss = 2.7009e-03, PNorm = 43.9782, GNorm = 0.6247, lr_0 = 3.4542e-04
Loss = 2.6397e-03, PNorm = 43.9852, GNorm = 0.6754, lr_0 = 3.4380e-04
Loss = 2.4057e-03, PNorm = 43.9949, GNorm = 0.4108, lr_0 = 3.4219e-04
Loss = 2.9099e-03, PNorm = 44.0050, GNorm = 0.6209, lr_0 = 3.4059e-04
Loss = 2.4977e-03, PNorm = 44.0190, GNorm = 0.4120, lr_0 = 3.3899e-04
Loss = 2.7950e-03, PNorm = 44.0363, GNorm = 0.3822, lr_0 = 3.3741e-04
Loss = 3.5770e-03, PNorm = 44.0550, GNorm = 1.7714, lr_0 = 3.3582e-04
Validation rmse = 0.638579
Epoch 20
Loss = 2.2497e-03, PNorm = 44.0696, GNorm = 0.4020, lr_0 = 3.3425e-04
Loss = 2.5517e-03, PNorm = 44.0792, GNorm = 0.4353, lr_0 = 3.3268e-04
Loss = 3.3528e-03, PNorm = 44.0946, GNorm = 0.6100, lr_0 = 3.3112e-04
Loss = 2.6908e-03, PNorm = 44.1068, GNorm = 0.6053, lr_0 = 3.2957e-04
Loss = 2.7135e-03, PNorm = 44.1181, GNorm = 0.8417, lr_0 = 3.2803e-04
Loss = 2.0953e-03, PNorm = 44.1268, GNorm = 0.6104, lr_0 = 3.2649e-04
Loss = 2.8012e-03, PNorm = 44.1377, GNorm = 0.4092, lr_0 = 3.2496e-04
Loss = 3.8113e-03, PNorm = 44.1500, GNorm = 0.6664, lr_0 = 3.2344e-04
Loss = 2.0340e-03, PNorm = 44.1615, GNorm = 0.5242, lr_0 = 3.2192e-04
Loss = 2.9079e-03, PNorm = 44.1770, GNorm = 0.4689, lr_0 = 3.2041e-04
Loss = 2.5629e-03, PNorm = 44.1934, GNorm = 0.4435, lr_0 = 3.1891e-04
Loss = 2.9471e-03, PNorm = 44.2035, GNorm = 0.4778, lr_0 = 3.1742e-04
Validation rmse = 0.645673
Epoch 21
Loss = 3.0262e-03, PNorm = 44.2168, GNorm = 0.7449, lr_0 = 3.1593e-04
Loss = 2.3198e-03, PNorm = 44.2301, GNorm = 0.8553, lr_0 = 3.1445e-04
Loss = 1.9238e-03, PNorm = 44.2451, GNorm = 0.3296, lr_0 = 3.1298e-04
Loss = 2.4920e-03, PNorm = 44.2587, GNorm = 0.9498, lr_0 = 3.1151e-04
Loss = 2.3117e-03, PNorm = 44.2685, GNorm = 0.5869, lr_0 = 3.1005e-04
Loss = 2.7120e-03, PNorm = 44.2767, GNorm = 0.4979, lr_0 = 3.0860e-04
Loss = 2.7988e-03, PNorm = 44.2897, GNorm = 0.8340, lr_0 = 3.0715e-04
Loss = 2.2330e-03, PNorm = 44.3009, GNorm = 0.3844, lr_0 = 3.0571e-04
Loss = 2.3062e-03, PNorm = 44.3166, GNorm = 0.4651, lr_0 = 3.0428e-04
Loss = 2.4676e-03, PNorm = 44.3214, GNorm = 0.5413, lr_0 = 3.0285e-04
Loss = 3.6437e-03, PNorm = 44.3283, GNorm = 1.1348, lr_0 = 3.0143e-04
Loss = 2.8078e-03, PNorm = 44.3375, GNorm = 0.4455, lr_0 = 3.0002e-04
Loss = 2.4415e-03, PNorm = 44.3517, GNorm = 0.5454, lr_0 = 2.9862e-04
Validation rmse = 0.652291
Epoch 22
Loss = 2.2684e-03, PNorm = 44.3594, GNorm = 0.6652, lr_0 = 2.9722e-04
Loss = 2.5395e-03, PNorm = 44.3771, GNorm = 0.9520, lr_0 = 2.9582e-04
Loss = 2.6126e-03, PNorm = 44.3877, GNorm = 0.6320, lr_0 = 2.9444e-04
Loss = 3.4964e-03, PNorm = 44.4000, GNorm = 0.8515, lr_0 = 2.9306e-04
Loss = 2.3194e-03, PNorm = 44.4115, GNorm = 0.4895, lr_0 = 2.9168e-04
Loss = 1.8314e-03, PNorm = 44.4198, GNorm = 0.3996, lr_0 = 2.9032e-04
Loss = 2.2431e-03, PNorm = 44.4322, GNorm = 0.6615, lr_0 = 2.8896e-04
Loss = 2.4614e-03, PNorm = 44.4434, GNorm = 0.5198, lr_0 = 2.8760e-04
Loss = 2.7251e-03, PNorm = 44.4535, GNorm = 0.6283, lr_0 = 2.8625e-04
Loss = 2.5657e-03, PNorm = 44.4642, GNorm = 0.6758, lr_0 = 2.8491e-04
Loss = 3.4655e-03, PNorm = 44.4739, GNorm = 0.5534, lr_0 = 2.8358e-04
Loss = 2.8188e-03, PNorm = 44.4806, GNorm = 0.8282, lr_0 = 2.8225e-04
Loss = 2.6663e-03, PNorm = 44.4906, GNorm = 0.6022, lr_0 = 2.8093e-04
Validation rmse = 0.628166
Epoch 23
Loss = 1.9482e-03, PNorm = 44.4986, GNorm = 0.3777, lr_0 = 2.7961e-04
Loss = 2.6484e-03, PNorm = 44.5106, GNorm = 0.5157, lr_0 = 2.7830e-04
Loss = 2.5401e-03, PNorm = 44.5244, GNorm = 0.7671, lr_0 = 2.7700e-04
Loss = 2.3373e-03, PNorm = 44.5392, GNorm = 0.7931, lr_0 = 2.7570e-04
Loss = 1.9301e-03, PNorm = 44.5441, GNorm = 0.3061, lr_0 = 2.7441e-04
Loss = 2.7253e-03, PNorm = 44.5547, GNorm = 0.5574, lr_0 = 2.7312e-04
Loss = 2.5579e-03, PNorm = 44.5676, GNorm = 0.9216, lr_0 = 2.7184e-04
Loss = 2.9676e-03, PNorm = 44.5791, GNorm = 0.4350, lr_0 = 2.7057e-04
Loss = 2.4714e-03, PNorm = 44.5899, GNorm = 0.4778, lr_0 = 2.6930e-04
Loss = 2.5427e-03, PNorm = 44.5974, GNorm = 0.5758, lr_0 = 2.6804e-04
Loss = 2.3549e-03, PNorm = 44.6072, GNorm = 0.6706, lr_0 = 2.6678e-04
Loss = 2.1329e-03, PNorm = 44.6167, GNorm = 0.5849, lr_0 = 2.6553e-04
Loss = 3.3459e-03, PNorm = 44.6258, GNorm = 0.3893, lr_0 = 2.6429e-04
Validation rmse = 0.649648
Epoch 24
Loss = 2.6679e-03, PNorm = 44.6345, GNorm = 0.6826, lr_0 = 2.6305e-04
Loss = 3.3848e-03, PNorm = 44.6474, GNorm = 0.6797, lr_0 = 2.6181e-04
Loss = 1.8247e-03, PNorm = 44.6602, GNorm = 0.6063, lr_0 = 2.6059e-04
Loss = 2.3035e-03, PNorm = 44.6705, GNorm = 0.8512, lr_0 = 2.5937e-04
Loss = 2.3350e-03, PNorm = 44.6811, GNorm = 0.7972, lr_0 = 2.5815e-04
Loss = 2.2179e-03, PNorm = 44.6930, GNorm = 0.4380, lr_0 = 2.5694e-04
Loss = 2.3501e-03, PNorm = 44.7048, GNorm = 0.5419, lr_0 = 2.5574e-04
Loss = 1.9858e-03, PNorm = 44.7151, GNorm = 0.5154, lr_0 = 2.5454e-04
Loss = 2.3380e-03, PNorm = 44.7217, GNorm = 0.5355, lr_0 = 2.5335e-04
Loss = 2.9637e-03, PNorm = 44.7294, GNorm = 0.6188, lr_0 = 2.5216e-04
Loss = 3.0352e-03, PNorm = 44.7392, GNorm = 0.8656, lr_0 = 2.5098e-04
Loss = 3.9699e-03, PNorm = 44.7473, GNorm = 0.7540, lr_0 = 2.4980e-04
Loss = 1.8786e-03, PNorm = 44.7571, GNorm = 1.0316, lr_0 = 2.4863e-04
Validation rmse = 0.637147
Epoch 25
Loss = 2.1383e-03, PNorm = 44.7660, GNorm = 0.5003, lr_0 = 2.4746e-04
Loss = 2.8403e-03, PNorm = 44.7717, GNorm = 0.7741, lr_0 = 2.4630e-04
Loss = 2.3177e-03, PNorm = 44.7797, GNorm = 1.2849, lr_0 = 2.4515e-04
Loss = 2.1895e-03, PNorm = 44.7874, GNorm = 0.5770, lr_0 = 2.4400e-04
Loss = 2.1323e-03, PNorm = 44.7978, GNorm = 0.6408, lr_0 = 2.4286e-04
Loss = 2.2616e-03, PNorm = 44.8095, GNorm = 0.5196, lr_0 = 2.4172e-04
Loss = 2.6656e-03, PNorm = 44.8173, GNorm = 0.5314, lr_0 = 2.4059e-04
Loss = 3.4511e-03, PNorm = 44.8284, GNorm = 1.2769, lr_0 = 2.3946e-04
Loss = 2.3989e-03, PNorm = 44.8394, GNorm = 0.6103, lr_0 = 2.3834e-04
Loss = 2.0070e-03, PNorm = 44.8473, GNorm = 0.8988, lr_0 = 2.3722e-04
Loss = 2.5681e-03, PNorm = 44.8517, GNorm = 1.0733, lr_0 = 2.3611e-04
Loss = 2.1137e-03, PNorm = 44.8608, GNorm = 0.9156, lr_0 = 2.3500e-04
Loss = 3.2784e-03, PNorm = 44.8724, GNorm = 0.9753, lr_0 = 2.3390e-04
Validation rmse = 0.636069
Epoch 26
Loss = 1.9306e-03, PNorm = 44.8807, GNorm = 0.4205, lr_0 = 2.3281e-04
Loss = 2.2452e-03, PNorm = 44.8887, GNorm = 0.4811, lr_0 = 2.3171e-04
Loss = 2.3290e-03, PNorm = 44.8977, GNorm = 0.6130, lr_0 = 2.3063e-04
Loss = 2.5232e-03, PNorm = 44.9078, GNorm = 0.6501, lr_0 = 2.2955e-04
Loss = 2.3673e-03, PNorm = 44.9175, GNorm = 0.7323, lr_0 = 2.2847e-04
Loss = 2.7306e-03, PNorm = 44.9249, GNorm = 0.6568, lr_0 = 2.2740e-04
Loss = 2.9577e-03, PNorm = 44.9337, GNorm = 0.6107, lr_0 = 2.2634e-04
Loss = 2.0661e-03, PNorm = 44.9410, GNorm = 0.4887, lr_0 = 2.2528e-04
Loss = 2.4370e-03, PNorm = 44.9492, GNorm = 1.0640, lr_0 = 2.2422e-04
Loss = 2.2660e-03, PNorm = 44.9556, GNorm = 0.7272, lr_0 = 2.2317e-04
Loss = 2.5847e-03, PNorm = 44.9609, GNorm = 0.9467, lr_0 = 2.2212e-04
Loss = 2.6509e-03, PNorm = 44.9677, GNorm = 0.9873, lr_0 = 2.2108e-04
Loss = 2.2221e-03, PNorm = 44.9764, GNorm = 1.0339, lr_0 = 2.2005e-04
Validation rmse = 0.615732
Epoch 27
Loss = 2.6335e-03, PNorm = 44.9845, GNorm = 0.6388, lr_0 = 2.1901e-04
Loss = 1.9654e-03, PNorm = 44.9901, GNorm = 0.3982, lr_0 = 2.1799e-04
Loss = 2.0705e-03, PNorm = 44.9953, GNorm = 0.6430, lr_0 = 2.1697e-04
Loss = 1.9723e-03, PNorm = 45.0034, GNorm = 0.8754, lr_0 = 2.1595e-04
Loss = 3.9938e-03, PNorm = 45.0116, GNorm = 0.4446, lr_0 = 2.1494e-04
Loss = 2.4494e-03, PNorm = 45.0241, GNorm = 0.8756, lr_0 = 2.1393e-04
Loss = 2.3300e-03, PNorm = 45.0331, GNorm = 0.4411, lr_0 = 2.1293e-04
Loss = 2.8745e-03, PNorm = 45.0401, GNorm = 0.6473, lr_0 = 2.1193e-04
Loss = 2.3705e-03, PNorm = 45.0485, GNorm = 0.5671, lr_0 = 2.1094e-04
Loss = 2.2078e-03, PNorm = 45.0578, GNorm = 0.4410, lr_0 = 2.0995e-04
Loss = 1.8898e-03, PNorm = 45.0627, GNorm = 0.6006, lr_0 = 2.0896e-04
Loss = 1.9935e-03, PNorm = 45.0709, GNorm = 0.4050, lr_0 = 2.0799e-04
Loss = 2.0637e-03, PNorm = 45.0762, GNorm = 0.6965, lr_0 = 2.0701e-04
Validation rmse = 0.624792
Epoch 28
Loss = 2.0644e-03, PNorm = 45.0819, GNorm = 0.7827, lr_0 = 2.0604e-04
Loss = 2.2968e-03, PNorm = 45.0879, GNorm = 0.4938, lr_0 = 2.0508e-04
Loss = 2.4001e-03, PNorm = 45.0930, GNorm = 0.6802, lr_0 = 2.0411e-04
Loss = 3.0696e-03, PNorm = 45.0995, GNorm = 1.5283, lr_0 = 2.0316e-04
Loss = 1.9267e-03, PNorm = 45.1062, GNorm = 0.6568, lr_0 = 2.0221e-04
Loss = 2.1856e-03, PNorm = 45.1160, GNorm = 0.6160, lr_0 = 2.0126e-04
Loss = 2.7951e-03, PNorm = 45.1230, GNorm = 0.3709, lr_0 = 2.0032e-04
Loss = 2.0860e-03, PNorm = 45.1302, GNorm = 0.9727, lr_0 = 1.9938e-04
Loss = 2.6420e-03, PNorm = 45.1363, GNorm = 1.1915, lr_0 = 1.9844e-04
Loss = 2.0353e-03, PNorm = 45.1396, GNorm = 0.7053, lr_0 = 1.9751e-04
Loss = 2.5452e-03, PNorm = 45.1480, GNorm = 0.9488, lr_0 = 1.9659e-04
Loss = 2.0106e-03, PNorm = 45.1574, GNorm = 0.7747, lr_0 = 1.9567e-04
Loss = 2.2031e-03, PNorm = 45.1643, GNorm = 0.7740, lr_0 = 1.9475e-04
Validation rmse = 0.620117
Epoch 29
Loss = 2.7014e-03, PNorm = 45.1697, GNorm = 0.8536, lr_0 = 1.9384e-04
Loss = 2.2165e-03, PNorm = 45.1751, GNorm = 0.7564, lr_0 = 1.9293e-04
Loss = 1.8994e-03, PNorm = 45.1844, GNorm = 0.6647, lr_0 = 1.9202e-04
Loss = 3.6040e-03, PNorm = 45.1923, GNorm = 0.4755, lr_0 = 1.9112e-04
Loss = 2.1441e-03, PNorm = 45.1988, GNorm = 0.4409, lr_0 = 1.9023e-04
Loss = 1.8843e-03, PNorm = 45.2054, GNorm = 0.4484, lr_0 = 1.8934e-04
Loss = 2.8978e-03, PNorm = 45.2099, GNorm = 0.3416, lr_0 = 1.8845e-04
Loss = 1.9506e-03, PNorm = 45.2141, GNorm = 0.5384, lr_0 = 1.8757e-04
Loss = 1.9013e-03, PNorm = 45.2192, GNorm = 0.5052, lr_0 = 1.8669e-04
Loss = 1.9550e-03, PNorm = 45.2259, GNorm = 0.6387, lr_0 = 1.8581e-04
Loss = 2.2104e-03, PNorm = 45.2328, GNorm = 0.5658, lr_0 = 1.8494e-04
Loss = 2.0480e-03, PNorm = 45.2393, GNorm = 0.7686, lr_0 = 1.8407e-04
Loss = 2.5768e-03, PNorm = 45.2451, GNorm = 0.9262, lr_0 = 1.8321e-04
Validation rmse = 0.627394
Epoch 30
Loss = 2.5883e-03, PNorm = 45.2500, GNorm = 0.9922, lr_0 = 1.8235e-04
Loss = 1.7803e-03, PNorm = 45.2579, GNorm = 0.4698, lr_0 = 1.8150e-04
Loss = 3.3168e-03, PNorm = 45.2645, GNorm = 0.7059, lr_0 = 1.8065e-04
Loss = 1.9258e-03, PNorm = 45.2701, GNorm = 0.9068, lr_0 = 1.7980e-04
Loss = 1.9916e-03, PNorm = 45.2755, GNorm = 0.6322, lr_0 = 1.7896e-04
Loss = 2.2754e-03, PNorm = 45.2821, GNorm = 0.7914, lr_0 = 1.7812e-04
Loss = 2.4416e-03, PNorm = 45.2878, GNorm = 0.5160, lr_0 = 1.7729e-04
Loss = 2.5901e-03, PNorm = 45.2942, GNorm = 0.6289, lr_0 = 1.7646e-04
Loss = 2.1039e-03, PNorm = 45.3019, GNorm = 0.6497, lr_0 = 1.7563e-04
Loss = 2.0019e-03, PNorm = 45.3063, GNorm = 0.8256, lr_0 = 1.7481e-04
Loss = 2.7349e-03, PNorm = 45.3116, GNorm = 0.5282, lr_0 = 1.7399e-04
Loss = 2.1894e-03, PNorm = 45.3164, GNorm = 0.5317, lr_0 = 1.7317e-04
Validation rmse = 0.611797
Epoch 31
Loss = 5.1781e-03, PNorm = 45.3240, GNorm = 1.1390, lr_0 = 1.7236e-04
Loss = 2.8557e-03, PNorm = 45.3299, GNorm = 0.6250, lr_0 = 1.7155e-04
Loss = 2.1217e-03, PNorm = 45.3372, GNorm = 0.8801, lr_0 = 1.7075e-04
Loss = 1.7960e-03, PNorm = 45.3449, GNorm = 0.6342, lr_0 = 1.6995e-04
Loss = 1.6600e-03, PNorm = 45.3533, GNorm = 0.5240, lr_0 = 1.6915e-04
Loss = 2.4235e-03, PNorm = 45.3571, GNorm = 0.6410, lr_0 = 1.6836e-04
Loss = 2.6583e-03, PNorm = 45.3633, GNorm = 0.5445, lr_0 = 1.6757e-04
Loss = 2.1002e-03, PNorm = 45.3705, GNorm = 0.4485, lr_0 = 1.6678e-04
Loss = 2.8524e-03, PNorm = 45.3761, GNorm = 0.7951, lr_0 = 1.6600e-04
Loss = 1.7988e-03, PNorm = 45.3817, GNorm = 0.6214, lr_0 = 1.6522e-04
Loss = 2.2673e-03, PNorm = 45.3877, GNorm = 0.7325, lr_0 = 1.6445e-04
Loss = 1.9075e-03, PNorm = 45.3935, GNorm = 0.6069, lr_0 = 1.6368e-04
Loss = 2.0267e-03, PNorm = 45.3995, GNorm = 0.6119, lr_0 = 1.6291e-04
Validation rmse = 0.621521
Epoch 32
Loss = 1.2635e-03, PNorm = 45.4046, GNorm = 0.3919, lr_0 = 1.6215e-04
Loss = 2.0737e-03, PNorm = 45.4077, GNorm = 0.7017, lr_0 = 1.6139e-04
Loss = 2.2951e-03, PNorm = 45.4131, GNorm = 0.3711, lr_0 = 1.6063e-04
Loss = 2.2365e-03, PNorm = 45.4192, GNorm = 0.5418, lr_0 = 1.5988e-04
Loss = 1.8232e-03, PNorm = 45.4232, GNorm = 0.8011, lr_0 = 1.5913e-04
Loss = 1.7599e-03, PNorm = 45.4275, GNorm = 0.3907, lr_0 = 1.5839e-04
Loss = 2.2007e-03, PNorm = 45.4325, GNorm = 0.7381, lr_0 = 1.5764e-04
Loss = 2.1261e-03, PNorm = 45.4357, GNorm = 0.5563, lr_0 = 1.5690e-04
Loss = 2.5835e-03, PNorm = 45.4423, GNorm = 0.5599, lr_0 = 1.5617e-04
Loss = 1.9231e-03, PNorm = 45.4492, GNorm = 0.5080, lr_0 = 1.5544e-04
Loss = 2.0248e-03, PNorm = 45.4551, GNorm = 0.3780, lr_0 = 1.5471e-04
Loss = 3.7089e-03, PNorm = 45.4613, GNorm = 0.5088, lr_0 = 1.5398e-04
Loss = 1.6020e-03, PNorm = 45.4678, GNorm = 0.7838, lr_0 = 1.5326e-04
Validation rmse = 0.610198
Epoch 33
Loss = 2.9689e-03, PNorm = 45.4723, GNorm = 0.8421, lr_0 = 1.5254e-04
Loss = 1.8814e-03, PNorm = 45.4765, GNorm = 0.3387, lr_0 = 1.5183e-04
Loss = 1.9803e-03, PNorm = 45.4814, GNorm = 0.6018, lr_0 = 1.5112e-04
Loss = 3.0019e-03, PNorm = 45.4872, GNorm = 0.7861, lr_0 = 1.5041e-04
Loss = 1.7355e-03, PNorm = 45.4922, GNorm = 0.5170, lr_0 = 1.4970e-04
Loss = 1.9707e-03, PNorm = 45.4955, GNorm = 0.6610, lr_0 = 1.4900e-04
Loss = 2.3839e-03, PNorm = 45.4994, GNorm = 0.7659, lr_0 = 1.4830e-04
Loss = 2.4370e-03, PNorm = 45.5074, GNorm = 0.9506, lr_0 = 1.4761e-04
Loss = 2.1533e-03, PNorm = 45.5147, GNorm = 1.0422, lr_0 = 1.4692e-04
Loss = 2.4051e-03, PNorm = 45.5219, GNorm = 0.6418, lr_0 = 1.4623e-04
Loss = 1.6487e-03, PNorm = 45.5278, GNorm = 0.5625, lr_0 = 1.4554e-04
Loss = 2.2473e-03, PNorm = 45.5321, GNorm = 0.4346, lr_0 = 1.4486e-04
Loss = 1.6701e-03, PNorm = 45.5373, GNorm = 0.5264, lr_0 = 1.4418e-04
Validation rmse = 0.610493
Epoch 34
Loss = 1.7873e-03, PNorm = 45.5398, GNorm = 0.4220, lr_0 = 1.4351e-04
Loss = 1.8747e-03, PNorm = 45.5429, GNorm = 0.4589, lr_0 = 1.4284e-04
Loss = 1.9121e-03, PNorm = 45.5494, GNorm = 0.7503, lr_0 = 1.4217e-04
Loss = 1.7846e-03, PNorm = 45.5530, GNorm = 0.9577, lr_0 = 1.4150e-04
Loss = 2.6559e-03, PNorm = 45.5587, GNorm = 0.7628, lr_0 = 1.4084e-04
Loss = 2.0904e-03, PNorm = 45.5644, GNorm = 1.1018, lr_0 = 1.4018e-04
Loss = 1.7832e-03, PNorm = 45.5697, GNorm = 0.6560, lr_0 = 1.3952e-04
Loss = 1.6027e-03, PNorm = 45.5742, GNorm = 0.8260, lr_0 = 1.3887e-04
Loss = 2.6342e-03, PNorm = 45.5767, GNorm = 0.6948, lr_0 = 1.3821e-04
Loss = 2.0692e-03, PNorm = 45.5806, GNorm = 1.1287, lr_0 = 1.3757e-04
Loss = 3.2952e-03, PNorm = 45.5836, GNorm = 0.8764, lr_0 = 1.3692e-04
Loss = 2.3824e-03, PNorm = 45.5882, GNorm = 0.6691, lr_0 = 1.3628e-04
Loss = 1.6704e-03, PNorm = 45.5916, GNorm = 0.5093, lr_0 = 1.3564e-04
Validation rmse = 0.616399
Epoch 35
Loss = 1.9436e-03, PNorm = 45.5960, GNorm = 0.5137, lr_0 = 1.3501e-04
Loss = 1.6785e-03, PNorm = 45.6009, GNorm = 0.7723, lr_0 = 1.3437e-04
Loss = 2.0863e-03, PNorm = 45.6053, GNorm = 0.6449, lr_0 = 1.3374e-04
Loss = 2.2183e-03, PNorm = 45.6096, GNorm = 0.7749, lr_0 = 1.3312e-04
Loss = 2.0141e-03, PNorm = 45.6154, GNorm = 0.8841, lr_0 = 1.3249e-04
Loss = 2.0400e-03, PNorm = 45.6198, GNorm = 1.2831, lr_0 = 1.3187e-04
Loss = 2.3207e-03, PNorm = 45.6229, GNorm = 0.5217, lr_0 = 1.3125e-04
Loss = 2.0094e-03, PNorm = 45.6286, GNorm = 0.8186, lr_0 = 1.3064e-04
Loss = 2.3350e-03, PNorm = 45.6323, GNorm = 0.8830, lr_0 = 1.3003e-04
Loss = 1.9315e-03, PNorm = 45.6362, GNorm = 0.4793, lr_0 = 1.2942e-04
Loss = 2.7268e-03, PNorm = 45.6388, GNorm = 0.6825, lr_0 = 1.2881e-04
Loss = 1.8733e-03, PNorm = 45.6426, GNorm = 0.8009, lr_0 = 1.2821e-04
Loss = 1.8243e-03, PNorm = 45.6465, GNorm = 0.8232, lr_0 = 1.2761e-04
Validation rmse = 0.609664
Epoch 36
Loss = 1.6019e-03, PNorm = 45.6502, GNorm = 0.5227, lr_0 = 1.2701e-04
Loss = 2.6411e-03, PNorm = 45.6545, GNorm = 0.6643, lr_0 = 1.2641e-04
Loss = 2.3748e-03, PNorm = 45.6591, GNorm = 0.8436, lr_0 = 1.2582e-04
Loss = 2.8294e-03, PNorm = 45.6633, GNorm = 0.4543, lr_0 = 1.2523e-04
Loss = 1.5051e-03, PNorm = 45.6655, GNorm = 0.4762, lr_0 = 1.2465e-04
Loss = 1.5489e-03, PNorm = 45.6670, GNorm = 0.4712, lr_0 = 1.2406e-04
Loss = 2.3347e-03, PNorm = 45.6700, GNorm = 0.9735, lr_0 = 1.2348e-04
Loss = 1.8531e-03, PNorm = 45.6747, GNorm = 1.0098, lr_0 = 1.2290e-04
Loss = 1.7632e-03, PNorm = 45.6783, GNorm = 0.8432, lr_0 = 1.2233e-04
Loss = 2.0064e-03, PNorm = 45.6820, GNorm = 1.5713, lr_0 = 1.2175e-04
Loss = 1.5587e-03, PNorm = 45.6848, GNorm = 0.5438, lr_0 = 1.2118e-04
Loss = 1.7792e-03, PNorm = 45.6899, GNorm = 0.3419, lr_0 = 1.2061e-04
Loss = 3.1038e-03, PNorm = 45.6955, GNorm = 0.8229, lr_0 = 1.2005e-04
Validation rmse = 0.612046
Epoch 37
Loss = 1.6364e-03, PNorm = 45.7001, GNorm = 0.7126, lr_0 = 1.1949e-04
Loss = 2.6123e-03, PNorm = 45.7035, GNorm = 1.0216, lr_0 = 1.1893e-04
Loss = 1.9867e-03, PNorm = 45.7060, GNorm = 1.1018, lr_0 = 1.1837e-04
Loss = 2.2105e-03, PNorm = 45.7101, GNorm = 0.7392, lr_0 = 1.1781e-04
Loss = 1.7157e-03, PNorm = 45.7154, GNorm = 0.5345, lr_0 = 1.1726e-04
Loss = 1.9997e-03, PNorm = 45.7211, GNorm = 0.9700, lr_0 = 1.1671e-04
Loss = 1.5932e-03, PNorm = 45.7260, GNorm = 0.3743, lr_0 = 1.1617e-04
Loss = 2.5951e-03, PNorm = 45.7287, GNorm = 0.7224, lr_0 = 1.1562e-04
Loss = 2.1711e-03, PNorm = 45.7324, GNorm = 0.6714, lr_0 = 1.1508e-04
Loss = 1.7254e-03, PNorm = 45.7349, GNorm = 0.6273, lr_0 = 1.1454e-04
Loss = 1.6038e-03, PNorm = 45.7377, GNorm = 0.4297, lr_0 = 1.1400e-04
Loss = 2.3778e-03, PNorm = 45.7413, GNorm = 0.8568, lr_0 = 1.1347e-04
Loss = 2.0713e-03, PNorm = 45.7460, GNorm = 1.0301, lr_0 = 1.1294e-04
Validation rmse = 0.611272
Epoch 38
Loss = 1.9042e-03, PNorm = 45.7506, GNorm = 0.7161, lr_0 = 1.1241e-04
Loss = 2.0977e-03, PNorm = 45.7567, GNorm = 0.4261, lr_0 = 1.1188e-04
Loss = 3.1469e-03, PNorm = 45.7606, GNorm = 1.3337, lr_0 = 1.1136e-04
Loss = 1.6415e-03, PNorm = 45.7634, GNorm = 0.4581, lr_0 = 1.1083e-04
Loss = 2.5514e-03, PNorm = 45.7665, GNorm = 1.2330, lr_0 = 1.1032e-04
Loss = 1.8679e-03, PNorm = 45.7692, GNorm = 0.7985, lr_0 = 1.0980e-04
Loss = 2.2546e-03, PNorm = 45.7728, GNorm = 0.6659, lr_0 = 1.0928e-04
Loss = 1.9545e-03, PNorm = 45.7776, GNorm = 0.9529, lr_0 = 1.0877e-04
Loss = 1.5361e-03, PNorm = 45.7809, GNorm = 0.5270, lr_0 = 1.0826e-04
Loss = 1.5734e-03, PNorm = 45.7825, GNorm = 0.7560, lr_0 = 1.0775e-04
Loss = 2.1956e-03, PNorm = 45.7853, GNorm = 0.7317, lr_0 = 1.0725e-04
Loss = 1.6360e-03, PNorm = 45.7872, GNorm = 0.4542, lr_0 = 1.0675e-04
Loss = 1.8080e-03, PNorm = 45.7892, GNorm = 0.5946, lr_0 = 1.0625e-04
Validation rmse = 0.613049
Epoch 39
Loss = 1.5546e-03, PNorm = 45.7926, GNorm = 0.8430, lr_0 = 1.0575e-04
Loss = 2.0492e-03, PNorm = 45.7956, GNorm = 0.6999, lr_0 = 1.0525e-04
Loss = 1.8858e-03, PNorm = 45.7990, GNorm = 0.7048, lr_0 = 1.0476e-04
Loss = 1.7177e-03, PNorm = 45.8018, GNorm = 0.6333, lr_0 = 1.0427e-04
Loss = 1.5107e-03, PNorm = 45.8049, GNorm = 0.4608, lr_0 = 1.0378e-04
Loss = 1.7498e-03, PNorm = 45.8081, GNorm = 0.6974, lr_0 = 1.0329e-04
Loss = 1.8673e-03, PNorm = 45.8104, GNorm = 0.7397, lr_0 = 1.0281e-04
Loss = 2.2223e-03, PNorm = 45.8124, GNorm = 1.0010, lr_0 = 1.0233e-04
Loss = 2.7661e-03, PNorm = 45.8175, GNorm = 0.6985, lr_0 = 1.0185e-04
Loss = 1.6315e-03, PNorm = 45.8221, GNorm = 0.7903, lr_0 = 1.0137e-04
Loss = 2.9880e-03, PNorm = 45.8254, GNorm = 0.9995, lr_0 = 1.0090e-04
Loss = 1.6551e-03, PNorm = 45.8279, GNorm = 0.5122, lr_0 = 1.0042e-04
Loss = 2.5258e-03, PNorm = 45.8308, GNorm = 0.9894, lr_0 = 1.0000e-04
Validation rmse = 0.619722
Model 0 best validation rmse = 0.609664 on epoch 35
Loading pretrained parameter "encoder.encoder.cached_zero_vector".
Loading pretrained parameter "encoder.encoder.W_i.weight".
Loading pretrained parameter "encoder.encoder.W_h.weight".
Loading pretrained parameter "encoder.encoder.W_o.weight".
Loading pretrained parameter "encoder.encoder.W_o.bias".
Loading pretrained parameter "ffn.1.weight".
Loading pretrained parameter "ffn.1.bias".
Loading pretrained parameter "ffn.4.weight".
Loading pretrained parameter "ffn.4.bias".
Loading pretrained parameter "ffn.7.weight".
Loading pretrained parameter "ffn.7.bias".
Model 0 test rmse = 0.676624
Ensemble test rmse = 0.676624
1-fold cross validation
Seed 5 ==> test rmse = 0.676624
Overall test rmse = 0.676624 +/- 0.000000
Fold 0
{'activation': 'ReLU',
 'atom_messages': False,
 'batch_size': 50,
 'bias': False,
 'checkpoint_dir': None,
 'checkpoint_path': None,
 'checkpoint_paths': None,
 'config_path': None,
 'crossval_index_dir': None,
 'crossval_index_file': None,
 'cuda': False,
 'data_path': 'Data/Multitask_data/All_datasets/Splits/All_random/train.csv',
 'dataset_type': 'regression',
 'depth': 3,
 'dropout': 0.0,
 'ensemble_size': 1,
 'epochs': 40,
 'features_generator': None,
 'features_only': False,
 'features_path': ['Data/Multitask_data/All_datasets/Splits/All_random/train_extra_x.csv'],
 'features_scaling': True,
 'ffn_hidden_size': 300,
 'ffn_num_layers': 3,
 'final_lr': 0.0001,
 'folds_file': None,
 'gpu': None,
 'hidden_size': 300,
 'init_lr': 0.0001,
 'log_frequency': 10,
 'max_data_size': None,
 'max_lr': 0.001,
 'metric': 'rmse',
 'minimize_score': True,
 'multiclass_num_classes': 3,
 'no_cache': False,
 'num_folds': 1,
 'num_lrs': 1,
 'quiet': False,
 'save_dir': 'Data/Multitask_data/All_datasets/Splits/All_random/trained_model/fold_0',
 'save_smiles_splits': False,
 'seed': 5,
 'separate_test_features_path': ['Data/Multitask_data/All_datasets/Splits/All_random/test_extra_x.csv'],
 'separate_test_path': 'Data/Multitask_data/All_datasets/Splits/All_random/test.csv',
 'separate_val_features_path': ['Data/Multitask_data/All_datasets/Splits/All_random/valid_extra_x.csv'],
 'separate_val_path': 'Data/Multitask_data/All_datasets/Splits/All_random/valid.csv',
 'show_individual_scores': False,
 'split_sizes': [0.675, 0.075, 0.25],
 'split_type': 'random',
 'test': False,
 'test_fold_index': None,
 'undirected': False,
 'use_compound_names': False,
 'use_input_features': True,
 'val_fold_index': None,
 'warmup_epochs': 2.0}
Loading data
Number of tasks = 1
Splitting data with seed 5
Total size = 6,472 | train size = 6,472 | val size = 1,349 | test size = 1,405
Fitting scaler
Building model 0
MoleculeModel(
  (encoder): MPN(
    (encoder): MPNEncoder(
      (dropout_layer): Dropout(p=0.0, inplace=False)
      (act_func): ReLU()
      (W_i): Linear(in_features=147, out_features=300, bias=False)
      (W_h): Linear(in_features=300, out_features=300, bias=False)
      (W_o): Linear(in_features=433, out_features=300, bias=True)
    )
  )
  (ffn): Sequential(
    (0): Dropout(p=0.0, inplace=False)
    (1): Linear(in_features=326, out_features=300, bias=True)
    (2): ReLU()
    (3): Dropout(p=0.0, inplace=False)
    (4): Linear(in_features=300, out_features=300, bias=True)
    (5): ReLU()
    (6): Dropout(p=0.0, inplace=False)
    (7): Linear(in_features=300, out_features=1, bias=True)
  )
)
Number of parameters = 453,001
Epoch 0
Loss = 1.8286e-02, PNorm = 38.2960, GNorm = 2.2934, lr_0 = 1.3837e-04
Loss = 9.9403e-03, PNorm = 38.3029, GNorm = 2.0591, lr_0 = 1.7326e-04
Loss = 7.1105e-03, PNorm = 38.3125, GNorm = 2.2044, lr_0 = 2.0814e-04
Loss = 7.1735e-03, PNorm = 38.3195, GNorm = 1.4881, lr_0 = 2.4302e-04
Loss = 5.9731e-03, PNorm = 38.3251, GNorm = 3.0697, lr_0 = 2.7791e-04
Loss = 6.7024e-03, PNorm = 38.3313, GNorm = 1.3948, lr_0 = 3.1279e-04
Loss = 5.8801e-03, PNorm = 38.3386, GNorm = 1.7492, lr_0 = 3.4767e-04
Loss = 4.9052e-03, PNorm = 38.3468, GNorm = 1.9015, lr_0 = 3.8256e-04
Loss = 5.5199e-03, PNorm = 38.3580, GNorm = 1.9005, lr_0 = 4.1744e-04
Loss = 4.8552e-03, PNorm = 38.3712, GNorm = 2.0959, lr_0 = 4.5233e-04
Loss = 5.4613e-03, PNorm = 38.3868, GNorm = 1.8859, lr_0 = 4.8721e-04
Loss = 6.1440e-03, PNorm = 38.4085, GNorm = 1.8608, lr_0 = 5.2209e-04
Validation rmse = 0.928349
Epoch 1
Loss = 5.5509e-03, PNorm = 38.4287, GNorm = 4.8461, lr_0 = 5.5698e-04
Loss = 5.4064e-03, PNorm = 38.4444, GNorm = 2.3419, lr_0 = 5.9186e-04
Loss = 4.6722e-03, PNorm = 38.4691, GNorm = 2.7838, lr_0 = 6.2674e-04
Loss = 6.8302e-03, PNorm = 38.4994, GNorm = 0.8688, lr_0 = 6.6163e-04
Loss = 4.3201e-03, PNorm = 38.5304, GNorm = 1.4161, lr_0 = 6.9651e-04
Loss = 4.9331e-03, PNorm = 38.5537, GNorm = 0.7963, lr_0 = 7.3140e-04
Loss = 4.9457e-03, PNorm = 38.5829, GNorm = 0.9078, lr_0 = 7.6628e-04
Loss = 4.7376e-03, PNorm = 38.6021, GNorm = 1.1289, lr_0 = 8.0116e-04
Loss = 5.2830e-03, PNorm = 38.6337, GNorm = 1.3658, lr_0 = 8.3605e-04
Loss = 4.8680e-03, PNorm = 38.6650, GNorm = 0.6688, lr_0 = 8.7093e-04
Loss = 4.5018e-03, PNorm = 38.7052, GNorm = 0.5067, lr_0 = 9.0581e-04
Loss = 5.1269e-03, PNorm = 38.7325, GNorm = 1.9023, lr_0 = 9.4070e-04
Loss = 5.3015e-03, PNorm = 38.7572, GNorm = 0.8882, lr_0 = 9.7558e-04
Validation rmse = 0.780074
Epoch 2
Loss = 5.7608e-03, PNorm = 38.7874, GNorm = 1.3796, lr_0 = 9.9859e-04
Loss = 3.8816e-03, PNorm = 38.8239, GNorm = 0.4171, lr_0 = 9.9391e-04
Loss = 4.7545e-03, PNorm = 38.8470, GNorm = 0.8424, lr_0 = 9.8925e-04
Loss = 4.1967e-03, PNorm = 38.8808, GNorm = 1.6934, lr_0 = 9.8462e-04
Loss = 3.9806e-03, PNorm = 38.9142, GNorm = 2.3534, lr_0 = 9.8000e-04
Loss = 3.3892e-03, PNorm = 38.9543, GNorm = 0.5194, lr_0 = 9.7541e-04
Loss = 3.7005e-03, PNorm = 38.9855, GNorm = 1.8841, lr_0 = 9.7084e-04
Loss = 4.5960e-03, PNorm = 39.0190, GNorm = 0.7897, lr_0 = 9.6629e-04
Loss = 5.5564e-03, PNorm = 39.0545, GNorm = 0.8758, lr_0 = 9.6176e-04
Loss = 6.3987e-03, PNorm = 39.0890, GNorm = 0.8897, lr_0 = 9.5726e-04
Loss = 5.2819e-03, PNorm = 39.1179, GNorm = 0.4360, lr_0 = 9.5277e-04
Loss = 4.5898e-03, PNorm = 39.1453, GNorm = 0.6014, lr_0 = 9.4831e-04
Loss = 4.1963e-03, PNorm = 39.1768, GNorm = 1.1864, lr_0 = 9.4386e-04
Validation rmse = 0.758493
Epoch 3
Loss = 7.9636e-03, PNorm = 39.2091, GNorm = 0.5354, lr_0 = 9.3944e-04
Loss = 4.7584e-03, PNorm = 39.2380, GNorm = 1.1191, lr_0 = 9.3504e-04
Loss = 4.5006e-03, PNorm = 39.2765, GNorm = 0.7822, lr_0 = 9.3065e-04
Loss = 3.0935e-03, PNorm = 39.3203, GNorm = 0.9839, lr_0 = 9.2629e-04
Loss = 4.0095e-03, PNorm = 39.3516, GNorm = 0.8366, lr_0 = 9.2195e-04
Loss = 4.9565e-03, PNorm = 39.3770, GNorm = 1.1466, lr_0 = 9.1763e-04
Loss = 4.3816e-03, PNorm = 39.4083, GNorm = 0.7141, lr_0 = 9.1333e-04
Loss = 3.9847e-03, PNorm = 39.4325, GNorm = 0.7491, lr_0 = 9.0905e-04
Loss = 3.6092e-03, PNorm = 39.4576, GNorm = 0.6596, lr_0 = 9.0479e-04
Loss = 5.3523e-03, PNorm = 39.4726, GNorm = 1.0082, lr_0 = 9.0055e-04
Loss = 4.4317e-03, PNorm = 39.4971, GNorm = 0.8000, lr_0 = 8.9633e-04
Loss = 3.1488e-03, PNorm = 39.5340, GNorm = 0.4463, lr_0 = 8.9213e-04
Loss = 3.5187e-03, PNorm = 39.5602, GNorm = 0.9525, lr_0 = 8.8795e-04
Validation rmse = 0.736241
Epoch 4
Loss = 3.0261e-03, PNorm = 39.5879, GNorm = 0.7028, lr_0 = 8.8379e-04
Loss = 3.5213e-03, PNorm = 39.6185, GNorm = 0.6117, lr_0 = 8.7965e-04
Loss = 3.4300e-03, PNorm = 39.6589, GNorm = 1.8907, lr_0 = 8.7552e-04
Loss = 3.5069e-03, PNorm = 39.6898, GNorm = 0.6198, lr_0 = 8.7142e-04
Loss = 4.9935e-03, PNorm = 39.7128, GNorm = 0.8238, lr_0 = 8.6734e-04
Loss = 5.5303e-03, PNorm = 39.7494, GNorm = 0.8518, lr_0 = 8.6327e-04
Loss = 3.6393e-03, PNorm = 39.7779, GNorm = 0.8299, lr_0 = 8.5923e-04
Loss = 3.4090e-03, PNorm = 39.8117, GNorm = 1.1665, lr_0 = 8.5520e-04
Loss = 5.0628e-03, PNorm = 39.8358, GNorm = 1.1137, lr_0 = 8.5119e-04
Loss = 3.7028e-03, PNorm = 39.8694, GNorm = 0.7777, lr_0 = 8.4721e-04
Loss = 3.6861e-03, PNorm = 39.8984, GNorm = 0.7813, lr_0 = 8.4323e-04
Loss = 3.1703e-03, PNorm = 39.9247, GNorm = 0.8084, lr_0 = 8.3928e-04
Loss = 4.1031e-03, PNorm = 39.9620, GNorm = 0.6874, lr_0 = 8.3535e-04
Validation rmse = 0.757618
Epoch 5
Loss = 4.0395e-03, PNorm = 40.0066, GNorm = 0.7008, lr_0 = 8.3144e-04
Loss = 3.4875e-03, PNorm = 40.0456, GNorm = 0.5617, lr_0 = 8.2754e-04
Loss = 3.0420e-03, PNorm = 40.0738, GNorm = 0.8771, lr_0 = 8.2366e-04
Loss = 3.7472e-03, PNorm = 40.1015, GNorm = 0.5697, lr_0 = 8.1980e-04
Loss = 3.9585e-03, PNorm = 40.1276, GNorm = 1.0297, lr_0 = 8.1596e-04
Loss = 3.5456e-03, PNorm = 40.1658, GNorm = 0.7538, lr_0 = 8.1214e-04
Loss = 3.5071e-03, PNorm = 40.2011, GNorm = 1.2112, lr_0 = 8.0833e-04
Loss = 3.7523e-03, PNorm = 40.2371, GNorm = 0.4662, lr_0 = 8.0454e-04
Loss = 5.0490e-03, PNorm = 40.2624, GNorm = 0.9958, lr_0 = 8.0077e-04
Loss = 3.8323e-03, PNorm = 40.2905, GNorm = 0.7947, lr_0 = 7.9702e-04
Loss = 5.7520e-03, PNorm = 40.3343, GNorm = 0.6673, lr_0 = 7.9328e-04
Loss = 3.6355e-03, PNorm = 40.3782, GNorm = 0.4724, lr_0 = 7.8957e-04
Loss = 3.1216e-03, PNorm = 40.4178, GNorm = 1.0035, lr_0 = 7.8587e-04
Validation rmse = 0.749999
Epoch 6
Loss = 4.3933e-03, PNorm = 40.4510, GNorm = 0.8569, lr_0 = 7.8218e-04
Loss = 3.4058e-03, PNorm = 40.5095, GNorm = 0.7194, lr_0 = 7.7852e-04
Loss = 3.2003e-03, PNorm = 40.5472, GNorm = 1.3827, lr_0 = 7.7487e-04
Loss = 4.0874e-03, PNorm = 40.5859, GNorm = 0.8484, lr_0 = 7.7124e-04
Loss = 4.3698e-03, PNorm = 40.6206, GNorm = 1.1703, lr_0 = 7.6762e-04
Loss = 3.4626e-03, PNorm = 40.6577, GNorm = 0.9350, lr_0 = 7.6403e-04
Loss = 3.5229e-03, PNorm = 40.6981, GNorm = 0.8601, lr_0 = 7.6045e-04
Loss = 2.8446e-03, PNorm = 40.7359, GNorm = 0.5980, lr_0 = 7.5688e-04
Loss = 4.0852e-03, PNorm = 40.7506, GNorm = 0.9470, lr_0 = 7.5334e-04
Loss = 3.7004e-03, PNorm = 40.7842, GNorm = 0.6744, lr_0 = 7.4981e-04
Loss = 4.6226e-03, PNorm = 40.8137, GNorm = 0.3880, lr_0 = 7.4629e-04
Loss = 3.4641e-03, PNorm = 40.8469, GNorm = 0.5812, lr_0 = 7.4280e-04
Loss = 3.8434e-03, PNorm = 40.8786, GNorm = 0.5810, lr_0 = 7.3931e-04
Validation rmse = 0.702127
Epoch 7
Loss = 4.3398e-03, PNorm = 40.9206, GNorm = 0.5118, lr_0 = 7.3585e-04
Loss = 3.9068e-03, PNorm = 40.9558, GNorm = 1.8254, lr_0 = 7.3240e-04
Loss = 3.2626e-03, PNorm = 40.9827, GNorm = 0.9159, lr_0 = 7.2897e-04
Loss = 3.8463e-03, PNorm = 41.0155, GNorm = 0.9162, lr_0 = 7.2555e-04
Loss = 4.2503e-03, PNorm = 41.0610, GNorm = 0.9040, lr_0 = 7.2215e-04
Loss = 3.5815e-03, PNorm = 41.0991, GNorm = 0.6196, lr_0 = 7.1877e-04
Loss = 2.8695e-03, PNorm = 41.1316, GNorm = 0.3199, lr_0 = 7.1540e-04
Loss = 3.2180e-03, PNorm = 41.1666, GNorm = 0.6065, lr_0 = 7.1205e-04
Loss = 4.0521e-03, PNorm = 41.1973, GNorm = 0.7048, lr_0 = 7.0871e-04
Loss = 4.5093e-03, PNorm = 41.2296, GNorm = 0.9439, lr_0 = 7.0539e-04
Loss = 3.4474e-03, PNorm = 41.2646, GNorm = 0.4993, lr_0 = 7.0208e-04
Loss = 3.2276e-03, PNorm = 41.2991, GNorm = 0.6072, lr_0 = 6.9879e-04
Loss = 2.6810e-03, PNorm = 41.3383, GNorm = 0.5619, lr_0 = 6.9552e-04
Validation rmse = 0.688759
Epoch 8
Loss = 6.2040e-03, PNorm = 41.3747, GNorm = 0.5452, lr_0 = 6.9226e-04
Loss = 3.1671e-03, PNorm = 41.4020, GNorm = 0.5111, lr_0 = 6.8902e-04
Loss = 2.9582e-03, PNorm = 41.4372, GNorm = 0.6295, lr_0 = 6.8579e-04
Loss = 2.9545e-03, PNorm = 41.4800, GNorm = 0.5318, lr_0 = 6.8257e-04
Loss = 3.7198e-03, PNorm = 41.5099, GNorm = 0.8797, lr_0 = 6.7937e-04
Loss = 2.9408e-03, PNorm = 41.5441, GNorm = 0.3755, lr_0 = 6.7619e-04
Loss = 3.0741e-03, PNorm = 41.5700, GNorm = 0.7200, lr_0 = 6.7302e-04
Loss = 3.3030e-03, PNorm = 41.5977, GNorm = 0.4182, lr_0 = 6.6987e-04
Loss = 3.2720e-03, PNorm = 41.6258, GNorm = 0.3295, lr_0 = 6.6673e-04
Loss = 3.5781e-03, PNorm = 41.6438, GNorm = 1.2949, lr_0 = 6.6360e-04
Loss = 4.1260e-03, PNorm = 41.6751, GNorm = 0.5976, lr_0 = 6.6049e-04
Loss = 3.1636e-03, PNorm = 41.6988, GNorm = 0.6695, lr_0 = 6.5740e-04
Loss = 3.8335e-03, PNorm = 41.7251, GNorm = 0.5968, lr_0 = 6.5432e-04
Validation rmse = 0.700253
Epoch 9
Loss = 5.8229e-03, PNorm = 41.7611, GNorm = 0.3068, lr_0 = 6.5125e-04
Loss = 3.1331e-03, PNorm = 41.7974, GNorm = 0.5819, lr_0 = 6.4820e-04
Loss = 3.2726e-03, PNorm = 41.8305, GNorm = 0.8642, lr_0 = 6.4516e-04
Loss = 3.4319e-03, PNorm = 41.8592, GNorm = 0.6727, lr_0 = 6.4214e-04
Loss = 2.6393e-03, PNorm = 41.8852, GNorm = 0.6118, lr_0 = 6.3913e-04
Loss = 2.9712e-03, PNorm = 41.9071, GNorm = 0.5457, lr_0 = 6.3614e-04
Loss = 3.0961e-03, PNorm = 41.9290, GNorm = 0.5042, lr_0 = 6.3315e-04
Loss = 3.7998e-03, PNorm = 41.9464, GNorm = 0.6185, lr_0 = 6.3019e-04
Loss = 3.6349e-03, PNorm = 41.9648, GNorm = 0.4975, lr_0 = 6.2723e-04
Loss = 3.9435e-03, PNorm = 41.9971, GNorm = 0.7943, lr_0 = 6.2429e-04
Loss = 3.2928e-03, PNorm = 42.0329, GNorm = 0.8109, lr_0 = 6.2137e-04
Loss = 2.9954e-03, PNorm = 42.0544, GNorm = 0.3004, lr_0 = 6.1846e-04
Loss = 3.3221e-03, PNorm = 42.0765, GNorm = 0.8976, lr_0 = 6.1556e-04
Validation rmse = 0.685555
Epoch 10
Loss = 4.0597e-03, PNorm = 42.0956, GNorm = 0.6341, lr_0 = 6.1267e-04
Loss = 3.1560e-03, PNorm = 42.1240, GNorm = 0.6119, lr_0 = 6.0980e-04
Loss = 2.6316e-03, PNorm = 42.1510, GNorm = 0.3685, lr_0 = 6.0695e-04
Loss = 4.3313e-03, PNorm = 42.1704, GNorm = 0.5642, lr_0 = 6.0410e-04
Loss = 3.9273e-03, PNorm = 42.1915, GNorm = 0.3605, lr_0 = 6.0127e-04
Loss = 3.7579e-03, PNorm = 42.2141, GNorm = 1.0914, lr_0 = 5.9845e-04
Loss = 2.7542e-03, PNorm = 42.2469, GNorm = 0.6331, lr_0 = 5.9565e-04
Loss = 3.3881e-03, PNorm = 42.2741, GNorm = 1.0303, lr_0 = 5.9286e-04
Loss = 2.9286e-03, PNorm = 42.3133, GNorm = 0.5751, lr_0 = 5.9008e-04
Loss = 2.7477e-03, PNorm = 42.3387, GNorm = 0.6109, lr_0 = 5.8731e-04
Loss = 3.5500e-03, PNorm = 42.3550, GNorm = 0.4176, lr_0 = 5.8456e-04
Loss = 2.8466e-03, PNorm = 42.3761, GNorm = 0.6568, lr_0 = 5.8182e-04
Validation rmse = 0.682032
Epoch 11
Loss = 3.4518e-03, PNorm = 42.3905, GNorm = 0.5755, lr_0 = 5.7910e-04
Loss = 2.6075e-03, PNorm = 42.4159, GNorm = 0.5474, lr_0 = 5.7638e-04
Loss = 2.5202e-03, PNorm = 42.4410, GNorm = 0.5218, lr_0 = 5.7368e-04
Loss = 3.0684e-03, PNorm = 42.4545, GNorm = 0.4324, lr_0 = 5.7099e-04
Loss = 2.3873e-03, PNorm = 42.4731, GNorm = 0.4139, lr_0 = 5.6832e-04
Loss = 4.2855e-03, PNorm = 42.4858, GNorm = 1.2989, lr_0 = 5.6565e-04
Loss = 3.0172e-03, PNorm = 42.5019, GNorm = 0.4096, lr_0 = 5.6300e-04
Loss = 2.9886e-03, PNorm = 42.5249, GNorm = 0.7774, lr_0 = 5.6036e-04
Loss = 2.5049e-03, PNorm = 42.5415, GNorm = 0.4072, lr_0 = 5.5774e-04
Loss = 3.0107e-03, PNorm = 42.5670, GNorm = 0.5059, lr_0 = 5.5512e-04
Loss = 3.0117e-03, PNorm = 42.5816, GNorm = 0.6835, lr_0 = 5.5252e-04
Loss = 3.5816e-03, PNorm = 42.5951, GNorm = 0.5166, lr_0 = 5.4993e-04
Loss = 4.4600e-03, PNorm = 42.6152, GNorm = 0.4327, lr_0 = 5.4736e-04
Validation rmse = 0.678022
Epoch 12
Loss = 1.7799e-03, PNorm = 42.6337, GNorm = 0.6056, lr_0 = 5.4479e-04
Loss = 3.5510e-03, PNorm = 42.6625, GNorm = 0.6479, lr_0 = 5.4224e-04
Loss = 2.7057e-03, PNorm = 42.6759, GNorm = 0.4567, lr_0 = 5.3970e-04
Loss = 2.7575e-03, PNorm = 42.6911, GNorm = 0.6277, lr_0 = 5.3717e-04
Loss = 2.9546e-03, PNorm = 42.7063, GNorm = 0.8002, lr_0 = 5.3465e-04
Loss = 3.5010e-03, PNorm = 42.7254, GNorm = 0.8755, lr_0 = 5.3215e-04
Loss = 2.9480e-03, PNorm = 42.7445, GNorm = 1.1955, lr_0 = 5.2965e-04
Loss = 4.0787e-03, PNorm = 42.7665, GNorm = 0.5615, lr_0 = 5.2717e-04
Loss = 3.3442e-03, PNorm = 42.7897, GNorm = 0.5338, lr_0 = 5.2470e-04
Loss = 2.8494e-03, PNorm = 42.8151, GNorm = 0.9139, lr_0 = 5.2224e-04
Loss = 3.4480e-03, PNorm = 42.8262, GNorm = 0.7862, lr_0 = 5.1979e-04
Loss = 3.3600e-03, PNorm = 42.8377, GNorm = 1.0766, lr_0 = 5.1736e-04
Loss = 3.4771e-03, PNorm = 42.8622, GNorm = 0.4274, lr_0 = 5.1493e-04
Validation rmse = 0.671906
Epoch 13
Loss = 4.0505e-03, PNorm = 42.8808, GNorm = 0.4774, lr_0 = 5.1252e-04
Loss = 2.1590e-03, PNorm = 42.8944, GNorm = 0.4525, lr_0 = 5.1012e-04
Loss = 3.0840e-03, PNorm = 42.9139, GNorm = 0.4616, lr_0 = 5.0773e-04
Loss = 3.2735e-03, PNorm = 42.9402, GNorm = 0.5119, lr_0 = 5.0535e-04
Loss = 2.9144e-03, PNorm = 42.9637, GNorm = 0.4568, lr_0 = 5.0298e-04
Loss = 4.2632e-03, PNorm = 42.9842, GNorm = 0.5073, lr_0 = 5.0062e-04
Loss = 4.0382e-03, PNorm = 43.0147, GNorm = 0.6483, lr_0 = 4.9828e-04
Loss = 2.6998e-03, PNorm = 43.0404, GNorm = 0.6278, lr_0 = 4.9594e-04
Loss = 3.4203e-03, PNorm = 43.0597, GNorm = 1.0487, lr_0 = 4.9362e-04
Loss = 2.5321e-03, PNorm = 43.0774, GNorm = 0.4254, lr_0 = 4.9130e-04
Loss = 2.7346e-03, PNorm = 43.0966, GNorm = 0.3060, lr_0 = 4.8900e-04
Loss = 3.4914e-03, PNorm = 43.1070, GNorm = 0.5595, lr_0 = 4.8671e-04
Loss = 3.0543e-03, PNorm = 43.1285, GNorm = 1.1522, lr_0 = 4.8443e-04
Validation rmse = 0.660523
Epoch 14
Loss = 2.2524e-03, PNorm = 43.1501, GNorm = 0.6363, lr_0 = 4.8216e-04
Loss = 2.6298e-03, PNorm = 43.1713, GNorm = 0.5606, lr_0 = 4.7990e-04
Loss = 2.7068e-03, PNorm = 43.1924, GNorm = 0.4438, lr_0 = 4.7765e-04
Loss = 4.1300e-03, PNorm = 43.1987, GNorm = 0.6603, lr_0 = 4.7541e-04
Loss = 3.4656e-03, PNorm = 43.2127, GNorm = 1.2644, lr_0 = 4.7318e-04
Loss = 2.7083e-03, PNorm = 43.2215, GNorm = 0.7862, lr_0 = 4.7097e-04
Loss = 2.8110e-03, PNorm = 43.2432, GNorm = 0.9695, lr_0 = 4.6876e-04
Loss = 3.0692e-03, PNorm = 43.2620, GNorm = 0.4671, lr_0 = 4.6656e-04
Loss = 2.7218e-03, PNorm = 43.2808, GNorm = 0.7255, lr_0 = 4.6438e-04
Loss = 4.0473e-03, PNorm = 43.2938, GNorm = 0.4832, lr_0 = 4.6220e-04
Loss = 3.2131e-03, PNorm = 43.3133, GNorm = 0.4449, lr_0 = 4.6003e-04
Loss = 3.2831e-03, PNorm = 43.3478, GNorm = 0.8854, lr_0 = 4.5788e-04
Loss = 2.7101e-03, PNorm = 43.3662, GNorm = 0.4826, lr_0 = 4.5573e-04
Validation rmse = 0.672486
Epoch 15
Loss = 2.4133e-03, PNorm = 43.3841, GNorm = 1.0355, lr_0 = 4.5360e-04
Loss = 3.3333e-03, PNorm = 43.3936, GNorm = 0.6547, lr_0 = 4.5147e-04
Loss = 2.4159e-03, PNorm = 43.4115, GNorm = 0.4395, lr_0 = 4.4936e-04
Loss = 4.3374e-03, PNorm = 43.4283, GNorm = 0.5715, lr_0 = 4.4725e-04
Loss = 2.1365e-03, PNorm = 43.4458, GNorm = 0.4644, lr_0 = 4.4515e-04
Loss = 2.3278e-03, PNorm = 43.4579, GNorm = 0.3788, lr_0 = 4.4307e-04
Loss = 2.9242e-03, PNorm = 43.4797, GNorm = 0.4333, lr_0 = 4.4099e-04
Loss = 2.8270e-03, PNorm = 43.4996, GNorm = 0.4931, lr_0 = 4.3893e-04
Loss = 2.8898e-03, PNorm = 43.5142, GNorm = 1.0009, lr_0 = 4.3687e-04
Loss = 3.0195e-03, PNorm = 43.5233, GNorm = 0.6999, lr_0 = 4.3482e-04
Loss = 3.1060e-03, PNorm = 43.5303, GNorm = 0.5154, lr_0 = 4.3278e-04
Loss = 2.4882e-03, PNorm = 43.5583, GNorm = 0.5819, lr_0 = 4.3076e-04
Loss = 3.8232e-03, PNorm = 43.5724, GNorm = 0.5645, lr_0 = 4.2874e-04
Validation rmse = 0.666725
Epoch 16
Loss = 2.4434e-03, PNorm = 43.5873, GNorm = 0.5922, lr_0 = 4.2673e-04
Loss = 2.8277e-03, PNorm = 43.6067, GNorm = 0.7982, lr_0 = 4.2473e-04
Loss = 2.5129e-03, PNorm = 43.6249, GNorm = 0.5955, lr_0 = 4.2274e-04
Loss = 3.5381e-03, PNorm = 43.6411, GNorm = 0.5234, lr_0 = 4.2076e-04
Loss = 2.4368e-03, PNorm = 43.6580, GNorm = 0.7353, lr_0 = 4.1878e-04
Loss = 3.5138e-03, PNorm = 43.6750, GNorm = 0.9386, lr_0 = 4.1682e-04
Loss = 4.0338e-03, PNorm = 43.6945, GNorm = 0.5185, lr_0 = 4.1487e-04
Loss = 3.3480e-03, PNorm = 43.7192, GNorm = 0.5712, lr_0 = 4.1292e-04
Loss = 3.5120e-03, PNorm = 43.7458, GNorm = 0.8641, lr_0 = 4.1099e-04
Loss = 2.9122e-03, PNorm = 43.7622, GNorm = 0.6426, lr_0 = 4.0906e-04
Loss = 2.5820e-03, PNorm = 43.7794, GNorm = 0.3726, lr_0 = 4.0715e-04
Loss = 2.3117e-03, PNorm = 43.7971, GNorm = 0.8009, lr_0 = 4.0524e-04
Loss = 2.7556e-03, PNorm = 43.8057, GNorm = 0.5524, lr_0 = 4.0334e-04
Validation rmse = 0.649554
Epoch 17
Loss = 4.4777e-03, PNorm = 43.8123, GNorm = 0.9336, lr_0 = 4.0145e-04
Loss = 2.0676e-03, PNorm = 43.8311, GNorm = 0.3899, lr_0 = 3.9957e-04
Loss = 2.6404e-03, PNorm = 43.8489, GNorm = 0.7540, lr_0 = 3.9770e-04
Loss = 3.1674e-03, PNorm = 43.8694, GNorm = 0.4643, lr_0 = 3.9583e-04
Loss = 4.2396e-03, PNorm = 43.8780, GNorm = 0.3957, lr_0 = 3.9398e-04
Loss = 3.4113e-03, PNorm = 43.8986, GNorm = 0.5251, lr_0 = 3.9213e-04
Loss = 2.7661e-03, PNorm = 43.9162, GNorm = 0.5413, lr_0 = 3.9029e-04
Loss = 3.0010e-03, PNorm = 43.9294, GNorm = 0.6200, lr_0 = 3.8846e-04
Loss = 2.6213e-03, PNorm = 43.9484, GNorm = 0.7546, lr_0 = 3.8664e-04
Loss = 2.3142e-03, PNorm = 43.9635, GNorm = 0.9587, lr_0 = 3.8483e-04
Loss = 3.0774e-03, PNorm = 43.9724, GNorm = 0.7023, lr_0 = 3.8303e-04
Loss = 2.2720e-03, PNorm = 43.9862, GNorm = 0.8645, lr_0 = 3.8123e-04
Loss = 2.7539e-03, PNorm = 43.9941, GNorm = 0.3595, lr_0 = 3.7945e-04
Validation rmse = 0.650892
Epoch 18
Loss = 2.9553e-03, PNorm = 44.0059, GNorm = 1.2647, lr_0 = 3.7767e-04
Loss = 3.4473e-03, PNorm = 44.0205, GNorm = 1.1676, lr_0 = 3.7590e-04
Loss = 2.7465e-03, PNorm = 44.0393, GNorm = 0.5069, lr_0 = 3.7414e-04
Loss = 3.0969e-03, PNorm = 44.0589, GNorm = 0.4536, lr_0 = 3.7238e-04
Loss = 2.1700e-03, PNorm = 44.0730, GNorm = 0.7314, lr_0 = 3.7064e-04
Loss = 2.5593e-03, PNorm = 44.0815, GNorm = 0.5019, lr_0 = 3.6890e-04
Loss = 3.1340e-03, PNorm = 44.0909, GNorm = 0.6648, lr_0 = 3.6717e-04
Loss = 2.2569e-03, PNorm = 44.1046, GNorm = 0.3538, lr_0 = 3.6545e-04
Loss = 2.0794e-03, PNorm = 44.1187, GNorm = 0.3125, lr_0 = 3.6374e-04
Loss = 2.2064e-03, PNorm = 44.1315, GNorm = 0.4483, lr_0 = 3.6204e-04
Loss = 3.9624e-03, PNorm = 44.1423, GNorm = 0.8064, lr_0 = 3.6034e-04
Loss = 2.8732e-03, PNorm = 44.1594, GNorm = 0.3657, lr_0 = 3.5865e-04
Loss = 3.0384e-03, PNorm = 44.1731, GNorm = 0.6503, lr_0 = 3.5697e-04
Validation rmse = 0.650374
Epoch 19
Loss = 3.7801e-03, PNorm = 44.1810, GNorm = 0.6837, lr_0 = 3.5530e-04
Loss = 2.6841e-03, PNorm = 44.1954, GNorm = 0.3925, lr_0 = 3.5363e-04
Loss = 2.1652e-03, PNorm = 44.2125, GNorm = 0.8352, lr_0 = 3.5197e-04
Loss = 3.3715e-03, PNorm = 44.2220, GNorm = 0.6524, lr_0 = 3.5033e-04
Loss = 2.3482e-03, PNorm = 44.2349, GNorm = 0.7705, lr_0 = 3.4868e-04
Loss = 2.5083e-03, PNorm = 44.2466, GNorm = 0.5501, lr_0 = 3.4705e-04
Loss = 2.2611e-03, PNorm = 44.2577, GNorm = 0.6643, lr_0 = 3.4542e-04
Loss = 3.1622e-03, PNorm = 44.2716, GNorm = 0.3694, lr_0 = 3.4380e-04
Loss = 2.7806e-03, PNorm = 44.2885, GNorm = 0.5757, lr_0 = 3.4219e-04
Loss = 3.1542e-03, PNorm = 44.3045, GNorm = 0.7099, lr_0 = 3.4059e-04
Loss = 2.5587e-03, PNorm = 44.3183, GNorm = 0.4638, lr_0 = 3.3899e-04
Loss = 2.6393e-03, PNorm = 44.3325, GNorm = 0.5157, lr_0 = 3.3741e-04
Loss = 2.7873e-03, PNorm = 44.3438, GNorm = 0.6632, lr_0 = 3.3582e-04
Validation rmse = 0.650011
Epoch 20
Loss = 3.6382e-03, PNorm = 44.3543, GNorm = 0.6109, lr_0 = 3.3425e-04
Loss = 2.3983e-03, PNorm = 44.3649, GNorm = 0.6156, lr_0 = 3.3268e-04
Loss = 2.6176e-03, PNorm = 44.3789, GNorm = 0.3339, lr_0 = 3.3112e-04
Loss = 3.6105e-03, PNorm = 44.3930, GNorm = 0.6261, lr_0 = 3.2957e-04
Loss = 2.4933e-03, PNorm = 44.4057, GNorm = 0.3334, lr_0 = 3.2803e-04
Loss = 2.1691e-03, PNorm = 44.4187, GNorm = 0.5884, lr_0 = 3.2649e-04
Loss = 2.6426e-03, PNorm = 44.4314, GNorm = 0.3945, lr_0 = 3.2496e-04
Loss = 3.1334e-03, PNorm = 44.4455, GNorm = 0.4550, lr_0 = 3.2344e-04
Loss = 2.6607e-03, PNorm = 44.4614, GNorm = 0.6590, lr_0 = 3.2192e-04
Loss = 2.7799e-03, PNorm = 44.4752, GNorm = 0.7100, lr_0 = 3.2041e-04
Loss = 2.4109e-03, PNorm = 44.4883, GNorm = 0.4585, lr_0 = 3.1891e-04
Loss = 2.0502e-03, PNorm = 44.5031, GNorm = 0.5927, lr_0 = 3.1742e-04
Validation rmse = 0.636113
Epoch 21
Loss = 1.8738e-03, PNorm = 44.5150, GNorm = 0.5288, lr_0 = 3.1593e-04
Loss = 3.1827e-03, PNorm = 44.5244, GNorm = 0.3707, lr_0 = 3.1445e-04
Loss = 2.5127e-03, PNorm = 44.5357, GNorm = 0.7184, lr_0 = 3.1298e-04
Loss = 3.8038e-03, PNorm = 44.5474, GNorm = 0.6996, lr_0 = 3.1151e-04
Loss = 2.1794e-03, PNorm = 44.5614, GNorm = 0.7115, lr_0 = 3.1005e-04
Loss = 2.8004e-03, PNorm = 44.5733, GNorm = 0.4610, lr_0 = 3.0860e-04
Loss = 3.7141e-03, PNorm = 44.5831, GNorm = 0.8585, lr_0 = 3.0715e-04
Loss = 2.4429e-03, PNorm = 44.5925, GNorm = 0.5605, lr_0 = 3.0571e-04
Loss = 2.4998e-03, PNorm = 44.6011, GNorm = 0.4894, lr_0 = 3.0428e-04
Loss = 2.0523e-03, PNorm = 44.6159, GNorm = 0.5327, lr_0 = 3.0285e-04
Loss = 2.1165e-03, PNorm = 44.6233, GNorm = 0.7268, lr_0 = 3.0143e-04
Loss = 2.4144e-03, PNorm = 44.6337, GNorm = 0.7968, lr_0 = 3.0002e-04
Loss = 2.6160e-03, PNorm = 44.6438, GNorm = 0.6912, lr_0 = 2.9862e-04
Validation rmse = 0.639119
Epoch 22
Loss = 2.3660e-03, PNorm = 44.6552, GNorm = 0.6631, lr_0 = 2.9722e-04
Loss = 2.4249e-03, PNorm = 44.6654, GNorm = 0.4150, lr_0 = 2.9582e-04
Loss = 2.5697e-03, PNorm = 44.6800, GNorm = 0.5660, lr_0 = 2.9444e-04
Loss = 4.0629e-03, PNorm = 44.6889, GNorm = 0.7939, lr_0 = 2.9306e-04
Loss = 2.8877e-03, PNorm = 44.7002, GNorm = 0.3994, lr_0 = 2.9168e-04
Loss = 2.3167e-03, PNorm = 44.7139, GNorm = 1.2028, lr_0 = 2.9032e-04
Loss = 2.2584e-03, PNorm = 44.7295, GNorm = 0.4758, lr_0 = 2.8896e-04
Loss = 1.9406e-03, PNorm = 44.7424, GNorm = 0.6570, lr_0 = 2.8760e-04
Loss = 2.5031e-03, PNorm = 44.7503, GNorm = 0.3829, lr_0 = 2.8625e-04
Loss = 2.2374e-03, PNorm = 44.7624, GNorm = 0.5638, lr_0 = 2.8491e-04
Loss = 2.5519e-03, PNorm = 44.7733, GNorm = 0.6445, lr_0 = 2.8358e-04
Loss = 2.5500e-03, PNorm = 44.7850, GNorm = 0.7061, lr_0 = 2.8225e-04
Loss = 3.1771e-03, PNorm = 44.7953, GNorm = 0.5192, lr_0 = 2.8093e-04
Validation rmse = 0.632635
Epoch 23
Loss = 2.0736e-03, PNorm = 44.8018, GNorm = 0.3273, lr_0 = 2.7961e-04
Loss = 1.9758e-03, PNorm = 44.8134, GNorm = 0.5311, lr_0 = 2.7830e-04
Loss = 2.0550e-03, PNorm = 44.8232, GNorm = 0.4594, lr_0 = 2.7700e-04
Loss = 2.6887e-03, PNorm = 44.8283, GNorm = 0.5808, lr_0 = 2.7570e-04
Loss = 3.4306e-03, PNorm = 44.8361, GNorm = 0.8324, lr_0 = 2.7441e-04
Loss = 2.1375e-03, PNorm = 44.8498, GNorm = 0.9671, lr_0 = 2.7312e-04
Loss = 2.2564e-03, PNorm = 44.8598, GNorm = 0.6671, lr_0 = 2.7184e-04
Loss = 3.0740e-03, PNorm = 44.8678, GNorm = 0.5509, lr_0 = 2.7057e-04
Loss = 2.6225e-03, PNorm = 44.8781, GNorm = 0.5029, lr_0 = 2.6930e-04
Loss = 2.0884e-03, PNorm = 44.8926, GNorm = 0.6283, lr_0 = 2.6804e-04
Loss = 3.9264e-03, PNorm = 44.8984, GNorm = 1.2565, lr_0 = 2.6678e-04
Loss = 2.2391e-03, PNorm = 44.9091, GNorm = 0.7256, lr_0 = 2.6553e-04
Loss = 2.2028e-03, PNorm = 44.9237, GNorm = 0.3246, lr_0 = 2.6429e-04
Validation rmse = 0.638781
Epoch 24
Loss = 3.9182e-03, PNorm = 44.9362, GNorm = 0.7553, lr_0 = 2.6305e-04
Loss = 2.8659e-03, PNorm = 44.9452, GNorm = 1.0739, lr_0 = 2.6181e-04
Loss = 2.3372e-03, PNorm = 44.9577, GNorm = 0.7659, lr_0 = 2.6059e-04
Loss = 2.1550e-03, PNorm = 44.9708, GNorm = 0.3935, lr_0 = 2.5937e-04
Loss = 2.2974e-03, PNorm = 44.9809, GNorm = 0.7695, lr_0 = 2.5815e-04
Loss = 3.5022e-03, PNorm = 44.9864, GNorm = 0.4834, lr_0 = 2.5694e-04
Loss = 2.4138e-03, PNorm = 44.9969, GNorm = 0.6559, lr_0 = 2.5574e-04
Loss = 2.3767e-03, PNorm = 45.0110, GNorm = 0.6300, lr_0 = 2.5454e-04
Loss = 2.1297e-03, PNorm = 45.0200, GNorm = 0.4026, lr_0 = 2.5335e-04
Loss = 2.3776e-03, PNorm = 45.0293, GNorm = 0.6364, lr_0 = 2.5216e-04
Loss = 1.6671e-03, PNorm = 45.0374, GNorm = 0.4633, lr_0 = 2.5098e-04
Loss = 3.6958e-03, PNorm = 45.0431, GNorm = 0.6230, lr_0 = 2.4980e-04
Loss = 2.2105e-03, PNorm = 45.0531, GNorm = 0.5027, lr_0 = 2.4863e-04
Validation rmse = 0.630617
Epoch 25
Loss = 2.3953e-03, PNorm = 45.0645, GNorm = 0.4408, lr_0 = 2.4746e-04
Loss = 2.3116e-03, PNorm = 45.0759, GNorm = 0.6491, lr_0 = 2.4630e-04
Loss = 1.8831e-03, PNorm = 45.0863, GNorm = 0.5204, lr_0 = 2.4515e-04
Loss = 2.7750e-03, PNorm = 45.0932, GNorm = 0.5366, lr_0 = 2.4400e-04
Loss = 2.2559e-03, PNorm = 45.0976, GNorm = 0.7906, lr_0 = 2.4286e-04
Loss = 2.3039e-03, PNorm = 45.1073, GNorm = 0.5510, lr_0 = 2.4172e-04
Loss = 1.8704e-03, PNorm = 45.1171, GNorm = 0.6689, lr_0 = 2.4059e-04
Loss = 2.1279e-03, PNorm = 45.1265, GNorm = 0.4804, lr_0 = 2.3946e-04
Loss = 4.0549e-03, PNorm = 45.1396, GNorm = 0.3796, lr_0 = 2.3834e-04
Loss = 2.1717e-03, PNorm = 45.1491, GNorm = 0.5857, lr_0 = 2.3722e-04
Loss = 2.3803e-03, PNorm = 45.1589, GNorm = 0.6398, lr_0 = 2.3611e-04
Loss = 2.4023e-03, PNorm = 45.1671, GNorm = 0.4089, lr_0 = 2.3500e-04
Loss = 2.4895e-03, PNorm = 45.1758, GNorm = 0.6363, lr_0 = 2.3390e-04
Validation rmse = 0.626428
Epoch 26
Loss = 2.7207e-03, PNorm = 45.1849, GNorm = 0.9495, lr_0 = 2.3281e-04
Loss = 2.0154e-03, PNorm = 45.1916, GNorm = 0.6525, lr_0 = 2.3171e-04
Loss = 2.2880e-03, PNorm = 45.2008, GNorm = 0.6723, lr_0 = 2.3063e-04
Loss = 3.5374e-03, PNorm = 45.2101, GNorm = 1.1650, lr_0 = 2.2955e-04
Loss = 3.4198e-03, PNorm = 45.2179, GNorm = 0.8005, lr_0 = 2.2847e-04
Loss = 2.2268e-03, PNorm = 45.2253, GNorm = 0.6748, lr_0 = 2.2740e-04
Loss = 2.1874e-03, PNorm = 45.2349, GNorm = 0.8569, lr_0 = 2.2634e-04
Loss = 2.6914e-03, PNorm = 45.2449, GNorm = 1.1197, lr_0 = 2.2528e-04
Loss = 2.2907e-03, PNorm = 45.2569, GNorm = 0.7037, lr_0 = 2.2422e-04
Loss = 2.2047e-03, PNorm = 45.2694, GNorm = 0.7384, lr_0 = 2.2317e-04
Loss = 2.3208e-03, PNorm = 45.2750, GNorm = 0.6151, lr_0 = 2.2212e-04
Loss = 2.0173e-03, PNorm = 45.2838, GNorm = 0.6013, lr_0 = 2.2108e-04
Loss = 2.1652e-03, PNorm = 45.2920, GNorm = 0.7043, lr_0 = 2.2005e-04
Validation rmse = 0.623872
Epoch 27
Loss = 1.9994e-03, PNorm = 45.2967, GNorm = 0.4908, lr_0 = 2.1901e-04
Loss = 1.9426e-03, PNorm = 45.3016, GNorm = 0.8342, lr_0 = 2.1799e-04
Loss = 2.3933e-03, PNorm = 45.3091, GNorm = 0.7406, lr_0 = 2.1697e-04
Loss = 2.3951e-03, PNorm = 45.3167, GNorm = 0.3228, lr_0 = 2.1595e-04
Loss = 2.7576e-03, PNorm = 45.3249, GNorm = 0.8437, lr_0 = 2.1494e-04
Loss = 2.0969e-03, PNorm = 45.3304, GNorm = 0.9035, lr_0 = 2.1393e-04
Loss = 2.5939e-03, PNorm = 45.3367, GNorm = 0.7727, lr_0 = 2.1293e-04
Loss = 2.6876e-03, PNorm = 45.3438, GNorm = 1.1603, lr_0 = 2.1193e-04
Loss = 2.3809e-03, PNorm = 45.3523, GNorm = 0.3708, lr_0 = 2.1094e-04
Loss = 2.3664e-03, PNorm = 45.3611, GNorm = 0.4624, lr_0 = 2.0995e-04
Loss = 2.7632e-03, PNorm = 45.3690, GNorm = 0.8329, lr_0 = 2.0896e-04
Loss = 2.5269e-03, PNorm = 45.3792, GNorm = 1.0289, lr_0 = 2.0799e-04
Loss = 2.1409e-03, PNorm = 45.3859, GNorm = 0.6081, lr_0 = 2.0701e-04
Validation rmse = 0.619836
Epoch 28
Loss = 2.5170e-03, PNorm = 45.3922, GNorm = 0.4733, lr_0 = 2.0604e-04
Loss = 2.1651e-03, PNorm = 45.4016, GNorm = 0.6177, lr_0 = 2.0508e-04
Loss = 1.8913e-03, PNorm = 45.4106, GNorm = 0.4810, lr_0 = 2.0411e-04
Loss = 1.9597e-03, PNorm = 45.4171, GNorm = 0.6528, lr_0 = 2.0316e-04
Loss = 3.9536e-03, PNorm = 45.4216, GNorm = 0.9316, lr_0 = 2.0221e-04
Loss = 2.0829e-03, PNorm = 45.4336, GNorm = 0.6022, lr_0 = 2.0126e-04
Loss = 2.9902e-03, PNorm = 45.4441, GNorm = 0.6069, lr_0 = 2.0032e-04
Loss = 2.3600e-03, PNorm = 45.4513, GNorm = 0.7840, lr_0 = 1.9938e-04
Loss = 2.3503e-03, PNorm = 45.4549, GNorm = 0.4217, lr_0 = 1.9844e-04
Loss = 2.6766e-03, PNorm = 45.4590, GNorm = 0.5729, lr_0 = 1.9751e-04
Loss = 2.0559e-03, PNorm = 45.4684, GNorm = 0.6923, lr_0 = 1.9659e-04
Loss = 1.9716e-03, PNorm = 45.4772, GNorm = 0.5904, lr_0 = 1.9567e-04
Loss = 2.0035e-03, PNorm = 45.4844, GNorm = 0.3914, lr_0 = 1.9475e-04
Validation rmse = 0.622567
Epoch 29
Loss = 1.9415e-03, PNorm = 45.4903, GNorm = 0.4033, lr_0 = 1.9384e-04
Loss = 2.3519e-03, PNorm = 45.4977, GNorm = 0.7088, lr_0 = 1.9293e-04
Loss = 2.4084e-03, PNorm = 45.5039, GNorm = 0.4370, lr_0 = 1.9202e-04
Loss = 2.6043e-03, PNorm = 45.5088, GNorm = 1.0831, lr_0 = 1.9112e-04
Loss = 2.1889e-03, PNorm = 45.5167, GNorm = 0.8079, lr_0 = 1.9023e-04
Loss = 2.2142e-03, PNorm = 45.5252, GNorm = 1.0320, lr_0 = 1.8934e-04
Loss = 2.2996e-03, PNorm = 45.5291, GNorm = 0.7067, lr_0 = 1.8845e-04
Loss = 1.9794e-03, PNorm = 45.5353, GNorm = 0.5198, lr_0 = 1.8757e-04
Loss = 2.5470e-03, PNorm = 45.5432, GNorm = 0.5583, lr_0 = 1.8669e-04
Loss = 2.6805e-03, PNorm = 45.5500, GNorm = 0.5871, lr_0 = 1.8581e-04
Loss = 3.2304e-03, PNorm = 45.5544, GNorm = 0.4239, lr_0 = 1.8494e-04
Loss = 2.1730e-03, PNorm = 45.5595, GNorm = 0.4167, lr_0 = 1.8407e-04
Loss = 1.6186e-03, PNorm = 45.5682, GNorm = 0.6205, lr_0 = 1.8321e-04
Validation rmse = 0.626696
Epoch 30
Loss = 2.4278e-03, PNorm = 45.5739, GNorm = 0.4227, lr_0 = 1.8235e-04
Loss = 1.5543e-03, PNorm = 45.5796, GNorm = 0.7154, lr_0 = 1.8150e-04
Loss = 2.4201e-03, PNorm = 45.5847, GNorm = 0.4125, lr_0 = 1.8065e-04
Loss = 2.3391e-03, PNorm = 45.5914, GNorm = 0.8606, lr_0 = 1.7980e-04
Loss = 3.1427e-03, PNorm = 45.5980, GNorm = 1.4447, lr_0 = 1.7896e-04
Loss = 1.9405e-03, PNorm = 45.6063, GNorm = 0.5507, lr_0 = 1.7812e-04
Loss = 2.3996e-03, PNorm = 45.6114, GNorm = 0.7185, lr_0 = 1.7729e-04
Loss = 2.5102e-03, PNorm = 45.6166, GNorm = 0.6895, lr_0 = 1.7646e-04
Loss = 2.3790e-03, PNorm = 45.6238, GNorm = 0.7558, lr_0 = 1.7563e-04
Loss = 2.0441e-03, PNorm = 45.6299, GNorm = 0.4068, lr_0 = 1.7481e-04
Loss = 2.2702e-03, PNorm = 45.6363, GNorm = 0.6169, lr_0 = 1.7399e-04
Loss = 1.5529e-03, PNorm = 45.6439, GNorm = 0.5700, lr_0 = 1.7317e-04
Validation rmse = 0.618997
Epoch 31
Loss = 2.8008e-03, PNorm = 45.6508, GNorm = 1.0725, lr_0 = 1.7236e-04
Loss = 2.1286e-03, PNorm = 45.6563, GNorm = 0.3711, lr_0 = 1.7155e-04
Loss = 2.9064e-03, PNorm = 45.6637, GNorm = 0.5645, lr_0 = 1.7075e-04
Loss = 1.9004e-03, PNorm = 45.6711, GNorm = 0.4165, lr_0 = 1.6995e-04
Loss = 2.2799e-03, PNorm = 45.6764, GNorm = 1.3571, lr_0 = 1.6915e-04
Loss = 2.5057e-03, PNorm = 45.6817, GNorm = 0.6107, lr_0 = 1.6836e-04
Loss = 2.1624e-03, PNorm = 45.6875, GNorm = 0.8391, lr_0 = 1.6757e-04
Loss = 1.9758e-03, PNorm = 45.6913, GNorm = 0.4521, lr_0 = 1.6678e-04
Loss = 2.5263e-03, PNorm = 45.6950, GNorm = 0.5194, lr_0 = 1.6600e-04
Loss = 1.7635e-03, PNorm = 45.6973, GNorm = 0.7144, lr_0 = 1.6522e-04
Loss = 2.1157e-03, PNorm = 45.7028, GNorm = 0.5470, lr_0 = 1.6445e-04
Loss = 2.8397e-03, PNorm = 45.7103, GNorm = 0.5575, lr_0 = 1.6368e-04
Loss = 1.8267e-03, PNorm = 45.7169, GNorm = 0.7417, lr_0 = 1.6291e-04
Validation rmse = 0.618092
Epoch 32
Loss = 2.0523e-03, PNorm = 45.7229, GNorm = 0.6789, lr_0 = 1.6215e-04
Loss = 1.5880e-03, PNorm = 45.7281, GNorm = 0.3946, lr_0 = 1.6139e-04
Loss = 2.3077e-03, PNorm = 45.7329, GNorm = 1.2201, lr_0 = 1.6063e-04
Loss = 2.2329e-03, PNorm = 45.7358, GNorm = 0.4423, lr_0 = 1.5988e-04
Loss = 1.8575e-03, PNorm = 45.7392, GNorm = 0.6983, lr_0 = 1.5913e-04
Loss = 2.0132e-03, PNorm = 45.7439, GNorm = 0.5775, lr_0 = 1.5839e-04
Loss = 2.3252e-03, PNorm = 45.7514, GNorm = 0.8498, lr_0 = 1.5764e-04
Loss = 2.4653e-03, PNorm = 45.7600, GNorm = 0.8641, lr_0 = 1.5690e-04
Loss = 1.8194e-03, PNorm = 45.7643, GNorm = 0.7868, lr_0 = 1.5617e-04
Loss = 1.6867e-03, PNorm = 45.7694, GNorm = 0.5700, lr_0 = 1.5544e-04
Loss = 3.2730e-03, PNorm = 45.7735, GNorm = 0.4573, lr_0 = 1.5471e-04
Loss = 2.4182e-03, PNorm = 45.7790, GNorm = 0.3384, lr_0 = 1.5398e-04
Loss = 2.2865e-03, PNorm = 45.7865, GNorm = 0.6175, lr_0 = 1.5326e-04
Validation rmse = 0.623530
Epoch 33
Loss = 1.8447e-03, PNorm = 45.7923, GNorm = 0.5508, lr_0 = 1.5254e-04
Loss = 2.3451e-03, PNorm = 45.7975, GNorm = 0.6258, lr_0 = 1.5183e-04
Loss = 2.1959e-03, PNorm = 45.8026, GNorm = 0.5879, lr_0 = 1.5112e-04
Loss = 1.7739e-03, PNorm = 45.8082, GNorm = 0.6298, lr_0 = 1.5041e-04
Loss = 2.9469e-03, PNorm = 45.8123, GNorm = 0.5239, lr_0 = 1.4970e-04
Loss = 2.4144e-03, PNorm = 45.8157, GNorm = 0.5565, lr_0 = 1.4900e-04
Loss = 1.8174e-03, PNorm = 45.8213, GNorm = 0.6306, lr_0 = 1.4830e-04
Loss = 2.0489e-03, PNorm = 45.8268, GNorm = 0.8727, lr_0 = 1.4761e-04
Loss = 2.0209e-03, PNorm = 45.8319, GNorm = 0.7493, lr_0 = 1.4692e-04
Loss = 1.8937e-03, PNorm = 45.8357, GNorm = 0.6381, lr_0 = 1.4623e-04
Loss = 1.9923e-03, PNorm = 45.8404, GNorm = 0.5386, lr_0 = 1.4554e-04
Loss = 1.8383e-03, PNorm = 45.8456, GNorm = 0.4944, lr_0 = 1.4486e-04
Loss = 2.7172e-03, PNorm = 45.8490, GNorm = 0.5082, lr_0 = 1.4418e-04
Validation rmse = 0.616861
Epoch 34
Loss = 1.7526e-03, PNorm = 45.8536, GNorm = 0.5438, lr_0 = 1.4351e-04
Loss = 1.5737e-03, PNorm = 45.8579, GNorm = 0.6169, lr_0 = 1.4284e-04
Loss = 2.1557e-03, PNorm = 45.8618, GNorm = 0.6738, lr_0 = 1.4217e-04
Loss = 2.0856e-03, PNorm = 45.8668, GNorm = 0.4503, lr_0 = 1.4150e-04
Loss = 1.8657e-03, PNorm = 45.8707, GNorm = 0.6305, lr_0 = 1.4084e-04
Loss = 1.9623e-03, PNorm = 45.8748, GNorm = 0.6518, lr_0 = 1.4018e-04
Loss = 2.9726e-03, PNorm = 45.8792, GNorm = 0.4736, lr_0 = 1.3952e-04
Loss = 1.7336e-03, PNorm = 45.8829, GNorm = 0.6611, lr_0 = 1.3887e-04
Loss = 2.8150e-03, PNorm = 45.8867, GNorm = 0.6941, lr_0 = 1.3821e-04
Loss = 1.7728e-03, PNorm = 45.8903, GNorm = 0.6085, lr_0 = 1.3757e-04
Loss = 2.0451e-03, PNorm = 45.8956, GNorm = 0.7950, lr_0 = 1.3692e-04
Loss = 2.1364e-03, PNorm = 45.9002, GNorm = 0.4360, lr_0 = 1.3628e-04
Loss = 2.6918e-03, PNorm = 45.9070, GNorm = 0.2804, lr_0 = 1.3564e-04
Validation rmse = 0.628167
Epoch 35
Loss = 1.5156e-03, PNorm = 45.9121, GNorm = 0.5695, lr_0 = 1.3501e-04
Loss = 1.7351e-03, PNorm = 45.9182, GNorm = 0.6265, lr_0 = 1.3437e-04
Loss = 1.5649e-03, PNorm = 45.9225, GNorm = 0.5684, lr_0 = 1.3374e-04
Loss = 2.1473e-03, PNorm = 45.9262, GNorm = 1.3438, lr_0 = 1.3312e-04
Loss = 3.0661e-03, PNorm = 45.9308, GNorm = 0.7397, lr_0 = 1.3249e-04
Loss = 2.1602e-03, PNorm = 45.9361, GNorm = 0.6573, lr_0 = 1.3187e-04
Loss = 1.9423e-03, PNorm = 45.9400, GNorm = 0.5250, lr_0 = 1.3125e-04
Loss = 3.0742e-03, PNorm = 45.9438, GNorm = 0.5371, lr_0 = 1.3064e-04
Loss = 1.8774e-03, PNorm = 45.9473, GNorm = 0.5447, lr_0 = 1.3003e-04
Loss = 2.0702e-03, PNorm = 45.9506, GNorm = 0.7834, lr_0 = 1.2942e-04
Loss = 2.1907e-03, PNorm = 45.9556, GNorm = 0.6617, lr_0 = 1.2881e-04
Loss = 1.9149e-03, PNorm = 45.9588, GNorm = 0.9407, lr_0 = 1.2821e-04
Loss = 1.9289e-03, PNorm = 45.9639, GNorm = 0.4973, lr_0 = 1.2761e-04
Validation rmse = 0.619354
Epoch 36
Loss = 1.8032e-03, PNorm = 45.9683, GNorm = 0.5707, lr_0 = 1.2701e-04
Loss = 3.9548e-03, PNorm = 45.9728, GNorm = 0.9668, lr_0 = 1.2641e-04
Loss = 1.9288e-03, PNorm = 45.9785, GNorm = 0.6602, lr_0 = 1.2582e-04
Loss = 2.7163e-03, PNorm = 45.9835, GNorm = 0.6341, lr_0 = 1.2523e-04
Loss = 2.2357e-03, PNorm = 45.9888, GNorm = 0.6259, lr_0 = 1.2465e-04
Loss = 1.9302e-03, PNorm = 45.9948, GNorm = 0.4937, lr_0 = 1.2406e-04
Loss = 1.7854e-03, PNorm = 45.9990, GNorm = 0.7081, lr_0 = 1.2348e-04
Loss = 1.7081e-03, PNorm = 46.0013, GNorm = 0.7101, lr_0 = 1.2290e-04
Loss = 1.5621e-03, PNorm = 46.0054, GNorm = 0.9423, lr_0 = 1.2233e-04
Loss = 2.3719e-03, PNorm = 46.0076, GNorm = 0.7118, lr_0 = 1.2175e-04
Loss = 1.6951e-03, PNorm = 46.0101, GNorm = 0.6552, lr_0 = 1.2118e-04
Loss = 1.4865e-03, PNorm = 46.0130, GNorm = 0.3372, lr_0 = 1.2061e-04
Loss = 1.6262e-03, PNorm = 46.0149, GNorm = 0.4428, lr_0 = 1.2005e-04
Validation rmse = 0.608727
Epoch 37
Loss = 1.5950e-03, PNorm = 46.0173, GNorm = 0.7500, lr_0 = 1.1949e-04
Loss = 1.8847e-03, PNorm = 46.0219, GNorm = 0.5979, lr_0 = 1.1893e-04
Loss = 1.6729e-03, PNorm = 46.0259, GNorm = 0.3497, lr_0 = 1.1837e-04
Loss = 2.1295e-03, PNorm = 46.0298, GNorm = 1.1793, lr_0 = 1.1781e-04
Loss = 1.7561e-03, PNorm = 46.0334, GNorm = 0.8882, lr_0 = 1.1726e-04
Loss = 2.7394e-03, PNorm = 46.0373, GNorm = 0.7187, lr_0 = 1.1671e-04
Loss = 1.7268e-03, PNorm = 46.0415, GNorm = 0.4291, lr_0 = 1.1617e-04
Loss = 1.8778e-03, PNorm = 46.0447, GNorm = 0.9213, lr_0 = 1.1562e-04
Loss = 2.0747e-03, PNorm = 46.0489, GNorm = 0.8185, lr_0 = 1.1508e-04
Loss = 1.9456e-03, PNorm = 46.0521, GNorm = 0.4575, lr_0 = 1.1454e-04
Loss = 2.6511e-03, PNorm = 46.0549, GNorm = 0.9806, lr_0 = 1.1400e-04
Loss = 2.0832e-03, PNorm = 46.0585, GNorm = 0.9383, lr_0 = 1.1347e-04
Loss = 2.6288e-03, PNorm = 46.0635, GNorm = 0.5629, lr_0 = 1.1294e-04
Validation rmse = 0.615952
Epoch 38
Loss = 2.2458e-03, PNorm = 46.0680, GNorm = 0.7997, lr_0 = 1.1241e-04
Loss = 2.0854e-03, PNorm = 46.0724, GNorm = 0.6858, lr_0 = 1.1188e-04
Loss = 1.6909e-03, PNorm = 46.0759, GNorm = 0.7428, lr_0 = 1.1136e-04
Loss = 2.9450e-03, PNorm = 46.0796, GNorm = 0.7245, lr_0 = 1.1083e-04
Loss = 2.2988e-03, PNorm = 46.0829, GNorm = 1.0044, lr_0 = 1.1032e-04
Loss = 1.8017e-03, PNorm = 46.0860, GNorm = 0.8478, lr_0 = 1.0980e-04
Loss = 1.4029e-03, PNorm = 46.0898, GNorm = 1.1705, lr_0 = 1.0928e-04
Loss = 1.7678e-03, PNorm = 46.0935, GNorm = 0.9590, lr_0 = 1.0877e-04
Loss = 1.7850e-03, PNorm = 46.0971, GNorm = 0.6683, lr_0 = 1.0826e-04
Loss = 1.5325e-03, PNorm = 46.0995, GNorm = 0.9192, lr_0 = 1.0775e-04
Loss = 2.2467e-03, PNorm = 46.1025, GNorm = 0.7044, lr_0 = 1.0725e-04
Loss = 2.2816e-03, PNorm = 46.1069, GNorm = 0.8160, lr_0 = 1.0675e-04
Loss = 1.7454e-03, PNorm = 46.1116, GNorm = 0.6506, lr_0 = 1.0625e-04
Validation rmse = 0.607274
Epoch 39
Loss = 1.5362e-03, PNorm = 46.1160, GNorm = 0.8321, lr_0 = 1.0575e-04
Loss = 1.3120e-03, PNorm = 46.1193, GNorm = 0.5502, lr_0 = 1.0525e-04
Loss = 1.8858e-03, PNorm = 46.1217, GNorm = 1.1306, lr_0 = 1.0476e-04
Loss = 2.4831e-03, PNorm = 46.1245, GNorm = 0.4456, lr_0 = 1.0427e-04
Loss = 2.3575e-03, PNorm = 46.1285, GNorm = 0.5062, lr_0 = 1.0378e-04
Loss = 1.9903e-03, PNorm = 46.1323, GNorm = 0.6432, lr_0 = 1.0329e-04
Loss = 1.6845e-03, PNorm = 46.1350, GNorm = 0.5587, lr_0 = 1.0281e-04
Loss = 2.8958e-03, PNorm = 46.1392, GNorm = 1.6838, lr_0 = 1.0233e-04
Loss = 2.0674e-03, PNorm = 46.1432, GNorm = 0.5585, lr_0 = 1.0185e-04
Loss = 2.1207e-03, PNorm = 46.1462, GNorm = 0.9803, lr_0 = 1.0137e-04
Loss = 1.5691e-03, PNorm = 46.1493, GNorm = 0.7005, lr_0 = 1.0090e-04
Loss = 2.0481e-03, PNorm = 46.1530, GNorm = 0.8426, lr_0 = 1.0042e-04
Loss = 2.1393e-03, PNorm = 46.1555, GNorm = 0.7682, lr_0 = 1.0000e-04
Validation rmse = 0.605192
Model 0 best validation rmse = 0.605192 on epoch 39
Loading pretrained parameter "encoder.encoder.cached_zero_vector".
Loading pretrained parameter "encoder.encoder.W_i.weight".
Loading pretrained parameter "encoder.encoder.W_h.weight".
Loading pretrained parameter "encoder.encoder.W_o.weight".
Loading pretrained parameter "encoder.encoder.W_o.bias".
Loading pretrained parameter "ffn.1.weight".
Loading pretrained parameter "ffn.1.bias".
Loading pretrained parameter "ffn.4.weight".
Loading pretrained parameter "ffn.4.bias".
Loading pretrained parameter "ffn.7.weight".
Loading pretrained parameter "ffn.7.bias".
Model 0 test rmse = 0.664410
Ensemble test rmse = 0.664410
1-fold cross validation
Seed 5 ==> test rmse = 0.664410
Overall test rmse = 0.664410 +/- 0.000000
