Fold 0
Model 0 best validation rmse = 0.049527 on epoch 16
Model 0 test rmse = 0.035227
Ensemble test rmse = 0.035227
1-fold cross validation
Seed 5 ==> test rmse = 0.035227
Overall test rmse = 0.035227 +/- 0.000000
Fold 0
Model 0 best validation rmse = 0.049213 on epoch 28
Model 0 test rmse = 0.034711
Ensemble test rmse = 0.034711
1-fold cross validation
Seed 5 ==> test rmse = 0.034711
Overall test rmse = 0.034711 +/- 0.000000
Fold 0
Model 0 best validation rmse = 0.682215 on epoch 36
Model 0 test rmse = 1.569714
Ensemble test rmse = 1.569714
1-fold cross validation
Seed 5 ==> test rmse = 1.569714
Overall test rmse = 1.569714 +/- 0.000000
Fold 0
Model 0 best validation rmse = 0.671151 on epoch 23
Model 0 test rmse = 1.752406
Ensemble test rmse = 1.752406
1-fold cross validation
Seed 5 ==> test rmse = 1.752406
Overall test rmse = 1.752406 +/- 0.000000
Fold 0
Model 0 best validation rmse = 0.699893 on epoch 39
Model 0 test rmse = 2.131611
Ensemble test rmse = 2.131611
1-fold cross validation
Seed 5 ==> test rmse = 2.131611
Overall test rmse = 2.131611 +/- 0.000000
Fold 0
Model 0 best validation rmse = 0.849508 on epoch 28
Model 0 test rmse = 1.309912
Ensemble test rmse = 1.309912
1-fold cross validation
Seed 5 ==> test rmse = 1.309912
Overall test rmse = 1.309912 +/- 0.000000
Fold 0
Model 0 best validation rmse = 0.843475 on epoch 25
Model 0 test rmse = 1.657448
Ensemble test rmse = 1.657448
1-fold cross validation
Seed 5 ==> test rmse = 1.657448
Overall test rmse = 1.657448 +/- 0.000000
Fold 0
Model 0 best validation rmse = 0.861867 on epoch 33
Model 0 test rmse = 1.484180
Ensemble test rmse = 1.484180
1-fold cross validation
Seed 5 ==> test rmse = 1.484180
Overall test rmse = 1.484180 +/- 0.000000
Fold 0
Model 0 best validation rmse = 0.054913 on epoch 18
Model 0 test rmse = 0.172628
Ensemble test rmse = 0.172628
1-fold cross validation
Seed 5 ==> test rmse = 0.172628
Overall test rmse = 0.172628 +/- 0.000000
Fold 0
Model 0 best validation rmse = 0.055900 on epoch 15
Model 0 test rmse = 0.117946
Ensemble test rmse = 0.117946
1-fold cross validation
Seed 5 ==> test rmse = 0.117946
Overall test rmse = 0.117946 +/- 0.000000
Fold 0
Model 0 best validation rmse = 0.056193 on epoch 11
Model 0 test rmse = 0.134350
Ensemble test rmse = 0.134350
1-fold cross validation
Seed 5 ==> test rmse = 0.134350
Overall test rmse = 0.134350 +/- 0.000000
