Fold 0
{'activation': 'ReLU',
 'atom_messages': False,
 'batch_size': 50,
 'bias': False,
 'checkpoint_dir': None,
 'checkpoint_path': None,
 'checkpoint_paths': None,
 'config_path': None,
 'crossval_index_dir': None,
 'crossval_index_file': None,
 'cuda': False,
 'data_path': 'Data/Multitask_data/All_datasets/Splits/Predict_ester_with_non_ester/train.csv',
 'dataset_type': 'regression',
 'depth': 3,
 'dropout': 0.0,
 'ensemble_size': 1,
 'epochs': 40,
 'features_generator': None,
 'features_only': False,
 'features_path': ['Data/Multitask_data/All_datasets/Splits/Predict_ester_with_non_ester/train_extra_x.csv'],
 'features_scaling': True,
 'ffn_hidden_size': 300,
 'ffn_num_layers': 3,
 'final_lr': 0.0001,
 'folds_file': None,
 'gpu': None,
 'hidden_size': 300,
 'init_lr': 0.0001,
 'log_frequency': 10,
 'max_data_size': None,
 'max_lr': 0.001,
 'metric': 'rmse',
 'minimize_score': True,
 'multiclass_num_classes': 3,
 'no_cache': False,
 'num_folds': 1,
 'num_lrs': 1,
 'quiet': False,
 'save_dir': 'Data/Multitask_data/All_datasets/Splits/Predict_ester_with_non_ester/trained_model/fold_0',
 'save_smiles_splits': False,
 'seed': 5,
 'separate_test_features_path': ['Data/Multitask_data/All_datasets/Splits/Predict_ester_with_non_ester/test_extra_x.csv'],
 'separate_test_path': 'Data/Multitask_data/All_datasets/Splits/Predict_ester_with_non_ester/test.csv',
 'separate_val_features_path': ['Data/Multitask_data/All_datasets/Splits/Predict_ester_with_non_ester/valid_extra_x.csv'],
 'separate_val_path': 'Data/Multitask_data/All_datasets/Splits/Predict_ester_with_non_ester/valid.csv',
 'show_individual_scores': False,
 'split_sizes': [0.675, 0.075, 0.25],
 'split_type': 'random',
 'test': False,
 'test_fold_index': None,
 'undirected': False,
 'use_compound_names': False,
 'use_input_features': True,
 'val_fold_index': None,
 'warmup_epochs': 2.0}
Loading data
Number of tasks = 2
Splitting data with seed 5
Total size = 2,606 | train size = 2,606 | val size = 691 | test size = 2,157
Fitting scaler
Building model 0
MoleculeModel(
  (encoder): MPN(
    (encoder): MPNEncoder(
      (dropout_layer): Dropout(p=0.0, inplace=False)
      (act_func): ReLU()
      (W_i): Linear(in_features=147, out_features=300, bias=False)
      (W_h): Linear(in_features=300, out_features=300, bias=False)
      (W_o): Linear(in_features=433, out_features=300, bias=True)
    )
  )
  (ffn): Sequential(
    (0): Dropout(p=0.0, inplace=False)
    (1): Linear(in_features=330, out_features=300, bias=True)
    (2): ReLU()
    (3): Dropout(p=0.0, inplace=False)
    (4): Linear(in_features=300, out_features=300, bias=True)
    (5): ReLU()
    (6): Dropout(p=0.0, inplace=False)
    (7): Linear(in_features=300, out_features=2, bias=True)
  )
)
Number of parameters = 454,502
Epoch 0
Loss = 1.8549e-02, PNorm = 38.2728, GNorm = 2.6433, lr_0 = 1.9519e-04
Loss = 1.8322e-02, PNorm = 38.2777, GNorm = 2.4323, lr_0 = 2.8173e-04
Loss = 1.6362e-02, PNorm = 38.2870, GNorm = 1.6592, lr_0 = 3.6827e-04
Loss = 1.8193e-02, PNorm = 38.2932, GNorm = 3.2197, lr_0 = 4.5481e-04
Loss = 1.7549e-02, PNorm = 38.3069, GNorm = 1.8243, lr_0 = 5.4135e-04
Validation rmse = 0.466706
Epoch 1
Loss = 1.4942e-02, PNorm = 38.3247, GNorm = 1.5861, lr_0 = 6.2788e-04
Loss = 1.4572e-02, PNorm = 38.3485, GNorm = 0.7982, lr_0 = 7.1442e-04
Loss = 1.8808e-02, PNorm = 38.3679, GNorm = 1.6759, lr_0 = 8.0096e-04
Loss = 1.5154e-02, PNorm = 38.3951, GNorm = 2.2296, lr_0 = 8.8750e-04
Loss = 1.8043e-02, PNorm = 38.4314, GNorm = 2.0478, lr_0 = 9.7404e-04
Validation rmse = 0.451166
Epoch 2
Loss = 1.6467e-02, PNorm = 38.4754, GNorm = 2.1693, lr_0 = 9.9188e-04
Loss = 1.5911e-02, PNorm = 38.5135, GNorm = 1.7355, lr_0 = 9.8039e-04
Loss = 1.6761e-02, PNorm = 38.5482, GNorm = 2.1056, lr_0 = 9.6903e-04
Loss = 1.4271e-02, PNorm = 38.5943, GNorm = 1.3237, lr_0 = 9.5780e-04
Loss = 1.5218e-02, PNorm = 38.6432, GNorm = 1.6276, lr_0 = 9.4670e-04
Validation rmse = 0.487377
Epoch 3
Loss = 1.7722e-02, PNorm = 38.6905, GNorm = 1.6432, lr_0 = 9.3574e-04
Loss = 1.3240e-02, PNorm = 38.7468, GNorm = 1.2890, lr_0 = 9.2490e-04
Loss = 1.2253e-02, PNorm = 38.8044, GNorm = 1.2312, lr_0 = 9.1418e-04
Loss = 1.5452e-02, PNorm = 38.8605, GNorm = 2.2317, lr_0 = 9.0359e-04
Loss = 1.6854e-02, PNorm = 38.9168, GNorm = 1.6855, lr_0 = 8.9312e-04
Validation rmse = 0.460201
Epoch 4
Loss = 1.3371e-02, PNorm = 38.9707, GNorm = 1.1725, lr_0 = 8.8278e-04
Loss = 1.4429e-02, PNorm = 39.0338, GNorm = 1.3066, lr_0 = 8.7255e-04
Loss = 1.4332e-02, PNorm = 39.0865, GNorm = 1.7225, lr_0 = 8.6244e-04
Loss = 1.3543e-02, PNorm = 39.1412, GNorm = 1.3750, lr_0 = 8.5245e-04
Loss = 1.4161e-02, PNorm = 39.2005, GNorm = 1.9876, lr_0 = 8.4257e-04
Loss = 1.4577e-02, PNorm = 39.2527, GNorm = 1.0533, lr_0 = 8.3281e-04
Validation rmse = 0.432158
Epoch 5
Loss = 1.2325e-02, PNorm = 39.3187, GNorm = 1.0811, lr_0 = 8.2316e-04
Loss = 1.3458e-02, PNorm = 39.3662, GNorm = 1.2603, lr_0 = 8.1363e-04
Loss = 1.2522e-02, PNorm = 39.4135, GNorm = 1.3383, lr_0 = 8.0420e-04
Loss = 1.4159e-02, PNorm = 39.4484, GNorm = 1.0990, lr_0 = 7.9488e-04
Loss = 1.4289e-02, PNorm = 39.5000, GNorm = 1.2001, lr_0 = 7.8567e-04
Validation rmse = 0.450309
Epoch 6
Loss = 1.3102e-02, PNorm = 39.5531, GNorm = 1.3139, lr_0 = 7.7657e-04
Loss = 1.3787e-02, PNorm = 39.6099, GNorm = 1.5174, lr_0 = 7.6758e-04
Loss = 1.1370e-02, PNorm = 39.6648, GNorm = 1.9462, lr_0 = 7.5868e-04
Loss = 1.3158e-02, PNorm = 39.7143, GNorm = 1.2735, lr_0 = 7.4989e-04
Loss = 1.4100e-02, PNorm = 39.7530, GNorm = 1.8411, lr_0 = 7.4121e-04
Validation rmse = 0.449340
Epoch 7
Loss = 1.1118e-02, PNorm = 39.7950, GNorm = 2.2287, lr_0 = 7.3262e-04
Loss = 1.3092e-02, PNorm = 39.8289, GNorm = 1.9541, lr_0 = 7.2413e-04
Loss = 1.4129e-02, PNorm = 39.8855, GNorm = 1.7581, lr_0 = 7.1574e-04
Loss = 1.2762e-02, PNorm = 39.9435, GNorm = 1.7168, lr_0 = 7.0745e-04
Loss = 1.3333e-02, PNorm = 39.9952, GNorm = 1.1282, lr_0 = 6.9926e-04
Validation rmse = 0.463547
Epoch 8
Loss = 1.1970e-02, PNorm = 40.0366, GNorm = 1.3756, lr_0 = 6.9115e-04
Loss = 1.3652e-02, PNorm = 40.0772, GNorm = 1.3809, lr_0 = 6.8315e-04
Loss = 1.2049e-02, PNorm = 40.1159, GNorm = 1.8489, lr_0 = 6.7523e-04
Loss = 1.0743e-02, PNorm = 40.1485, GNorm = 2.2802, lr_0 = 6.6741e-04
Loss = 1.1077e-02, PNorm = 40.1916, GNorm = 0.8920, lr_0 = 6.5968e-04
Validation rmse = 0.499312
Epoch 9
Loss = 1.1161e-02, PNorm = 40.2312, GNorm = 1.3948, lr_0 = 6.5204e-04
Loss = 1.3310e-02, PNorm = 40.2661, GNorm = 1.7462, lr_0 = 6.4448e-04
Loss = 1.2637e-02, PNorm = 40.3192, GNorm = 2.2790, lr_0 = 6.3702e-04
Loss = 1.2555e-02, PNorm = 40.3712, GNorm = 1.7982, lr_0 = 6.2964e-04
Loss = 1.0052e-02, PNorm = 40.4193, GNorm = 1.2140, lr_0 = 6.2234e-04
Loss = 1.1991e-02, PNorm = 40.4417, GNorm = 1.6703, lr_0 = 6.1513e-04
Validation rmse = 0.486083
Epoch 10
Loss = 1.1937e-02, PNorm = 40.4914, GNorm = 1.6191, lr_0 = 6.0800e-04
Loss = 1.3087e-02, PNorm = 40.5376, GNorm = 2.1093, lr_0 = 6.0096e-04
Loss = 1.1102e-02, PNorm = 40.5791, GNorm = 1.1179, lr_0 = 5.9400e-04
Loss = 1.0744e-02, PNorm = 40.6033, GNorm = 2.0287, lr_0 = 5.8712e-04
Loss = 1.1950e-02, PNorm = 40.6384, GNorm = 1.2682, lr_0 = 5.8032e-04
Validation rmse = 0.471676
Epoch 11
Loss = 9.6163e-03, PNorm = 40.6673, GNorm = 1.4046, lr_0 = 5.7359e-04
Loss = 1.3377e-02, PNorm = 40.6950, GNorm = 1.3801, lr_0 = 5.6695e-04
Loss = 1.0198e-02, PNorm = 40.7214, GNorm = 2.7960, lr_0 = 5.6038e-04
Loss = 1.0753e-02, PNorm = 40.7564, GNorm = 2.4323, lr_0 = 5.5389e-04
Loss = 1.1592e-02, PNorm = 40.7880, GNorm = 1.6913, lr_0 = 5.4747e-04
Validation rmse = 0.460532
Epoch 12
Loss = 1.0215e-02, PNorm = 40.8260, GNorm = 1.5241, lr_0 = 5.4113e-04
Loss = 1.0827e-02, PNorm = 40.8642, GNorm = 1.6953, lr_0 = 5.3486e-04
Loss = 1.1541e-02, PNorm = 40.8990, GNorm = 2.2521, lr_0 = 5.2866e-04
Loss = 1.0476e-02, PNorm = 40.9190, GNorm = 1.8090, lr_0 = 5.2254e-04
Loss = 1.1986e-02, PNorm = 40.9497, GNorm = 2.3119, lr_0 = 5.1648e-04
Validation rmse = 0.509881
Epoch 13
Loss = 1.0721e-02, PNorm = 40.9683, GNorm = 2.4982, lr_0 = 5.1050e-04
Loss = 1.1413e-02, PNorm = 41.0051, GNorm = 1.6228, lr_0 = 5.0459e-04
Loss = 1.1094e-02, PNorm = 41.0317, GNorm = 1.8956, lr_0 = 4.9874e-04
Loss = 1.0621e-02, PNorm = 41.0676, GNorm = 1.1352, lr_0 = 4.9296e-04
Loss = 1.1687e-02, PNorm = 41.0966, GNorm = 2.3485, lr_0 = 4.8725e-04
Validation rmse = 0.463504
Epoch 14
Loss = 9.8948e-03, PNorm = 41.1240, GNorm = 1.4328, lr_0 = 4.8161e-04
Loss = 1.0599e-02, PNorm = 41.1528, GNorm = 1.7592, lr_0 = 4.7603e-04
Loss = 1.2119e-02, PNorm = 41.1720, GNorm = 1.6490, lr_0 = 4.7051e-04
Loss = 9.2302e-03, PNorm = 41.1880, GNorm = 2.1473, lr_0 = 4.6506e-04
Loss = 1.0034e-02, PNorm = 41.2101, GNorm = 1.4675, lr_0 = 4.5967e-04
Loss = 1.0010e-02, PNorm = 41.2424, GNorm = 1.0012, lr_0 = 4.5435e-04
Validation rmse = 0.492997
Epoch 15
Loss = 1.0885e-02, PNorm = 41.2696, GNorm = 1.1210, lr_0 = 4.4908e-04
Loss = 9.4309e-03, PNorm = 41.2922, GNorm = 1.3434, lr_0 = 4.4388e-04
Loss = 9.9211e-03, PNorm = 41.3219, GNorm = 1.3116, lr_0 = 4.3874e-04
Loss = 1.0808e-02, PNorm = 41.3489, GNorm = 1.8036, lr_0 = 4.3366e-04
Loss = 1.1364e-02, PNorm = 41.3597, GNorm = 1.5388, lr_0 = 4.2863e-04
Validation rmse = 0.480309
Epoch 16
Loss = 9.6117e-03, PNorm = 41.3808, GNorm = 1.2330, lr_0 = 4.2367e-04
Loss = 9.2745e-03, PNorm = 41.4098, GNorm = 1.3659, lr_0 = 4.1876e-04
Loss = 1.0289e-02, PNorm = 41.4391, GNorm = 1.6932, lr_0 = 4.1391e-04
Loss = 9.7394e-03, PNorm = 41.4633, GNorm = 2.7267, lr_0 = 4.0911e-04
Loss = 1.1059e-02, PNorm = 41.4833, GNorm = 1.2070, lr_0 = 4.0437e-04
Validation rmse = 0.461088
Epoch 17
Loss = 9.4314e-03, PNorm = 41.5043, GNorm = 1.0526, lr_0 = 3.9969e-04
Loss = 9.9949e-03, PNorm = 41.5189, GNorm = 3.2117, lr_0 = 3.9506e-04
Loss = 9.7103e-03, PNorm = 41.5438, GNorm = 2.1797, lr_0 = 3.9048e-04
Loss = 1.0469e-02, PNorm = 41.5711, GNorm = 2.5748, lr_0 = 3.8596e-04
Loss = 9.2958e-03, PNorm = 41.6050, GNorm = 1.9572, lr_0 = 3.8149e-04
Validation rmse = 0.512737
Epoch 18
Loss = 1.2060e-02, PNorm = 41.6237, GNorm = 1.7503, lr_0 = 3.7707e-04
Loss = 9.7606e-03, PNorm = 41.6471, GNorm = 1.3068, lr_0 = 3.7270e-04
Loss = 8.2024e-03, PNorm = 41.6632, GNorm = 1.4192, lr_0 = 3.6838e-04
Loss = 1.0566e-02, PNorm = 41.6838, GNorm = 0.9983, lr_0 = 3.6411e-04
Loss = 9.6050e-03, PNorm = 41.7123, GNorm = 5.0584, lr_0 = 3.5989e-04
Validation rmse = 0.482613
Epoch 19
Loss = 8.6989e-03, PNorm = 41.7301, GNorm = 3.0753, lr_0 = 3.5572e-04
Loss = 9.5013e-03, PNorm = 41.7529, GNorm = 1.9291, lr_0 = 3.5160e-04
Loss = 1.0549e-02, PNorm = 41.7756, GNorm = 1.7127, lr_0 = 3.4753e-04
Loss = 9.3602e-03, PNorm = 41.8066, GNorm = 3.0359, lr_0 = 3.4350e-04
Loss = 8.9997e-03, PNorm = 41.8225, GNorm = 1.7136, lr_0 = 3.3952e-04
Loss = 9.2651e-03, PNorm = 41.8337, GNorm = 2.2488, lr_0 = 3.3559e-04
Validation rmse = 0.475424
Epoch 20
Loss = 1.0165e-02, PNorm = 41.8537, GNorm = 1.5653, lr_0 = 3.3170e-04
Loss = 8.6141e-03, PNorm = 41.8753, GNorm = 1.8668, lr_0 = 3.2786e-04
Loss = 8.7605e-03, PNorm = 41.9044, GNorm = 2.3409, lr_0 = 3.2406e-04
Loss = 8.8991e-03, PNorm = 41.9197, GNorm = 1.4967, lr_0 = 3.2031e-04
Loss = 9.8322e-03, PNorm = 41.9342, GNorm = 1.5699, lr_0 = 3.1660e-04
Validation rmse = 0.460203
Epoch 21
Loss = 8.7918e-03, PNorm = 41.9557, GNorm = 1.8312, lr_0 = 3.1293e-04
Loss = 7.7781e-03, PNorm = 41.9732, GNorm = 3.0173, lr_0 = 3.0930e-04
Loss = 8.9016e-03, PNorm = 41.9945, GNorm = 1.8346, lr_0 = 3.0572e-04
Loss = 9.4342e-03, PNorm = 42.0117, GNorm = 1.2068, lr_0 = 3.0218e-04
Loss = 9.6017e-03, PNorm = 42.0219, GNorm = 3.2421, lr_0 = 2.9868e-04
Validation rmse = 0.485727
Epoch 22
Loss = 8.1346e-03, PNorm = 42.0382, GNorm = 1.4652, lr_0 = 2.9522e-04
Loss = 9.4602e-03, PNorm = 42.0608, GNorm = 1.7871, lr_0 = 2.9180e-04
Loss = 9.9350e-03, PNorm = 42.0818, GNorm = 1.0006, lr_0 = 2.8842e-04
Loss = 8.5722e-03, PNorm = 42.0974, GNorm = 1.6663, lr_0 = 2.8508e-04
Loss = 7.7329e-03, PNorm = 42.1097, GNorm = 1.0258, lr_0 = 2.8177e-04
Validation rmse = 0.492839
Epoch 23
Loss = 8.9500e-03, PNorm = 42.1188, GNorm = 1.6462, lr_0 = 2.7851e-04
Loss = 8.8937e-03, PNorm = 42.1334, GNorm = 1.5381, lr_0 = 2.7528e-04
Loss = 7.4625e-03, PNorm = 42.1491, GNorm = 2.0473, lr_0 = 2.7209e-04
Loss = 8.0390e-03, PNorm = 42.1629, GNorm = 1.5694, lr_0 = 2.6894e-04
Loss = 8.7019e-03, PNorm = 42.1795, GNorm = 1.1048, lr_0 = 2.6582e-04
Validation rmse = 0.479896
Epoch 24
Loss = 9.6542e-03, PNorm = 42.1949, GNorm = 1.2147, lr_0 = 2.6274e-04
Loss = 8.7391e-03, PNorm = 42.2100, GNorm = 2.1969, lr_0 = 2.5970e-04
Loss = 8.0008e-03, PNorm = 42.2222, GNorm = 1.3066, lr_0 = 2.5669e-04
Loss = 9.2041e-03, PNorm = 42.2373, GNorm = 1.8498, lr_0 = 2.5372e-04
Loss = 8.6766e-03, PNorm = 42.2497, GNorm = 1.4293, lr_0 = 2.5078e-04
Loss = 8.0468e-03, PNorm = 42.2656, GNorm = 1.3533, lr_0 = 2.4787e-04
Validation rmse = 0.480947
Epoch 25
Loss = 8.0818e-03, PNorm = 42.2814, GNorm = 1.8408, lr_0 = 2.4500e-04
Loss = 8.3006e-03, PNorm = 42.2980, GNorm = 1.3156, lr_0 = 2.4216e-04
Loss = 9.0935e-03, PNorm = 42.3148, GNorm = 1.7856, lr_0 = 2.3936e-04
Loss = 9.2688e-03, PNorm = 42.3293, GNorm = 1.8081, lr_0 = 2.3659e-04
Loss = 8.0230e-03, PNorm = 42.3408, GNorm = 1.7242, lr_0 = 2.3384e-04
Validation rmse = 0.469100
Epoch 26
Loss = 9.9169e-03, PNorm = 42.3487, GNorm = 1.6134, lr_0 = 2.3114e-04
Loss = 8.3543e-03, PNorm = 42.3643, GNorm = 2.1075, lr_0 = 2.2846e-04
Loss = 8.2624e-03, PNorm = 42.3771, GNorm = 1.5192, lr_0 = 2.2581e-04
Loss = 8.3732e-03, PNorm = 42.3924, GNorm = 1.0287, lr_0 = 2.2319e-04
Loss = 6.8772e-03, PNorm = 42.4027, GNorm = 2.5328, lr_0 = 2.2061e-04
Validation rmse = 0.484941
Epoch 27
Loss = 7.9234e-03, PNorm = 42.4140, GNorm = 0.9925, lr_0 = 2.1805e-04
Loss = 8.7099e-03, PNorm = 42.4260, GNorm = 1.3816, lr_0 = 2.1553e-04
Loss = 7.7314e-03, PNorm = 42.4400, GNorm = 1.0393, lr_0 = 2.1303e-04
Loss = 8.8520e-03, PNorm = 42.4469, GNorm = 2.8805, lr_0 = 2.1056e-04
Loss = 8.5721e-03, PNorm = 42.4579, GNorm = 0.9822, lr_0 = 2.0812e-04
Validation rmse = 0.461725
Epoch 28
Loss = 8.7843e-03, PNorm = 42.4698, GNorm = 1.1009, lr_0 = 2.0571e-04
Loss = 7.8973e-03, PNorm = 42.4837, GNorm = 1.9216, lr_0 = 2.0333e-04
Loss = 7.6450e-03, PNorm = 42.4957, GNorm = 1.8031, lr_0 = 2.0097e-04
Loss = 8.5598e-03, PNorm = 42.5039, GNorm = 1.4676, lr_0 = 1.9864e-04
Loss = 8.7625e-03, PNorm = 42.5177, GNorm = 1.3741, lr_0 = 1.9634e-04
Validation rmse = 0.478364
Epoch 29
Loss = 7.3542e-03, PNorm = 42.5270, GNorm = 1.3149, lr_0 = 1.9407e-04
Loss = 7.1421e-03, PNorm = 42.5404, GNorm = 1.4958, lr_0 = 1.9182e-04
Loss = 8.1931e-03, PNorm = 42.5481, GNorm = 1.8413, lr_0 = 1.8960e-04
Loss = 7.2603e-03, PNorm = 42.5605, GNorm = 2.0028, lr_0 = 1.8740e-04
Loss = 9.7373e-03, PNorm = 42.5687, GNorm = 1.2302, lr_0 = 1.8523e-04
Loss = 8.5079e-03, PNorm = 42.5814, GNorm = 0.9571, lr_0 = 1.8308e-04
Validation rmse = 0.483467
Epoch 30
Loss = 8.9009e-03, PNorm = 42.5921, GNorm = 2.4694, lr_0 = 1.8096e-04
Loss = 8.0263e-03, PNorm = 42.6042, GNorm = 1.1623, lr_0 = 1.7887e-04
Loss = 6.8665e-03, PNorm = 42.6142, GNorm = 1.5345, lr_0 = 1.7679e-04
Loss = 8.8419e-03, PNorm = 42.6227, GNorm = 1.3161, lr_0 = 1.7475e-04
Loss = 6.8089e-03, PNorm = 42.6296, GNorm = 2.2225, lr_0 = 1.7272e-04
Validation rmse = 0.464930
Epoch 31
Loss = 9.4990e-03, PNorm = 42.6365, GNorm = 0.9869, lr_0 = 1.7072e-04
Loss = 6.3237e-03, PNorm = 42.6436, GNorm = 1.1807, lr_0 = 1.6874e-04
Loss = 7.2676e-03, PNorm = 42.6560, GNorm = 1.8188, lr_0 = 1.6679e-04
Loss = 7.9483e-03, PNorm = 42.6645, GNorm = 3.0536, lr_0 = 1.6486e-04
Loss = 8.4018e-03, PNorm = 42.6701, GNorm = 1.1708, lr_0 = 1.6295e-04
Validation rmse = 0.482094
Epoch 32
Loss = 8.0476e-03, PNorm = 42.6793, GNorm = 1.5813, lr_0 = 1.6106e-04
Loss = 7.1512e-03, PNorm = 42.6916, GNorm = 0.7653, lr_0 = 1.5919e-04
Loss = 7.5421e-03, PNorm = 42.6999, GNorm = 1.5792, lr_0 = 1.5735e-04
Loss = 7.3661e-03, PNorm = 42.7054, GNorm = 1.3764, lr_0 = 1.5553e-04
Loss = 8.7054e-03, PNorm = 42.7120, GNorm = 1.2138, lr_0 = 1.5372e-04
Validation rmse = 0.470195
Epoch 33
Loss = 8.5994e-03, PNorm = 42.7217, GNorm = 3.1548, lr_0 = 1.5194e-04
Loss = 7.9129e-03, PNorm = 42.7271, GNorm = 1.5735, lr_0 = 1.5018e-04
Loss = 7.2197e-03, PNorm = 42.7355, GNorm = 1.4298, lr_0 = 1.4844e-04
Loss = 6.6023e-03, PNorm = 42.7453, GNorm = 2.0921, lr_0 = 1.4672e-04
Loss = 8.2442e-03, PNorm = 42.7522, GNorm = 1.5697, lr_0 = 1.4502e-04
Validation rmse = 0.461656
Epoch 34
Loss = 7.4842e-03, PNorm = 42.7600, GNorm = 2.1257, lr_0 = 1.4334e-04
Loss = 6.8049e-03, PNorm = 42.7667, GNorm = 1.3909, lr_0 = 1.4168e-04
Loss = 7.8906e-03, PNorm = 42.7760, GNorm = 1.4118, lr_0 = 1.4004e-04
Loss = 8.3426e-03, PNorm = 42.7823, GNorm = 1.5758, lr_0 = 1.3842e-04
Loss = 7.9588e-03, PNorm = 42.7898, GNorm = 2.1064, lr_0 = 1.3681e-04
Loss = 7.0570e-03, PNorm = 42.7955, GNorm = 1.4633, lr_0 = 1.3523e-04
Validation rmse = 0.505025
Epoch 35
Loss = 8.1795e-03, PNorm = 42.8023, GNorm = 1.5946, lr_0 = 1.3366e-04
Loss = 6.3412e-03, PNorm = 42.8095, GNorm = 1.0590, lr_0 = 1.3211e-04
Loss = 7.7824e-03, PNorm = 42.8174, GNorm = 1.2904, lr_0 = 1.3058e-04
Loss = 6.9772e-03, PNorm = 42.8242, GNorm = 1.3643, lr_0 = 1.2907e-04
Loss = 7.8558e-03, PNorm = 42.8289, GNorm = 1.8163, lr_0 = 1.2758e-04
Validation rmse = 0.485461
Epoch 36
Loss = 8.2971e-03, PNorm = 42.8341, GNorm = 1.8306, lr_0 = 1.2610e-04
Loss = 6.7958e-03, PNorm = 42.8379, GNorm = 1.6356, lr_0 = 1.2464e-04
Loss = 7.1265e-03, PNorm = 42.8432, GNorm = 1.3474, lr_0 = 1.2319e-04
Loss = 8.1291e-03, PNorm = 42.8501, GNorm = 1.9477, lr_0 = 1.2177e-04
Loss = 7.2043e-03, PNorm = 42.8578, GNorm = 1.4295, lr_0 = 1.2036e-04
Validation rmse = 0.487078
Epoch 37
Loss = 8.0625e-03, PNorm = 42.8649, GNorm = 1.8153, lr_0 = 1.1896e-04
Loss = 7.0994e-03, PNorm = 42.8721, GNorm = 2.1078, lr_0 = 1.1758e-04
Loss = 7.6220e-03, PNorm = 42.8777, GNorm = 1.1695, lr_0 = 1.1622e-04
Loss = 7.2666e-03, PNorm = 42.8851, GNorm = 1.3367, lr_0 = 1.1487e-04
Loss = 7.0827e-03, PNorm = 42.8877, GNorm = 1.4937, lr_0 = 1.1354e-04
Validation rmse = 0.470245
Epoch 38
Loss = 7.3930e-03, PNorm = 42.8950, GNorm = 1.7321, lr_0 = 1.1223e-04
Loss = 7.3669e-03, PNorm = 42.8995, GNorm = 0.8940, lr_0 = 1.1093e-04
Loss = 7.2938e-03, PNorm = 42.9037, GNorm = 1.8849, lr_0 = 1.0964e-04
Loss = 7.2311e-03, PNorm = 42.9106, GNorm = 1.0981, lr_0 = 1.0837e-04
Loss = 7.5779e-03, PNorm = 42.9176, GNorm = 1.2060, lr_0 = 1.0712e-04
Validation rmse = 0.484548
Epoch 39
Loss = 6.0885e-03, PNorm = 42.9217, GNorm = 1.3729, lr_0 = 1.0588e-04
Loss = 7.0153e-03, PNorm = 42.9272, GNorm = 1.9320, lr_0 = 1.0465e-04
Loss = 7.6590e-03, PNorm = 42.9325, GNorm = 1.8628, lr_0 = 1.0344e-04
Loss = 7.9831e-03, PNorm = 42.9378, GNorm = 1.9209, lr_0 = 1.0224e-04
Loss = 6.4110e-03, PNorm = 42.9411, GNorm = 2.7802, lr_0 = 1.0105e-04
Loss = 7.4775e-03, PNorm = 42.9470, GNorm = 2.5043, lr_0 = 1.0000e-04
Validation rmse = 0.476398
Model 0 best validation rmse = 0.432158 on epoch 4
Loading pretrained parameter "encoder.encoder.cached_zero_vector".
Loading pretrained parameter "encoder.encoder.W_i.weight".
Loading pretrained parameter "encoder.encoder.W_h.weight".
Loading pretrained parameter "encoder.encoder.W_o.weight".
Loading pretrained parameter "encoder.encoder.W_o.bias".
Loading pretrained parameter "ffn.1.weight".
Loading pretrained parameter "ffn.1.bias".
Loading pretrained parameter "ffn.4.weight".
Loading pretrained parameter "ffn.4.bias".
Loading pretrained parameter "ffn.7.weight".
Loading pretrained parameter "ffn.7.bias".
Model 0 test rmse = 1.110853
Ensemble test rmse = 1.110853
1-fold cross validation
Seed 5 ==> test rmse = 1.110853
Overall test rmse = 1.110853 +/- 0.000000
