Fold 0
{'activation': 'ReLU',
 'atom_messages': False,
 'batch_size': 50,
 'bias': False,
 'checkpoint_dir': None,
 'checkpoint_path': None,
 'checkpoint_paths': None,
 'config_path': None,
 'crossval_index_dir': None,
 'crossval_index_file': None,
 'cuda': False,
 'data_path': 'Data/Multitask_data/All_datasets/Splits/Predict_Raj_ester_all_data/train.csv',
 'dataset_type': 'regression',
 'depth': 3,
 'dropout': 0.0,
 'ensemble_size': 1,
 'epochs': 40,
 'features_generator': None,
 'features_only': False,
 'features_path': ['Data/Multitask_data/All_datasets/Splits/Predict_Raj_ester_all_data/train_extra_x.csv'],
 'features_scaling': True,
 'ffn_hidden_size': 300,
 'ffn_num_layers': 3,
 'final_lr': 0.0001,
 'folds_file': None,
 'gpu': None,
 'hidden_size': 300,
 'init_lr': 0.0001,
 'log_frequency': 10,
 'max_data_size': None,
 'max_lr': 0.001,
 'metric': 'rmse',
 'minimize_score': True,
 'multiclass_num_classes': 3,
 'no_cache': False,
 'num_folds': 1,
 'num_lrs': 1,
 'quiet': False,
 'save_dir': 'Data/Multitask_data/All_datasets/Splits/Predict_Raj_ester_all_data/trained_model/fold_0',
 'save_smiles_splits': False,
 'seed': 5,
 'separate_test_features_path': ['Data/Multitask_data/All_datasets/Splits/Predict_Raj_ester_all_data/test_extra_x.csv'],
 'separate_test_path': 'Data/Multitask_data/All_datasets/Splits/Predict_Raj_ester_all_data/test.csv',
 'separate_val_features_path': ['Data/Multitask_data/All_datasets/Splits/Predict_Raj_ester_all_data/valid_extra_x.csv'],
 'separate_val_path': 'Data/Multitask_data/All_datasets/Splits/Predict_Raj_ester_all_data/valid.csv',
 'show_individual_scores': False,
 'split_sizes': [0.675, 0.075, 0.25],
 'split_type': 'random',
 'test': False,
 'test_fold_index': None,
 'undirected': False,
 'use_compound_names': False,
 'use_input_features': True,
 'val_fold_index': None,
 'warmup_epochs': 2.0}
Loading data
Number of tasks = 1
Splitting data with seed 5
Total size = 7,904 | train size = 7,904 | val size = 64 | test size = 87
Fitting scaler
Building model 0
MoleculeModel(
  (encoder): MPN(
    (encoder): MPNEncoder(
      (dropout_layer): Dropout(p=0.0, inplace=False)
      (act_func): ReLU()
      (W_i): Linear(in_features=147, out_features=300, bias=False)
      (W_h): Linear(in_features=300, out_features=300, bias=False)
      (W_o): Linear(in_features=433, out_features=300, bias=True)
    )
  )
  (ffn): Sequential(
    (0): Dropout(p=0.0, inplace=False)
    (1): Linear(in_features=326, out_features=300, bias=True)
    (2): ReLU()
    (3): Dropout(p=0.0, inplace=False)
    (4): Linear(in_features=300, out_features=300, bias=True)
    (5): ReLU()
    (6): Dropout(p=0.0, inplace=False)
    (7): Linear(in_features=300, out_features=1, bias=True)
  )
)
Number of parameters = 453,001
Epoch 0
Loss = 1.7777e-02, PNorm = 38.3544, GNorm = 2.5390, lr_0 = 1.3133e-04
Loss = 1.1453e-02, PNorm = 38.3604, GNorm = 1.5315, lr_0 = 1.5981e-04
Loss = 8.3735e-03, PNorm = 38.3673, GNorm = 3.9926, lr_0 = 1.8829e-04
Loss = 6.3989e-03, PNorm = 38.3733, GNorm = 1.8360, lr_0 = 2.1677e-04
Loss = 5.8505e-03, PNorm = 38.3773, GNorm = 1.9857, lr_0 = 2.4525e-04
Loss = 6.0226e-03, PNorm = 38.3809, GNorm = 1.5453, lr_0 = 2.7373e-04
Loss = 6.1448e-03, PNorm = 38.3864, GNorm = 2.6548, lr_0 = 3.0222e-04
Loss = 5.8063e-03, PNorm = 38.3922, GNorm = 2.5595, lr_0 = 3.3070e-04
Loss = 6.0833e-03, PNorm = 38.3985, GNorm = 2.5058, lr_0 = 3.5918e-04
Loss = 7.1456e-03, PNorm = 38.4074, GNorm = 0.8248, lr_0 = 3.8766e-04
Loss = 5.6897e-03, PNorm = 38.4220, GNorm = 2.4051, lr_0 = 4.1614e-04
Loss = 5.2981e-03, PNorm = 38.4324, GNorm = 2.6494, lr_0 = 4.4462e-04
Loss = 6.3277e-03, PNorm = 38.4445, GNorm = 2.9163, lr_0 = 4.7310e-04
Loss = 5.7500e-03, PNorm = 38.4587, GNorm = 2.5281, lr_0 = 5.0158e-04
Loss = 5.6252e-03, PNorm = 38.4762, GNorm = 0.9870, lr_0 = 5.3006e-04
Validation rmse = 0.298605
Epoch 1
Loss = 3.9867e-03, PNorm = 38.4944, GNorm = 1.0575, lr_0 = 5.5854e-04
Loss = 4.8290e-03, PNorm = 38.5111, GNorm = 1.4938, lr_0 = 5.8703e-04
Loss = 5.2974e-03, PNorm = 38.5346, GNorm = 0.8669, lr_0 = 6.1551e-04
Loss = 6.1376e-03, PNorm = 38.5608, GNorm = 2.4437, lr_0 = 6.4399e-04
Loss = 6.3930e-03, PNorm = 38.5842, GNorm = 4.0093, lr_0 = 6.7247e-04
Loss = 6.0426e-03, PNorm = 38.6088, GNorm = 1.9183, lr_0 = 7.0095e-04
Loss = 5.1706e-03, PNorm = 38.6515, GNorm = 1.3690, lr_0 = 7.2943e-04
Loss = 5.2335e-03, PNorm = 38.6788, GNorm = 1.8199, lr_0 = 7.5791e-04
Loss = 5.1690e-03, PNorm = 38.7111, GNorm = 0.9825, lr_0 = 7.8639e-04
Loss = 4.7198e-03, PNorm = 38.7376, GNorm = 1.6749, lr_0 = 8.1487e-04
Loss = 4.7300e-03, PNorm = 38.7684, GNorm = 1.4594, lr_0 = 8.4335e-04
Loss = 4.9859e-03, PNorm = 38.7941, GNorm = 0.7165, lr_0 = 8.7184e-04
Loss = 5.5107e-03, PNorm = 38.8283, GNorm = 1.9246, lr_0 = 9.0032e-04
Loss = 5.5660e-03, PNorm = 38.8637, GNorm = 2.2139, lr_0 = 9.2880e-04
Loss = 4.8055e-03, PNorm = 38.9092, GNorm = 0.9846, lr_0 = 9.5728e-04
Loss = 5.8645e-03, PNorm = 38.9537, GNorm = 1.4042, lr_0 = 9.8576e-04
Validation rmse = 0.481964
Epoch 2
Loss = 5.0279e-03, PNorm = 39.0021, GNorm = 1.6133, lr_0 = 9.9808e-04
Loss = 7.3228e-03, PNorm = 39.0472, GNorm = 1.6475, lr_0 = 9.9426e-04
Loss = 3.3631e-03, PNorm = 39.0879, GNorm = 0.5682, lr_0 = 9.9046e-04
Loss = 3.7268e-03, PNorm = 39.1236, GNorm = 1.2576, lr_0 = 9.8667e-04
Loss = 3.9103e-03, PNorm = 39.1545, GNorm = 0.6087, lr_0 = 9.8289e-04
Loss = 4.7090e-03, PNorm = 39.2093, GNorm = 1.7330, lr_0 = 9.7913e-04
Loss = 5.1450e-03, PNorm = 39.2470, GNorm = 1.2543, lr_0 = 9.7538e-04
Loss = 5.4087e-03, PNorm = 39.2934, GNorm = 0.9692, lr_0 = 9.7165e-04
Loss = 4.0393e-03, PNorm = 39.3273, GNorm = 1.1551, lr_0 = 9.6793e-04
Loss = 4.2769e-03, PNorm = 39.3532, GNorm = 0.7061, lr_0 = 9.6422e-04
Loss = 4.0282e-03, PNorm = 39.3928, GNorm = 0.9818, lr_0 = 9.6053e-04
Loss = 5.4037e-03, PNorm = 39.4236, GNorm = 1.1620, lr_0 = 9.5685e-04
Loss = 6.0889e-03, PNorm = 39.4499, GNorm = 0.6268, lr_0 = 9.5319e-04
Loss = 4.0202e-03, PNorm = 39.4741, GNorm = 0.4914, lr_0 = 9.4954e-04
Loss = 5.0963e-03, PNorm = 39.4947, GNorm = 0.6653, lr_0 = 9.4591e-04
Loss = 4.0198e-03, PNorm = 39.5276, GNorm = 0.9311, lr_0 = 9.4229e-04
Validation rmse = 0.388018
Epoch 3
Loss = 5.2773e-03, PNorm = 39.5576, GNorm = 1.2408, lr_0 = 9.3868e-04
Loss = 5.3852e-03, PNorm = 39.6012, GNorm = 0.9227, lr_0 = 9.3509e-04
Loss = 5.8390e-03, PNorm = 39.6412, GNorm = 3.0487, lr_0 = 9.3151e-04
Loss = 3.4489e-03, PNorm = 39.6717, GNorm = 0.8559, lr_0 = 9.2794e-04
Loss = 4.3257e-03, PNorm = 39.7031, GNorm = 1.0457, lr_0 = 9.2439e-04
Loss = 3.9467e-03, PNorm = 39.7427, GNorm = 0.7966, lr_0 = 9.2085e-04
Loss = 5.3568e-03, PNorm = 39.7860, GNorm = 0.8817, lr_0 = 9.1733e-04
Loss = 6.5350e-03, PNorm = 39.8363, GNorm = 1.2722, lr_0 = 9.1382e-04
Loss = 3.9517e-03, PNorm = 39.8610, GNorm = 0.6050, lr_0 = 9.1032e-04
Loss = 4.3879e-03, PNorm = 39.8882, GNorm = 0.5444, lr_0 = 9.0684e-04
Loss = 4.0691e-03, PNorm = 39.9209, GNorm = 1.0663, lr_0 = 9.0336e-04
Loss = 3.2210e-03, PNorm = 39.9453, GNorm = 0.7572, lr_0 = 8.9991e-04
Loss = 3.7572e-03, PNorm = 39.9681, GNorm = 0.8535, lr_0 = 8.9646e-04
Loss = 5.0136e-03, PNorm = 39.9864, GNorm = 1.0884, lr_0 = 8.9303e-04
Loss = 4.0157e-03, PNorm = 40.0072, GNorm = 0.9018, lr_0 = 8.8961e-04
Loss = 4.3177e-03, PNorm = 40.0465, GNorm = 0.7476, lr_0 = 8.8621e-04
Validation rmse = 0.232784
Epoch 4
Loss = 3.7771e-03, PNorm = 40.0760, GNorm = 0.7143, lr_0 = 8.8281e-04
Loss = 4.2491e-03, PNorm = 40.1027, GNorm = 0.3702, lr_0 = 8.7944e-04
Loss = 3.8113e-03, PNorm = 40.1340, GNorm = 0.3655, lr_0 = 8.7607e-04
Loss = 4.6511e-03, PNorm = 40.1653, GNorm = 0.4520, lr_0 = 8.7272e-04
Loss = 4.3797e-03, PNorm = 40.1958, GNorm = 1.2563, lr_0 = 8.6938e-04
Loss = 4.5310e-03, PNorm = 40.2371, GNorm = 0.6653, lr_0 = 8.6605e-04
Loss = 4.5370e-03, PNorm = 40.2715, GNorm = 0.3495, lr_0 = 8.6273e-04
Loss = 5.1789e-03, PNorm = 40.3122, GNorm = 1.5673, lr_0 = 8.5943e-04
Loss = 3.5057e-03, PNorm = 40.3484, GNorm = 0.9505, lr_0 = 8.5614e-04
Loss = 3.5245e-03, PNorm = 40.3798, GNorm = 0.6797, lr_0 = 8.5286e-04
Loss = 4.8324e-03, PNorm = 40.4024, GNorm = 0.5247, lr_0 = 8.4960e-04
Loss = 3.4817e-03, PNorm = 40.4353, GNorm = 0.7797, lr_0 = 8.4635e-04
Loss = 4.3720e-03, PNorm = 40.4579, GNorm = 0.7436, lr_0 = 8.4311e-04
Loss = 4.6373e-03, PNorm = 40.4843, GNorm = 0.5044, lr_0 = 8.3988e-04
Loss = 3.9428e-03, PNorm = 40.5236, GNorm = 0.9148, lr_0 = 8.3667e-04
Loss = 3.6090e-03, PNorm = 40.5592, GNorm = 0.6196, lr_0 = 8.3346e-04
Validation rmse = 0.110538
Epoch 5
Loss = 4.3225e-03, PNorm = 40.5947, GNorm = 0.8433, lr_0 = 8.3027e-04
Loss = 4.1948e-03, PNorm = 40.6287, GNorm = 0.6649, lr_0 = 8.2709e-04
Loss = 3.2963e-03, PNorm = 40.6594, GNorm = 0.4473, lr_0 = 8.2393e-04
Loss = 4.5150e-03, PNorm = 40.6902, GNorm = 1.3018, lr_0 = 8.2077e-04
Loss = 5.3114e-03, PNorm = 40.7196, GNorm = 0.9589, lr_0 = 8.1763e-04
Loss = 4.0480e-03, PNorm = 40.7446, GNorm = 1.1484, lr_0 = 8.1450e-04
Loss = 3.4359e-03, PNorm = 40.7825, GNorm = 0.5981, lr_0 = 8.1139e-04
Loss = 3.9870e-03, PNorm = 40.8035, GNorm = 0.7583, lr_0 = 8.0828e-04
Loss = 4.5982e-03, PNorm = 40.8319, GNorm = 1.1569, lr_0 = 8.0519e-04
Loss = 3.6301e-03, PNorm = 40.8651, GNorm = 0.7491, lr_0 = 8.0210e-04
Loss = 3.6197e-03, PNorm = 40.8985, GNorm = 0.8926, lr_0 = 7.9903e-04
Loss = 4.2431e-03, PNorm = 40.9211, GNorm = 0.8970, lr_0 = 7.9597e-04
Loss = 3.5827e-03, PNorm = 40.9623, GNorm = 0.4689, lr_0 = 7.9293e-04
Loss = 5.2369e-03, PNorm = 40.9984, GNorm = 0.6798, lr_0 = 7.8989e-04
Loss = 4.0790e-03, PNorm = 41.0233, GNorm = 0.8767, lr_0 = 7.8687e-04
Validation rmse = 0.080855
Epoch 6
Loss = 3.6979e-03, PNorm = 41.0594, GNorm = 0.5066, lr_0 = 7.8386e-04
Loss = 5.6506e-03, PNorm = 41.1074, GNorm = 0.2805, lr_0 = 7.8086e-04
Loss = 3.5633e-03, PNorm = 41.1236, GNorm = 0.5396, lr_0 = 7.7787e-04
Loss = 5.3968e-03, PNorm = 41.1478, GNorm = 0.9753, lr_0 = 7.7489e-04
Loss = 2.8887e-03, PNorm = 41.1726, GNorm = 0.7150, lr_0 = 7.7192e-04
Loss = 3.8666e-03, PNorm = 41.2100, GNorm = 0.8153, lr_0 = 7.6897e-04
Loss = 3.6246e-03, PNorm = 41.2548, GNorm = 0.4866, lr_0 = 7.6603e-04
Loss = 4.4754e-03, PNorm = 41.2887, GNorm = 0.6731, lr_0 = 7.6309e-04
Loss = 4.0470e-03, PNorm = 41.3297, GNorm = 0.5953, lr_0 = 7.6017e-04
Loss = 4.0217e-03, PNorm = 41.3518, GNorm = 1.4297, lr_0 = 7.5726e-04
Loss = 3.8921e-03, PNorm = 41.3881, GNorm = 0.4902, lr_0 = 7.5437e-04
Loss = 4.6696e-03, PNorm = 41.4201, GNorm = 1.2302, lr_0 = 7.5148e-04
Loss = 2.4542e-03, PNorm = 41.4422, GNorm = 0.5510, lr_0 = 7.4860e-04
Loss = 3.8744e-03, PNorm = 41.4694, GNorm = 0.7246, lr_0 = 7.4574e-04
Loss = 3.4659e-03, PNorm = 41.4883, GNorm = 0.9489, lr_0 = 7.4288e-04
Loss = 3.6998e-03, PNorm = 41.5126, GNorm = 0.7373, lr_0 = 7.4004e-04
Validation rmse = 0.149772
Epoch 7
Loss = 5.5733e-03, PNorm = 41.5394, GNorm = 0.5860, lr_0 = 7.3721e-04
Loss = 5.6572e-03, PNorm = 41.5632, GNorm = 1.3599, lr_0 = 7.3438e-04
Loss = 3.7084e-03, PNorm = 41.5962, GNorm = 0.9811, lr_0 = 7.3157e-04
Loss = 3.4684e-03, PNorm = 41.6339, GNorm = 0.8214, lr_0 = 7.2877e-04
Loss = 3.6885e-03, PNorm = 41.6604, GNorm = 0.8287, lr_0 = 7.2598e-04
Loss = 4.3359e-03, PNorm = 41.6797, GNorm = 0.4030, lr_0 = 7.2320e-04
Loss = 3.8413e-03, PNorm = 41.7092, GNorm = 0.3651, lr_0 = 7.2044e-04
Loss = 3.7877e-03, PNorm = 41.7388, GNorm = 0.4140, lr_0 = 7.1768e-04
Loss = 3.5771e-03, PNorm = 41.7628, GNorm = 0.4029, lr_0 = 7.1493e-04
Loss = 3.5092e-03, PNorm = 41.7920, GNorm = 0.7134, lr_0 = 7.1219e-04
Loss = 3.1731e-03, PNorm = 41.8214, GNorm = 0.7134, lr_0 = 7.0947e-04
Loss = 3.3345e-03, PNorm = 41.8349, GNorm = 0.5327, lr_0 = 7.0675e-04
Loss = 2.7901e-03, PNorm = 41.8479, GNorm = 0.4331, lr_0 = 7.0405e-04
Loss = 4.0569e-03, PNorm = 41.8600, GNorm = 1.0025, lr_0 = 7.0135e-04
Loss = 3.8712e-03, PNorm = 41.8811, GNorm = 1.1381, lr_0 = 6.9867e-04
Loss = 4.7028e-03, PNorm = 41.9128, GNorm = 0.7153, lr_0 = 6.9599e-04
Validation rmse = 0.059636
Epoch 8
Loss = 3.3584e-03, PNorm = 41.9347, GNorm = 0.4999, lr_0 = 6.9333e-04
Loss = 2.9540e-03, PNorm = 41.9580, GNorm = 0.6064, lr_0 = 6.9068e-04
Loss = 4.2132e-03, PNorm = 41.9721, GNorm = 0.5686, lr_0 = 6.8803e-04
Loss = 3.4699e-03, PNorm = 42.0047, GNorm = 0.5974, lr_0 = 6.8540e-04
Loss = 4.1052e-03, PNorm = 42.0224, GNorm = 0.6335, lr_0 = 6.8277e-04
Loss = 3.5783e-03, PNorm = 42.0556, GNorm = 0.4583, lr_0 = 6.8016e-04
Loss = 4.6435e-03, PNorm = 42.0806, GNorm = 0.5571, lr_0 = 6.7756e-04
Loss = 4.1015e-03, PNorm = 42.1093, GNorm = 0.6237, lr_0 = 6.7496e-04
Loss = 3.1831e-03, PNorm = 42.1239, GNorm = 0.4139, lr_0 = 6.7238e-04
Loss = 2.8648e-03, PNorm = 42.1542, GNorm = 0.4486, lr_0 = 6.6981e-04
Loss = 2.6769e-03, PNorm = 42.1751, GNorm = 0.3584, lr_0 = 6.6724e-04
Loss = 4.5245e-03, PNorm = 42.1929, GNorm = 0.5384, lr_0 = 6.6469e-04
Loss = 3.1021e-03, PNorm = 42.2070, GNorm = 0.5386, lr_0 = 6.6214e-04
Loss = 4.9671e-03, PNorm = 42.2233, GNorm = 0.6382, lr_0 = 6.5961e-04
Loss = 3.6979e-03, PNorm = 42.2476, GNorm = 0.6789, lr_0 = 6.5709e-04
Loss = 3.7072e-03, PNorm = 42.2724, GNorm = 0.4937, lr_0 = 6.5457e-04
Validation rmse = 0.097415
Epoch 9
Loss = 3.5215e-03, PNorm = 42.2947, GNorm = 0.4273, lr_0 = 6.5206e-04
Loss = 3.7343e-03, PNorm = 42.3125, GNorm = 0.8713, lr_0 = 6.4957e-04
Loss = 4.5120e-03, PNorm = 42.3298, GNorm = 0.8163, lr_0 = 6.4708e-04
Loss = 3.0811e-03, PNorm = 42.3627, GNorm = 1.0201, lr_0 = 6.4461e-04
Loss = 3.1905e-03, PNorm = 42.3835, GNorm = 1.2078, lr_0 = 6.4214e-04
Loss = 4.0505e-03, PNorm = 42.4134, GNorm = 0.7803, lr_0 = 6.3968e-04
Loss = 2.9849e-03, PNorm = 42.4334, GNorm = 0.4888, lr_0 = 6.3723e-04
Loss = 4.1199e-03, PNorm = 42.4664, GNorm = 0.5267, lr_0 = 6.3479e-04
Loss = 2.9518e-03, PNorm = 42.4999, GNorm = 0.6376, lr_0 = 6.3236e-04
Loss = 3.9908e-03, PNorm = 42.5290, GNorm = 0.6364, lr_0 = 6.2994e-04
Loss = 3.6554e-03, PNorm = 42.5468, GNorm = 0.7548, lr_0 = 6.2753e-04
Loss = 3.2865e-03, PNorm = 42.5660, GNorm = 0.6939, lr_0 = 6.2513e-04
Loss = 4.2289e-03, PNorm = 42.5913, GNorm = 0.5420, lr_0 = 6.2274e-04
Loss = 3.8838e-03, PNorm = 42.6117, GNorm = 0.5606, lr_0 = 6.2035e-04
Loss = 4.1325e-03, PNorm = 42.6358, GNorm = 1.4213, lr_0 = 6.1798e-04
Loss = 3.4133e-03, PNorm = 42.6595, GNorm = 1.1286, lr_0 = 6.1561e-04
Validation rmse = 0.081913
Epoch 10
Loss = 3.8701e-03, PNorm = 42.6817, GNorm = 0.7057, lr_0 = 6.1326e-04
Loss = 2.7197e-03, PNorm = 42.7065, GNorm = 0.9104, lr_0 = 6.1091e-04
Loss = 3.1658e-03, PNorm = 42.7148, GNorm = 0.3757, lr_0 = 6.0857e-04
Loss = 4.1370e-03, PNorm = 42.7461, GNorm = 0.9581, lr_0 = 6.0624e-04
Loss = 4.3112e-03, PNorm = 42.7655, GNorm = 0.9245, lr_0 = 6.0392e-04
Loss = 3.3000e-03, PNorm = 42.7881, GNorm = 0.6256, lr_0 = 6.0161e-04
Loss = 2.6150e-03, PNorm = 42.8117, GNorm = 0.6443, lr_0 = 5.9931e-04
Loss = 2.6993e-03, PNorm = 42.8348, GNorm = 0.2884, lr_0 = 5.9701e-04
Loss = 4.9788e-03, PNorm = 42.8556, GNorm = 0.4827, lr_0 = 5.9473e-04
Loss = 4.0205e-03, PNorm = 42.8764, GNorm = 0.4639, lr_0 = 5.9245e-04
Loss = 3.0110e-03, PNorm = 42.9049, GNorm = 0.3618, lr_0 = 5.9018e-04
Loss = 3.3624e-03, PNorm = 42.9324, GNorm = 0.7098, lr_0 = 5.8792e-04
Loss = 3.8869e-03, PNorm = 42.9502, GNorm = 1.1818, lr_0 = 5.8567e-04
Loss = 3.6559e-03, PNorm = 42.9683, GNorm = 0.5889, lr_0 = 5.8343e-04
Loss = 4.5747e-03, PNorm = 42.9883, GNorm = 0.9687, lr_0 = 5.8120e-04
Validation rmse = 0.077112
Epoch 11
Loss = 2.5289e-03, PNorm = 43.0067, GNorm = 0.6474, lr_0 = 5.7897e-04
Loss = 2.9648e-03, PNorm = 43.0241, GNorm = 0.7367, lr_0 = 5.7676e-04
Loss = 3.7502e-03, PNorm = 43.0411, GNorm = 0.4609, lr_0 = 5.7455e-04
Loss = 3.6280e-03, PNorm = 43.0670, GNorm = 0.5707, lr_0 = 5.7235e-04
Loss = 2.9543e-03, PNorm = 43.0849, GNorm = 0.6367, lr_0 = 5.7016e-04
Loss = 4.3473e-03, PNorm = 43.1009, GNorm = 0.5470, lr_0 = 5.6798e-04
Loss = 3.9842e-03, PNorm = 43.1153, GNorm = 0.4369, lr_0 = 5.6580e-04
Loss = 3.8609e-03, PNorm = 43.1230, GNorm = 0.4156, lr_0 = 5.6364e-04
Loss = 3.1231e-03, PNorm = 43.1485, GNorm = 0.4558, lr_0 = 5.6148e-04
Loss = 2.6566e-03, PNorm = 43.1831, GNorm = 0.6604, lr_0 = 5.5933e-04
Loss = 3.6604e-03, PNorm = 43.2059, GNorm = 0.6631, lr_0 = 5.5719e-04
Loss = 2.4197e-03, PNorm = 43.2326, GNorm = 0.7033, lr_0 = 5.5506e-04
Loss = 2.6905e-03, PNorm = 43.2416, GNorm = 0.6953, lr_0 = 5.5293e-04
Loss = 4.1311e-03, PNorm = 43.2539, GNorm = 0.6913, lr_0 = 5.5082e-04
Loss = 4.2474e-03, PNorm = 43.2708, GNorm = 0.5795, lr_0 = 5.4871e-04
Loss = 3.8600e-03, PNorm = 43.2954, GNorm = 0.5766, lr_0 = 5.4661e-04
Validation rmse = 0.056193
Epoch 12
Loss = 3.2982e-03, PNorm = 43.3190, GNorm = 0.6713, lr_0 = 5.4451e-04
Loss = 3.6283e-03, PNorm = 43.3400, GNorm = 0.5827, lr_0 = 5.4243e-04
Loss = 3.7922e-03, PNorm = 43.3665, GNorm = 1.1986, lr_0 = 5.4035e-04
Loss = 3.5238e-03, PNorm = 43.3883, GNorm = 0.5644, lr_0 = 5.3829e-04
Loss = 2.8647e-03, PNorm = 43.4115, GNorm = 0.7700, lr_0 = 5.3623e-04
Loss = 3.4792e-03, PNorm = 43.4368, GNorm = 0.4614, lr_0 = 5.3417e-04
Loss = 3.1011e-03, PNorm = 43.4583, GNorm = 0.7675, lr_0 = 5.3213e-04
Loss = 2.8002e-03, PNorm = 43.4750, GNorm = 0.4278, lr_0 = 5.3009e-04
Loss = 3.0615e-03, PNorm = 43.4846, GNorm = 0.5266, lr_0 = 5.2806e-04
Loss = 3.6435e-03, PNorm = 43.4945, GNorm = 0.5493, lr_0 = 5.2604e-04
Loss = 3.3784e-03, PNorm = 43.5128, GNorm = 0.9516, lr_0 = 5.2403e-04
Loss = 4.2795e-03, PNorm = 43.5322, GNorm = 0.5216, lr_0 = 5.2202e-04
Loss = 4.1458e-03, PNorm = 43.5579, GNorm = 0.4126, lr_0 = 5.2002e-04
Loss = 2.9597e-03, PNorm = 43.5833, GNorm = 0.6753, lr_0 = 5.1803e-04
Loss = 3.5724e-03, PNorm = 43.6016, GNorm = 0.7805, lr_0 = 5.1605e-04
Loss = 3.0167e-03, PNorm = 43.6188, GNorm = 1.0984, lr_0 = 5.1407e-04
Validation rmse = 0.131971
Epoch 13
Loss = 3.2235e-03, PNorm = 43.6364, GNorm = 0.2612, lr_0 = 5.1211e-04
Loss = 2.5168e-03, PNorm = 43.6491, GNorm = 0.4774, lr_0 = 5.1015e-04
Loss = 3.6496e-03, PNorm = 43.6667, GNorm = 0.6606, lr_0 = 5.0819e-04
Loss = 3.2148e-03, PNorm = 43.6934, GNorm = 1.0652, lr_0 = 5.0625e-04
Loss = 2.5333e-03, PNorm = 43.7056, GNorm = 0.4238, lr_0 = 5.0431e-04
Loss = 3.7496e-03, PNorm = 43.7170, GNorm = 0.7454, lr_0 = 5.0238e-04
Loss = 3.2121e-03, PNorm = 43.7325, GNorm = 0.6556, lr_0 = 5.0046e-04
Loss = 3.4243e-03, PNorm = 43.7540, GNorm = 0.7266, lr_0 = 4.9854e-04
Loss = 3.2413e-03, PNorm = 43.7854, GNorm = 1.0230, lr_0 = 4.9663e-04
Loss = 2.8303e-03, PNorm = 43.7982, GNorm = 0.7463, lr_0 = 4.9473e-04
Loss = 3.0736e-03, PNorm = 43.8192, GNorm = 0.3660, lr_0 = 4.9284e-04
Loss = 4.1738e-03, PNorm = 43.8346, GNorm = 0.7845, lr_0 = 4.9095e-04
Loss = 3.9313e-03, PNorm = 43.8462, GNorm = 0.5211, lr_0 = 4.8907e-04
Loss = 3.8154e-03, PNorm = 43.8660, GNorm = 0.5768, lr_0 = 4.8720e-04
Loss = 2.6555e-03, PNorm = 43.8898, GNorm = 0.6992, lr_0 = 4.8534e-04
Loss = 3.2078e-03, PNorm = 43.9140, GNorm = 0.5753, lr_0 = 4.8348e-04
Validation rmse = 0.059116
Epoch 14
Loss = 2.7870e-03, PNorm = 43.9437, GNorm = 0.5272, lr_0 = 4.8163e-04
Loss = 4.4014e-03, PNorm = 43.9676, GNorm = 1.8281, lr_0 = 4.7978e-04
Loss = 2.6403e-03, PNorm = 43.9842, GNorm = 0.8011, lr_0 = 4.7795e-04
Loss = 3.8368e-03, PNorm = 43.9927, GNorm = 0.5542, lr_0 = 4.7612e-04
Loss = 3.2666e-03, PNorm = 44.0151, GNorm = 0.6687, lr_0 = 4.7430e-04
Loss = 2.9062e-03, PNorm = 44.0287, GNorm = 0.5684, lr_0 = 4.7248e-04
Loss = 3.3343e-03, PNorm = 44.0393, GNorm = 1.6967, lr_0 = 4.7067e-04
Loss = 2.7614e-03, PNorm = 44.0525, GNorm = 0.5409, lr_0 = 4.6887e-04
Loss = 3.0232e-03, PNorm = 44.0737, GNorm = 0.8590, lr_0 = 4.6708e-04
Loss = 2.9467e-03, PNorm = 44.0744, GNorm = 1.1327, lr_0 = 4.6529e-04
Loss = 3.9300e-03, PNorm = 44.0914, GNorm = 0.7099, lr_0 = 4.6351e-04
Loss = 3.0571e-03, PNorm = 44.1111, GNorm = 1.4381, lr_0 = 4.6173e-04
Loss = 2.8579e-03, PNorm = 44.1369, GNorm = 0.4583, lr_0 = 4.5997e-04
Loss = 3.2266e-03, PNorm = 44.1613, GNorm = 0.3469, lr_0 = 4.5820e-04
Loss = 3.0846e-03, PNorm = 44.1817, GNorm = 0.8355, lr_0 = 4.5645e-04
Loss = 3.4306e-03, PNorm = 44.1953, GNorm = 0.4517, lr_0 = 4.5470e-04
Validation rmse = 0.068251
Epoch 15
Loss = 5.1232e-03, PNorm = 44.2096, GNorm = 0.5118, lr_0 = 4.5296e-04
Loss = 3.5123e-03, PNorm = 44.2346, GNorm = 0.4075, lr_0 = 4.5123e-04
Loss = 3.2433e-03, PNorm = 44.2534, GNorm = 0.5960, lr_0 = 4.4950e-04
Loss = 2.9400e-03, PNorm = 44.2731, GNorm = 0.5938, lr_0 = 4.4778e-04
Loss = 2.7125e-03, PNorm = 44.2853, GNorm = 0.9902, lr_0 = 4.4607e-04
Loss = 3.1509e-03, PNorm = 44.2964, GNorm = 0.8671, lr_0 = 4.4436e-04
Loss = 2.4615e-03, PNorm = 44.3142, GNorm = 0.5030, lr_0 = 4.4266e-04
Loss = 2.7101e-03, PNorm = 44.3350, GNorm = 0.6529, lr_0 = 4.4096e-04
Loss = 3.4859e-03, PNorm = 44.3419, GNorm = 0.7730, lr_0 = 4.3928e-04
Loss = 2.9916e-03, PNorm = 44.3609, GNorm = 0.4446, lr_0 = 4.3760e-04
Loss = 2.3267e-03, PNorm = 44.3791, GNorm = 0.5732, lr_0 = 4.3592e-04
Loss = 2.5473e-03, PNorm = 44.3953, GNorm = 0.6693, lr_0 = 4.3425e-04
Loss = 2.9961e-03, PNorm = 44.4094, GNorm = 0.8529, lr_0 = 4.3259e-04
Loss = 4.0444e-03, PNorm = 44.4234, GNorm = 0.6064, lr_0 = 4.3093e-04
Loss = 2.9354e-03, PNorm = 44.4339, GNorm = 0.5896, lr_0 = 4.2928e-04
Validation rmse = 0.083358
Epoch 16
Loss = 2.2652e-03, PNorm = 44.4496, GNorm = 0.4613, lr_0 = 4.2764e-04
Loss = 3.0644e-03, PNorm = 44.4602, GNorm = 0.5363, lr_0 = 4.2600e-04
Loss = 2.7936e-03, PNorm = 44.4773, GNorm = 0.6883, lr_0 = 4.2437e-04
Loss = 3.9233e-03, PNorm = 44.4893, GNorm = 0.5868, lr_0 = 4.2275e-04
Loss = 4.4619e-03, PNorm = 44.5114, GNorm = 0.7286, lr_0 = 4.2113e-04
Loss = 2.9573e-03, PNorm = 44.5306, GNorm = 0.9200, lr_0 = 4.1952e-04
Loss = 3.5223e-03, PNorm = 44.5518, GNorm = 0.5758, lr_0 = 4.1791e-04
Loss = 3.6249e-03, PNorm = 44.5663, GNorm = 0.8669, lr_0 = 4.1631e-04
Loss = 3.3679e-03, PNorm = 44.5813, GNorm = 0.8547, lr_0 = 4.1472e-04
Loss = 2.9230e-03, PNorm = 44.6048, GNorm = 0.5952, lr_0 = 4.1313e-04
Loss = 3.1513e-03, PNorm = 44.6206, GNorm = 0.9352, lr_0 = 4.1155e-04
Loss = 2.6095e-03, PNorm = 44.6348, GNorm = 0.4471, lr_0 = 4.0998e-04
Loss = 2.9003e-03, PNorm = 44.6483, GNorm = 0.7764, lr_0 = 4.0841e-04
Loss = 2.4423e-03, PNorm = 44.6537, GNorm = 0.5632, lr_0 = 4.0684e-04
Loss = 3.1213e-03, PNorm = 44.6641, GNorm = 1.0888, lr_0 = 4.0529e-04
Loss = 2.7631e-03, PNorm = 44.6768, GNorm = 0.8266, lr_0 = 4.0373e-04
Validation rmse = 0.071171
Epoch 17
Loss = 2.8294e-03, PNorm = 44.6939, GNorm = 1.0616, lr_0 = 4.0219e-04
Loss = 3.5715e-03, PNorm = 44.7132, GNorm = 0.5060, lr_0 = 4.0065e-04
Loss = 2.6660e-03, PNorm = 44.7333, GNorm = 0.5780, lr_0 = 3.9912e-04
Loss = 3.1908e-03, PNorm = 44.7514, GNorm = 0.7233, lr_0 = 3.9759e-04
Loss = 2.9742e-03, PNorm = 44.7609, GNorm = 1.0259, lr_0 = 3.9607e-04
Loss = 3.9808e-03, PNorm = 44.7707, GNorm = 1.0746, lr_0 = 3.9455e-04
Loss = 2.5188e-03, PNorm = 44.7830, GNorm = 0.5421, lr_0 = 3.9304e-04
Loss = 3.5158e-03, PNorm = 44.7981, GNorm = 1.0159, lr_0 = 3.9154e-04
Loss = 2.9922e-03, PNorm = 44.8112, GNorm = 0.5518, lr_0 = 3.9004e-04
Loss = 2.1526e-03, PNorm = 44.8199, GNorm = 0.3352, lr_0 = 3.8854e-04
Loss = 2.5482e-03, PNorm = 44.8264, GNorm = 0.5865, lr_0 = 3.8706e-04
Loss = 2.6146e-03, PNorm = 44.8366, GNorm = 0.4703, lr_0 = 3.8558e-04
Loss = 3.5415e-03, PNorm = 44.8458, GNorm = 0.4944, lr_0 = 3.8410e-04
Loss = 2.6762e-03, PNorm = 44.8541, GNorm = 0.4659, lr_0 = 3.8263e-04
Loss = 3.3978e-03, PNorm = 44.8618, GNorm = 0.7616, lr_0 = 3.8116e-04
Loss = 2.9424e-03, PNorm = 44.8827, GNorm = 0.4980, lr_0 = 3.7971e-04
Validation rmse = 0.064145
Epoch 18
Loss = 2.4011e-03, PNorm = 44.8958, GNorm = 0.3516, lr_0 = 3.7825e-04
Loss = 2.4992e-03, PNorm = 44.9148, GNorm = 0.8063, lr_0 = 3.7680e-04
Loss = 3.0163e-03, PNorm = 44.9267, GNorm = 0.5837, lr_0 = 3.7536e-04
Loss = 2.9525e-03, PNorm = 44.9375, GNorm = 1.2589, lr_0 = 3.7393e-04
Loss = 3.0832e-03, PNorm = 44.9460, GNorm = 0.8398, lr_0 = 3.7249e-04
Loss = 3.0812e-03, PNorm = 44.9630, GNorm = 0.5458, lr_0 = 3.7107e-04
Loss = 2.5873e-03, PNorm = 44.9803, GNorm = 0.6529, lr_0 = 3.6965e-04
Loss = 2.6909e-03, PNorm = 44.9919, GNorm = 0.7932, lr_0 = 3.6823e-04
Loss = 2.5936e-03, PNorm = 45.0016, GNorm = 0.5648, lr_0 = 3.6682e-04
Loss = 2.6518e-03, PNorm = 45.0080, GNorm = 0.6575, lr_0 = 3.6542e-04
Loss = 4.4318e-03, PNorm = 45.0227, GNorm = 2.1582, lr_0 = 3.6402e-04
Loss = 3.5344e-03, PNorm = 45.0357, GNorm = 0.7413, lr_0 = 3.6263e-04
Loss = 3.9885e-03, PNorm = 45.0487, GNorm = 0.6924, lr_0 = 3.6124e-04
Loss = 2.2923e-03, PNorm = 45.0580, GNorm = 0.5849, lr_0 = 3.5986e-04
Loss = 2.4631e-03, PNorm = 45.0710, GNorm = 0.5318, lr_0 = 3.5848e-04
Loss = 2.9866e-03, PNorm = 45.0776, GNorm = 0.6274, lr_0 = 3.5711e-04
Validation rmse = 0.090331
Epoch 19
Loss = 3.0630e-03, PNorm = 45.0909, GNorm = 0.5709, lr_0 = 3.5574e-04
Loss = 2.9946e-03, PNorm = 45.1089, GNorm = 1.2609, lr_0 = 3.5438e-04
Loss = 2.6332e-03, PNorm = 45.1219, GNorm = 0.6263, lr_0 = 3.5302e-04
Loss = 2.6195e-03, PNorm = 45.1341, GNorm = 0.6856, lr_0 = 3.5167e-04
Loss = 2.9262e-03, PNorm = 45.1465, GNorm = 0.7011, lr_0 = 3.5032e-04
Loss = 2.7877e-03, PNorm = 45.1616, GNorm = 0.7625, lr_0 = 3.4898e-04
Loss = 3.3512e-03, PNorm = 45.1718, GNorm = 0.7430, lr_0 = 3.4765e-04
Loss = 2.2560e-03, PNorm = 45.1830, GNorm = 0.8218, lr_0 = 3.4632e-04
Loss = 2.3732e-03, PNorm = 45.1958, GNorm = 0.4269, lr_0 = 3.4499e-04
Loss = 2.4638e-03, PNorm = 45.2060, GNorm = 0.7613, lr_0 = 3.4367e-04
Loss = 2.3341e-03, PNorm = 45.2133, GNorm = 0.9567, lr_0 = 3.4236e-04
Loss = 4.1274e-03, PNorm = 45.2212, GNorm = 0.8377, lr_0 = 3.4104e-04
Loss = 3.0988e-03, PNorm = 45.2358, GNorm = 0.6132, lr_0 = 3.3974e-04
Loss = 2.4423e-03, PNorm = 45.2495, GNorm = 0.4132, lr_0 = 3.3844e-04
Loss = 2.8340e-03, PNorm = 45.2590, GNorm = 0.8731, lr_0 = 3.3714e-04
Loss = 4.0798e-03, PNorm = 45.2689, GNorm = 0.7051, lr_0 = 3.3585e-04
Validation rmse = 0.066258
Epoch 20
Loss = 3.9917e-03, PNorm = 45.2889, GNorm = 0.8515, lr_0 = 3.3457e-04
Loss = 2.7078e-03, PNorm = 45.3041, GNorm = 0.5256, lr_0 = 3.3329e-04
Loss = 2.3577e-03, PNorm = 45.3156, GNorm = 0.9132, lr_0 = 3.3201e-04
Loss = 2.2887e-03, PNorm = 45.3247, GNorm = 0.8006, lr_0 = 3.3074e-04
Loss = 2.6001e-03, PNorm = 45.3360, GNorm = 0.9344, lr_0 = 3.2947e-04
Loss = 3.7403e-03, PNorm = 45.3438, GNorm = 0.7820, lr_0 = 3.2821e-04
Loss = 2.3818e-03, PNorm = 45.3562, GNorm = 1.1232, lr_0 = 3.2696e-04
Loss = 3.3241e-03, PNorm = 45.3703, GNorm = 1.0558, lr_0 = 3.2571e-04
Loss = 2.5950e-03, PNorm = 45.3818, GNorm = 1.0189, lr_0 = 3.2446e-04
Loss = 3.2314e-03, PNorm = 45.3878, GNorm = 0.6278, lr_0 = 3.2322e-04
Loss = 3.0445e-03, PNorm = 45.4013, GNorm = 0.6414, lr_0 = 3.2198e-04
Loss = 2.5082e-03, PNorm = 45.4081, GNorm = 0.8581, lr_0 = 3.2075e-04
Loss = 2.9585e-03, PNorm = 45.4175, GNorm = 0.7209, lr_0 = 3.1952e-04
Loss = 2.6112e-03, PNorm = 45.4312, GNorm = 0.2048, lr_0 = 3.1830e-04
Loss = 3.3143e-03, PNorm = 45.4483, GNorm = 1.5298, lr_0 = 3.1708e-04
Validation rmse = 0.061853
Epoch 21
Loss = 2.1648e-03, PNorm = 45.4656, GNorm = 0.3629, lr_0 = 3.1586e-04
Loss = 2.3190e-03, PNorm = 45.4764, GNorm = 0.8321, lr_0 = 3.1466e-04
Loss = 2.1497e-03, PNorm = 45.4940, GNorm = 0.5104, lr_0 = 3.1345e-04
Loss = 3.8973e-03, PNorm = 45.5039, GNorm = 0.9095, lr_0 = 3.1225e-04
Loss = 2.5213e-03, PNorm = 45.5133, GNorm = 0.5354, lr_0 = 3.1106e-04
Loss = 2.1638e-03, PNorm = 45.5242, GNorm = 0.6243, lr_0 = 3.0987e-04
Loss = 3.0902e-03, PNorm = 45.5335, GNorm = 0.7952, lr_0 = 3.0868e-04
Loss = 3.2373e-03, PNorm = 45.5458, GNorm = 0.5439, lr_0 = 3.0750e-04
Loss = 2.2239e-03, PNorm = 45.5574, GNorm = 0.6394, lr_0 = 3.0632e-04
Loss = 2.7327e-03, PNorm = 45.5646, GNorm = 0.6828, lr_0 = 3.0515e-04
Loss = 3.1354e-03, PNorm = 45.5706, GNorm = 0.6642, lr_0 = 3.0398e-04
Loss = 2.7194e-03, PNorm = 45.5848, GNorm = 0.6421, lr_0 = 3.0282e-04
Loss = 4.4920e-03, PNorm = 45.5904, GNorm = 0.5817, lr_0 = 3.0166e-04
Loss = 2.4924e-03, PNorm = 45.6045, GNorm = 0.5175, lr_0 = 3.0050e-04
Loss = 2.2164e-03, PNorm = 45.6173, GNorm = 0.5166, lr_0 = 2.9935e-04
Loss = 3.1462e-03, PNorm = 45.6252, GNorm = 0.3017, lr_0 = 2.9821e-04
Validation rmse = 0.059868
Epoch 22
Loss = 2.4324e-03, PNorm = 45.6352, GNorm = 0.6900, lr_0 = 2.9706e-04
Loss = 2.3840e-03, PNorm = 45.6425, GNorm = 0.7594, lr_0 = 2.9593e-04
Loss = 2.1842e-03, PNorm = 45.6517, GNorm = 0.3402, lr_0 = 2.9480e-04
Loss = 3.0543e-03, PNorm = 45.6587, GNorm = 0.7859, lr_0 = 2.9367e-04
Loss = 2.4067e-03, PNorm = 45.6732, GNorm = 1.0860, lr_0 = 2.9254e-04
Loss = 2.5628e-03, PNorm = 45.6848, GNorm = 0.6375, lr_0 = 2.9142e-04
Loss = 1.9699e-03, PNorm = 45.6932, GNorm = 0.4507, lr_0 = 2.9031e-04
Loss = 2.9464e-03, PNorm = 45.7029, GNorm = 0.6622, lr_0 = 2.8920e-04
Loss = 3.0728e-03, PNorm = 45.7100, GNorm = 0.5454, lr_0 = 2.8809e-04
Loss = 3.6611e-03, PNorm = 45.7171, GNorm = 0.7429, lr_0 = 2.8699e-04
Loss = 2.3208e-03, PNorm = 45.7266, GNorm = 0.5498, lr_0 = 2.8589e-04
Loss = 2.0921e-03, PNorm = 45.7353, GNorm = 1.4231, lr_0 = 2.8479e-04
Loss = 3.3390e-03, PNorm = 45.7460, GNorm = 0.5784, lr_0 = 2.8370e-04
Loss = 2.9159e-03, PNorm = 45.7534, GNorm = 0.5126, lr_0 = 2.8262e-04
Loss = 3.3041e-03, PNorm = 45.7635, GNorm = 0.8340, lr_0 = 2.8154e-04
Loss = 2.6629e-03, PNorm = 45.7741, GNorm = 0.9893, lr_0 = 2.8046e-04
Validation rmse = 0.059257
Epoch 23
Loss = 2.1017e-03, PNorm = 45.7854, GNorm = 0.4104, lr_0 = 2.7938e-04
Loss = 2.0293e-03, PNorm = 45.7963, GNorm = 0.5983, lr_0 = 2.7832e-04
Loss = 2.2889e-03, PNorm = 45.8059, GNorm = 0.4073, lr_0 = 2.7725e-04
Loss = 3.3032e-03, PNorm = 45.8147, GNorm = 0.6253, lr_0 = 2.7619e-04
Loss = 3.3985e-03, PNorm = 45.8249, GNorm = 1.1135, lr_0 = 2.7513e-04
Loss = 2.5145e-03, PNorm = 45.8366, GNorm = 0.3976, lr_0 = 2.7408e-04
Loss = 2.7795e-03, PNorm = 45.8487, GNorm = 0.9754, lr_0 = 2.7303e-04
Loss = 2.1464e-03, PNorm = 45.8566, GNorm = 0.4360, lr_0 = 2.7198e-04
Loss = 2.3675e-03, PNorm = 45.8672, GNorm = 1.0158, lr_0 = 2.7094e-04
Loss = 3.2087e-03, PNorm = 45.8733, GNorm = 0.3916, lr_0 = 2.6991e-04
Loss = 2.4538e-03, PNorm = 45.8832, GNorm = 0.6766, lr_0 = 2.6887e-04
Loss = 2.1877e-03, PNorm = 45.8940, GNorm = 0.8071, lr_0 = 2.6784e-04
Loss = 2.4687e-03, PNorm = 45.9018, GNorm = 0.5056, lr_0 = 2.6682e-04
Loss = 3.9514e-03, PNorm = 45.9074, GNorm = 0.8083, lr_0 = 2.6580e-04
Loss = 2.7666e-03, PNorm = 45.9133, GNorm = 0.8715, lr_0 = 2.6478e-04
Loss = 2.6778e-03, PNorm = 45.9213, GNorm = 0.9009, lr_0 = 2.6377e-04
Validation rmse = 0.060839
Epoch 24
Loss = 2.0595e-03, PNorm = 45.9289, GNorm = 0.4738, lr_0 = 2.6276e-04
Loss = 2.9251e-03, PNorm = 45.9394, GNorm = 0.5669, lr_0 = 2.6175e-04
Loss = 2.9995e-03, PNorm = 45.9509, GNorm = 0.4969, lr_0 = 2.6075e-04
Loss = 3.3472e-03, PNorm = 45.9609, GNorm = 0.9382, lr_0 = 2.5975e-04
Loss = 2.1521e-03, PNorm = 45.9725, GNorm = 0.3774, lr_0 = 2.5876e-04
Loss = 2.1107e-03, PNorm = 45.9781, GNorm = 0.6070, lr_0 = 2.5777e-04
Loss = 1.9015e-03, PNorm = 45.9836, GNorm = 0.3784, lr_0 = 2.5678e-04
Loss = 2.8681e-03, PNorm = 45.9902, GNorm = 0.7960, lr_0 = 2.5580e-04
Loss = 2.2332e-03, PNorm = 45.9975, GNorm = 0.8210, lr_0 = 2.5482e-04
Loss = 2.4806e-03, PNorm = 46.0089, GNorm = 0.8471, lr_0 = 2.5384e-04
Loss = 2.5899e-03, PNorm = 46.0138, GNorm = 0.7136, lr_0 = 2.5287e-04
Loss = 2.8810e-03, PNorm = 46.0199, GNorm = 1.2784, lr_0 = 2.5190e-04
Loss = 2.6746e-03, PNorm = 46.0344, GNorm = 0.6484, lr_0 = 2.5094e-04
Loss = 3.2152e-03, PNorm = 46.0444, GNorm = 0.9171, lr_0 = 2.4998e-04
Loss = 2.3685e-03, PNorm = 46.0508, GNorm = 0.8032, lr_0 = 2.4902e-04
Loss = 2.6901e-03, PNorm = 46.0564, GNorm = 0.8885, lr_0 = 2.4807e-04
Validation rmse = 0.058591
Epoch 25
Loss = 2.4405e-03, PNorm = 46.0617, GNorm = 0.8019, lr_0 = 2.4712e-04
Loss = 2.2059e-03, PNorm = 46.0707, GNorm = 0.5703, lr_0 = 2.4617e-04
Loss = 1.8611e-03, PNorm = 46.0787, GNorm = 0.7910, lr_0 = 2.4523e-04
Loss = 2.3325e-03, PNorm = 46.0882, GNorm = 0.6566, lr_0 = 2.4429e-04
Loss = 2.2189e-03, PNorm = 46.0947, GNorm = 0.8514, lr_0 = 2.4336e-04
Loss = 2.6228e-03, PNorm = 46.1020, GNorm = 0.6957, lr_0 = 2.4242e-04
Loss = 2.4046e-03, PNorm = 46.1057, GNorm = 0.4492, lr_0 = 2.4150e-04
Loss = 2.3170e-03, PNorm = 46.1164, GNorm = 0.7030, lr_0 = 2.4057e-04
Loss = 4.4029e-03, PNorm = 46.1316, GNorm = 0.6144, lr_0 = 2.3965e-04
Loss = 2.9877e-03, PNorm = 46.1407, GNorm = 0.5809, lr_0 = 2.3873e-04
Loss = 2.6253e-03, PNorm = 46.1481, GNorm = 0.4214, lr_0 = 2.3782e-04
Loss = 3.3296e-03, PNorm = 46.1556, GNorm = 0.4611, lr_0 = 2.3691e-04
Loss = 2.4010e-03, PNorm = 46.1643, GNorm = 0.5203, lr_0 = 2.3600e-04
Loss = 2.3861e-03, PNorm = 46.1738, GNorm = 0.5843, lr_0 = 2.3510e-04
Loss = 2.3568e-03, PNorm = 46.1785, GNorm = 0.6080, lr_0 = 2.3420e-04
Validation rmse = 0.070345
Epoch 26
Loss = 2.4745e-03, PNorm = 46.1866, GNorm = 0.7438, lr_0 = 2.3330e-04
Loss = 2.1525e-03, PNorm = 46.1911, GNorm = 0.7498, lr_0 = 2.3241e-04
Loss = 2.1543e-03, PNorm = 46.1941, GNorm = 1.2544, lr_0 = 2.3152e-04
Loss = 2.3386e-03, PNorm = 46.1982, GNorm = 0.4660, lr_0 = 2.3063e-04
Loss = 2.1605e-03, PNorm = 46.2066, GNorm = 0.9463, lr_0 = 2.2975e-04
Loss = 2.1587e-03, PNorm = 46.2134, GNorm = 0.4258, lr_0 = 2.2887e-04
Loss = 3.1645e-03, PNorm = 46.2212, GNorm = 1.0203, lr_0 = 2.2800e-04
Loss = 4.4857e-03, PNorm = 46.2283, GNorm = 0.6240, lr_0 = 2.2712e-04
Loss = 2.7170e-03, PNorm = 46.2379, GNorm = 1.2618, lr_0 = 2.2625e-04
Loss = 1.8041e-03, PNorm = 46.2477, GNorm = 0.7847, lr_0 = 2.2539e-04
Loss = 2.8297e-03, PNorm = 46.2554, GNorm = 1.9871, lr_0 = 2.2453e-04
Loss = 2.6418e-03, PNorm = 46.2632, GNorm = 0.5458, lr_0 = 2.2367e-04
Loss = 2.1547e-03, PNorm = 46.2715, GNorm = 0.4989, lr_0 = 2.2281e-04
Loss = 2.0750e-03, PNorm = 46.2767, GNorm = 0.5328, lr_0 = 2.2196e-04
Loss = 2.7682e-03, PNorm = 46.2849, GNorm = 0.7043, lr_0 = 2.2111e-04
Loss = 2.6524e-03, PNorm = 46.2933, GNorm = 0.6236, lr_0 = 2.2026e-04
Validation rmse = 0.066755
Epoch 27
Loss = 2.0253e-03, PNorm = 46.2997, GNorm = 0.8009, lr_0 = 2.1942e-04
Loss = 1.9283e-03, PNorm = 46.3072, GNorm = 0.3751, lr_0 = 2.1858e-04
Loss = 3.4070e-03, PNorm = 46.3163, GNorm = 0.4778, lr_0 = 2.1774e-04
Loss = 2.5033e-03, PNorm = 46.3238, GNorm = 1.1563, lr_0 = 2.1691e-04
Loss = 2.3335e-03, PNorm = 46.3279, GNorm = 0.9002, lr_0 = 2.1608e-04
Loss = 3.8993e-03, PNorm = 46.3360, GNorm = 0.9200, lr_0 = 2.1525e-04
Loss = 2.0948e-03, PNorm = 46.3467, GNorm = 0.3669, lr_0 = 2.1443e-04
Loss = 2.5880e-03, PNorm = 46.3546, GNorm = 0.7580, lr_0 = 2.1361e-04
Loss = 1.7367e-03, PNorm = 46.3639, GNorm = 0.3254, lr_0 = 2.1279e-04
Loss = 1.9347e-03, PNorm = 46.3723, GNorm = 0.8853, lr_0 = 2.1197e-04
Loss = 2.8640e-03, PNorm = 46.3785, GNorm = 0.5696, lr_0 = 2.1116e-04
Loss = 2.6341e-03, PNorm = 46.3826, GNorm = 1.1514, lr_0 = 2.1035e-04
Loss = 2.4486e-03, PNorm = 46.3890, GNorm = 0.7603, lr_0 = 2.0955e-04
Loss = 2.8827e-03, PNorm = 46.3983, GNorm = 0.4930, lr_0 = 2.0875e-04
Loss = 1.9467e-03, PNorm = 46.4045, GNorm = 0.6483, lr_0 = 2.0795e-04
Loss = 2.1947e-03, PNorm = 46.4072, GNorm = 0.6542, lr_0 = 2.0715e-04
Validation rmse = 0.118391
Epoch 28
Loss = 1.7331e-03, PNorm = 46.4081, GNorm = 1.0005, lr_0 = 2.0636e-04
Loss = 2.6751e-03, PNorm = 46.4152, GNorm = 2.1067, lr_0 = 2.0557e-04
Loss = 2.6758e-03, PNorm = 46.4228, GNorm = 0.5374, lr_0 = 2.0478e-04
Loss = 2.5536e-03, PNorm = 46.4296, GNorm = 0.4145, lr_0 = 2.0400e-04
Loss = 2.1427e-03, PNorm = 46.4366, GNorm = 0.4409, lr_0 = 2.0322e-04
Loss = 2.2429e-03, PNorm = 46.4406, GNorm = 0.9770, lr_0 = 2.0244e-04
Loss = 2.4863e-03, PNorm = 46.4460, GNorm = 0.6585, lr_0 = 2.0166e-04
Loss = 2.2318e-03, PNorm = 46.4541, GNorm = 0.4967, lr_0 = 2.0089e-04
Loss = 2.4550e-03, PNorm = 46.4640, GNorm = 0.6190, lr_0 = 2.0012e-04
Loss = 2.2383e-03, PNorm = 46.4730, GNorm = 0.7329, lr_0 = 1.9936e-04
Loss = 2.2069e-03, PNorm = 46.4778, GNorm = 0.7205, lr_0 = 1.9859e-04
Loss = 2.9545e-03, PNorm = 46.4823, GNorm = 1.5337, lr_0 = 1.9783e-04
Loss = 2.6554e-03, PNorm = 46.4911, GNorm = 0.4314, lr_0 = 1.9708e-04
Loss = 1.7831e-03, PNorm = 46.5011, GNorm = 0.4843, lr_0 = 1.9632e-04
Loss = 2.3837e-03, PNorm = 46.5080, GNorm = 0.6675, lr_0 = 1.9557e-04
Loss = 3.2749e-03, PNorm = 46.5166, GNorm = 0.5743, lr_0 = 1.9482e-04
Validation rmse = 0.093075
Epoch 29
Loss = 3.0447e-03, PNorm = 46.5201, GNorm = 1.5200, lr_0 = 1.9408e-04
Loss = 2.3570e-03, PNorm = 46.5294, GNorm = 0.5496, lr_0 = 1.9333e-04
Loss = 2.0046e-03, PNorm = 46.5395, GNorm = 0.6339, lr_0 = 1.9259e-04
Loss = 2.9425e-03, PNorm = 46.5440, GNorm = 0.6519, lr_0 = 1.9186e-04
Loss = 2.6479e-03, PNorm = 46.5508, GNorm = 0.5454, lr_0 = 1.9112e-04
Loss = 2.6680e-03, PNorm = 46.5581, GNorm = 0.9696, lr_0 = 1.9039e-04
Loss = 2.3008e-03, PNorm = 46.5689, GNorm = 0.9348, lr_0 = 1.8966e-04
Loss = 2.2755e-03, PNorm = 46.5750, GNorm = 0.7188, lr_0 = 1.8894e-04
Loss = 1.7866e-03, PNorm = 46.5774, GNorm = 0.5177, lr_0 = 1.8821e-04
Loss = 2.5807e-03, PNorm = 46.5863, GNorm = 0.7411, lr_0 = 1.8749e-04
Loss = 2.7707e-03, PNorm = 46.5954, GNorm = 0.4873, lr_0 = 1.8678e-04
Loss = 2.2502e-03, PNorm = 46.5991, GNorm = 0.5173, lr_0 = 1.8606e-04
Loss = 2.6792e-03, PNorm = 46.6021, GNorm = 0.5393, lr_0 = 1.8535e-04
Loss = 2.5607e-03, PNorm = 46.6048, GNorm = 1.0471, lr_0 = 1.8464e-04
Loss = 2.5595e-03, PNorm = 46.6115, GNorm = 0.4798, lr_0 = 1.8393e-04
Loss = 1.6128e-03, PNorm = 46.6171, GNorm = 0.4819, lr_0 = 1.8323e-04
Validation rmse = 0.063778
Epoch 30
Loss = 2.4466e-03, PNorm = 46.6242, GNorm = 1.2464, lr_0 = 1.8253e-04
Loss = 1.8335e-03, PNorm = 46.6275, GNorm = 1.1056, lr_0 = 1.8183e-04
Loss = 1.7313e-03, PNorm = 46.6315, GNorm = 0.4319, lr_0 = 1.8113e-04
Loss = 2.7015e-03, PNorm = 46.6367, GNorm = 1.1370, lr_0 = 1.8044e-04
Loss = 2.6335e-03, PNorm = 46.6435, GNorm = 0.6952, lr_0 = 1.7975e-04
Loss = 2.1148e-03, PNorm = 46.6506, GNorm = 0.8648, lr_0 = 1.7906e-04
Loss = 2.1161e-03, PNorm = 46.6562, GNorm = 0.8055, lr_0 = 1.7837e-04
Loss = 2.3539e-03, PNorm = 46.6612, GNorm = 0.6043, lr_0 = 1.7769e-04
Loss = 2.3740e-03, PNorm = 46.6673, GNorm = 0.5812, lr_0 = 1.7701e-04
Loss = 2.9863e-03, PNorm = 46.6750, GNorm = 0.5348, lr_0 = 1.7633e-04
Loss = 2.1825e-03, PNorm = 46.6801, GNorm = 0.4106, lr_0 = 1.7566e-04
Loss = 1.8743e-03, PNorm = 46.6857, GNorm = 0.7364, lr_0 = 1.7499e-04
Loss = 2.1753e-03, PNorm = 46.6899, GNorm = 0.6804, lr_0 = 1.7432e-04
Loss = 2.6870e-03, PNorm = 46.6963, GNorm = 0.5759, lr_0 = 1.7365e-04
Loss = 2.8446e-03, PNorm = 46.7006, GNorm = 0.9203, lr_0 = 1.7298e-04
Validation rmse = 0.069733
Epoch 31
Loss = 2.5857e-03, PNorm = 46.7051, GNorm = 1.0772, lr_0 = 1.7232e-04
Loss = 1.7027e-03, PNorm = 46.7092, GNorm = 0.5947, lr_0 = 1.7166e-04
Loss = 1.7629e-03, PNorm = 46.7136, GNorm = 0.7976, lr_0 = 1.7101e-04
Loss = 2.1775e-03, PNorm = 46.7184, GNorm = 1.0484, lr_0 = 1.7035e-04
Loss = 2.6890e-03, PNorm = 46.7229, GNorm = 0.9645, lr_0 = 1.6970e-04
Loss = 2.3113e-03, PNorm = 46.7285, GNorm = 0.7801, lr_0 = 1.6905e-04
Loss = 2.4637e-03, PNorm = 46.7333, GNorm = 0.6194, lr_0 = 1.6840e-04
Loss = 2.1271e-03, PNorm = 46.7391, GNorm = 0.6727, lr_0 = 1.6776e-04
Loss = 3.5005e-03, PNorm = 46.7454, GNorm = 0.4885, lr_0 = 1.6712e-04
Loss = 1.8583e-03, PNorm = 46.7534, GNorm = 0.6083, lr_0 = 1.6648e-04
Loss = 2.1655e-03, PNorm = 46.7651, GNorm = 0.9563, lr_0 = 1.6584e-04
Loss = 2.1325e-03, PNorm = 46.7732, GNorm = 0.7578, lr_0 = 1.6520e-04
Loss = 3.8036e-03, PNorm = 46.7830, GNorm = 0.7237, lr_0 = 1.6457e-04
Loss = 2.4919e-03, PNorm = 46.7881, GNorm = 0.5963, lr_0 = 1.6394e-04
Loss = 2.1609e-03, PNorm = 46.7909, GNorm = 0.6540, lr_0 = 1.6331e-04
Loss = 2.0176e-03, PNorm = 46.7961, GNorm = 0.8326, lr_0 = 1.6269e-04
Validation rmse = 0.060735
Epoch 32
Loss = 1.8620e-03, PNorm = 46.8016, GNorm = 0.4103, lr_0 = 1.6207e-04
Loss = 2.2725e-03, PNorm = 46.8048, GNorm = 0.6292, lr_0 = 1.6145e-04
Loss = 2.5015e-03, PNorm = 46.8083, GNorm = 0.5347, lr_0 = 1.6083e-04
Loss = 2.1090e-03, PNorm = 46.8140, GNorm = 0.7239, lr_0 = 1.6021e-04
Loss = 1.6433e-03, PNorm = 46.8197, GNorm = 1.3529, lr_0 = 1.5960e-04
Loss = 2.4426e-03, PNorm = 46.8267, GNorm = 0.6372, lr_0 = 1.5899e-04
Loss = 2.8358e-03, PNorm = 46.8314, GNorm = 0.6978, lr_0 = 1.5838e-04
Loss = 2.1311e-03, PNorm = 46.8340, GNorm = 0.5396, lr_0 = 1.5777e-04
Loss = 2.4770e-03, PNorm = 46.8371, GNorm = 1.0008, lr_0 = 1.5717e-04
Loss = 2.4717e-03, PNorm = 46.8428, GNorm = 0.5372, lr_0 = 1.5657e-04
Loss = 2.2478e-03, PNorm = 46.8501, GNorm = 0.7282, lr_0 = 1.5597e-04
Loss = 1.9335e-03, PNorm = 46.8569, GNorm = 0.7742, lr_0 = 1.5537e-04
Loss = 2.1966e-03, PNorm = 46.8610, GNorm = 0.4887, lr_0 = 1.5478e-04
Loss = 1.9057e-03, PNorm = 46.8629, GNorm = 0.9487, lr_0 = 1.5418e-04
Loss = 3.1161e-03, PNorm = 46.8648, GNorm = 0.7235, lr_0 = 1.5359e-04
Loss = 2.3015e-03, PNorm = 46.8673, GNorm = 1.0006, lr_0 = 1.5301e-04
Validation rmse = 0.061084
Epoch 33
Loss = 1.9582e-03, PNorm = 46.8684, GNorm = 0.5627, lr_0 = 1.5242e-04
Loss = 1.5772e-03, PNorm = 46.8721, GNorm = 0.8128, lr_0 = 1.5184e-04
Loss = 2.7647e-03, PNorm = 46.8755, GNorm = 1.1285, lr_0 = 1.5126e-04
Loss = 1.9891e-03, PNorm = 46.8795, GNorm = 0.4301, lr_0 = 1.5068e-04
Loss = 2.7428e-03, PNorm = 46.8855, GNorm = 0.6509, lr_0 = 1.5010e-04
Loss = 2.1217e-03, PNorm = 46.8928, GNorm = 0.5797, lr_0 = 1.4953e-04
Loss = 2.1145e-03, PNorm = 46.8968, GNorm = 0.4664, lr_0 = 1.4895e-04
Loss = 2.7980e-03, PNorm = 46.9017, GNorm = 0.7988, lr_0 = 1.4838e-04
Loss = 2.4906e-03, PNorm = 46.9062, GNorm = 0.7046, lr_0 = 1.4782e-04
Loss = 2.7815e-03, PNorm = 46.9110, GNorm = 1.7623, lr_0 = 1.4725e-04
Loss = 2.1760e-03, PNorm = 46.9160, GNorm = 0.9956, lr_0 = 1.4669e-04
Loss = 2.5807e-03, PNorm = 46.9180, GNorm = 1.3438, lr_0 = 1.4612e-04
Loss = 2.3031e-03, PNorm = 46.9187, GNorm = 0.9024, lr_0 = 1.4557e-04
Loss = 2.0573e-03, PNorm = 46.9226, GNorm = 0.5234, lr_0 = 1.4501e-04
Loss = 2.2379e-03, PNorm = 46.9285, GNorm = 0.6435, lr_0 = 1.4445e-04
Loss = 1.7584e-03, PNorm = 46.9330, GNorm = 0.5710, lr_0 = 1.4390e-04
Validation rmse = 0.062327
Epoch 34
Loss = 2.7475e-03, PNorm = 46.9371, GNorm = 1.5849, lr_0 = 1.4335e-04
Loss = 1.7562e-03, PNorm = 46.9421, GNorm = 0.4534, lr_0 = 1.4280e-04
Loss = 1.9793e-03, PNorm = 46.9469, GNorm = 0.8693, lr_0 = 1.4225e-04
Loss = 2.8814e-03, PNorm = 46.9510, GNorm = 0.8069, lr_0 = 1.4171e-04
Loss = 2.0139e-03, PNorm = 46.9563, GNorm = 0.7316, lr_0 = 1.4117e-04
Loss = 2.0694e-03, PNorm = 46.9604, GNorm = 0.7683, lr_0 = 1.4063e-04
Loss = 2.0507e-03, PNorm = 46.9645, GNorm = 1.0113, lr_0 = 1.4009e-04
Loss = 2.2632e-03, PNorm = 46.9688, GNorm = 0.6344, lr_0 = 1.3955e-04
Loss = 1.9453e-03, PNorm = 46.9719, GNorm = 0.7163, lr_0 = 1.3902e-04
Loss = 1.4941e-03, PNorm = 46.9759, GNorm = 0.3857, lr_0 = 1.3849e-04
Loss = 2.1999e-03, PNorm = 46.9795, GNorm = 1.1424, lr_0 = 1.3796e-04
Loss = 3.3475e-03, PNorm = 46.9841, GNorm = 0.8062, lr_0 = 1.3743e-04
Loss = 2.3881e-03, PNorm = 46.9876, GNorm = 1.2390, lr_0 = 1.3690e-04
Loss = 2.2558e-03, PNorm = 46.9904, GNorm = 0.6268, lr_0 = 1.3638e-04
Loss = 2.4486e-03, PNorm = 46.9956, GNorm = 0.3845, lr_0 = 1.3586e-04
Loss = 2.3331e-03, PNorm = 46.9989, GNorm = 0.7794, lr_0 = 1.3534e-04
Validation rmse = 0.064378
Epoch 35
Loss = 1.8305e-03, PNorm = 47.0012, GNorm = 0.4489, lr_0 = 1.3482e-04
Loss = 2.6226e-03, PNorm = 47.0059, GNorm = 1.7027, lr_0 = 1.3430e-04
Loss = 1.8440e-03, PNorm = 47.0141, GNorm = 0.5033, lr_0 = 1.3379e-04
Loss = 2.2482e-03, PNorm = 47.0184, GNorm = 0.7234, lr_0 = 1.3328e-04
Loss = 2.1906e-03, PNorm = 47.0220, GNorm = 0.5719, lr_0 = 1.3277e-04
Loss = 1.6634e-03, PNorm = 47.0268, GNorm = 0.9628, lr_0 = 1.3226e-04
Loss = 2.1515e-03, PNorm = 47.0295, GNorm = 0.6133, lr_0 = 1.3175e-04
Loss = 2.8735e-03, PNorm = 47.0311, GNorm = 3.0162, lr_0 = 1.3125e-04
Loss = 1.9957e-03, PNorm = 47.0349, GNorm = 0.6459, lr_0 = 1.3074e-04
Loss = 2.3917e-03, PNorm = 47.0395, GNorm = 0.6801, lr_0 = 1.3024e-04
Loss = 2.0837e-03, PNorm = 47.0430, GNorm = 0.9101, lr_0 = 1.2975e-04
Loss = 2.4594e-03, PNorm = 47.0470, GNorm = 0.6409, lr_0 = 1.2925e-04
Loss = 2.0961e-03, PNorm = 47.0517, GNorm = 0.6067, lr_0 = 1.2875e-04
Loss = 2.4391e-03, PNorm = 47.0557, GNorm = 1.0746, lr_0 = 1.2826e-04
Loss = 2.5166e-03, PNorm = 47.0585, GNorm = 0.9087, lr_0 = 1.2777e-04
Validation rmse = 0.072174
Epoch 36
Loss = 1.8300e-03, PNorm = 47.0606, GNorm = 0.4038, lr_0 = 1.2728e-04
Loss = 2.3064e-03, PNorm = 47.0637, GNorm = 0.8932, lr_0 = 1.2679e-04
Loss = 1.7336e-03, PNorm = 47.0670, GNorm = 1.0019, lr_0 = 1.2631e-04
Loss = 1.7388e-03, PNorm = 47.0704, GNorm = 0.6338, lr_0 = 1.2582e-04
Loss = 2.2710e-03, PNorm = 47.0736, GNorm = 0.7742, lr_0 = 1.2534e-04
Loss = 1.8817e-03, PNorm = 47.0784, GNorm = 0.6092, lr_0 = 1.2486e-04
Loss = 2.1677e-03, PNorm = 47.0840, GNorm = 0.7474, lr_0 = 1.2439e-04
Loss = 1.9385e-03, PNorm = 47.0882, GNorm = 0.6329, lr_0 = 1.2391e-04
Loss = 2.2754e-03, PNorm = 47.0892, GNorm = 0.5217, lr_0 = 1.2344e-04
Loss = 2.0327e-03, PNorm = 47.0921, GNorm = 0.6085, lr_0 = 1.2296e-04
Loss = 3.2084e-03, PNorm = 47.0973, GNorm = 1.3809, lr_0 = 1.2249e-04
Loss = 1.9137e-03, PNorm = 47.1006, GNorm = 0.6184, lr_0 = 1.2202e-04
Loss = 2.6203e-03, PNorm = 47.1031, GNorm = 1.0513, lr_0 = 1.2156e-04
Loss = 2.0619e-03, PNorm = 47.1062, GNorm = 0.4341, lr_0 = 1.2109e-04
Loss = 1.6759e-03, PNorm = 47.1088, GNorm = 0.6310, lr_0 = 1.2063e-04
Loss = 3.0766e-03, PNorm = 47.1111, GNorm = 3.0123, lr_0 = 1.2017e-04
Validation rmse = 0.060049
Epoch 37
Loss = 2.2322e-03, PNorm = 47.1163, GNorm = 0.6307, lr_0 = 1.1971e-04
Loss = 1.9843e-03, PNorm = 47.1223, GNorm = 0.7006, lr_0 = 1.1925e-04
Loss = 1.9681e-03, PNorm = 47.1271, GNorm = 0.4525, lr_0 = 1.1879e-04
Loss = 2.5235e-03, PNorm = 47.1309, GNorm = 0.8076, lr_0 = 1.1834e-04
Loss = 2.7928e-03, PNorm = 47.1347, GNorm = 0.6558, lr_0 = 1.1788e-04
Loss = 2.0014e-03, PNorm = 47.1385, GNorm = 0.4495, lr_0 = 1.1743e-04
Loss = 2.2651e-03, PNorm = 47.1410, GNorm = 0.8320, lr_0 = 1.1698e-04
Loss = 2.1186e-03, PNorm = 47.1442, GNorm = 0.7345, lr_0 = 1.1653e-04
Loss = 1.8988e-03, PNorm = 47.1478, GNorm = 0.6857, lr_0 = 1.1609e-04
Loss = 1.7016e-03, PNorm = 47.1512, GNorm = 0.7478, lr_0 = 1.1564e-04
Loss = 3.0069e-03, PNorm = 47.1565, GNorm = 2.6240, lr_0 = 1.1520e-04
Loss = 1.8309e-03, PNorm = 47.1604, GNorm = 0.7476, lr_0 = 1.1476e-04
Loss = 2.1882e-03, PNorm = 47.1618, GNorm = 0.7060, lr_0 = 1.1432e-04
Loss = 2.0869e-03, PNorm = 47.1636, GNorm = 1.3387, lr_0 = 1.1388e-04
Loss = 1.6823e-03, PNorm = 47.1663, GNorm = 0.5453, lr_0 = 1.1345e-04
Loss = 2.1054e-03, PNorm = 47.1697, GNorm = 0.5854, lr_0 = 1.1301e-04
Validation rmse = 0.058581
Epoch 38
Loss = 1.8962e-03, PNorm = 47.1725, GNorm = 0.7616, lr_0 = 1.1258e-04
Loss = 1.8710e-03, PNorm = 47.1745, GNorm = 0.7756, lr_0 = 1.1215e-04
Loss = 2.2170e-03, PNorm = 47.1768, GNorm = 0.5814, lr_0 = 1.1172e-04
Loss = 1.9600e-03, PNorm = 47.1808, GNorm = 1.2228, lr_0 = 1.1129e-04
Loss = 1.7323e-03, PNorm = 47.1833, GNorm = 0.4909, lr_0 = 1.1087e-04
Loss = 2.0234e-03, PNorm = 47.1861, GNorm = 0.6089, lr_0 = 1.1044e-04
Loss = 2.2307e-03, PNorm = 47.1891, GNorm = 0.7712, lr_0 = 1.1002e-04
Loss = 1.9053e-03, PNorm = 47.1931, GNorm = 0.7761, lr_0 = 1.0960e-04
Loss = 2.1503e-03, PNorm = 47.1977, GNorm = 1.2578, lr_0 = 1.0918e-04
Loss = 2.8025e-03, PNorm = 47.2016, GNorm = 1.4678, lr_0 = 1.0876e-04
Loss = 2.2482e-03, PNorm = 47.2065, GNorm = 0.7246, lr_0 = 1.0835e-04
Loss = 2.0319e-03, PNorm = 47.2092, GNorm = 0.6679, lr_0 = 1.0793e-04
Loss = 2.2180e-03, PNorm = 47.2114, GNorm = 0.5685, lr_0 = 1.0752e-04
Loss = 2.2805e-03, PNorm = 47.2136, GNorm = 1.7453, lr_0 = 1.0711e-04
Loss = 2.4978e-03, PNorm = 47.2167, GNorm = 1.2438, lr_0 = 1.0670e-04
Loss = 1.6926e-03, PNorm = 47.2207, GNorm = 2.0047, lr_0 = 1.0629e-04
Validation rmse = 0.062863
Epoch 39
Loss = 1.9604e-03, PNorm = 47.2247, GNorm = 0.9066, lr_0 = 1.0588e-04
Loss = 1.8340e-03, PNorm = 47.2276, GNorm = 2.4931, lr_0 = 1.0548e-04
Loss = 1.7694e-03, PNorm = 47.2307, GNorm = 0.5235, lr_0 = 1.0507e-04
Loss = 2.5643e-03, PNorm = 47.2334, GNorm = 0.9423, lr_0 = 1.0467e-04
Loss = 2.2301e-03, PNorm = 47.2364, GNorm = 0.4433, lr_0 = 1.0427e-04
Loss = 3.1969e-03, PNorm = 47.2434, GNorm = 0.5122, lr_0 = 1.0387e-04
Loss = 2.4273e-03, PNorm = 47.2489, GNorm = 1.8357, lr_0 = 1.0347e-04
Loss = 2.0177e-03, PNorm = 47.2513, GNorm = 1.0384, lr_0 = 1.0308e-04
Loss = 1.7833e-03, PNorm = 47.2534, GNorm = 0.6853, lr_0 = 1.0268e-04
Loss = 2.2960e-03, PNorm = 47.2550, GNorm = 0.6897, lr_0 = 1.0229e-04
Loss = 1.9797e-03, PNorm = 47.2576, GNorm = 0.7686, lr_0 = 1.0190e-04
Loss = 2.0882e-03, PNorm = 47.2602, GNorm = 1.6220, lr_0 = 1.0151e-04
Loss = 1.7778e-03, PNorm = 47.2625, GNorm = 0.4829, lr_0 = 1.0112e-04
Loss = 2.2152e-03, PNorm = 47.2647, GNorm = 0.6595, lr_0 = 1.0073e-04
Loss = 1.5486e-03, PNorm = 47.2681, GNorm = 0.8520, lr_0 = 1.0035e-04
Loss = 1.7552e-03, PNorm = 47.2712, GNorm = 0.9990, lr_0 = 1.0000e-04
Validation rmse = 0.056647
Model 0 best validation rmse = 0.056193 on epoch 11
Loading pretrained parameter "encoder.encoder.cached_zero_vector".
Loading pretrained parameter "encoder.encoder.W_i.weight".
Loading pretrained parameter "encoder.encoder.W_h.weight".
Loading pretrained parameter "encoder.encoder.W_o.weight".
Loading pretrained parameter "encoder.encoder.W_o.bias".
Loading pretrained parameter "ffn.1.weight".
Loading pretrained parameter "ffn.1.bias".
Loading pretrained parameter "ffn.4.weight".
Loading pretrained parameter "ffn.4.bias".
Loading pretrained parameter "ffn.7.weight".
Loading pretrained parameter "ffn.7.bias".
Model 0 test rmse = 0.134350
Ensemble test rmse = 0.134350
1-fold cross validation
Seed 5 ==> test rmse = 0.134350
Overall test rmse = 0.134350 +/- 0.000000
