Fold 0
{'activation': 'ReLU',
 'atom_messages': False,
 'batch_size': 50,
 'bias': False,
 'checkpoint_dir': None,
 'checkpoint_path': None,
 'checkpoint_paths': None,
 'config_path': None,
 'crossval_index_dir': None,
 'crossval_index_file': None,
 'cuda': False,
 'data_path': 'Data/Multitask_data/All_datasets/Splits/Ubermodel_split/train.csv',
 'dataset_type': 'regression',
 'depth': 3,
 'dropout': 0.0,
 'ensemble_size': 1,
 'epochs': 40,
 'features_generator': None,
 'features_only': False,
 'features_path': ['Data/Multitask_data/All_datasets/Splits/Ubermodel_split/train_extra_x.csv'],
 'features_scaling': True,
 'ffn_hidden_size': 300,
 'ffn_num_layers': 3,
 'final_lr': 0.0001,
 'folds_file': None,
 'gpu': None,
 'hidden_size': 300,
 'init_lr': 0.0001,
 'log_frequency': 10,
 'max_data_size': None,
 'max_lr': 0.001,
 'metric': 'rmse',
 'minimize_score': True,
 'multiclass_num_classes': 3,
 'no_cache': False,
 'num_folds': 1,
 'num_lrs': 1,
 'quiet': False,
 'save_dir': 'Data/Multitask_data/All_datasets/Splits/Ubermodel_split/trained_model/fold_0',
 'save_smiles_splits': False,
 'seed': 5,
 'separate_test_features_path': ['Data/Multitask_data/All_datasets/Splits/Ubermodel_split/test_extra_x.csv'],
 'separate_test_path': 'Data/Multitask_data/All_datasets/Splits/Ubermodel_split/test.csv',
 'separate_val_features_path': ['Data/Multitask_data/All_datasets/Splits/Ubermodel_split/valid_extra_x.csv'],
 'separate_val_path': 'Data/Multitask_data/All_datasets/Splits/Ubermodel_split/valid.csv',
 'show_individual_scores': False,
 'split_sizes': [0.675, 0.075, 0.25],
 'split_type': 'random',
 'test': False,
 'test_fold_index': None,
 'undirected': False,
 'use_compound_names': False,
 'use_input_features': True,
 'val_fold_index': None,
 'warmup_epochs': 2.0}
Loading data
Number of tasks = 1
Splitting data with seed 5
Total size = 8,801 | train size = 8,801 | val size = 425 | test size = 425
Fitting scaler
Building model 0
MoleculeModel(
  (encoder): MPN(
    (encoder): MPNEncoder(
      (dropout_layer): Dropout(p=0.0, inplace=False)
      (act_func): ReLU()
      (W_i): Linear(in_features=147, out_features=300, bias=False)
      (W_h): Linear(in_features=300, out_features=300, bias=False)
      (W_o): Linear(in_features=433, out_features=300, bias=True)
    )
  )
  (ffn): Sequential(
    (0): Dropout(p=0.0, inplace=False)
    (1): Linear(in_features=326, out_features=300, bias=True)
    (2): ReLU()
    (3): Dropout(p=0.0, inplace=False)
    (4): Linear(in_features=300, out_features=300, bias=True)
    (5): ReLU()
    (6): Dropout(p=0.0, inplace=False)
    (7): Linear(in_features=300, out_features=1, bias=True)
  )
)
Number of parameters = 453,001
Epoch 0
Loss = 1.6218e-02, PNorm = 38.2907, GNorm = 4.9382, lr_0 = 1.2813e-04
Loss = 1.0446e-02, PNorm = 38.2965, GNorm = 4.3687, lr_0 = 1.5369e-04
Loss = 9.5644e-03, PNorm = 38.3036, GNorm = 4.9083, lr_0 = 1.7926e-04
Loss = 6.4719e-03, PNorm = 38.3088, GNorm = 2.3370, lr_0 = 2.0483e-04
Loss = 5.9563e-03, PNorm = 38.3122, GNorm = 1.7104, lr_0 = 2.3040e-04
Loss = 5.1429e-03, PNorm = 38.3162, GNorm = 1.1291, lr_0 = 2.5597e-04
Loss = 4.5468e-03, PNorm = 38.3216, GNorm = 2.2178, lr_0 = 2.8153e-04
Loss = 5.4406e-03, PNorm = 38.3267, GNorm = 0.7176, lr_0 = 3.0710e-04
Loss = 5.1723e-03, PNorm = 38.3356, GNorm = 2.5972, lr_0 = 3.3267e-04
Loss = 5.2256e-03, PNorm = 38.3461, GNorm = 1.1829, lr_0 = 3.5824e-04
Loss = 4.5487e-03, PNorm = 38.3616, GNorm = 2.5320, lr_0 = 3.8381e-04
Loss = 4.5523e-03, PNorm = 38.3757, GNorm = 2.6185, lr_0 = 4.0937e-04
Loss = 5.0621e-03, PNorm = 38.3909, GNorm = 2.9978, lr_0 = 4.3494e-04
Loss = 4.6605e-03, PNorm = 38.4037, GNorm = 1.5897, lr_0 = 4.6051e-04
Loss = 5.3027e-03, PNorm = 38.4210, GNorm = 4.1675, lr_0 = 4.8608e-04
Loss = 4.8390e-03, PNorm = 38.4389, GNorm = 2.1160, lr_0 = 5.1165e-04
Loss = 6.2668e-03, PNorm = 38.4571, GNorm = 3.1999, lr_0 = 5.3722e-04
Validation rmse = 1.181174
Epoch 1
Loss = 4.1099e-03, PNorm = 38.4696, GNorm = 1.5545, lr_0 = 5.6278e-04
Loss = 5.8703e-03, PNorm = 38.4927, GNorm = 1.2706, lr_0 = 5.8835e-04
Loss = 4.5826e-03, PNorm = 38.5199, GNorm = 2.0757, lr_0 = 6.1392e-04
Loss = 4.6891e-03, PNorm = 38.5472, GNorm = 1.3839, lr_0 = 6.3949e-04
Loss = 4.8881e-03, PNorm = 38.5696, GNorm = 0.8855, lr_0 = 6.6506e-04
Loss = 3.9108e-03, PNorm = 38.5996, GNorm = 1.5502, lr_0 = 6.9063e-04
Loss = 3.9055e-03, PNorm = 38.6343, GNorm = 1.2687, lr_0 = 7.1619e-04
Loss = 4.3743e-03, PNorm = 38.6708, GNorm = 1.4120, lr_0 = 7.4176e-04
Loss = 4.8781e-03, PNorm = 38.7026, GNorm = 0.8347, lr_0 = 7.6733e-04
Loss = 3.4651e-03, PNorm = 38.7263, GNorm = 0.6357, lr_0 = 7.9290e-04
Loss = 5.1774e-03, PNorm = 38.7483, GNorm = 0.9962, lr_0 = 8.1847e-04
Loss = 4.3584e-03, PNorm = 38.7795, GNorm = 1.9266, lr_0 = 8.4403e-04
Loss = 4.7944e-03, PNorm = 38.8028, GNorm = 1.3258, lr_0 = 8.6960e-04
Loss = 4.4265e-03, PNorm = 38.8277, GNorm = 0.9698, lr_0 = 8.9517e-04
Loss = 4.8386e-03, PNorm = 38.8573, GNorm = 0.8272, lr_0 = 9.2074e-04
Loss = 3.9706e-03, PNorm = 38.8879, GNorm = 1.2869, lr_0 = 9.4631e-04
Loss = 5.0141e-03, PNorm = 38.9160, GNorm = 1.4363, lr_0 = 9.7187e-04
Loss = 5.1649e-03, PNorm = 38.9440, GNorm = 3.9433, lr_0 = 9.9744e-04
Validation rmse = 1.069926
Epoch 2
Loss = 4.0926e-03, PNorm = 38.9769, GNorm = 0.9180, lr_0 = 9.9691e-04
Loss = 5.0079e-03, PNorm = 39.0115, GNorm = 5.7367, lr_0 = 9.9348e-04
Loss = 5.1538e-03, PNorm = 39.0450, GNorm = 1.3032, lr_0 = 9.9007e-04
Loss = 4.0388e-03, PNorm = 39.0882, GNorm = 0.9814, lr_0 = 9.8666e-04
Loss = 3.8436e-03, PNorm = 39.1407, GNorm = 0.7791, lr_0 = 9.8327e-04
Loss = 3.6452e-03, PNorm = 39.1808, GNorm = 0.8361, lr_0 = 9.7989e-04
Loss = 4.5221e-03, PNorm = 39.2235, GNorm = 0.6968, lr_0 = 9.7652e-04
Loss = 4.6005e-03, PNorm = 39.2594, GNorm = 1.3383, lr_0 = 9.7317e-04
Loss = 3.6706e-03, PNorm = 39.2932, GNorm = 1.2810, lr_0 = 9.6982e-04
Loss = 4.2147e-03, PNorm = 39.3298, GNorm = 1.0346, lr_0 = 9.6649e-04
Loss = 4.2837e-03, PNorm = 39.3552, GNorm = 1.5208, lr_0 = 9.6317e-04
Loss = 3.7020e-03, PNorm = 39.3857, GNorm = 0.5859, lr_0 = 9.5986e-04
Loss = 3.7289e-03, PNorm = 39.4081, GNorm = 1.3577, lr_0 = 9.5656e-04
Loss = 5.6477e-03, PNorm = 39.4533, GNorm = 0.9433, lr_0 = 9.5327e-04
Loss = 3.3217e-03, PNorm = 39.4902, GNorm = 1.0719, lr_0 = 9.4999e-04
Loss = 4.1004e-03, PNorm = 39.5217, GNorm = 1.0660, lr_0 = 9.4673e-04
Loss = 4.1993e-03, PNorm = 39.5487, GNorm = 1.1699, lr_0 = 9.4348e-04
Validation rmse = 1.024040
Epoch 3
Loss = 2.9289e-03, PNorm = 39.5884, GNorm = 0.7320, lr_0 = 9.4023e-04
Loss = 4.5301e-03, PNorm = 39.6295, GNorm = 0.4489, lr_0 = 9.3700e-04
Loss = 3.9198e-03, PNorm = 39.6771, GNorm = 0.9643, lr_0 = 9.3378e-04
Loss = 3.8473e-03, PNorm = 39.7215, GNorm = 1.3004, lr_0 = 9.3057e-04
Loss = 3.9013e-03, PNorm = 39.7540, GNorm = 0.6432, lr_0 = 9.2737e-04
Loss = 3.6671e-03, PNorm = 39.7887, GNorm = 1.2611, lr_0 = 9.2419e-04
Loss = 3.5588e-03, PNorm = 39.8220, GNorm = 0.7546, lr_0 = 9.2101e-04
Loss = 3.3645e-03, PNorm = 39.8550, GNorm = 1.0385, lr_0 = 9.1784e-04
Loss = 3.3079e-03, PNorm = 39.8850, GNorm = 0.3814, lr_0 = 9.1469e-04
Loss = 3.5775e-03, PNorm = 39.9300, GNorm = 0.8992, lr_0 = 9.1155e-04
Loss = 2.7032e-03, PNorm = 39.9580, GNorm = 0.4850, lr_0 = 9.0841e-04
Loss = 5.6376e-03, PNorm = 39.9882, GNorm = 0.6821, lr_0 = 9.0529e-04
Loss = 3.7006e-03, PNorm = 40.0192, GNorm = 0.7400, lr_0 = 9.0218e-04
Loss = 3.7034e-03, PNorm = 40.0459, GNorm = 0.8103, lr_0 = 8.9908e-04
Loss = 3.2074e-03, PNorm = 40.0718, GNorm = 0.4937, lr_0 = 8.9599e-04
Loss = 5.6622e-03, PNorm = 40.1096, GNorm = 0.9678, lr_0 = 8.9291e-04
Loss = 3.8845e-03, PNorm = 40.1510, GNorm = 0.4680, lr_0 = 8.8984e-04
Loss = 3.4494e-03, PNorm = 40.1904, GNorm = 0.6280, lr_0 = 8.8678e-04
Validation rmse = 1.002350
Epoch 4
Loss = 5.1786e-03, PNorm = 40.2155, GNorm = 0.8496, lr_0 = 8.8373e-04
Loss = 3.4187e-03, PNorm = 40.2496, GNorm = 0.6640, lr_0 = 8.8070e-04
Loss = 3.6409e-03, PNorm = 40.2684, GNorm = 0.5420, lr_0 = 8.7767e-04
Loss = 3.2381e-03, PNorm = 40.2880, GNorm = 1.0410, lr_0 = 8.7465e-04
Loss = 3.7918e-03, PNorm = 40.3171, GNorm = 0.4322, lr_0 = 8.7165e-04
Loss = 3.2072e-03, PNorm = 40.3559, GNorm = 0.6181, lr_0 = 8.6865e-04
Loss = 3.8930e-03, PNorm = 40.3982, GNorm = 0.4646, lr_0 = 8.6567e-04
Loss = 3.3125e-03, PNorm = 40.4291, GNorm = 0.5521, lr_0 = 8.6269e-04
Loss = 3.9713e-03, PNorm = 40.4613, GNorm = 0.7895, lr_0 = 8.5973e-04
Loss = 3.9726e-03, PNorm = 40.4910, GNorm = 0.9762, lr_0 = 8.5677e-04
Loss = 3.4131e-03, PNorm = 40.5333, GNorm = 1.0780, lr_0 = 8.5383e-04
Loss = 4.0108e-03, PNorm = 40.5565, GNorm = 1.1822, lr_0 = 8.5089e-04
Loss = 3.2926e-03, PNorm = 40.5981, GNorm = 0.3659, lr_0 = 8.4797e-04
Loss = 4.4494e-03, PNorm = 40.6319, GNorm = 1.1508, lr_0 = 8.4505e-04
Loss = 3.9814e-03, PNorm = 40.6796, GNorm = 1.1028, lr_0 = 8.4215e-04
Loss = 3.6487e-03, PNorm = 40.7084, GNorm = 0.5802, lr_0 = 8.3925e-04
Loss = 3.3564e-03, PNorm = 40.7497, GNorm = 0.5379, lr_0 = 8.3637e-04
Loss = 4.4438e-03, PNorm = 40.7868, GNorm = 0.5388, lr_0 = 8.3350e-04
Validation rmse = 1.001520
Epoch 5
Loss = 3.0616e-03, PNorm = 40.8093, GNorm = 0.6342, lr_0 = 8.3063e-04
Loss = 3.2165e-03, PNorm = 40.8296, GNorm = 0.3600, lr_0 = 8.2778e-04
Loss = 5.6538e-03, PNorm = 40.8540, GNorm = 0.6140, lr_0 = 8.2493e-04
Loss = 3.9327e-03, PNorm = 40.8848, GNorm = 0.7743, lr_0 = 8.2210e-04
Loss = 3.1528e-03, PNorm = 40.9146, GNorm = 0.9567, lr_0 = 8.1927e-04
Loss = 3.7329e-03, PNorm = 40.9504, GNorm = 0.5309, lr_0 = 8.1645e-04
Loss = 3.4678e-03, PNorm = 40.9870, GNorm = 0.7799, lr_0 = 8.1365e-04
Loss = 2.8654e-03, PNorm = 41.0117, GNorm = 0.4614, lr_0 = 8.1085e-04
Loss = 3.4110e-03, PNorm = 41.0280, GNorm = 0.4622, lr_0 = 8.0806e-04
Loss = 2.8458e-03, PNorm = 41.0488, GNorm = 0.4418, lr_0 = 8.0529e-04
Loss = 3.0097e-03, PNorm = 41.0821, GNorm = 0.5238, lr_0 = 8.0252e-04
Loss = 3.0826e-03, PNorm = 41.1130, GNorm = 0.4664, lr_0 = 7.9976e-04
Loss = 3.1517e-03, PNorm = 41.1417, GNorm = 0.9301, lr_0 = 7.9701e-04
Loss = 4.0012e-03, PNorm = 41.1622, GNorm = 0.6324, lr_0 = 7.9427e-04
Loss = 3.5842e-03, PNorm = 41.1881, GNorm = 0.8934, lr_0 = 7.9154e-04
Loss = 4.1248e-03, PNorm = 41.2183, GNorm = 0.5108, lr_0 = 7.8882e-04
Loss = 3.3636e-03, PNorm = 41.2503, GNorm = 0.6056, lr_0 = 7.8611e-04
Validation rmse = 0.988109
Epoch 6
Loss = 2.5901e-03, PNorm = 41.2722, GNorm = 0.4100, lr_0 = 7.8341e-04
Loss = 2.7439e-03, PNorm = 41.3011, GNorm = 0.7170, lr_0 = 7.8072e-04
Loss = 2.8901e-03, PNorm = 41.3225, GNorm = 1.1326, lr_0 = 7.7803e-04
Loss = 3.5897e-03, PNorm = 41.3471, GNorm = 0.8959, lr_0 = 7.7536e-04
Loss = 2.9704e-03, PNorm = 41.3690, GNorm = 0.6763, lr_0 = 7.7270e-04
Loss = 4.8175e-03, PNorm = 41.4051, GNorm = 0.5724, lr_0 = 7.7004e-04
Loss = 3.4991e-03, PNorm = 41.4451, GNorm = 0.4466, lr_0 = 7.6739e-04
Loss = 3.5710e-03, PNorm = 41.4836, GNorm = 1.1096, lr_0 = 7.6476e-04
Loss = 3.2108e-03, PNorm = 41.5061, GNorm = 1.0169, lr_0 = 7.6213e-04
Loss = 3.0702e-03, PNorm = 41.5360, GNorm = 0.5503, lr_0 = 7.5951e-04
Loss = 3.1822e-03, PNorm = 41.5632, GNorm = 0.5606, lr_0 = 7.5690e-04
Loss = 2.6579e-03, PNorm = 41.5798, GNorm = 0.6687, lr_0 = 7.5430e-04
Loss = 4.1343e-03, PNorm = 41.5981, GNorm = 0.4564, lr_0 = 7.5170e-04
Loss = 3.4777e-03, PNorm = 41.6271, GNorm = 0.9032, lr_0 = 7.4912e-04
Loss = 4.1839e-03, PNorm = 41.6568, GNorm = 0.7809, lr_0 = 7.4655e-04
Loss = 3.1167e-03, PNorm = 41.6825, GNorm = 0.6839, lr_0 = 7.4398e-04
Loss = 3.0163e-03, PNorm = 41.6995, GNorm = 0.4059, lr_0 = 7.4142e-04
Loss = 4.6162e-03, PNorm = 41.7232, GNorm = 0.6745, lr_0 = 7.3887e-04
Validation rmse = 0.942051
Epoch 7
Loss = 3.5704e-03, PNorm = 41.7481, GNorm = 0.6311, lr_0 = 7.3633e-04
Loss = 4.0150e-03, PNorm = 41.7772, GNorm = 0.4933, lr_0 = 7.3380e-04
Loss = 4.0332e-03, PNorm = 41.7998, GNorm = 0.9522, lr_0 = 7.3128e-04
Loss = 2.7913e-03, PNorm = 41.8296, GNorm = 0.6285, lr_0 = 7.2877e-04
Loss = 2.9961e-03, PNorm = 41.8568, GNorm = 0.5865, lr_0 = 7.2626e-04
Loss = 4.4580e-03, PNorm = 41.8952, GNorm = 0.7073, lr_0 = 7.2377e-04
Loss = 3.1144e-03, PNorm = 41.9354, GNorm = 0.4335, lr_0 = 7.2128e-04
Loss = 2.6092e-03, PNorm = 41.9612, GNorm = 0.6711, lr_0 = 7.1880e-04
Loss = 2.9119e-03, PNorm = 41.9869, GNorm = 0.4002, lr_0 = 7.1633e-04
Loss = 3.1885e-03, PNorm = 42.0076, GNorm = 0.5933, lr_0 = 7.1387e-04
Loss = 2.3960e-03, PNorm = 42.0192, GNorm = 0.3169, lr_0 = 7.1142e-04
Loss = 3.0276e-03, PNorm = 42.0350, GNorm = 0.5531, lr_0 = 7.0897e-04
Loss = 3.1893e-03, PNorm = 42.0617, GNorm = 0.8943, lr_0 = 7.0653e-04
Loss = 3.4294e-03, PNorm = 42.0894, GNorm = 1.1257, lr_0 = 7.0411e-04
Loss = 3.8630e-03, PNorm = 42.1199, GNorm = 0.5017, lr_0 = 7.0169e-04
Loss = 2.9536e-03, PNorm = 42.1636, GNorm = 0.3173, lr_0 = 6.9927e-04
Loss = 4.6325e-03, PNorm = 42.1893, GNorm = 1.0368, lr_0 = 6.9687e-04
Validation rmse = 0.983657
Epoch 8
Loss = 6.5911e-03, PNorm = 42.2151, GNorm = 1.1939, lr_0 = 6.9448e-04
Loss = 3.8487e-03, PNorm = 42.2373, GNorm = 0.7017, lr_0 = 6.9209e-04
Loss = 3.6853e-03, PNorm = 42.2602, GNorm = 0.7849, lr_0 = 6.8971e-04
Loss = 3.1491e-03, PNorm = 42.2807, GNorm = 0.7326, lr_0 = 6.8734e-04
Loss = 3.0653e-03, PNorm = 42.3061, GNorm = 0.4334, lr_0 = 6.8498e-04
Loss = 2.7434e-03, PNorm = 42.3371, GNorm = 0.7214, lr_0 = 6.8262e-04
Loss = 2.7991e-03, PNorm = 42.3653, GNorm = 0.7103, lr_0 = 6.8028e-04
Loss = 2.9009e-03, PNorm = 42.3824, GNorm = 0.9257, lr_0 = 6.7794e-04
Loss = 2.6605e-03, PNorm = 42.3975, GNorm = 0.7101, lr_0 = 6.7561e-04
Loss = 3.3376e-03, PNorm = 42.4184, GNorm = 0.4392, lr_0 = 6.7329e-04
Loss = 2.7958e-03, PNorm = 42.4462, GNorm = 0.7667, lr_0 = 6.7097e-04
Loss = 3.7460e-03, PNorm = 42.4674, GNorm = 0.5997, lr_0 = 6.6867e-04
Loss = 4.3292e-03, PNorm = 42.4873, GNorm = 0.7325, lr_0 = 6.6637e-04
Loss = 3.0569e-03, PNorm = 42.5257, GNorm = 0.4710, lr_0 = 6.6408e-04
Loss = 3.1550e-03, PNorm = 42.5526, GNorm = 1.0592, lr_0 = 6.6180e-04
Loss = 3.1205e-03, PNorm = 42.5793, GNorm = 0.6307, lr_0 = 6.5952e-04
Loss = 2.8471e-03, PNorm = 42.6098, GNorm = 0.6827, lr_0 = 6.5725e-04
Loss = 4.1281e-03, PNorm = 42.6257, GNorm = 0.3200, lr_0 = 6.5500e-04
Validation rmse = 0.999513
Epoch 9
Loss = 2.5872e-03, PNorm = 42.6503, GNorm = 0.4969, lr_0 = 6.5274e-04
Loss = 3.2270e-03, PNorm = 42.6707, GNorm = 0.5943, lr_0 = 6.5050e-04
Loss = 3.5649e-03, PNorm = 42.6853, GNorm = 1.5787, lr_0 = 6.4826e-04
Loss = 3.1816e-03, PNorm = 42.7047, GNorm = 0.3599, lr_0 = 6.4604e-04
Loss = 3.2774e-03, PNorm = 42.7305, GNorm = 0.6894, lr_0 = 6.4382e-04
Loss = 3.2268e-03, PNorm = 42.7678, GNorm = 0.4081, lr_0 = 6.4160e-04
Loss = 3.0526e-03, PNorm = 42.7871, GNorm = 0.2850, lr_0 = 6.3940e-04
Loss = 2.7843e-03, PNorm = 42.8003, GNorm = 0.4431, lr_0 = 6.3720e-04
Loss = 3.7009e-03, PNorm = 42.8232, GNorm = 0.4676, lr_0 = 6.3501e-04
Loss = 3.1206e-03, PNorm = 42.8423, GNorm = 0.4330, lr_0 = 6.3283e-04
Loss = 2.6173e-03, PNorm = 42.8639, GNorm = 0.3801, lr_0 = 6.3065e-04
Loss = 2.8455e-03, PNorm = 42.8990, GNorm = 0.3792, lr_0 = 6.2849e-04
Loss = 4.2166e-03, PNorm = 42.9215, GNorm = 0.5344, lr_0 = 6.2633e-04
Loss = 3.4523e-03, PNorm = 42.9432, GNorm = 0.5356, lr_0 = 6.2417e-04
Loss = 2.8602e-03, PNorm = 42.9642, GNorm = 0.5676, lr_0 = 6.2203e-04
Loss = 3.7352e-03, PNorm = 42.9840, GNorm = 0.6832, lr_0 = 6.1989e-04
Loss = 2.8411e-03, PNorm = 43.0031, GNorm = 0.4385, lr_0 = 6.1776e-04
Loss = 2.7312e-03, PNorm = 43.0205, GNorm = 0.3940, lr_0 = 6.1564e-04
Validation rmse = 1.069627
Epoch 10
Loss = 2.7836e-03, PNorm = 43.0356, GNorm = 0.3900, lr_0 = 6.1352e-04
Loss = 3.1910e-03, PNorm = 43.0556, GNorm = 0.6795, lr_0 = 6.1141e-04
Loss = 2.8482e-03, PNorm = 43.0843, GNorm = 0.8254, lr_0 = 6.0931e-04
Loss = 2.9057e-03, PNorm = 43.1087, GNorm = 0.3484, lr_0 = 6.0722e-04
Loss = 3.3096e-03, PNorm = 43.1227, GNorm = 0.4254, lr_0 = 6.0513e-04
Loss = 3.5815e-03, PNorm = 43.1467, GNorm = 0.9097, lr_0 = 6.0305e-04
Loss = 2.6809e-03, PNorm = 43.1739, GNorm = 0.5678, lr_0 = 6.0098e-04
Loss = 3.1543e-03, PNorm = 43.2013, GNorm = 0.4613, lr_0 = 5.9891e-04
Loss = 3.3934e-03, PNorm = 43.2329, GNorm = 0.4744, lr_0 = 5.9685e-04
Loss = 2.7041e-03, PNorm = 43.2521, GNorm = 0.5849, lr_0 = 5.9480e-04
Loss = 2.3222e-03, PNorm = 43.2716, GNorm = 0.5064, lr_0 = 5.9276e-04
Loss = 3.0161e-03, PNorm = 43.2855, GNorm = 0.6488, lr_0 = 5.9072e-04
Loss = 4.3563e-03, PNorm = 43.2973, GNorm = 0.5099, lr_0 = 5.8869e-04
Loss = 2.4747e-03, PNorm = 43.3182, GNorm = 0.6206, lr_0 = 5.8667e-04
Loss = 2.7972e-03, PNorm = 43.3442, GNorm = 0.8728, lr_0 = 5.8465e-04
Loss = 3.7049e-03, PNorm = 43.3627, GNorm = 0.4177, lr_0 = 5.8264e-04
Loss = 3.4810e-03, PNorm = 43.3759, GNorm = 0.4558, lr_0 = 5.8064e-04
Validation rmse = 0.959629
Epoch 11
Loss = 1.8534e-03, PNorm = 43.3937, GNorm = 0.4355, lr_0 = 5.7864e-04
Loss = 2.6222e-03, PNorm = 43.4053, GNorm = 0.5660, lr_0 = 5.7665e-04
Loss = 3.3507e-03, PNorm = 43.4286, GNorm = 1.2070, lr_0 = 5.7467e-04
Loss = 3.4252e-03, PNorm = 43.4579, GNorm = 0.7539, lr_0 = 5.7270e-04
Loss = 3.3030e-03, PNorm = 43.4822, GNorm = 0.5396, lr_0 = 5.7073e-04
Loss = 2.6398e-03, PNorm = 43.5069, GNorm = 0.9381, lr_0 = 5.6877e-04
Loss = 3.0201e-03, PNorm = 43.5214, GNorm = 0.6544, lr_0 = 5.6681e-04
Loss = 2.5062e-03, PNorm = 43.5348, GNorm = 0.5592, lr_0 = 5.6486e-04
Loss = 4.0550e-03, PNorm = 43.5506, GNorm = 0.9541, lr_0 = 5.6292e-04
Loss = 3.0017e-03, PNorm = 43.5737, GNorm = 0.7452, lr_0 = 5.6099e-04
Loss = 2.9662e-03, PNorm = 43.5973, GNorm = 0.7625, lr_0 = 5.5906e-04
Loss = 3.4657e-03, PNorm = 43.6279, GNorm = 0.4970, lr_0 = 5.5714e-04
Loss = 3.0015e-03, PNorm = 43.6607, GNorm = 1.3351, lr_0 = 5.5522e-04
Loss = 2.8587e-03, PNorm = 43.6883, GNorm = 0.3688, lr_0 = 5.5332e-04
Loss = 2.5358e-03, PNorm = 43.7031, GNorm = 0.6123, lr_0 = 5.5141e-04
Loss = 2.6425e-03, PNorm = 43.7184, GNorm = 0.5559, lr_0 = 5.4952e-04
Loss = 2.4896e-03, PNorm = 43.7401, GNorm = 0.7339, lr_0 = 5.4763e-04
Loss = 4.4142e-03, PNorm = 43.7542, GNorm = 1.3039, lr_0 = 5.4575e-04
Validation rmse = 1.005244
Epoch 12
Loss = 3.5266e-03, PNorm = 43.7662, GNorm = 0.5318, lr_0 = 5.4387e-04
Loss = 2.8906e-03, PNorm = 43.8028, GNorm = 0.2998, lr_0 = 5.4200e-04
Loss = 2.3081e-03, PNorm = 43.8298, GNorm = 0.5418, lr_0 = 5.4014e-04
Loss = 2.8740e-03, PNorm = 43.8457, GNorm = 0.6035, lr_0 = 5.3828e-04
Loss = 2.2303e-03, PNorm = 43.8547, GNorm = 0.6915, lr_0 = 5.3643e-04
Loss = 2.2852e-03, PNorm = 43.8689, GNorm = 0.6168, lr_0 = 5.3459e-04
Loss = 2.8420e-03, PNorm = 43.8836, GNorm = 0.6706, lr_0 = 5.3275e-04
Loss = 3.9680e-03, PNorm = 43.8961, GNorm = 0.4392, lr_0 = 5.3092e-04
Loss = 3.0378e-03, PNorm = 43.9100, GNorm = 0.2510, lr_0 = 5.2910e-04
Loss = 3.0608e-03, PNorm = 43.9292, GNorm = 1.0595, lr_0 = 5.2728e-04
Loss = 2.9778e-03, PNorm = 43.9591, GNorm = 0.4673, lr_0 = 5.2547e-04
Loss = 2.9426e-03, PNorm = 43.9800, GNorm = 0.3966, lr_0 = 5.2366e-04
Loss = 3.1527e-03, PNorm = 43.9910, GNorm = 0.3897, lr_0 = 5.2186e-04
Loss = 2.2918e-03, PNorm = 44.0075, GNorm = 0.5770, lr_0 = 5.2007e-04
Loss = 2.8002e-03, PNorm = 44.0273, GNorm = 0.4171, lr_0 = 5.1828e-04
Loss = 4.0838e-03, PNorm = 44.0460, GNorm = 0.5043, lr_0 = 5.1650e-04
Loss = 2.5318e-03, PNorm = 44.0644, GNorm = 0.6415, lr_0 = 5.1472e-04
Validation rmse = 1.058887
Epoch 13
Loss = 3.5647e-03, PNorm = 44.0834, GNorm = 0.5018, lr_0 = 5.1295e-04
Loss = 2.7177e-03, PNorm = 44.1078, GNorm = 0.5464, lr_0 = 5.1119e-04
Loss = 2.0035e-03, PNorm = 44.1261, GNorm = 0.6374, lr_0 = 5.0943e-04
Loss = 3.3878e-03, PNorm = 44.1356, GNorm = 0.4869, lr_0 = 5.0768e-04
Loss = 3.2697e-03, PNorm = 44.1612, GNorm = 0.5353, lr_0 = 5.0594e-04
Loss = 3.6658e-03, PNorm = 44.1879, GNorm = 0.5365, lr_0 = 5.0420e-04
Loss = 2.9305e-03, PNorm = 44.2102, GNorm = 0.7918, lr_0 = 5.0247e-04
Loss = 3.2535e-03, PNorm = 44.2281, GNorm = 0.6400, lr_0 = 5.0074e-04
Loss = 2.1294e-03, PNorm = 44.2414, GNorm = 0.4798, lr_0 = 4.9902e-04
Loss = 2.4808e-03, PNorm = 44.2548, GNorm = 0.5309, lr_0 = 4.9730e-04
Loss = 3.7027e-03, PNorm = 44.2633, GNorm = 0.6046, lr_0 = 4.9559e-04
Loss = 2.5959e-03, PNorm = 44.2786, GNorm = 0.5372, lr_0 = 4.9389e-04
Loss = 2.7217e-03, PNorm = 44.2951, GNorm = 0.7065, lr_0 = 4.9219e-04
Loss = 2.5009e-03, PNorm = 44.3104, GNorm = 0.5629, lr_0 = 4.9050e-04
Loss = 2.6365e-03, PNorm = 44.3231, GNorm = 0.3700, lr_0 = 4.8882e-04
Loss = 3.3139e-03, PNorm = 44.3388, GNorm = 0.8270, lr_0 = 4.8714e-04
Loss = 2.8674e-03, PNorm = 44.3512, GNorm = 0.6262, lr_0 = 4.8546e-04
Loss = 2.9808e-03, PNorm = 44.3674, GNorm = 0.4376, lr_0 = 4.8379e-04
Validation rmse = 0.941906
Epoch 14
Loss = 2.7177e-03, PNorm = 44.3849, GNorm = 0.5332, lr_0 = 4.8213e-04
Loss = 3.2686e-03, PNorm = 44.3999, GNorm = 0.6381, lr_0 = 4.8047e-04
Loss = 2.3966e-03, PNorm = 44.4196, GNorm = 0.8278, lr_0 = 4.7882e-04
Loss = 3.0616e-03, PNorm = 44.4351, GNorm = 1.1291, lr_0 = 4.7718e-04
Loss = 3.1289e-03, PNorm = 44.4508, GNorm = 0.4235, lr_0 = 4.7554e-04
Loss = 2.7306e-03, PNorm = 44.4689, GNorm = 0.4771, lr_0 = 4.7390e-04
Loss = 2.6724e-03, PNorm = 44.4860, GNorm = 0.9260, lr_0 = 4.7227e-04
Loss = 2.5292e-03, PNorm = 44.5034, GNorm = 0.3584, lr_0 = 4.7065e-04
Loss = 2.3158e-03, PNorm = 44.5106, GNorm = 0.6377, lr_0 = 4.6903e-04
Loss = 3.1315e-03, PNorm = 44.5245, GNorm = 0.4583, lr_0 = 4.6742e-04
Loss = 2.7091e-03, PNorm = 44.5416, GNorm = 1.2235, lr_0 = 4.6581e-04
Loss = 2.3281e-03, PNorm = 44.5594, GNorm = 0.6479, lr_0 = 4.6421e-04
Loss = 2.2506e-03, PNorm = 44.5710, GNorm = 0.3774, lr_0 = 4.6262e-04
Loss = 3.6887e-03, PNorm = 44.5835, GNorm = 0.4610, lr_0 = 4.6103e-04
Loss = 3.5579e-03, PNorm = 44.6085, GNorm = 0.9380, lr_0 = 4.5944e-04
Loss = 3.1068e-03, PNorm = 44.6321, GNorm = 0.5855, lr_0 = 4.5786e-04
Loss = 2.0079e-03, PNorm = 44.6476, GNorm = 0.4445, lr_0 = 4.5629e-04
Loss = 2.4720e-03, PNorm = 44.6592, GNorm = 0.7680, lr_0 = 4.5472e-04
Validation rmse = 1.095557
Epoch 15
Loss = 3.1945e-03, PNorm = 44.6730, GNorm = 0.7478, lr_0 = 4.5316e-04
Loss = 2.2132e-03, PNorm = 44.6927, GNorm = 0.4604, lr_0 = 4.5160e-04
Loss = 3.3497e-03, PNorm = 44.7098, GNorm = 0.8094, lr_0 = 4.5005e-04
Loss = 2.3160e-03, PNorm = 44.7285, GNorm = 0.4704, lr_0 = 4.4850e-04
Loss = 2.4941e-03, PNorm = 44.7438, GNorm = 0.5360, lr_0 = 4.4696e-04
Loss = 3.7978e-03, PNorm = 44.7598, GNorm = 0.4931, lr_0 = 4.4542e-04
Loss = 2.2815e-03, PNorm = 44.7782, GNorm = 0.6884, lr_0 = 4.4389e-04
Loss = 2.8138e-03, PNorm = 44.7921, GNorm = 0.8883, lr_0 = 4.4237e-04
Loss = 2.9370e-03, PNorm = 44.8102, GNorm = 0.5521, lr_0 = 4.4085e-04
Loss = 2.5153e-03, PNorm = 44.8322, GNorm = 0.5273, lr_0 = 4.3933e-04
Loss = 3.4728e-03, PNorm = 44.8483, GNorm = 0.4752, lr_0 = 4.3782e-04
Loss = 3.0481e-03, PNorm = 44.8651, GNorm = 0.6660, lr_0 = 4.3632e-04
Loss = 2.6029e-03, PNorm = 44.8801, GNorm = 0.7643, lr_0 = 4.3482e-04
Loss = 2.5311e-03, PNorm = 44.8913, GNorm = 0.6501, lr_0 = 4.3332e-04
Loss = 2.4677e-03, PNorm = 44.9068, GNorm = 0.5262, lr_0 = 4.3183e-04
Loss = 2.2269e-03, PNorm = 44.9197, GNorm = 0.5028, lr_0 = 4.3035e-04
Loss = 2.3670e-03, PNorm = 44.9369, GNorm = 0.3499, lr_0 = 4.2887e-04
Validation rmse = 1.105239
Epoch 16
Loss = 5.0154e-03, PNorm = 44.9493, GNorm = 1.3777, lr_0 = 4.2740e-04
Loss = 2.0032e-03, PNorm = 44.9622, GNorm = 0.4089, lr_0 = 4.2593e-04
Loss = 2.6259e-03, PNorm = 44.9793, GNorm = 0.3489, lr_0 = 4.2446e-04
Loss = 2.2787e-03, PNorm = 44.9958, GNorm = 0.6115, lr_0 = 4.2301e-04
Loss = 3.0693e-03, PNorm = 45.0027, GNorm = 0.5117, lr_0 = 4.2155e-04
Loss = 2.4352e-03, PNorm = 45.0167, GNorm = 0.4279, lr_0 = 4.2010e-04
Loss = 2.2561e-03, PNorm = 45.0317, GNorm = 0.5290, lr_0 = 4.1866e-04
Loss = 1.8418e-03, PNorm = 45.0448, GNorm = 0.4650, lr_0 = 4.1722e-04
Loss = 3.0033e-03, PNorm = 45.0627, GNorm = 0.5129, lr_0 = 4.1579e-04
Loss = 2.3194e-03, PNorm = 45.0795, GNorm = 0.5749, lr_0 = 4.1436e-04
Loss = 3.0363e-03, PNorm = 45.0931, GNorm = 0.7180, lr_0 = 4.1293e-04
Loss = 2.2870e-03, PNorm = 45.1039, GNorm = 0.4670, lr_0 = 4.1151e-04
Loss = 2.2370e-03, PNorm = 45.1155, GNorm = 0.5396, lr_0 = 4.1010e-04
Loss = 3.6830e-03, PNorm = 45.1222, GNorm = 1.0955, lr_0 = 4.0869e-04
Loss = 3.1892e-03, PNorm = 45.1458, GNorm = 0.4694, lr_0 = 4.0728e-04
Loss = 3.8495e-03, PNorm = 45.1660, GNorm = 0.4838, lr_0 = 4.0589e-04
Loss = 2.4287e-03, PNorm = 45.1792, GNorm = 0.5305, lr_0 = 4.0449e-04
Loss = 2.2667e-03, PNorm = 45.1903, GNorm = 0.4326, lr_0 = 4.0310e-04
Validation rmse = 0.966028
Epoch 17
Loss = 2.9600e-03, PNorm = 45.1961, GNorm = 0.6621, lr_0 = 4.0171e-04
Loss = 2.1882e-03, PNorm = 45.2150, GNorm = 0.3736, lr_0 = 4.0033e-04
Loss = 2.6129e-03, PNorm = 45.2272, GNorm = 0.8640, lr_0 = 3.9896e-04
Loss = 2.3053e-03, PNorm = 45.2434, GNorm = 0.5923, lr_0 = 3.9759e-04
Loss = 2.2841e-03, PNorm = 45.2567, GNorm = 0.4360, lr_0 = 3.9622e-04
Loss = 2.6064e-03, PNorm = 45.2684, GNorm = 0.9038, lr_0 = 3.9486e-04
Loss = 2.3360e-03, PNorm = 45.2830, GNorm = 0.7034, lr_0 = 3.9350e-04
Loss = 3.4322e-03, PNorm = 45.3017, GNorm = 0.4160, lr_0 = 3.9215e-04
Loss = 2.6241e-03, PNorm = 45.3214, GNorm = 0.5898, lr_0 = 3.9080e-04
Loss = 2.7358e-03, PNorm = 45.3399, GNorm = 0.8631, lr_0 = 3.8946e-04
Loss = 2.8911e-03, PNorm = 45.3544, GNorm = 0.3411, lr_0 = 3.8812e-04
Loss = 2.5601e-03, PNorm = 45.3614, GNorm = 0.3840, lr_0 = 3.8679e-04
Loss = 2.2220e-03, PNorm = 45.3733, GNorm = 0.4835, lr_0 = 3.8546e-04
Loss = 2.7725e-03, PNorm = 45.3911, GNorm = 0.8922, lr_0 = 3.8413e-04
Loss = 3.2286e-03, PNorm = 45.4062, GNorm = 0.6030, lr_0 = 3.8281e-04
Loss = 2.2106e-03, PNorm = 45.4225, GNorm = 0.7545, lr_0 = 3.8150e-04
Loss = 3.2214e-03, PNorm = 45.4296, GNorm = 0.6037, lr_0 = 3.8018e-04
Validation rmse = 1.039030
Epoch 18
Loss = 2.7886e-03, PNorm = 45.4409, GNorm = 0.9449, lr_0 = 3.7888e-04
Loss = 3.5843e-03, PNorm = 45.4485, GNorm = 0.5101, lr_0 = 3.7758e-04
Loss = 2.6659e-03, PNorm = 45.4614, GNorm = 0.3927, lr_0 = 3.7628e-04
Loss = 2.2432e-03, PNorm = 45.4710, GNorm = 0.7678, lr_0 = 3.7498e-04
Loss = 3.0202e-03, PNorm = 45.4840, GNorm = 0.4170, lr_0 = 3.7370e-04
Loss = 2.3018e-03, PNorm = 45.4919, GNorm = 0.4011, lr_0 = 3.7241e-04
Loss = 2.5000e-03, PNorm = 45.5092, GNorm = 0.4573, lr_0 = 3.7113e-04
Loss = 2.2777e-03, PNorm = 45.5265, GNorm = 0.6658, lr_0 = 3.6986e-04
Loss = 2.0443e-03, PNorm = 45.5392, GNorm = 0.6867, lr_0 = 3.6858e-04
Loss = 2.1581e-03, PNorm = 45.5530, GNorm = 0.5094, lr_0 = 3.6732e-04
Loss = 2.5168e-03, PNorm = 45.5674, GNorm = 0.9797, lr_0 = 3.6606e-04
Loss = 2.2306e-03, PNorm = 45.5747, GNorm = 0.3210, lr_0 = 3.6480e-04
Loss = 1.9946e-03, PNorm = 45.5859, GNorm = 0.6106, lr_0 = 3.6354e-04
Loss = 2.5058e-03, PNorm = 45.5960, GNorm = 0.5142, lr_0 = 3.6229e-04
Loss = 2.1172e-03, PNorm = 45.6073, GNorm = 0.4068, lr_0 = 3.6105e-04
Loss = 4.2371e-03, PNorm = 45.6191, GNorm = 0.5432, lr_0 = 3.5981e-04
Loss = 2.7112e-03, PNorm = 45.6343, GNorm = 0.5654, lr_0 = 3.5857e-04
Loss = 2.2532e-03, PNorm = 45.6488, GNorm = 0.4372, lr_0 = 3.5734e-04
Validation rmse = 1.089232
Epoch 19
Loss = 2.8326e-03, PNorm = 45.6624, GNorm = 0.3576, lr_0 = 3.5611e-04
Loss = 2.2265e-03, PNorm = 45.6744, GNorm = 0.6447, lr_0 = 3.5489e-04
Loss = 2.0397e-03, PNorm = 45.6817, GNorm = 0.8012, lr_0 = 3.5367e-04
Loss = 2.3402e-03, PNorm = 45.6942, GNorm = 0.8620, lr_0 = 3.5245e-04
Loss = 1.8001e-03, PNorm = 45.7031, GNorm = 0.4211, lr_0 = 3.5124e-04
Loss = 2.4169e-03, PNorm = 45.7152, GNorm = 0.4314, lr_0 = 3.5003e-04
Loss = 2.2789e-03, PNorm = 45.7282, GNorm = 0.4623, lr_0 = 3.4883e-04
Loss = 2.6304e-03, PNorm = 45.7395, GNorm = 0.6675, lr_0 = 3.4763e-04
Loss = 1.9459e-03, PNorm = 45.7443, GNorm = 0.3162, lr_0 = 3.4644e-04
Loss = 2.7895e-03, PNorm = 45.7559, GNorm = 0.9415, lr_0 = 3.4525e-04
Loss = 2.0191e-03, PNorm = 45.7670, GNorm = 0.8923, lr_0 = 3.4406e-04
Loss = 2.9010e-03, PNorm = 45.7773, GNorm = 1.3063, lr_0 = 3.4288e-04
Loss = 2.4976e-03, PNorm = 45.7862, GNorm = 0.4934, lr_0 = 3.4170e-04
Loss = 4.3467e-03, PNorm = 45.7950, GNorm = 0.6689, lr_0 = 3.4052e-04
Loss = 2.2445e-03, PNorm = 45.8113, GNorm = 0.5539, lr_0 = 3.3935e-04
Loss = 2.0782e-03, PNorm = 45.8250, GNorm = 0.4919, lr_0 = 3.3819e-04
Loss = 2.7811e-03, PNorm = 45.8381, GNorm = 0.5371, lr_0 = 3.3702e-04
Loss = 2.3710e-03, PNorm = 45.8493, GNorm = 0.3488, lr_0 = 3.3587e-04
Validation rmse = 1.016730
Epoch 20
Loss = 2.3793e-03, PNorm = 45.8575, GNorm = 0.6802, lr_0 = 3.3471e-04
Loss = 2.2702e-03, PNorm = 45.8673, GNorm = 0.8164, lr_0 = 3.3356e-04
Loss = 1.9543e-03, PNorm = 45.8753, GNorm = 0.7995, lr_0 = 3.3242e-04
Loss = 1.7161e-03, PNorm = 45.8797, GNorm = 0.4072, lr_0 = 3.3127e-04
Loss = 2.3549e-03, PNorm = 45.8962, GNorm = 0.6364, lr_0 = 3.3013e-04
Loss = 3.1243e-03, PNorm = 45.9147, GNorm = 0.4456, lr_0 = 3.2900e-04
Loss = 3.2680e-03, PNorm = 45.9324, GNorm = 0.5620, lr_0 = 3.2787e-04
Loss = 1.9567e-03, PNorm = 45.9467, GNorm = 0.6625, lr_0 = 3.2674e-04
Loss = 2.3058e-03, PNorm = 45.9575, GNorm = 0.5128, lr_0 = 3.2562e-04
Loss = 2.2467e-03, PNorm = 45.9648, GNorm = 0.5715, lr_0 = 3.2450e-04
Loss = 2.3374e-03, PNorm = 45.9747, GNorm = 0.4624, lr_0 = 3.2338e-04
Loss = 2.1862e-03, PNorm = 45.9838, GNorm = 0.5678, lr_0 = 3.2227e-04
Loss = 2.7452e-03, PNorm = 45.9935, GNorm = 0.4392, lr_0 = 3.2117e-04
Loss = 2.9600e-03, PNorm = 46.0092, GNorm = 0.6137, lr_0 = 3.2006e-04
Loss = 2.0922e-03, PNorm = 46.0243, GNorm = 0.5387, lr_0 = 3.1896e-04
Loss = 2.9987e-03, PNorm = 46.0335, GNorm = 0.7202, lr_0 = 3.1787e-04
Loss = 2.0958e-03, PNorm = 46.0444, GNorm = 0.4967, lr_0 = 3.1677e-04
Validation rmse = 1.070758
Epoch 21
Loss = 2.8783e-03, PNorm = 46.0569, GNorm = 0.7187, lr_0 = 3.1568e-04
Loss = 1.8858e-03, PNorm = 46.0695, GNorm = 0.3562, lr_0 = 3.1460e-04
Loss = 2.5420e-03, PNorm = 46.0792, GNorm = 0.6065, lr_0 = 3.1352e-04
Loss = 1.9429e-03, PNorm = 46.0882, GNorm = 0.2722, lr_0 = 3.1244e-04
Loss = 2.1145e-03, PNorm = 46.1014, GNorm = 0.3340, lr_0 = 3.1137e-04
Loss = 2.5068e-03, PNorm = 46.1134, GNorm = 0.4862, lr_0 = 3.1030e-04
Loss = 2.4595e-03, PNorm = 46.1201, GNorm = 0.7645, lr_0 = 3.0923e-04
Loss = 2.2583e-03, PNorm = 46.1295, GNorm = 0.8531, lr_0 = 3.0817e-04
Loss = 2.4165e-03, PNorm = 46.1417, GNorm = 1.1108, lr_0 = 3.0711e-04
Loss = 3.1072e-03, PNorm = 46.1547, GNorm = 0.6629, lr_0 = 3.0605e-04
Loss = 2.0210e-03, PNorm = 46.1655, GNorm = 0.4522, lr_0 = 3.0500e-04
Loss = 2.5073e-03, PNorm = 46.1769, GNorm = 0.8079, lr_0 = 3.0395e-04
Loss = 2.1362e-03, PNorm = 46.1883, GNorm = 0.6747, lr_0 = 3.0291e-04
Loss = 2.8491e-03, PNorm = 46.2015, GNorm = 1.2262, lr_0 = 3.0187e-04
Loss = 2.1456e-03, PNorm = 46.2121, GNorm = 0.8975, lr_0 = 3.0083e-04
Loss = 2.9207e-03, PNorm = 46.2217, GNorm = 2.0631, lr_0 = 2.9979e-04
Loss = 2.8291e-03, PNorm = 46.2325, GNorm = 0.5342, lr_0 = 2.9876e-04
Loss = 1.9460e-03, PNorm = 46.2349, GNorm = 0.6101, lr_0 = 2.9774e-04
Validation rmse = 1.076255
Epoch 22
Loss = 2.5761e-03, PNorm = 46.2410, GNorm = 0.6435, lr_0 = 2.9671e-04
Loss = 1.8647e-03, PNorm = 46.2541, GNorm = 0.7957, lr_0 = 2.9569e-04
Loss = 2.6178e-03, PNorm = 46.2667, GNorm = 0.3955, lr_0 = 2.9468e-04
Loss = 2.1859e-03, PNorm = 46.2750, GNorm = 0.6630, lr_0 = 2.9367e-04
Loss = 2.3132e-03, PNorm = 46.2880, GNorm = 1.1761, lr_0 = 2.9266e-04
Loss = 2.3544e-03, PNorm = 46.2988, GNorm = 0.6189, lr_0 = 2.9165e-04
Loss = 2.8143e-03, PNorm = 46.3099, GNorm = 0.5813, lr_0 = 2.9065e-04
Loss = 2.8644e-03, PNorm = 46.3195, GNorm = 1.0473, lr_0 = 2.8965e-04
Loss = 2.3497e-03, PNorm = 46.3244, GNorm = 0.7605, lr_0 = 2.8865e-04
Loss = 2.2274e-03, PNorm = 46.3333, GNorm = 0.4419, lr_0 = 2.8766e-04
Loss = 2.7401e-03, PNorm = 46.3391, GNorm = 0.4333, lr_0 = 2.8667e-04
Loss = 1.7834e-03, PNorm = 46.3477, GNorm = 0.4047, lr_0 = 2.8569e-04
Loss = 2.3777e-03, PNorm = 46.3566, GNorm = 0.5145, lr_0 = 2.8471e-04
Loss = 1.7588e-03, PNorm = 46.3634, GNorm = 0.2908, lr_0 = 2.8373e-04
Loss = 2.5632e-03, PNorm = 46.3681, GNorm = 0.5951, lr_0 = 2.8275e-04
Loss = 1.7965e-03, PNorm = 46.3735, GNorm = 0.5256, lr_0 = 2.8178e-04
Loss = 2.2356e-03, PNorm = 46.3848, GNorm = 1.0455, lr_0 = 2.8081e-04
Validation rmse = 1.010429
Epoch 23
Loss = 1.6244e-03, PNorm = 46.3941, GNorm = 0.3950, lr_0 = 2.7985e-04
Loss = 1.8729e-03, PNorm = 46.4040, GNorm = 0.3360, lr_0 = 2.7888e-04
Loss = 2.0282e-03, PNorm = 46.4094, GNorm = 0.5467, lr_0 = 2.7793e-04
Loss = 2.1809e-03, PNorm = 46.4181, GNorm = 0.6980, lr_0 = 2.7697e-04
Loss = 2.8162e-03, PNorm = 46.4263, GNorm = 0.8880, lr_0 = 2.7602e-04
Loss = 2.1636e-03, PNorm = 46.4348, GNorm = 0.9228, lr_0 = 2.7507e-04
Loss = 2.1190e-03, PNorm = 46.4437, GNorm = 0.4073, lr_0 = 2.7412e-04
Loss = 2.4785e-03, PNorm = 46.4554, GNorm = 0.6562, lr_0 = 2.7318e-04
Loss = 2.2318e-03, PNorm = 46.4655, GNorm = 0.7169, lr_0 = 2.7224e-04
Loss = 2.3908e-03, PNorm = 46.4764, GNorm = 0.6385, lr_0 = 2.7131e-04
Loss = 1.8444e-03, PNorm = 46.4822, GNorm = 0.4813, lr_0 = 2.7038e-04
Loss = 1.9791e-03, PNorm = 46.4894, GNorm = 0.6572, lr_0 = 2.6945e-04
Loss = 2.4705e-03, PNorm = 46.4948, GNorm = 0.5926, lr_0 = 2.6852e-04
Loss = 3.6449e-03, PNorm = 46.5043, GNorm = 0.5270, lr_0 = 2.6760e-04
Loss = 2.1260e-03, PNorm = 46.5145, GNorm = 0.6465, lr_0 = 2.6668e-04
Loss = 2.5938e-03, PNorm = 46.5247, GNorm = 0.5896, lr_0 = 2.6576e-04
Loss = 2.3357e-03, PNorm = 46.5392, GNorm = 0.8129, lr_0 = 2.6485e-04
Loss = 1.9442e-03, PNorm = 46.5499, GNorm = 0.5011, lr_0 = 2.6394e-04
Validation rmse = 1.016465
Epoch 24
Loss = 3.3051e-03, PNorm = 46.5564, GNorm = 1.9725, lr_0 = 2.6303e-04
Loss = 1.9746e-03, PNorm = 46.5638, GNorm = 0.4099, lr_0 = 2.6213e-04
Loss = 3.0354e-03, PNorm = 46.5736, GNorm = 0.4446, lr_0 = 2.6123e-04
Loss = 2.5802e-03, PNorm = 46.5837, GNorm = 0.5900, lr_0 = 2.6033e-04
Loss = 1.7807e-03, PNorm = 46.5946, GNorm = 0.4459, lr_0 = 2.5943e-04
Loss = 1.7342e-03, PNorm = 46.6051, GNorm = 0.4262, lr_0 = 2.5854e-04
Loss = 2.0635e-03, PNorm = 46.6133, GNorm = 0.6320, lr_0 = 2.5765e-04
Loss = 1.7066e-03, PNorm = 46.6192, GNorm = 0.4893, lr_0 = 2.5677e-04
Loss = 2.6253e-03, PNorm = 46.6275, GNorm = 1.1207, lr_0 = 2.5588e-04
Loss = 2.1159e-03, PNorm = 46.6353, GNorm = 1.4619, lr_0 = 2.5501e-04
Loss = 2.1276e-03, PNorm = 46.6436, GNorm = 0.4791, lr_0 = 2.5413e-04
Loss = 2.3985e-03, PNorm = 46.6490, GNorm = 0.8898, lr_0 = 2.5326e-04
Loss = 2.6568e-03, PNorm = 46.6540, GNorm = 0.9735, lr_0 = 2.5238e-04
Loss = 1.9762e-03, PNorm = 46.6583, GNorm = 0.9182, lr_0 = 2.5152e-04
Loss = 2.4832e-03, PNorm = 46.6647, GNorm = 1.2485, lr_0 = 2.5065e-04
Loss = 2.2642e-03, PNorm = 46.6704, GNorm = 0.3941, lr_0 = 2.4979e-04
Loss = 2.0592e-03, PNorm = 46.6779, GNorm = 0.9157, lr_0 = 2.4893e-04
Loss = 1.9298e-03, PNorm = 46.6861, GNorm = 0.4236, lr_0 = 2.4808e-04
Validation rmse = 1.093710
Epoch 25
Loss = 2.5385e-03, PNorm = 46.6916, GNorm = 0.5544, lr_0 = 2.4722e-04
Loss = 1.8065e-03, PNorm = 46.6996, GNorm = 0.5606, lr_0 = 2.4638e-04
Loss = 1.8701e-03, PNorm = 46.7087, GNorm = 0.6882, lr_0 = 2.4553e-04
Loss = 2.5412e-03, PNorm = 46.7170, GNorm = 0.4437, lr_0 = 2.4468e-04
Loss = 2.5915e-03, PNorm = 46.7242, GNorm = 0.5879, lr_0 = 2.4384e-04
Loss = 1.8565e-03, PNorm = 46.7313, GNorm = 0.7612, lr_0 = 2.4301e-04
Loss = 2.1445e-03, PNorm = 46.7410, GNorm = 0.8688, lr_0 = 2.4217e-04
Loss = 2.5514e-03, PNorm = 46.7506, GNorm = 1.2501, lr_0 = 2.4134e-04
Loss = 2.8986e-03, PNorm = 46.7539, GNorm = 0.7028, lr_0 = 2.4051e-04
Loss = 1.9576e-03, PNorm = 46.7618, GNorm = 0.5830, lr_0 = 2.3968e-04
Loss = 2.0007e-03, PNorm = 46.7698, GNorm = 0.7904, lr_0 = 2.3886e-04
Loss = 2.1724e-03, PNorm = 46.7759, GNorm = 1.0953, lr_0 = 2.3804e-04
Loss = 2.2829e-03, PNorm = 46.7830, GNorm = 1.2742, lr_0 = 2.3722e-04
Loss = 1.9716e-03, PNorm = 46.7863, GNorm = 0.5589, lr_0 = 2.3640e-04
Loss = 1.9787e-03, PNorm = 46.7919, GNorm = 0.6610, lr_0 = 2.3559e-04
Loss = 1.9889e-03, PNorm = 46.8007, GNorm = 1.3696, lr_0 = 2.3478e-04
Loss = 2.3650e-03, PNorm = 46.8051, GNorm = 0.3985, lr_0 = 2.3397e-04
Validation rmse = 1.105152
Epoch 26
Loss = 1.6725e-03, PNorm = 46.8093, GNorm = 0.3703, lr_0 = 2.3317e-04
Loss = 1.8714e-03, PNorm = 46.8183, GNorm = 0.4342, lr_0 = 2.3237e-04
Loss = 2.1595e-03, PNorm = 46.8249, GNorm = 1.3437, lr_0 = 2.3157e-04
Loss = 2.4127e-03, PNorm = 46.8327, GNorm = 1.5290, lr_0 = 2.3077e-04
Loss = 2.3452e-03, PNorm = 46.8442, GNorm = 0.8767, lr_0 = 2.2998e-04
Loss = 1.6123e-03, PNorm = 46.8528, GNorm = 0.5383, lr_0 = 2.2919e-04
Loss = 1.9899e-03, PNorm = 46.8593, GNorm = 0.5297, lr_0 = 2.2840e-04
Loss = 1.7758e-03, PNorm = 46.8619, GNorm = 0.7671, lr_0 = 2.2762e-04
Loss = 2.3735e-03, PNorm = 46.8652, GNorm = 0.4871, lr_0 = 2.2684e-04
Loss = 2.3358e-03, PNorm = 46.8747, GNorm = 0.8978, lr_0 = 2.2606e-04
Loss = 2.1897e-03, PNorm = 46.8855, GNorm = 0.4637, lr_0 = 2.2528e-04
Loss = 1.9589e-03, PNorm = 46.8949, GNorm = 0.7525, lr_0 = 2.2451e-04
Loss = 2.5154e-03, PNorm = 46.8981, GNorm = 1.0012, lr_0 = 2.2373e-04
Loss = 3.3958e-03, PNorm = 46.8994, GNorm = 1.1521, lr_0 = 2.2296e-04
Loss = 2.0960e-03, PNorm = 46.9045, GNorm = 0.6210, lr_0 = 2.2220e-04
Loss = 1.8316e-03, PNorm = 46.9131, GNorm = 0.6867, lr_0 = 2.2143e-04
Loss = 2.2423e-03, PNorm = 46.9211, GNorm = 0.8935, lr_0 = 2.2067e-04
Loss = 1.9564e-03, PNorm = 46.9290, GNorm = 0.8248, lr_0 = 2.1991e-04
Validation rmse = 1.075800
Epoch 27
Loss = 2.2547e-03, PNorm = 46.9363, GNorm = 0.6500, lr_0 = 2.1916e-04
Loss = 2.3954e-03, PNorm = 46.9416, GNorm = 0.5839, lr_0 = 2.1841e-04
Loss = 1.9465e-03, PNorm = 46.9487, GNorm = 0.7144, lr_0 = 2.1766e-04
Loss = 2.1026e-03, PNorm = 46.9554, GNorm = 1.0284, lr_0 = 2.1691e-04
Loss = 2.2652e-03, PNorm = 46.9618, GNorm = 0.5847, lr_0 = 2.1616e-04
Loss = 2.1424e-03, PNorm = 46.9702, GNorm = 0.5103, lr_0 = 2.1542e-04
Loss = 2.1232e-03, PNorm = 46.9773, GNorm = 0.7959, lr_0 = 2.1468e-04
Loss = 1.6996e-03, PNorm = 46.9866, GNorm = 0.5591, lr_0 = 2.1394e-04
Loss = 1.7755e-03, PNorm = 46.9953, GNorm = 1.0196, lr_0 = 2.1321e-04
Loss = 2.3444e-03, PNorm = 47.0006, GNorm = 0.3840, lr_0 = 2.1247e-04
Loss = 3.1283e-03, PNorm = 47.0086, GNorm = 1.9654, lr_0 = 2.1174e-04
Loss = 1.7227e-03, PNorm = 47.0148, GNorm = 1.2833, lr_0 = 2.1101e-04
Loss = 2.0436e-03, PNorm = 47.0166, GNorm = 0.3935, lr_0 = 2.1029e-04
Loss = 1.5347e-03, PNorm = 47.0207, GNorm = 0.6313, lr_0 = 2.0957e-04
Loss = 2.3326e-03, PNorm = 47.0265, GNorm = 0.4239, lr_0 = 2.0885e-04
Loss = 2.5371e-03, PNorm = 47.0353, GNorm = 0.5965, lr_0 = 2.0813e-04
Loss = 2.0821e-03, PNorm = 47.0434, GNorm = 0.7319, lr_0 = 2.0741e-04
Validation rmse = 1.051667
Epoch 28
Loss = 2.2108e-03, PNorm = 47.0485, GNorm = 0.6740, lr_0 = 2.0670e-04
Loss = 3.1955e-03, PNorm = 47.0572, GNorm = 1.9472, lr_0 = 2.0599e-04
Loss = 2.6789e-03, PNorm = 47.0681, GNorm = 0.4386, lr_0 = 2.0528e-04
Loss = 1.9765e-03, PNorm = 47.0759, GNorm = 0.8754, lr_0 = 2.0458e-04
Loss = 1.8185e-03, PNorm = 47.0807, GNorm = 0.4724, lr_0 = 2.0387e-04
Loss = 2.0731e-03, PNorm = 47.0829, GNorm = 0.4127, lr_0 = 2.0317e-04
Loss = 1.9481e-03, PNorm = 47.0883, GNorm = 1.0066, lr_0 = 2.0247e-04
Loss = 1.8696e-03, PNorm = 47.0936, GNorm = 0.4460, lr_0 = 2.0178e-04
Loss = 2.0220e-03, PNorm = 47.0984, GNorm = 0.9949, lr_0 = 2.0108e-04
Loss = 1.8382e-03, PNorm = 47.1030, GNorm = 1.0085, lr_0 = 2.0039e-04
Loss = 2.0207e-03, PNorm = 47.1096, GNorm = 1.5258, lr_0 = 1.9970e-04
Loss = 1.8275e-03, PNorm = 47.1147, GNorm = 0.4627, lr_0 = 1.9902e-04
Loss = 1.8539e-03, PNorm = 47.1198, GNorm = 0.7584, lr_0 = 1.9833e-04
Loss = 2.5446e-03, PNorm = 47.1241, GNorm = 0.5823, lr_0 = 1.9765e-04
Loss = 2.3473e-03, PNorm = 47.1319, GNorm = 0.5722, lr_0 = 1.9697e-04
Loss = 2.1382e-03, PNorm = 47.1402, GNorm = 0.8644, lr_0 = 1.9630e-04
Loss = 2.0287e-03, PNorm = 47.1488, GNorm = 0.5964, lr_0 = 1.9562e-04
Loss = 1.5800e-03, PNorm = 47.1525, GNorm = 0.3670, lr_0 = 1.9495e-04
Validation rmse = 1.071491
Epoch 29
Loss = 2.1514e-03, PNorm = 47.1566, GNorm = 0.9424, lr_0 = 1.9428e-04
Loss = 1.9365e-03, PNorm = 47.1600, GNorm = 0.5990, lr_0 = 1.9361e-04
Loss = 1.6706e-03, PNorm = 47.1661, GNorm = 0.5188, lr_0 = 1.9295e-04
Loss = 1.6817e-03, PNorm = 47.1713, GNorm = 0.8134, lr_0 = 1.9228e-04
Loss = 2.1455e-03, PNorm = 47.1768, GNorm = 0.8039, lr_0 = 1.9162e-04
Loss = 2.1605e-03, PNorm = 47.1845, GNorm = 0.4952, lr_0 = 1.9096e-04
Loss = 1.6659e-03, PNorm = 47.1886, GNorm = 0.3724, lr_0 = 1.9031e-04
Loss = 2.6539e-03, PNorm = 47.1926, GNorm = 0.8606, lr_0 = 1.8965e-04
Loss = 2.1626e-03, PNorm = 47.2014, GNorm = 0.3320, lr_0 = 1.8900e-04
Loss = 1.8917e-03, PNorm = 47.2085, GNorm = 0.8466, lr_0 = 1.8835e-04
Loss = 2.0562e-03, PNorm = 47.2136, GNorm = 0.7525, lr_0 = 1.8770e-04
Loss = 1.9180e-03, PNorm = 47.2203, GNorm = 0.7270, lr_0 = 1.8706e-04
Loss = 1.9312e-03, PNorm = 47.2240, GNorm = 0.4494, lr_0 = 1.8642e-04
Loss = 2.1037e-03, PNorm = 47.2267, GNorm = 0.8192, lr_0 = 1.8578e-04
Loss = 2.7234e-03, PNorm = 47.2341, GNorm = 1.1962, lr_0 = 1.8514e-04
Loss = 2.4186e-03, PNorm = 47.2416, GNorm = 0.4267, lr_0 = 1.8450e-04
Loss = 1.9819e-03, PNorm = 47.2471, GNorm = 0.5938, lr_0 = 1.8387e-04
Loss = 1.5445e-03, PNorm = 47.2518, GNorm = 0.4150, lr_0 = 1.8323e-04
Validation rmse = 1.069505
Epoch 30
Loss = 2.0055e-03, PNorm = 47.2600, GNorm = 1.4645, lr_0 = 1.8261e-04
Loss = 1.7240e-03, PNorm = 47.2675, GNorm = 0.9592, lr_0 = 1.8198e-04
Loss = 2.1214e-03, PNorm = 47.2744, GNorm = 0.4402, lr_0 = 1.8135e-04
Loss = 2.6847e-03, PNorm = 47.2800, GNorm = 0.7634, lr_0 = 1.8073e-04
Loss = 2.1301e-03, PNorm = 47.2843, GNorm = 1.4566, lr_0 = 1.8011e-04
Loss = 2.0547e-03, PNorm = 47.2877, GNorm = 0.5249, lr_0 = 1.7949e-04
Loss = 1.8899e-03, PNorm = 47.2919, GNorm = 0.8468, lr_0 = 1.7887e-04
Loss = 1.8425e-03, PNorm = 47.2982, GNorm = 0.5923, lr_0 = 1.7826e-04
Loss = 2.1123e-03, PNorm = 47.3046, GNorm = 0.3323, lr_0 = 1.7764e-04
Loss = 1.9043e-03, PNorm = 47.3097, GNorm = 0.4120, lr_0 = 1.7703e-04
Loss = 1.9395e-03, PNorm = 47.3150, GNorm = 0.7645, lr_0 = 1.7643e-04
Loss = 1.8502e-03, PNorm = 47.3223, GNorm = 1.0229, lr_0 = 1.7582e-04
Loss = 1.6086e-03, PNorm = 47.3254, GNorm = 0.4935, lr_0 = 1.7521e-04
Loss = 2.1722e-03, PNorm = 47.3282, GNorm = 0.6561, lr_0 = 1.7461e-04
Loss = 1.8627e-03, PNorm = 47.3335, GNorm = 0.8736, lr_0 = 1.7401e-04
Loss = 2.1389e-03, PNorm = 47.3396, GNorm = 0.6614, lr_0 = 1.7341e-04
Loss = 2.4000e-03, PNorm = 47.3447, GNorm = 0.4325, lr_0 = 1.7282e-04
Validation rmse = 1.159474
Epoch 31
Loss = 1.8605e-03, PNorm = 47.3487, GNorm = 1.0244, lr_0 = 1.7222e-04
Loss = 1.5656e-03, PNorm = 47.3541, GNorm = 0.7372, lr_0 = 1.7163e-04
Loss = 1.6422e-03, PNorm = 47.3597, GNorm = 0.4944, lr_0 = 1.7104e-04
Loss = 2.6620e-03, PNorm = 47.3649, GNorm = 0.4507, lr_0 = 1.7045e-04
Loss = 1.9049e-03, PNorm = 47.3686, GNorm = 1.1711, lr_0 = 1.6987e-04
Loss = 1.8752e-03, PNorm = 47.3720, GNorm = 0.6025, lr_0 = 1.6928e-04
Loss = 2.3460e-03, PNorm = 47.3792, GNorm = 0.4343, lr_0 = 1.6870e-04
Loss = 2.0821e-03, PNorm = 47.3848, GNorm = 0.7320, lr_0 = 1.6812e-04
Loss = 1.5580e-03, PNorm = 47.3903, GNorm = 0.6130, lr_0 = 1.6755e-04
Loss = 1.7164e-03, PNorm = 47.3939, GNorm = 0.5763, lr_0 = 1.6697e-04
Loss = 2.7170e-03, PNorm = 47.3979, GNorm = 0.5814, lr_0 = 1.6640e-04
Loss = 1.9092e-03, PNorm = 47.4028, GNorm = 0.3309, lr_0 = 1.6582e-04
Loss = 1.6287e-03, PNorm = 47.4046, GNorm = 0.7114, lr_0 = 1.6525e-04
Loss = 1.9236e-03, PNorm = 47.4084, GNorm = 0.4831, lr_0 = 1.6469e-04
Loss = 1.8241e-03, PNorm = 47.4174, GNorm = 0.8377, lr_0 = 1.6412e-04
Loss = 1.7140e-03, PNorm = 47.4236, GNorm = 0.5496, lr_0 = 1.6356e-04
Loss = 2.0788e-03, PNorm = 47.4282, GNorm = 0.6196, lr_0 = 1.6299e-04
Loss = 2.6402e-03, PNorm = 47.4337, GNorm = 0.9453, lr_0 = 1.6243e-04
Validation rmse = 1.122627
Epoch 32
Loss = 2.1998e-03, PNorm = 47.4398, GNorm = 1.3672, lr_0 = 1.6188e-04
Loss = 1.9837e-03, PNorm = 47.4437, GNorm = 1.6950, lr_0 = 1.6132e-04
Loss = 1.8403e-03, PNorm = 47.4500, GNorm = 0.5391, lr_0 = 1.6076e-04
Loss = 2.5307e-03, PNorm = 47.4557, GNorm = 0.3502, lr_0 = 1.6021e-04
Loss = 1.7621e-03, PNorm = 47.4609, GNorm = 0.5950, lr_0 = 1.5966e-04
Loss = 1.5386e-03, PNorm = 47.4651, GNorm = 0.4954, lr_0 = 1.5911e-04
Loss = 1.8256e-03, PNorm = 47.4681, GNorm = 0.6826, lr_0 = 1.5857e-04
Loss = 1.9324e-03, PNorm = 47.4714, GNorm = 0.5928, lr_0 = 1.5802e-04
Loss = 1.9609e-03, PNorm = 47.4747, GNorm = 1.3082, lr_0 = 1.5748e-04
Loss = 1.6337e-03, PNorm = 47.4781, GNorm = 0.8002, lr_0 = 1.5694e-04
Loss = 2.3680e-03, PNorm = 47.4815, GNorm = 0.7355, lr_0 = 1.5640e-04
Loss = 1.7890e-03, PNorm = 47.4878, GNorm = 0.4808, lr_0 = 1.5586e-04
Loss = 1.5395e-03, PNorm = 47.4931, GNorm = 0.5040, lr_0 = 1.5532e-04
Loss = 1.8990e-03, PNorm = 47.4971, GNorm = 0.5110, lr_0 = 1.5479e-04
Loss = 1.5737e-03, PNorm = 47.5008, GNorm = 0.7675, lr_0 = 1.5426e-04
Loss = 2.4680e-03, PNorm = 47.5049, GNorm = 0.5339, lr_0 = 1.5373e-04
Loss = 2.3180e-03, PNorm = 47.5084, GNorm = 0.8983, lr_0 = 1.5320e-04
Validation rmse = 1.128582
Epoch 33
Loss = 2.1979e-03, PNorm = 47.5139, GNorm = 0.6493, lr_0 = 1.5267e-04
Loss = 1.5144e-03, PNorm = 47.5181, GNorm = 0.4065, lr_0 = 1.5215e-04
Loss = 1.4125e-03, PNorm = 47.5247, GNorm = 0.3910, lr_0 = 1.5163e-04
Loss = 2.4401e-03, PNorm = 47.5277, GNorm = 1.4595, lr_0 = 1.5110e-04
Loss = 1.6309e-03, PNorm = 47.5304, GNorm = 0.6093, lr_0 = 1.5058e-04
Loss = 2.0240e-03, PNorm = 47.5345, GNorm = 0.3894, lr_0 = 1.5007e-04
Loss = 2.2522e-03, PNorm = 47.5371, GNorm = 0.8349, lr_0 = 1.4955e-04
Loss = 1.8726e-03, PNorm = 47.5420, GNorm = 0.8677, lr_0 = 1.4904e-04
Loss = 1.8081e-03, PNorm = 47.5469, GNorm = 0.4805, lr_0 = 1.4853e-04
Loss = 2.0208e-03, PNorm = 47.5510, GNorm = 0.7654, lr_0 = 1.4801e-04
Loss = 1.5626e-03, PNorm = 47.5553, GNorm = 0.5503, lr_0 = 1.4751e-04
Loss = 1.9068e-03, PNorm = 47.5586, GNorm = 1.4928, lr_0 = 1.4700e-04
Loss = 2.1997e-03, PNorm = 47.5627, GNorm = 0.5437, lr_0 = 1.4649e-04
Loss = 1.6387e-03, PNorm = 47.5689, GNorm = 0.7677, lr_0 = 1.4599e-04
Loss = 2.8747e-03, PNorm = 47.5736, GNorm = 1.4800, lr_0 = 1.4549e-04
Loss = 1.7806e-03, PNorm = 47.5776, GNorm = 0.5051, lr_0 = 1.4499e-04
Loss = 2.1216e-03, PNorm = 47.5799, GNorm = 0.3399, lr_0 = 1.4449e-04
Loss = 1.6538e-03, PNorm = 47.5851, GNorm = 0.4541, lr_0 = 1.4399e-04
Validation rmse = 1.131015
Epoch 34
Loss = 2.5265e-03, PNorm = 47.5893, GNorm = 1.3293, lr_0 = 1.4350e-04
Loss = 1.6414e-03, PNorm = 47.5927, GNorm = 0.7315, lr_0 = 1.4301e-04
Loss = 2.0632e-03, PNorm = 47.5977, GNorm = 1.0052, lr_0 = 1.4251e-04
Loss = 1.8634e-03, PNorm = 47.6026, GNorm = 0.7676, lr_0 = 1.4202e-04
Loss = 2.0506e-03, PNorm = 47.6066, GNorm = 0.6077, lr_0 = 1.4154e-04
Loss = 1.8398e-03, PNorm = 47.6098, GNorm = 0.4930, lr_0 = 1.4105e-04
Loss = 1.5759e-03, PNorm = 47.6113, GNorm = 0.5799, lr_0 = 1.4056e-04
Loss = 1.8577e-03, PNorm = 47.6133, GNorm = 0.3584, lr_0 = 1.4008e-04
Loss = 2.3240e-03, PNorm = 47.6168, GNorm = 0.7931, lr_0 = 1.3960e-04
Loss = 2.4290e-03, PNorm = 47.6222, GNorm = 0.5352, lr_0 = 1.3912e-04
Loss = 1.7555e-03, PNorm = 47.6269, GNorm = 0.4100, lr_0 = 1.3864e-04
Loss = 1.8812e-03, PNorm = 47.6304, GNorm = 1.5105, lr_0 = 1.3817e-04
Loss = 1.6277e-03, PNorm = 47.6372, GNorm = 0.7152, lr_0 = 1.3769e-04
Loss = 1.6436e-03, PNorm = 47.6408, GNorm = 0.9454, lr_0 = 1.3722e-04
Loss = 1.8280e-03, PNorm = 47.6441, GNorm = 0.8490, lr_0 = 1.3675e-04
Loss = 1.6060e-03, PNorm = 47.6484, GNorm = 0.5726, lr_0 = 1.3628e-04
Loss = 2.0374e-03, PNorm = 47.6522, GNorm = 0.6541, lr_0 = 1.3581e-04
Loss = 1.6332e-03, PNorm = 47.6545, GNorm = 1.4828, lr_0 = 1.3534e-04
Validation rmse = 1.108132
Epoch 35
Loss = 1.5830e-03, PNorm = 47.6576, GNorm = 0.5771, lr_0 = 1.3488e-04
Loss = 1.5991e-03, PNorm = 47.6612, GNorm = 0.5414, lr_0 = 1.3441e-04
Loss = 1.7071e-03, PNorm = 47.6650, GNorm = 0.4867, lr_0 = 1.3395e-04
Loss = 1.6200e-03, PNorm = 47.6668, GNorm = 0.3985, lr_0 = 1.3349e-04
Loss = 1.6071e-03, PNorm = 47.6695, GNorm = 0.5479, lr_0 = 1.3303e-04
Loss = 2.2886e-03, PNorm = 47.6723, GNorm = 0.4665, lr_0 = 1.3257e-04
Loss = 2.4887e-03, PNorm = 47.6751, GNorm = 0.9677, lr_0 = 1.3212e-04
Loss = 1.6053e-03, PNorm = 47.6768, GNorm = 0.5072, lr_0 = 1.3166e-04
Loss = 1.6877e-03, PNorm = 47.6794, GNorm = 0.4666, lr_0 = 1.3121e-04
Loss = 1.9568e-03, PNorm = 47.6807, GNorm = 0.5783, lr_0 = 1.3076e-04
Loss = 1.9525e-03, PNorm = 47.6847, GNorm = 0.9177, lr_0 = 1.3031e-04
Loss = 1.9749e-03, PNorm = 47.6912, GNorm = 0.7019, lr_0 = 1.2986e-04
Loss = 1.7502e-03, PNorm = 47.6957, GNorm = 0.4177, lr_0 = 1.2942e-04
Loss = 1.8517e-03, PNorm = 47.6980, GNorm = 1.3356, lr_0 = 1.2897e-04
Loss = 1.9739e-03, PNorm = 47.7009, GNorm = 0.5161, lr_0 = 1.2853e-04
Loss = 2.2816e-03, PNorm = 47.7052, GNorm = 0.8955, lr_0 = 1.2809e-04
Loss = 1.6786e-03, PNorm = 47.7101, GNorm = 0.5642, lr_0 = 1.2765e-04
Validation rmse = 1.138869
Epoch 36
Loss = 1.7845e-03, PNorm = 47.7147, GNorm = 0.8607, lr_0 = 1.2721e-04
Loss = 1.4841e-03, PNorm = 47.7190, GNorm = 0.5540, lr_0 = 1.2677e-04
Loss = 1.7569e-03, PNorm = 47.7226, GNorm = 0.8373, lr_0 = 1.2634e-04
Loss = 1.7204e-03, PNorm = 47.7262, GNorm = 0.6286, lr_0 = 1.2590e-04
Loss = 1.3629e-03, PNorm = 47.7291, GNorm = 0.7580, lr_0 = 1.2547e-04
Loss = 1.8600e-03, PNorm = 47.7322, GNorm = 1.6461, lr_0 = 1.2504e-04
Loss = 1.8733e-03, PNorm = 47.7348, GNorm = 0.4332, lr_0 = 1.2461e-04
Loss = 1.5243e-03, PNorm = 47.7383, GNorm = 0.7793, lr_0 = 1.2418e-04
Loss = 1.5028e-03, PNorm = 47.7416, GNorm = 0.8377, lr_0 = 1.2375e-04
Loss = 2.6511e-03, PNorm = 47.7467, GNorm = 0.5377, lr_0 = 1.2333e-04
Loss = 1.7188e-03, PNorm = 47.7501, GNorm = 0.6237, lr_0 = 1.2290e-04
Loss = 2.6972e-03, PNorm = 47.7534, GNorm = 2.0547, lr_0 = 1.2248e-04
Loss = 2.0247e-03, PNorm = 47.7561, GNorm = 0.3902, lr_0 = 1.2206e-04
Loss = 1.5545e-03, PNorm = 47.7583, GNorm = 0.4526, lr_0 = 1.2164e-04
Loss = 2.2494e-03, PNorm = 47.7616, GNorm = 0.6092, lr_0 = 1.2122e-04
Loss = 1.7161e-03, PNorm = 47.7650, GNorm = 0.4498, lr_0 = 1.2081e-04
Loss = 1.5866e-03, PNorm = 47.7666, GNorm = 0.4953, lr_0 = 1.2039e-04
Loss = 1.8528e-03, PNorm = 47.7706, GNorm = 0.5572, lr_0 = 1.1998e-04
Validation rmse = 1.104496
Epoch 37
Loss = 1.9659e-03, PNorm = 47.7755, GNorm = 0.5672, lr_0 = 1.1956e-04
Loss = 1.9619e-03, PNorm = 47.7800, GNorm = 0.5203, lr_0 = 1.1915e-04
Loss = 2.0349e-03, PNorm = 47.7838, GNorm = 0.4819, lr_0 = 1.1874e-04
Loss = 1.7610e-03, PNorm = 47.7883, GNorm = 0.9043, lr_0 = 1.1834e-04
Loss = 2.3469e-03, PNorm = 47.7904, GNorm = 0.8744, lr_0 = 1.1793e-04
Loss = 2.0513e-03, PNorm = 47.7923, GNorm = 2.1055, lr_0 = 1.1752e-04
Loss = 1.7419e-03, PNorm = 47.7965, GNorm = 0.4540, lr_0 = 1.1712e-04
Loss = 1.8042e-03, PNorm = 47.7999, GNorm = 0.6352, lr_0 = 1.1672e-04
Loss = 1.6697e-03, PNorm = 47.8035, GNorm = 1.0776, lr_0 = 1.1632e-04
Loss = 1.4615e-03, PNorm = 47.8066, GNorm = 0.6697, lr_0 = 1.1592e-04
Loss = 1.8802e-03, PNorm = 47.8113, GNorm = 0.5734, lr_0 = 1.1552e-04
Loss = 1.7091e-03, PNorm = 47.8149, GNorm = 0.4500, lr_0 = 1.1512e-04
Loss = 1.6544e-03, PNorm = 47.8179, GNorm = 0.8829, lr_0 = 1.1473e-04
Loss = 1.8199e-03, PNorm = 47.8215, GNorm = 0.9805, lr_0 = 1.1433e-04
Loss = 1.7403e-03, PNorm = 47.8231, GNorm = 0.4817, lr_0 = 1.1394e-04
Loss = 1.3383e-03, PNorm = 47.8234, GNorm = 0.7391, lr_0 = 1.1355e-04
Loss = 1.8167e-03, PNorm = 47.8245, GNorm = 0.4460, lr_0 = 1.1316e-04
Validation rmse = 1.097192
Epoch 38
Loss = 1.6151e-03, PNorm = 47.8265, GNorm = 1.2093, lr_0 = 1.1277e-04
Loss = 1.5052e-03, PNorm = 47.8294, GNorm = 0.5868, lr_0 = 1.1238e-04
Loss = 1.7965e-03, PNorm = 47.8326, GNorm = 0.9708, lr_0 = 1.1199e-04
Loss = 1.4669e-03, PNorm = 47.8346, GNorm = 0.9210, lr_0 = 1.1161e-04
Loss = 1.9906e-03, PNorm = 47.8362, GNorm = 0.7819, lr_0 = 1.1122e-04
Loss = 1.6703e-03, PNorm = 47.8386, GNorm = 0.7210, lr_0 = 1.1084e-04
Loss = 1.4420e-03, PNorm = 47.8423, GNorm = 0.6741, lr_0 = 1.1046e-04
Loss = 1.9129e-03, PNorm = 47.8464, GNorm = 0.5727, lr_0 = 1.1008e-04
Loss = 1.5009e-03, PNorm = 47.8498, GNorm = 0.4489, lr_0 = 1.0970e-04
Loss = 1.5883e-03, PNorm = 47.8526, GNorm = 1.1266, lr_0 = 1.0933e-04
Loss = 1.8769e-03, PNorm = 47.8533, GNorm = 0.8490, lr_0 = 1.0895e-04
Loss = 2.2107e-03, PNorm = 47.8561, GNorm = 0.6194, lr_0 = 1.0858e-04
Loss = 1.8697e-03, PNorm = 47.8597, GNorm = 0.5045, lr_0 = 1.0820e-04
Loss = 1.6330e-03, PNorm = 47.8621, GNorm = 1.2387, lr_0 = 1.0783e-04
Loss = 1.9596e-03, PNorm = 47.8644, GNorm = 0.4713, lr_0 = 1.0746e-04
Loss = 2.0261e-03, PNorm = 47.8665, GNorm = 0.6841, lr_0 = 1.0709e-04
Loss = 1.8506e-03, PNorm = 47.8705, GNorm = 0.5297, lr_0 = 1.0672e-04
Loss = 2.1704e-03, PNorm = 47.8750, GNorm = 0.8350, lr_0 = 1.0636e-04
Validation rmse = 1.120638
Epoch 39
Loss = 1.3875e-03, PNorm = 47.8785, GNorm = 0.3618, lr_0 = 1.0599e-04
Loss = 1.8246e-03, PNorm = 47.8809, GNorm = 0.4246, lr_0 = 1.0563e-04
Loss = 1.5384e-03, PNorm = 47.8829, GNorm = 0.5567, lr_0 = 1.0526e-04
Loss = 1.5777e-03, PNorm = 47.8856, GNorm = 1.1206, lr_0 = 1.0490e-04
Loss = 2.2279e-03, PNorm = 47.8893, GNorm = 1.4145, lr_0 = 1.0454e-04
Loss = 1.9187e-03, PNorm = 47.8925, GNorm = 0.8356, lr_0 = 1.0418e-04
Loss = 1.8892e-03, PNorm = 47.8966, GNorm = 0.6516, lr_0 = 1.0382e-04
Loss = 1.7816e-03, PNorm = 47.8984, GNorm = 0.5958, lr_0 = 1.0347e-04
Loss = 2.0481e-03, PNorm = 47.8999, GNorm = 0.4329, lr_0 = 1.0311e-04
Loss = 1.5683e-03, PNorm = 47.9022, GNorm = 0.5670, lr_0 = 1.0276e-04
Loss = 1.2581e-03, PNorm = 47.9050, GNorm = 0.4974, lr_0 = 1.0240e-04
Loss = 1.5151e-03, PNorm = 47.9092, GNorm = 0.8976, lr_0 = 1.0205e-04
Loss = 1.7315e-03, PNorm = 47.9130, GNorm = 0.5450, lr_0 = 1.0170e-04
Loss = 1.6927e-03, PNorm = 47.9151, GNorm = 0.4760, lr_0 = 1.0135e-04
Loss = 2.0942e-03, PNorm = 47.9178, GNorm = 0.7297, lr_0 = 1.0100e-04
Loss = 1.8122e-03, PNorm = 47.9210, GNorm = 0.6204, lr_0 = 1.0066e-04
Loss = 1.4020e-03, PNorm = 47.9218, GNorm = 0.4189, lr_0 = 1.0031e-04
Loss = 1.9876e-03, PNorm = 47.9244, GNorm = 0.7089, lr_0 = 1.0000e-04
Validation rmse = 1.135846
Model 0 best validation rmse = 0.941906 on epoch 13
Loading pretrained parameter "encoder.encoder.cached_zero_vector".
Loading pretrained parameter "encoder.encoder.W_i.weight".
Loading pretrained parameter "encoder.encoder.W_h.weight".
Loading pretrained parameter "encoder.encoder.W_o.weight".
Loading pretrained parameter "encoder.encoder.W_o.bias".
Loading pretrained parameter "ffn.1.weight".
Loading pretrained parameter "ffn.1.bias".
Loading pretrained parameter "ffn.4.weight".
Loading pretrained parameter "ffn.4.bias".
Loading pretrained parameter "ffn.7.weight".
Loading pretrained parameter "ffn.7.bias".
Model 0 test rmse = 0.941906
Ensemble test rmse = 0.941906
1-fold cross validation
Seed 5 ==> test rmse = 0.941906
Overall test rmse = 0.941906 +/- 0.000000
