Fold 0
Model 0 best validation rmse = 0.988594 on epoch 14
Model 0 test rmse = 0.888062
Ensemble test rmse = 0.888062
1-fold cross validation
	Seed 42 ==> test rmse = 0.888062
Overall test rmse = 0.888062 +/- 0.000000
Elapsed time = 0:06:15
Fold 0
Model 0 best validation rmse = 0.889198 on epoch 23
Model 0 test rmse = 1.016737
Ensemble test rmse = 1.016737
1-fold cross validation
	Seed 42 ==> test rmse = 1.016737
Overall test rmse = 1.016737 +/- 0.000000
Elapsed time = 0:06:23
Fold 0
Model 0 best validation rmse = 0.889024 on epoch 22
Model 0 test rmse = 0.878807
Ensemble test rmse = 0.878807
1-fold cross validation
	Seed 42 ==> test rmse = 0.878807
Overall test rmse = 0.878807 +/- 0.000000
Elapsed time = 0:06:27
Fold 0
Model 0 best validation rmse = 0.879277 on epoch 17
Model 0 test rmse = 0.924593
Ensemble test rmse = 0.924593
1-fold cross validation
	Seed 42 ==> test rmse = 0.924593
Overall test rmse = 0.924593 +/- 0.000000
Elapsed time = 0:06:13
Fold 0
Model 0 best validation rmse = 0.881056 on epoch 17
Model 0 test rmse = 0.826890
Ensemble test rmse = 0.826890
1-fold cross validation
	Seed 42 ==> test rmse = 0.826890
Overall test rmse = 0.826890 +/- 0.000000
Elapsed time = 0:06:58
