Fold 0
Fold 0
Fold 0
Fold 0
Fold 0
Fold 0
Model 0 best validation rmse = 0.475761 on epoch 3
Model 0 test rmse = 0.474726
Ensemble test rmse = 0.474726
1-fold cross validation
Seed 5 ==> test rmse = 0.474726
Overall test rmse = 0.474726 +/- 0.000000
Fold 0
Fold 0
Model 0 best validation rmse = 0.468589 on epoch 4
Model 0 test rmse = 0.464868
Ensemble test rmse = 0.464868
1-fold cross validation
Seed 5 ==> test rmse = 0.464868
Overall test rmse = 0.464868 +/- 0.000000
Fold 0
Model 0 best validation rmse = 0.457575 on epoch 3
Model 0 test rmse = 0.453274
Ensemble test rmse = 0.453274
1-fold cross validation
Seed 5 ==> test rmse = 0.453274
Overall test rmse = 0.453274 +/- 0.000000
Fold 0
Model 0 best validation rmse = 0.361034 on epoch 35
Model 0 test rmse = 0.369391
Ensemble test rmse = 0.369391
1-fold cross validation
Seed 5 ==> test rmse = 0.369391
Overall test rmse = 0.369391 +/- 0.000000
Fold 0
Fold 0
