Fold 0
Fold 0
Model 0 best validation rmse = 1.000675 on epoch 45
Model 0 test rmse = 0.875174
Ensemble test rmse = 0.875174
1-fold cross validation
Seed 5 ==> test rmse = 0.875174
Overall test rmse = 0.875174 +/- 0.000000
Fold 0
Model 0 best validation rmse = 1.005570 on epoch 26
Model 0 test rmse = 0.835642
Ensemble test rmse = 0.835642
1-fold cross validation
Seed 5 ==> test rmse = 0.835642
Overall test rmse = 0.835642 +/- 0.000000
Fold 0
Model 0 best validation rmse = 1.005697 on epoch 28
Model 0 test rmse = 0.909661
Ensemble test rmse = 0.909661
1-fold cross validation
Seed 5 ==> test rmse = 0.909661
Overall test rmse = 0.909661 +/- 0.000000
Fold 0
Model 0 best validation rmse = 1.005115 on epoch 48
Model 0 test rmse = 0.913532
Ensemble test rmse = 0.913532
1-fold cross validation
Seed 5 ==> test rmse = 0.913532
Overall test rmse = 0.913532 +/- 0.000000
Fold 0
Model 0 best validation rmse = 1.008789 on epoch 36
Model 0 test rmse = 0.858138
Ensemble test rmse = 0.858138
1-fold cross validation
Seed 5 ==> test rmse = 0.858138
Overall test rmse = 0.858138 +/- 0.000000
