Fold 0
{'activation': 'ReLU',
 'atom_messages': False,
 'batch_size': 50,
 'bias': False,
 'checkpoint_dir': None,
 'checkpoint_path': None,
 'checkpoint_paths': None,
 'config_path': None,
 'crossval_index_dir': None,
 'crossval_index_file': None,
 'cuda': False,
 'data_path': 'Data/Multitask_data/All_datasets/Splits/Predict_4CR_random_split/train.csv',
 'dataset_type': 'regression',
 'depth': 3,
 'dropout': 0.0,
 'ensemble_size': 1,
 'epochs': 40,
 'features_generator': None,
 'features_only': False,
 'features_path': ['Data/Multitask_data/All_datasets/Splits/Predict_4CR_random_split/train_extra_x.csv'],
 'features_scaling': True,
 'ffn_hidden_size': 300,
 'ffn_num_layers': 3,
 'final_lr': 0.0001,
 'folds_file': None,
 'gpu': None,
 'hidden_size': 300,
 'init_lr': 0.0001,
 'log_frequency': 10,
 'max_data_size': None,
 'max_lr': 0.001,
 'metric': 'rmse',
 'minimize_score': True,
 'multiclass_num_classes': 3,
 'no_cache': False,
 'num_folds': 1,
 'num_lrs': 1,
 'quiet': False,
 'save_dir': 'Data/Multitask_data/All_datasets/Splits/Predict_4CR_random_split/trained_model/fold_0',
 'save_smiles_splits': False,
 'seed': 5,
 'separate_test_features_path': ['Data/Multitask_data/All_datasets/Splits/Predict_4CR_random_split/test_extra_x.csv'],
 'separate_test_path': 'Data/Multitask_data/All_datasets/Splits/Predict_4CR_random_split/test.csv',
 'separate_val_features_path': ['Data/Multitask_data/All_datasets/Splits/Predict_4CR_random_split/valid_extra_x.csv'],
 'separate_val_path': 'Data/Multitask_data/All_datasets/Splits/Predict_4CR_random_split/valid.csv',
 'show_individual_scores': False,
 'split_sizes': [0.675, 0.075, 0.25],
 'split_type': 'random',
 'test': False,
 'test_fold_index': None,
 'undirected': False,
 'use_compound_names': False,
 'use_input_features': True,
 'val_fold_index': None,
 'warmup_epochs': 2.0}
Loading data
Number of tasks = 1
Splitting data with seed 5
Total size = 10,700 | train size = 10,700 | val size = 117 | test size = 168
Fitting scaler
Building model 0
MoleculeModel(
  (encoder): MPN(
    (encoder): MPNEncoder(
      (dropout_layer): Dropout(p=0.0, inplace=False)
      (act_func): ReLU()
      (W_i): Linear(in_features=147, out_features=300, bias=False)
      (W_h): Linear(in_features=300, out_features=300, bias=False)
      (W_o): Linear(in_features=433, out_features=300, bias=True)
    )
  )
  (ffn): Sequential(
    (0): Dropout(p=0.0, inplace=False)
    (1): Linear(in_features=344, out_features=300, bias=True)
    (2): ReLU()
    (3): Dropout(p=0.0, inplace=False)
    (4): Linear(in_features=300, out_features=300, bias=True)
    (5): ReLU()
    (6): Dropout(p=0.0, inplace=False)
    (7): Linear(in_features=300, out_features=1, bias=True)
  )
)
Number of parameters = 458,401
Epoch 0
Loss = 1.5806e-02, PNorm = 38.3537, GNorm = 3.2532, lr_0 = 1.2313e-04
Loss = 8.7935e-03, PNorm = 38.3610, GNorm = 1.6930, lr_0 = 1.4416e-04
Loss = 5.7589e-03, PNorm = 38.3682, GNorm = 0.8658, lr_0 = 1.6519e-04
Loss = 5.0537e-03, PNorm = 38.3722, GNorm = 0.8667, lr_0 = 1.8621e-04
Loss = 4.8827e-03, PNorm = 38.3758, GNorm = 2.3692, lr_0 = 2.0724e-04
Loss = 3.9234e-03, PNorm = 38.3786, GNorm = 1.5906, lr_0 = 2.2827e-04
Loss = 5.1316e-03, PNorm = 38.3789, GNorm = 1.6455, lr_0 = 2.4930e-04
Loss = 5.5731e-03, PNorm = 38.3799, GNorm = 2.6144, lr_0 = 2.7033e-04
Loss = 4.2352e-03, PNorm = 38.3837, GNorm = 1.4600, lr_0 = 2.9136e-04
Loss = 4.8028e-03, PNorm = 38.3866, GNorm = 1.3010, lr_0 = 3.1238e-04
Loss = 4.0308e-03, PNorm = 38.3914, GNorm = 0.8365, lr_0 = 3.3341e-04
Loss = 4.0745e-03, PNorm = 38.3990, GNorm = 1.5360, lr_0 = 3.5444e-04
Loss = 3.6362e-03, PNorm = 38.4072, GNorm = 1.1014, lr_0 = 3.7547e-04
Loss = 4.2556e-03, PNorm = 38.4105, GNorm = 1.5736, lr_0 = 3.9650e-04
Loss = 4.6874e-03, PNorm = 38.4179, GNorm = 1.2175, lr_0 = 4.1752e-04
Loss = 3.7819e-03, PNorm = 38.4249, GNorm = 1.1903, lr_0 = 4.3855e-04
Loss = 5.4795e-03, PNorm = 38.4357, GNorm = 1.3309, lr_0 = 4.5958e-04
Loss = 3.7048e-03, PNorm = 38.4461, GNorm = 1.6843, lr_0 = 4.8061e-04
Loss = 5.9270e-03, PNorm = 38.4507, GNorm = 6.1675, lr_0 = 5.0164e-04
Loss = 4.8812e-03, PNorm = 38.4534, GNorm = 1.7925, lr_0 = 5.2266e-04
Loss = 4.4119e-03, PNorm = 38.4618, GNorm = 0.8322, lr_0 = 5.4369e-04
Validation rmse = 0.838680
Epoch 1
Loss = 4.2822e-03, PNorm = 38.4699, GNorm = 2.1245, lr_0 = 5.6472e-04
Loss = 3.9582e-03, PNorm = 38.4794, GNorm = 0.5878, lr_0 = 5.8575e-04
Loss = 5.8219e-03, PNorm = 38.4944, GNorm = 0.7947, lr_0 = 6.0678e-04
Loss = 4.3119e-03, PNorm = 38.5080, GNorm = 1.3459, lr_0 = 6.2780e-04
Loss = 4.5263e-03, PNorm = 38.5209, GNorm = 1.0564, lr_0 = 6.4883e-04
Loss = 4.1524e-03, PNorm = 38.5383, GNorm = 1.1411, lr_0 = 6.6986e-04
Loss = 3.8952e-03, PNorm = 38.5503, GNorm = 1.3275, lr_0 = 6.9089e-04
Loss = 4.3178e-03, PNorm = 38.5662, GNorm = 1.1389, lr_0 = 7.1192e-04
Loss = 3.9064e-03, PNorm = 38.5796, GNorm = 1.1266, lr_0 = 7.3294e-04
Loss = 5.1472e-03, PNorm = 38.6001, GNorm = 1.5448, lr_0 = 7.5397e-04
Loss = 4.1039e-03, PNorm = 38.6147, GNorm = 1.1366, lr_0 = 7.7500e-04
Loss = 3.7448e-03, PNorm = 38.6270, GNorm = 0.8371, lr_0 = 7.9603e-04
Loss = 3.4558e-03, PNorm = 38.6430, GNorm = 0.9877, lr_0 = 8.1706e-04
Loss = 4.3118e-03, PNorm = 38.6650, GNorm = 0.5977, lr_0 = 8.3808e-04
Loss = 3.8657e-03, PNorm = 38.6938, GNorm = 0.9036, lr_0 = 8.5911e-04
Loss = 4.8156e-03, PNorm = 38.7179, GNorm = 1.7195, lr_0 = 8.8014e-04
Loss = 3.3538e-03, PNorm = 38.7417, GNorm = 0.5519, lr_0 = 9.0117e-04
Loss = 3.8592e-03, PNorm = 38.7644, GNorm = 1.0999, lr_0 = 9.2220e-04
Loss = 3.4840e-03, PNorm = 38.8026, GNorm = 1.0379, lr_0 = 9.4322e-04
Loss = 3.3121e-03, PNorm = 38.8342, GNorm = 0.5857, lr_0 = 9.6425e-04
Loss = 4.2274e-03, PNorm = 38.8633, GNorm = 0.8743, lr_0 = 9.8528e-04
Validation rmse = 0.799457
Epoch 2
Loss = 2.7745e-03, PNorm = 38.8995, GNorm = 1.4032, lr_0 = 9.9915e-04
Loss = 4.5650e-03, PNorm = 38.9450, GNorm = 1.4822, lr_0 = 9.9633e-04
Loss = 2.7427e-03, PNorm = 38.9828, GNorm = 0.7875, lr_0 = 9.9351e-04
Loss = 3.7716e-03, PNorm = 39.0247, GNorm = 0.8901, lr_0 = 9.9070e-04
Loss = 3.2800e-03, PNorm = 39.0702, GNorm = 0.9471, lr_0 = 9.8790e-04
Loss = 4.9774e-03, PNorm = 39.1282, GNorm = 0.7032, lr_0 = 9.8511e-04
Loss = 3.1539e-03, PNorm = 39.1822, GNorm = 1.2587, lr_0 = 9.8232e-04
Loss = 4.1360e-03, PNorm = 39.2339, GNorm = 0.9254, lr_0 = 9.7954e-04
Loss = 5.5126e-03, PNorm = 39.2931, GNorm = 1.1067, lr_0 = 9.7677e-04
Loss = 3.0826e-03, PNorm = 39.3471, GNorm = 0.4472, lr_0 = 9.7401e-04
Loss = 3.7341e-03, PNorm = 39.3939, GNorm = 1.5864, lr_0 = 9.7126e-04
Loss = 2.8803e-03, PNorm = 39.4502, GNorm = 0.6129, lr_0 = 9.6851e-04
Loss = 3.1162e-03, PNorm = 39.5006, GNorm = 0.8979, lr_0 = 9.6577e-04
Loss = 3.3554e-03, PNorm = 39.5468, GNorm = 0.5252, lr_0 = 9.6304e-04
Loss = 4.2643e-03, PNorm = 39.5805, GNorm = 0.6062, lr_0 = 9.6032e-04
Loss = 3.1325e-03, PNorm = 39.6226, GNorm = 0.4666, lr_0 = 9.5760e-04
Loss = 3.0730e-03, PNorm = 39.6483, GNorm = 1.0396, lr_0 = 9.5490e-04
Loss = 4.3406e-03, PNorm = 39.6812, GNorm = 0.6105, lr_0 = 9.5220e-04
Loss = 3.8041e-03, PNorm = 39.7070, GNorm = 0.9264, lr_0 = 9.4950e-04
Loss = 3.7269e-03, PNorm = 39.7395, GNorm = 0.7234, lr_0 = 9.4682e-04
Loss = 3.5630e-03, PNorm = 39.7890, GNorm = 0.7462, lr_0 = 9.4414e-04
Loss = 3.1603e-03, PNorm = 39.8283, GNorm = 0.5355, lr_0 = 9.4147e-04
Validation rmse = 0.840856
Epoch 3
Loss = 3.2562e-03, PNorm = 39.8455, GNorm = 0.6106, lr_0 = 9.3881e-04
Loss = 3.5125e-03, PNorm = 39.8882, GNorm = 0.9192, lr_0 = 9.3616e-04
Loss = 2.8777e-03, PNorm = 39.9164, GNorm = 0.6112, lr_0 = 9.3351e-04
Loss = 2.9952e-03, PNorm = 39.9421, GNorm = 0.4324, lr_0 = 9.3087e-04
Loss = 3.2073e-03, PNorm = 39.9819, GNorm = 0.7324, lr_0 = 9.2824e-04
Loss = 2.5663e-03, PNorm = 40.0153, GNorm = 1.0206, lr_0 = 9.2561e-04
Loss = 5.4878e-03, PNorm = 40.0369, GNorm = 0.6669, lr_0 = 9.2299e-04
Loss = 3.6945e-03, PNorm = 40.0955, GNorm = 1.2977, lr_0 = 9.2038e-04
Loss = 3.2901e-03, PNorm = 40.1270, GNorm = 1.0190, lr_0 = 9.1778e-04
Loss = 3.4812e-03, PNorm = 40.1643, GNorm = 0.5835, lr_0 = 9.1519e-04
Loss = 3.6249e-03, PNorm = 40.1997, GNorm = 0.4582, lr_0 = 9.1260e-04
Loss = 3.0535e-03, PNorm = 40.2373, GNorm = 1.1264, lr_0 = 9.1002e-04
Loss = 3.2899e-03, PNorm = 40.2758, GNorm = 0.8084, lr_0 = 9.0745e-04
Loss = 2.4914e-03, PNorm = 40.3107, GNorm = 0.6226, lr_0 = 9.0488e-04
Loss = 5.3850e-03, PNorm = 40.3307, GNorm = 0.8904, lr_0 = 9.0232e-04
Loss = 3.2106e-03, PNorm = 40.3826, GNorm = 1.2946, lr_0 = 8.9977e-04
Loss = 4.9928e-03, PNorm = 40.4121, GNorm = 1.1470, lr_0 = 8.9723e-04
Loss = 2.9888e-03, PNorm = 40.4635, GNorm = 1.3156, lr_0 = 8.9469e-04
Loss = 3.0948e-03, PNorm = 40.4877, GNorm = 0.7368, lr_0 = 8.9216e-04
Loss = 2.8836e-03, PNorm = 40.5148, GNorm = 0.5555, lr_0 = 8.8964e-04
Loss = 3.3752e-03, PNorm = 40.5566, GNorm = 0.7133, lr_0 = 8.8712e-04
Validation rmse = 0.773296
Epoch 4
Loss = 2.8462e-03, PNorm = 40.5802, GNorm = 0.6152, lr_0 = 8.8461e-04
Loss = 3.0038e-03, PNorm = 40.6015, GNorm = 0.5390, lr_0 = 8.8211e-04
Loss = 3.4024e-03, PNorm = 40.6210, GNorm = 0.6480, lr_0 = 8.7962e-04
Loss = 3.6192e-03, PNorm = 40.6618, GNorm = 0.7882, lr_0 = 8.7713e-04
Loss = 3.2311e-03, PNorm = 40.6880, GNorm = 0.5044, lr_0 = 8.7465e-04
Loss = 3.9342e-03, PNorm = 40.7192, GNorm = 0.6172, lr_0 = 8.7218e-04
Loss = 3.2741e-03, PNorm = 40.7712, GNorm = 0.5829, lr_0 = 8.6971e-04
Loss = 4.2427e-03, PNorm = 40.7996, GNorm = 0.4934, lr_0 = 8.6725e-04
Loss = 3.5129e-03, PNorm = 40.8099, GNorm = 0.6775, lr_0 = 8.6480e-04
Loss = 3.8366e-03, PNorm = 40.8649, GNorm = 0.6948, lr_0 = 8.6236e-04
Loss = 3.4536e-03, PNorm = 40.9116, GNorm = 0.4844, lr_0 = 8.5992e-04
Loss = 3.1399e-03, PNorm = 40.9302, GNorm = 0.6333, lr_0 = 8.5749e-04
Loss = 2.6692e-03, PNorm = 40.9555, GNorm = 0.5706, lr_0 = 8.5506e-04
Loss = 2.9653e-03, PNorm = 40.9962, GNorm = 0.5703, lr_0 = 8.5264e-04
Loss = 2.8392e-03, PNorm = 41.0178, GNorm = 0.7760, lr_0 = 8.5023e-04
Loss = 3.9523e-03, PNorm = 41.0450, GNorm = 0.6167, lr_0 = 8.4783e-04
Loss = 3.3375e-03, PNorm = 41.0715, GNorm = 0.4367, lr_0 = 8.4543e-04
Loss = 2.9618e-03, PNorm = 41.1072, GNorm = 0.4533, lr_0 = 8.4304e-04
Loss = 2.9826e-03, PNorm = 41.1348, GNorm = 0.4184, lr_0 = 8.4066e-04
Loss = 2.5524e-03, PNorm = 41.1485, GNorm = 0.6706, lr_0 = 8.3828e-04
Loss = 2.8184e-03, PNorm = 41.1871, GNorm = 1.0558, lr_0 = 8.3591e-04
Loss = 2.8021e-03, PNorm = 41.2213, GNorm = 0.4035, lr_0 = 8.3355e-04
Validation rmse = 0.777280
Epoch 5
Loss = 2.7874e-03, PNorm = 41.2490, GNorm = 0.4234, lr_0 = 8.3119e-04
Loss = 3.4550e-03, PNorm = 41.2849, GNorm = 0.6244, lr_0 = 8.2884e-04
Loss = 3.6738e-03, PNorm = 41.3247, GNorm = 0.8386, lr_0 = 8.2650e-04
Loss = 2.5385e-03, PNorm = 41.3516, GNorm = 0.6335, lr_0 = 8.2416e-04
Loss = 2.6074e-03, PNorm = 41.3880, GNorm = 0.6440, lr_0 = 8.2183e-04
Loss = 3.3832e-03, PNorm = 41.4118, GNorm = 0.4130, lr_0 = 8.1950e-04
Loss = 2.3846e-03, PNorm = 41.4372, GNorm = 0.3196, lr_0 = 8.1719e-04
Loss = 3.0086e-03, PNorm = 41.4615, GNorm = 0.5791, lr_0 = 8.1488e-04
Loss = 3.9696e-03, PNorm = 41.4858, GNorm = 0.6812, lr_0 = 8.1257e-04
Loss = 2.4891e-03, PNorm = 41.5220, GNorm = 0.7580, lr_0 = 8.1028e-04
Loss = 2.6523e-03, PNorm = 41.5410, GNorm = 0.7410, lr_0 = 8.0798e-04
Loss = 3.4292e-03, PNorm = 41.5575, GNorm = 0.4704, lr_0 = 8.0570e-04
Loss = 2.6970e-03, PNorm = 41.5851, GNorm = 0.9395, lr_0 = 8.0342e-04
Loss = 2.7912e-03, PNorm = 41.6239, GNorm = 0.8285, lr_0 = 8.0115e-04
Loss = 3.9251e-03, PNorm = 41.6587, GNorm = 0.9647, lr_0 = 7.9888e-04
Loss = 2.6280e-03, PNorm = 41.6921, GNorm = 0.5659, lr_0 = 7.9663e-04
Loss = 3.1021e-03, PNorm = 41.7293, GNorm = 0.5250, lr_0 = 7.9437e-04
Loss = 2.9179e-03, PNorm = 41.7579, GNorm = 0.5238, lr_0 = 7.9213e-04
Loss = 2.8029e-03, PNorm = 41.7930, GNorm = 0.5671, lr_0 = 7.8989e-04
Loss = 4.5588e-03, PNorm = 41.8070, GNorm = 0.6345, lr_0 = 7.8765e-04
Loss = 3.2397e-03, PNorm = 41.8324, GNorm = 0.4970, lr_0 = 7.8543e-04
Validation rmse = 0.834431
Epoch 6
Loss = 2.9395e-03, PNorm = 41.8773, GNorm = 0.4821, lr_0 = 7.8321e-04
Loss = 2.4902e-03, PNorm = 41.9085, GNorm = 0.5916, lr_0 = 7.8099e-04
Loss = 2.6484e-03, PNorm = 41.9463, GNorm = 0.6033, lr_0 = 7.7878e-04
Loss = 2.8100e-03, PNorm = 41.9749, GNorm = 0.4037, lr_0 = 7.7658e-04
Loss = 2.5988e-03, PNorm = 42.0142, GNorm = 0.8980, lr_0 = 7.7439e-04
Loss = 3.7651e-03, PNorm = 42.0475, GNorm = 1.0356, lr_0 = 7.7220e-04
Loss = 3.3108e-03, PNorm = 42.0760, GNorm = 0.7068, lr_0 = 7.7001e-04
Loss = 4.3850e-03, PNorm = 42.1038, GNorm = 0.5082, lr_0 = 7.6784e-04
Loss = 2.9219e-03, PNorm = 42.1434, GNorm = 0.4401, lr_0 = 7.6566e-04
Loss = 2.2479e-03, PNorm = 42.1654, GNorm = 0.3420, lr_0 = 7.6350e-04
Loss = 3.2178e-03, PNorm = 42.1809, GNorm = 0.7276, lr_0 = 7.6134e-04
Loss = 2.5882e-03, PNorm = 42.2055, GNorm = 0.5915, lr_0 = 7.5919e-04
Loss = 3.0097e-03, PNorm = 42.2203, GNorm = 0.6483, lr_0 = 7.5704e-04
Loss = 2.8755e-03, PNorm = 42.2525, GNorm = 0.5869, lr_0 = 7.5490e-04
Loss = 2.8812e-03, PNorm = 42.2801, GNorm = 0.9406, lr_0 = 7.5277e-04
Loss = 2.6520e-03, PNorm = 42.3061, GNorm = 0.4309, lr_0 = 7.5064e-04
Loss = 3.5001e-03, PNorm = 42.3410, GNorm = 0.4364, lr_0 = 7.4852e-04
Loss = 3.6271e-03, PNorm = 42.3703, GNorm = 0.3740, lr_0 = 7.4640e-04
Loss = 2.1804e-03, PNorm = 42.4092, GNorm = 0.5919, lr_0 = 7.4429e-04
Loss = 3.2074e-03, PNorm = 42.4305, GNorm = 0.4411, lr_0 = 7.4218e-04
Loss = 3.5325e-03, PNorm = 42.4636, GNorm = 0.6265, lr_0 = 7.4009e-04
Validation rmse = 0.843485
Epoch 7
Loss = 4.0413e-03, PNorm = 42.4925, GNorm = 0.6672, lr_0 = 7.3799e-04
Loss = 2.6387e-03, PNorm = 42.5459, GNorm = 0.8200, lr_0 = 7.3591e-04
Loss = 2.5009e-03, PNorm = 42.5735, GNorm = 1.3356, lr_0 = 7.3383e-04
Loss = 2.6457e-03, PNorm = 42.6119, GNorm = 0.6541, lr_0 = 7.3175e-04
Loss = 3.3510e-03, PNorm = 42.6567, GNorm = 0.4907, lr_0 = 7.2968e-04
Loss = 3.1211e-03, PNorm = 42.6873, GNorm = 0.5892, lr_0 = 7.2762e-04
Loss = 2.7909e-03, PNorm = 42.7226, GNorm = 0.4591, lr_0 = 7.2556e-04
Loss = 2.9150e-03, PNorm = 42.7468, GNorm = 0.5187, lr_0 = 7.2351e-04
Loss = 2.7450e-03, PNorm = 42.7589, GNorm = 0.4623, lr_0 = 7.2146e-04
Loss = 3.3360e-03, PNorm = 42.7879, GNorm = 0.8066, lr_0 = 7.1942e-04
Loss = 2.9157e-03, PNorm = 42.8086, GNorm = 0.7052, lr_0 = 7.1739e-04
Loss = 2.6695e-03, PNorm = 42.8329, GNorm = 0.3100, lr_0 = 7.1536e-04
Loss = 2.9039e-03, PNorm = 42.8474, GNorm = 0.8541, lr_0 = 7.1334e-04
Loss = 3.2005e-03, PNorm = 42.8878, GNorm = 0.3445, lr_0 = 7.1132e-04
Loss = 2.2010e-03, PNorm = 42.9150, GNorm = 0.3982, lr_0 = 7.0931e-04
Loss = 3.4683e-03, PNorm = 42.9437, GNorm = 0.6831, lr_0 = 7.0730e-04
Loss = 3.5366e-03, PNorm = 42.9790, GNorm = 0.6448, lr_0 = 7.0530e-04
Loss = 3.9275e-03, PNorm = 43.0050, GNorm = 0.4425, lr_0 = 7.0331e-04
Loss = 2.4753e-03, PNorm = 43.0293, GNorm = 0.5175, lr_0 = 7.0132e-04
Loss = 2.4277e-03, PNorm = 43.0484, GNorm = 0.4734, lr_0 = 6.9934e-04
Loss = 2.4192e-03, PNorm = 43.0791, GNorm = 0.7638, lr_0 = 6.9736e-04
Loss = 3.1121e-03, PNorm = 43.0990, GNorm = 0.5506, lr_0 = 6.9539e-04
Validation rmse = 0.802491
Epoch 8
Loss = 2.5604e-03, PNorm = 43.1325, GNorm = 0.5636, lr_0 = 6.9342e-04
Loss = 3.5572e-03, PNorm = 43.1587, GNorm = 0.5122, lr_0 = 6.9146e-04
Loss = 2.5071e-03, PNorm = 43.1869, GNorm = 0.3412, lr_0 = 6.8951e-04
Loss = 3.0389e-03, PNorm = 43.2135, GNorm = 0.5958, lr_0 = 6.8756e-04
Loss = 2.6594e-03, PNorm = 43.2290, GNorm = 0.3844, lr_0 = 6.8561e-04
Loss = 2.6652e-03, PNorm = 43.2593, GNorm = 0.6431, lr_0 = 6.8368e-04
Loss = 2.4806e-03, PNorm = 43.2797, GNorm = 0.7034, lr_0 = 6.8174e-04
Loss = 3.4061e-03, PNorm = 43.3064, GNorm = 0.7231, lr_0 = 6.7981e-04
Loss = 3.7245e-03, PNorm = 43.3393, GNorm = 0.6555, lr_0 = 6.7789e-04
Loss = 2.3061e-03, PNorm = 43.3777, GNorm = 0.3996, lr_0 = 6.7598e-04
Loss = 2.2751e-03, PNorm = 43.3964, GNorm = 0.5404, lr_0 = 6.7406e-04
Loss = 2.9266e-03, PNorm = 43.4151, GNorm = 0.8965, lr_0 = 6.7216e-04
Loss = 3.0510e-03, PNorm = 43.4402, GNorm = 0.5477, lr_0 = 6.7026e-04
Loss = 2.6153e-03, PNorm = 43.4638, GNorm = 0.5616, lr_0 = 6.6836e-04
Loss = 3.4647e-03, PNorm = 43.4761, GNorm = 0.4943, lr_0 = 6.6647e-04
Loss = 3.2106e-03, PNorm = 43.4965, GNorm = 0.3967, lr_0 = 6.6459e-04
Loss = 2.7647e-03, PNorm = 43.5291, GNorm = 1.0023, lr_0 = 6.6271e-04
Loss = 2.7027e-03, PNorm = 43.5657, GNorm = 0.5775, lr_0 = 6.6084e-04
Loss = 2.4973e-03, PNorm = 43.5906, GNorm = 0.6266, lr_0 = 6.5897e-04
Loss = 2.3091e-03, PNorm = 43.6160, GNorm = 0.6992, lr_0 = 6.5710e-04
Loss = 2.4956e-03, PNorm = 43.6354, GNorm = 0.4537, lr_0 = 6.5525e-04
Validation rmse = 0.759330
Epoch 9
Loss = 2.0362e-03, PNorm = 43.6483, GNorm = 0.5744, lr_0 = 6.5339e-04
Loss = 2.8766e-03, PNorm = 43.6647, GNorm = 0.4195, lr_0 = 6.5155e-04
Loss = 2.7542e-03, PNorm = 43.6941, GNorm = 0.8019, lr_0 = 6.4970e-04
Loss = 2.3091e-03, PNorm = 43.7335, GNorm = 0.5599, lr_0 = 6.4787e-04
Loss = 2.2809e-03, PNorm = 43.7581, GNorm = 0.4262, lr_0 = 6.4603e-04
Loss = 2.3582e-03, PNorm = 43.7770, GNorm = 0.6620, lr_0 = 6.4421e-04
Loss = 3.6460e-03, PNorm = 43.7977, GNorm = 0.5329, lr_0 = 6.4239e-04
Loss = 4.1899e-03, PNorm = 43.8278, GNorm = 0.5363, lr_0 = 6.4057e-04
Loss = 3.4347e-03, PNorm = 43.8625, GNorm = 0.9912, lr_0 = 6.3876e-04
Loss = 2.7800e-03, PNorm = 43.8905, GNorm = 0.5105, lr_0 = 6.3695e-04
Loss = 2.2069e-03, PNorm = 43.9253, GNorm = 0.7027, lr_0 = 6.3515e-04
Loss = 3.7885e-03, PNorm = 43.9505, GNorm = 0.5012, lr_0 = 6.3336e-04
Loss = 2.5962e-03, PNorm = 43.9823, GNorm = 0.4962, lr_0 = 6.3157e-04
Loss = 2.3861e-03, PNorm = 44.0030, GNorm = 0.5794, lr_0 = 6.2978e-04
Loss = 2.5455e-03, PNorm = 44.0328, GNorm = 0.5050, lr_0 = 6.2800e-04
Loss = 2.6525e-03, PNorm = 44.0539, GNorm = 0.6249, lr_0 = 6.2622e-04
Loss = 2.9063e-03, PNorm = 44.0769, GNorm = 0.4509, lr_0 = 6.2445e-04
Loss = 2.8078e-03, PNorm = 44.0944, GNorm = 0.5071, lr_0 = 6.2269e-04
Loss = 2.2041e-03, PNorm = 44.1246, GNorm = 0.5557, lr_0 = 6.2093e-04
Loss = 2.5081e-03, PNorm = 44.1432, GNorm = 0.4427, lr_0 = 6.1917e-04
Loss = 2.3696e-03, PNorm = 44.1764, GNorm = 0.4879, lr_0 = 6.1742e-04
Loss = 2.4332e-03, PNorm = 44.1995, GNorm = 0.6322, lr_0 = 6.1567e-04
Validation rmse = 0.777871
Epoch 10
Loss = 2.1478e-03, PNorm = 44.2158, GNorm = 0.6857, lr_0 = 6.1393e-04
Loss = 2.3347e-03, PNorm = 44.2335, GNorm = 0.7276, lr_0 = 6.1220e-04
Loss = 2.1920e-03, PNorm = 44.2591, GNorm = 0.4992, lr_0 = 6.1047e-04
Loss = 3.2178e-03, PNorm = 44.2810, GNorm = 0.5105, lr_0 = 6.0874e-04
Loss = 2.4881e-03, PNorm = 44.3083, GNorm = 0.4375, lr_0 = 6.0702e-04
Loss = 2.5307e-03, PNorm = 44.3413, GNorm = 0.5186, lr_0 = 6.0530e-04
Loss = 2.5638e-03, PNorm = 44.3691, GNorm = 0.5794, lr_0 = 6.0359e-04
Loss = 2.5031e-03, PNorm = 44.3907, GNorm = 0.3762, lr_0 = 6.0188e-04
Loss = 2.7475e-03, PNorm = 44.4074, GNorm = 0.4234, lr_0 = 6.0018e-04
Loss = 2.4767e-03, PNorm = 44.4388, GNorm = 0.5803, lr_0 = 5.9849e-04
Loss = 2.9969e-03, PNorm = 44.4556, GNorm = 0.4020, lr_0 = 5.9679e-04
Loss = 2.5914e-03, PNorm = 44.4756, GNorm = 0.5916, lr_0 = 5.9511e-04
Loss = 2.1286e-03, PNorm = 44.5038, GNorm = 0.4567, lr_0 = 5.9342e-04
Loss = 2.3559e-03, PNorm = 44.5211, GNorm = 0.3868, lr_0 = 5.9175e-04
Loss = 2.9572e-03, PNorm = 44.5453, GNorm = 0.3134, lr_0 = 5.9007e-04
Loss = 2.4257e-03, PNorm = 44.5741, GNorm = 0.8017, lr_0 = 5.8840e-04
Loss = 3.6809e-03, PNorm = 44.5906, GNorm = 0.9007, lr_0 = 5.8674e-04
Loss = 2.2535e-03, PNorm = 44.6110, GNorm = 0.3294, lr_0 = 5.8508e-04
Loss = 2.4056e-03, PNorm = 44.6302, GNorm = 0.3865, lr_0 = 5.8343e-04
Loss = 3.7780e-03, PNorm = 44.6502, GNorm = 0.4319, lr_0 = 5.8178e-04
Loss = 2.5746e-03, PNorm = 44.6770, GNorm = 0.7768, lr_0 = 5.8013e-04
Validation rmse = 0.766896
Epoch 11
Loss = 2.8169e-03, PNorm = 44.7044, GNorm = 0.5358, lr_0 = 5.7849e-04
Loss = 2.7891e-03, PNorm = 44.7278, GNorm = 0.3090, lr_0 = 5.7686e-04
Loss = 2.6535e-03, PNorm = 44.7548, GNorm = 0.3432, lr_0 = 5.7522e-04
Loss = 2.3726e-03, PNorm = 44.7912, GNorm = 0.4580, lr_0 = 5.7360e-04
Loss = 3.0552e-03, PNorm = 44.8124, GNorm = 0.3619, lr_0 = 5.7198e-04
Loss = 2.5725e-03, PNorm = 44.8377, GNorm = 0.4817, lr_0 = 5.7036e-04
Loss = 2.3606e-03, PNorm = 44.8647, GNorm = 0.3684, lr_0 = 5.6875e-04
Loss = 2.3801e-03, PNorm = 44.8799, GNorm = 0.5426, lr_0 = 5.6714e-04
Loss = 2.1776e-03, PNorm = 44.8992, GNorm = 0.3839, lr_0 = 5.6553e-04
Loss = 2.9349e-03, PNorm = 44.9171, GNorm = 0.6840, lr_0 = 5.6394e-04
Loss = 2.0103e-03, PNorm = 44.9438, GNorm = 0.4538, lr_0 = 5.6234e-04
Loss = 2.6729e-03, PNorm = 44.9630, GNorm = 0.6886, lr_0 = 5.6075e-04
Loss = 2.5571e-03, PNorm = 44.9850, GNorm = 0.5814, lr_0 = 5.5917e-04
Loss = 2.6273e-03, PNorm = 45.0084, GNorm = 0.6827, lr_0 = 5.5758e-04
Loss = 3.8979e-03, PNorm = 45.0259, GNorm = 0.5769, lr_0 = 5.5601e-04
Loss = 2.2904e-03, PNorm = 45.0510, GNorm = 0.5163, lr_0 = 5.5444e-04
Loss = 2.2597e-03, PNorm = 45.0709, GNorm = 0.8360, lr_0 = 5.5287e-04
Loss = 3.1222e-03, PNorm = 45.0929, GNorm = 0.6594, lr_0 = 5.5131e-04
Loss = 2.1592e-03, PNorm = 45.1174, GNorm = 0.4836, lr_0 = 5.4975e-04
Loss = 1.6693e-03, PNorm = 45.1330, GNorm = 0.4532, lr_0 = 5.4819e-04
Loss = 1.8134e-03, PNorm = 45.1574, GNorm = 0.4883, lr_0 = 5.4664e-04
Validation rmse = 0.786301
Epoch 12
Loss = 2.4466e-03, PNorm = 45.1781, GNorm = 0.7373, lr_0 = 5.4510e-04
Loss = 2.5607e-03, PNorm = 45.1992, GNorm = 0.4872, lr_0 = 5.4355e-04
Loss = 2.3293e-03, PNorm = 45.2323, GNorm = 0.6075, lr_0 = 5.4202e-04
Loss = 2.2093e-03, PNorm = 45.2603, GNorm = 0.5368, lr_0 = 5.4049e-04
Loss = 2.1559e-03, PNorm = 45.2804, GNorm = 0.6729, lr_0 = 5.3896e-04
Loss = 2.3362e-03, PNorm = 45.2937, GNorm = 0.6842, lr_0 = 5.3743e-04
Loss = 2.5232e-03, PNorm = 45.3159, GNorm = 0.4219, lr_0 = 5.3591e-04
Loss = 2.0818e-03, PNorm = 45.3393, GNorm = 0.4688, lr_0 = 5.3440e-04
Loss = 2.3539e-03, PNorm = 45.3639, GNorm = 0.5034, lr_0 = 5.3289e-04
Loss = 2.0406e-03, PNorm = 45.3882, GNorm = 0.5160, lr_0 = 5.3138e-04
Loss = 2.0809e-03, PNorm = 45.4071, GNorm = 0.6031, lr_0 = 5.2988e-04
Loss = 2.2026e-03, PNorm = 45.4305, GNorm = 0.4464, lr_0 = 5.2838e-04
Loss = 2.9973e-03, PNorm = 45.4596, GNorm = 0.4684, lr_0 = 5.2689e-04
Loss = 1.7380e-03, PNorm = 45.4779, GNorm = 0.7508, lr_0 = 5.2540e-04
Loss = 2.5238e-03, PNorm = 45.4980, GNorm = 0.3611, lr_0 = 5.2391e-04
Loss = 2.7896e-03, PNorm = 45.5172, GNorm = 0.3906, lr_0 = 5.2243e-04
Loss = 2.4952e-03, PNorm = 45.5452, GNorm = 0.6818, lr_0 = 5.2095e-04
Loss = 2.6208e-03, PNorm = 45.5523, GNorm = 0.3987, lr_0 = 5.1948e-04
Loss = 3.4261e-03, PNorm = 45.5597, GNorm = 0.3693, lr_0 = 5.1801e-04
Loss = 3.2715e-03, PNorm = 45.5769, GNorm = 0.6369, lr_0 = 5.1655e-04
Loss = 3.6181e-03, PNorm = 45.5936, GNorm = 0.8131, lr_0 = 5.1509e-04
Loss = 2.1613e-03, PNorm = 45.6137, GNorm = 0.2578, lr_0 = 5.1363e-04
Validation rmse = 0.761466
Epoch 13
Loss = 2.1652e-03, PNorm = 45.6431, GNorm = 0.2922, lr_0 = 5.1218e-04
Loss = 2.4066e-03, PNorm = 45.6593, GNorm = 0.4247, lr_0 = 5.1073e-04
Loss = 1.8726e-03, PNorm = 45.6749, GNorm = 0.2452, lr_0 = 5.0928e-04
Loss = 2.4753e-03, PNorm = 45.6961, GNorm = 0.6780, lr_0 = 5.0784e-04
Loss = 2.2527e-03, PNorm = 45.7225, GNorm = 0.4123, lr_0 = 5.0641e-04
Loss = 2.6621e-03, PNorm = 45.7396, GNorm = 1.0698, lr_0 = 5.0498e-04
Loss = 2.4601e-03, PNorm = 45.7561, GNorm = 0.5959, lr_0 = 5.0355e-04
Loss = 2.9086e-03, PNorm = 45.7781, GNorm = 0.3909, lr_0 = 5.0212e-04
Loss = 1.9452e-03, PNorm = 45.8020, GNorm = 0.4856, lr_0 = 5.0070e-04
Loss = 1.9565e-03, PNorm = 45.8162, GNorm = 0.4147, lr_0 = 4.9929e-04
Loss = 2.2882e-03, PNorm = 45.8318, GNorm = 0.4767, lr_0 = 4.9788e-04
Loss = 3.1427e-03, PNorm = 45.8530, GNorm = 0.6251, lr_0 = 4.9647e-04
Loss = 2.6001e-03, PNorm = 45.8708, GNorm = 0.4514, lr_0 = 4.9507e-04
Loss = 2.0848e-03, PNorm = 45.8991, GNorm = 0.4432, lr_0 = 4.9367e-04
Loss = 2.5643e-03, PNorm = 45.9227, GNorm = 0.4404, lr_0 = 4.9227e-04
Loss = 2.1991e-03, PNorm = 45.9371, GNorm = 0.6600, lr_0 = 4.9088e-04
Loss = 2.7311e-03, PNorm = 45.9554, GNorm = 0.2733, lr_0 = 4.8949e-04
Loss = 3.3872e-03, PNorm = 45.9719, GNorm = 1.5343, lr_0 = 4.8811e-04
Loss = 2.3189e-03, PNorm = 45.9842, GNorm = 0.5025, lr_0 = 4.8673e-04
Loss = 2.9958e-03, PNorm = 45.9972, GNorm = 0.6945, lr_0 = 4.8535e-04
Loss = 2.0003e-03, PNorm = 46.0177, GNorm = 0.3493, lr_0 = 4.8398e-04
Validation rmse = 0.804123
Epoch 14
Loss = 2.8267e-03, PNorm = 46.0342, GNorm = 0.5778, lr_0 = 4.8261e-04
Loss = 2.4888e-03, PNorm = 46.0508, GNorm = 0.4089, lr_0 = 4.8124e-04
Loss = 2.5327e-03, PNorm = 46.0696, GNorm = 0.5707, lr_0 = 4.7988e-04
Loss = 2.4156e-03, PNorm = 46.0920, GNorm = 1.1195, lr_0 = 4.7853e-04
Loss = 3.3927e-03, PNorm = 46.1197, GNorm = 0.6219, lr_0 = 4.7717e-04
Loss = 2.0498e-03, PNorm = 46.1437, GNorm = 0.5870, lr_0 = 4.7582e-04
Loss = 1.8963e-03, PNorm = 46.1564, GNorm = 0.3856, lr_0 = 4.7448e-04
Loss = 2.1971e-03, PNorm = 46.1737, GNorm = 0.7450, lr_0 = 4.7314e-04
Loss = 2.7407e-03, PNorm = 46.1948, GNorm = 1.3687, lr_0 = 4.7180e-04
Loss = 1.7739e-03, PNorm = 46.2101, GNorm = 0.4064, lr_0 = 4.7047e-04
Loss = 2.2063e-03, PNorm = 46.2281, GNorm = 0.4972, lr_0 = 4.6914e-04
Loss = 2.0570e-03, PNorm = 46.2506, GNorm = 0.5116, lr_0 = 4.6781e-04
Loss = 1.9270e-03, PNorm = 46.2638, GNorm = 0.6079, lr_0 = 4.6649e-04
Loss = 1.7219e-03, PNorm = 46.2827, GNorm = 0.2801, lr_0 = 4.6517e-04
Loss = 2.7778e-03, PNorm = 46.2992, GNorm = 0.4112, lr_0 = 4.6385e-04
Loss = 3.1463e-03, PNorm = 46.3121, GNorm = 0.3961, lr_0 = 4.6254e-04
Loss = 1.9187e-03, PNorm = 46.3221, GNorm = 0.5358, lr_0 = 4.6123e-04
Loss = 2.2957e-03, PNorm = 46.3358, GNorm = 0.3709, lr_0 = 4.5993e-04
Loss = 2.5815e-03, PNorm = 46.3556, GNorm = 0.6525, lr_0 = 4.5863e-04
Loss = 2.1349e-03, PNorm = 46.3730, GNorm = 0.7477, lr_0 = 4.5733e-04
Loss = 2.3922e-03, PNorm = 46.3875, GNorm = 0.3654, lr_0 = 4.5604e-04
Loss = 2.5143e-03, PNorm = 46.3960, GNorm = 0.4151, lr_0 = 4.5475e-04
Validation rmse = 0.753929
Epoch 15
Loss = 1.9384e-03, PNorm = 46.4140, GNorm = 0.8214, lr_0 = 4.5346e-04
Loss = 2.6592e-03, PNorm = 46.4281, GNorm = 0.8820, lr_0 = 4.5218e-04
Loss = 1.9433e-03, PNorm = 46.4477, GNorm = 0.6057, lr_0 = 4.5090e-04
Loss = 2.6531e-03, PNorm = 46.4644, GNorm = 0.5796, lr_0 = 4.4963e-04
Loss = 1.7853e-03, PNorm = 46.4894, GNorm = 0.5477, lr_0 = 4.4836e-04
Loss = 2.0955e-03, PNorm = 46.5033, GNorm = 0.5419, lr_0 = 4.4709e-04
Loss = 3.4331e-03, PNorm = 46.5167, GNorm = 0.9805, lr_0 = 4.4582e-04
Loss = 2.6115e-03, PNorm = 46.5354, GNorm = 0.9161, lr_0 = 4.4456e-04
Loss = 2.0602e-03, PNorm = 46.5522, GNorm = 0.3480, lr_0 = 4.4331e-04
Loss = 2.7501e-03, PNorm = 46.5729, GNorm = 0.4328, lr_0 = 4.4205e-04
Loss = 2.7643e-03, PNorm = 46.5853, GNorm = 0.4768, lr_0 = 4.4080e-04
Loss = 2.5705e-03, PNorm = 46.5938, GNorm = 0.5404, lr_0 = 4.3956e-04
Loss = 2.4582e-03, PNorm = 46.6076, GNorm = 0.5361, lr_0 = 4.3831e-04
Loss = 2.1007e-03, PNorm = 46.6294, GNorm = 0.4865, lr_0 = 4.3707e-04
Loss = 1.7461e-03, PNorm = 46.6457, GNorm = 0.4969, lr_0 = 4.3584e-04
Loss = 1.9942e-03, PNorm = 46.6606, GNorm = 0.5921, lr_0 = 4.3461e-04
Loss = 2.0330e-03, PNorm = 46.6799, GNorm = 0.4548, lr_0 = 4.3338e-04
Loss = 2.2256e-03, PNorm = 46.6912, GNorm = 0.5444, lr_0 = 4.3215e-04
Loss = 2.1412e-03, PNorm = 46.6991, GNorm = 0.3980, lr_0 = 4.3093e-04
Loss = 2.1133e-03, PNorm = 46.7180, GNorm = 0.4217, lr_0 = 4.2971e-04
Loss = 1.8373e-03, PNorm = 46.7361, GNorm = 0.3751, lr_0 = 4.2850e-04
Validation rmse = 0.766237
Epoch 16
Loss = 2.0375e-03, PNorm = 46.7579, GNorm = 0.4911, lr_0 = 4.2729e-04
Loss = 1.9623e-03, PNorm = 46.7739, GNorm = 0.3540, lr_0 = 4.2608e-04
Loss = 1.6365e-03, PNorm = 46.7886, GNorm = 0.3321, lr_0 = 4.2487e-04
Loss = 2.4847e-03, PNorm = 46.8085, GNorm = 0.6157, lr_0 = 4.2367e-04
Loss = 2.2469e-03, PNorm = 46.8274, GNorm = 0.3823, lr_0 = 4.2247e-04
Loss = 2.1779e-03, PNorm = 46.8365, GNorm = 0.5018, lr_0 = 4.2128e-04
Loss = 2.4540e-03, PNorm = 46.8546, GNorm = 0.7743, lr_0 = 4.2009e-04
Loss = 2.3926e-03, PNorm = 46.8715, GNorm = 0.3493, lr_0 = 4.1890e-04
Loss = 2.5980e-03, PNorm = 46.8862, GNorm = 0.4672, lr_0 = 4.1772e-04
Loss = 1.8092e-03, PNorm = 46.9015, GNorm = 0.4098, lr_0 = 4.1653e-04
Loss = 2.6688e-03, PNorm = 46.9145, GNorm = 0.9125, lr_0 = 4.1536e-04
Loss = 2.4424e-03, PNorm = 46.9327, GNorm = 0.8548, lr_0 = 4.1418e-04
Loss = 2.1587e-03, PNorm = 46.9451, GNorm = 0.5940, lr_0 = 4.1301e-04
Loss = 1.8718e-03, PNorm = 46.9547, GNorm = 1.0121, lr_0 = 4.1184e-04
Loss = 2.9255e-03, PNorm = 46.9677, GNorm = 1.7052, lr_0 = 4.1068e-04
Loss = 2.4453e-03, PNorm = 46.9876, GNorm = 0.4125, lr_0 = 4.0952e-04
Loss = 1.6454e-03, PNorm = 47.0032, GNorm = 0.3716, lr_0 = 4.0836e-04
Loss = 2.1857e-03, PNorm = 47.0153, GNorm = 0.6866, lr_0 = 4.0720e-04
Loss = 1.6863e-03, PNorm = 47.0286, GNorm = 0.5077, lr_0 = 4.0605e-04
Loss = 2.6899e-03, PNorm = 47.0495, GNorm = 0.6992, lr_0 = 4.0491e-04
Loss = 2.2294e-03, PNorm = 47.0694, GNorm = 0.5886, lr_0 = 4.0376e-04
Validation rmse = 0.769243
Epoch 17
Loss = 3.0456e-03, PNorm = 47.0807, GNorm = 0.5480, lr_0 = 4.0262e-04
Loss = 1.8610e-03, PNorm = 47.1015, GNorm = 0.6504, lr_0 = 4.0148e-04
Loss = 1.9211e-03, PNorm = 47.1250, GNorm = 0.2840, lr_0 = 4.0035e-04
Loss = 2.2099e-03, PNorm = 47.1368, GNorm = 0.8373, lr_0 = 3.9921e-04
Loss = 1.7717e-03, PNorm = 47.1493, GNorm = 0.3673, lr_0 = 3.9808e-04
Loss = 2.2976e-03, PNorm = 47.1609, GNorm = 0.4914, lr_0 = 3.9696e-04
Loss = 2.0253e-03, PNorm = 47.1756, GNorm = 0.4498, lr_0 = 3.9584e-04
Loss = 2.9593e-03, PNorm = 47.1898, GNorm = 0.3393, lr_0 = 3.9472e-04
Loss = 1.9704e-03, PNorm = 47.1984, GNorm = 0.4324, lr_0 = 3.9360e-04
Loss = 1.9297e-03, PNorm = 47.2084, GNorm = 0.4308, lr_0 = 3.9249e-04
Loss = 1.9080e-03, PNorm = 47.2278, GNorm = 0.6674, lr_0 = 3.9138e-04
Loss = 2.3779e-03, PNorm = 47.2488, GNorm = 0.4463, lr_0 = 3.9027e-04
Loss = 2.2828e-03, PNorm = 47.2700, GNorm = 0.5378, lr_0 = 3.8917e-04
Loss = 2.2313e-03, PNorm = 47.2852, GNorm = 0.3307, lr_0 = 3.8807e-04
Loss = 3.0759e-03, PNorm = 47.2964, GNorm = 0.7489, lr_0 = 3.8697e-04
Loss = 2.8158e-03, PNorm = 47.3085, GNorm = 0.8981, lr_0 = 3.8588e-04
Loss = 1.7196e-03, PNorm = 47.3170, GNorm = 0.4122, lr_0 = 3.8479e-04
Loss = 1.7379e-03, PNorm = 47.3293, GNorm = 0.3509, lr_0 = 3.8370e-04
Loss = 1.8057e-03, PNorm = 47.3427, GNorm = 0.5430, lr_0 = 3.8261e-04
Loss = 1.7350e-03, PNorm = 47.3518, GNorm = 0.5523, lr_0 = 3.8153e-04
Loss = 2.8238e-03, PNorm = 47.3593, GNorm = 0.5151, lr_0 = 3.8045e-04
Loss = 2.1635e-03, PNorm = 47.3758, GNorm = 0.6437, lr_0 = 3.7938e-04
Validation rmse = 0.765477
Epoch 18
Loss = 1.7805e-03, PNorm = 47.3866, GNorm = 0.5120, lr_0 = 3.7830e-04
Loss = 2.1149e-03, PNorm = 47.3947, GNorm = 0.4776, lr_0 = 3.7723e-04
Loss = 1.9165e-03, PNorm = 47.4070, GNorm = 0.3396, lr_0 = 3.7617e-04
Loss = 1.9695e-03, PNorm = 47.4247, GNorm = 0.5618, lr_0 = 3.7510e-04
Loss = 2.1846e-03, PNorm = 47.4416, GNorm = 0.3277, lr_0 = 3.7404e-04
Loss = 1.7952e-03, PNorm = 47.4601, GNorm = 0.3559, lr_0 = 3.7299e-04
Loss = 1.9206e-03, PNorm = 47.4819, GNorm = 0.5878, lr_0 = 3.7193e-04
Loss = 2.2085e-03, PNorm = 47.4973, GNorm = 0.3982, lr_0 = 3.7088e-04
Loss = 1.8755e-03, PNorm = 47.5113, GNorm = 0.7381, lr_0 = 3.6983e-04
Loss = 2.1074e-03, PNorm = 47.5253, GNorm = 0.4879, lr_0 = 3.6878e-04
Loss = 3.0522e-03, PNorm = 47.5421, GNorm = 1.1850, lr_0 = 3.6774e-04
Loss = 2.1862e-03, PNorm = 47.5515, GNorm = 0.3606, lr_0 = 3.6670e-04
Loss = 1.6046e-03, PNorm = 47.5606, GNorm = 0.5405, lr_0 = 3.6567e-04
Loss = 2.3348e-03, PNorm = 47.5729, GNorm = 0.5220, lr_0 = 3.6463e-04
Loss = 1.8283e-03, PNorm = 47.5807, GNorm = 0.4805, lr_0 = 3.6360e-04
Loss = 2.0317e-03, PNorm = 47.5939, GNorm = 0.4125, lr_0 = 3.6257e-04
Loss = 2.8106e-03, PNorm = 47.6073, GNorm = 0.4779, lr_0 = 3.6155e-04
Loss = 2.0022e-03, PNorm = 47.6191, GNorm = 0.5266, lr_0 = 3.6053e-04
Loss = 2.0256e-03, PNorm = 47.6266, GNorm = 0.4326, lr_0 = 3.5951e-04
Loss = 2.3406e-03, PNorm = 47.6304, GNorm = 0.9518, lr_0 = 3.5849e-04
Loss = 1.9400e-03, PNorm = 47.6450, GNorm = 0.7293, lr_0 = 3.5748e-04
Validation rmse = 0.734795
Epoch 19
Loss = 2.3957e-03, PNorm = 47.6621, GNorm = 0.4795, lr_0 = 3.5646e-04
Loss = 2.0047e-03, PNorm = 47.6710, GNorm = 0.6813, lr_0 = 3.5546e-04
Loss = 2.7571e-03, PNorm = 47.6783, GNorm = 0.6888, lr_0 = 3.5445e-04
Loss = 1.8120e-03, PNorm = 47.6873, GNorm = 0.4194, lr_0 = 3.5345e-04
Loss = 2.6886e-03, PNorm = 47.7027, GNorm = 0.6407, lr_0 = 3.5245e-04
Loss = 1.9058e-03, PNorm = 47.7247, GNorm = 0.3777, lr_0 = 3.5145e-04
Loss = 1.9895e-03, PNorm = 47.7390, GNorm = 0.5980, lr_0 = 3.5046e-04
Loss = 1.5379e-03, PNorm = 47.7507, GNorm = 0.3599, lr_0 = 3.4947e-04
Loss = 1.7517e-03, PNorm = 47.7634, GNorm = 0.4985, lr_0 = 3.4848e-04
Loss = 2.2077e-03, PNorm = 47.7762, GNorm = 0.6149, lr_0 = 3.4750e-04
Loss = 2.0887e-03, PNorm = 47.7905, GNorm = 0.5833, lr_0 = 3.4651e-04
Loss = 2.1354e-03, PNorm = 47.8037, GNorm = 0.4095, lr_0 = 3.4553e-04
Loss = 1.6852e-03, PNorm = 47.8208, GNorm = 0.6834, lr_0 = 3.4456e-04
Loss = 3.2096e-03, PNorm = 47.8315, GNorm = 0.9203, lr_0 = 3.4358e-04
Loss = 2.4307e-03, PNorm = 47.8419, GNorm = 0.3678, lr_0 = 3.4261e-04
Loss = 1.9473e-03, PNorm = 47.8614, GNorm = 0.5058, lr_0 = 3.4164e-04
Loss = 1.7218e-03, PNorm = 47.8765, GNorm = 0.5500, lr_0 = 3.4068e-04
Loss = 2.2042e-03, PNorm = 47.8850, GNorm = 0.7641, lr_0 = 3.3971e-04
Loss = 1.7362e-03, PNorm = 47.8995, GNorm = 0.3195, lr_0 = 3.3875e-04
Loss = 1.5645e-03, PNorm = 47.9134, GNorm = 0.3479, lr_0 = 3.3779e-04
Loss = 1.7288e-03, PNorm = 47.9256, GNorm = 0.4534, lr_0 = 3.3684e-04
Loss = 2.5653e-03, PNorm = 47.9369, GNorm = 0.4992, lr_0 = 3.3589e-04
Validation rmse = 0.832397
Epoch 20
Loss = 2.9793e-03, PNorm = 47.9454, GNorm = 0.5679, lr_0 = 3.3494e-04
Loss = 1.7769e-03, PNorm = 47.9575, GNorm = 0.4215, lr_0 = 3.3399e-04
Loss = 1.7875e-03, PNorm = 47.9678, GNorm = 0.7401, lr_0 = 3.3305e-04
Loss = 1.8548e-03, PNorm = 47.9787, GNorm = 0.5063, lr_0 = 3.3210e-04
Loss = 2.5853e-03, PNorm = 47.9913, GNorm = 0.7251, lr_0 = 3.3116e-04
Loss = 1.6668e-03, PNorm = 48.0045, GNorm = 0.6685, lr_0 = 3.3023e-04
Loss = 2.3224e-03, PNorm = 48.0145, GNorm = 0.5256, lr_0 = 3.2929e-04
Loss = 1.9230e-03, PNorm = 48.0316, GNorm = 0.8037, lr_0 = 3.2836e-04
Loss = 2.1070e-03, PNorm = 48.0452, GNorm = 1.1697, lr_0 = 3.2744e-04
Loss = 1.9686e-03, PNorm = 48.0571, GNorm = 0.3294, lr_0 = 3.2651e-04
Loss = 1.8808e-03, PNorm = 48.0672, GNorm = 0.7905, lr_0 = 3.2559e-04
Loss = 2.1734e-03, PNorm = 48.0778, GNorm = 0.4365, lr_0 = 3.2467e-04
Loss = 1.7102e-03, PNorm = 48.0848, GNorm = 0.3238, lr_0 = 3.2375e-04
Loss = 1.7492e-03, PNorm = 48.0950, GNorm = 0.4458, lr_0 = 3.2283e-04
Loss = 1.8808e-03, PNorm = 48.1066, GNorm = 0.3121, lr_0 = 3.2192e-04
Loss = 1.7945e-03, PNorm = 48.1172, GNorm = 0.4031, lr_0 = 3.2101e-04
Loss = 2.2545e-03, PNorm = 48.1223, GNorm = 0.4343, lr_0 = 3.2010e-04
Loss = 1.6565e-03, PNorm = 48.1354, GNorm = 0.5023, lr_0 = 3.1920e-04
Loss = 2.4018e-03, PNorm = 48.1471, GNorm = 0.3650, lr_0 = 3.1829e-04
Loss = 1.6227e-03, PNorm = 48.1622, GNorm = 0.2916, lr_0 = 3.1739e-04
Loss = 2.4483e-03, PNorm = 48.1786, GNorm = 0.4886, lr_0 = 3.1650e-04
Validation rmse = 0.847083
Epoch 21
Loss = 1.4944e-03, PNorm = 48.1863, GNorm = 0.5032, lr_0 = 3.1560e-04
Loss = 1.8162e-03, PNorm = 48.1939, GNorm = 0.2655, lr_0 = 3.1471e-04
Loss = 1.4339e-03, PNorm = 48.2080, GNorm = 0.4341, lr_0 = 3.1382e-04
Loss = 2.5219e-03, PNorm = 48.2214, GNorm = 0.5651, lr_0 = 3.1293e-04
Loss = 2.6661e-03, PNorm = 48.2341, GNorm = 0.4699, lr_0 = 3.1205e-04
Loss = 1.9766e-03, PNorm = 48.2474, GNorm = 0.4282, lr_0 = 3.1116e-04
Loss = 2.1322e-03, PNorm = 48.2567, GNorm = 0.4655, lr_0 = 3.1029e-04
Loss = 1.8382e-03, PNorm = 48.2709, GNorm = 0.9350, lr_0 = 3.0941e-04
Loss = 1.9161e-03, PNorm = 48.2896, GNorm = 0.5350, lr_0 = 3.0853e-04
Loss = 2.7217e-03, PNorm = 48.2987, GNorm = 1.3478, lr_0 = 3.0766e-04
Loss = 1.6742e-03, PNorm = 48.3037, GNorm = 0.4070, lr_0 = 3.0679e-04
Loss = 1.8848e-03, PNorm = 48.3193, GNorm = 0.6272, lr_0 = 3.0592e-04
Loss = 1.7179e-03, PNorm = 48.3316, GNorm = 0.5527, lr_0 = 3.0506e-04
Loss = 2.2141e-03, PNorm = 48.3411, GNorm = 0.5250, lr_0 = 3.0420e-04
Loss = 1.6797e-03, PNorm = 48.3468, GNorm = 0.4827, lr_0 = 3.0334e-04
Loss = 1.7986e-03, PNorm = 48.3536, GNorm = 0.6467, lr_0 = 3.0248e-04
Loss = 1.6763e-03, PNorm = 48.3604, GNorm = 0.3366, lr_0 = 3.0162e-04
Loss = 1.7452e-03, PNorm = 48.3688, GNorm = 0.5120, lr_0 = 3.0077e-04
Loss = 2.5567e-03, PNorm = 48.3786, GNorm = 0.3115, lr_0 = 2.9992e-04
Loss = 1.9984e-03, PNorm = 48.3867, GNorm = 0.5323, lr_0 = 2.9907e-04
Loss = 1.8202e-03, PNorm = 48.3992, GNorm = 0.4988, lr_0 = 2.9823e-04
Validation rmse = 0.729692
Epoch 22
Loss = 1.3729e-03, PNorm = 48.4089, GNorm = 0.3973, lr_0 = 2.9738e-04
Loss = 1.4597e-03, PNorm = 48.4186, GNorm = 0.4311, lr_0 = 2.9654e-04
Loss = 1.6062e-03, PNorm = 48.4250, GNorm = 0.4986, lr_0 = 2.9570e-04
Loss = 2.2093e-03, PNorm = 48.4335, GNorm = 0.4252, lr_0 = 2.9487e-04
Loss = 2.1027e-03, PNorm = 48.4495, GNorm = 0.5696, lr_0 = 2.9403e-04
Loss = 1.7023e-03, PNorm = 48.4603, GNorm = 0.3382, lr_0 = 2.9320e-04
Loss = 2.1247e-03, PNorm = 48.4694, GNorm = 0.5212, lr_0 = 2.9237e-04
Loss = 1.7821e-03, PNorm = 48.4833, GNorm = 0.4350, lr_0 = 2.9155e-04
Loss = 1.9831e-03, PNorm = 48.4933, GNorm = 0.3848, lr_0 = 2.9072e-04
Loss = 2.1487e-03, PNorm = 48.5027, GNorm = 0.6413, lr_0 = 2.8990e-04
Loss = 2.0822e-03, PNorm = 48.5151, GNorm = 1.1997, lr_0 = 2.8908e-04
Loss = 1.7659e-03, PNorm = 48.5250, GNorm = 0.6446, lr_0 = 2.8826e-04
Loss = 1.9901e-03, PNorm = 48.5296, GNorm = 0.5302, lr_0 = 2.8745e-04
Loss = 1.5682e-03, PNorm = 48.5410, GNorm = 0.7103, lr_0 = 2.8663e-04
Loss = 2.2032e-03, PNorm = 48.5530, GNorm = 0.6991, lr_0 = 2.8582e-04
Loss = 1.9224e-03, PNorm = 48.5615, GNorm = 0.5897, lr_0 = 2.8502e-04
Loss = 2.3736e-03, PNorm = 48.5673, GNorm = 0.6200, lr_0 = 2.8421e-04
Loss = 1.8897e-03, PNorm = 48.5747, GNorm = 0.6550, lr_0 = 2.8341e-04
Loss = 1.6332e-03, PNorm = 48.5849, GNorm = 0.5611, lr_0 = 2.8261e-04
Loss = 1.8116e-03, PNorm = 48.5926, GNorm = 0.6030, lr_0 = 2.8181e-04
Loss = 1.3661e-03, PNorm = 48.5988, GNorm = 0.4825, lr_0 = 2.8101e-04
Loss = 2.0065e-03, PNorm = 48.6094, GNorm = 0.6271, lr_0 = 2.8022e-04
Validation rmse = 0.776705
Epoch 23
Loss = 1.5280e-03, PNorm = 48.6235, GNorm = 0.3547, lr_0 = 2.7942e-04
Loss = 1.6401e-03, PNorm = 48.6373, GNorm = 1.4254, lr_0 = 2.7863e-04
Loss = 2.2384e-03, PNorm = 48.6486, GNorm = 0.3431, lr_0 = 2.7784e-04
Loss = 1.7297e-03, PNorm = 48.6569, GNorm = 0.5897, lr_0 = 2.7706e-04
Loss = 2.1336e-03, PNorm = 48.6665, GNorm = 0.6226, lr_0 = 2.7628e-04
Loss = 1.5062e-03, PNorm = 48.6767, GNorm = 0.2816, lr_0 = 2.7549e-04
Loss = 1.6794e-03, PNorm = 48.6870, GNorm = 0.6608, lr_0 = 2.7472e-04
Loss = 1.8692e-03, PNorm = 48.6959, GNorm = 0.3991, lr_0 = 2.7394e-04
Loss = 1.4902e-03, PNorm = 48.7062, GNorm = 0.4725, lr_0 = 2.7316e-04
Loss = 1.6572e-03, PNorm = 48.7135, GNorm = 0.8865, lr_0 = 2.7239e-04
Loss = 1.5997e-03, PNorm = 48.7200, GNorm = 0.6974, lr_0 = 2.7162e-04
Loss = 1.5715e-03, PNorm = 48.7267, GNorm = 0.5112, lr_0 = 2.7085e-04
Loss = 1.8035e-03, PNorm = 48.7372, GNorm = 1.0129, lr_0 = 2.7009e-04
Loss = 2.5759e-03, PNorm = 48.7448, GNorm = 0.5031, lr_0 = 2.6932e-04
Loss = 2.0661e-03, PNorm = 48.7550, GNorm = 0.6068, lr_0 = 2.6856e-04
Loss = 2.0883e-03, PNorm = 48.7622, GNorm = 1.0452, lr_0 = 2.6780e-04
Loss = 1.5706e-03, PNorm = 48.7727, GNorm = 0.4136, lr_0 = 2.6705e-04
Loss = 1.8204e-03, PNorm = 48.7805, GNorm = 0.6369, lr_0 = 2.6629e-04
Loss = 1.6340e-03, PNorm = 48.7879, GNorm = 0.6881, lr_0 = 2.6554e-04
Loss = 2.7363e-03, PNorm = 48.7977, GNorm = 0.4307, lr_0 = 2.6479e-04
Loss = 1.6089e-03, PNorm = 48.8077, GNorm = 0.4436, lr_0 = 2.6404e-04
Validation rmse = 0.779606
Epoch 24
Loss = 2.0676e-03, PNorm = 48.8148, GNorm = 0.7885, lr_0 = 2.6329e-04
Loss = 1.3980e-03, PNorm = 48.8197, GNorm = 0.4797, lr_0 = 2.6255e-04
Loss = 1.2682e-03, PNorm = 48.8281, GNorm = 0.3289, lr_0 = 2.6181e-04
Loss = 1.7422e-03, PNorm = 48.8392, GNorm = 1.3541, lr_0 = 2.6106e-04
Loss = 1.4906e-03, PNorm = 48.8478, GNorm = 0.3742, lr_0 = 2.6033e-04
Loss = 1.4002e-03, PNorm = 48.8543, GNorm = 0.5981, lr_0 = 2.5959e-04
Loss = 2.1649e-03, PNorm = 48.8636, GNorm = 0.9296, lr_0 = 2.5886e-04
Loss = 1.9663e-03, PNorm = 48.8756, GNorm = 0.3883, lr_0 = 2.5812e-04
Loss = 2.3422e-03, PNorm = 48.8853, GNorm = 0.8673, lr_0 = 2.5739e-04
Loss = 1.5406e-03, PNorm = 48.8927, GNorm = 0.6750, lr_0 = 2.5667e-04
Loss = 1.7775e-03, PNorm = 48.9012, GNorm = 0.5748, lr_0 = 2.5594e-04
Loss = 2.4144e-03, PNorm = 48.9132, GNorm = 2.9077, lr_0 = 2.5522e-04
Loss = 1.2340e-03, PNorm = 48.9224, GNorm = 0.3616, lr_0 = 2.5450e-04
Loss = 1.8375e-03, PNorm = 48.9279, GNorm = 0.2870, lr_0 = 2.5378e-04
Loss = 1.5245e-03, PNorm = 48.9369, GNorm = 0.5086, lr_0 = 2.5306e-04
Loss = 1.5002e-03, PNorm = 48.9427, GNorm = 0.5513, lr_0 = 2.5234e-04
Loss = 1.4289e-03, PNorm = 48.9466, GNorm = 0.8234, lr_0 = 2.5163e-04
Loss = 2.0165e-03, PNorm = 48.9495, GNorm = 0.3814, lr_0 = 2.5092e-04
Loss = 1.9175e-03, PNorm = 48.9565, GNorm = 0.4712, lr_0 = 2.5021e-04
Loss = 1.5778e-03, PNorm = 48.9695, GNorm = 0.4032, lr_0 = 2.4950e-04
Loss = 1.8635e-03, PNorm = 48.9801, GNorm = 0.4224, lr_0 = 2.4880e-04
Loss = 2.7543e-03, PNorm = 48.9884, GNorm = 1.2282, lr_0 = 2.4809e-04
Validation rmse = 0.802553
Epoch 25
Loss = 1.5580e-03, PNorm = 48.9974, GNorm = 0.8176, lr_0 = 2.4739e-04
Loss = 1.8198e-03, PNorm = 49.0040, GNorm = 0.6228, lr_0 = 2.4669e-04
Loss = 1.8417e-03, PNorm = 49.0125, GNorm = 0.5445, lr_0 = 2.4599e-04
Loss = 1.4729e-03, PNorm = 49.0170, GNorm = 0.5822, lr_0 = 2.4530e-04
Loss = 1.7409e-03, PNorm = 49.0237, GNorm = 0.3611, lr_0 = 2.4460e-04
Loss = 1.4751e-03, PNorm = 49.0352, GNorm = 0.4602, lr_0 = 2.4391e-04
Loss = 1.3046e-03, PNorm = 49.0444, GNorm = 0.3755, lr_0 = 2.4322e-04
Loss = 1.9126e-03, PNorm = 49.0485, GNorm = 1.6167, lr_0 = 2.4254e-04
Loss = 1.6946e-03, PNorm = 49.0520, GNorm = 0.5836, lr_0 = 2.4185e-04
Loss = 1.7296e-03, PNorm = 49.0601, GNorm = 0.4849, lr_0 = 2.4117e-04
Loss = 1.6284e-03, PNorm = 49.0712, GNorm = 0.4425, lr_0 = 2.4048e-04
Loss = 1.6639e-03, PNorm = 49.0781, GNorm = 0.9934, lr_0 = 2.3980e-04
Loss = 1.2438e-03, PNorm = 49.0857, GNorm = 0.4529, lr_0 = 2.3913e-04
Loss = 1.5507e-03, PNorm = 49.0926, GNorm = 0.7840, lr_0 = 2.3845e-04
Loss = 1.5861e-03, PNorm = 49.0984, GNorm = 0.3204, lr_0 = 2.3778e-04
Loss = 1.7371e-03, PNorm = 49.1037, GNorm = 0.6512, lr_0 = 2.3710e-04
Loss = 1.6800e-03, PNorm = 49.1129, GNorm = 0.3960, lr_0 = 2.3643e-04
Loss = 2.1423e-03, PNorm = 49.1214, GNorm = 0.4139, lr_0 = 2.3576e-04
Loss = 2.0423e-03, PNorm = 49.1275, GNorm = 0.5797, lr_0 = 2.3510e-04
Loss = 1.7492e-03, PNorm = 49.1329, GNorm = 0.5379, lr_0 = 2.3443e-04
Loss = 2.5230e-03, PNorm = 49.1427, GNorm = 0.6500, lr_0 = 2.3377e-04
Validation rmse = 0.847481
Epoch 26
Loss = 1.6286e-03, PNorm = 49.1524, GNorm = 0.3580, lr_0 = 2.3311e-04
Loss = 1.6947e-03, PNorm = 49.1584, GNorm = 0.7700, lr_0 = 2.3245e-04
Loss = 1.5651e-03, PNorm = 49.1643, GNorm = 0.6583, lr_0 = 2.3179e-04
Loss = 1.8721e-03, PNorm = 49.1721, GNorm = 0.5097, lr_0 = 2.3114e-04
Loss = 1.6934e-03, PNorm = 49.1788, GNorm = 0.8791, lr_0 = 2.3048e-04
Loss = 1.7430e-03, PNorm = 49.1860, GNorm = 0.4745, lr_0 = 2.2983e-04
Loss = 1.6114e-03, PNorm = 49.1940, GNorm = 0.5118, lr_0 = 2.2918e-04
Loss = 1.3718e-03, PNorm = 49.2005, GNorm = 0.4774, lr_0 = 2.2853e-04
Loss = 1.4609e-03, PNorm = 49.2076, GNorm = 0.4194, lr_0 = 2.2789e-04
Loss = 2.1909e-03, PNorm = 49.2149, GNorm = 0.6567, lr_0 = 2.2724e-04
Loss = 1.7559e-03, PNorm = 49.2231, GNorm = 0.4836, lr_0 = 2.2660e-04
Loss = 1.3857e-03, PNorm = 49.2313, GNorm = 0.4197, lr_0 = 2.2596e-04
Loss = 1.4494e-03, PNorm = 49.2384, GNorm = 0.3693, lr_0 = 2.2532e-04
Loss = 1.6904e-03, PNorm = 49.2443, GNorm = 0.4094, lr_0 = 2.2468e-04
Loss = 2.0934e-03, PNorm = 49.2527, GNorm = 0.5113, lr_0 = 2.2405e-04
Loss = 1.8047e-03, PNorm = 49.2603, GNorm = 0.4801, lr_0 = 2.2342e-04
Loss = 1.6588e-03, PNorm = 49.2661, GNorm = 0.3484, lr_0 = 2.2278e-04
Loss = 1.2767e-03, PNorm = 49.2693, GNorm = 0.4460, lr_0 = 2.2215e-04
Loss = 1.4264e-03, PNorm = 49.2741, GNorm = 0.4271, lr_0 = 2.2153e-04
Loss = 1.2018e-03, PNorm = 49.2814, GNorm = 0.4741, lr_0 = 2.2090e-04
Loss = 2.0710e-03, PNorm = 49.2875, GNorm = 0.4059, lr_0 = 2.2028e-04
Validation rmse = 0.787519
Epoch 27
Loss = 9.0732e-04, PNorm = 49.2941, GNorm = 0.4810, lr_0 = 2.1965e-04
Loss = 1.8206e-03, PNorm = 49.2991, GNorm = 0.6496, lr_0 = 2.1903e-04
Loss = 1.3797e-03, PNorm = 49.3045, GNorm = 0.5757, lr_0 = 2.1841e-04
Loss = 1.3356e-03, PNorm = 49.3116, GNorm = 0.5082, lr_0 = 2.1779e-04
Loss = 1.6783e-03, PNorm = 49.3208, GNorm = 0.5913, lr_0 = 2.1718e-04
Loss = 1.6634e-03, PNorm = 49.3262, GNorm = 0.4653, lr_0 = 2.1656e-04
Loss = 1.5699e-03, PNorm = 49.3340, GNorm = 0.6082, lr_0 = 2.1595e-04
Loss = 1.3874e-03, PNorm = 49.3457, GNorm = 0.4237, lr_0 = 2.1534e-04
Loss = 1.3131e-03, PNorm = 49.3550, GNorm = 0.4933, lr_0 = 2.1473e-04
Loss = 1.7065e-03, PNorm = 49.3631, GNorm = 0.3890, lr_0 = 2.1413e-04
Loss = 2.7605e-03, PNorm = 49.3716, GNorm = 2.7623, lr_0 = 2.1352e-04
Loss = 1.3039e-03, PNorm = 49.3773, GNorm = 0.5715, lr_0 = 2.1292e-04
Loss = 1.3260e-03, PNorm = 49.3813, GNorm = 0.4144, lr_0 = 2.1231e-04
Loss = 1.9858e-03, PNorm = 49.3869, GNorm = 0.4921, lr_0 = 2.1171e-04
Loss = 1.4215e-03, PNorm = 49.3947, GNorm = 0.5708, lr_0 = 2.1112e-04
Loss = 1.7828e-03, PNorm = 49.4006, GNorm = 0.7084, lr_0 = 2.1052e-04
Loss = 1.3900e-03, PNorm = 49.4065, GNorm = 0.7161, lr_0 = 2.0992e-04
Loss = 1.4954e-03, PNorm = 49.4119, GNorm = 0.4769, lr_0 = 2.0933e-04
Loss = 1.7403e-03, PNorm = 49.4169, GNorm = 0.7210, lr_0 = 2.0874e-04
Loss = 2.4407e-03, PNorm = 49.4211, GNorm = 0.5977, lr_0 = 2.0815e-04
Loss = 1.6104e-03, PNorm = 49.4292, GNorm = 0.3052, lr_0 = 2.0756e-04
Loss = 1.9686e-03, PNorm = 49.4347, GNorm = 0.4595, lr_0 = 2.0697e-04
Validation rmse = 0.759453
Epoch 28
Loss = 1.3304e-03, PNorm = 49.4421, GNorm = 0.5336, lr_0 = 2.0639e-04
Loss = 1.7901e-03, PNorm = 49.4514, GNorm = 0.3683, lr_0 = 2.0580e-04
Loss = 1.8079e-03, PNorm = 49.4595, GNorm = 1.3648, lr_0 = 2.0522e-04
Loss = 1.3810e-03, PNorm = 49.4641, GNorm = 0.7903, lr_0 = 2.0464e-04
Loss = 1.7223e-03, PNorm = 49.4692, GNorm = 1.1422, lr_0 = 2.0406e-04
Loss = 1.2840e-03, PNorm = 49.4767, GNorm = 0.5767, lr_0 = 2.0349e-04
Loss = 1.6172e-03, PNorm = 49.4831, GNorm = 1.0505, lr_0 = 2.0291e-04
Loss = 1.3853e-03, PNorm = 49.4883, GNorm = 0.4367, lr_0 = 2.0234e-04
Loss = 1.5358e-03, PNorm = 49.4937, GNorm = 0.3758, lr_0 = 2.0176e-04
Loss = 1.7219e-03, PNorm = 49.5015, GNorm = 0.7458, lr_0 = 2.0119e-04
Loss = 1.4612e-03, PNorm = 49.5111, GNorm = 0.3827, lr_0 = 2.0063e-04
Loss = 1.5399e-03, PNorm = 49.5179, GNorm = 0.3840, lr_0 = 2.0006e-04
Loss = 1.7364e-03, PNorm = 49.5242, GNorm = 0.9159, lr_0 = 1.9949e-04
Loss = 2.1447e-03, PNorm = 49.5284, GNorm = 0.6118, lr_0 = 1.9893e-04
Loss = 1.7375e-03, PNorm = 49.5358, GNorm = 0.4903, lr_0 = 1.9837e-04
Loss = 1.7818e-03, PNorm = 49.5472, GNorm = 0.8281, lr_0 = 1.9780e-04
Loss = 2.2678e-03, PNorm = 49.5549, GNorm = 1.1454, lr_0 = 1.9725e-04
Loss = 1.5271e-03, PNorm = 49.5591, GNorm = 0.5240, lr_0 = 1.9669e-04
Loss = 1.4465e-03, PNorm = 49.5608, GNorm = 0.4099, lr_0 = 1.9613e-04
Loss = 1.3372e-03, PNorm = 49.5620, GNorm = 0.5336, lr_0 = 1.9558e-04
Loss = 1.6692e-03, PNorm = 49.5675, GNorm = 1.8102, lr_0 = 1.9502e-04
Validation rmse = 0.749676
Epoch 29
Loss = 1.7721e-03, PNorm = 49.5740, GNorm = 0.4418, lr_0 = 1.9447e-04
Loss = 1.6352e-03, PNorm = 49.5800, GNorm = 0.5794, lr_0 = 1.9392e-04
Loss = 1.6070e-03, PNorm = 49.5855, GNorm = 0.5838, lr_0 = 1.9337e-04
Loss = 1.3799e-03, PNorm = 49.5919, GNorm = 0.4097, lr_0 = 1.9283e-04
Loss = 1.4904e-03, PNorm = 49.5980, GNorm = 0.5064, lr_0 = 1.9228e-04
Loss = 1.4452e-03, PNorm = 49.6015, GNorm = 0.4201, lr_0 = 1.9174e-04
Loss = 1.5866e-03, PNorm = 49.6092, GNorm = 0.5110, lr_0 = 1.9120e-04
Loss = 2.3811e-03, PNorm = 49.6186, GNorm = 0.4252, lr_0 = 1.9066e-04
Loss = 1.3742e-03, PNorm = 49.6256, GNorm = 0.4212, lr_0 = 1.9012e-04
Loss = 1.2772e-03, PNorm = 49.6301, GNorm = 0.4699, lr_0 = 1.8958e-04
Loss = 1.9590e-03, PNorm = 49.6335, GNorm = 0.5121, lr_0 = 1.8904e-04
Loss = 1.5204e-03, PNorm = 49.6376, GNorm = 0.3804, lr_0 = 1.8851e-04
Loss = 1.4835e-03, PNorm = 49.6442, GNorm = 0.5426, lr_0 = 1.8798e-04
Loss = 1.5025e-03, PNorm = 49.6485, GNorm = 0.3914, lr_0 = 1.8744e-04
Loss = 1.7792e-03, PNorm = 49.6542, GNorm = 0.7680, lr_0 = 1.8691e-04
Loss = 1.5422e-03, PNorm = 49.6595, GNorm = 0.4808, lr_0 = 1.8639e-04
Loss = 1.4524e-03, PNorm = 49.6642, GNorm = 0.4869, lr_0 = 1.8586e-04
Loss = 1.5420e-03, PNorm = 49.6681, GNorm = 0.6374, lr_0 = 1.8533e-04
Loss = 1.9992e-03, PNorm = 49.6719, GNorm = 0.4512, lr_0 = 1.8481e-04
Loss = 1.6394e-03, PNorm = 49.6768, GNorm = 1.5144, lr_0 = 1.8429e-04
Loss = 1.3383e-03, PNorm = 49.6801, GNorm = 0.5364, lr_0 = 1.8377e-04
Loss = 1.2868e-03, PNorm = 49.6829, GNorm = 0.3784, lr_0 = 1.8325e-04
Validation rmse = 0.788017
Epoch 30
Loss = 1.1334e-03, PNorm = 49.6858, GNorm = 0.4018, lr_0 = 1.8273e-04
Loss = 1.3184e-03, PNorm = 49.6906, GNorm = 0.4424, lr_0 = 1.8221e-04
Loss = 1.6292e-03, PNorm = 49.6955, GNorm = 0.4946, lr_0 = 1.8170e-04
Loss = 1.2112e-03, PNorm = 49.7015, GNorm = 0.6611, lr_0 = 1.8118e-04
Loss = 1.4177e-03, PNorm = 49.7060, GNorm = 0.6667, lr_0 = 1.8067e-04
Loss = 1.2054e-03, PNorm = 49.7093, GNorm = 0.6344, lr_0 = 1.8016e-04
Loss = 1.4946e-03, PNorm = 49.7146, GNorm = 0.4217, lr_0 = 1.7965e-04
Loss = 1.6144e-03, PNorm = 49.7209, GNorm = 0.6740, lr_0 = 1.7914e-04
Loss = 1.1488e-03, PNorm = 49.7288, GNorm = 0.4062, lr_0 = 1.7864e-04
Loss = 1.4756e-03, PNorm = 49.7339, GNorm = 0.5531, lr_0 = 1.7813e-04
Loss = 1.3209e-03, PNorm = 49.7381, GNorm = 0.3970, lr_0 = 1.7763e-04
Loss = 1.3101e-03, PNorm = 49.7433, GNorm = 0.4816, lr_0 = 1.7712e-04
Loss = 2.0056e-03, PNorm = 49.7504, GNorm = 0.6356, lr_0 = 1.7662e-04
Loss = 1.3821e-03, PNorm = 49.7561, GNorm = 0.4734, lr_0 = 1.7612e-04
Loss = 1.4134e-03, PNorm = 49.7591, GNorm = 0.6253, lr_0 = 1.7563e-04
Loss = 1.4533e-03, PNorm = 49.7596, GNorm = 0.7146, lr_0 = 1.7513e-04
Loss = 1.6563e-03, PNorm = 49.7610, GNorm = 0.7615, lr_0 = 1.7463e-04
Loss = 1.8823e-03, PNorm = 49.7660, GNorm = 1.4665, lr_0 = 1.7414e-04
Loss = 1.9007e-03, PNorm = 49.7713, GNorm = 0.8438, lr_0 = 1.7365e-04
Loss = 2.5498e-03, PNorm = 49.7782, GNorm = 2.8835, lr_0 = 1.7316e-04
Loss = 1.4898e-03, PNorm = 49.7842, GNorm = 0.6273, lr_0 = 1.7267e-04
Validation rmse = 0.796933
Epoch 31
Loss = 1.3971e-03, PNorm = 49.7898, GNorm = 0.4665, lr_0 = 1.7218e-04
Loss = 2.2233e-03, PNorm = 49.7946, GNorm = 0.6739, lr_0 = 1.7169e-04
Loss = 1.9398e-03, PNorm = 49.8003, GNorm = 0.4547, lr_0 = 1.7121e-04
Loss = 1.3522e-03, PNorm = 49.8055, GNorm = 0.6632, lr_0 = 1.7072e-04
Loss = 1.3532e-03, PNorm = 49.8098, GNorm = 0.7032, lr_0 = 1.7024e-04
Loss = 1.1829e-03, PNorm = 49.8168, GNorm = 0.4757, lr_0 = 1.6976e-04
Loss = 1.4194e-03, PNorm = 49.8221, GNorm = 0.3133, lr_0 = 1.6928e-04
Loss = 1.3634e-03, PNorm = 49.8271, GNorm = 0.5442, lr_0 = 1.6880e-04
Loss = 1.0842e-03, PNorm = 49.8324, GNorm = 0.3113, lr_0 = 1.6832e-04
Loss = 1.5825e-03, PNorm = 49.8370, GNorm = 0.4698, lr_0 = 1.6785e-04
Loss = 1.4319e-03, PNorm = 49.8425, GNorm = 0.5145, lr_0 = 1.6737e-04
Loss = 1.1012e-03, PNorm = 49.8470, GNorm = 0.4024, lr_0 = 1.6690e-04
Loss = 1.8471e-03, PNorm = 49.8508, GNorm = 0.4298, lr_0 = 1.6643e-04
Loss = 1.5535e-03, PNorm = 49.8545, GNorm = 0.4092, lr_0 = 1.6596e-04
Loss = 1.8138e-03, PNorm = 49.8602, GNorm = 0.3927, lr_0 = 1.6549e-04
Loss = 1.4540e-03, PNorm = 49.8659, GNorm = 0.5420, lr_0 = 1.6502e-04
Loss = 1.3586e-03, PNorm = 49.8698, GNorm = 1.0256, lr_0 = 1.6455e-04
Loss = 1.6345e-03, PNorm = 49.8724, GNorm = 0.6323, lr_0 = 1.6409e-04
Loss = 1.4989e-03, PNorm = 49.8743, GNorm = 0.6032, lr_0 = 1.6362e-04
Loss = 1.2754e-03, PNorm = 49.8802, GNorm = 0.7786, lr_0 = 1.6316e-04
Loss = 1.6308e-03, PNorm = 49.8845, GNorm = 0.6099, lr_0 = 1.6270e-04
Validation rmse = 0.815161
Epoch 32
Loss = 1.2032e-03, PNorm = 49.8881, GNorm = 0.4549, lr_0 = 1.6224e-04
Loss = 1.3477e-03, PNorm = 49.8941, GNorm = 0.5233, lr_0 = 1.6178e-04
Loss = 1.2286e-03, PNorm = 49.8987, GNorm = 0.4631, lr_0 = 1.6132e-04
Loss = 1.7238e-03, PNorm = 49.9007, GNorm = 0.5134, lr_0 = 1.6087e-04
Loss = 1.1657e-03, PNorm = 49.9039, GNorm = 0.4453, lr_0 = 1.6041e-04
Loss = 2.3290e-03, PNorm = 49.9125, GNorm = 0.5704, lr_0 = 1.5996e-04
Loss = 1.2670e-03, PNorm = 49.9171, GNorm = 0.7372, lr_0 = 1.5951e-04
Loss = 1.3316e-03, PNorm = 49.9197, GNorm = 0.4472, lr_0 = 1.5906e-04
Loss = 1.1867e-03, PNorm = 49.9231, GNorm = 0.4630, lr_0 = 1.5861e-04
Loss = 1.3100e-03, PNorm = 49.9265, GNorm = 0.4432, lr_0 = 1.5816e-04
Loss = 1.2992e-03, PNorm = 49.9288, GNorm = 0.5280, lr_0 = 1.5771e-04
Loss = 1.1593e-03, PNorm = 49.9320, GNorm = 0.3915, lr_0 = 1.5726e-04
Loss = 1.2071e-03, PNorm = 49.9361, GNorm = 0.3900, lr_0 = 1.5682e-04
Loss = 1.4489e-03, PNorm = 49.9396, GNorm = 0.7472, lr_0 = 1.5638e-04
Loss = 2.0223e-03, PNorm = 49.9442, GNorm = 0.4460, lr_0 = 1.5593e-04
Loss = 1.3979e-03, PNorm = 49.9497, GNorm = 0.4205, lr_0 = 1.5549e-04
Loss = 1.4863e-03, PNorm = 49.9571, GNorm = 0.5235, lr_0 = 1.5505e-04
Loss = 1.7603e-03, PNorm = 49.9631, GNorm = 0.9661, lr_0 = 1.5462e-04
Loss = 1.7691e-03, PNorm = 49.9672, GNorm = 0.4831, lr_0 = 1.5418e-04
Loss = 1.2765e-03, PNorm = 49.9704, GNorm = 0.4694, lr_0 = 1.5374e-04
Loss = 1.4421e-03, PNorm = 49.9720, GNorm = 0.5815, lr_0 = 1.5331e-04
Loss = 1.9265e-03, PNorm = 49.9763, GNorm = 0.4224, lr_0 = 1.5287e-04
Validation rmse = 0.719693
Epoch 33
Loss = 1.4998e-03, PNorm = 49.9827, GNorm = 0.6477, lr_0 = 1.5244e-04
Loss = 1.4776e-03, PNorm = 49.9891, GNorm = 0.6802, lr_0 = 1.5201e-04
Loss = 1.4458e-03, PNorm = 49.9947, GNorm = 0.4593, lr_0 = 1.5158e-04
Loss = 1.3533e-03, PNorm = 49.9996, GNorm = 0.4749, lr_0 = 1.5115e-04
Loss = 1.2696e-03, PNorm = 50.0039, GNorm = 0.6511, lr_0 = 1.5072e-04
Loss = 1.2104e-03, PNorm = 50.0074, GNorm = 0.5816, lr_0 = 1.5030e-04
Loss = 1.5150e-03, PNorm = 50.0120, GNorm = 0.4045, lr_0 = 1.4987e-04
Loss = 1.3462e-03, PNorm = 50.0180, GNorm = 0.3335, lr_0 = 1.4945e-04
Loss = 1.1876e-03, PNorm = 50.0227, GNorm = 0.3564, lr_0 = 1.4903e-04
Loss = 1.8982e-03, PNorm = 50.0267, GNorm = 0.5305, lr_0 = 1.4861e-04
Loss = 1.6791e-03, PNorm = 50.0307, GNorm = 2.2826, lr_0 = 1.4819e-04
Loss = 1.2090e-03, PNorm = 50.0326, GNorm = 0.3928, lr_0 = 1.4777e-04
Loss = 1.3400e-03, PNorm = 50.0355, GNorm = 0.3729, lr_0 = 1.4735e-04
Loss = 1.2718e-03, PNorm = 50.0402, GNorm = 0.7703, lr_0 = 1.4693e-04
Loss = 1.2033e-03, PNorm = 50.0426, GNorm = 0.3704, lr_0 = 1.4652e-04
Loss = 1.4177e-03, PNorm = 50.0447, GNorm = 0.3697, lr_0 = 1.4610e-04
Loss = 1.4100e-03, PNorm = 50.0488, GNorm = 0.5020, lr_0 = 1.4569e-04
Loss = 1.4947e-03, PNorm = 50.0517, GNorm = 0.6945, lr_0 = 1.4528e-04
Loss = 1.8766e-03, PNorm = 50.0571, GNorm = 0.7862, lr_0 = 1.4487e-04
Loss = 1.3825e-03, PNorm = 50.0630, GNorm = 0.4953, lr_0 = 1.4446e-04
Loss = 1.5658e-03, PNorm = 50.0680, GNorm = 0.6369, lr_0 = 1.4405e-04
Validation rmse = 0.765066
Epoch 34
Loss = 1.6346e-03, PNorm = 50.0732, GNorm = 0.3981, lr_0 = 1.4364e-04
Loss = 1.3276e-03, PNorm = 50.0777, GNorm = 0.4166, lr_0 = 1.4324e-04
Loss = 2.3072e-03, PNorm = 50.0848, GNorm = 1.1589, lr_0 = 1.4283e-04
Loss = 1.3437e-03, PNorm = 50.0905, GNorm = 0.3966, lr_0 = 1.4243e-04
Loss = 1.5235e-03, PNorm = 50.0937, GNorm = 0.6880, lr_0 = 1.4202e-04
Loss = 1.3445e-03, PNorm = 50.0959, GNorm = 0.6688, lr_0 = 1.4162e-04
Loss = 1.3245e-03, PNorm = 50.1006, GNorm = 0.4585, lr_0 = 1.4122e-04
Loss = 1.8180e-03, PNorm = 50.1044, GNorm = 1.5338, lr_0 = 1.4082e-04
Loss = 1.0735e-03, PNorm = 50.1083, GNorm = 0.5742, lr_0 = 1.4042e-04
Loss = 1.2118e-03, PNorm = 50.1122, GNorm = 0.4151, lr_0 = 1.4003e-04
Loss = 1.1695e-03, PNorm = 50.1157, GNorm = 0.5296, lr_0 = 1.3963e-04
Loss = 1.3556e-03, PNorm = 50.1176, GNorm = 0.6603, lr_0 = 1.3924e-04
Loss = 1.4730e-03, PNorm = 50.1203, GNorm = 1.4281, lr_0 = 1.3884e-04
Loss = 1.3167e-03, PNorm = 50.1242, GNorm = 0.4248, lr_0 = 1.3845e-04
Loss = 1.3257e-03, PNorm = 50.1272, GNorm = 0.5401, lr_0 = 1.3806e-04
Loss = 1.6690e-03, PNorm = 50.1313, GNorm = 2.5625, lr_0 = 1.3767e-04
Loss = 1.5038e-03, PNorm = 50.1361, GNorm = 1.0815, lr_0 = 1.3728e-04
Loss = 1.4108e-03, PNorm = 50.1402, GNorm = 0.6333, lr_0 = 1.3689e-04
Loss = 1.3334e-03, PNorm = 50.1414, GNorm = 0.4890, lr_0 = 1.3650e-04
Loss = 1.3165e-03, PNorm = 50.1444, GNorm = 0.4705, lr_0 = 1.3612e-04
Loss = 1.3090e-03, PNorm = 50.1477, GNorm = 0.6061, lr_0 = 1.3573e-04
Loss = 1.1316e-03, PNorm = 50.1512, GNorm = 0.6844, lr_0 = 1.3535e-04
Validation rmse = 0.757308
Epoch 35
Loss = 1.7299e-03, PNorm = 50.1539, GNorm = 2.5171, lr_0 = 1.3497e-04
Loss = 1.4356e-03, PNorm = 50.1574, GNorm = 0.3706, lr_0 = 1.3458e-04
Loss = 1.5262e-03, PNorm = 50.1621, GNorm = 0.4329, lr_0 = 1.3420e-04
Loss = 1.0780e-03, PNorm = 50.1681, GNorm = 0.4695, lr_0 = 1.3382e-04
Loss = 1.6903e-03, PNorm = 50.1733, GNorm = 1.4624, lr_0 = 1.3345e-04
Loss = 1.4850e-03, PNorm = 50.1774, GNorm = 0.4907, lr_0 = 1.3307e-04
Loss = 1.1912e-03, PNorm = 50.1813, GNorm = 0.5142, lr_0 = 1.3269e-04
Loss = 1.0379e-03, PNorm = 50.1857, GNorm = 0.5072, lr_0 = 1.3232e-04
Loss = 1.2430e-03, PNorm = 50.1880, GNorm = 0.3457, lr_0 = 1.3194e-04
Loss = 1.3661e-03, PNorm = 50.1902, GNorm = 0.5499, lr_0 = 1.3157e-04
Loss = 1.0409e-03, PNorm = 50.1923, GNorm = 0.4393, lr_0 = 1.3120e-04
Loss = 1.4312e-03, PNorm = 50.1965, GNorm = 0.5576, lr_0 = 1.3083e-04
Loss = 1.7877e-03, PNorm = 50.2020, GNorm = 1.7886, lr_0 = 1.3046e-04
Loss = 1.5507e-03, PNorm = 50.2068, GNorm = 0.3556, lr_0 = 1.3009e-04
Loss = 1.1956e-03, PNorm = 50.2116, GNorm = 0.6656, lr_0 = 1.2972e-04
Loss = 1.2554e-03, PNorm = 50.2143, GNorm = 0.5279, lr_0 = 1.2935e-04
Loss = 1.3212e-03, PNorm = 50.2167, GNorm = 0.3628, lr_0 = 1.2899e-04
Loss = 1.1319e-03, PNorm = 50.2182, GNorm = 0.6804, lr_0 = 1.2862e-04
Loss = 1.7434e-03, PNorm = 50.2197, GNorm = 0.4350, lr_0 = 1.2826e-04
Loss = 1.0590e-03, PNorm = 50.2223, GNorm = 0.5000, lr_0 = 1.2790e-04
Loss = 1.6959e-03, PNorm = 50.2248, GNorm = 0.6015, lr_0 = 1.2754e-04
Validation rmse = 0.760307
Epoch 36
Loss = 1.4545e-03, PNorm = 50.2264, GNorm = 0.3249, lr_0 = 1.2718e-04
Loss = 1.2543e-03, PNorm = 50.2274, GNorm = 0.8359, lr_0 = 1.2682e-04
Loss = 1.7869e-03, PNorm = 50.2321, GNorm = 0.4149, lr_0 = 1.2646e-04
Loss = 1.5854e-03, PNorm = 50.2377, GNorm = 0.5190, lr_0 = 1.2610e-04
Loss = 1.3781e-03, PNorm = 50.2411, GNorm = 0.5596, lr_0 = 1.2574e-04
Loss = 1.4694e-03, PNorm = 50.2456, GNorm = 0.5778, lr_0 = 1.2539e-04
Loss = 1.4642e-03, PNorm = 50.2491, GNorm = 0.8451, lr_0 = 1.2503e-04
Loss = 1.5408e-03, PNorm = 50.2512, GNorm = 1.6871, lr_0 = 1.2468e-04
Loss = 1.7279e-03, PNorm = 50.2543, GNorm = 0.6813, lr_0 = 1.2433e-04
Loss = 1.0850e-03, PNorm = 50.2573, GNorm = 0.4222, lr_0 = 1.2398e-04
Loss = 1.2146e-03, PNorm = 50.2600, GNorm = 0.4104, lr_0 = 1.2362e-04
Loss = 1.3983e-03, PNorm = 50.2613, GNorm = 0.4929, lr_0 = 1.2328e-04
Loss = 1.2284e-03, PNorm = 50.2637, GNorm = 0.4840, lr_0 = 1.2293e-04
Loss = 1.2328e-03, PNorm = 50.2659, GNorm = 0.5326, lr_0 = 1.2258e-04
Loss = 9.9489e-04, PNorm = 50.2690, GNorm = 0.3799, lr_0 = 1.2223e-04
Loss = 1.3011e-03, PNorm = 50.2751, GNorm = 0.4931, lr_0 = 1.2189e-04
Loss = 1.3080e-03, PNorm = 50.2797, GNorm = 0.6040, lr_0 = 1.2154e-04
Loss = 1.3849e-03, PNorm = 50.2826, GNorm = 0.4937, lr_0 = 1.2120e-04
Loss = 1.4298e-03, PNorm = 50.2844, GNorm = 0.3740, lr_0 = 1.2086e-04
Loss = 1.3620e-03, PNorm = 50.2864, GNorm = 0.3608, lr_0 = 1.2051e-04
Loss = 1.2881e-03, PNorm = 50.2898, GNorm = 0.4308, lr_0 = 1.2017e-04
Validation rmse = 0.741072
Epoch 37
Loss = 2.3272e-03, PNorm = 50.2935, GNorm = 1.8485, lr_0 = 1.1983e-04
Loss = 1.5270e-03, PNorm = 50.2966, GNorm = 0.4849, lr_0 = 1.1949e-04
Loss = 1.0389e-03, PNorm = 50.3013, GNorm = 0.4044, lr_0 = 1.1916e-04
Loss = 1.2240e-03, PNorm = 50.3045, GNorm = 0.5249, lr_0 = 1.1882e-04
Loss = 1.3555e-03, PNorm = 50.3062, GNorm = 0.8261, lr_0 = 1.1848e-04
Loss = 1.1818e-03, PNorm = 50.3089, GNorm = 1.5531, lr_0 = 1.1815e-04
Loss = 1.8777e-03, PNorm = 50.3134, GNorm = 0.5194, lr_0 = 1.1781e-04
Loss = 1.1417e-03, PNorm = 50.3189, GNorm = 0.5098, lr_0 = 1.1748e-04
Loss = 1.5469e-03, PNorm = 50.3217, GNorm = 0.6295, lr_0 = 1.1715e-04
Loss = 1.5868e-03, PNorm = 50.3248, GNorm = 0.7333, lr_0 = 1.1682e-04
Loss = 1.1448e-03, PNorm = 50.3284, GNorm = 0.3296, lr_0 = 1.1649e-04
Loss = 1.3902e-03, PNorm = 50.3305, GNorm = 0.6237, lr_0 = 1.1616e-04
Loss = 1.0953e-03, PNorm = 50.3350, GNorm = 0.4315, lr_0 = 1.1583e-04
Loss = 1.2807e-03, PNorm = 50.3379, GNorm = 0.4764, lr_0 = 1.1550e-04
Loss = 1.2011e-03, PNorm = 50.3392, GNorm = 0.4243, lr_0 = 1.1518e-04
Loss = 1.3631e-03, PNorm = 50.3409, GNorm = 0.5008, lr_0 = 1.1485e-04
Loss = 1.2623e-03, PNorm = 50.3425, GNorm = 0.4222, lr_0 = 1.1453e-04
Loss = 1.3459e-03, PNorm = 50.3456, GNorm = 0.4356, lr_0 = 1.1420e-04
Loss = 1.5237e-03, PNorm = 50.3499, GNorm = 0.3763, lr_0 = 1.1388e-04
Loss = 1.3337e-03, PNorm = 50.3543, GNorm = 0.4503, lr_0 = 1.1356e-04
Loss = 1.2584e-03, PNorm = 50.3571, GNorm = 0.4583, lr_0 = 1.1324e-04
Loss = 1.2922e-03, PNorm = 50.3598, GNorm = 0.6366, lr_0 = 1.1292e-04
Validation rmse = 0.750353
Epoch 38
Loss = 1.4725e-03, PNorm = 50.3633, GNorm = 1.7892, lr_0 = 1.1260e-04
Loss = 1.1329e-03, PNorm = 50.3679, GNorm = 0.5825, lr_0 = 1.1228e-04
Loss = 1.1596e-03, PNorm = 50.3716, GNorm = 0.2624, lr_0 = 1.1196e-04
Loss = 1.4291e-03, PNorm = 50.3743, GNorm = 0.6242, lr_0 = 1.1164e-04
Loss = 1.2308e-03, PNorm = 50.3766, GNorm = 0.4631, lr_0 = 1.1133e-04
Loss = 1.3168e-03, PNorm = 50.3788, GNorm = 0.3856, lr_0 = 1.1101e-04
Loss = 1.3111e-03, PNorm = 50.3812, GNorm = 0.4119, lr_0 = 1.1070e-04
Loss = 1.4137e-03, PNorm = 50.3847, GNorm = 0.6455, lr_0 = 1.1039e-04
Loss = 1.2348e-03, PNorm = 50.3880, GNorm = 0.5231, lr_0 = 1.1007e-04
Loss = 1.4908e-03, PNorm = 50.3897, GNorm = 0.7813, lr_0 = 1.0976e-04
Loss = 1.2043e-03, PNorm = 50.3926, GNorm = 0.4070, lr_0 = 1.0945e-04
Loss = 1.0716e-03, PNorm = 50.3950, GNorm = 0.4316, lr_0 = 1.0914e-04
Loss = 1.3410e-03, PNorm = 50.3977, GNorm = 0.7282, lr_0 = 1.0883e-04
Loss = 1.0891e-03, PNorm = 50.3992, GNorm = 0.3999, lr_0 = 1.0853e-04
Loss = 1.3319e-03, PNorm = 50.4015, GNorm = 0.5509, lr_0 = 1.0822e-04
Loss = 1.0678e-03, PNorm = 50.4038, GNorm = 0.5447, lr_0 = 1.0791e-04
Loss = 1.2304e-03, PNorm = 50.4069, GNorm = 0.5897, lr_0 = 1.0761e-04
Loss = 1.1544e-03, PNorm = 50.4092, GNorm = 0.6567, lr_0 = 1.0730e-04
Loss = 1.9335e-03, PNorm = 50.4114, GNorm = 1.0136, lr_0 = 1.0700e-04
Loss = 1.4963e-03, PNorm = 50.4132, GNorm = 2.0669, lr_0 = 1.0670e-04
Loss = 1.4383e-03, PNorm = 50.4160, GNorm = 0.7066, lr_0 = 1.0640e-04
Validation rmse = 0.764978
Epoch 39
Loss = 1.0381e-03, PNorm = 50.4184, GNorm = 0.4295, lr_0 = 1.0610e-04
Loss = 1.2411e-03, PNorm = 50.4206, GNorm = 0.4614, lr_0 = 1.0580e-04
Loss = 1.7084e-03, PNorm = 50.4230, GNorm = 0.9068, lr_0 = 1.0550e-04
Loss = 9.5962e-04, PNorm = 50.4253, GNorm = 0.3016, lr_0 = 1.0520e-04
Loss = 1.2303e-03, PNorm = 50.4277, GNorm = 0.3170, lr_0 = 1.0490e-04
Loss = 1.3658e-03, PNorm = 50.4311, GNorm = 0.3875, lr_0 = 1.0460e-04
Loss = 1.1110e-03, PNorm = 50.4330, GNorm = 0.4189, lr_0 = 1.0431e-04
Loss = 1.0717e-03, PNorm = 50.4344, GNorm = 0.3838, lr_0 = 1.0401e-04
Loss = 1.3806e-03, PNorm = 50.4371, GNorm = 0.4559, lr_0 = 1.0372e-04
Loss = 1.2165e-03, PNorm = 50.4406, GNorm = 0.5511, lr_0 = 1.0343e-04
Loss = 1.2746e-03, PNorm = 50.4449, GNorm = 0.4909, lr_0 = 1.0313e-04
Loss = 1.1611e-03, PNorm = 50.4471, GNorm = 0.6441, lr_0 = 1.0284e-04
Loss = 1.3129e-03, PNorm = 50.4482, GNorm = 0.5952, lr_0 = 1.0255e-04
Loss = 1.2292e-03, PNorm = 50.4497, GNorm = 0.3487, lr_0 = 1.0226e-04
Loss = 1.4612e-03, PNorm = 50.4518, GNorm = 0.3711, lr_0 = 1.0197e-04
Loss = 1.2899e-03, PNorm = 50.4547, GNorm = 2.0794, lr_0 = 1.0168e-04
Loss = 1.4395e-03, PNorm = 50.4571, GNorm = 0.9390, lr_0 = 1.0140e-04
Loss = 1.0105e-03, PNorm = 50.4577, GNorm = 0.4162, lr_0 = 1.0111e-04
Loss = 1.2084e-03, PNorm = 50.4595, GNorm = 0.5894, lr_0 = 1.0082e-04
Loss = 1.1110e-03, PNorm = 50.4635, GNorm = 0.3356, lr_0 = 1.0054e-04
Loss = 1.9159e-03, PNorm = 50.4685, GNorm = 0.5123, lr_0 = 1.0026e-04
Loss = 1.4639e-03, PNorm = 50.4725, GNorm = 0.5780, lr_0 = 1.0000e-04
Validation rmse = 0.763406
Model 0 best validation rmse = 0.719693 on epoch 32
Loading pretrained parameter "encoder.encoder.cached_zero_vector".
Loading pretrained parameter "encoder.encoder.W_i.weight".
Loading pretrained parameter "encoder.encoder.W_h.weight".
Loading pretrained parameter "encoder.encoder.W_o.weight".
Loading pretrained parameter "encoder.encoder.W_o.bias".
Loading pretrained parameter "ffn.1.weight".
Loading pretrained parameter "ffn.1.bias".
Loading pretrained parameter "ffn.4.weight".
Loading pretrained parameter "ffn.4.bias".
Loading pretrained parameter "ffn.7.weight".
Loading pretrained parameter "ffn.7.bias".
Model 0 test rmse = 2.193289
Ensemble test rmse = 2.193289
1-fold cross validation
Seed 5 ==> test rmse = 2.193289
Overall test rmse = 2.193289 +/- 0.000000
