Fold 0
Fold 0
{'activation': 'ReLU',
 'atom_messages': False,
 'batch_size': 50,
 'bias': False,
 'checkpoint_dir': None,
 'checkpoint_path': None,
 'checkpoint_paths': None,
 'config_path': None,
 'config_save_path': 'Data/Multitask_data/All_datasets/Splits/Ubermodel_split_hyperopt_morgan/hyperopt/optimized_configs.json',
 'crossval_index_dir': None,
 'crossval_index_file': None,
 'cuda': False,
 'data_path': 'Data/Multitask_data/All_datasets/Splits/Ubermodel_split_hyperopt_morgan/train.csv',
 'dataset_type': 'regression',
 'depth': 3,
 'dropout': 0.15000000000000002,
 'ensemble_size': 1,
 'epochs': 50,
 'features_generator': ['morgan_count'],
 'features_only': False,
 'features_path': ['Data/Multitask_data/All_datasets/Splits/Ubermodel_split_hyperopt_morgan/train_extra_x.csv'],
 'features_scaling': True,
 'ffn_hidden_size': 300,
 'ffn_num_layers': 1,
 'final_lr': 0.0001,
 'folds_file': None,
 'gpu': None,
 'hidden_size': 600,
 'init_lr': 0.0001,
 'log_dir': None,
 'log_frequency': 10,
 'max_data_size': None,
 'max_lr': 0.001,
 'metric': 'rmse',
 'minimize_score': True,
 'multiclass_num_classes': 3,
 'no_cache': False,
 'num_folds': 1,
 'num_iters': 20,
 'num_lrs': 1,
 'quiet': False,
 'save_dir': 'Data/Multitask_data/All_datasets/Splits/Ubermodel_split_hyperopt_morgan/hyperopt/depth_3_dropout_0.15000000000000002_ffn_num_layers_1_hidden_size_600/fold_0',
 'save_smiles_splits': False,
 'seed': 5,
 'separate_test_features_path': ['Data/Multitask_data/All_datasets/Splits/Ubermodel_split_hyperopt_morgan/test_extra_x.csv'],
 'separate_test_path': 'Data/Multitask_data/All_datasets/Splits/Ubermodel_split_hyperopt_morgan/test.csv',
 'separate_val_features_path': ['Data/Multitask_data/All_datasets/Splits/Ubermodel_split_hyperopt_morgan/valid_extra_x.csv'],
 'separate_val_path': 'Data/Multitask_data/All_datasets/Splits/Ubermodel_split_hyperopt_morgan/valid.csv',
 'show_individual_scores': False,
 'split_sizes': [0.675, 0.075, 0.25],
 'split_type': 'random',
 'test': False,
 'test_fold_index': None,
 'undirected': False,
 'use_compound_names': False,
 'use_input_features': ['morgan_count'],
 'val_fold_index': None,
 'warmup_epochs': 2.0}
{'activation': 'ReLU',
 'atom_messages': False,
 'batch_size': 50,
 'bias': False,
 'checkpoint_dir': None,
 'checkpoint_path': None,
 'checkpoint_paths': None,
 'config_path': None,
 'config_save_path': 'Data/Multitask_data/All_datasets/Splits/Ubermodel_split_hyperopt_morgan/hyperopt/optimized_configs.json',
 'crossval_index_dir': None,
 'crossval_index_file': None,
 'cuda': False,
 'data_path': 'Data/Multitask_data/All_datasets/Splits/Ubermodel_split_hyperopt_morgan/train.csv',
 'dataset_type': 'regression',
 'depth': 3,
 'dropout': 0.15000000000000002,
 'ensemble_size': 1,
 'epochs': 50,
 'features_generator': ['morgan_count'],
 'features_only': False,
 'features_path': ['Data/Multitask_data/All_datasets/Splits/Ubermodel_split_hyperopt_morgan/train_extra_x.csv'],
 'features_scaling': True,
 'ffn_hidden_size': 300,
 'ffn_num_layers': 1,
 'final_lr': 0.0001,
 'folds_file': None,
 'gpu': None,
 'hidden_size': 600,
 'init_lr': 0.0001,
 'log_dir': None,
 'log_frequency': 10,
 'max_data_size': None,
 'max_lr': 0.001,
 'metric': 'rmse',
 'minimize_score': True,
 'multiclass_num_classes': 3,
 'no_cache': False,
 'num_folds': 1,
 'num_iters': 20,
 'num_lrs': 1,
 'quiet': False,
 'save_dir': 'Data/Multitask_data/All_datasets/Splits/Ubermodel_split_hyperopt_morgan/hyperopt/depth_3_dropout_0.15000000000000002_ffn_num_layers_1_hidden_size_600/fold_0',
 'save_smiles_splits': False,
 'seed': 5,
 'separate_test_features_path': ['Data/Multitask_data/All_datasets/Splits/Ubermodel_split_hyperopt_morgan/test_extra_x.csv'],
 'separate_test_path': 'Data/Multitask_data/All_datasets/Splits/Ubermodel_split_hyperopt_morgan/test.csv',
 'separate_val_features_path': ['Data/Multitask_data/All_datasets/Splits/Ubermodel_split_hyperopt_morgan/valid_extra_x.csv'],
 'separate_val_path': 'Data/Multitask_data/All_datasets/Splits/Ubermodel_split_hyperopt_morgan/valid.csv',
 'show_individual_scores': False,
 'split_sizes': [0.675, 0.075, 0.25],
 'split_type': 'random',
 'test': False,
 'test_fold_index': None,
 'undirected': False,
 'use_compound_names': False,
 'use_input_features': ['morgan_count'],
 'val_fold_index': None,
 'warmup_epochs': 2.0}
Loading data
Loading data
Number of tasks = 1
Number of tasks = 1
Splitting data with seed 5
Splitting data with seed 5
Total size = 8,520 | train size = 8,520 | val size = 327 | test size = 445
Total size = 8,520 | train size = 8,520 | val size = 327 | test size = 445
Fitting scaler
Fitting scaler
Building model 0
Building model 0
MoleculeModel(
  (encoder): MPN(
    (encoder): MPNEncoder(
      (dropout_layer): Dropout(p=0.15000000000000002, inplace=False)
      (act_func): ReLU()
      (W_i): Linear(in_features=147, out_features=600, bias=False)
      (W_h): Linear(in_features=600, out_features=600, bias=False)
      (W_o): Linear(in_features=733, out_features=600, bias=True)
    )
  )
  (ffn): Sequential(
    (0): Dropout(p=0.15000000000000002, inplace=False)
    (1): Linear(in_features=2674, out_features=1, bias=True)
  )
)
MoleculeModel(
  (encoder): MPN(
    (encoder): MPNEncoder(
      (dropout_layer): Dropout(p=0.15000000000000002, inplace=False)
      (act_func): ReLU()
      (W_i): Linear(in_features=147, out_features=600, bias=False)
      (W_h): Linear(in_features=600, out_features=600, bias=False)
      (W_o): Linear(in_features=733, out_features=600, bias=True)
    )
  )
  (ffn): Sequential(
    (0): Dropout(p=0.15000000000000002, inplace=False)
    (1): Linear(in_features=2674, out_features=1, bias=True)
  )
)
Number of parameters = 891,275
Number of parameters = 891,275
Epoch 0
Epoch 0
Loss = 3.9546e-02, PNorm = 38.6977, GNorm = 37.8846, lr_0 = 1.2912e-04
Loss = 3.9546e-02, PNorm = 38.6977, GNorm = 37.8846, lr_0 = 1.2912e-04
