Fold 0
Fold 0
Model 0 best validation rmse = 0.744713 on epoch 49
Model 0 best validation rmse = 0.744713 on epoch 49
Model 0 test rmse = 0.783141
Model 0 test rmse = 0.783141
Ensemble test rmse = 0.783141
Ensemble test rmse = 0.783141
1-fold cross validation
1-fold cross validation
Seed 5 ==> test rmse = 0.783141
Seed 5 ==> test rmse = 0.783141
Overall test rmse = 0.783141 +/- 0.000000
Overall test rmse = 0.783141 +/- 0.000000
Fold 0
Fold 0
Model 0 best validation rmse = 0.835920 on epoch 45
Model 0 best validation rmse = 0.835920 on epoch 45
Model 0 test rmse = 0.866572
Model 0 test rmse = 0.866572
Ensemble test rmse = 0.866572
Ensemble test rmse = 0.866572
1-fold cross validation
1-fold cross validation
Seed 5 ==> test rmse = 0.866572
Seed 5 ==> test rmse = 0.866572
Overall test rmse = 0.866572 +/- 0.000000
Overall test rmse = 0.866572 +/- 0.000000
Fold 0
Fold 0
Model 0 best validation rmse = 0.857588 on epoch 49
Model 0 best validation rmse = 0.857588 on epoch 49
Model 0 test rmse = 0.886175
Model 0 test rmse = 0.886175
Ensemble test rmse = 0.886175
Ensemble test rmse = 0.886175
1-fold cross validation
1-fold cross validation
Seed 5 ==> test rmse = 0.886175
Seed 5 ==> test rmse = 0.886175
Overall test rmse = 0.886175 +/- 0.000000
Overall test rmse = 0.886175 +/- 0.000000
Fold 0
Fold 0
Model 0 best validation rmse = 0.899726 on epoch 45
Model 0 best validation rmse = 0.899726 on epoch 45
Model 0 test rmse = 0.995272
Model 0 test rmse = 0.995272
Ensemble test rmse = 0.995272
Ensemble test rmse = 0.995272
1-fold cross validation
1-fold cross validation
Seed 5 ==> test rmse = 0.995272
Seed 5 ==> test rmse = 0.995272
Overall test rmse = 0.995272 +/- 0.000000
Overall test rmse = 0.995272 +/- 0.000000
Fold 0
Fold 0
Model 0 best validation rmse = 0.813863 on epoch 48
Model 0 best validation rmse = 0.813863 on epoch 48
Model 0 test rmse = 0.848432
Model 0 test rmse = 0.848432
Ensemble test rmse = 0.848432
Ensemble test rmse = 0.848432
1-fold cross validation
1-fold cross validation
Seed 5 ==> test rmse = 0.848432
Seed 5 ==> test rmse = 0.848432
Overall test rmse = 0.848432 +/- 0.000000
Overall test rmse = 0.848432 +/- 0.000000
Fold 0
Fold 0
Model 0 best validation rmse = 0.795136 on epoch 45
Model 0 best validation rmse = 0.795136 on epoch 45
Model 0 test rmse = 0.833411
Model 0 test rmse = 0.833411
Ensemble test rmse = 0.833411
Ensemble test rmse = 0.833411
1-fold cross validation
1-fold cross validation
Seed 5 ==> test rmse = 0.833411
Seed 5 ==> test rmse = 0.833411
Overall test rmse = 0.833411 +/- 0.000000
Overall test rmse = 0.833411 +/- 0.000000
Fold 0
Fold 0
Model 0 best validation rmse = 0.800368 on epoch 47
Model 0 best validation rmse = 0.800368 on epoch 47
Model 0 test rmse = 0.827427
Model 0 test rmse = 0.827427
Ensemble test rmse = 0.827427
Ensemble test rmse = 0.827427
1-fold cross validation
1-fold cross validation
Seed 5 ==> test rmse = 0.827427
Seed 5 ==> test rmse = 0.827427
Overall test rmse = 0.827427 +/- 0.000000
Overall test rmse = 0.827427 +/- 0.000000
Fold 0
Fold 0
Model 0 best validation rmse = 0.807140 on epoch 49
Model 0 best validation rmse = 0.807140 on epoch 49
Model 0 test rmse = 0.856339
Model 0 test rmse = 0.856339
Ensemble test rmse = 0.856339
Ensemble test rmse = 0.856339
1-fold cross validation
1-fold cross validation
Seed 5 ==> test rmse = 0.856339
Seed 5 ==> test rmse = 0.856339
Overall test rmse = 0.856339 +/- 0.000000
Overall test rmse = 0.856339 +/- 0.000000
Fold 0
Fold 0
Model 0 best validation rmse = 0.764958 on epoch 47
Model 0 best validation rmse = 0.764958 on epoch 47
Model 0 test rmse = 0.809969
Model 0 test rmse = 0.809969
Ensemble test rmse = 0.809969
Ensemble test rmse = 0.809969
1-fold cross validation
1-fold cross validation
Seed 5 ==> test rmse = 0.809969
Seed 5 ==> test rmse = 0.809969
Overall test rmse = 0.809969 +/- 0.000000
Overall test rmse = 0.809969 +/- 0.000000
Fold 0
Fold 0
Model 0 best validation rmse = 0.786074 on epoch 45
Model 0 best validation rmse = 0.786074 on epoch 45
Model 0 test rmse = 0.829692
Model 0 test rmse = 0.829692
Ensemble test rmse = 0.829692
Ensemble test rmse = 0.829692
1-fold cross validation
1-fold cross validation
Seed 5 ==> test rmse = 0.829692
Seed 5 ==> test rmse = 0.829692
Overall test rmse = 0.829692 +/- 0.000000
Overall test rmse = 0.829692 +/- 0.000000
Fold 0
Fold 0
Model 0 best validation rmse = 0.778619 on epoch 48
Model 0 best validation rmse = 0.778619 on epoch 48
Model 0 test rmse = 0.810968
Model 0 test rmse = 0.810968
Ensemble test rmse = 0.810968
Ensemble test rmse = 0.810968
1-fold cross validation
1-fold cross validation
Seed 5 ==> test rmse = 0.810968
Seed 5 ==> test rmse = 0.810968
Overall test rmse = 0.810968 +/- 0.000000
Overall test rmse = 0.810968 +/- 0.000000
Fold 0
Fold 0
Model 0 best validation rmse = 0.787357 on epoch 48
Model 0 best validation rmse = 0.787357 on epoch 48
Model 0 test rmse = 0.821584
Model 0 test rmse = 0.821584
Ensemble test rmse = 0.821584
Ensemble test rmse = 0.821584
1-fold cross validation
1-fold cross validation
Seed 5 ==> test rmse = 0.821584
Seed 5 ==> test rmse = 0.821584
Overall test rmse = 0.821584 +/- 0.000000
Overall test rmse = 0.821584 +/- 0.000000
Fold 0
Fold 0
Model 0 best validation rmse = 0.903795 on epoch 48
Model 0 best validation rmse = 0.903795 on epoch 48
Model 0 test rmse = 1.010147
Model 0 test rmse = 1.010147
Ensemble test rmse = 1.010147
Ensemble test rmse = 1.010147
1-fold cross validation
1-fold cross validation
Seed 5 ==> test rmse = 1.010147
Seed 5 ==> test rmse = 1.010147
Overall test rmse = 1.010147 +/- 0.000000
Overall test rmse = 1.010147 +/- 0.000000
Fold 0
Fold 0
Model 0 best validation rmse = 0.826952 on epoch 38
Model 0 best validation rmse = 0.826952 on epoch 38
Model 0 test rmse = 0.872209
Model 0 test rmse = 0.872209
Ensemble test rmse = 0.872209
Ensemble test rmse = 0.872209
1-fold cross validation
1-fold cross validation
Seed 5 ==> test rmse = 0.872209
Seed 5 ==> test rmse = 0.872209
Overall test rmse = 0.872209 +/- 0.000000
Overall test rmse = 0.872209 +/- 0.000000
Fold 0
Fold 0
Model 0 best validation rmse = 0.869320 on epoch 41
Model 0 best validation rmse = 0.869320 on epoch 41
Model 0 test rmse = 0.996451
Model 0 test rmse = 0.996451
Ensemble test rmse = 0.996451
Ensemble test rmse = 0.996451
1-fold cross validation
1-fold cross validation
Seed 5 ==> test rmse = 0.996451
Seed 5 ==> test rmse = 0.996451
Overall test rmse = 0.996451 +/- 0.000000
Overall test rmse = 0.996451 +/- 0.000000
Fold 0
Fold 0
Model 0 best validation rmse = 0.883020 on epoch 46
Model 0 best validation rmse = 0.883020 on epoch 46
Model 0 test rmse = 0.990758
Model 0 test rmse = 0.990758
Ensemble test rmse = 0.990758
Ensemble test rmse = 0.990758
1-fold cross validation
1-fold cross validation
Seed 5 ==> test rmse = 0.990758
Seed 5 ==> test rmse = 0.990758
Overall test rmse = 0.990758 +/- 0.000000
Overall test rmse = 0.990758 +/- 0.000000
Fold 0
Fold 0
Model 0 best validation rmse = 0.746503 on epoch 48
Model 0 best validation rmse = 0.746503 on epoch 48
Model 0 test rmse = 0.790109
Model 0 test rmse = 0.790109
Ensemble test rmse = 0.790109
Ensemble test rmse = 0.790109
1-fold cross validation
1-fold cross validation
Seed 5 ==> test rmse = 0.790109
Seed 5 ==> test rmse = 0.790109
Overall test rmse = 0.790109 +/- 0.000000
Overall test rmse = 0.790109 +/- 0.000000
Fold 0
Fold 0
Model 0 best validation rmse = 0.806965 on epoch 49
Model 0 best validation rmse = 0.806965 on epoch 49
Model 0 test rmse = 0.849258
Model 0 test rmse = 0.849258
Ensemble test rmse = 0.849258
Ensemble test rmse = 0.849258
1-fold cross validation
1-fold cross validation
Seed 5 ==> test rmse = 0.849258
Seed 5 ==> test rmse = 0.849258
Overall test rmse = 0.849258 +/- 0.000000
Overall test rmse = 0.849258 +/- 0.000000
Fold 0
Fold 0
Model 0 best validation rmse = 0.795623 on epoch 44
Model 0 best validation rmse = 0.795623 on epoch 44
Model 0 test rmse = 0.828508
Model 0 test rmse = 0.828508
Ensemble test rmse = 0.828508
Ensemble test rmse = 0.828508
1-fold cross validation
1-fold cross validation
Seed 5 ==> test rmse = 0.828508
Seed 5 ==> test rmse = 0.828508
Overall test rmse = 0.828508 +/- 0.000000
Overall test rmse = 0.828508 +/- 0.000000
Fold 0
Fold 0
Model 0 best validation rmse = 0.880670 on epoch 38
Model 0 best validation rmse = 0.880670 on epoch 38
Model 0 test rmse = 1.025673
Model 0 test rmse = 1.025673
Ensemble test rmse = 1.025673
Ensemble test rmse = 1.025673
1-fold cross validation
1-fold cross validation
Seed 5 ==> test rmse = 1.025673
Seed 5 ==> test rmse = 1.025673
Overall test rmse = 1.025673 +/- 0.000000
Overall test rmse = 1.025673 +/- 0.000000
Fold 0
Fold 0
Model 0 best validation rmse = 0.741990 on epoch 48
Model 0 best validation rmse = 0.741990 on epoch 48
Model 0 test rmse = 0.829258
Model 0 test rmse = 0.829258
Ensemble test rmse = 0.829258
Ensemble test rmse = 0.829258
1-fold cross validation
1-fold cross validation
Seed 5 ==> test rmse = 0.829258
Seed 5 ==> test rmse = 0.829258
Overall test rmse = 0.829258 +/- 0.000000
Overall test rmse = 0.829258 +/- 0.000000
Fold 0
Fold 0
Model 0 best validation rmse = 0.746719 on epoch 41
Model 0 best validation rmse = 0.746719 on epoch 41
Model 0 test rmse = 0.801071
Model 0 test rmse = 0.801071
Ensemble test rmse = 0.801071
Ensemble test rmse = 0.801071
1-fold cross validation
1-fold cross validation
Seed 5 ==> test rmse = 0.801071
Seed 5 ==> test rmse = 0.801071
Overall test rmse = 0.801071 +/- 0.000000
Overall test rmse = 0.801071 +/- 0.000000
Fold 0
Fold 0
Model 0 best validation rmse = 0.737973 on epoch 46
Model 0 best validation rmse = 0.737973 on epoch 46
Model 0 test rmse = 0.799217
Model 0 test rmse = 0.799217
Ensemble test rmse = 0.799217
Ensemble test rmse = 0.799217
1-fold cross validation
1-fold cross validation
Seed 5 ==> test rmse = 0.799217
Seed 5 ==> test rmse = 0.799217
Overall test rmse = 0.799217 +/- 0.000000
Overall test rmse = 0.799217 +/- 0.000000
Fold 0
Fold 0
Model 0 best validation rmse = 0.741208 on epoch 45
Model 0 best validation rmse = 0.741208 on epoch 45
Model 0 test rmse = 0.778669
Model 0 test rmse = 0.778669
Ensemble test rmse = 0.778669
Ensemble test rmse = 0.778669
1-fold cross validation
1-fold cross validation
Seed 5 ==> test rmse = 0.778669
Seed 5 ==> test rmse = 0.778669
Overall test rmse = 0.778669 +/- 0.000000
Overall test rmse = 0.778669 +/- 0.000000
Fold 0
Fold 0
Model 0 best validation rmse = 0.743201 on epoch 47
Model 0 best validation rmse = 0.743201 on epoch 47
Model 0 test rmse = 0.795822
Model 0 test rmse = 0.795822
Ensemble test rmse = 0.795822
Ensemble test rmse = 0.795822
1-fold cross validation
1-fold cross validation
Seed 5 ==> test rmse = 0.795822
Seed 5 ==> test rmse = 0.795822
Overall test rmse = 0.795822 +/- 0.000000
Overall test rmse = 0.795822 +/- 0.000000
