Fold 0
{'activation': 'ReLU',
 'atom_messages': False,
 'batch_size': 50,
 'bias': False,
 'checkpoint_dir': None,
 'checkpoint_path': None,
 'checkpoint_paths': None,
 'config_path': None,
 'crossval_index_dir': None,
 'crossval_index_file': None,
 'cuda': False,
 'data_path': 'Data/Multitask_data/All_datasets/Splits/Ubermodel_split/train.csv',
 'dataset_type': 'regression',
 'depth': 3,
 'dropout': 0.0,
 'ensemble_size': 1,
 'epochs': 40,
 'features_generator': None,
 'features_only': False,
 'features_path': ['Data/Multitask_data/All_datasets/Splits/Ubermodel_split/train_extra_x.csv'],
 'features_scaling': True,
 'ffn_hidden_size': 300,
 'ffn_num_layers': 3,
 'final_lr': 0.0001,
 'folds_file': None,
 'gpu': None,
 'hidden_size': 300,
 'init_lr': 0.0001,
 'log_frequency': 10,
 'max_data_size': None,
 'max_lr': 0.001,
 'metric': 'rmse',
 'minimize_score': True,
 'multiclass_num_classes': 3,
 'no_cache': False,
 'num_folds': 1,
 'num_lrs': 1,
 'quiet': False,
 'save_dir': 'Data/Multitask_data/All_datasets/Splits/Ubermodel_split/trained_model/fold_0',
 'save_smiles_splits': False,
 'seed': 5,
 'separate_test_features_path': ['Data/Multitask_data/All_datasets/Splits/Ubermodel_split/test_extra_x.csv'],
 'separate_test_path': 'Data/Multitask_data/All_datasets/Splits/Ubermodel_split/test.csv',
 'separate_val_features_path': ['Data/Multitask_data/All_datasets/Splits/Ubermodel_split/valid_extra_x.csv'],
 'separate_val_path': 'Data/Multitask_data/All_datasets/Splits/Ubermodel_split/valid.csv',
 'show_individual_scores': False,
 'split_sizes': [0.675, 0.075, 0.25],
 'split_type': 'random',
 'test': False,
 'test_fold_index': None,
 'undirected': False,
 'use_compound_names': False,
 'use_input_features': True,
 'val_fold_index': None,
 'warmup_epochs': 2.0}
Loading data
Number of tasks = 1
Splitting data with seed 5
Total size = 8,801 | train size = 8,801 | val size = 425 | test size = 425
Fitting scaler
Building model 0
MoleculeModel(
  (encoder): MPN(
    (encoder): MPNEncoder(
      (dropout_layer): Dropout(p=0.0, inplace=False)
      (act_func): ReLU()
      (W_i): Linear(in_features=147, out_features=300, bias=False)
      (W_h): Linear(in_features=300, out_features=300, bias=False)
      (W_o): Linear(in_features=433, out_features=300, bias=True)
    )
  )
  (ffn): Sequential(
    (0): Dropout(p=0.0, inplace=False)
    (1): Linear(in_features=326, out_features=300, bias=True)
    (2): ReLU()
    (3): Dropout(p=0.0, inplace=False)
    (4): Linear(in_features=300, out_features=300, bias=True)
    (5): ReLU()
    (6): Dropout(p=0.0, inplace=False)
    (7): Linear(in_features=300, out_features=1, bias=True)
  )
)
Number of parameters = 453,001
Epoch 0
Loss = 1.6374e-02, PNorm = 38.2899, GNorm = 2.4928, lr_0 = 1.2813e-04
Loss = 1.0941e-02, PNorm = 38.2965, GNorm = 1.4978, lr_0 = 1.5369e-04
Loss = 8.0821e-03, PNorm = 38.3048, GNorm = 2.9748, lr_0 = 1.7926e-04
Loss = 7.5455e-03, PNorm = 38.3111, GNorm = 6.3026, lr_0 = 2.0483e-04
Loss = 5.1499e-03, PNorm = 38.3140, GNorm = 0.8849, lr_0 = 2.3040e-04
Loss = 7.3783e-03, PNorm = 38.3183, GNorm = 0.7256, lr_0 = 2.5597e-04
Loss = 5.7134e-03, PNorm = 38.3230, GNorm = 1.1526, lr_0 = 2.8153e-04
Loss = 5.2976e-03, PNorm = 38.3310, GNorm = 4.0796, lr_0 = 3.0710e-04
Loss = 5.1776e-03, PNorm = 38.3380, GNorm = 1.2158, lr_0 = 3.3267e-04
Loss = 4.0431e-03, PNorm = 38.3492, GNorm = 1.7836, lr_0 = 3.5824e-04
Loss = 5.0052e-03, PNorm = 38.3588, GNorm = 1.8774, lr_0 = 3.8381e-04
Loss = 4.9467e-03, PNorm = 38.3687, GNorm = 1.2755, lr_0 = 4.0937e-04
Loss = 5.6494e-03, PNorm = 38.3847, GNorm = 1.4606, lr_0 = 4.3494e-04
Loss = 5.4127e-03, PNorm = 38.4046, GNorm = 3.3623, lr_0 = 4.6051e-04
Loss = 4.3618e-03, PNorm = 38.4209, GNorm = 1.4928, lr_0 = 4.8608e-04
Loss = 4.3773e-03, PNorm = 38.4420, GNorm = 1.3250, lr_0 = 5.1165e-04
Loss = 3.8272e-03, PNorm = 38.4625, GNorm = 1.0768, lr_0 = 5.3722e-04
Validation rmse = 1.106358
Epoch 1
Loss = 3.7071e-03, PNorm = 38.4813, GNorm = 2.5828, lr_0 = 5.6278e-04
Loss = 4.4538e-03, PNorm = 38.4975, GNorm = 1.4394, lr_0 = 5.8835e-04
Loss = 5.5497e-03, PNorm = 38.5160, GNorm = 1.2825, lr_0 = 6.1392e-04
Loss = 5.0817e-03, PNorm = 38.5399, GNorm = 3.0502, lr_0 = 6.3949e-04
Loss = 4.7219e-03, PNorm = 38.5637, GNorm = 1.4213, lr_0 = 6.6506e-04
Loss = 4.5470e-03, PNorm = 38.6012, GNorm = 0.8074, lr_0 = 6.9063e-04
Loss = 4.7586e-03, PNorm = 38.6361, GNorm = 1.9237, lr_0 = 7.1619e-04
Loss = 4.6854e-03, PNorm = 38.6717, GNorm = 2.4331, lr_0 = 7.4176e-04
Loss = 5.2282e-03, PNorm = 38.6930, GNorm = 3.1332, lr_0 = 7.6733e-04
Loss = 4.3614e-03, PNorm = 38.7273, GNorm = 0.9955, lr_0 = 7.9290e-04
Loss = 5.9164e-03, PNorm = 38.7656, GNorm = 0.9931, lr_0 = 8.1847e-04
Loss = 3.7852e-03, PNorm = 38.8051, GNorm = 0.7983, lr_0 = 8.4403e-04
Loss = 6.4706e-03, PNorm = 38.8433, GNorm = 1.5332, lr_0 = 8.6960e-04
Loss = 4.9967e-03, PNorm = 38.8781, GNorm = 2.1872, lr_0 = 8.9517e-04
Loss = 3.7938e-03, PNorm = 38.9198, GNorm = 0.7520, lr_0 = 9.2074e-04
Loss = 4.2239e-03, PNorm = 38.9589, GNorm = 1.1177, lr_0 = 9.4631e-04
Loss = 3.8152e-03, PNorm = 38.9973, GNorm = 1.0928, lr_0 = 9.7187e-04
Loss = 3.4086e-03, PNorm = 39.0228, GNorm = 1.0993, lr_0 = 9.9744e-04
Validation rmse = 1.081888
Epoch 2
Loss = 3.8722e-03, PNorm = 39.0693, GNorm = 2.4061, lr_0 = 9.9691e-04
Loss = 3.7866e-03, PNorm = 39.1184, GNorm = 4.0981, lr_0 = 9.9348e-04
Loss = 4.1074e-03, PNorm = 39.1595, GNorm = 0.8632, lr_0 = 9.9007e-04
Loss = 3.7713e-03, PNorm = 39.2003, GNorm = 0.5266, lr_0 = 9.8666e-04
Loss = 3.9120e-03, PNorm = 39.2376, GNorm = 0.8801, lr_0 = 9.8327e-04
Loss = 3.5819e-03, PNorm = 39.2804, GNorm = 1.4016, lr_0 = 9.7989e-04
Loss = 4.7631e-03, PNorm = 39.3288, GNorm = 1.2084, lr_0 = 9.7652e-04
Loss = 3.9176e-03, PNorm = 39.3596, GNorm = 3.3685, lr_0 = 9.7317e-04
Loss = 4.7054e-03, PNorm = 39.3866, GNorm = 0.6639, lr_0 = 9.6982e-04
Loss = 4.1169e-03, PNorm = 39.4111, GNorm = 0.7558, lr_0 = 9.6649e-04
Loss = 4.2149e-03, PNorm = 39.4504, GNorm = 0.6071, lr_0 = 9.6317e-04
Loss = 4.6637e-03, PNorm = 39.4877, GNorm = 0.7315, lr_0 = 9.5986e-04
Loss = 4.1453e-03, PNorm = 39.5190, GNorm = 0.9671, lr_0 = 9.5656e-04
Loss = 2.6464e-03, PNorm = 39.5405, GNorm = 0.3799, lr_0 = 9.5327e-04
Loss = 4.5439e-03, PNorm = 39.5829, GNorm = 0.7250, lr_0 = 9.4999e-04
Loss = 3.2035e-03, PNorm = 39.6178, GNorm = 1.0334, lr_0 = 9.4673e-04
Loss = 3.5103e-03, PNorm = 39.6537, GNorm = 0.4344, lr_0 = 9.4348e-04
Validation rmse = 0.975715
Epoch 3
Loss = 2.6856e-03, PNorm = 39.7042, GNorm = 0.7559, lr_0 = 9.4023e-04
Loss = 4.1797e-03, PNorm = 39.7435, GNorm = 1.3098, lr_0 = 9.3700e-04
Loss = 4.9869e-03, PNorm = 39.7843, GNorm = 1.2460, lr_0 = 9.3378e-04
Loss = 2.9309e-03, PNorm = 39.8327, GNorm = 0.5285, lr_0 = 9.3057e-04
Loss = 4.7892e-03, PNorm = 39.8823, GNorm = 0.9086, lr_0 = 9.2737e-04
Loss = 3.5282e-03, PNorm = 39.9127, GNorm = 1.4662, lr_0 = 9.2419e-04
Loss = 4.8353e-03, PNorm = 39.9486, GNorm = 0.9758, lr_0 = 9.2101e-04
Loss = 4.8139e-03, PNorm = 39.9942, GNorm = 1.0424, lr_0 = 9.1784e-04
Loss = 3.7464e-03, PNorm = 40.0445, GNorm = 1.0890, lr_0 = 9.1469e-04
Loss = 3.4380e-03, PNorm = 40.0913, GNorm = 0.4806, lr_0 = 9.1155e-04
Loss = 4.3304e-03, PNorm = 40.1308, GNorm = 0.5428, lr_0 = 9.0841e-04
Loss = 3.1778e-03, PNorm = 40.1663, GNorm = 0.6353, lr_0 = 9.0529e-04
Loss = 3.2011e-03, PNorm = 40.2057, GNorm = 0.5213, lr_0 = 9.0218e-04
Loss = 3.8343e-03, PNorm = 40.2424, GNorm = 1.8091, lr_0 = 8.9908e-04
Loss = 3.2555e-03, PNorm = 40.2728, GNorm = 0.7153, lr_0 = 8.9599e-04
Loss = 2.9112e-03, PNorm = 40.2978, GNorm = 1.0613, lr_0 = 8.9291e-04
Loss = 2.9611e-03, PNorm = 40.3340, GNorm = 0.8266, lr_0 = 8.8984e-04
Loss = 4.0166e-03, PNorm = 40.3728, GNorm = 0.7591, lr_0 = 8.8678e-04
Validation rmse = 1.069718
Epoch 4
Loss = 3.2003e-03, PNorm = 40.4164, GNorm = 0.5035, lr_0 = 8.8373e-04
Loss = 3.8528e-03, PNorm = 40.4547, GNorm = 0.6908, lr_0 = 8.8070e-04
Loss = 4.4719e-03, PNorm = 40.5055, GNorm = 0.7723, lr_0 = 8.7767e-04
Loss = 3.5711e-03, PNorm = 40.5513, GNorm = 0.6542, lr_0 = 8.7465e-04
Loss = 3.5715e-03, PNorm = 40.6087, GNorm = 1.0774, lr_0 = 8.7165e-04
Loss = 3.6483e-03, PNorm = 40.6420, GNorm = 0.4537, lr_0 = 8.6865e-04
Loss = 3.1393e-03, PNorm = 40.6745, GNorm = 0.5120, lr_0 = 8.6567e-04
Loss = 3.5282e-03, PNorm = 40.7226, GNorm = 0.8008, lr_0 = 8.6269e-04
Loss = 6.2633e-03, PNorm = 40.7510, GNorm = 0.5897, lr_0 = 8.5973e-04
Loss = 3.7134e-03, PNorm = 40.7853, GNorm = 0.6671, lr_0 = 8.5677e-04
Loss = 4.5540e-03, PNorm = 40.8175, GNorm = 0.6850, lr_0 = 8.5383e-04
Loss = 3.1575e-03, PNorm = 40.8506, GNorm = 0.6721, lr_0 = 8.5089e-04
Loss = 3.0372e-03, PNorm = 40.8744, GNorm = 0.6118, lr_0 = 8.4797e-04
Loss = 2.6955e-03, PNorm = 40.8991, GNorm = 0.2973, lr_0 = 8.4505e-04
Loss = 4.7408e-03, PNorm = 40.9123, GNorm = 0.8776, lr_0 = 8.4215e-04
Loss = 2.8486e-03, PNorm = 40.9553, GNorm = 0.9537, lr_0 = 8.3925e-04
Loss = 2.7556e-03, PNorm = 40.9794, GNorm = 0.3385, lr_0 = 8.3637e-04
Loss = 3.6883e-03, PNorm = 41.0112, GNorm = 0.5584, lr_0 = 8.3350e-04
Validation rmse = 1.041233
Epoch 5
Loss = 3.5593e-03, PNorm = 41.0525, GNorm = 0.4374, lr_0 = 8.3063e-04
Loss = 2.9758e-03, PNorm = 41.1014, GNorm = 0.7276, lr_0 = 8.2778e-04
Loss = 3.0323e-03, PNorm = 41.1341, GNorm = 0.3837, lr_0 = 8.2493e-04
Loss = 4.2894e-03, PNorm = 41.1680, GNorm = 1.1064, lr_0 = 8.2210e-04
Loss = 3.3978e-03, PNorm = 41.2207, GNorm = 1.5554, lr_0 = 8.1927e-04
Loss = 3.3540e-03, PNorm = 41.2562, GNorm = 0.7086, lr_0 = 8.1645e-04
Loss = 3.1438e-03, PNorm = 41.2879, GNorm = 0.9381, lr_0 = 8.1365e-04
Loss = 3.3407e-03, PNorm = 41.3158, GNorm = 0.4895, lr_0 = 8.1085e-04
Loss = 3.7547e-03, PNorm = 41.3548, GNorm = 0.8359, lr_0 = 8.0806e-04
Loss = 3.5269e-03, PNorm = 41.3913, GNorm = 0.4556, lr_0 = 8.0529e-04
Loss = 4.0788e-03, PNorm = 41.4190, GNorm = 0.8905, lr_0 = 8.0252e-04
Loss = 2.7629e-03, PNorm = 41.4463, GNorm = 0.7181, lr_0 = 7.9976e-04
Loss = 4.1336e-03, PNorm = 41.4654, GNorm = 1.0935, lr_0 = 7.9701e-04
Loss = 3.1180e-03, PNorm = 41.4959, GNorm = 0.4481, lr_0 = 7.9427e-04
Loss = 2.6507e-03, PNorm = 41.5188, GNorm = 0.4238, lr_0 = 7.9154e-04
Loss = 2.9844e-03, PNorm = 41.5518, GNorm = 0.7740, lr_0 = 7.8882e-04
Loss = 2.9992e-03, PNorm = 41.5761, GNorm = 0.4985, lr_0 = 7.8611e-04
Validation rmse = 0.960143
Epoch 6
Loss = 3.5325e-03, PNorm = 41.5975, GNorm = 0.6068, lr_0 = 7.8341e-04
Loss = 2.9121e-03, PNorm = 41.6401, GNorm = 0.5873, lr_0 = 7.8072e-04
Loss = 2.9068e-03, PNorm = 41.6661, GNorm = 0.5091, lr_0 = 7.7803e-04
Loss = 3.1001e-03, PNorm = 41.7052, GNorm = 0.6428, lr_0 = 7.7536e-04
Loss = 4.1902e-03, PNorm = 41.7465, GNorm = 0.7680, lr_0 = 7.7270e-04
Loss = 3.3501e-03, PNorm = 41.7819, GNorm = 0.6800, lr_0 = 7.7004e-04
Loss = 2.1501e-03, PNorm = 41.8060, GNorm = 0.3942, lr_0 = 7.6739e-04
Loss = 3.2139e-03, PNorm = 41.8229, GNorm = 0.7023, lr_0 = 7.6476e-04
Loss = 4.4883e-03, PNorm = 41.8454, GNorm = 0.4858, lr_0 = 7.6213e-04
Loss = 2.7960e-03, PNorm = 41.8722, GNorm = 0.5706, lr_0 = 7.5951e-04
Loss = 4.3630e-03, PNorm = 41.9023, GNorm = 1.2126, lr_0 = 7.5690e-04
Loss = 2.9297e-03, PNorm = 41.9335, GNorm = 0.6513, lr_0 = 7.5430e-04
Loss = 3.6524e-03, PNorm = 41.9598, GNorm = 0.5217, lr_0 = 7.5170e-04
Loss = 3.6223e-03, PNorm = 41.9804, GNorm = 0.6421, lr_0 = 7.4912e-04
Loss = 3.2090e-03, PNorm = 41.9976, GNorm = 0.4262, lr_0 = 7.4655e-04
Loss = 3.1260e-03, PNorm = 42.0299, GNorm = 0.6956, lr_0 = 7.4398e-04
Loss = 3.1237e-03, PNorm = 42.0530, GNorm = 0.4006, lr_0 = 7.4142e-04
Loss = 3.2603e-03, PNorm = 42.0888, GNorm = 0.6990, lr_0 = 7.3887e-04
Validation rmse = 0.927060
Epoch 7
Loss = 2.7994e-03, PNorm = 42.1116, GNorm = 0.2786, lr_0 = 7.3633e-04
Loss = 3.4822e-03, PNorm = 42.1513, GNorm = 0.7065, lr_0 = 7.3380e-04
Loss = 4.0643e-03, PNorm = 42.1811, GNorm = 0.6266, lr_0 = 7.3128e-04
Loss = 2.8821e-03, PNorm = 42.2183, GNorm = 0.6673, lr_0 = 7.2877e-04
Loss = 3.1589e-03, PNorm = 42.2420, GNorm = 0.3951, lr_0 = 7.2626e-04
Loss = 2.6018e-03, PNorm = 42.2677, GNorm = 0.9395, lr_0 = 7.2377e-04
Loss = 4.1526e-03, PNorm = 42.2819, GNorm = 0.5039, lr_0 = 7.2128e-04
Loss = 2.9897e-03, PNorm = 42.3111, GNorm = 0.3858, lr_0 = 7.1880e-04
Loss = 2.5364e-03, PNorm = 42.3433, GNorm = 0.3181, lr_0 = 7.1633e-04
Loss = 2.8032e-03, PNorm = 42.3603, GNorm = 0.4798, lr_0 = 7.1387e-04
Loss = 3.8111e-03, PNorm = 42.3698, GNorm = 0.4739, lr_0 = 7.1142e-04
Loss = 3.0579e-03, PNorm = 42.3886, GNorm = 0.6316, lr_0 = 7.0897e-04
Loss = 3.8991e-03, PNorm = 42.4176, GNorm = 0.6272, lr_0 = 7.0653e-04
Loss = 2.6603e-03, PNorm = 42.4519, GNorm = 0.3260, lr_0 = 7.0411e-04
Loss = 3.0252e-03, PNorm = 42.4906, GNorm = 0.5262, lr_0 = 7.0169e-04
Loss = 3.4583e-03, PNorm = 42.5152, GNorm = 0.5333, lr_0 = 6.9927e-04
Loss = 3.1544e-03, PNorm = 42.5456, GNorm = 1.3455, lr_0 = 6.9687e-04
Validation rmse = 0.942702
Epoch 8
Loss = 2.6415e-03, PNorm = 42.5792, GNorm = 0.4799, lr_0 = 6.9448e-04
Loss = 2.6978e-03, PNorm = 42.5987, GNorm = 0.9586, lr_0 = 6.9209e-04
Loss = 2.8217e-03, PNorm = 42.6267, GNorm = 0.6896, lr_0 = 6.8971e-04
Loss = 2.9583e-03, PNorm = 42.6370, GNorm = 0.6287, lr_0 = 6.8734e-04
Loss = 3.7359e-03, PNorm = 42.6552, GNorm = 0.6194, lr_0 = 6.8498e-04
Loss = 2.7705e-03, PNorm = 42.6787, GNorm = 0.5617, lr_0 = 6.8262e-04
Loss = 2.6027e-03, PNorm = 42.7012, GNorm = 0.8369, lr_0 = 6.8028e-04
Loss = 3.2577e-03, PNorm = 42.7271, GNorm = 0.3860, lr_0 = 6.7794e-04
Loss = 3.5172e-03, PNorm = 42.7553, GNorm = 0.5422, lr_0 = 6.7561e-04
Loss = 2.3824e-03, PNorm = 42.7778, GNorm = 0.5294, lr_0 = 6.7329e-04
Loss = 3.2452e-03, PNorm = 42.8055, GNorm = 0.4431, lr_0 = 6.7097e-04
Loss = 3.4543e-03, PNorm = 42.8334, GNorm = 0.8478, lr_0 = 6.6867e-04
Loss = 5.0204e-03, PNorm = 42.8571, GNorm = 0.4830, lr_0 = 6.6637e-04
Loss = 2.7731e-03, PNorm = 42.8806, GNorm = 1.4436, lr_0 = 6.6408e-04
Loss = 3.1917e-03, PNorm = 42.8963, GNorm = 0.9001, lr_0 = 6.6180e-04
Loss = 3.7842e-03, PNorm = 42.9221, GNorm = 0.4805, lr_0 = 6.5952e-04
Loss = 3.6068e-03, PNorm = 42.9582, GNorm = 0.5231, lr_0 = 6.5725e-04
Loss = 2.3579e-03, PNorm = 42.9846, GNorm = 0.4954, lr_0 = 6.5500e-04
Validation rmse = 0.936783
Epoch 9
Loss = 3.5998e-03, PNorm = 43.0050, GNorm = 0.9853, lr_0 = 6.5274e-04
Loss = 2.6095e-03, PNorm = 43.0254, GNorm = 0.3710, lr_0 = 6.5050e-04
Loss = 3.9648e-03, PNorm = 43.0460, GNorm = 1.2619, lr_0 = 6.4826e-04
Loss = 3.0487e-03, PNorm = 43.0689, GNorm = 0.5567, lr_0 = 6.4604e-04
Loss = 2.6747e-03, PNorm = 43.0957, GNorm = 0.6183, lr_0 = 6.4382e-04
Loss = 3.4279e-03, PNorm = 43.1108, GNorm = 0.4592, lr_0 = 6.4160e-04
Loss = 3.2241e-03, PNorm = 43.1292, GNorm = 0.5255, lr_0 = 6.3940e-04
Loss = 2.5612e-03, PNorm = 43.1526, GNorm = 0.4329, lr_0 = 6.3720e-04
Loss = 2.7917e-03, PNorm = 43.1817, GNorm = 0.8767, lr_0 = 6.3501e-04
Loss = 3.5154e-03, PNorm = 43.2106, GNorm = 1.0015, lr_0 = 6.3283e-04
Loss = 3.0440e-03, PNorm = 43.2435, GNorm = 0.3768, lr_0 = 6.3065e-04
Loss = 2.6080e-03, PNorm = 43.2717, GNorm = 0.5190, lr_0 = 6.2849e-04
Loss = 3.2929e-03, PNorm = 43.2923, GNorm = 1.0049, lr_0 = 6.2633e-04
Loss = 2.8759e-03, PNorm = 43.3159, GNorm = 0.6128, lr_0 = 6.2417e-04
Loss = 3.2251e-03, PNorm = 43.3475, GNorm = 0.5678, lr_0 = 6.2203e-04
Loss = 3.0885e-03, PNorm = 43.3706, GNorm = 0.8325, lr_0 = 6.1989e-04
Loss = 3.5603e-03, PNorm = 43.3964, GNorm = 1.2066, lr_0 = 6.1776e-04
Loss = 3.5646e-03, PNorm = 43.4101, GNorm = 0.4160, lr_0 = 6.1564e-04
Validation rmse = 1.001407
Epoch 10
Loss = 3.7832e-03, PNorm = 43.4279, GNorm = 0.9172, lr_0 = 6.1352e-04
Loss = 2.7172e-03, PNorm = 43.4569, GNorm = 0.7386, lr_0 = 6.1141e-04
Loss = 2.3906e-03, PNorm = 43.4892, GNorm = 0.4169, lr_0 = 6.0931e-04
Loss = 2.9922e-03, PNorm = 43.5146, GNorm = 0.4936, lr_0 = 6.0722e-04
Loss = 2.9299e-03, PNorm = 43.5371, GNorm = 0.4732, lr_0 = 6.0513e-04
Loss = 2.5060e-03, PNorm = 43.5586, GNorm = 0.6716, lr_0 = 6.0305e-04
Loss = 2.8293e-03, PNorm = 43.5722, GNorm = 0.7983, lr_0 = 6.0098e-04
Loss = 2.8682e-03, PNorm = 43.5916, GNorm = 0.9321, lr_0 = 5.9891e-04
Loss = 3.3897e-03, PNorm = 43.6147, GNorm = 0.8605, lr_0 = 5.9685e-04
Loss = 2.9669e-03, PNorm = 43.6457, GNorm = 0.4851, lr_0 = 5.9480e-04
Loss = 4.1232e-03, PNorm = 43.6735, GNorm = 0.7173, lr_0 = 5.9276e-04
Loss = 2.4609e-03, PNorm = 43.7015, GNorm = 0.6238, lr_0 = 5.9072e-04
Loss = 3.0665e-03, PNorm = 43.7199, GNorm = 0.5687, lr_0 = 5.8869e-04
Loss = 2.4432e-03, PNorm = 43.7485, GNorm = 0.9210, lr_0 = 5.8667e-04
Loss = 3.0121e-03, PNorm = 43.7672, GNorm = 0.5381, lr_0 = 5.8465e-04
Loss = 3.2080e-03, PNorm = 43.7903, GNorm = 0.2090, lr_0 = 5.8264e-04
Loss = 2.8168e-03, PNorm = 43.8121, GNorm = 0.4692, lr_0 = 5.8064e-04
Validation rmse = 0.932751
Epoch 11
Loss = 2.3446e-03, PNorm = 43.8321, GNorm = 0.2775, lr_0 = 5.7864e-04
Loss = 2.7073e-03, PNorm = 43.8512, GNorm = 0.6691, lr_0 = 5.7665e-04
Loss = 2.3187e-03, PNorm = 43.8696, GNorm = 0.3796, lr_0 = 5.7467e-04
Loss = 2.2656e-03, PNorm = 43.8926, GNorm = 0.5424, lr_0 = 5.7270e-04
Loss = 2.9094e-03, PNorm = 43.9076, GNorm = 0.8270, lr_0 = 5.7073e-04
Loss = 3.0396e-03, PNorm = 43.9356, GNorm = 0.7124, lr_0 = 5.6877e-04
Loss = 2.3529e-03, PNorm = 43.9570, GNorm = 0.3643, lr_0 = 5.6681e-04
Loss = 2.3785e-03, PNorm = 43.9761, GNorm = 0.8967, lr_0 = 5.6486e-04
Loss = 2.9788e-03, PNorm = 44.0011, GNorm = 0.9885, lr_0 = 5.6292e-04
Loss = 3.7587e-03, PNorm = 44.0273, GNorm = 0.7830, lr_0 = 5.6099e-04
Loss = 3.5041e-03, PNorm = 44.0446, GNorm = 0.6133, lr_0 = 5.5906e-04
Loss = 2.9828e-03, PNorm = 44.0758, GNorm = 0.4118, lr_0 = 5.5714e-04
Loss = 3.0364e-03, PNorm = 44.0967, GNorm = 0.7080, lr_0 = 5.5522e-04
Loss = 2.8742e-03, PNorm = 44.1239, GNorm = 1.1349, lr_0 = 5.5332e-04
Loss = 2.8223e-03, PNorm = 44.1504, GNorm = 0.3691, lr_0 = 5.5141e-04
Loss = 2.4429e-03, PNorm = 44.1690, GNorm = 0.5340, lr_0 = 5.4952e-04
Loss = 5.0327e-03, PNorm = 44.1753, GNorm = 0.7949, lr_0 = 5.4763e-04
Loss = 3.4029e-03, PNorm = 44.1962, GNorm = 0.9997, lr_0 = 5.4575e-04
Validation rmse = 0.972314
Epoch 12
Loss = 3.7889e-03, PNorm = 44.2328, GNorm = 0.5116, lr_0 = 5.4387e-04
Loss = 2.9831e-03, PNorm = 44.2556, GNorm = 0.4066, lr_0 = 5.4200e-04
Loss = 2.5020e-03, PNorm = 44.2783, GNorm = 0.4397, lr_0 = 5.4014e-04
Loss = 3.0562e-03, PNorm = 44.3008, GNorm = 0.4247, lr_0 = 5.3828e-04
Loss = 3.6390e-03, PNorm = 44.3223, GNorm = 0.6260, lr_0 = 5.3643e-04
Loss = 2.4574e-03, PNorm = 44.3441, GNorm = 0.4516, lr_0 = 5.3459e-04
Loss = 3.2100e-03, PNorm = 44.3688, GNorm = 0.3332, lr_0 = 5.3275e-04
Loss = 2.9756e-03, PNorm = 44.3907, GNorm = 0.4719, lr_0 = 5.3092e-04
Loss = 2.7278e-03, PNorm = 44.4119, GNorm = 0.2778, lr_0 = 5.2910e-04
Loss = 3.0056e-03, PNorm = 44.4388, GNorm = 0.5316, lr_0 = 5.2728e-04
Loss = 3.2429e-03, PNorm = 44.4613, GNorm = 0.4167, lr_0 = 5.2547e-04
Loss = 3.6911e-03, PNorm = 44.4828, GNorm = 0.4948, lr_0 = 5.2366e-04
Loss = 2.5976e-03, PNorm = 44.5018, GNorm = 1.2746, lr_0 = 5.2186e-04
Loss = 2.5610e-03, PNorm = 44.5298, GNorm = 0.5654, lr_0 = 5.2007e-04
Loss = 2.2457e-03, PNorm = 44.5484, GNorm = 0.5224, lr_0 = 5.1828e-04
Loss = 2.6228e-03, PNorm = 44.5685, GNorm = 0.6139, lr_0 = 5.1650e-04
Loss = 1.7527e-03, PNorm = 44.5787, GNorm = 0.3726, lr_0 = 5.1472e-04
Validation rmse = 0.920186
Epoch 13
Loss = 1.8711e-03, PNorm = 44.5901, GNorm = 0.7263, lr_0 = 5.1295e-04
Loss = 2.3775e-03, PNorm = 44.6050, GNorm = 0.5080, lr_0 = 5.1119e-04
Loss = 2.0959e-03, PNorm = 44.6177, GNorm = 0.5071, lr_0 = 5.0943e-04
Loss = 2.9728e-03, PNorm = 44.6392, GNorm = 0.5381, lr_0 = 5.0768e-04
Loss = 3.3133e-03, PNorm = 44.6615, GNorm = 0.3100, lr_0 = 5.0594e-04
Loss = 3.1504e-03, PNorm = 44.6797, GNorm = 0.5826, lr_0 = 5.0420e-04
Loss = 3.2939e-03, PNorm = 44.6998, GNorm = 0.6076, lr_0 = 5.0247e-04
Loss = 2.5022e-03, PNorm = 44.7211, GNorm = 0.3575, lr_0 = 5.0074e-04
Loss = 2.2819e-03, PNorm = 44.7421, GNorm = 0.4208, lr_0 = 4.9902e-04
Loss = 3.3973e-03, PNorm = 44.7599, GNorm = 0.6375, lr_0 = 4.9730e-04
Loss = 2.4949e-03, PNorm = 44.7802, GNorm = 0.5868, lr_0 = 4.9559e-04
Loss = 2.6314e-03, PNorm = 44.8040, GNorm = 0.7465, lr_0 = 4.9389e-04
Loss = 2.2390e-03, PNorm = 44.8174, GNorm = 0.5690, lr_0 = 4.9219e-04
Loss = 4.1322e-03, PNorm = 44.8333, GNorm = 0.6712, lr_0 = 4.9050e-04
Loss = 2.7970e-03, PNorm = 44.8499, GNorm = 0.5126, lr_0 = 4.8882e-04
Loss = 2.9475e-03, PNorm = 44.8724, GNorm = 0.8706, lr_0 = 4.8714e-04
Loss = 2.6859e-03, PNorm = 44.8943, GNorm = 0.3343, lr_0 = 4.8546e-04
Loss = 2.2773e-03, PNorm = 44.9150, GNorm = 0.7523, lr_0 = 4.8379e-04
Validation rmse = 0.935147
Epoch 14
Loss = 2.2109e-03, PNorm = 44.9275, GNorm = 0.6331, lr_0 = 4.8213e-04
Loss = 2.8994e-03, PNorm = 44.9503, GNorm = 0.6167, lr_0 = 4.8047e-04
Loss = 4.5045e-03, PNorm = 44.9734, GNorm = 2.0217, lr_0 = 4.7882e-04
Loss = 2.1577e-03, PNorm = 44.9888, GNorm = 0.7072, lr_0 = 4.7718e-04
Loss = 3.3051e-03, PNorm = 45.0196, GNorm = 0.5722, lr_0 = 4.7554e-04
Loss = 3.4301e-03, PNorm = 45.0384, GNorm = 0.4475, lr_0 = 4.7390e-04
Loss = 2.7300e-03, PNorm = 45.0502, GNorm = 0.6534, lr_0 = 4.7227e-04
Loss = 2.8750e-03, PNorm = 45.0667, GNorm = 0.3826, lr_0 = 4.7065e-04
Loss = 2.5061e-03, PNorm = 45.0925, GNorm = 0.8090, lr_0 = 4.6903e-04
Loss = 1.9309e-03, PNorm = 45.1138, GNorm = 0.4640, lr_0 = 4.6742e-04
Loss = 3.4506e-03, PNorm = 45.1278, GNorm = 0.5810, lr_0 = 4.6581e-04
Loss = 2.0914e-03, PNorm = 45.1426, GNorm = 0.5556, lr_0 = 4.6421e-04
Loss = 2.9024e-03, PNorm = 45.1542, GNorm = 0.7447, lr_0 = 4.6262e-04
Loss = 2.9063e-03, PNorm = 45.1687, GNorm = 0.5820, lr_0 = 4.6103e-04
Loss = 2.6727e-03, PNorm = 45.1847, GNorm = 1.0579, lr_0 = 4.5944e-04
Loss = 1.9322e-03, PNorm = 45.1984, GNorm = 0.8007, lr_0 = 4.5786e-04
Loss = 2.5093e-03, PNorm = 45.2108, GNorm = 0.5377, lr_0 = 4.5629e-04
Loss = 2.5140e-03, PNorm = 45.2325, GNorm = 0.3757, lr_0 = 4.5472e-04
Validation rmse = 0.910944
Epoch 15
Loss = 2.2696e-03, PNorm = 45.2491, GNorm = 0.5810, lr_0 = 4.5316e-04
Loss = 2.0526e-03, PNorm = 45.2657, GNorm = 0.3751, lr_0 = 4.5160e-04
Loss = 2.9100e-03, PNorm = 45.2773, GNorm = 0.4808, lr_0 = 4.5005e-04
Loss = 2.9310e-03, PNorm = 45.2867, GNorm = 0.5708, lr_0 = 4.4850e-04
Loss = 2.4692e-03, PNorm = 45.2976, GNorm = 0.6199, lr_0 = 4.4696e-04
Loss = 2.6048e-03, PNorm = 45.3169, GNorm = 0.6090, lr_0 = 4.4542e-04
Loss = 2.6869e-03, PNorm = 45.3303, GNorm = 0.7957, lr_0 = 4.4389e-04
Loss = 3.5517e-03, PNorm = 45.3508, GNorm = 0.3529, lr_0 = 4.4237e-04
Loss = 3.0890e-03, PNorm = 45.3669, GNorm = 1.1812, lr_0 = 4.4085e-04
Loss = 2.8790e-03, PNorm = 45.3867, GNorm = 0.5012, lr_0 = 4.3933e-04
Loss = 2.8105e-03, PNorm = 45.4102, GNorm = 0.6322, lr_0 = 4.3782e-04
Loss = 2.3926e-03, PNorm = 45.4274, GNorm = 0.6250, lr_0 = 4.3632e-04
Loss = 2.4172e-03, PNorm = 45.4392, GNorm = 0.5334, lr_0 = 4.3482e-04
Loss = 2.7128e-03, PNorm = 45.4524, GNorm = 0.5444, lr_0 = 4.3332e-04
Loss = 2.6359e-03, PNorm = 45.4631, GNorm = 0.5139, lr_0 = 4.3183e-04
Loss = 2.4697e-03, PNorm = 45.4794, GNorm = 0.4891, lr_0 = 4.3035e-04
Loss = 2.2968e-03, PNorm = 45.4944, GNorm = 0.3830, lr_0 = 4.2887e-04
Validation rmse = 0.957437
Epoch 16
Loss = 2.4056e-03, PNorm = 45.5034, GNorm = 0.6837, lr_0 = 4.2740e-04
Loss = 2.6038e-03, PNorm = 45.5214, GNorm = 0.4846, lr_0 = 4.2593e-04
Loss = 3.5887e-03, PNorm = 45.5343, GNorm = 0.4164, lr_0 = 4.2446e-04
Loss = 2.5427e-03, PNorm = 45.5493, GNorm = 0.6206, lr_0 = 4.2301e-04
Loss = 2.5750e-03, PNorm = 45.5618, GNorm = 0.7338, lr_0 = 4.2155e-04
Loss = 2.2892e-03, PNorm = 45.5784, GNorm = 0.4202, lr_0 = 4.2010e-04
Loss = 2.5206e-03, PNorm = 45.5975, GNorm = 0.4844, lr_0 = 4.1866e-04
Loss = 2.0625e-03, PNorm = 45.6126, GNorm = 0.7483, lr_0 = 4.1722e-04
Loss = 2.2545e-03, PNorm = 45.6229, GNorm = 0.3856, lr_0 = 4.1579e-04
Loss = 2.1528e-03, PNorm = 45.6329, GNorm = 0.9313, lr_0 = 4.1436e-04
Loss = 2.5752e-03, PNorm = 45.6405, GNorm = 0.4974, lr_0 = 4.1293e-04
Loss = 3.2079e-03, PNorm = 45.6504, GNorm = 0.6661, lr_0 = 4.1151e-04
Loss = 2.4720e-03, PNorm = 45.6678, GNorm = 0.7542, lr_0 = 4.1010e-04
Loss = 3.1965e-03, PNorm = 45.6834, GNorm = 0.4972, lr_0 = 4.0869e-04
Loss = 2.5703e-03, PNorm = 45.7084, GNorm = 0.8071, lr_0 = 4.0728e-04
Loss = 2.2203e-03, PNorm = 45.7315, GNorm = 0.3503, lr_0 = 4.0589e-04
Loss = 2.2740e-03, PNorm = 45.7514, GNorm = 0.4275, lr_0 = 4.0449e-04
Loss = 2.5421e-03, PNorm = 45.7628, GNorm = 0.5655, lr_0 = 4.0310e-04
Validation rmse = 0.989794
Epoch 17
Loss = 2.2210e-03, PNorm = 45.7752, GNorm = 0.6955, lr_0 = 4.0171e-04
Loss = 1.9643e-03, PNorm = 45.7888, GNorm = 0.3873, lr_0 = 4.0033e-04
Loss = 2.5561e-03, PNorm = 45.8048, GNorm = 0.7318, lr_0 = 3.9896e-04
Loss = 2.5720e-03, PNorm = 45.8211, GNorm = 0.5956, lr_0 = 3.9759e-04
Loss = 2.7967e-03, PNorm = 45.8332, GNorm = 1.2159, lr_0 = 3.9622e-04
Loss = 2.0629e-03, PNorm = 45.8479, GNorm = 0.4991, lr_0 = 3.9486e-04
Loss = 2.8591e-03, PNorm = 45.8574, GNorm = 0.9276, lr_0 = 3.9350e-04
Loss = 2.9502e-03, PNorm = 45.8712, GNorm = 0.6004, lr_0 = 3.9215e-04
Loss = 2.2271e-03, PNorm = 45.8916, GNorm = 0.5935, lr_0 = 3.9080e-04
Loss = 2.5790e-03, PNorm = 45.9084, GNorm = 0.4449, lr_0 = 3.8946e-04
Loss = 2.7681e-03, PNorm = 45.9181, GNorm = 0.4277, lr_0 = 3.8812e-04
Loss = 2.3414e-03, PNorm = 45.9303, GNorm = 0.5171, lr_0 = 3.8679e-04
Loss = 2.1844e-03, PNorm = 45.9411, GNorm = 0.5162, lr_0 = 3.8546e-04
Loss = 1.9045e-03, PNorm = 45.9529, GNorm = 0.3629, lr_0 = 3.8413e-04
Loss = 4.0893e-03, PNorm = 45.9689, GNorm = 0.8065, lr_0 = 3.8281e-04
Loss = 2.1760e-03, PNorm = 45.9798, GNorm = 0.6784, lr_0 = 3.8150e-04
Loss = 2.7070e-03, PNorm = 45.9935, GNorm = 0.8293, lr_0 = 3.8018e-04
Validation rmse = 0.926782
Epoch 18
Loss = 3.0142e-03, PNorm = 46.0116, GNorm = 0.9937, lr_0 = 3.7888e-04
Loss = 2.0595e-03, PNorm = 46.0248, GNorm = 0.6453, lr_0 = 3.7758e-04
Loss = 2.2117e-03, PNorm = 46.0369, GNorm = 0.8223, lr_0 = 3.7628e-04
Loss = 2.0614e-03, PNorm = 46.0520, GNorm = 0.8969, lr_0 = 3.7498e-04
Loss = 2.4710e-03, PNorm = 46.0617, GNorm = 1.0352, lr_0 = 3.7370e-04
Loss = 2.4653e-03, PNorm = 46.0734, GNorm = 0.6992, lr_0 = 3.7241e-04
Loss = 2.9404e-03, PNorm = 46.0850, GNorm = 0.3580, lr_0 = 3.7113e-04
Loss = 1.8979e-03, PNorm = 46.0988, GNorm = 0.5788, lr_0 = 3.6986e-04
Loss = 1.9687e-03, PNorm = 46.1094, GNorm = 0.4798, lr_0 = 3.6858e-04
Loss = 2.2028e-03, PNorm = 46.1185, GNorm = 0.7647, lr_0 = 3.6732e-04
Loss = 2.6252e-03, PNorm = 46.1260, GNorm = 0.6865, lr_0 = 3.6606e-04
Loss = 2.4007e-03, PNorm = 46.1376, GNorm = 0.5258, lr_0 = 3.6480e-04
Loss = 2.7894e-03, PNorm = 46.1541, GNorm = 0.9078, lr_0 = 3.6354e-04
Loss = 3.7296e-03, PNorm = 46.1641, GNorm = 0.4659, lr_0 = 3.6229e-04
Loss = 2.8037e-03, PNorm = 46.1785, GNorm = 0.8039, lr_0 = 3.6105e-04
Loss = 2.2300e-03, PNorm = 46.1970, GNorm = 0.6990, lr_0 = 3.5981e-04
Loss = 2.1413e-03, PNorm = 46.2166, GNorm = 0.5298, lr_0 = 3.5857e-04
Loss = 2.4948e-03, PNorm = 46.2276, GNorm = 0.5828, lr_0 = 3.5734e-04
Validation rmse = 1.018737
Epoch 19
Loss = 2.0960e-03, PNorm = 46.2391, GNorm = 0.6728, lr_0 = 3.5611e-04
Loss = 2.1962e-03, PNorm = 46.2585, GNorm = 0.4120, lr_0 = 3.5489e-04
Loss = 2.0105e-03, PNorm = 46.2702, GNorm = 0.4465, lr_0 = 3.5367e-04
Loss = 2.2732e-03, PNorm = 46.2831, GNorm = 0.7822, lr_0 = 3.5245e-04
Loss = 2.2898e-03, PNorm = 46.2996, GNorm = 0.6443, lr_0 = 3.5124e-04
Loss = 2.2258e-03, PNorm = 46.3111, GNorm = 0.7404, lr_0 = 3.5003e-04
Loss = 2.8864e-03, PNorm = 46.3154, GNorm = 0.4867, lr_0 = 3.4883e-04
Loss = 2.3471e-03, PNorm = 46.3257, GNorm = 0.6436, lr_0 = 3.4763e-04
Loss = 2.0306e-03, PNorm = 46.3419, GNorm = 0.5410, lr_0 = 3.4644e-04
Loss = 2.8616e-03, PNorm = 46.3564, GNorm = 0.6846, lr_0 = 3.4525e-04
Loss = 2.1570e-03, PNorm = 46.3664, GNorm = 0.6514, lr_0 = 3.4406e-04
Loss = 2.5059e-03, PNorm = 46.3807, GNorm = 0.7266, lr_0 = 3.4288e-04
Loss = 3.1098e-03, PNorm = 46.3957, GNorm = 0.5625, lr_0 = 3.4170e-04
Loss = 2.4441e-03, PNorm = 46.4128, GNorm = 0.4279, lr_0 = 3.4052e-04
Loss = 2.2788e-03, PNorm = 46.4194, GNorm = 0.5607, lr_0 = 3.3935e-04
Loss = 3.3956e-03, PNorm = 46.4297, GNorm = 1.1266, lr_0 = 3.3819e-04
Loss = 2.6309e-03, PNorm = 46.4377, GNorm = 0.5951, lr_0 = 3.3702e-04
Loss = 2.3746e-03, PNorm = 46.4560, GNorm = 0.4783, lr_0 = 3.3587e-04
Validation rmse = 0.968438
Epoch 20
Loss = 2.5570e-03, PNorm = 46.4754, GNorm = 0.4671, lr_0 = 3.3471e-04
Loss = 2.5089e-03, PNorm = 46.4894, GNorm = 0.6137, lr_0 = 3.3356e-04
Loss = 1.9037e-03, PNorm = 46.4971, GNorm = 0.5377, lr_0 = 3.3242e-04
Loss = 2.5794e-03, PNorm = 46.5057, GNorm = 0.7444, lr_0 = 3.3127e-04
Loss = 2.0350e-03, PNorm = 46.5193, GNorm = 0.7066, lr_0 = 3.3013e-04
Loss = 2.3046e-03, PNorm = 46.5299, GNorm = 0.9278, lr_0 = 3.2900e-04
Loss = 2.2158e-03, PNorm = 46.5391, GNorm = 0.7154, lr_0 = 3.2787e-04
Loss = 3.3053e-03, PNorm = 46.5428, GNorm = 0.4297, lr_0 = 3.2674e-04
Loss = 2.7374e-03, PNorm = 46.5544, GNorm = 0.5960, lr_0 = 3.2562e-04
Loss = 2.0999e-03, PNorm = 46.5659, GNorm = 0.4477, lr_0 = 3.2450e-04
Loss = 2.1351e-03, PNorm = 46.5765, GNorm = 0.7473, lr_0 = 3.2338e-04
Loss = 2.7212e-03, PNorm = 46.5912, GNorm = 0.4774, lr_0 = 3.2227e-04
Loss = 2.3676e-03, PNorm = 46.6040, GNorm = 0.7066, lr_0 = 3.2117e-04
Loss = 2.0254e-03, PNorm = 46.6137, GNorm = 0.4698, lr_0 = 3.2006e-04
Loss = 2.2892e-03, PNorm = 46.6217, GNorm = 0.5836, lr_0 = 3.1896e-04
Loss = 2.9664e-03, PNorm = 46.6331, GNorm = 0.3565, lr_0 = 3.1787e-04
Loss = 1.7745e-03, PNorm = 46.6443, GNorm = 0.3957, lr_0 = 3.1677e-04
Validation rmse = 0.948231
Epoch 21
Loss = 2.1393e-03, PNorm = 46.6489, GNorm = 0.9289, lr_0 = 3.1568e-04
Loss = 2.1463e-03, PNorm = 46.6545, GNorm = 1.1266, lr_0 = 3.1460e-04
Loss = 1.8926e-03, PNorm = 46.6672, GNorm = 0.6073, lr_0 = 3.1352e-04
Loss = 2.7428e-03, PNorm = 46.6815, GNorm = 0.4387, lr_0 = 3.1244e-04
Loss = 2.5429e-03, PNorm = 46.6918, GNorm = 0.6638, lr_0 = 3.1137e-04
Loss = 2.1172e-03, PNorm = 46.7007, GNorm = 0.7945, lr_0 = 3.1030e-04
Loss = 2.2636e-03, PNorm = 46.7072, GNorm = 0.4620, lr_0 = 3.0923e-04
Loss = 1.8913e-03, PNorm = 46.7144, GNorm = 0.3513, lr_0 = 3.0817e-04
Loss = 2.0037e-03, PNorm = 46.7255, GNorm = 0.9984, lr_0 = 3.0711e-04
Loss = 1.9964e-03, PNorm = 46.7384, GNorm = 0.5496, lr_0 = 3.0605e-04
Loss = 2.3259e-03, PNorm = 46.7472, GNorm = 0.4064, lr_0 = 3.0500e-04
Loss = 2.2498e-03, PNorm = 46.7576, GNorm = 0.9387, lr_0 = 3.0395e-04
Loss = 2.8826e-03, PNorm = 46.7698, GNorm = 0.6444, lr_0 = 3.0291e-04
Loss = 2.2047e-03, PNorm = 46.7849, GNorm = 0.7719, lr_0 = 3.0187e-04
Loss = 2.4474e-03, PNorm = 46.7922, GNorm = 0.6876, lr_0 = 3.0083e-04
Loss = 2.2684e-03, PNorm = 46.8009, GNorm = 0.8717, lr_0 = 2.9979e-04
Loss = 2.2666e-03, PNorm = 46.8112, GNorm = 0.6580, lr_0 = 2.9876e-04
Loss = 3.2742e-03, PNorm = 46.8196, GNorm = 1.6716, lr_0 = 2.9774e-04
Validation rmse = 0.956389
Epoch 22
Loss = 2.8587e-03, PNorm = 46.8261, GNorm = 0.5643, lr_0 = 2.9671e-04
Loss = 1.6907e-03, PNorm = 46.8368, GNorm = 0.9855, lr_0 = 2.9569e-04
Loss = 2.2161e-03, PNorm = 46.8435, GNorm = 0.7172, lr_0 = 2.9468e-04
Loss = 3.2126e-03, PNorm = 46.8506, GNorm = 0.5027, lr_0 = 2.9367e-04
Loss = 1.7220e-03, PNorm = 46.8589, GNorm = 0.4363, lr_0 = 2.9266e-04
Loss = 3.0232e-03, PNorm = 46.8634, GNorm = 0.6347, lr_0 = 2.9165e-04
Loss = 2.1628e-03, PNorm = 46.8779, GNorm = 0.6349, lr_0 = 2.9065e-04
Loss = 2.3424e-03, PNorm = 46.8915, GNorm = 0.4538, lr_0 = 2.8965e-04
Loss = 1.7850e-03, PNorm = 46.9026, GNorm = 0.6975, lr_0 = 2.8865e-04
Loss = 1.8039e-03, PNorm = 46.9131, GNorm = 0.5405, lr_0 = 2.8766e-04
Loss = 2.4370e-03, PNorm = 46.9290, GNorm = 0.5797, lr_0 = 2.8667e-04
Loss = 2.3868e-03, PNorm = 46.9401, GNorm = 0.8007, lr_0 = 2.8569e-04
Loss = 2.0733e-03, PNorm = 46.9459, GNorm = 0.6877, lr_0 = 2.8471e-04
Loss = 1.9910e-03, PNorm = 46.9526, GNorm = 0.7886, lr_0 = 2.8373e-04
Loss = 2.4439e-03, PNorm = 46.9613, GNorm = 0.6629, lr_0 = 2.8275e-04
Loss = 1.9807e-03, PNorm = 46.9689, GNorm = 0.7100, lr_0 = 2.8178e-04
Loss = 2.2421e-03, PNorm = 46.9775, GNorm = 0.5209, lr_0 = 2.8081e-04
Validation rmse = 0.979441
Epoch 23
Loss = 2.5861e-03, PNorm = 46.9894, GNorm = 0.4642, lr_0 = 2.7985e-04
Loss = 2.1379e-03, PNorm = 46.9985, GNorm = 0.5786, lr_0 = 2.7888e-04
Loss = 1.7304e-03, PNorm = 47.0086, GNorm = 0.4477, lr_0 = 2.7793e-04
Loss = 1.7437e-03, PNorm = 47.0176, GNorm = 0.8772, lr_0 = 2.7697e-04
Loss = 3.0263e-03, PNorm = 47.0238, GNorm = 0.6386, lr_0 = 2.7602e-04
Loss = 2.8451e-03, PNorm = 47.0320, GNorm = 0.4052, lr_0 = 2.7507e-04
Loss = 1.8084e-03, PNorm = 47.0436, GNorm = 0.9264, lr_0 = 2.7412e-04
Loss = 2.6596e-03, PNorm = 47.0541, GNorm = 0.4341, lr_0 = 2.7318e-04
Loss = 1.9131e-03, PNorm = 47.0639, GNorm = 1.1378, lr_0 = 2.7224e-04
Loss = 1.9986e-03, PNorm = 47.0751, GNorm = 0.5698, lr_0 = 2.7131e-04
Loss = 2.2873e-03, PNorm = 47.0854, GNorm = 0.4892, lr_0 = 2.7038e-04
Loss = 2.3840e-03, PNorm = 47.0938, GNorm = 1.1437, lr_0 = 2.6945e-04
Loss = 1.8967e-03, PNorm = 47.1007, GNorm = 0.4857, lr_0 = 2.6852e-04
Loss = 2.8574e-03, PNorm = 47.1112, GNorm = 2.0896, lr_0 = 2.6760e-04
Loss = 1.7059e-03, PNorm = 47.1184, GNorm = 0.5212, lr_0 = 2.6668e-04
Loss = 1.8574e-03, PNorm = 47.1245, GNorm = 0.7249, lr_0 = 2.6576e-04
Loss = 1.8217e-03, PNorm = 47.1307, GNorm = 0.3740, lr_0 = 2.6485e-04
Loss = 2.8644e-03, PNorm = 47.1380, GNorm = 1.1173, lr_0 = 2.6394e-04
Validation rmse = 0.995137
Epoch 24
Loss = 1.4803e-03, PNorm = 47.1473, GNorm = 0.6223, lr_0 = 2.6303e-04
Loss = 2.2734e-03, PNorm = 47.1576, GNorm = 0.5847, lr_0 = 2.6213e-04
Loss = 2.1137e-03, PNorm = 47.1659, GNorm = 0.7669, lr_0 = 2.6123e-04
Loss = 1.8865e-03, PNorm = 47.1719, GNorm = 0.4578, lr_0 = 2.6033e-04
Loss = 1.8520e-03, PNorm = 47.1792, GNorm = 0.2725, lr_0 = 2.5943e-04
Loss = 2.1236e-03, PNorm = 47.1891, GNorm = 0.5201, lr_0 = 2.5854e-04
Loss = 2.1739e-03, PNorm = 47.1940, GNorm = 0.5452, lr_0 = 2.5765e-04
Loss = 2.6691e-03, PNorm = 47.2022, GNorm = 0.5902, lr_0 = 2.5677e-04
Loss = 1.9133e-03, PNorm = 47.2110, GNorm = 0.5509, lr_0 = 2.5588e-04
Loss = 2.0061e-03, PNorm = 47.2207, GNorm = 0.7473, lr_0 = 2.5501e-04
Loss = 2.0983e-03, PNorm = 47.2296, GNorm = 0.4848, lr_0 = 2.5413e-04
Loss = 2.0264e-03, PNorm = 47.2397, GNorm = 0.8163, lr_0 = 2.5326e-04
Loss = 2.0420e-03, PNorm = 47.2458, GNorm = 0.5395, lr_0 = 2.5238e-04
Loss = 2.0181e-03, PNorm = 47.2508, GNorm = 0.4916, lr_0 = 2.5152e-04
Loss = 3.6149e-03, PNorm = 47.2583, GNorm = 0.7787, lr_0 = 2.5065e-04
Loss = 1.9706e-03, PNorm = 47.2700, GNorm = 0.6170, lr_0 = 2.4979e-04
Loss = 2.2167e-03, PNorm = 47.2794, GNorm = 0.5505, lr_0 = 2.4893e-04
Loss = 2.3078e-03, PNorm = 47.2889, GNorm = 1.1459, lr_0 = 2.4808e-04
Validation rmse = 0.990110
Epoch 25
Loss = 2.0905e-03, PNorm = 47.2965, GNorm = 0.7471, lr_0 = 2.4722e-04
Loss = 1.9414e-03, PNorm = 47.3016, GNorm = 0.5127, lr_0 = 2.4638e-04
Loss = 2.3537e-03, PNorm = 47.3090, GNorm = 0.6404, lr_0 = 2.4553e-04
Loss = 2.0780e-03, PNorm = 47.3172, GNorm = 0.4552, lr_0 = 2.4468e-04
Loss = 2.1613e-03, PNorm = 47.3235, GNorm = 0.7644, lr_0 = 2.4384e-04
Loss = 2.1869e-03, PNorm = 47.3328, GNorm = 0.5999, lr_0 = 2.4301e-04
Loss = 2.1889e-03, PNorm = 47.3411, GNorm = 0.4231, lr_0 = 2.4217e-04
Loss = 1.7919e-03, PNorm = 47.3496, GNorm = 0.3958, lr_0 = 2.4134e-04
Loss = 1.8862e-03, PNorm = 47.3581, GNorm = 0.8336, lr_0 = 2.4051e-04
Loss = 1.7880e-03, PNorm = 47.3666, GNorm = 0.3829, lr_0 = 2.3968e-04
Loss = 2.1810e-03, PNorm = 47.3713, GNorm = 0.3832, lr_0 = 2.3886e-04
Loss = 1.6515e-03, PNorm = 47.3770, GNorm = 0.5461, lr_0 = 2.3804e-04
Loss = 2.8314e-03, PNorm = 47.3817, GNorm = 0.4963, lr_0 = 2.3722e-04
Loss = 2.4092e-03, PNorm = 47.3883, GNorm = 0.8859, lr_0 = 2.3640e-04
Loss = 2.9291e-03, PNorm = 47.3942, GNorm = 1.5468, lr_0 = 2.3559e-04
Loss = 1.6033e-03, PNorm = 47.4022, GNorm = 0.4152, lr_0 = 2.3478e-04
Loss = 1.6671e-03, PNorm = 47.4102, GNorm = 0.3678, lr_0 = 2.3397e-04
Validation rmse = 1.010068
Epoch 26
Loss = 1.6210e-03, PNorm = 47.4162, GNorm = 0.8639, lr_0 = 2.3317e-04
Loss = 2.0707e-03, PNorm = 47.4244, GNorm = 1.1730, lr_0 = 2.3237e-04
Loss = 1.8905e-03, PNorm = 47.4321, GNorm = 0.4269, lr_0 = 2.3157e-04
Loss = 2.3980e-03, PNorm = 47.4379, GNorm = 0.3752, lr_0 = 2.3077e-04
Loss = 1.9008e-03, PNorm = 47.4458, GNorm = 0.4325, lr_0 = 2.2998e-04
Loss = 2.3204e-03, PNorm = 47.4551, GNorm = 0.4199, lr_0 = 2.2919e-04
Loss = 1.6235e-03, PNorm = 47.4617, GNorm = 0.5530, lr_0 = 2.2840e-04
Loss = 2.4524e-03, PNorm = 47.4684, GNorm = 1.1270, lr_0 = 2.2762e-04
Loss = 2.2134e-03, PNorm = 47.4753, GNorm = 0.4916, lr_0 = 2.2684e-04
Loss = 2.6259e-03, PNorm = 47.4868, GNorm = 0.5780, lr_0 = 2.2606e-04
Loss = 1.7256e-03, PNorm = 47.4934, GNorm = 0.5035, lr_0 = 2.2528e-04
Loss = 1.8385e-03, PNorm = 47.5000, GNorm = 0.6620, lr_0 = 2.2451e-04
Loss = 1.9805e-03, PNorm = 47.5066, GNorm = 1.1675, lr_0 = 2.2373e-04
Loss = 2.7515e-03, PNorm = 47.5130, GNorm = 0.7648, lr_0 = 2.2296e-04
Loss = 2.1621e-03, PNorm = 47.5177, GNorm = 0.8263, lr_0 = 2.2220e-04
Loss = 2.1865e-03, PNorm = 47.5230, GNorm = 0.5326, lr_0 = 2.2143e-04
Loss = 1.7499e-03, PNorm = 47.5296, GNorm = 0.5680, lr_0 = 2.2067e-04
Loss = 1.6311e-03, PNorm = 47.5371, GNorm = 0.8361, lr_0 = 2.1991e-04
Validation rmse = 1.027176
Epoch 27
Loss = 3.0323e-03, PNorm = 47.5432, GNorm = 0.5221, lr_0 = 2.1916e-04
Loss = 2.0304e-03, PNorm = 47.5519, GNorm = 1.1897, lr_0 = 2.1841e-04
Loss = 1.9184e-03, PNorm = 47.5609, GNorm = 0.4831, lr_0 = 2.1766e-04
Loss = 1.9697e-03, PNorm = 47.5686, GNorm = 0.5626, lr_0 = 2.1691e-04
Loss = 1.5242e-03, PNorm = 47.5776, GNorm = 0.4552, lr_0 = 2.1616e-04
Loss = 1.7458e-03, PNorm = 47.5870, GNorm = 0.9930, lr_0 = 2.1542e-04
Loss = 1.7323e-03, PNorm = 47.5921, GNorm = 0.4226, lr_0 = 2.1468e-04
Loss = 1.9219e-03, PNorm = 47.5990, GNorm = 0.6609, lr_0 = 2.1394e-04
Loss = 1.9921e-03, PNorm = 47.6043, GNorm = 0.5896, lr_0 = 2.1321e-04
Loss = 2.6865e-03, PNorm = 47.6109, GNorm = 2.1662, lr_0 = 2.1247e-04
Loss = 1.4919e-03, PNorm = 47.6187, GNorm = 0.9435, lr_0 = 2.1174e-04
Loss = 1.9076e-03, PNorm = 47.6243, GNorm = 0.2922, lr_0 = 2.1101e-04
Loss = 2.6672e-03, PNorm = 47.6294, GNorm = 0.4612, lr_0 = 2.1029e-04
Loss = 1.5235e-03, PNorm = 47.6344, GNorm = 0.4293, lr_0 = 2.0957e-04
Loss = 2.2821e-03, PNorm = 47.6397, GNorm = 0.6842, lr_0 = 2.0885e-04
Loss = 2.3091e-03, PNorm = 47.6462, GNorm = 0.4487, lr_0 = 2.0813e-04
Loss = 2.0432e-03, PNorm = 47.6520, GNorm = 0.5550, lr_0 = 2.0741e-04
Validation rmse = 1.019669
Epoch 28
Loss = 1.7115e-03, PNorm = 47.6543, GNorm = 0.5815, lr_0 = 2.0670e-04
Loss = 1.7036e-03, PNorm = 47.6605, GNorm = 0.6802, lr_0 = 2.0599e-04
Loss = 1.7440e-03, PNorm = 47.6676, GNorm = 0.6377, lr_0 = 2.0528e-04
Loss = 2.3357e-03, PNorm = 47.6728, GNorm = 0.3946, lr_0 = 2.0458e-04
Loss = 1.6100e-03, PNorm = 47.6805, GNorm = 0.3784, lr_0 = 2.0387e-04
Loss = 1.6326e-03, PNorm = 47.6858, GNorm = 0.4159, lr_0 = 2.0317e-04
Loss = 2.3471e-03, PNorm = 47.6917, GNorm = 0.6166, lr_0 = 2.0247e-04
Loss = 1.7326e-03, PNorm = 47.7001, GNorm = 0.5986, lr_0 = 2.0178e-04
Loss = 2.9619e-03, PNorm = 47.7057, GNorm = 2.3528, lr_0 = 2.0108e-04
Loss = 2.3538e-03, PNorm = 47.7144, GNorm = 0.7085, lr_0 = 2.0039e-04
Loss = 1.7766e-03, PNorm = 47.7204, GNorm = 0.3308, lr_0 = 1.9970e-04
Loss = 2.4699e-03, PNorm = 47.7277, GNorm = 1.4612, lr_0 = 1.9902e-04
Loss = 2.0224e-03, PNorm = 47.7356, GNorm = 0.4678, lr_0 = 1.9833e-04
Loss = 1.9839e-03, PNorm = 47.7376, GNorm = 0.4663, lr_0 = 1.9765e-04
Loss = 2.0584e-03, PNorm = 47.7387, GNorm = 0.6329, lr_0 = 1.9697e-04
Loss = 2.0862e-03, PNorm = 47.7441, GNorm = 0.4980, lr_0 = 1.9630e-04
Loss = 1.8067e-03, PNorm = 47.7516, GNorm = 0.8975, lr_0 = 1.9562e-04
Loss = 2.1078e-03, PNorm = 47.7596, GNorm = 0.7491, lr_0 = 1.9495e-04
Validation rmse = 1.016032
Epoch 29
Loss = 1.7003e-03, PNorm = 47.7645, GNorm = 0.6362, lr_0 = 1.9428e-04
Loss = 2.1580e-03, PNorm = 47.7675, GNorm = 0.8514, lr_0 = 1.9361e-04
Loss = 1.8532e-03, PNorm = 47.7744, GNorm = 0.6830, lr_0 = 1.9295e-04
Loss = 1.6531e-03, PNorm = 47.7781, GNorm = 0.5671, lr_0 = 1.9228e-04
Loss = 1.5954e-03, PNorm = 47.7851, GNorm = 0.5165, lr_0 = 1.9162e-04
Loss = 2.1943e-03, PNorm = 47.7909, GNorm = 1.3504, lr_0 = 1.9096e-04
Loss = 1.7687e-03, PNorm = 47.7963, GNorm = 0.5298, lr_0 = 1.9031e-04
Loss = 1.9942e-03, PNorm = 47.8027, GNorm = 0.7607, lr_0 = 1.8965e-04
Loss = 1.9628e-03, PNorm = 47.8081, GNorm = 0.4873, lr_0 = 1.8900e-04
Loss = 1.7342e-03, PNorm = 47.8133, GNorm = 0.6828, lr_0 = 1.8835e-04
Loss = 1.6767e-03, PNorm = 47.8213, GNorm = 0.4095, lr_0 = 1.8770e-04
Loss = 1.7124e-03, PNorm = 47.8270, GNorm = 0.4695, lr_0 = 1.8706e-04
Loss = 1.7826e-03, PNorm = 47.8345, GNorm = 0.5349, lr_0 = 1.8642e-04
Loss = 3.6081e-03, PNorm = 47.8404, GNorm = 0.6887, lr_0 = 1.8578e-04
Loss = 1.8575e-03, PNorm = 47.8462, GNorm = 0.5768, lr_0 = 1.8514e-04
Loss = 2.1426e-03, PNorm = 47.8540, GNorm = 0.3398, lr_0 = 1.8450e-04
Loss = 2.0625e-03, PNorm = 47.8594, GNorm = 0.9845, lr_0 = 1.8387e-04
Loss = 1.6212e-03, PNorm = 47.8638, GNorm = 0.4969, lr_0 = 1.8323e-04
Validation rmse = 1.041043
Epoch 30
Loss = 2.5635e-03, PNorm = 47.8704, GNorm = 0.5596, lr_0 = 1.8261e-04
Loss = 2.2644e-03, PNorm = 47.8768, GNorm = 0.6461, lr_0 = 1.8198e-04
Loss = 2.1126e-03, PNorm = 47.8810, GNorm = 0.7908, lr_0 = 1.8135e-04
Loss = 1.6206e-03, PNorm = 47.8884, GNorm = 0.7631, lr_0 = 1.8073e-04
Loss = 2.1840e-03, PNorm = 47.8951, GNorm = 1.4908, lr_0 = 1.8011e-04
Loss = 1.4878e-03, PNorm = 47.9007, GNorm = 0.3627, lr_0 = 1.7949e-04
Loss = 1.4902e-03, PNorm = 47.9066, GNorm = 0.7265, lr_0 = 1.7887e-04
Loss = 1.9847e-03, PNorm = 47.9120, GNorm = 0.5273, lr_0 = 1.7826e-04
Loss = 1.8167e-03, PNorm = 47.9163, GNorm = 0.6323, lr_0 = 1.7764e-04
Loss = 2.0890e-03, PNorm = 47.9231, GNorm = 0.7492, lr_0 = 1.7703e-04
Loss = 1.4935e-03, PNorm = 47.9291, GNorm = 0.8915, lr_0 = 1.7643e-04
Loss = 1.4345e-03, PNorm = 47.9330, GNorm = 0.5363, lr_0 = 1.7582e-04
Loss = 2.0449e-03, PNorm = 47.9368, GNorm = 0.4200, lr_0 = 1.7521e-04
Loss = 2.6406e-03, PNorm = 47.9448, GNorm = 0.5509, lr_0 = 1.7461e-04
Loss = 1.6975e-03, PNorm = 47.9520, GNorm = 0.7083, lr_0 = 1.7401e-04
Loss = 2.0836e-03, PNorm = 47.9565, GNorm = 0.5763, lr_0 = 1.7341e-04
Loss = 1.8711e-03, PNorm = 47.9602, GNorm = 0.5091, lr_0 = 1.7282e-04
Validation rmse = 1.038015
Epoch 31
Loss = 1.3414e-03, PNorm = 47.9650, GNorm = 0.6561, lr_0 = 1.7222e-04
Loss = 1.6361e-03, PNorm = 47.9695, GNorm = 0.5825, lr_0 = 1.7163e-04
Loss = 1.6747e-03, PNorm = 47.9747, GNorm = 0.5449, lr_0 = 1.7104e-04
Loss = 2.4783e-03, PNorm = 47.9800, GNorm = 0.6011, lr_0 = 1.7045e-04
Loss = 1.9281e-03, PNorm = 47.9871, GNorm = 0.4779, lr_0 = 1.6987e-04
Loss = 1.6106e-03, PNorm = 47.9936, GNorm = 0.4945, lr_0 = 1.6928e-04
Loss = 1.6599e-03, PNorm = 47.9972, GNorm = 0.6227, lr_0 = 1.6870e-04
Loss = 1.9766e-03, PNorm = 48.0011, GNorm = 0.5073, lr_0 = 1.6812e-04
Loss = 2.3898e-03, PNorm = 48.0056, GNorm = 0.6444, lr_0 = 1.6755e-04
Loss = 2.4929e-03, PNorm = 48.0127, GNorm = 0.6263, lr_0 = 1.6697e-04
Loss = 1.6901e-03, PNorm = 48.0184, GNorm = 0.9919, lr_0 = 1.6640e-04
Loss = 1.7361e-03, PNorm = 48.0232, GNorm = 0.4610, lr_0 = 1.6582e-04
Loss = 1.7966e-03, PNorm = 48.0276, GNorm = 0.6084, lr_0 = 1.6525e-04
Loss = 1.8652e-03, PNorm = 48.0307, GNorm = 1.0081, lr_0 = 1.6469e-04
Loss = 2.1217e-03, PNorm = 48.0329, GNorm = 2.0184, lr_0 = 1.6412e-04
Loss = 2.4961e-03, PNorm = 48.0400, GNorm = 0.6447, lr_0 = 1.6356e-04
Loss = 1.5602e-03, PNorm = 48.0448, GNorm = 0.6567, lr_0 = 1.6299e-04
Loss = 1.5776e-03, PNorm = 48.0504, GNorm = 0.4879, lr_0 = 1.6243e-04
Validation rmse = 1.038836
Epoch 32
Loss = 1.6251e-03, PNorm = 48.0566, GNorm = 0.3707, lr_0 = 1.6188e-04
Loss = 1.8487e-03, PNorm = 48.0600, GNorm = 1.1597, lr_0 = 1.6132e-04
Loss = 1.9742e-03, PNorm = 48.0654, GNorm = 0.3828, lr_0 = 1.6076e-04
Loss = 1.3135e-03, PNorm = 48.0691, GNorm = 0.5834, lr_0 = 1.6021e-04
Loss = 1.8571e-03, PNorm = 48.0725, GNorm = 1.0380, lr_0 = 1.5966e-04
Loss = 1.9829e-03, PNorm = 48.0776, GNorm = 1.0922, lr_0 = 1.5911e-04
Loss = 2.7374e-03, PNorm = 48.0844, GNorm = 0.5042, lr_0 = 1.5857e-04
Loss = 2.1925e-03, PNorm = 48.0887, GNorm = 0.7543, lr_0 = 1.5802e-04
Loss = 2.1562e-03, PNorm = 48.0948, GNorm = 0.6240, lr_0 = 1.5748e-04
Loss = 2.3401e-03, PNorm = 48.0991, GNorm = 0.9223, lr_0 = 1.5694e-04
Loss = 1.8164e-03, PNorm = 48.1024, GNorm = 0.5169, lr_0 = 1.5640e-04
Loss = 1.3992e-03, PNorm = 48.1076, GNorm = 0.3840, lr_0 = 1.5586e-04
Loss = 1.9735e-03, PNorm = 48.1097, GNorm = 0.5972, lr_0 = 1.5532e-04
Loss = 1.8020e-03, PNorm = 48.1106, GNorm = 0.7220, lr_0 = 1.5479e-04
Loss = 1.8465e-03, PNorm = 48.1154, GNorm = 0.9469, lr_0 = 1.5426e-04
Loss = 1.5708e-03, PNorm = 48.1187, GNorm = 0.6254, lr_0 = 1.5373e-04
Loss = 1.4902e-03, PNorm = 48.1235, GNorm = 0.7752, lr_0 = 1.5320e-04
Validation rmse = 1.064161
Epoch 33
Loss = 1.4484e-03, PNorm = 48.1281, GNorm = 0.4223, lr_0 = 1.5267e-04
Loss = 2.6594e-03, PNorm = 48.1326, GNorm = 0.5490, lr_0 = 1.5215e-04
Loss = 1.6515e-03, PNorm = 48.1367, GNorm = 0.5773, lr_0 = 1.5163e-04
Loss = 1.8083e-03, PNorm = 48.1432, GNorm = 0.6411, lr_0 = 1.5110e-04
Loss = 1.9044e-03, PNorm = 48.1500, GNorm = 0.5211, lr_0 = 1.5058e-04
Loss = 1.5922e-03, PNorm = 48.1551, GNorm = 0.6285, lr_0 = 1.5007e-04
Loss = 1.9214e-03, PNorm = 48.1569, GNorm = 0.7808, lr_0 = 1.4955e-04
Loss = 1.8780e-03, PNorm = 48.1615, GNorm = 0.6257, lr_0 = 1.4904e-04
Loss = 2.5818e-03, PNorm = 48.1696, GNorm = 0.6530, lr_0 = 1.4853e-04
Loss = 1.6743e-03, PNorm = 48.1764, GNorm = 0.6622, lr_0 = 1.4801e-04
Loss = 1.6884e-03, PNorm = 48.1821, GNorm = 0.6413, lr_0 = 1.4751e-04
Loss = 1.7593e-03, PNorm = 48.1870, GNorm = 0.7491, lr_0 = 1.4700e-04
Loss = 1.6013e-03, PNorm = 48.1909, GNorm = 0.4603, lr_0 = 1.4649e-04
Loss = 1.7903e-03, PNorm = 48.1935, GNorm = 0.6588, lr_0 = 1.4599e-04
Loss = 1.5811e-03, PNorm = 48.1962, GNorm = 0.5549, lr_0 = 1.4549e-04
Loss = 2.0061e-03, PNorm = 48.1988, GNorm = 0.6409, lr_0 = 1.4499e-04
Loss = 1.9311e-03, PNorm = 48.2016, GNorm = 0.9468, lr_0 = 1.4449e-04
Loss = 1.5692e-03, PNorm = 48.2056, GNorm = 0.4168, lr_0 = 1.4399e-04
Validation rmse = 1.057896
Epoch 34
Loss = 1.5844e-03, PNorm = 48.2103, GNorm = 0.6683, lr_0 = 1.4350e-04
Loss = 1.5421e-03, PNorm = 48.2134, GNorm = 0.5079, lr_0 = 1.4301e-04
Loss = 1.5576e-03, PNorm = 48.2168, GNorm = 0.4273, lr_0 = 1.4251e-04
Loss = 2.7017e-03, PNorm = 48.2229, GNorm = 0.5799, lr_0 = 1.4202e-04
Loss = 1.7386e-03, PNorm = 48.2284, GNorm = 0.5442, lr_0 = 1.4154e-04
Loss = 1.3892e-03, PNorm = 48.2309, GNorm = 0.5363, lr_0 = 1.4105e-04
Loss = 1.7172e-03, PNorm = 48.2346, GNorm = 0.5887, lr_0 = 1.4056e-04
Loss = 1.6873e-03, PNorm = 48.2384, GNorm = 0.6512, lr_0 = 1.4008e-04
Loss = 1.5911e-03, PNorm = 48.2418, GNorm = 1.1436, lr_0 = 1.3960e-04
Loss = 1.3716e-03, PNorm = 48.2449, GNorm = 0.5881, lr_0 = 1.3912e-04
Loss = 2.0544e-03, PNorm = 48.2495, GNorm = 1.5567, lr_0 = 1.3864e-04
Loss = 1.7942e-03, PNorm = 48.2537, GNorm = 0.6586, lr_0 = 1.3817e-04
Loss = 2.4507e-03, PNorm = 48.2569, GNorm = 0.6998, lr_0 = 1.3769e-04
Loss = 1.7309e-03, PNorm = 48.2606, GNorm = 0.5657, lr_0 = 1.3722e-04
Loss = 1.8511e-03, PNorm = 48.2643, GNorm = 0.3952, lr_0 = 1.3675e-04
Loss = 1.8907e-03, PNorm = 48.2672, GNorm = 1.0858, lr_0 = 1.3628e-04
Loss = 1.8585e-03, PNorm = 48.2700, GNorm = 1.3911, lr_0 = 1.3581e-04
Loss = 1.6530e-03, PNorm = 48.2748, GNorm = 0.4396, lr_0 = 1.3534e-04
Validation rmse = 1.049670
Epoch 35
Loss = 1.6967e-03, PNorm = 48.2783, GNorm = 0.4351, lr_0 = 1.3488e-04
Loss = 1.8938e-03, PNorm = 48.2834, GNorm = 0.5834, lr_0 = 1.3441e-04
Loss = 2.4620e-03, PNorm = 48.2896, GNorm = 0.5998, lr_0 = 1.3395e-04
Loss = 1.5694e-03, PNorm = 48.2943, GNorm = 0.5777, lr_0 = 1.3349e-04
Loss = 2.0957e-03, PNorm = 48.2986, GNorm = 0.5469, lr_0 = 1.3303e-04
Loss = 1.6739e-03, PNorm = 48.3024, GNorm = 0.5473, lr_0 = 1.3257e-04
Loss = 1.9235e-03, PNorm = 48.3053, GNorm = 1.8371, lr_0 = 1.3212e-04
Loss = 1.5347e-03, PNorm = 48.3084, GNorm = 0.8893, lr_0 = 1.3166e-04
Loss = 1.5556e-03, PNorm = 48.3121, GNorm = 0.5806, lr_0 = 1.3121e-04
Loss = 1.7523e-03, PNorm = 48.3163, GNorm = 0.4820, lr_0 = 1.3076e-04
Loss = 1.9197e-03, PNorm = 48.3192, GNorm = 0.5404, lr_0 = 1.3031e-04
Loss = 1.9284e-03, PNorm = 48.3225, GNorm = 0.4580, lr_0 = 1.2986e-04
Loss = 1.5061e-03, PNorm = 48.3249, GNorm = 0.4039, lr_0 = 1.2942e-04
Loss = 1.9587e-03, PNorm = 48.3285, GNorm = 1.0978, lr_0 = 1.2897e-04
Loss = 1.3506e-03, PNorm = 48.3318, GNorm = 0.4970, lr_0 = 1.2853e-04
Loss = 1.8900e-03, PNorm = 48.3341, GNorm = 0.4487, lr_0 = 1.2809e-04
Loss = 1.6609e-03, PNorm = 48.3385, GNorm = 0.5301, lr_0 = 1.2765e-04
Validation rmse = 1.038060
Epoch 36
Loss = 1.1003e-03, PNorm = 48.3430, GNorm = 0.3851, lr_0 = 1.2721e-04
Loss = 1.1632e-03, PNorm = 48.3447, GNorm = 0.4944, lr_0 = 1.2677e-04
Loss = 1.7217e-03, PNorm = 48.3494, GNorm = 0.6203, lr_0 = 1.2634e-04
Loss = 2.4907e-03, PNorm = 48.3531, GNorm = 0.5866, lr_0 = 1.2590e-04
Loss = 1.4906e-03, PNorm = 48.3573, GNorm = 0.7120, lr_0 = 1.2547e-04
Loss = 1.7558e-03, PNorm = 48.3597, GNorm = 0.8436, lr_0 = 1.2504e-04
Loss = 1.9753e-03, PNorm = 48.3616, GNorm = 0.5127, lr_0 = 1.2461e-04
Loss = 1.7797e-03, PNorm = 48.3654, GNorm = 0.8655, lr_0 = 1.2418e-04
Loss = 1.7254e-03, PNorm = 48.3694, GNorm = 1.0145, lr_0 = 1.2375e-04
Loss = 1.4694e-03, PNorm = 48.3722, GNorm = 0.8131, lr_0 = 1.2333e-04
Loss = 1.3415e-03, PNorm = 48.3749, GNorm = 0.4765, lr_0 = 1.2290e-04
Loss = 1.4785e-03, PNorm = 48.3778, GNorm = 0.6200, lr_0 = 1.2248e-04
Loss = 1.5141e-03, PNorm = 48.3804, GNorm = 0.4092, lr_0 = 1.2206e-04
Loss = 2.7016e-03, PNorm = 48.3851, GNorm = 0.4891, lr_0 = 1.2164e-04
Loss = 2.2793e-03, PNorm = 48.3895, GNorm = 0.9002, lr_0 = 1.2122e-04
Loss = 1.6306e-03, PNorm = 48.3925, GNorm = 0.5964, lr_0 = 1.2081e-04
Loss = 1.9361e-03, PNorm = 48.3975, GNorm = 0.4540, lr_0 = 1.2039e-04
Loss = 1.6650e-03, PNorm = 48.4017, GNorm = 0.8679, lr_0 = 1.1998e-04
Validation rmse = 1.027305
Epoch 37
Loss = 1.7011e-03, PNorm = 48.4056, GNorm = 0.6262, lr_0 = 1.1956e-04
Loss = 1.8469e-03, PNorm = 48.4084, GNorm = 0.4139, lr_0 = 1.1915e-04
Loss = 1.8315e-03, PNorm = 48.4118, GNorm = 0.8719, lr_0 = 1.1874e-04
Loss = 2.0681e-03, PNorm = 48.4163, GNorm = 0.5958, lr_0 = 1.1834e-04
Loss = 1.8791e-03, PNorm = 48.4203, GNorm = 0.6065, lr_0 = 1.1793e-04
Loss = 1.4956e-03, PNorm = 48.4236, GNorm = 0.5329, lr_0 = 1.1752e-04
Loss = 1.4448e-03, PNorm = 48.4269, GNorm = 0.6514, lr_0 = 1.1712e-04
Loss = 2.0336e-03, PNorm = 48.4297, GNorm = 0.8858, lr_0 = 1.1672e-04
Loss = 1.5239e-03, PNorm = 48.4326, GNorm = 0.9468, lr_0 = 1.1632e-04
Loss = 1.5054e-03, PNorm = 48.4355, GNorm = 0.4697, lr_0 = 1.1592e-04
Loss = 1.3759e-03, PNorm = 48.4381, GNorm = 0.7415, lr_0 = 1.1552e-04
Loss = 1.6382e-03, PNorm = 48.4421, GNorm = 0.5270, lr_0 = 1.1512e-04
Loss = 1.5721e-03, PNorm = 48.4456, GNorm = 0.4050, lr_0 = 1.1473e-04
Loss = 1.7868e-03, PNorm = 48.4483, GNorm = 0.6197, lr_0 = 1.1433e-04
Loss = 1.8798e-03, PNorm = 48.4521, GNorm = 0.3405, lr_0 = 1.1394e-04
Loss = 1.8304e-03, PNorm = 48.4560, GNorm = 0.4427, lr_0 = 1.1355e-04
Loss = 2.4721e-03, PNorm = 48.4602, GNorm = 0.5221, lr_0 = 1.1316e-04
Validation rmse = 1.020529
Epoch 38
Loss = 1.4437e-03, PNorm = 48.4627, GNorm = 0.6513, lr_0 = 1.1277e-04
Loss = 1.7686e-03, PNorm = 48.4652, GNorm = 1.6938, lr_0 = 1.1238e-04
Loss = 1.6860e-03, PNorm = 48.4693, GNorm = 0.6153, lr_0 = 1.1199e-04
Loss = 1.6135e-03, PNorm = 48.4718, GNorm = 0.6434, lr_0 = 1.1161e-04
Loss = 1.3039e-03, PNorm = 48.4735, GNorm = 0.5906, lr_0 = 1.1122e-04
Loss = 2.1774e-03, PNorm = 48.4761, GNorm = 0.5170, lr_0 = 1.1084e-04
Loss = 1.8482e-03, PNorm = 48.4799, GNorm = 0.6230, lr_0 = 1.1046e-04
Loss = 1.8008e-03, PNorm = 48.4839, GNorm = 0.4353, lr_0 = 1.1008e-04
Loss = 1.6309e-03, PNorm = 48.4871, GNorm = 1.1269, lr_0 = 1.0970e-04
Loss = 1.5046e-03, PNorm = 48.4905, GNorm = 0.3407, lr_0 = 1.0933e-04
Loss = 1.4566e-03, PNorm = 48.4932, GNorm = 0.8063, lr_0 = 1.0895e-04
Loss = 1.7646e-03, PNorm = 48.4957, GNorm = 0.6105, lr_0 = 1.0858e-04
Loss = 2.8220e-03, PNorm = 48.4996, GNorm = 0.7860, lr_0 = 1.0820e-04
Loss = 1.3238e-03, PNorm = 48.5018, GNorm = 0.4582, lr_0 = 1.0783e-04
Loss = 1.4962e-03, PNorm = 48.5028, GNorm = 0.4258, lr_0 = 1.0746e-04
Loss = 1.6150e-03, PNorm = 48.5051, GNorm = 0.5564, lr_0 = 1.0709e-04
Loss = 1.6781e-03, PNorm = 48.5085, GNorm = 1.2685, lr_0 = 1.0672e-04
Loss = 1.4729e-03, PNorm = 48.5119, GNorm = 0.6475, lr_0 = 1.0636e-04
Validation rmse = 1.046199
Epoch 39
Loss = 1.8601e-03, PNorm = 48.5148, GNorm = 0.6644, lr_0 = 1.0599e-04
Loss = 1.3058e-03, PNorm = 48.5189, GNorm = 0.8039, lr_0 = 1.0563e-04
Loss = 2.1031e-03, PNorm = 48.5213, GNorm = 2.0626, lr_0 = 1.0526e-04
Loss = 1.4806e-03, PNorm = 48.5238, GNorm = 0.4372, lr_0 = 1.0490e-04
Loss = 1.4342e-03, PNorm = 48.5260, GNorm = 0.5452, lr_0 = 1.0454e-04
Loss = 1.4403e-03, PNorm = 48.5285, GNorm = 0.4249, lr_0 = 1.0418e-04
Loss = 1.6013e-03, PNorm = 48.5305, GNorm = 0.4937, lr_0 = 1.0382e-04
Loss = 1.5393e-03, PNorm = 48.5332, GNorm = 1.7695, lr_0 = 1.0347e-04
Loss = 2.0477e-03, PNorm = 48.5358, GNorm = 1.1766, lr_0 = 1.0311e-04
Loss = 1.6348e-03, PNorm = 48.5396, GNorm = 0.4404, lr_0 = 1.0276e-04
Loss = 1.5991e-03, PNorm = 48.5438, GNorm = 0.4552, lr_0 = 1.0240e-04
Loss = 1.3887e-03, PNorm = 48.5461, GNorm = 0.6612, lr_0 = 1.0205e-04
Loss = 1.8763e-03, PNorm = 48.5484, GNorm = 0.6194, lr_0 = 1.0170e-04
Loss = 1.6408e-03, PNorm = 48.5507, GNorm = 0.8108, lr_0 = 1.0135e-04
Loss = 2.3536e-03, PNorm = 48.5530, GNorm = 1.6199, lr_0 = 1.0100e-04
Loss = 1.5258e-03, PNorm = 48.5549, GNorm = 0.4370, lr_0 = 1.0066e-04
Loss = 1.7178e-03, PNorm = 48.5574, GNorm = 0.7126, lr_0 = 1.0031e-04
Loss = 1.9766e-03, PNorm = 48.5613, GNorm = 0.4532, lr_0 = 1.0000e-04
Validation rmse = 1.076508
Model 0 best validation rmse = 0.910944 on epoch 14
Loading pretrained parameter "encoder.encoder.cached_zero_vector".
Loading pretrained parameter "encoder.encoder.W_i.weight".
Loading pretrained parameter "encoder.encoder.W_h.weight".
Loading pretrained parameter "encoder.encoder.W_o.weight".
Loading pretrained parameter "encoder.encoder.W_o.bias".
Loading pretrained parameter "ffn.1.weight".
Loading pretrained parameter "ffn.1.bias".
Loading pretrained parameter "ffn.4.weight".
Loading pretrained parameter "ffn.4.bias".
Loading pretrained parameter "ffn.7.weight".
Loading pretrained parameter "ffn.7.bias".
Model 0 test rmse = 0.910944
Ensemble test rmse = 0.910944
1-fold cross validation
Seed 5 ==> test rmse = 0.910944
Overall test rmse = 0.910944 +/- 0.000000
