Fold 0
{'activation': 'ReLU',
 'atom_messages': False,
 'batch_size': 50,
 'bias': False,
 'checkpoint_dir': None,
 'checkpoint_path': None,
 'checkpoint_paths': None,
 'config_path': None,
 'crossval_index_dir': None,
 'crossval_index_file': None,
 'cuda': False,
 'data_path': 'Data/Multitask_data/All_datasets/Splits/all_random_amine_split/train.csv',
 'dataset_type': 'regression',
 'depth': 3,
 'dropout': 0.0,
 'ensemble_size': 1,
 'epochs': 40,
 'features_generator': None,
 'features_only': False,
 'features_path': ['Data/Multitask_data/All_datasets/Splits/all_random_amine_split/train_extra_x.csv'],
 'features_scaling': True,
 'ffn_hidden_size': 300,
 'ffn_num_layers': 3,
 'final_lr': 0.0001,
 'folds_file': None,
 'gpu': None,
 'hidden_size': 300,
 'init_lr': 0.0001,
 'log_frequency': 10,
 'max_data_size': None,
 'max_lr': 0.001,
 'metric': 'rmse',
 'minimize_score': True,
 'multiclass_num_classes': 3,
 'no_cache': False,
 'num_folds': 1,
 'num_lrs': 1,
 'quiet': False,
 'save_dir': 'Data/Multitask_data/All_datasets/Splits/all_random_amine_split/trained_model/fold_0',
 'save_smiles_splits': False,
 'seed': 5,
 'separate_test_features_path': ['Data/Multitask_data/All_datasets/Splits/all_random_amine_split/test_extra_x.csv'],
 'separate_test_path': 'Data/Multitask_data/All_datasets/Splits/all_random_amine_split/test.csv',
 'separate_val_features_path': ['Data/Multitask_data/All_datasets/Splits/all_random_amine_split/valid_extra_x.csv'],
 'separate_val_path': 'Data/Multitask_data/All_datasets/Splits/all_random_amine_split/valid.csv',
 'show_individual_scores': False,
 'split_sizes': [0.675, 0.075, 0.25],
 'split_type': 'random',
 'test': False,
 'test_fold_index': None,
 'undirected': False,
 'use_compound_names': False,
 'use_input_features': True,
 'val_fold_index': None,
 'warmup_epochs': 2.0}
Loading data
Number of tasks = 1
Splitting data with seed 5
Total size = 6,056 | train size = 6,056 | val size = 1,580 | test size = 1,614
Fitting scaler
Building model 0
MoleculeModel(
  (encoder): MPN(
    (encoder): MPNEncoder(
      (dropout_layer): Dropout(p=0.0, inplace=False)
      (act_func): ReLU()
      (W_i): Linear(in_features=147, out_features=300, bias=False)
      (W_h): Linear(in_features=300, out_features=300, bias=False)
      (W_o): Linear(in_features=433, out_features=300, bias=True)
    )
  )
  (ffn): Sequential(
    (0): Dropout(p=0.0, inplace=False)
    (1): Linear(in_features=343, out_features=300, bias=True)
    (2): ReLU()
    (3): Dropout(p=0.0, inplace=False)
    (4): Linear(in_features=300, out_features=300, bias=True)
    (5): ReLU()
    (6): Dropout(p=0.0, inplace=False)
    (7): Linear(in_features=300, out_features=1, bias=True)
  )
)
Number of parameters = 458,101
Epoch 0
Loss = 1.3864e-02, PNorm = 38.3858, GNorm = 2.5012, lr_0 = 1.4091e-04
Loss = 7.9071e-03, PNorm = 38.3932, GNorm = 1.5734, lr_0 = 1.7810e-04
Loss = 5.5061e-03, PNorm = 38.3991, GNorm = 1.5626, lr_0 = 2.1529e-04
Loss = 5.6222e-03, PNorm = 38.4022, GNorm = 1.7190, lr_0 = 2.5248e-04
Loss = 3.8344e-03, PNorm = 38.4046, GNorm = 1.2082, lr_0 = 2.8967e-04
Loss = 3.6803e-03, PNorm = 38.4076, GNorm = 1.4383, lr_0 = 3.2686e-04
Loss = 4.8752e-03, PNorm = 38.4104, GNorm = 5.0994, lr_0 = 3.6405e-04
Loss = 5.2037e-03, PNorm = 38.4124, GNorm = 2.9078, lr_0 = 4.0124e-04
Loss = 4.1601e-03, PNorm = 38.4154, GNorm = 2.6982, lr_0 = 4.3843e-04
Loss = 3.5539e-03, PNorm = 38.4180, GNorm = 1.2068, lr_0 = 4.7562e-04
Loss = 4.8133e-03, PNorm = 38.4268, GNorm = 1.3887, lr_0 = 5.1281e-04
Loss = 3.7154e-03, PNorm = 38.4373, GNorm = 1.0284, lr_0 = 5.5000e-04
Validation rmse = 0.822363
Epoch 1
Loss = 3.6330e-03, PNorm = 38.4499, GNorm = 1.7376, lr_0 = 5.8719e-04
Loss = 4.9287e-03, PNorm = 38.4563, GNorm = 1.3491, lr_0 = 6.2438e-04
Loss = 3.5817e-03, PNorm = 38.4726, GNorm = 1.1983, lr_0 = 6.6157e-04
Loss = 3.4600e-03, PNorm = 38.4925, GNorm = 1.6242, lr_0 = 6.9876e-04
Loss = 4.5538e-03, PNorm = 38.4989, GNorm = 0.8143, lr_0 = 7.3595e-04
Loss = 5.0558e-03, PNorm = 38.5040, GNorm = 3.0325, lr_0 = 7.7314e-04
Loss = 4.0954e-03, PNorm = 38.5185, GNorm = 1.2317, lr_0 = 8.1033e-04
Loss = 4.8315e-03, PNorm = 38.5418, GNorm = 1.0537, lr_0 = 8.4752e-04
Loss = 7.0203e-03, PNorm = 38.5671, GNorm = 1.0879, lr_0 = 8.8471e-04
Loss = 4.9547e-03, PNorm = 38.5945, GNorm = 1.2606, lr_0 = 9.2190e-04
Loss = 4.3686e-03, PNorm = 38.6242, GNorm = 1.6345, lr_0 = 9.5909e-04
Loss = 4.3330e-03, PNorm = 38.6412, GNorm = 1.1578, lr_0 = 9.9628e-04
Validation rmse = 0.806683
Epoch 2
Loss = 4.1694e-03, PNorm = 38.6646, GNorm = 1.0934, lr_0 = 9.9550e-04
Loss = 3.3874e-03, PNorm = 38.6831, GNorm = 0.7245, lr_0 = 9.9053e-04
Loss = 4.7929e-03, PNorm = 38.7098, GNorm = 1.2476, lr_0 = 9.8558e-04
Loss = 4.9123e-03, PNorm = 38.7345, GNorm = 0.7672, lr_0 = 9.8066e-04
Loss = 4.1589e-03, PNorm = 38.7581, GNorm = 1.2224, lr_0 = 9.7576e-04
Loss = 4.1675e-03, PNorm = 38.7864, GNorm = 2.2613, lr_0 = 9.7089e-04
Loss = 3.5915e-03, PNorm = 38.8153, GNorm = 1.0282, lr_0 = 9.6604e-04
Loss = 3.5505e-03, PNorm = 38.8378, GNorm = 1.7208, lr_0 = 9.6121e-04
Loss = 5.8950e-03, PNorm = 38.8675, GNorm = 1.2104, lr_0 = 9.5641e-04
Loss = 3.5701e-03, PNorm = 38.8980, GNorm = 1.9302, lr_0 = 9.5163e-04
Loss = 3.5026e-03, PNorm = 38.9240, GNorm = 0.9257, lr_0 = 9.4688e-04
Loss = 4.3891e-03, PNorm = 38.9613, GNorm = 1.5708, lr_0 = 9.4215e-04
Validation rmse = 0.861659
Epoch 3
Loss = 4.7107e-03, PNorm = 38.9997, GNorm = 3.4400, lr_0 = 9.3744e-04
Loss = 4.3408e-03, PNorm = 39.0279, GNorm = 0.6686, lr_0 = 9.3276e-04
Loss = 4.6995e-03, PNorm = 39.0624, GNorm = 0.9980, lr_0 = 9.2810e-04
Loss = 3.9505e-03, PNorm = 39.1138, GNorm = 1.2544, lr_0 = 9.2346e-04
Loss = 4.3342e-03, PNorm = 39.1429, GNorm = 0.4213, lr_0 = 9.1885e-04
Loss = 4.2381e-03, PNorm = 39.1975, GNorm = 0.8882, lr_0 = 9.1426e-04
Loss = 3.7505e-03, PNorm = 39.2498, GNorm = 0.7907, lr_0 = 9.0969e-04
Loss = 3.4159e-03, PNorm = 39.2984, GNorm = 1.0145, lr_0 = 9.0515e-04
Loss = 2.9200e-03, PNorm = 39.3468, GNorm = 0.8753, lr_0 = 9.0063e-04
Loss = 3.5846e-03, PNorm = 39.3851, GNorm = 0.7994, lr_0 = 8.9613e-04
Loss = 2.8901e-03, PNorm = 39.4266, GNorm = 0.6495, lr_0 = 8.9165e-04
Loss = 3.8165e-03, PNorm = 39.4513, GNorm = 1.4303, lr_0 = 8.8720e-04
Validation rmse = 0.812862
Epoch 4
Loss = 4.7950e-03, PNorm = 39.4894, GNorm = 0.8113, lr_0 = 8.8277e-04
Loss = 4.4305e-03, PNorm = 39.5380, GNorm = 0.6544, lr_0 = 8.7836e-04
Loss = 3.6010e-03, PNorm = 39.5706, GNorm = 0.5528, lr_0 = 8.7397e-04
Loss = 4.1186e-03, PNorm = 39.6057, GNorm = 0.8606, lr_0 = 8.6960e-04
Loss = 3.2677e-03, PNorm = 39.6318, GNorm = 0.5139, lr_0 = 8.6526e-04
Loss = 3.3396e-03, PNorm = 39.6515, GNorm = 1.1679, lr_0 = 8.6094e-04
Loss = 4.9432e-03, PNorm = 39.7001, GNorm = 0.8174, lr_0 = 8.5664e-04
Loss = 3.3046e-03, PNorm = 39.7436, GNorm = 0.5942, lr_0 = 8.5236e-04
Loss = 3.1773e-03, PNorm = 39.7773, GNorm = 0.6217, lr_0 = 8.4810e-04
Loss = 4.2729e-03, PNorm = 39.8079, GNorm = 0.6569, lr_0 = 8.4386e-04
Loss = 3.7018e-03, PNorm = 39.8592, GNorm = 1.5023, lr_0 = 8.3965e-04
Loss = 3.2279e-03, PNorm = 39.8859, GNorm = 0.5658, lr_0 = 8.3545e-04
Validation rmse = 0.787902
Epoch 5
Loss = 3.1791e-03, PNorm = 39.9130, GNorm = 0.6340, lr_0 = 8.3128e-04
Loss = 3.8410e-03, PNorm = 39.9472, GNorm = 0.5786, lr_0 = 8.2713e-04
Loss = 2.7088e-03, PNorm = 39.9687, GNorm = 0.9870, lr_0 = 8.2300e-04
Loss = 3.3935e-03, PNorm = 40.0078, GNorm = 0.6589, lr_0 = 8.1889e-04
Loss = 4.6108e-03, PNorm = 40.0317, GNorm = 0.6011, lr_0 = 8.1479e-04
Loss = 4.0943e-03, PNorm = 40.0716, GNorm = 0.3149, lr_0 = 8.1072e-04
Loss = 3.0872e-03, PNorm = 40.1035, GNorm = 0.2277, lr_0 = 8.0667e-04
Loss = 4.7431e-03, PNorm = 40.1334, GNorm = 1.1688, lr_0 = 8.0265e-04
Loss = 3.2486e-03, PNorm = 40.1511, GNorm = 0.6253, lr_0 = 7.9864e-04
Loss = 3.0806e-03, PNorm = 40.1725, GNorm = 0.2902, lr_0 = 7.9465e-04
Loss = 2.9801e-03, PNorm = 40.2039, GNorm = 0.7161, lr_0 = 7.9068e-04
Loss = 3.4620e-03, PNorm = 40.2242, GNorm = 0.8097, lr_0 = 7.8673e-04
Validation rmse = 0.776606
Epoch 6
Loss = 2.5776e-03, PNorm = 40.2613, GNorm = 0.5729, lr_0 = 7.8280e-04
Loss = 2.9097e-03, PNorm = 40.2784, GNorm = 0.5420, lr_0 = 7.7889e-04
Loss = 4.6848e-03, PNorm = 40.2989, GNorm = 0.6386, lr_0 = 7.7500e-04
Loss = 3.3245e-03, PNorm = 40.3276, GNorm = 0.6174, lr_0 = 7.7113e-04
Loss = 4.7997e-03, PNorm = 40.3660, GNorm = 0.7421, lr_0 = 7.6727e-04
Loss = 3.1787e-03, PNorm = 40.3970, GNorm = 0.9752, lr_0 = 7.6344e-04
Loss = 3.5669e-03, PNorm = 40.4261, GNorm = 0.7586, lr_0 = 7.5963e-04
Loss = 3.1231e-03, PNorm = 40.4651, GNorm = 0.4496, lr_0 = 7.5583e-04
Loss = 3.2658e-03, PNorm = 40.4975, GNorm = 0.3760, lr_0 = 7.5206e-04
Loss = 3.4826e-03, PNorm = 40.5291, GNorm = 0.9495, lr_0 = 7.4830e-04
Loss = 2.9546e-03, PNorm = 40.5673, GNorm = 0.7251, lr_0 = 7.4456e-04
Loss = 3.1138e-03, PNorm = 40.6087, GNorm = 0.6842, lr_0 = 7.4084e-04
Validation rmse = 0.776706
Epoch 7
Loss = 1.8098e-03, PNorm = 40.6368, GNorm = 0.3857, lr_0 = 7.3714e-04
Loss = 2.9052e-03, PNorm = 40.6707, GNorm = 0.5884, lr_0 = 7.3346e-04
Loss = 4.6042e-03, PNorm = 40.7053, GNorm = 0.6955, lr_0 = 7.2980e-04
Loss = 2.8648e-03, PNorm = 40.7145, GNorm = 0.9864, lr_0 = 7.2615e-04
Loss = 3.3416e-03, PNorm = 40.7457, GNorm = 0.8470, lr_0 = 7.2252e-04
Loss = 3.1284e-03, PNorm = 40.7791, GNorm = 0.8714, lr_0 = 7.1891e-04
Loss = 4.4834e-03, PNorm = 40.8100, GNorm = 1.1257, lr_0 = 7.1532e-04
Loss = 2.9781e-03, PNorm = 40.8457, GNorm = 0.5134, lr_0 = 7.1175e-04
Loss = 3.6052e-03, PNorm = 40.8946, GNorm = 0.4333, lr_0 = 7.0819e-04
Loss = 2.5875e-03, PNorm = 40.9365, GNorm = 0.5105, lr_0 = 7.0466e-04
Loss = 3.5009e-03, PNorm = 40.9609, GNorm = 0.7844, lr_0 = 7.0114e-04
Loss = 3.2612e-03, PNorm = 40.9757, GNorm = 0.8552, lr_0 = 6.9763e-04
Validation rmse = 0.821238
Epoch 8
Loss = 2.7150e-03, PNorm = 41.0085, GNorm = 0.7471, lr_0 = 6.9415e-04
Loss = 4.1223e-03, PNorm = 41.0501, GNorm = 0.7683, lr_0 = 6.9068e-04
Loss = 3.2451e-03, PNorm = 41.0921, GNorm = 0.8226, lr_0 = 6.8723e-04
Loss = 2.7614e-03, PNorm = 41.1244, GNorm = 0.2623, lr_0 = 6.8380e-04
Loss = 2.6601e-03, PNorm = 41.1488, GNorm = 0.7005, lr_0 = 6.8038e-04
Loss = 3.2214e-03, PNorm = 41.1842, GNorm = 0.6881, lr_0 = 6.7698e-04
Loss = 3.9430e-03, PNorm = 41.2134, GNorm = 0.7776, lr_0 = 6.7360e-04
Loss = 2.9674e-03, PNorm = 41.2402, GNorm = 0.8264, lr_0 = 6.7024e-04
Loss = 3.1220e-03, PNorm = 41.2677, GNorm = 0.4412, lr_0 = 6.6689e-04
Loss = 3.3506e-03, PNorm = 41.2998, GNorm = 0.9591, lr_0 = 6.6356e-04
Loss = 3.6364e-03, PNorm = 41.3293, GNorm = 0.4434, lr_0 = 6.6024e-04
Loss = 2.3668e-03, PNorm = 41.3636, GNorm = 0.5766, lr_0 = 6.5695e-04
Validation rmse = 0.790374
Epoch 9
Loss = 1.7260e-03, PNorm = 41.3864, GNorm = 0.5801, lr_0 = 6.5366e-04
Loss = 2.7974e-03, PNorm = 41.4245, GNorm = 1.2530, lr_0 = 6.5040e-04
Loss = 2.9215e-03, PNorm = 41.4580, GNorm = 0.3449, lr_0 = 6.4715e-04
Loss = 3.9298e-03, PNorm = 41.4903, GNorm = 0.3995, lr_0 = 6.4392e-04
Loss = 3.4608e-03, PNorm = 41.5255, GNorm = 0.7676, lr_0 = 6.4070e-04
Loss = 3.4748e-03, PNorm = 41.5502, GNorm = 0.9532, lr_0 = 6.3750e-04
Loss = 2.6043e-03, PNorm = 41.5708, GNorm = 0.6875, lr_0 = 6.3432e-04
Loss = 2.9302e-03, PNorm = 41.5976, GNorm = 0.6387, lr_0 = 6.3115e-04
Loss = 2.7364e-03, PNorm = 41.6394, GNorm = 0.9018, lr_0 = 6.2799e-04
Loss = 4.7065e-03, PNorm = 41.6623, GNorm = 0.5948, lr_0 = 6.2486e-04
Loss = 3.1059e-03, PNorm = 41.6856, GNorm = 1.2815, lr_0 = 6.2174e-04
Loss = 2.7705e-03, PNorm = 41.7060, GNorm = 0.2718, lr_0 = 6.1863e-04
Loss = 2.9414e-03, PNorm = 41.7367, GNorm = 0.6565, lr_0 = 6.1554e-04
Validation rmse = 0.757342
Epoch 10
Loss = 2.7978e-03, PNorm = 41.7717, GNorm = 0.6628, lr_0 = 6.1247e-04
Loss = 2.3136e-03, PNorm = 41.7987, GNorm = 0.3808, lr_0 = 6.0941e-04
Loss = 3.8097e-03, PNorm = 41.8245, GNorm = 0.5079, lr_0 = 6.0636e-04
Loss = 2.9372e-03, PNorm = 41.8603, GNorm = 0.5139, lr_0 = 6.0333e-04
Loss = 2.6279e-03, PNorm = 41.8839, GNorm = 0.5584, lr_0 = 6.0032e-04
Loss = 3.6633e-03, PNorm = 41.9088, GNorm = 0.4638, lr_0 = 5.9732e-04
Loss = 3.4339e-03, PNorm = 41.9437, GNorm = 0.3693, lr_0 = 5.9434e-04
Loss = 2.9875e-03, PNorm = 41.9915, GNorm = 0.4068, lr_0 = 5.9137e-04
Loss = 2.9483e-03, PNorm = 42.0200, GNorm = 0.7194, lr_0 = 5.8841e-04
Loss = 4.1262e-03, PNorm = 42.0394, GNorm = 1.3835, lr_0 = 5.8547e-04
Loss = 2.9147e-03, PNorm = 42.0632, GNorm = 0.6171, lr_0 = 5.8255e-04
Loss = 3.0627e-03, PNorm = 42.0887, GNorm = 0.5013, lr_0 = 5.7964e-04
Validation rmse = 0.758494
Epoch 11
Loss = 3.8736e-03, PNorm = 42.1155, GNorm = 0.4642, lr_0 = 5.7674e-04
Loss = 3.6850e-03, PNorm = 42.1453, GNorm = 0.5391, lr_0 = 5.7386e-04
Loss = 2.9824e-03, PNorm = 42.1657, GNorm = 0.5482, lr_0 = 5.7100e-04
Loss = 3.5763e-03, PNorm = 42.1902, GNorm = 0.8092, lr_0 = 5.6814e-04
Loss = 2.4165e-03, PNorm = 42.2253, GNorm = 0.4662, lr_0 = 5.6531e-04
Loss = 3.1043e-03, PNorm = 42.2514, GNorm = 0.6530, lr_0 = 5.6248e-04
Loss = 2.6569e-03, PNorm = 42.2814, GNorm = 0.8387, lr_0 = 5.5967e-04
Loss = 2.6156e-03, PNorm = 42.3062, GNorm = 0.5921, lr_0 = 5.5688e-04
Loss = 2.6926e-03, PNorm = 42.3361, GNorm = 0.8722, lr_0 = 5.5409e-04
Loss = 3.9847e-03, PNorm = 42.3598, GNorm = 1.4433, lr_0 = 5.5133e-04
Loss = 2.7994e-03, PNorm = 42.3928, GNorm = 0.4343, lr_0 = 5.4857e-04
Loss = 2.6318e-03, PNorm = 42.4185, GNorm = 0.3599, lr_0 = 5.4583e-04
Validation rmse = 0.780599
Epoch 12
Loss = 2.3207e-03, PNorm = 42.4322, GNorm = 0.5371, lr_0 = 5.4311e-04
Loss = 2.2260e-03, PNorm = 42.4517, GNorm = 0.5454, lr_0 = 5.4039e-04
Loss = 3.3103e-03, PNorm = 42.4597, GNorm = 0.4332, lr_0 = 5.3769e-04
Loss = 3.6307e-03, PNorm = 42.4761, GNorm = 0.3850, lr_0 = 5.3501e-04
Loss = 2.8844e-03, PNorm = 42.5030, GNorm = 0.6753, lr_0 = 5.3234e-04
Loss = 2.7549e-03, PNorm = 42.5423, GNorm = 0.9296, lr_0 = 5.2968e-04
Loss = 2.5822e-03, PNorm = 42.5712, GNorm = 0.8471, lr_0 = 5.2703e-04
Loss = 2.9750e-03, PNorm = 42.6094, GNorm = 0.7631, lr_0 = 5.2440e-04
Loss = 3.5427e-03, PNorm = 42.6399, GNorm = 0.6861, lr_0 = 5.2178e-04
Loss = 4.1870e-03, PNorm = 42.6661, GNorm = 1.2439, lr_0 = 5.1917e-04
Loss = 2.8039e-03, PNorm = 42.7036, GNorm = 0.4279, lr_0 = 5.1658e-04
Loss = 3.0224e-03, PNorm = 42.7223, GNorm = 0.5828, lr_0 = 5.1400e-04
Validation rmse = 0.771977
Epoch 13
Loss = 2.1322e-03, PNorm = 42.7384, GNorm = 0.6290, lr_0 = 5.1143e-04
Loss = 2.2192e-03, PNorm = 42.7552, GNorm = 0.4686, lr_0 = 5.0888e-04
Loss = 2.0061e-03, PNorm = 42.7730, GNorm = 0.4702, lr_0 = 5.0633e-04
Loss = 2.7426e-03, PNorm = 42.8005, GNorm = 0.3960, lr_0 = 5.0380e-04
Loss = 2.7145e-03, PNorm = 42.8306, GNorm = 0.4747, lr_0 = 5.0129e-04
Loss = 3.8801e-03, PNorm = 42.8520, GNorm = 1.3043, lr_0 = 4.9878e-04
Loss = 2.2974e-03, PNorm = 42.8796, GNorm = 0.5381, lr_0 = 4.9629e-04
Loss = 4.0177e-03, PNorm = 42.9099, GNorm = 0.4565, lr_0 = 4.9381e-04
Loss = 4.3881e-03, PNorm = 42.9337, GNorm = 0.6993, lr_0 = 4.9135e-04
Loss = 3.1861e-03, PNorm = 42.9515, GNorm = 0.8289, lr_0 = 4.8889e-04
Loss = 2.5179e-03, PNorm = 42.9747, GNorm = 0.4050, lr_0 = 4.8645e-04
Loss = 2.6911e-03, PNorm = 42.9960, GNorm = 0.6242, lr_0 = 4.8402e-04
Validation rmse = 0.771849
Epoch 14
Loss = 2.6258e-03, PNorm = 43.0165, GNorm = 0.4478, lr_0 = 4.8160e-04
Loss = 4.5795e-03, PNorm = 43.0402, GNorm = 0.5441, lr_0 = 4.7920e-04
Loss = 2.5802e-03, PNorm = 43.0654, GNorm = 0.8701, lr_0 = 4.7680e-04
Loss = 3.6783e-03, PNorm = 43.0846, GNorm = 1.4174, lr_0 = 4.7442e-04
Loss = 2.3955e-03, PNorm = 43.0989, GNorm = 0.3246, lr_0 = 4.7205e-04
Loss = 2.3749e-03, PNorm = 43.1138, GNorm = 0.6557, lr_0 = 4.6969e-04
Loss = 2.8294e-03, PNorm = 43.1365, GNorm = 0.4761, lr_0 = 4.6735e-04
Loss = 2.8168e-03, PNorm = 43.1570, GNorm = 0.4397, lr_0 = 4.6501e-04
Loss = 2.4729e-03, PNorm = 43.1738, GNorm = 0.8980, lr_0 = 4.6269e-04
Loss = 2.8700e-03, PNorm = 43.2000, GNorm = 0.8068, lr_0 = 4.6038e-04
Loss = 2.7532e-03, PNorm = 43.2245, GNorm = 0.7526, lr_0 = 4.5808e-04
Loss = 2.8584e-03, PNorm = 43.2494, GNorm = 0.4887, lr_0 = 4.5579e-04
Validation rmse = 0.755490
Epoch 15
Loss = 4.4324e-03, PNorm = 43.2773, GNorm = 0.5510, lr_0 = 4.5351e-04
Loss = 2.4476e-03, PNorm = 43.2976, GNorm = 0.5437, lr_0 = 4.5125e-04
Loss = 3.4761e-03, PNorm = 43.3173, GNorm = 0.5923, lr_0 = 4.4899e-04
Loss = 2.2602e-03, PNorm = 43.3431, GNorm = 0.3653, lr_0 = 4.4675e-04
Loss = 2.4949e-03, PNorm = 43.3589, GNorm = 0.6031, lr_0 = 4.4452e-04
Loss = 3.5770e-03, PNorm = 43.3782, GNorm = 0.7853, lr_0 = 4.4230e-04
Loss = 2.5356e-03, PNorm = 43.4037, GNorm = 0.4685, lr_0 = 4.4009e-04
Loss = 3.1489e-03, PNorm = 43.4218, GNorm = 0.6659, lr_0 = 4.3789e-04
Loss = 2.6744e-03, PNorm = 43.4455, GNorm = 0.4759, lr_0 = 4.3570e-04
Loss = 2.4821e-03, PNorm = 43.4650, GNorm = 0.9471, lr_0 = 4.3353e-04
Loss = 2.6123e-03, PNorm = 43.4825, GNorm = 0.3830, lr_0 = 4.3136e-04
Loss = 2.1438e-03, PNorm = 43.4964, GNorm = 0.5961, lr_0 = 4.2921e-04
Validation rmse = 0.783112
Epoch 16
Loss = 2.3488e-03, PNorm = 43.5113, GNorm = 0.3623, lr_0 = 4.2706e-04
Loss = 3.2033e-03, PNorm = 43.5359, GNorm = 0.4126, lr_0 = 4.2493e-04
Loss = 3.2023e-03, PNorm = 43.5640, GNorm = 0.6050, lr_0 = 4.2281e-04
Loss = 1.9879e-03, PNorm = 43.5787, GNorm = 0.4177, lr_0 = 4.2069e-04
Loss = 3.6017e-03, PNorm = 43.5966, GNorm = 0.6058, lr_0 = 4.1859e-04
Loss = 3.2452e-03, PNorm = 43.6094, GNorm = 0.5759, lr_0 = 4.1650e-04
Loss = 2.7610e-03, PNorm = 43.6304, GNorm = 0.5901, lr_0 = 4.1442e-04
Loss = 3.3059e-03, PNorm = 43.6523, GNorm = 0.6496, lr_0 = 4.1235e-04
Loss = 2.3413e-03, PNorm = 43.6751, GNorm = 0.5058, lr_0 = 4.1029e-04
Loss = 1.8929e-03, PNorm = 43.6940, GNorm = 0.3475, lr_0 = 4.0824e-04
Loss = 2.3586e-03, PNorm = 43.7094, GNorm = 0.5279, lr_0 = 4.0620e-04
Loss = 2.4926e-03, PNorm = 43.7255, GNorm = 0.6516, lr_0 = 4.0417e-04
Validation rmse = 0.768600
Epoch 17
Loss = 2.4372e-03, PNorm = 43.7404, GNorm = 0.6684, lr_0 = 4.0215e-04
Loss = 2.1235e-03, PNorm = 43.7546, GNorm = 0.5451, lr_0 = 4.0015e-04
Loss = 3.3750e-03, PNorm = 43.7613, GNorm = 0.6200, lr_0 = 3.9815e-04
Loss = 2.5224e-03, PNorm = 43.7785, GNorm = 0.5662, lr_0 = 3.9616e-04
Loss = 4.5487e-03, PNorm = 43.7975, GNorm = 1.0260, lr_0 = 3.9418e-04
Loss = 2.0065e-03, PNorm = 43.8175, GNorm = 0.4885, lr_0 = 3.9221e-04
Loss = 2.4759e-03, PNorm = 43.8351, GNorm = 0.3933, lr_0 = 3.9025e-04
Loss = 2.2763e-03, PNorm = 43.8601, GNorm = 0.5642, lr_0 = 3.8830e-04
Loss = 2.6728e-03, PNorm = 43.8816, GNorm = 0.5419, lr_0 = 3.8636e-04
Loss = 2.3230e-03, PNorm = 43.8982, GNorm = 0.4720, lr_0 = 3.8443e-04
Loss = 2.5812e-03, PNorm = 43.9193, GNorm = 0.4181, lr_0 = 3.8251e-04
Loss = 2.7010e-03, PNorm = 43.9350, GNorm = 0.7316, lr_0 = 3.8060e-04
Validation rmse = 0.784301
Epoch 18
Loss = 4.8897e-03, PNorm = 43.9530, GNorm = 0.7531, lr_0 = 3.7870e-04
Loss = 1.8388e-03, PNorm = 43.9660, GNorm = 0.6117, lr_0 = 3.7681e-04
Loss = 2.0230e-03, PNorm = 43.9849, GNorm = 0.5701, lr_0 = 3.7493e-04
Loss = 2.6154e-03, PNorm = 44.0039, GNorm = 0.5726, lr_0 = 3.7305e-04
Loss = 2.0073e-03, PNorm = 44.0212, GNorm = 0.6295, lr_0 = 3.7119e-04
Loss = 2.4115e-03, PNorm = 44.0368, GNorm = 0.6934, lr_0 = 3.6934e-04
Loss = 2.7934e-03, PNorm = 44.0479, GNorm = 0.9364, lr_0 = 3.6749e-04
Loss = 2.1903e-03, PNorm = 44.0640, GNorm = 0.6665, lr_0 = 3.6565e-04
Loss = 3.0655e-03, PNorm = 44.0771, GNorm = 0.4100, lr_0 = 3.6383e-04
Loss = 4.0892e-03, PNorm = 44.0879, GNorm = 0.9023, lr_0 = 3.6201e-04
Loss = 2.3480e-03, PNorm = 44.1016, GNorm = 0.6793, lr_0 = 3.6020e-04
Loss = 3.2152e-03, PNorm = 44.1197, GNorm = 1.0450, lr_0 = 3.5840e-04
Validation rmse = 0.786564
Epoch 19
Loss = 3.8443e-03, PNorm = 44.1349, GNorm = 0.6228, lr_0 = 3.5661e-04
Loss = 2.3456e-03, PNorm = 44.1526, GNorm = 0.4196, lr_0 = 3.5483e-04
Loss = 2.6009e-03, PNorm = 44.1683, GNorm = 0.4592, lr_0 = 3.5306e-04
Loss = 2.3637e-03, PNorm = 44.1812, GNorm = 0.4046, lr_0 = 3.5130e-04
Loss = 2.3091e-03, PNorm = 44.1999, GNorm = 0.7958, lr_0 = 3.4954e-04
Loss = 3.2282e-03, PNorm = 44.2138, GNorm = 0.5066, lr_0 = 3.4779e-04
Loss = 3.1610e-03, PNorm = 44.2308, GNorm = 0.4494, lr_0 = 3.4606e-04
Loss = 2.2372e-03, PNorm = 44.2533, GNorm = 0.4971, lr_0 = 3.4433e-04
Loss = 2.8043e-03, PNorm = 44.2705, GNorm = 1.7549, lr_0 = 3.4261e-04
Loss = 3.4227e-03, PNorm = 44.2774, GNorm = 0.6252, lr_0 = 3.4090e-04
Loss = 2.6351e-03, PNorm = 44.2938, GNorm = 0.4353, lr_0 = 3.3919e-04
Loss = 2.0800e-03, PNorm = 44.3102, GNorm = 0.5051, lr_0 = 3.3750e-04
Loss = 1.9967e-03, PNorm = 44.3217, GNorm = 0.7177, lr_0 = 3.3581e-04
Validation rmse = 0.799294
Epoch 20
Loss = 2.4200e-03, PNorm = 44.3338, GNorm = 1.2272, lr_0 = 3.3414e-04
Loss = 2.6565e-03, PNorm = 44.3433, GNorm = 1.1593, lr_0 = 3.3247e-04
Loss = 3.5481e-03, PNorm = 44.3500, GNorm = 1.3483, lr_0 = 3.3081e-04
Loss = 2.8793e-03, PNorm = 44.3636, GNorm = 0.4625, lr_0 = 3.2915e-04
Loss = 2.4982e-03, PNorm = 44.3737, GNorm = 1.1524, lr_0 = 3.2751e-04
Loss = 2.6468e-03, PNorm = 44.3857, GNorm = 0.8120, lr_0 = 3.2587e-04
Loss = 2.2002e-03, PNorm = 44.3996, GNorm = 0.4878, lr_0 = 3.2425e-04
Loss = 2.5202e-03, PNorm = 44.4167, GNorm = 0.5304, lr_0 = 3.2263e-04
Loss = 1.8860e-03, PNorm = 44.4315, GNorm = 0.5372, lr_0 = 3.2101e-04
Loss = 2.5761e-03, PNorm = 44.4455, GNorm = 0.7939, lr_0 = 3.1941e-04
Loss = 2.4420e-03, PNorm = 44.4650, GNorm = 0.6920, lr_0 = 3.1782e-04
Loss = 2.1232e-03, PNorm = 44.4778, GNorm = 0.6086, lr_0 = 3.1623e-04
Validation rmse = 0.779470
Epoch 21
Loss = 3.1198e-03, PNorm = 44.4887, GNorm = 0.5399, lr_0 = 3.1465e-04
Loss = 2.6175e-03, PNorm = 44.5056, GNorm = 0.4658, lr_0 = 3.1308e-04
Loss = 2.1361e-03, PNorm = 44.5244, GNorm = 0.4238, lr_0 = 3.1151e-04
Loss = 2.6376e-03, PNorm = 44.5365, GNorm = 0.6459, lr_0 = 3.0996e-04
Loss = 2.6960e-03, PNorm = 44.5501, GNorm = 0.6980, lr_0 = 3.0841e-04
Loss = 2.3850e-03, PNorm = 44.5678, GNorm = 1.0971, lr_0 = 3.0687e-04
Loss = 2.7712e-03, PNorm = 44.5794, GNorm = 0.6101, lr_0 = 3.0533e-04
Loss = 2.6563e-03, PNorm = 44.5943, GNorm = 0.7691, lr_0 = 3.0381e-04
Loss = 2.2490e-03, PNorm = 44.6100, GNorm = 0.6097, lr_0 = 3.0229e-04
Loss = 1.9023e-03, PNorm = 44.6221, GNorm = 0.6889, lr_0 = 3.0078e-04
Loss = 2.0980e-03, PNorm = 44.6348, GNorm = 0.3515, lr_0 = 2.9928e-04
Loss = 2.5309e-03, PNorm = 44.6473, GNorm = 0.6097, lr_0 = 2.9778e-04
Validation rmse = 0.776997
Epoch 22
Loss = 1.9136e-03, PNorm = 44.6543, GNorm = 0.5480, lr_0 = 2.9630e-04
Loss = 1.9072e-03, PNorm = 44.6664, GNorm = 0.6898, lr_0 = 2.9482e-04
Loss = 3.9498e-03, PNorm = 44.6732, GNorm = 0.5298, lr_0 = 2.9334e-04
Loss = 1.9971e-03, PNorm = 44.6840, GNorm = 0.6376, lr_0 = 2.9188e-04
Loss = 2.6419e-03, PNorm = 44.7002, GNorm = 0.8327, lr_0 = 2.9042e-04
Loss = 2.6315e-03, PNorm = 44.7126, GNorm = 0.4754, lr_0 = 2.8897e-04
Loss = 2.3584e-03, PNorm = 44.7237, GNorm = 0.3580, lr_0 = 2.8753e-04
Loss = 3.1090e-03, PNorm = 44.7367, GNorm = 0.4495, lr_0 = 2.8609e-04
Loss = 2.4855e-03, PNorm = 44.7527, GNorm = 0.8130, lr_0 = 2.8466e-04
Loss = 1.8090e-03, PNorm = 44.7625, GNorm = 0.7228, lr_0 = 2.8324e-04
Loss = 2.8112e-03, PNorm = 44.7740, GNorm = 0.6893, lr_0 = 2.8182e-04
Loss = 1.6944e-03, PNorm = 44.7891, GNorm = 0.6184, lr_0 = 2.8042e-04
Validation rmse = 0.790677
Epoch 23
Loss = 1.9716e-03, PNorm = 44.8010, GNorm = 0.3573, lr_0 = 2.7902e-04
Loss = 2.3163e-03, PNorm = 44.8093, GNorm = 0.7520, lr_0 = 2.7762e-04
Loss = 2.8397e-03, PNorm = 44.8187, GNorm = 0.4714, lr_0 = 2.7624e-04
Loss = 2.0368e-03, PNorm = 44.8354, GNorm = 0.3145, lr_0 = 2.7486e-04
Loss = 2.5937e-03, PNorm = 44.8509, GNorm = 0.7811, lr_0 = 2.7348e-04
Loss = 2.2816e-03, PNorm = 44.8631, GNorm = 1.0482, lr_0 = 2.7212e-04
Loss = 2.8630e-03, PNorm = 44.8712, GNorm = 1.6030, lr_0 = 2.7076e-04
Loss = 2.3652e-03, PNorm = 44.8802, GNorm = 0.9240, lr_0 = 2.6940e-04
Loss = 1.7685e-03, PNorm = 44.8901, GNorm = 0.7932, lr_0 = 2.6806e-04
Loss = 2.6806e-03, PNorm = 44.8987, GNorm = 0.5606, lr_0 = 2.6672e-04
Loss = 2.7057e-03, PNorm = 44.9108, GNorm = 0.4517, lr_0 = 2.6539e-04
Loss = 2.0757e-03, PNorm = 44.9198, GNorm = 0.4526, lr_0 = 2.6406e-04
Validation rmse = 0.776912
Epoch 24
Loss = 1.8311e-03, PNorm = 44.9306, GNorm = 0.5886, lr_0 = 2.6274e-04
Loss = 3.2377e-03, PNorm = 44.9415, GNorm = 0.6765, lr_0 = 2.6143e-04
Loss = 2.2230e-03, PNorm = 44.9553, GNorm = 0.6389, lr_0 = 2.6012e-04
Loss = 2.0890e-03, PNorm = 44.9697, GNorm = 0.7500, lr_0 = 2.5882e-04
Loss = 2.3952e-03, PNorm = 44.9798, GNorm = 0.8671, lr_0 = 2.5753e-04
Loss = 2.8066e-03, PNorm = 44.9894, GNorm = 0.9170, lr_0 = 2.5625e-04
Loss = 1.8200e-03, PNorm = 44.9948, GNorm = 0.5605, lr_0 = 2.5497e-04
Loss = 2.4997e-03, PNorm = 44.9991, GNorm = 0.6070, lr_0 = 2.5369e-04
Loss = 1.8056e-03, PNorm = 45.0073, GNorm = 1.0514, lr_0 = 2.5242e-04
Loss = 2.3597e-03, PNorm = 45.0203, GNorm = 0.6544, lr_0 = 2.5116e-04
Loss = 1.9254e-03, PNorm = 45.0325, GNorm = 0.6907, lr_0 = 2.4991e-04
Loss = 3.1200e-03, PNorm = 45.0423, GNorm = 0.8099, lr_0 = 2.4866e-04
Validation rmse = 0.810636
Epoch 25
Loss = 1.8938e-03, PNorm = 45.0498, GNorm = 0.5537, lr_0 = 2.4742e-04
Loss = 2.5067e-03, PNorm = 45.0589, GNorm = 0.5457, lr_0 = 2.4618e-04
Loss = 2.1342e-03, PNorm = 45.0659, GNorm = 0.6993, lr_0 = 2.4495e-04
Loss = 2.3231e-03, PNorm = 45.0747, GNorm = 0.6777, lr_0 = 2.4373e-04
Loss = 1.8119e-03, PNorm = 45.0861, GNorm = 0.4447, lr_0 = 2.4251e-04
Loss = 2.5102e-03, PNorm = 45.0932, GNorm = 0.4121, lr_0 = 2.4130e-04
Loss = 1.7494e-03, PNorm = 45.1025, GNorm = 0.8388, lr_0 = 2.4009e-04
Loss = 2.5014e-03, PNorm = 45.1113, GNorm = 0.7907, lr_0 = 2.3890e-04
Loss = 2.5389e-03, PNorm = 45.1210, GNorm = 1.3052, lr_0 = 2.3770e-04
Loss = 1.9316e-03, PNorm = 45.1302, GNorm = 0.6077, lr_0 = 2.3651e-04
Loss = 2.7373e-03, PNorm = 45.1419, GNorm = 0.4963, lr_0 = 2.3533e-04
Loss = 2.2442e-03, PNorm = 45.1489, GNorm = 1.1245, lr_0 = 2.3416e-04
Validation rmse = 0.807779
Epoch 26
Loss = 2.1658e-03, PNorm = 45.1556, GNorm = 0.5492, lr_0 = 2.3299e-04
Loss = 1.5290e-03, PNorm = 45.1646, GNorm = 0.3673, lr_0 = 2.3182e-04
Loss = 2.5929e-03, PNorm = 45.1719, GNorm = 0.7223, lr_0 = 2.3067e-04
Loss = 1.8689e-03, PNorm = 45.1772, GNorm = 0.4119, lr_0 = 2.2951e-04
Loss = 2.3954e-03, PNorm = 45.1897, GNorm = 0.3679, lr_0 = 2.2837e-04
Loss = 2.6706e-03, PNorm = 45.2016, GNorm = 0.9321, lr_0 = 2.2723e-04
Loss = 1.8677e-03, PNorm = 45.2076, GNorm = 0.6121, lr_0 = 2.2609e-04
Loss = 2.1658e-03, PNorm = 45.2148, GNorm = 1.1229, lr_0 = 2.2496e-04
Loss = 2.0848e-03, PNorm = 45.2207, GNorm = 0.6274, lr_0 = 2.2384e-04
Loss = 3.4448e-03, PNorm = 45.2307, GNorm = 0.5441, lr_0 = 2.2272e-04
Loss = 1.8189e-03, PNorm = 45.2391, GNorm = 0.4257, lr_0 = 2.2161e-04
Loss = 2.0581e-03, PNorm = 45.2468, GNorm = 0.6343, lr_0 = 2.2050e-04
Validation rmse = 0.792729
Epoch 27
Loss = 1.0662e-03, PNorm = 45.2542, GNorm = 0.4417, lr_0 = 2.1940e-04
Loss = 1.4736e-03, PNorm = 45.2637, GNorm = 0.6044, lr_0 = 2.1830e-04
Loss = 1.9963e-03, PNorm = 45.2688, GNorm = 0.4505, lr_0 = 2.1721e-04
Loss = 1.6439e-03, PNorm = 45.2756, GNorm = 0.6003, lr_0 = 2.1613e-04
Loss = 2.0525e-03, PNorm = 45.2830, GNorm = 0.6949, lr_0 = 2.1505e-04
Loss = 2.5574e-03, PNorm = 45.2923, GNorm = 0.4643, lr_0 = 2.1397e-04
Loss = 1.8338e-03, PNorm = 45.3023, GNorm = 0.6660, lr_0 = 2.1291e-04
Loss = 3.8424e-03, PNorm = 45.3092, GNorm = 1.4029, lr_0 = 2.1184e-04
Loss = 1.9099e-03, PNorm = 45.3209, GNorm = 0.6345, lr_0 = 2.1078e-04
Loss = 2.6928e-03, PNorm = 45.3287, GNorm = 1.4689, lr_0 = 2.0973e-04
Loss = 1.8844e-03, PNorm = 45.3352, GNorm = 0.3860, lr_0 = 2.0868e-04
Loss = 2.4908e-03, PNorm = 45.3458, GNorm = 0.5609, lr_0 = 2.0764e-04
Validation rmse = 0.805404
Epoch 28
Loss = 1.6833e-03, PNorm = 45.3503, GNorm = 0.4295, lr_0 = 2.0660e-04
Loss = 2.2669e-03, PNorm = 45.3563, GNorm = 0.5588, lr_0 = 2.0557e-04
Loss = 2.1218e-03, PNorm = 45.3600, GNorm = 1.3450, lr_0 = 2.0454e-04
Loss = 2.5101e-03, PNorm = 45.3708, GNorm = 0.4601, lr_0 = 2.0352e-04
Loss = 1.7626e-03, PNorm = 45.3809, GNorm = 0.4472, lr_0 = 2.0251e-04
Loss = 1.9878e-03, PNorm = 45.3872, GNorm = 0.6086, lr_0 = 2.0149e-04
Loss = 2.0591e-03, PNorm = 45.3937, GNorm = 0.6112, lr_0 = 2.0049e-04
Loss = 1.7179e-03, PNorm = 45.3985, GNorm = 0.7157, lr_0 = 1.9949e-04
Loss = 1.5729e-03, PNorm = 45.4020, GNorm = 0.5257, lr_0 = 1.9849e-04
Loss = 1.9707e-03, PNorm = 45.4062, GNorm = 0.6633, lr_0 = 1.9750e-04
Loss = 1.7704e-03, PNorm = 45.4133, GNorm = 0.6955, lr_0 = 1.9651e-04
Loss = 3.4913e-03, PNorm = 45.4196, GNorm = 0.4245, lr_0 = 1.9553e-04
Validation rmse = 0.792875
Epoch 29
Loss = 1.8069e-03, PNorm = 45.4281, GNorm = 0.5671, lr_0 = 1.9455e-04
Loss = 1.8283e-03, PNorm = 45.4358, GNorm = 0.9246, lr_0 = 1.9358e-04
Loss = 2.8986e-03, PNorm = 45.4434, GNorm = 0.5835, lr_0 = 1.9261e-04
Loss = 1.8212e-03, PNorm = 45.4513, GNorm = 0.3903, lr_0 = 1.9165e-04
Loss = 2.0472e-03, PNorm = 45.4581, GNorm = 0.6838, lr_0 = 1.9069e-04
Loss = 1.7644e-03, PNorm = 45.4638, GNorm = 0.2300, lr_0 = 1.8974e-04
Loss = 2.1731e-03, PNorm = 45.4683, GNorm = 1.0877, lr_0 = 1.8879e-04
Loss = 3.1357e-03, PNorm = 45.4770, GNorm = 1.3134, lr_0 = 1.8785e-04
Loss = 1.9819e-03, PNorm = 45.4846, GNorm = 0.7594, lr_0 = 1.8691e-04
Loss = 2.0586e-03, PNorm = 45.4881, GNorm = 0.5209, lr_0 = 1.8598e-04
Loss = 1.8497e-03, PNorm = 45.4925, GNorm = 0.3859, lr_0 = 1.8505e-04
Loss = 1.7579e-03, PNorm = 45.4973, GNorm = 0.8344, lr_0 = 1.8413e-04
Loss = 1.8298e-03, PNorm = 45.5017, GNorm = 0.7646, lr_0 = 1.8321e-04
Validation rmse = 0.807915
Epoch 30
Loss = 2.0970e-03, PNorm = 45.5065, GNorm = 0.4090, lr_0 = 1.8229e-04
Loss = 1.6595e-03, PNorm = 45.5109, GNorm = 0.4900, lr_0 = 1.8138e-04
Loss = 3.0396e-03, PNorm = 45.5177, GNorm = 0.6179, lr_0 = 1.8047e-04
Loss = 2.5367e-03, PNorm = 45.5259, GNorm = 0.9676, lr_0 = 1.7957e-04
Loss = 2.2307e-03, PNorm = 45.5348, GNorm = 1.6711, lr_0 = 1.7868e-04
Loss = 1.8735e-03, PNorm = 45.5376, GNorm = 0.8819, lr_0 = 1.7778e-04
Loss = 1.7987e-03, PNorm = 45.5439, GNorm = 0.6310, lr_0 = 1.7690e-04
Loss = 2.4848e-03, PNorm = 45.5507, GNorm = 1.4745, lr_0 = 1.7601e-04
Loss = 1.5404e-03, PNorm = 45.5562, GNorm = 0.4988, lr_0 = 1.7513e-04
Loss = 2.3977e-03, PNorm = 45.5616, GNorm = 0.9381, lr_0 = 1.7426e-04
Loss = 1.5619e-03, PNorm = 45.5682, GNorm = 1.1626, lr_0 = 1.7339e-04
Loss = 1.8035e-03, PNorm = 45.5748, GNorm = 0.5522, lr_0 = 1.7252e-04
Validation rmse = 0.810401
Epoch 31
Loss = 2.5868e-03, PNorm = 45.5778, GNorm = 0.5735, lr_0 = 1.7166e-04
Loss = 1.7934e-03, PNorm = 45.5822, GNorm = 0.5566, lr_0 = 1.7080e-04
Loss = 1.8907e-03, PNorm = 45.5883, GNorm = 0.6226, lr_0 = 1.6995e-04
Loss = 1.8595e-03, PNorm = 45.5952, GNorm = 0.8220, lr_0 = 1.6910e-04
Loss = 2.7148e-03, PNorm = 45.5995, GNorm = 0.9229, lr_0 = 1.6825e-04
Loss = 2.0680e-03, PNorm = 45.6044, GNorm = 1.2258, lr_0 = 1.6741e-04
Loss = 1.6908e-03, PNorm = 45.6122, GNorm = 0.3155, lr_0 = 1.6658e-04
Loss = 1.3471e-03, PNorm = 45.6181, GNorm = 0.4156, lr_0 = 1.6575e-04
Loss = 2.0637e-03, PNorm = 45.6227, GNorm = 0.3690, lr_0 = 1.6492e-04
Loss = 2.0512e-03, PNorm = 45.6261, GNorm = 0.4923, lr_0 = 1.6409e-04
Loss = 2.5820e-03, PNorm = 45.6320, GNorm = 0.3578, lr_0 = 1.6327e-04
Loss = 1.9325e-03, PNorm = 45.6373, GNorm = 0.5720, lr_0 = 1.6246e-04
Validation rmse = 0.837109
Epoch 32
Loss = 1.5609e-03, PNorm = 45.6420, GNorm = 0.5616, lr_0 = 1.6165e-04
Loss = 2.0082e-03, PNorm = 45.6474, GNorm = 0.6685, lr_0 = 1.6084e-04
Loss = 2.5389e-03, PNorm = 45.6526, GNorm = 0.4991, lr_0 = 1.6004e-04
Loss = 1.6022e-03, PNorm = 45.6594, GNorm = 0.5534, lr_0 = 1.5924e-04
Loss = 2.5676e-03, PNorm = 45.6638, GNorm = 0.4426, lr_0 = 1.5844e-04
Loss = 2.1170e-03, PNorm = 45.6689, GNorm = 1.5973, lr_0 = 1.5765e-04
Loss = 2.0891e-03, PNorm = 45.6735, GNorm = 0.7035, lr_0 = 1.5686e-04
Loss = 1.6402e-03, PNorm = 45.6807, GNorm = 0.4584, lr_0 = 1.5608e-04
Loss = 2.0364e-03, PNorm = 45.6888, GNorm = 1.6977, lr_0 = 1.5530e-04
Loss = 2.0858e-03, PNorm = 45.6947, GNorm = 0.5665, lr_0 = 1.5452e-04
Loss = 1.6515e-03, PNorm = 45.6977, GNorm = 0.3268, lr_0 = 1.5375e-04
Loss = 1.8131e-03, PNorm = 45.7007, GNorm = 0.5678, lr_0 = 1.5298e-04
Validation rmse = 0.838141
Epoch 33
Loss = 2.0885e-03, PNorm = 45.7061, GNorm = 0.8109, lr_0 = 1.5222e-04
Loss = 1.8164e-03, PNorm = 45.7120, GNorm = 0.4781, lr_0 = 1.5146e-04
Loss = 1.5370e-03, PNorm = 45.7172, GNorm = 0.4803, lr_0 = 1.5070e-04
Loss = 1.8133e-03, PNorm = 45.7221, GNorm = 0.6987, lr_0 = 1.4995e-04
Loss = 1.5135e-03, PNorm = 45.7246, GNorm = 0.8664, lr_0 = 1.4920e-04
Loss = 1.9537e-03, PNorm = 45.7279, GNorm = 0.6808, lr_0 = 1.4846e-04
Loss = 1.9369e-03, PNorm = 45.7306, GNorm = 0.9556, lr_0 = 1.4771e-04
Loss = 1.9152e-03, PNorm = 45.7337, GNorm = 0.5757, lr_0 = 1.4698e-04
Loss = 2.2705e-03, PNorm = 45.7400, GNorm = 0.4640, lr_0 = 1.4624e-04
Loss = 2.1129e-03, PNorm = 45.7454, GNorm = 0.5339, lr_0 = 1.4551e-04
Loss = 2.5750e-03, PNorm = 45.7489, GNorm = 0.8040, lr_0 = 1.4478e-04
Loss = 2.0827e-03, PNorm = 45.7547, GNorm = 0.3890, lr_0 = 1.4406e-04
Validation rmse = 0.828735
Epoch 34
Loss = 1.6226e-03, PNorm = 45.7614, GNorm = 0.4511, lr_0 = 1.4334e-04
Loss = 2.1064e-03, PNorm = 45.7669, GNorm = 0.9472, lr_0 = 1.4263e-04
Loss = 2.4672e-03, PNorm = 45.7709, GNorm = 1.0279, lr_0 = 1.4191e-04
Loss = 2.6535e-03, PNorm = 45.7749, GNorm = 0.8020, lr_0 = 1.4120e-04
Loss = 1.9962e-03, PNorm = 45.7796, GNorm = 0.7789, lr_0 = 1.4050e-04
Loss = 1.9681e-03, PNorm = 45.7854, GNorm = 0.5230, lr_0 = 1.3980e-04
Loss = 1.6926e-03, PNorm = 45.7881, GNorm = 0.6610, lr_0 = 1.3910e-04
Loss = 1.7475e-03, PNorm = 45.7927, GNorm = 0.5452, lr_0 = 1.3840e-04
Loss = 1.6131e-03, PNorm = 45.7962, GNorm = 0.4327, lr_0 = 1.3771e-04
Loss = 1.9602e-03, PNorm = 45.8001, GNorm = 0.7681, lr_0 = 1.3702e-04
Loss = 1.8425e-03, PNorm = 45.8046, GNorm = 0.8755, lr_0 = 1.3634e-04
Loss = 1.6001e-03, PNorm = 45.8056, GNorm = 0.4061, lr_0 = 1.3566e-04
Validation rmse = 0.847769
Epoch 35
Loss = 1.4136e-03, PNorm = 45.8082, GNorm = 0.5801, lr_0 = 1.3498e-04
Loss = 1.5440e-03, PNorm = 45.8146, GNorm = 0.5533, lr_0 = 1.3431e-04
Loss = 1.7185e-03, PNorm = 45.8184, GNorm = 0.4070, lr_0 = 1.3364e-04
Loss = 1.6644e-03, PNorm = 45.8231, GNorm = 0.5771, lr_0 = 1.3297e-04
Loss = 1.8531e-03, PNorm = 45.8283, GNorm = 0.6313, lr_0 = 1.3230e-04
Loss = 1.8418e-03, PNorm = 45.8319, GNorm = 0.9473, lr_0 = 1.3164e-04
Loss = 2.7857e-03, PNorm = 45.8358, GNorm = 0.8862, lr_0 = 1.3099e-04
Loss = 1.8451e-03, PNorm = 45.8393, GNorm = 1.2794, lr_0 = 1.3033e-04
Loss = 2.1287e-03, PNorm = 45.8427, GNorm = 0.5677, lr_0 = 1.2968e-04
Loss = 1.8968e-03, PNorm = 45.8460, GNorm = 0.4978, lr_0 = 1.2903e-04
Loss = 1.6995e-03, PNorm = 45.8476, GNorm = 1.3335, lr_0 = 1.2839e-04
Loss = 2.5644e-03, PNorm = 45.8498, GNorm = 0.7645, lr_0 = 1.2775e-04
Validation rmse = 0.861655
Epoch 36
Loss = 2.2841e-03, PNorm = 45.8545, GNorm = 1.7019, lr_0 = 1.2711e-04
Loss = 1.5016e-03, PNorm = 45.8586, GNorm = 0.5043, lr_0 = 1.2647e-04
Loss = 1.5029e-03, PNorm = 45.8625, GNorm = 0.6515, lr_0 = 1.2584e-04
Loss = 1.9208e-03, PNorm = 45.8664, GNorm = 0.5990, lr_0 = 1.2521e-04
Loss = 1.8683e-03, PNorm = 45.8699, GNorm = 0.6337, lr_0 = 1.2459e-04
Loss = 1.7474e-03, PNorm = 45.8727, GNorm = 0.6173, lr_0 = 1.2397e-04
Loss = 1.8746e-03, PNorm = 45.8763, GNorm = 0.8630, lr_0 = 1.2335e-04
Loss = 1.6839e-03, PNorm = 45.8794, GNorm = 0.5855, lr_0 = 1.2273e-04
Loss = 2.2703e-03, PNorm = 45.8827, GNorm = 0.5444, lr_0 = 1.2212e-04
Loss = 1.8286e-03, PNorm = 45.8874, GNorm = 1.1741, lr_0 = 1.2151e-04
Loss = 2.2643e-03, PNorm = 45.8913, GNorm = 0.5680, lr_0 = 1.2090e-04
Loss = 2.4285e-03, PNorm = 45.8951, GNorm = 0.6322, lr_0 = 1.2030e-04
Validation rmse = 0.831059
Epoch 37
Loss = 1.5248e-03, PNorm = 45.8985, GNorm = 0.4935, lr_0 = 1.1970e-04
Loss = 2.0687e-03, PNorm = 45.9009, GNorm = 0.4879, lr_0 = 1.1910e-04
Loss = 1.5316e-03, PNorm = 45.9054, GNorm = 0.5167, lr_0 = 1.1850e-04
Loss = 1.8528e-03, PNorm = 45.9086, GNorm = 0.7126, lr_0 = 1.1791e-04
Loss = 1.6069e-03, PNorm = 45.9105, GNorm = 0.4343, lr_0 = 1.1732e-04
Loss = 2.3621e-03, PNorm = 45.9130, GNorm = 2.6136, lr_0 = 1.1674e-04
Loss = 1.6181e-03, PNorm = 45.9162, GNorm = 0.5315, lr_0 = 1.1615e-04
Loss = 1.5412e-03, PNorm = 45.9196, GNorm = 0.8003, lr_0 = 1.1557e-04
Loss = 1.8583e-03, PNorm = 45.9235, GNorm = 0.8699, lr_0 = 1.1499e-04
Loss = 2.7979e-03, PNorm = 45.9280, GNorm = 0.5185, lr_0 = 1.1442e-04
Loss = 1.4381e-03, PNorm = 45.9349, GNorm = 0.3604, lr_0 = 1.1385e-04
Loss = 1.9962e-03, PNorm = 45.9382, GNorm = 0.3735, lr_0 = 1.1328e-04
Validation rmse = 0.820440
Epoch 38
Loss = 3.2571e-03, PNorm = 45.9404, GNorm = 1.4501, lr_0 = 1.1271e-04
Loss = 1.4282e-03, PNorm = 45.9428, GNorm = 0.3572, lr_0 = 1.1215e-04
Loss = 1.4231e-03, PNorm = 45.9454, GNorm = 0.4597, lr_0 = 1.1159e-04
Loss = 1.8951e-03, PNorm = 45.9487, GNorm = 0.4338, lr_0 = 1.1103e-04
Loss = 1.4412e-03, PNorm = 45.9509, GNorm = 0.7749, lr_0 = 1.1048e-04
Loss = 2.0678e-03, PNorm = 45.9540, GNorm = 0.5757, lr_0 = 1.0993e-04
Loss = 2.6659e-03, PNorm = 45.9571, GNorm = 0.4745, lr_0 = 1.0938e-04
Loss = 1.7104e-03, PNorm = 45.9595, GNorm = 0.4137, lr_0 = 1.0883e-04
Loss = 1.6587e-03, PNorm = 45.9616, GNorm = 0.8692, lr_0 = 1.0829e-04
Loss = 2.1106e-03, PNorm = 45.9657, GNorm = 0.7301, lr_0 = 1.0775e-04
Loss = 1.6877e-03, PNorm = 45.9687, GNorm = 0.5180, lr_0 = 1.0721e-04
Loss = 2.1586e-03, PNorm = 45.9727, GNorm = 0.4431, lr_0 = 1.0667e-04
Validation rmse = 0.851877
Epoch 39
Loss = 1.2359e-03, PNorm = 45.9751, GNorm = 0.4687, lr_0 = 1.0614e-04
Loss = 1.8565e-03, PNorm = 45.9778, GNorm = 0.7946, lr_0 = 1.0561e-04
Loss = 1.3942e-03, PNorm = 45.9813, GNorm = 0.5706, lr_0 = 1.0508e-04
Loss = 1.8036e-03, PNorm = 45.9832, GNorm = 0.3970, lr_0 = 1.0456e-04
Loss = 2.2962e-03, PNorm = 45.9849, GNorm = 0.7770, lr_0 = 1.0404e-04
Loss = 2.3444e-03, PNorm = 45.9880, GNorm = 1.3421, lr_0 = 1.0352e-04
Loss = 1.6717e-03, PNorm = 45.9927, GNorm = 0.8081, lr_0 = 1.0300e-04
Loss = 1.6052e-03, PNorm = 45.9985, GNorm = 1.0817, lr_0 = 1.0248e-04
Loss = 2.3412e-03, PNorm = 46.0016, GNorm = 0.4457, lr_0 = 1.0197e-04
Loss = 2.1380e-03, PNorm = 46.0038, GNorm = 0.7596, lr_0 = 1.0146e-04
Loss = 1.4887e-03, PNorm = 46.0055, GNorm = 0.4006, lr_0 = 1.0096e-04
Loss = 1.4329e-03, PNorm = 46.0075, GNorm = 0.8172, lr_0 = 1.0045e-04
Loss = 1.4725e-03, PNorm = 46.0103, GNorm = 0.5795, lr_0 = 1.0000e-04
Validation rmse = 0.841539
Model 0 best validation rmse = 0.755490 on epoch 14
Loading pretrained parameter "encoder.encoder.cached_zero_vector".
Loading pretrained parameter "encoder.encoder.W_i.weight".
Loading pretrained parameter "encoder.encoder.W_h.weight".
Loading pretrained parameter "encoder.encoder.W_o.weight".
Loading pretrained parameter "encoder.encoder.W_o.bias".
Loading pretrained parameter "ffn.1.weight".
Loading pretrained parameter "ffn.1.bias".
Loading pretrained parameter "ffn.4.weight".
Loading pretrained parameter "ffn.4.bias".
Loading pretrained parameter "ffn.7.weight".
Loading pretrained parameter "ffn.7.bias".
Model 0 test rmse = 0.773515
Ensemble test rmse = 0.773515
1-fold cross validation
Seed 5 ==> test rmse = 0.773515
Overall test rmse = 0.773515 +/- 0.000000
